VALID BALLOTS 103617
Winner 4
Winner 0
Computing AG relationships
10 AG 11 = 180
10 AG 16 = 300
4 AG 13 = 58
4 AG 9 = 58
4 AG 11 = 99
4 AG 7 = 90
4 AG 15 = 154
4 AG 5 = 15
4 AG 16 = 15
4 AG 12 = 61
4 AG 8 = 59
4 AG 10 = 106
4 AG 6 = 99
6 AG 7 = 108
6 AG 16 = 157
0 AG 13 = 81
0 AG 11 = 153
0 AG 1 = 15
0 AG 16 = 16
0 AG 12 = 87
0 AG 10 = 174
2 AG 3 = 66
2 AG 16 = 75
Ruling out candidates: [(13, 81), (11, 153), (7, 108), (16, 16), (12, 87), (10, 174)]
STAGE 1 ASN (Ruling out candidates): 174
ALTERNATE OUTCOME PAIR: 9,3
   (1) can we show that 1 NL 3?
        a. margin -0.009846564459452312
      no
   (1) can we show that 1 NL 9?
        a. margin -0.11222838541910274
      no
   (1) can we show that 15 NL 3?
        a. margin -0.01014277206668679
      no
   (1) can we show that 15 NL 9?
        a. margin -0.15804078934650223
      no
   (1) can we show that 5 NL 3?
        a. margin -0.008783335048219154
      no
   (1) can we show that 5 NL 9?
        a. margin -0.23232653926621816
      no
   (1) can we show that 8 NL 3?
        a. margin 0.00300572771973151
      yes, 7374, ags used 66 = 7374
   (1) can we show that 8 NL 9?
        a. margin 0.0075766787955868775
      yes, 802, ags used 58 = 802
   (1) can we show that 4 NL 3?
        a. margin 0.30971467412486153
      yes, 14, ags used 66 = 66
   (1) can we show that 4 NL 9?
        a. margin 0.07924332987237892
      yes, 56, ags used 15 = 56
   (1) can we show that 6 NL 3?
        a. margin 0.0479295088254279
      yes, 96, ags used 66 = 96
   (1) can we show that 6 NL 9?
        a. margin -0.06954642820395485
      no
   (1) can we show that 0 NL 3?
        a. margin 0.29807839212274745
      yes, 15, ags used 66 = 66
   (1) can we show that 0 NL 9?
        a. margin 0.19401910071370243
      yes, 23, ags used 58 = 58
   (1) can we show that 0 NL 3?
        a. margin 0.29807839212274745
      yes, 15, ags used 66 = 66
   (1) can we show that 0 NL 9?
        a. margin 0.19401910071370243
      yes, 23, ags used 58 = 58
   (1) can we show that 2 NL 3?
        a. margin 0.06904755223387249
      yes, 66, ags used 0 = 66
   (1) can we show that 2 NL 9?
        a. margin -0.030606040764404097
      no
      Best assertion(s) require sample: 56

ALTERNATE OUTCOME PAIR: 9,1
   (1) can we show that 3 NL 1?
        a. margin -0.006884488387102539
      no
   (1) can we show that 3 NL 9?
        a. margin -0.12045983892542278
      no
   (1) can we show that 15 NL 1?
        a. margin -0.00561859061302461
      no
   (1) can we show that 15 NL 9?
        a. margin -0.15797531187542835
      no
   (1) can we show that 5 NL 1?
        a. margin -0.004040895357646845
      no
   (1) can we show that 5 NL 9?
        a. margin -0.232298477492902
      no
   (1) can we show that 8 NL 1?
        a. margin 0.007738813485864693
      yes, 785, ags used 15 = 785
   (1) can we show that 8 NL 9?
        a. margin 0.007626566392593848
      yes, 797, ags used 58 = 797
   (1) can we show that 4 NL 1?
        a. margin 0.31238677853960173
      yes, 14, ags used 15 = 15
   (1) can we show that 4 NL 9?
        a. margin 0.07932751519232895
      yes, 56, ags used 15 = 56
   (1) can we show that 6 NL 1?
        a. margin 0.05266883054118732
      yes, 87, ags used 15 = 87
   (1) can we show that 6 NL 9?
        a. margin -0.06947159680844406
      no
   (1) can we show that 0 NL 1?
        a. margin 0.2903894662338924
      yes, 15, ags used 0 = 15
   (1) can we show that 0 NL 9?
        a. margin 0.192990169025413
      yes, 23, ags used 58 = 58
   (1) can we show that 0 NL 1?
        a. margin 0.2903894662338924
      yes, 15, ags used 0 = 15
   (1) can we show that 0 NL 9?
        a. margin 0.192990169025413
      yes, 23, ags used 58 = 58
   (1) can we show that 2 NL 1?
        a. margin 0.0816847041509603
      yes, 56, ags used 15 = 56
   (1) can we show that 2 NL 9?
        a. margin -0.02998244580180398
      no
      Best assertion(s) require sample: 15

ALTERNATE OUTCOME PAIR: 9,15
   (1) can we show that 3 NL 15?
        a. margin -0.19537541975735884
      no
   (1) can we show that 3 NL 9?
        a. margin -0.12034447385734803
      no
   (1) can we show that 1 NL 15?
        a. margin -0.18339304255100197
      no
   (1) can we show that 1 NL 9?
        a. margin -0.11214420009915382
      no
   (1) can we show that 5 NL 15?
        a. margin -0.28176202992632304
      no
   (1) can we show that 5 NL 9?
        a. margin -0.2322828876188373
      no
   (1) can we show that 8 NL 15?
        a. margin -0.20544024245372128
      no
   (1) can we show that 8 NL 9?
        a. margin 0.007595386644463575
      yes, 800, ags used 58 = 800
   (1) can we show that 4 NL 15?
        a. margin 0.029916968330728988
      yes, 98, ags used 106 = 106
   (1) can we show that 4 NL 9?
        a. margin 0.07928386354494732
      yes, 56, ags used 15 = 56
   (1) can we show that 6 NL 15?
        a. margin -0.14429052042117563
      no
   (1) can we show that 6 NL 9?
        a. margin -0.06947159680844583
      no
   (1) can we show that 0 NL 15?
        a. margin 0.12378983602570393
      yes, 37, ags used 154 = 154
   (1) can we show that 0 NL 9?
        a. margin 0.19412199388252604
      yes, 23, ags used 58 = 58
   (1) can we show that 0 NL 15?
        a. margin 0.12378983602570393
      yes, 37, ags used 154 = 154
   (1) can we show that 0 NL 9?
        a. margin 0.19412199388252604
      yes, 23, ags used 58 = 58
   (1) can we show that 2 NL 15?
        a. margin -0.1050009198025702
      no
   (1) can we show that 2 NL 9?
        a. margin -0.02986396275891612
      no
      Best assertion(s) require sample: 56

ALTERNATE OUTCOME PAIR: 9,5
   (1) can we show that 3 NL 5?
        a. margin -0.009210497597600065
      no
   (1) can we show that 3 NL 9?
        a. margin -0.12045048500098898
      no
   (1) can we show that 1 NL 5?
        a. margin -0.007879122352449364
      no
   (1) can we show that 1 NL 9?
        a. margin -0.1122564471924209
      no
   (1) can we show that 15 NL 5?
        a. margin -0.01018642371406886
      no
   (1) can we show that 15 NL 9?
        a. margin -0.15807508706944462
      no
   (1) can we show that 8 NL 5?
        a. margin 0.003782103448168428
      yes, 4112, ags used 15 = 4112
   (1) can we show that 8 NL 9?
        a. margin 0.007576678795584657
      yes, 802, ags used 58 = 802
   (1) can we show that 4 NL 5?
        a. margin 0.2994222392671524
      yes, 15, ags used 15 = 15
   (1) can we show that 4 NL 9?
        a. margin 0.0792059141746233
      yes, 57, ags used 58 = 58
   (1) can we show that 6 NL 5?
        a. margin 0.04881189569750699
      yes, 94, ags used 15 = 94
   (1) can we show that 6 NL 9?
        a. margin -0.06954019225433272
      no
   (1) can we show that 0 NL 5?
        a. margin 0.29790066755840683
      yes, 15, ags used 15 = 15
   (1) can we show that 0 NL 9?
        a. margin 0.19402845463813656
      yes, 23, ags used 58 = 58
   (1) can we show that 0 NL 5?
        a. margin 0.29790066755840683
      yes, 15, ags used 15 = 15
   (1) can we show that 0 NL 9?
        a. margin 0.19402845463813656
      yes, 23, ags used 58 = 58
   (1) can we show that 2 NL 5?
        a. margin 0.07935869494046277
      yes, 57, ags used 15 = 57
   (1) can we show that 2 NL 9?
        a. margin -0.029976209852183078
      no
      Best assertion(s) require sample: 15

ALTERNATE OUTCOME PAIR: 9,8
   (1) can we show that 3 NL 8?
        a. margin -0.12233062381322224
      no
   (1) can we show that 3 NL 9?
        a. margin -0.11540248377873996
      no
   (1) can we show that 1 NL 8?
        a. margin -0.1143454903171296
      no
   (1) can we show that 1 NL 9?
        a. margin -0.10719285609610096
      no
   (1) can we show that 15 NL 8?
        a. margin -0.1599801696801888
      no
   (1) can we show that 15 NL 9?
        a. margin -0.15304267572125496
      no
   (1) can we show that 5 NL 8?
        a. margin -0.2345184755597557
      no
   (1) can we show that 5 NL 9?
        a. margin -0.22734089754023679
      no
   (1) can we show that 4 NL 8?
        a. margin 0.07717299459654847
      yes, 58, ags used 58 = 58
   (1) can we show that 4 NL 9?
        a. margin 0.08421649969909661
      yes, 53, ags used 15 = 53
   (1) can we show that 6 NL 8?
        a. margin -0.07120207282965696
      no
   (1) can we show that 6 NL 9?
        a. margin -0.0645140168557754
      no
   (1) can we show that 0 NL 8?
        a. margin 0.19327390473339623
      yes, 23, ags used 59 = 59
   (1) can we show that 0 NL 9?
        a. margin 0.1990608659863109
      yes, 22, ags used 58 = 58
   (1) can we show that 0 NL 8?
        a. margin 0.19327390473339623
      yes, 23, ags used 59 = 59
   (1) can we show that 0 NL 9?
        a. margin 0.1990608659863109
      yes, 22, ags used 58 = 58
   (1) can we show that 2 NL 8?
        a. margin -0.031176630155183016
      no
   (1) can we show that 2 NL 9?
        a. margin -0.02492820862993894
      no
      Best assertion(s) require sample: 53

ALTERNATE OUTCOME PAIR: 9,4
   (1) can we show that 3 NL 4?
        a. margin -0.5435534311753827
      no
   (1) can we show that 3 NL 9?
        a. margin -0.2772565563215772
      no
   (1) can we show that 1 NL 4?
        a. margin -0.5091839948116896
      no
   (1) can we show that 1 NL 9?
        a. margin -0.30174513050287544
      no
   (1) can we show that 15 NL 4?
        a. margin -0.6330611341321581
      no
   (1) can we show that 15 NL 9?
        a. margin -0.369779340922472
      no
   (1) can we show that 5 NL 4?
        a. margin -0.8571343940683647
      no
   (1) can we show that 5 NL 9?
        a. margin -0.23722799567226005
      no
   (1) can we show that 8 NL 4?
        a. margin -0.687529036140446
      no
   (1) can we show that 8 NL 9?
        a. margin -0.0004146906501433234
      no
   (1) can we show that 6 NL 4?
        a. margin -0.6119306188244609
      no
   (1) can we show that 6 NL 9?
        a. margin -0.23910501650970772
      no
   (1) can we show that 0 NL 4?
        a. margin -0.1857907651821995
      no
   (1) can we show that 0 NL 9?
        a. margin 0.006011455439415725
      yes, 389, ags used 174 = 389
   (1) can we show that 0 NL 4?
        a. margin -0.1857907651821995
      no
   (1) can we show that 0 NL 9?
        a. margin 0.006011455439415725
      yes, 389, ags used 174 = 389
   (1) can we show that 2 NL 4?
        a. margin -0.4466935436095544
      no
   (1) can we show that 2 NL 9?
        a. margin -0.18532930490991562
      no
      Best assertion(s) require sample: 389

ALTERNATE OUTCOME PAIR: 9,6
   (1) can we show that 3 NL 6?
        a. margin -0.1548012135157979
      no
   (1) can we show that 3 NL 9?
        a. margin -0.1115954365320736
      no
   (1) can we show that 1 NL 6?
        a. margin -0.14721829877058212
      no
   (1) can we show that 1 NL 9?
        a. margin -0.10372878607886371
      no
   (1) can we show that 15 NL 6?
        a. margin -0.20545583232778608
      no
   (1) can we show that 15 NL 9?
        a. margin -0.15139638501999042
      no
   (1) can we show that 5 NL 6?
        a. margin -0.26501226923088983
      no
   (1) can we show that 5 NL 9?
        a. margin -0.2220528122573957
      no
   (1) can we show that 8 NL 6?
        a. margin -0.18112939283676455
      no
   (1) can we show that 8 NL 9?
        a. margin 0.0076234484177803985
      yes, 797, ags used 58 = 797
   (1) can we show that 4 NL 6?
        a. margin 0.04661060547952811
      yes, 93, ags used 90 = 93
   (1) can we show that 4 NL 9?
        a. margin 0.089554472578949
      yes, 50, ags used 15 = 50
   (1) can we show that 0 NL 6?
        a. margin 0.16193202191312617
      yes, 28, ags used 99 = 99
   (1) can we show that 0 NL 9?
        a. margin 0.20251246410429813
      yes, 22, ags used 58 = 58
   (1) can we show that 0 NL 6?
        a. margin 0.16193202191312617
      yes, 28, ags used 99 = 99
   (1) can we show that 0 NL 9?
        a. margin 0.20251246410429813
      yes, 22, ags used 58 = 58
   (1) can we show that 2 NL 6?
        a. margin -0.06293320362558197
      no
   (1) can we show that 2 NL 9?
        a. margin -0.02112427935808503
      no
      Best assertion(s) require sample: 50

ALTERNATE OUTCOME PAIR: 9,0
   (1) can we show that 3 NL 0?
        a. margin -0.5462598333130662
      no
   (1) can we show that 3 NL 9?
        a. margin -0.11266178391813508
      no
   (1) can we show that 1 NL 0?
        a. margin -0.8485100757356081
      no
   (1) can we show that 1 NL 9?
        a. margin -0.111838638567482
      no
   (1) can we show that 15 NL 0?
        a. margin -0.5407004842214881
      no
   (1) can we show that 15 NL 9?
        a. margin -0.13554771904556084
      no
   (1) can we show that 5 NL 0?
        a. margin -0.4567521303562906
      no
   (1) can we show that 5 NL 9?
        a. margin -0.2029988681751923
      no
   (1) can we show that 8 NL 0?
        a. margin -0.5724196419941319
      no
   (1) can we show that 8 NL 9?
        a. margin 0.0002712638087079
      yes, 730, ags used 58 = 730
   (1) can we show that 4 NL 0?
        a. margin -0.1168398701675295
      no
   (1) can we show that 4 NL 9?
        a. margin 0.1087674333766191
      yes, 41, ags used 15 = 41
   (1) can we show that 6 NL 0?
        a. margin -0.5062936321600391
      no
   (1) can we show that 6 NL 9?
        a. margin -0.05248487002726587
      no
   (1) can we show that 2 NL 0?
        a. margin -0.4503509280652028
      no
   (1) can we show that 2 NL 9?
        a. margin -0.022209334593022656
      no
      Best assertion(s) require sample: 41

ALTERNATE OUTCOME PAIR: 9,0
   (1) can we show that 3 NL 0?
        a. margin -0.5462598333130662
      no
   (1) can we show that 3 NL 9?
        a. margin -0.11266178391813508
      no
   (1) can we show that 1 NL 0?
        a. margin -0.8485100757356081
      no
   (1) can we show that 1 NL 9?
        a. margin -0.111838638567482
      no
   (1) can we show that 15 NL 0?
        a. margin -0.5407004842214881
      no
   (1) can we show that 15 NL 9?
        a. margin -0.13554771904556084
      no
   (1) can we show that 5 NL 0?
        a. margin -0.4567521303562906
      no
   (1) can we show that 5 NL 9?
        a. margin -0.2029988681751923
      no
   (1) can we show that 8 NL 0?
        a. margin -0.5724196419941319
      no
   (1) can we show that 8 NL 9?
        a. margin 0.0002712638087079
      yes, 730, ags used 58 = 730
   (1) can we show that 4 NL 0?
        a. margin -0.1168398701675295
      no
   (1) can we show that 4 NL 9?
        a. margin 0.1087674333766191
      yes, 41, ags used 15 = 41
   (1) can we show that 6 NL 0?
        a. margin -0.5062936321600391
      no
   (1) can we show that 6 NL 9?
        a. margin -0.05248487002726587
      no
   (1) can we show that 2 NL 0?
        a. margin -0.4503509280652028
      no
   (1) can we show that 2 NL 9?
        a. margin -0.022209334593022656
      no
      Best assertion(s) require sample: 41

ALTERNATE OUTCOME PAIR: 9,2
   (1) can we show that 3 NL 2?
        a. margin -0.838217640877897
      no
   (1) can we show that 3 NL 9?
        a. margin -0.12035070980697093
      no
   (1) can we show that 1 NL 2?
        a. margin -0.3845866033094183
      no
   (1) can we show that 1 NL 9?
        a. margin -0.10789440042902954
      no
   (1) can we show that 15 NL 2?
        a. margin -0.5096735168573305
      no
   (1) can we show that 15 NL 9?
        a. margin -0.15038304320576423
      no
   (1) can we show that 5 NL 2?
        a. margin -0.41455345923715603
      no
   (1) can we show that 5 NL 9?
        a. margin -0.22203098643370733
      no
   (1) can we show that 8 NL 2?
        a. margin -0.6069293872244099
      no
   (1) can we show that 8 NL 9?
        a. margin 0.007791819057678673
      yes, 779, ags used 58 = 779
   (1) can we show that 4 NL 2?
        a. margin -0.07366527293192604
      no
   (1) can we show that 4 NL 9?
        a. margin 0.08962618599964545
      yes, 50, ags used 15 = 50
   (1) can we show that 6 NL 2?
        a. margin -0.5386176770464046
      no
   (1) can we show that 6 NL 9?
        a. margin -0.06356303453781842
      no
   (1) can we show that 0 NL 2?
        a. margin -0.05834978065047269
      no
   (1) can we show that 0 NL 9?
        a. margin 0.19837491152744957
      yes, 23, ags used 58 = 58
   (1) can we show that 0 NL 2?
        a. margin -0.05834978065047269
      no
   (1) can we show that 0 NL 9?
        a. margin 0.19837491152744957
      yes, 23, ags used 58 = 58
      Best assertion(s) require sample: 50

ALTERNATE OUTCOME PAIR: 3,1
   (1) can we show that 9 NL 1?
        a. margin -0.007520555248953453
      no
   (1) can we show that 9 NL 3?
        a. margin -0.012465663302368313
      no
   (1) can we show that 15 NL 1?
        a. margin -0.005596764789332798
      no
   (1) can we show that 15 NL 3?
        a. margin -0.009980637376407975
      no
   (1) can we show that 5 NL 1?
        a. margin -0.004015951559142139
      no
   (1) can we show that 5 NL 3?
        a. margin -0.008630554282379688
      no
   (1) can we show that 8 NL 1?
        a. margin 0.007785583108060878
      yes, 780, ags used 15 = 780
   (1) can we show that 8 NL 3?
        a. margin 0.00317409835963689
      yes, 6162, ags used 66 = 6162
   (1) can we show that 4 NL 1?
        a. margin 0.31239301448922685
      yes, 14, ags used 15 = 15
   (1) can we show that 4 NL 3?
        a. margin 0.3112798974809827
      yes, 14, ags used 66 = 66
   (1) can we show that 6 NL 1?
        a. margin 0.05271248218857005
      yes, 87, ags used 15 = 87
   (1) can we show that 6 NL 3?
        a. margin 0.0480760536416418
      yes, 95, ags used 66 = 95
   (1) can we show that 0 NL 1?
        a. margin 0.29041752800720944
      yes, 15, ags used 0 = 15
   (1) can we show that 0 NL 3?
        a. margin 0.2971024660062773
      yes, 15, ags used 66 = 66
   (1) can we show that 0 NL 1?
        a. margin 0.29041752800720944
      yes, 15, ags used 0 = 15
   (1) can we show that 0 NL 3?
        a. margin 0.2971024660062773
      yes, 15, ags used 66 = 66
   (1) can we show that 2 NL 1?
        a. margin 0.08169405807539931
      yes, 56, ags used 15 = 56
   (1) can we show that 2 NL 3?
        a. margin 0.06921280489895931
      yes, 66, ags used 0 = 66
      Best assertion(s) require sample: 15

ALTERNATE OUTCOME PAIR: 3,15
   (1) can we show that 9 NL 15?
        a. margin -0.22085239195437711
      no
   (1) can we show that 9 NL 3?
        a. margin -0.012599736219329416
      no
   (1) can we show that 1 NL 15?
        a. margin -0.18336498077768448
      no
   (1) can we show that 1 NL 3?
        a. margin -0.009721845466932555
      no
   (1) can we show that 5 NL 15?
        a. margin -0.281727732203381
      no
   (1) can we show that 5 NL 3?
        a. margin -0.00875215530008866
      no
   (1) can we show that 8 NL 15?
        a. margin -0.20539659080633876
      no
   (1) can we show that 8 NL 3?
        a. margin 0.003049379367115135
      yes, 7266, ags used 66 = 7266
   (1) can we show that 4 NL 15?
        a. margin 0.02996685592773618
      yes, 101, ags used 99 = 101
   (1) can we show that 4 NL 3?
        a. margin 0.31116765038771876
      yes, 14, ags used 66 = 66
   (1) can we show that 6 NL 15?
        a. margin -0.14427493054711027
      no
   (1) can we show that 6 NL 3?
        a. margin 0.047954452623933275
      yes, 96, ags used 66 = 96
   (1) can we show that 0 NL 15?
        a. margin 0.12381477982420708
      yes, 37, ags used 154 = 154
   (1) can we show that 0 NL 3?
        a. margin 0.29817504934194705
      yes, 15, ags used 66 = 66
   (1) can we show that 0 NL 15?
        a. margin 0.12381477982420708
      yes, 37, ags used 154 = 154
   (1) can we show that 0 NL 3?
        a. margin 0.29817504934194705
      yes, 15, ags used 66 = 66
   (1) can we show that 2 NL 15?
        a. margin -0.10560892489110507
      no
   (1) can we show that 2 NL 3?
        a. margin 0.06919721502489429
      yes, 66, ags used 0 = 66
      Best assertion(s) require sample: 66

ALTERNATE OUTCOME PAIR: 3,5
   (1) can we show that 9 NL 5?
        a. margin -0.011290186797871637
      no
   (1) can we show that 9 NL 3?
        a. margin -0.0125061969749376
      no
   (1) can we show that 1 NL 5?
        a. margin -0.007819880831001713
      no
   (1) can we show that 1 NL 3?
        a. margin -0.009709373567679647
      no
   (1) can we show that 15 NL 5?
        a. margin -0.010108474343743068
      no
   (1) can we show that 15 NL 3?
        a. margin -0.010049232822294862
      no
   (1) can we show that 8 NL 5?
        a. margin 0.0038662887681191194
      yes, 4022, ags used 15 = 4022
   (1) can we show that 8 NL 3?
        a. margin 0.00315539051075886
      yes, 6405, ags used 66 = 6405
   (1) can we show that 4 NL 5?
        a. margin 0.29950018863747885
      yes, 15, ags used 15 = 15
   (1) can we show that 4 NL 3?
        a. margin 0.30927815765104083
      yes, 14, ags used 66 = 66
   (1) can we show that 6 NL 5?
        a. margin 0.048868019244141525
      yes, 94, ags used 15 = 94
   (1) can we show that 6 NL 3?
        a. margin 0.048047991868324536
      yes, 96, ags used 66 = 96
   (1) can we show that 0 NL 5?
        a. margin 0.2979412012309748
      yes, 15, ags used 15 = 15
   (1) can we show that 0 NL 3?
        a. margin 0.2982249369389538
      yes, 15, ags used 66 = 66
   (1) can we show that 0 NL 5?
        a. margin 0.2979412012309748
      yes, 15, ags used 15 = 15
   (1) can we show that 0 NL 3?
        a. margin 0.2982249369389538
      yes, 15, ags used 66 = 66
   (1) can we show that 2 NL 5?
        a. margin 0.0793805207641538
      yes, 57, ags used 15 = 57
   (1) can we show that 2 NL 3?
        a. margin 0.06926892844559207
      yes, 66, ags used 0 = 66
      Best assertion(s) require sample: 15

ALTERNATE OUTCOME PAIR: 3,8
   (1) can we show that 9 NL 8?
        a. margin -0.23413184668294318
      no
   (1) can we show that 9 NL 3?
        a. margin -0.012630915967460465
      no
   (1) can we show that 1 NL 8?
        a. margin -0.11432366449343845
      no
   (1) can we show that 1 NL 3?
        a. margin -0.009824738635757613
      no
   (1) can we show that 15 NL 8?
        a. margin -0.15993340005799295
      no
   (1) can we show that 15 NL 3?
        a. margin -0.010133418142244777
      no
   (1) can we show that 5 NL 8?
        a. margin -0.2344654699879355
      no
   (1) can we show that 5 NL 3?
        a. margin -0.008773981123776364
      no
   (1) can we show that 4 NL 8?
        a. margin 0.0772415900424337
      yes, 58, ags used 58 = 58
   (1) can we show that 4 NL 3?
        a. margin 0.30967414045228825
      yes, 14, ags used 66 = 66
   (1) can we show that 6 NL 8?
        a. margin -0.07118960093040572
      no
   (1) can we show that 6 NL 3?
        a. margin 0.04793886274986914
      yes, 96, ags used 66 = 96
   (1) can we show that 0 NL 8?
        a. margin 0.1932894946074606
      yes, 23, ags used 59 = 59
   (1) can we show that 0 NL 3?
        a. margin 0.29808462807236924
      yes, 15, ags used 66 = 66
   (1) can we show that 0 NL 8?
        a. margin 0.1932894946074606
      yes, 23, ags used 59 = 59
   (1) can we show that 0 NL 3?
        a. margin 0.29808462807236924
      yes, 15, ags used 66 = 66
   (1) can we show that 2 NL 8?
        a. margin -0.03181893296666072
      no
   (1) can we show that 2 NL 3?
        a. margin 0.06906937805756308
      yes, 66, ags used 0 = 66
      Best assertion(s) require sample: 58

ALTERNATE OUTCOME PAIR: 3,4
   (1) can we show that 9 NL 4?
        a. margin -0.7045188808964806
      no
   (1) can we show that 9 NL 3?
        a. margin -0.011863894163438582
      no
   (1) can we show that 1 NL 4?
        a. margin -0.50908110164286
      no
   (1) can we show that 1 NL 3?
        a. margin -0.008923643914843904
      no
   (1) can we show that 15 NL 4?
        a. margin -0.6328989994418812
      no
   (1) can we show that 15 NL 3?
        a. margin -0.009534766978128495
      no
   (1) can we show that 5 NL 4?
        a. margin -0.8570127930506575
      no
   (1) can we show that 5 NL 3?
        a. margin -0.008343700599578008
      no
   (1) can we show that 8 NL 4?
        a. margin -0.6873575475257316
      no
   (1) can we show that 8 NL 3?
        a. margin 0.0036916821786128207
      yes, 4395, ags used 66 = 4395
   (1) can we show that 6 NL 4?
        a. margin -0.61180589983194
      no
   (1) can we show that 6 NL 3?
        a. margin 0.04857181163693025
      yes, 94, ags used 66 = 94
   (1) can we show that 0 NL 4?
        a. margin -0.18571905176150139
      no
   (1) can we show that 0 NL 3?
        a. margin 0.2988641217755834
      yes, 15, ags used 66 = 66
   (1) can we show that 0 NL 4?
        a. margin -0.18571905176150139
      no
   (1) can we show that 0 NL 3?
        a. margin 0.2988641217755834
      yes, 15, ags used 66 = 66
   (1) can we show that 2 NL 4?
        a. margin -0.4472267173025769
      no
   (1) can we show that 2 NL 3?
        a. margin 0.07038204545381754
      yes, 65, ags used 0 = 65
      Best assertion(s) require sample: 65

ALTERNATE OUTCOME PAIR: 3,6
   (1) can we show that 9 NL 6?
        a. margin -0.1975922998494004
      no
   (1) can we show that 9 NL 3?
        a. margin -0.012493725075683026
      no
   (1) can we show that 1 NL 6?
        a. margin -0.14713411345063054
      no
   (1) can we show that 1 NL 3?
        a. margin -0.009668839895106363
      no
   (1) can we show that 15 NL 6?
        a. margin -0.2053404672597039
      no
   (1) can we show that 15 NL 3?
        a. margin -0.009996227250467227
      no
   (1) can we show that 5 NL 6?
        a. margin -0.26489066821318463
      no
   (1) can we show that 5 NL 3?
        a. margin -0.008608728458680659
      no
   (1) can we show that 8 NL 6?
        a. margin -0.18102026371830837
      no
   (1) can we show that 8 NL 3?
        a. margin 0.003142918611509282
      yes, 6432, ags used 66 = 6432
   (1) can we show that 4 NL 6?
        a. margin 0.04674467839648555
      yes, 90, ags used 90 = 90
   (1) can we show that 4 NL 3?
        a. margin 0.31129548735503754
      yes, 14, ags used 66 = 66
   (1) can we show that 0 NL 6?
        a. margin 0.16200373533382417
      yes, 28, ags used 99 = 99
   (1) can we show that 0 NL 3?
        a. margin 0.29822181896413236
      yes, 15, ags used 66 = 66
   (1) can we show that 0 NL 6?
        a. margin 0.16200373533382417
      yes, 28, ags used 99 = 99
   (1) can we show that 0 NL 3?
        a. margin 0.29822181896413236
      yes, 15, ags used 66 = 66
   (1) can we show that 2 NL 6?
        a. margin -0.06352561884005214
      no
   (1) can we show that 2 NL 3?
        a. margin 0.0692876362944701
      yes, 66, ags used 0 = 66
      Best assertion(s) require sample: 66

ALTERNATE OUTCOME PAIR: 3,0
   (1) can we show that 9 NL 0?
        a. margin -0.5896433348611396
      no
   (1) can we show that 9 NL 3?
        a. margin -0.010794428802556544
      no
   (1) can we show that 1 NL 0?
        a. margin -0.8483323511712668
      no
   (1) can we show that 1 NL 3?
        a. margin -0.008976649486624133
      no
   (1) can we show that 15 NL 0?
        a. margin -0.540507169783081
      no
   (1) can we show that 15 NL 3?
        a. margin -0.008278223128459494
      no
   (1) can we show that 5 NL 0?
        a. margin -0.4566024675652657
      no
   (1) can we show that 5 NL 3?
        a. margin -0.0070715668759507855
      no
   (1) can we show that 8 NL 0?
        a. margin -0.5722076197068466
      no
   (1) can we show that 8 NL 3?
        a. margin 0.004792327287625797
      yes, 1845, ags used 66 = 1845
   (1) can we show that 4 NL 0?
        a. margin -0.10849928754275806
      no
   (1) can we show that 4 NL 3?
        a. margin 0.31267986817194715
      yes, 14, ags used 66 = 66
   (1) can we show that 6 NL 0?
        a. margin -0.5061377334193882
      no
   (1) can we show that 6 NL 3?
        a. margin 0.0496755747207549
      yes, 92, ags used 66 = 92
   (1) can we show that 2 NL 0?
        a. margin -0.45088410175822524
      no
   (1) can we show that 2 NL 3?
        a. margin 0.07125196042663262
      yes, 64, ags used 0 = 64
      Best assertion(s) require sample: 64

ALTERNATE OUTCOME PAIR: 3,0
   (1) can we show that 9 NL 0?
        a. margin -0.5896433348611396
      no
   (1) can we show that 9 NL 3?
        a. margin -0.010794428802556544
      no
   (1) can we show that 1 NL 0?
        a. margin -0.8483323511712668
      no
   (1) can we show that 1 NL 3?
        a. margin -0.008976649486624133
      no
   (1) can we show that 15 NL 0?
        a. margin -0.540507169783081
      no
   (1) can we show that 15 NL 3?
        a. margin -0.008278223128459494
      no
   (1) can we show that 5 NL 0?
        a. margin -0.4566024675652657
      no
   (1) can we show that 5 NL 3?
        a. margin -0.0070715668759507855
      no
   (1) can we show that 8 NL 0?
        a. margin -0.5722076197068466
      no
   (1) can we show that 8 NL 3?
        a. margin 0.004792327287625797
      yes, 1845, ags used 66 = 1845
   (1) can we show that 4 NL 0?
        a. margin -0.10849928754275806
      no
   (1) can we show that 4 NL 3?
        a. margin 0.31267986817194715
      yes, 14, ags used 66 = 66
   (1) can we show that 6 NL 0?
        a. margin -0.5061377334193882
      no
   (1) can we show that 6 NL 3?
        a. margin 0.0496755747207549
      yes, 92, ags used 66 = 92
   (1) can we show that 2 NL 0?
        a. margin -0.45088410175822524
      no
   (1) can we show that 2 NL 3?
        a. margin 0.07125196042663262
      yes, 64, ags used 0 = 64
      Best assertion(s) require sample: 64

ALTERNATE OUTCOME PAIR: 3,2
   (1) can we show that 9 NL 2?
        a. margin -0.6243619844038882
      no
   (1) can we show that 9 NL 3?
        a. margin -0.5887422401401672
      no
   (1) can we show that 1 NL 2?
        a. margin -0.38436834507250706
      no
   (1) can we show that 1 NL 3?
        a. margin -0.34224762332369685
      no
   (1) can we show that 15 NL 2?
        a. margin -0.509439668746354
      no
   (1) can we show that 15 NL 3?
        a. margin -0.4734956551020755
      no
   (1) can we show that 5 NL 2?
        a. margin -0.4143320830254317
      no
   (1) can we show that 5 NL 3?
        a. margin -0.3773154860454858
      no
   (1) can we show that 8 NL 2?
        a. margin -0.6066612413904904
      no
   (1) can we show that 8 NL 3?
        a. margin -0.5688308529843538
      no
   (1) can we show that 4 NL 2?
        a. margin -0.06529351055902488
      no
   (1) can we show that 4 NL 3?
        a. margin -0.029290255393353726
      no
   (1) can we show that 6 NL 2?
        a. margin -0.5383775929858021
      no
   (1) can we show that 6 NL 3?
        a. margin -0.5003476541916301
      no
   (1) can we show that 0 NL 2?
        a. margin -0.05815646621206916
      no
   (1) can we show that 0 NL 3?
        a. margin -0.023135373112490365
      no
   (1) can we show that 0 NL 2?
        a. margin -0.05815646621206916
      no
   (1) can we show that 0 NL 3?
        a. margin -0.023135373112490365
      no

ALTERNATE OUTCOME PAIR: 1,15
   (1) can we show that 9 NL 15?
        a. margin -0.22076197068479886
      no
   (1) can we show that 9 NL 1?
        a. margin -0.007536145123018256
      no
   (1) can we show that 3 NL 15?
        a. margin -0.19534112203441523
      no
   (1) can we show that 3 NL 1?
        a. margin -0.006797185092336733
      no
   (1) can we show that 5 NL 15?
        a. margin -0.28162795700936627
      no
   (1) can we show that 5 NL 1?
        a. margin -0.004025305483581154
      no
   (1) can we show that 8 NL 15?
        a. margin -0.2052905796626957
      no
   (1) can we show that 8 NL 1?
        a. margin 0.0077918190576873325
      yes, 779, ags used 15 = 779
   (1) can we show that 4 NL 15?
        a. margin 0.030091574920254605
      yes, 100, ags used 99 = 100
   (1) can we show that 4 NL 1?
        a. margin 0.3123805425899753
      yes, 14, ags used 15 = 15
   (1) can we show that 6 NL 15?
        a. margin -0.1442032171264106
      no
   (1) can we show that 6 NL 1?
        a. margin 0.0527156001633835
      yes, 87, ags used 15 = 87
   (1) can we show that 0 NL 15?
        a. margin 0.12277961218629119
      yes, 37, ags used 154 = 154
   (1) can we show that 0 NL 1?
        a. margin 0.2905640728234229
      yes, 15, ags used 0 = 15
   (1) can we show that 0 NL 15?
        a. margin 0.12277961218629119
      yes, 37, ags used 154 = 154
   (1) can we show that 0 NL 1?
        a. margin 0.2905640728234229
      yes, 15, ags used 0 = 15
   (1) can we show that 2 NL 15?
        a. margin -0.10495415018037546
      no
   (1) can we show that 2 NL 1?
        a. margin 0.08176577149609976
      yes, 56, ags used 15 = 56
      Best assertion(s) require sample: 15

ALTERNATE OUTCOME PAIR: 1,5
   (1) can we show that 9 NL 5?
        a. margin -0.011196647553482264
      no
   (1) can we show that 9 NL 1?
        a. margin -0.007383364357179567
      no
   (1) can we show that 3 NL 5?
        a. margin -0.009129430252461046
      no
   (1) can we show that 3 NL 1?
        a. margin -0.006706763822758699
      no
   (1) can we show that 15 NL 5?
        a. margin -0.010042996872668852
      no
   (1) can we show that 15 NL 1?
        a. margin -0.005490753645689628
      no
   (1) can we show that 8 NL 5?
        a. margin 0.003959828012509492
      yes, 3590, ags used 15 = 3590
   (1) can we show that 8 NL 1?
        a. margin 0.007910302100582856
      yes, 768, ags used 15 = 768
   (1) can we show that 4 NL 5?
        a. margin 0.2996093177559358
      yes, 15, ags used 15 = 15
   (1) can we show that 4 NL 1?
        a. margin 0.3105253475762402
      yes, 14, ags used 15 = 15
   (1) can we show that 6 NL 5?
        a. margin 0.048967794438158796
      yes, 94, ags used 15 = 94
   (1) can we show that 6 NL 1?
        a. margin 0.052846555105531046
      yes, 87, ags used 15 = 87
   (1) can we show that 0 NL 5?
        a. margin 0.29699021891300936
      yes, 15, ags used 15 = 15
   (1) can we show that 0 NL 1?
        a. margin 0.2906576120678128
      yes, 15, ags used 0 = 15
   (1) can we show that 0 NL 5?
        a. margin 0.29699021891300936
      yes, 15, ags used 15 = 15
   (1) can we show that 0 NL 1?
        a. margin 0.2906576120678128
      yes, 15, ags used 0 = 15
   (1) can we show that 2 NL 5?
        a. margin 0.07942417241153632
      yes, 57, ags used 15 = 57
   (1) can we show that 2 NL 1?
        a. margin 0.08183436694198654
      yes, 56, ags used 15 = 56
      Best assertion(s) require sample: 15

ALTERNATE OUTCOME PAIR: 1,8
   (1) can we show that 9 NL 8?
        a. margin -0.23407572313630953
      no
   (1) can we show that 9 NL 1?
        a. margin -0.007570442845962533
      no
   (1) can we show that 3 NL 8?
        a. margin -0.12233997773766148
      no
   (1) can we show that 3 NL 1?
        a. margin -0.006878252437472532
      no
   (1) can we show that 15 NL 8?
        a. margin -0.15989910233504923
      no
   (1) can we show that 15 NL 1?
        a. margin -0.005631062512273521
      no
   (1) can we show that 5 NL 8?
        a. margin -0.23441870036574142
      no
   (1) can we show that 5 NL 1?
        a. margin -0.004044013332456076
      no
   (1) can we show that 4 NL 8?
        a. margin 0.07729459561425367
      yes, 58, ags used 58 = 58
   (1) can we show that 4 NL 1?
        a. margin 0.31236183474109414
      yes, 14, ags used 15 = 15
   (1) can we show that 6 NL 8?
        a. margin -0.07114283130821186
      no
   (1) can we show that 6 NL 1?
        a. margin 0.052665712566377865
      yes, 87, ags used 15 = 87
   (1) can we show that 0 NL 8?
        a. margin 0.1921982034229115
      yes, 23, ags used 59 = 59
   (1) can we show that 0 NL 1?
        a. margin 0.29039258420870495
      yes, 15, ags used 0 = 15
   (1) can we show that 0 NL 8?
        a. margin 0.1921982034229115
      yes, 23, ags used 59 = 59
   (1) can we show that 0 NL 1?
        a. margin 0.29039258420870495
      yes, 15, ags used 0 = 15
   (1) can we show that 2 NL 8?
        a. margin -0.03121092787812585
      no
   (1) can we show that 2 NL 1?
        a. margin 0.08167846820133873
      yes, 56, ags used 15 = 56
      Best assertion(s) require sample: 15

ALTERNATE OUTCOME PAIR: 1,4
   (1) can we show that 9 NL 4?
        a. margin -0.7043286844328884
      no
   (1) can we show that 9 NL 1?
        a. margin -0.006934375984086083
      no
   (1) can we show that 3 NL 4?
        a. margin -0.5433850605354794
      no
   (1) can we show that 3 NL 1?
        a. margin -0.006292073172607049
      no
   (1) can we show that 15 NL 4?
        a. margin -0.6327524546256691
      no
   (1) can we show that 15 NL 1?
        a. margin -0.0051415404666129705
      no
   (1) can we show that 5 NL 4?
        a. margin -0.8568756021588853
      no
   (1) can we show that 5 NL 1?
        a. margin -0.0037103900274604307
      no
   (1) can we show that 8 NL 4?
        a. margin -0.6871735870117648
      no
   (1) can we show that 8 NL 1?
        a. margin 0.008337464649982973
      yes, 727, ags used 15 = 727
   (1) can we show that 6 NL 4?
        a. margin -0.611650001091289
      no
   (1) can we show that 6 NL 1?
        a. margin 0.053189532334980694
      yes, 86, ags used 15 = 86
   (1) can we show that 0 NL 4?
        a. margin -0.1868072249712388
      no
   (1) can we show that 0 NL 1?
        a. margin 0.2916273022346667
      yes, 15, ags used 0 = 15
   (1) can we show that 0 NL 4?
        a. margin -0.1868072249712388
      no
   (1) can we show that 0 NL 1?
        a. margin 0.2916273022346667
      yes, 15, ags used 0 = 15
   (1) can we show that 2 NL 4?
        a. margin -0.4465688246170335
      no
   (1) can we show that 2 NL 1?
        a. margin 0.08222723176844471
      yes, 55, ags used 15 = 55
      Best assertion(s) require sample: 15

ALTERNATE OUTCOME PAIR: 1,6
   (1) can we show that 9 NL 6?
        a. margin -0.19752682237832642
      no
   (1) can we show that 9 NL 1?
        a. margin -0.007483139551192175
      no
   (1) can we show that 3 NL 6?
        a. margin -0.15473261806991312
      no
   (1) can we show that 3 NL 1?
        a. margin -0.006756651419760895
      no
   (1) can we show that 15 NL 6?
        a. margin -0.2052656358641909
      no
   (1) can we show that 15 NL 1?
        a. margin -0.005528169343439582
      no
   (1) can we show that 5 NL 6?
        a. margin -0.2648283087169263
      no
   (1) can we show that 5 NL 1?
        a. margin -0.003947356113246925
      no
   (1) can we show that 8 NL 6?
        a. margin -0.18094543232279525
      no
   (1) can we show that 8 NL 1?
        a. margin 0.007835470705074732
      yes, 775, ags used 15 = 775
   (1) can we show that 4 NL 6?
        a. margin 0.0468382176408737
      yes, 90, ags used 90 = 90
   (1) can we show that 4 NL 1?
        a. margin 0.3124584919602911
      yes, 14, ags used 15 = 15
   (1) can we show that 0 NL 6?
        a. margin 0.1609249160485262
      yes, 28, ags used 99 = 99
   (1) can we show that 0 NL 1?
        a. margin 0.290567190798235
      yes, 15, ags used 0 = 15
   (1) can we show that 0 NL 6?
        a. margin 0.1609249160485262
      yes, 28, ags used 99 = 99
   (1) can we show that 0 NL 1?
        a. margin 0.290567190798235
      yes, 15, ags used 0 = 15
   (1) can we show that 2 NL 6?
        a. margin -0.06289890590263969
      no
   (1) can we show that 2 NL 1?
        a. margin 0.08176577149610798
      yes, 56, ags used 15 = 56
      Best assertion(s) require sample: 15

ALTERNATE OUTCOME PAIR: 1,0
   (1) can we show that 9 NL 0?
        a. margin -0.5893720710524066
      no
   (1) can we show that 9 NL 1?
        a. margin -0.4797659024509774
      no
   (1) can we show that 3 NL 0?
        a. margin -0.5458513786125605
      no
   (1) can we show that 3 NL 1?
        a. margin -0.4332613081150941
      no
   (1) can we show that 15 NL 0?
        a. margin -0.540251495848413
      no
   (1) can we show that 15 NL 1?
        a. margin -0.42994066493924576
      no
   (1) can we show that 5 NL 0?
        a. margin -0.45634991160541083
      no
   (1) can we show that 5 NL 1?
        a. margin -0.3442150654307392
      no
   (1) can we show that 8 NL 0?
        a. margin -0.5719332379233006
      no
   (1) can we show that 8 NL 1?
        a. margin -0.4608148515375692
      no
   (1) can we show that 4 NL 0?
        a. margin -0.10826232145697368
      no
   (1) can we show that 4 NL 1?
        a. margin 0.002163874520121567
      yes, 9042, ags used 154 = 9042
   (1) can we show that 6 NL 0?
        a. margin -0.505844643786964
      no
   (1) can we show that 6 NL 1?
        a. margin -0.3944144599199323
      no
   (1) can we show that 2 NL 0?
        a. margin -0.4499705351380142
      no
   (1) can we show that 2 NL 1?
        a. margin -0.3358152412845081
      no
      Best assertion(s) require sample: 9042

ALTERNATE OUTCOME PAIR: 1,0
   (1) can we show that 9 NL 0?
        a. margin -0.5893720710524066
      no
   (1) can we show that 9 NL 1?
        a. margin -0.4797659024509774
      no
   (1) can we show that 3 NL 0?
        a. margin -0.5458513786125605
      no
   (1) can we show that 3 NL 1?
        a. margin -0.4332613081150941
      no
   (1) can we show that 15 NL 0?
        a. margin -0.540251495848413
      no
   (1) can we show that 15 NL 1?
        a. margin -0.42994066493924576
      no
   (1) can we show that 5 NL 0?
        a. margin -0.45634991160541083
      no
   (1) can we show that 5 NL 1?
        a. margin -0.3442150654307392
      no
   (1) can we show that 8 NL 0?
        a. margin -0.5719332379233006
      no
   (1) can we show that 8 NL 1?
        a. margin -0.4608148515375692
      no
   (1) can we show that 4 NL 0?
        a. margin -0.10826232145697368
      no
   (1) can we show that 4 NL 1?
        a. margin 0.002163874520121567
      yes, 9042, ags used 154 = 9042
   (1) can we show that 6 NL 0?
        a. margin -0.505844643786964
      no
   (1) can we show that 6 NL 1?
        a. margin -0.3944144599199323
      no
   (1) can we show that 2 NL 0?
        a. margin -0.4499705351380142
      no
   (1) can we show that 2 NL 1?
        a. margin -0.3358152412845081
      no
      Best assertion(s) require sample: 9042

ALTERNATE OUTCOME PAIR: 1,2
   (1) can we show that 9 NL 2?
        a. margin -0.6241031924944073
      no
   (1) can we show that 9 NL 1?
        a. margin -0.007211875742453855
      no
   (1) can we show that 3 NL 2?
        a. margin -0.8378341299758978
      no
   (1) can we show that 3 NL 1?
        a. margin -0.0066537582509366144
      no
   (1) can we show that 15 NL 2?
        a. margin -0.5092120565850033
      no
   (1) can we show that 15 NL 1?
        a. margin -0.005256905534701706
      no
   (1) can we show that 5 NL 2?
        a. margin -0.41413253263739813
      no
   (1) can we show that 5 NL 1?
        a. margin -0.00371974395189012
      no
   (1) can we show that 8 NL 2?
        a. margin -0.6064055674558224
      no
   (1) can we show that 8 NL 1?
        a. margin 0.008075554765682336
      yes, 752, ags used 15 = 752
   (1) can we show that 4 NL 2?
        a. margin -0.06510019612062201
      no
   (1) can we show that 4 NL 1?
        a. margin 0.31267675019719054
      yes, 14, ags used 15 = 15
   (1) can we show that 6 NL 2?
        a. margin -0.5381375089251993
      no
   (1) can we show that 6 NL 1?
        a. margin 0.05294321232474419
      yes, 87, ags used 15 = 87
   (1) can we show that 0 NL 2?
        a. margin -0.05932570676694371
      no
   (1) can we show that 0 NL 1?
        a. margin 0.29083533663215677
      yes, 15, ags used 0 = 15
   (1) can we show that 0 NL 2?
        a. margin -0.05932570676694371
      no
   (1) can we show that 0 NL 1?
        a. margin 0.29083533663215677
      yes, 15, ags used 0 = 15
      Best assertion(s) require sample: 15

ALTERNATE OUTCOME PAIR: 15,5
   (1) can we show that 9 NL 5?
        a. margin -0.011280832873433844
      no
   (1) can we show that 9 NL 15?
        a. margin -0.2208274481558694
      no
   (1) can we show that 3 NL 5?
        a. margin -0.0090920145547021
      no
   (1) can we show that 3 NL 15?
        a. margin -0.1953380040595989
      no
   (1) can we show that 1 NL 5?
        a. margin -0.007773111208803529
      no
   (1) can we show that 1 NL 15?
        a. margin -0.18335250887842913
      no
   (1) can we show that 8 NL 5?
        a. margin 0.0038725247177460176
      yes, 4015, ags used 15 = 4015
   (1) can we show that 8 NL 15?
        a. margin -0.2053498211841397
      no
   (1) can we show that 4 NL 5?
        a. margin 0.29953448636042257
      yes, 15, ags used 15 = 15
   (1) can we show that 4 NL 15?
        a. margin 0.03000115365067879
      yes, 105, ags used 99 = 105
   (1) can we show that 6 NL 5?
        a. margin 0.04890543494190025
      yes, 94, ags used 15 = 94
   (1) can we show that 6 NL 15?
        a. margin -0.14422816092491164
      no
   (1) can we show that 0 NL 5?
        a. margin 0.29799420680278943
      yes, 15, ags used 15 = 15
   (1) can we show that 0 NL 15?
        a. margin 0.12384907754714347
      yes, 37, ags used 154 = 154
   (1) can we show that 0 NL 5?
        a. margin 0.29799420680278943
      yes, 15, ags used 15 = 15
   (1) can we show that 0 NL 15?
        a. margin 0.12384907754714347
      yes, 37, ags used 154 = 154
   (1) can we show that 2 NL 5?
        a. margin 0.0794678240589215
      yes, 57, ags used 15 = 57
   (1) can we show that 2 NL 15?
        a. margin -0.10494791423075311
      no
      Best assertion(s) require sample: 15

ALTERNATE OUTCOME PAIR: 15,8
   (1) can we show that 9 NL 8?
        a. margin -0.23411002085925314
      no
   (1) can we show that 9 NL 15?
        a. margin -0.2208898076521335
      no
   (1) can we show that 3 NL 8?
        a. margin -0.1222370845688382
      no
   (1) can we show that 3 NL 15?
        a. margin -0.1928748039573277
      no
   (1) can we show that 1 NL 8?
        a. margin -0.11425195107274044
      no
   (1) can we show that 1 NL 15?
        a. margin -0.18091425257466198
      no
   (1) can we show that 5 NL 8?
        a. margin -0.23440622846648973
      no
   (1) can we show that 5 NL 15?
        a. margin -0.278849841450985
      no
   (1) can we show that 4 NL 8?
        a. margin 0.07729459561425367
      yes, 58, ags used 58 = 58
   (1) can we show that 4 NL 15?
        a. margin 0.03283539275568703
      yes, 101, ags used 99 = 101
   (1) can we show that 6 NL 8?
        a. margin -0.0711365953585873
      no
   (1) can we show that 6 NL 15?
        a. margin -0.14243844338224954
      no
   (1) can we show that 0 NL 8?
        a. margin 0.1933674439777806
      yes, 23, ags used 59 = 59
   (1) can we show that 0 NL 15?
        a. margin 0.12627174397684549
      yes, 36, ags used 154 = 154
   (1) can we show that 0 NL 8?
        a. margin 0.1933674439777806
      yes, 23, ags used 59 = 59
   (1) can we show that 0 NL 15?
        a. margin 0.12627174397684549
      yes, 36, ags used 154 = 154
   (1) can we show that 2 NL 8?
        a. margin -0.031073736986359735
      no
   (1) can we show that 2 NL 15?
        a. margin -0.10250030400254084
      no
      Best assertion(s) require sample: 58

ALTERNATE OUTCOME PAIR: 15,4
   (1) can we show that 9 NL 4?
        a. margin -0.7041478418937351
      no
   (1) can we show that 9 NL 15?
        a. margin -0.44210700265960023
      no
   (1) can we show that 3 NL 4?
        a. margin -0.5429485440616565
      no
   (1) can we show that 3 NL 15?
        a. margin -0.3623460889682911
      no
   (1) can we show that 1 NL 4?
        a. margin -0.5085759897231505
      no
   (1) can we show that 1 NL 15?
        a. margin -0.33891139027381323
      no
   (1) can we show that 5 NL 4?
        a. margin -0.8566043383501538
      no
   (1) can we show that 5 NL 15?
        a. margin -0.28784208081168583
      no
   (1) can we show that 8 NL 4?
        a. margin -0.686998980422237
      no
   (1) can we show that 8 NL 15?
        a. margin -0.42528241056865634
      no
   (1) can we show that 6 NL 4?
        a. margin -0.6114130350054994
      no
   (1) can we show that 6 NL 15?
        a. margin -0.3554366567826902
      no
   (1) can we show that 0 NL 4?
        a. margin -0.18522641174105436
      no
   (1) can we show that 0 NL 15?
        a. margin -0.022630261192801537
      no
   (1) can we show that 0 NL 4?
        a. margin -0.18522641174105436
      no
   (1) can we show that 0 NL 15?
        a. margin -0.022630261192801537
      no
   (1) can we show that 2 NL 4?
        a. margin -0.4460886564958283
      no
   (1) can we show that 2 NL 15?
        a. margin -0.27007897830205896
      no

ALTERNATE OUTCOME PAIR: 15,6
   (1) can we show that 9 NL 6?
        a. margin -0.197607889723464
      no
   (1) can we show that 9 NL 15?
        a. margin -0.21426099319968905
      no
   (1) can we show that 3 NL 6?
        a. margin -0.15467649452328314
      no
   (1) can we show that 3 NL 15?
        a. margin -0.18642059609441353
      no
   (1) can we show that 1 NL 6?
        a. margin -0.14709357977805881
      no
   (1) can we show that 1 NL 15?
        a. margin -0.17464088725090088
      no
   (1) can we show that 5 NL 6?
        a. margin -0.2648906682131853
      no
   (1) can we show that 5 NL 15?
        a. margin -0.2714540051945544
      no
   (1) can we show that 8 NL 6?
        a. margin -0.1810233816931197
      no
   (1) can we show that 8 NL 15?
        a. margin -0.19881454597608994
      no
   (1) can we show that 4 NL 6?
        a. margin 0.04675715029573713
      yes, 90, ags used 90 = 90
   (1) can we show that 4 NL 15?
        a. margin 0.04027488065949458
      yes, 103, ags used 99 = 103
   (1) can we show that 0 NL 6?
        a. margin 0.16205362293082715
      yes, 28, ags used 99 = 99
   (1) can we show that 0 NL 15?
        a. margin 0.132520165502088
      yes, 34, ags used 154 = 154
   (1) can we show that 0 NL 6?
        a. margin 0.16205362293082715
      yes, 28, ags used 99 = 99
   (1) can we show that 0 NL 15?
        a. margin 0.132520165502088
      yes, 34, ags used 154 = 154
   (1) can we show that 2 NL 6?
        a. margin -0.06280848463306843
      no
   (1) can we show that 2 NL 15?
        a. margin -0.09604921411444767
      no
      Best assertion(s) require sample: 90

ALTERNATE OUTCOME PAIR: 15,0
   (1) can we show that 9 NL 0?
        a. margin -0.5896246270122614
      no
   (1) can we show that 9 NL 15?
        a. margin -0.20360375528883878
      no
   (1) can we show that 3 NL 0?
        a. margin -0.5459168560836339
      no
   (1) can we show that 3 NL 15?
        a. margin -0.18655155103654952
      no
   (1) can we show that 1 NL 0?
        a. margin -0.8481390367328605
      no
   (1) can we show that 1 NL 15?
        a. margin -0.18290975645497887
      no
   (1) can we show that 5 NL 0?
        a. margin -0.4566274113637697
      no
   (1) can we show that 5 NL 15?
        a. margin -0.2567527539512866
      no
   (1) can we show that 8 NL 0?
        a. margin -0.5721702040090901
      no
   (1) can we show that 8 NL 15?
        a. margin -0.1882071956622482
      no
   (1) can we show that 4 NL 0?
        a. margin -0.10908546680760112
      no
   (1) can we show that 4 NL 15?
        a. margin 0.05516009241673281
      yes, 77, ags used 61 = 77
   (1) can we show that 6 NL 0?
        a. margin -0.5060722559483145
      no
   (1) can we show that 6 NL 15?
        a. margin -0.12760311922197465
      no
   (1) can we show that 2 NL 0?
        a. margin -0.4500547204579658
      no
   (1) can we show that 2 NL 15?
        a. margin -0.09623005665361395
      no
      Best assertion(s) require sample: 77

ALTERNATE OUTCOME PAIR: 15,0
   (1) can we show that 9 NL 0?
        a. margin -0.5896246270122614
      no
   (1) can we show that 9 NL 15?
        a. margin -0.20360375528883878
      no
   (1) can we show that 3 NL 0?
        a. margin -0.5459168560836339
      no
   (1) can we show that 3 NL 15?
        a. margin -0.18655155103654952
      no
   (1) can we show that 1 NL 0?
        a. margin -0.8481390367328605
      no
   (1) can we show that 1 NL 15?
        a. margin -0.18290975645497887
      no
   (1) can we show that 5 NL 0?
        a. margin -0.4566274113637697
      no
   (1) can we show that 5 NL 15?
        a. margin -0.2567527539512866
      no
   (1) can we show that 8 NL 0?
        a. margin -0.5721702040090901
      no
   (1) can we show that 8 NL 15?
        a. margin -0.1882071956622482
      no
   (1) can we show that 4 NL 0?
        a. margin -0.10908546680760112
      no
   (1) can we show that 4 NL 15?
        a. margin 0.05516009241673281
      yes, 77, ags used 61 = 77
   (1) can we show that 6 NL 0?
        a. margin -0.5060722559483145
      no
   (1) can we show that 6 NL 15?
        a. margin -0.12760311922197465
      no
   (1) can we show that 2 NL 0?
        a. margin -0.4500547204579658
      no
   (1) can we show that 2 NL 15?
        a. margin -0.09623005665361395
      no
      Best assertion(s) require sample: 77

ALTERNATE OUTCOME PAIR: 15,2
   (1) can we show that 9 NL 2?
        a. margin -0.6244056360512704
      no
   (1) can we show that 9 NL 15?
        a. margin -0.2145914985298668
      no
   (1) can we show that 3 NL 2?
        a. margin -0.8378060682025811
      no
   (1) can we show that 3 NL 15?
        a. margin -0.195263172664089
      no
   (1) can we show that 1 NL 2?
        a. margin -0.3842529800044254
      no
   (1) can we show that 1 NL 15?
        a. margin -0.17884703527363843
      no
   (1) can we show that 5 NL 2?
        a. margin -0.4144505660683263
      no
   (1) can we show that 5 NL 15?
        a. margin -0.2725203525806017
      no
   (1) can we show that 8 NL 2?
        a. margin -0.6066893031638073
      no
   (1) can we show that 8 NL 15?
        a. margin -0.19914193333145458
      no
   (1) can we show that 4 NL 2?
        a. margin -0.06594828526975316
      no
   (1) can we show that 4 NL 15?
        a. margin 0.03920853327344975
      yes, 84, ags used 99 = 99
   (1) can we show that 6 NL 2?
        a. margin -0.5384243626079972
      no
   (1) can we show that 6 NL 15?
        a. margin -0.13818240776249935
      no
   (1) can we show that 0 NL 2?
        a. margin -0.05804733709361609
      no
   (1) can we show that 0 NL 15?
        a. margin 0.1283264893786078
      yes, 35, ags used 154 = 154
   (1) can we show that 0 NL 2?
        a. margin -0.05804733709361609
      no
   (1) can we show that 0 NL 15?
        a. margin 0.1283264893786078
      yes, 35, ags used 154 = 154
      Best assertion(s) require sample: 99

ALTERNATE OUTCOME PAIR: 5,8
   (1) can we show that 9 NL 8?
        a. margin -0.23415679048144855
      no
   (1) can we show that 9 NL 5?
        a. margin -0.011371254143009213
      no
   (1) can we show that 3 NL 8?
        a. margin -0.12234621368729226
      no
   (1) can we show that 3 NL 5?
        a. margin -0.009210497597595957
      no
   (1) can we show that 1 NL 8?
        a. margin -0.11435796221638195
      no
   (1) can we show that 1 NL 5?
        a. margin -0.007863532478379676
      no
   (1) can we show that 15 NL 8?
        a. margin -0.1599957595542525
      no
   (1) can we show that 15 NL 5?
        a. margin -0.010208249537759562
      no
   (1) can we show that 4 NL 8?
        a. margin 0.07718858447061305
      yes, 59, ags used 58 = 59
   (1) can we show that 4 NL 5?
        a. margin 0.29941600331752616
      yes, 15, ags used 15 = 15
   (1) can we show that 6 NL 8?
        a. margin -0.07121142675410042
      no
   (1) can we show that 6 NL 5?
        a. margin 0.048802541773069086
      yes, 94, ags used 15 = 94
   (1) can we show that 0 NL 8?
        a. margin 0.19324896093488686
      yes, 23, ags used 59 = 59
   (1) can we show that 0 NL 5?
        a. margin 0.29790378553321584
      yes, 15, ags used 15 = 15
   (1) can we show that 0 NL 8?
        a. margin 0.19324896093488686
      yes, 23, ags used 59 = 59
   (1) can we show that 0 NL 5?
        a. margin 0.29790378553321584
      yes, 15, ags used 15 = 15
   (1) can we show that 2 NL 8?
        a. margin -0.031198455978878714
      no
   (1) can we show that 2 NL 5?
        a. margin 0.07935557696565554
      yes, 57, ags used 15 = 57
      Best assertion(s) require sample: 15

ALTERNATE OUTCOME PAIR: 5,4
   (1) can we show that 9 NL 4?
        a. margin -0.7038890499842572
      no
   (1) can we show that 9 NL 5?
        a. margin -0.592196956232946
      no
   (1) can we show that 3 NL 4?
        a. margin -0.5427957632958182
      no
   (1) can we show that 3 NL 5?
        a. margin -0.4270378303883563
      no
   (1) can we show that 1 NL 4?
        a. margin -0.5084325628817513
      no
   (1) can we show that 1 NL 5?
        a. margin -0.39213833830645295
      no
   (1) can we show that 15 NL 4?
        a. margin -0.6323034662525938
      no
   (1) can we show that 15 NL 5?
        a. margin -0.5197632833521522
      no
   (1) can we show that 8 NL 4?
        a. margin -0.6867152447142546
      no
   (1) can we show that 8 NL 5?
        a. margin -0.5727688551731488
      no
   (1) can we show that 6 NL 4?
        a. margin -0.6111823048693354
      no
   (1) can we show that 6 NL 5?
        a. margin -0.4967308034085274
      no
   (1) can we show that 0 NL 4?
        a. margin -0.1850829848996589
      no
   (1) can we show that 0 NL 5?
        a. margin -0.07421403649908354
      no
   (1) can we show that 0 NL 4?
        a. margin -0.1850829848996589
      no
   (1) can we show that 0 NL 5?
        a. margin -0.07421403649908354
      no
   (1) can we show that 2 NL 4?
        a. margin -0.4459670554781203
      no
   (1) can we show that 2 NL 5?
        a. margin -0.33334580523260615
      no

ALTERNATE OUTCOME PAIR: 5,6
   (1) can we show that 9 NL 6?
        a. margin -0.19762036162271523
      no
   (1) can we show that 9 NL 5?
        a. margin -0.01125277110011802
      no
   (1) can we show that 3 NL 6?
        a. margin -0.15473885401954313
      no
   (1) can we show that 3 NL 5?
        a. margin -0.009079542655445305
      no
   (1) can we show that 1 NL 6?
        a. margin -0.1471497033246928
      no
   (1) can we show that 1 NL 5?
        a. margin -0.00772322361178901
      no
   (1) can we show that 15 NL 6?
        a. margin -0.20539970878115021
      no
   (1) can we show that 15 NL 5?
        a. margin -0.010064822696356224
      no
   (1) can we show that 8 NL 6?
        a. margin -0.18104520751680986
      no
   (1) can we show that 8 NL 5?
        a. margin 0.0038912325666227154
      yes, 3654, ags used 15 = 3654
   (1) can we show that 4 NL 6?
        a. margin 0.04668543687503912
      yes, 94, ags used 90 = 94
   (1) can we show that 4 NL 5?
        a. margin 0.2995906099070573
      yes, 15, ags used 15 = 15
   (1) can we show that 0 NL 6?
        a. margin 0.1619819095101278
      yes, 28, ags used 99 = 99
   (1) can we show that 0 NL 5?
        a. margin 0.2980285045257285
      yes, 15, ags used 15 = 15
   (1) can we show that 0 NL 6?
        a. margin 0.1619819095101278
      yes, 28, ags used 99 = 99
   (1) can we show that 0 NL 5?
        a. margin 0.2980285045257285
      yes, 15, ags used 15 = 15
   (1) can we show that 2 NL 6?
        a. margin -0.06288331602858033
      no
   (1) can we show that 2 NL 5?
        a. margin 0.07947094203374205
      yes, 57, ags used 15 = 57
      Best assertion(s) require sample: 15

ALTERNATE OUTCOME PAIR: 5,0
   (1) can we show that 9 NL 0?
        a. margin -0.5894157226997887
      no
   (1) can we show that 9 NL 5?
        a. margin -0.010074176620767261
      no
   (1) can we show that 3 NL 0?
        a. margin -0.5458264348140561
      no
   (1) can we show that 3 NL 5?
        a. margin -0.008393588196570101
      no
   (1) can we show that 1 NL 0?
        a. margin -0.8480610873625354
      no
   (1) can we show that 1 NL 5?
        a. margin -0.007292943087593762
      no
   (1) can we show that 15 NL 0?
        a. margin -0.5403793328157468
      no
   (1) can we show that 15 NL 5?
        a. margin -0.008705385677854949
      no
   (1) can we show that 8 NL 0?
        a. margin -0.5719644176714307
      no
   (1) can we show that 8 NL 5?
        a. margin 0.00503552932302509
      yes, 1754, ags used 15 = 1754
   (1) can we show that 4 NL 0?
        a. margin -0.1107816451058734
      no
   (1) can we show that 4 NL 5?
        a. margin 0.30123378263354095
      yes, 15, ags used 15 = 15
   (1) can we show that 6 NL 0?
        a. margin -0.5059070032832244
      no
   (1) can we show that 6 NL 5?
        a. margin 0.04999360815166698
      yes, 92, ags used 15 = 92
   (1) can we show that 2 NL 0?
        a. margin -0.4499736531128271
      no
   (1) can we show that 2 NL 5?
        a. margin 0.08010700889560685
      yes, 57, ags used 15 = 57
      Best assertion(s) require sample: 15

ALTERNATE OUTCOME PAIR: 5,0
   (1) can we show that 9 NL 0?
        a. margin -0.5894157226997887
      no
   (1) can we show that 9 NL 5?
        a. margin -0.010074176620767261
      no
   (1) can we show that 3 NL 0?
        a. margin -0.5458264348140561
      no
   (1) can we show that 3 NL 5?
        a. margin -0.008393588196570101
      no
   (1) can we show that 1 NL 0?
        a. margin -0.8480610873625354
      no
   (1) can we show that 1 NL 5?
        a. margin -0.007292943087593762
      no
   (1) can we show that 15 NL 0?
        a. margin -0.5403793328157468
      no
   (1) can we show that 15 NL 5?
        a. margin -0.008705385677854949
      no
   (1) can we show that 8 NL 0?
        a. margin -0.5719644176714307
      no
   (1) can we show that 8 NL 5?
        a. margin 0.00503552932302509
      yes, 1754, ags used 15 = 1754
   (1) can we show that 4 NL 0?
        a. margin -0.1107816451058734
      no
   (1) can we show that 4 NL 5?
        a. margin 0.30123378263354095
      yes, 15, ags used 15 = 15
   (1) can we show that 6 NL 0?
        a. margin -0.5059070032832244
      no
   (1) can we show that 6 NL 5?
        a. margin 0.04999360815166698
      yes, 92, ags used 15 = 92
   (1) can we show that 2 NL 0?
        a. margin -0.4499736531128271
      no
   (1) can we show that 2 NL 5?
        a. margin 0.08010700889560685
      yes, 57, ags used 15 = 57
      Best assertion(s) require sample: 15

ALTERNATE OUTCOME PAIR: 5,2
   (1) can we show that 9 NL 2?
        a. margin -0.6241406081921634
      no
   (1) can we show that 9 NL 5?
        a. margin -0.010997097165450942
      no
   (1) can we show that 3 NL 2?
        a. margin -0.8377031750337518
      no
   (1) can we show that 3 NL 5?
        a. margin -0.009017183159190867
      no
   (1) can we show that 1 NL 2?
        a. margin -0.3841687946844736
      no
   (1) can we show that 1 NL 5?
        a. margin -0.007620330442961065
      no
   (1) can we show that 15 NL 2?
        a. margin -0.5093648373508413
      no
   (1) can we show that 15 NL 5?
        a. margin -0.009812266736498265
      no
   (1) can we show that 8 NL 2?
        a. margin -0.6064429831535785
      no
   (1) can we show that 8 NL 5?
        a. margin 0.004153142450917802
      yes, 2939, ags used 15 = 2939
   (1) can we show that 4 NL 2?
        a. margin -0.06763822761839944
      no
   (1) can we show that 4 NL 5?
        a. margin 0.2999242332120542
      yes, 15, ags used 15 = 15
   (1) can we show that 6 NL 2?
        a. margin -0.5382341661444028
      no
   (1) can we show that 6 NL 5?
        a. margin 0.04907380558180763
      yes, 94, ags used 15 = 94
   (1) can we show that 0 NL 2?
        a. margin -0.0579849775973571
      no
   (1) can we show that 0 NL 5?
        a. margin 0.2981594594678769
      yes, 15, ags used 15 = 15
   (1) can we show that 0 NL 2?
        a. margin -0.0579849775973571
      no
   (1) can we show that 0 NL 5?
        a. margin 0.2981594594678769
      yes, 15, ags used 15 = 15
      Best assertion(s) require sample: 15

ALTERNATE OUTCOME PAIR: 8,4
   (1) can we show that 9 NL 4?
        a. margin -0.7046280100149354
      no
   (1) can we show that 9 NL 8?
        a. margin -0.7143935071292715
      no
   (1) can we show that 3 NL 4?
        a. margin -0.540971748030215
      no
   (1) can we show that 3 NL 8?
        a. margin -0.28517309437179517
      no
   (1) can we show that 1 NL 4?
        a. margin -0.5066490812887166
      no
   (1) can we show that 1 NL 8?
        a. margin -0.30956501133388914
      no
   (1) can we show that 15 NL 4?
        a. margin -0.631196585193984
      no
   (1) can we show that 15 NL 8?
        a. margin -0.3762616105586921
      no
   (1) can we show that 5 NL 4?
        a. margin -0.8529781336426346
      no
   (1) can we show that 5 NL 8?
        a. margin -0.2454033256319571
      no
   (1) can we show that 6 NL 4?
        a. margin -0.6099413508937661
      no
   (1) can we show that 6 NL 8?
        a. margin -0.24308667034591347
      no
   (1) can we show that 0 NL 4?
        a. margin -0.18330885723105594
      no
   (1) can we show that 0 NL 8?
        a. margin 0.004112608778293891
      yes, 511, ags used 174 = 511
   (1) can we show that 0 NL 4?
        a. margin -0.18330885723105594
      no
   (1) can we show that 0 NL 8?
        a. margin 0.004112608778293891
      yes, 511, ags used 174 = 511
   (1) can we show that 2 NL 4?
        a. margin -0.44413056831326336
      no
   (1) can we show that 2 NL 8?
        a. margin -0.18774261741518217
      no
      Best assertion(s) require sample: 511

ALTERNATE OUTCOME PAIR: 8,6
   (1) can we show that 9 NL 6?
        a. margin -0.1976640132701002
      no
   (1) can we show that 9 NL 8?
        a. margin -0.22374899055565833
      no
   (1) can we show that 3 NL 6?
        a. margin -0.15235672126240396
      no
   (1) can we show that 3 NL 8?
        a. margin -0.11340697989842818
      no
   (1) can we show that 1 NL 6?
        a. margin -0.14480498626531513
      no
   (1) can we show that 1 NL 8?
        a. margin -0.10576170565693999
      no
   (1) can we show that 15 NL 6?
        a. margin -0.20351021604447006
      no
   (1) can we show that 15 NL 8?
        a. margin -0.15323910813447317
      no
   (1) can we show that 5 NL 6?
        a. margin -0.26223727164732413
      no
   (1) can we show that 5 NL 8?
        a. margin -0.2241044396843509
      no
   (1) can we show that 4 NL 6?
        a. margin 0.049398074962339944
      yes, 88, ags used 61 = 88
   (1) can we show that 4 NL 8?
        a. margin 0.08763380009414035
      yes, 51, ags used 15 = 51
   (1) can we show that 0 NL 6?
        a. margin 0.16433286251912893
      yes, 27, ags used 99 = 99
   (1) can we show that 0 NL 8?
        a. margin 0.20181715572099823
      yes, 22, ags used 59 = 59
   (1) can we show that 0 NL 6?
        a. margin 0.16433286251912893
      yes, 27, ags used 99 = 99
   (1) can we show that 0 NL 8?
        a. margin 0.20181715572099823
      yes, 22, ags used 59 = 59
   (1) can we show that 2 NL 6?
        a. margin -0.06049494732182037
      no
   (1) can we show that 2 NL 8?
        a. margin -0.022274812064082883
      no
      Best assertion(s) require sample: 51

ALTERNATE OUTCOME PAIR: 8,0
   (1) can we show that 9 NL 0?
        a. margin -0.5897898796773514
      no
   (1) can we show that 9 NL 8?
        a. margin -0.20471375432231664
      no
   (1) can we show that 3 NL 0?
        a. margin -0.5439400600521904
      no
   (1) can we show that 3 NL 8?
        a. margin -0.11423012524908571
      no
   (1) can we show that 1 NL 0?
        a. margin -0.8443881130328209
      no
   (1) can we show that 1 NL 8?
        a. margin -0.11361588421089075
      no
   (1) can we show that 15 NL 0?
        a. margin -0.5388172274344332
      no
   (1) can we show that 15 NL 8?
        a. margin -0.13711606037650448
      no
   (1) can we show that 5 NL 0?
        a. margin -0.4544791267176098
      no
   (1) can we show that 5 NL 8?
        a. margin -0.2048291193904339
      no
   (1) can we show that 4 NL 0?
        a. margin -0.11470717539544306
      no
   (1) can we show that 4 NL 8?
        a. margin 0.10712426065016345
      yes, 42, ags used 15 = 42
   (1) can we show that 6 NL 0?
        a. margin -0.5043012462545288
      no
   (1) can we show that 6 NL 8?
        a. margin -0.05391290249162717
      no
   (1) can we show that 2 NL 0?
        a. margin -0.44805609860283047
      no
   (1) can we show that 2 NL 8?
        a. margin -0.023241384256129094
      no
      Best assertion(s) require sample: 42

ALTERNATE OUTCOME PAIR: 8,0
   (1) can we show that 9 NL 0?
        a. margin -0.5897898796773514
      no
   (1) can we show that 9 NL 8?
        a. margin -0.20471375432231664
      no
   (1) can we show that 3 NL 0?
        a. margin -0.5439400600521904
      no
   (1) can we show that 3 NL 8?
        a. margin -0.11423012524908571
      no
   (1) can we show that 1 NL 0?
        a. margin -0.8443881130328209
      no
   (1) can we show that 1 NL 8?
        a. margin -0.11361588421089075
      no
   (1) can we show that 15 NL 0?
        a. margin -0.5388172274344332
      no
   (1) can we show that 15 NL 8?
        a. margin -0.13711606037650448
      no
   (1) can we show that 5 NL 0?
        a. margin -0.4544791267176098
      no
   (1) can we show that 5 NL 8?
        a. margin -0.2048291193904339
      no
   (1) can we show that 4 NL 0?
        a. margin -0.11470717539544306
      no
   (1) can we show that 4 NL 8?
        a. margin 0.10712426065016345
      yes, 42, ags used 15 = 42
   (1) can we show that 6 NL 0?
        a. margin -0.5043012462545288
      no
   (1) can we show that 6 NL 8?
        a. margin -0.05391290249162717
      no
   (1) can we show that 2 NL 0?
        a. margin -0.44805609860283047
      no
   (1) can we show that 2 NL 8?
        a. margin -0.023241384256129094
      no
      Best assertion(s) require sample: 42

ALTERNATE OUTCOME PAIR: 8,2
   (1) can we show that 9 NL 2?
        a. margin -0.6245584168171083
      no
   (1) can we show that 9 NL 8?
        a. margin -0.2237552265052858
      no
   (1) can we show that 3 NL 2?
        a. margin -0.8341486837469312
      no
   (1) can we show that 3 NL 8?
        a. margin -0.1221560172237004
      no
   (1) can we show that 1 NL 2?
        a. margin -0.38223565030041173
      no
   (1) can we show that 1 NL 8?
        a. margin -0.1098836683597233
      no
   (1) can we show that 15 NL 2?
        a. margin -0.5077809061458367
      no
   (1) can we show that 15 NL 8?
        a. margin -0.1521758787232359
      no
   (1) can we show that 5 NL 2?
        a. margin -0.41231475332141865
      no
   (1) can we show that 5 NL 8?
        a. margin -0.22403584423846934
      no
   (1) can we show that 4 NL 2?
        a. margin -0.07157622980722111
      no
   (1) can we show that 4 NL 8?
        a. margin 0.08772422136371483
      yes, 51, ags used 15 = 51
   (1) can we show that 6 NL 2?
        a. margin -0.5367001225364076
      no
   (1) can we show that 6 NL 8?
        a. margin -0.06512825789394594
      no
   (1) can we show that 0 NL 2?
        a. margin -0.056039361314044855
      no
   (1) can we show that 0 NL 8?
        a. margin 0.19766401327008487
      yes, 23, ags used 59 = 59
   (1) can we show that 0 NL 2?
        a. margin -0.056039361314044855
      no
   (1) can we show that 0 NL 8?
        a. margin 0.19766401327008487
      yes, 23, ags used 59 = 59
      Best assertion(s) require sample: 51

ALTERNATE OUTCOME PAIR: 4,6
   (1) can we show that 9 NL 6?
        a. margin -0.5000265027858775
      no
   (1) can we show that 9 NL 4?
        a. margin -0.6964869777781987
      no
   (1) can we show that 3 NL 6?
        a. margin -0.3082804057109352
      no
   (1) can we show that 3 NL 4?
        a. margin -0.5333358277131746
      no
   (1) can we show that 1 NL 6?
        a. margin -0.3319084188438405
      no
   (1) can we show that 1 NL 4?
        a. margin -0.49941537972255223
      no
   (1) can we show that 15 NL 6?
        a. margin -0.4021657453050811
      no
   (1) can we show that 15 NL 4?
        a. margin -0.6250947084849394
      no
   (1) can we show that 5 NL 6?
        a. margin -0.27650824236644367
      no
   (1) can we show that 5 NL 4?
        a. margin -0.8416131154492497
      no
   (1) can we show that 8 NL 6?
        a. margin -0.4812874741597525
      no
   (1) can we show that 8 NL 4?
        a. margin -0.6793973578281459
      no
   (1) can we show that 0 NL 6?
        a. margin -0.009855918383943507
      no
   (1) can we show that 0 NL 4?
        a. margin -0.17612504326191414
      no
   (1) can we show that 0 NL 6?
        a. margin -0.009855918383943507
      no
   (1) can we show that 0 NL 4?
        a. margin -0.17612504326191414
      no
   (1) can we show that 2 NL 6?
        a. margin -0.21037599658274742
      no
   (1) can we show that 2 NL 4?
        a. margin -0.4365258277443522
      no

ALTERNATE OUTCOME PAIR: 4,2
   (1) can we show that 9 NL 2?
        a. margin -0.561054623800721
      no
   (1) can we show that 9 NL 4?
        a. margin -0.6872390644828426
      no
   (1) can we show that 3 NL 2?
        a. margin -0.7504560038164205
      no
   (1) can we show that 3 NL 4?
        a. margin -0.5427708194973146
      no
   (1) can we show that 1 NL 2?
        a. margin -0.32832586578370804
      no
   (1) can we show that 1 NL 4?
        a. margin -0.5003071205190699
      no
   (1) can we show that 15 NL 2?
        a. margin -0.4767009332098354
      no
   (1) can we show that 15 NL 4?
        a. margin -0.6154601663127649
      no
   (1) can we show that 5 NL 2?
        a. margin -0.4124644161124329
      no
   (1) can we show that 5 NL 4?
        a. margin -0.8330854543356971
      no
   (1) can we show that 8 NL 2?
        a. margin -0.5436407344701204
      no
   (1) can we show that 8 NL 4?
        a. margin -0.6701432085831597
      no
   (1) can we show that 6 NL 2?
        a. margin -0.4770002587918819
      no
   (1) can we show that 6 NL 4?
        a. margin -0.5961505482958609
      no
   (1) can we show that 0 NL 2?
        a. margin -0.0031210927878609906
      no
   (1) can we show that 0 NL 4?
        a. margin -0.17717580077389317
      no
   (1) can we show that 0 NL 2?
        a. margin -0.0031210927878609906
      no
   (1) can we show that 0 NL 4?
        a. margin -0.17717580077389317
      no

ALTERNATE OUTCOME PAIR: 6,0
   (1) can we show that 9 NL 0?
        a. margin -0.5824626388667968
      no
   (1) can we show that 9 NL 6?
        a. margin -0.17499010042993035
      no
   (1) can we show that 3 NL 0?
        a. margin -0.5373767230708221
      no
   (1) can we show that 3 NL 6?
        a. margin -0.1443310540937791
      no
   (1) can we show that 1 NL 0?
        a. margin -0.8334066057414365
      no
   (1) can we show that 1 NL 6?
        a. margin -0.1462049569563435
      no
   (1) can we show that 15 NL 0?
        a. margin -0.5332079907458427
      no
   (1) can we show that 15 NL 6?
        a. margin -0.17968888847314457
      no
   (1) can we show that 5 NL 0?
        a. margin -0.4482369411419793
      no
   (1) can we show that 5 NL 6?
        a. margin -0.23370468413362233
      no
   (1) can we show that 8 NL 0?
        a. margin -0.5651079910576418
      no
   (1) can we show that 8 NL 6?
        a. margin -0.1585303113921086
      no
   (1) can we show that 4 NL 0?
        a. margin -0.11738239778500459
      no
   (1) can we show that 4 NL 6?
        a. margin 0.07816139261221022
      yes, 57, ags used 15 = 57
   (1) can we show that 2 NL 0?
        a. margin -0.4415863008658518
      no
   (1) can we show that 2 NL 6?
        a. margin -0.05267818446565753
      no
      Best assertion(s) require sample: 57

ALTERNATE OUTCOME PAIR: 6,0
   (1) can we show that 9 NL 0?
        a. margin -0.5824626388667968
      no
   (1) can we show that 9 NL 6?
        a. margin -0.17499010042993035
      no
   (1) can we show that 3 NL 0?
        a. margin -0.5373767230708221
      no
   (1) can we show that 3 NL 6?
        a. margin -0.1443310540937791
      no
   (1) can we show that 1 NL 0?
        a. margin -0.8334066057414365
      no
   (1) can we show that 1 NL 6?
        a. margin -0.1462049569563435
      no
   (1) can we show that 15 NL 0?
        a. margin -0.5332079907458427
      no
   (1) can we show that 15 NL 6?
        a. margin -0.17968888847314457
      no
   (1) can we show that 5 NL 0?
        a. margin -0.4482369411419793
      no
   (1) can we show that 5 NL 6?
        a. margin -0.23370468413362233
      no
   (1) can we show that 8 NL 0?
        a. margin -0.5651079910576418
      no
   (1) can we show that 8 NL 6?
        a. margin -0.1585303113921086
      no
   (1) can we show that 4 NL 0?
        a. margin -0.11738239778500459
      no
   (1) can we show that 4 NL 6?
        a. margin 0.07816139261221022
      yes, 57, ags used 15 = 57
   (1) can we show that 2 NL 0?
        a. margin -0.4415863008658518
      no
   (1) can we show that 2 NL 6?
        a. margin -0.05267818446565753
      no
      Best assertion(s) require sample: 57

ALTERNATE OUTCOME PAIR: 6,2
   (1) can we show that 9 NL 2?
        a. margin -0.6177269340018215
      no
   (1) can we show that 9 NL 6?
        a. margin -0.18862812226201553
      no
   (1) can we show that 3 NL 2?
        a. margin -0.8234509121635302
      no
   (1) can we show that 3 NL 6?
        a. margin -0.15445511831156034
      no
   (1) can we show that 1 NL 2?
        a. margin -0.3760121725736618
      no
   (1) can we show that 1 NL 6?
        a. margin -0.14082333242910916
      no
   (1) can we show that 15 NL 2?
        a. margin -0.5023805737697165
      no
   (1) can we show that 15 NL 6?
        a. margin -0.1956342116668217
      no
   (1) can we show that 5 NL 2?
        a. margin -0.40685829739866297
      no
   (1) can we show that 5 NL 6?
        a. margin -0.2531795548155751
      no
   (1) can we show that 8 NL 2?
        a. margin -0.6000916684594966
      no
   (1) can we show that 8 NL 6?
        a. margin -0.1720966198034931
      no
   (1) can we show that 4 NL 2?
        a. margin -0.07505900767335116
      no
   (1) can we show that 4 NL 6?
        a. margin 0.05852126926516088
      yes, 73, ags used 61 = 73
   (1) can we show that 0 NL 2?
        a. margin -0.04987512510875436
      no
   (1) can we show that 0 NL 6?
        a. margin 0.16826151078349993
      yes, 27, ags used 99 = 99
   (1) can we show that 0 NL 2?
        a. margin -0.04987512510875436
      no
   (1) can we show that 0 NL 6?
        a. margin 0.16826151078349993
      yes, 27, ags used 99 = 99
      Best assertion(s) require sample: 73

ALTERNATE OUTCOME PAIR: 0,2
   (1) can we show that 9 NL 2?
        a. margin -0.5371459929346194
      no
   (1) can we show that 9 NL 0?
        a. margin -0.5677489157242448
      no
   (1) can we show that 3 NL 2?
        a. margin -0.743774183792169
      no
   (1) can we show that 3 NL 0?
        a. margin -0.5454429239120548
      no
   (1) can we show that 1 NL 2?
        a. margin -0.3809791064507624
      no
   (1) can we show that 1 NL 0?
        a. margin -0.8223190873064143
      no
   (1) can we show that 15 NL 2?
        a. margin -0.4243969057217417
      no
   (1) can we show that 15 NL 0?
        a. margin -0.5192020478858412
      no
   (1) can we show that 5 NL 2?
        a. margin -0.33584018508306024
      no
   (1) can we show that 5 NL 0?
        a. margin -0.437127596883255
      no
   (1) can we show that 8 NL 2?
        a. margin -0.5196448003092539
      no
   (1) can we show that 8 NL 0?
        a. margin -0.5503537342425203
      no
   (1) can we show that 4 NL 2?
        a. margin 0.0022667676889658317
      yes, 486, ags used 154 = 486
   (1) can we show that 4 NL 0?
        a. margin -0.08920837737475429
      no
   (1) can we show that 6 NL 2?
        a. margin -0.4535655600973556
      no
   (1) can we show that 6 NL 0?
        a. margin -0.4860174419510894
      no
      Best assertion(s) require sample: 486

ALTERNATE OUTCOME PAIR: 0,2
   (1) can we show that 9 NL 2?
        a. margin -0.5371459929346194
      no
   (1) can we show that 9 NL 0?
        a. margin -0.5677489157242448
      no
   (1) can we show that 3 NL 2?
        a. margin -0.743774183792169
      no
   (1) can we show that 3 NL 0?
        a. margin -0.5454429239120548
      no
   (1) can we show that 1 NL 2?
        a. margin -0.3809791064507624
      no
   (1) can we show that 1 NL 0?
        a. margin -0.8223190873064143
      no
   (1) can we show that 15 NL 2?
        a. margin -0.4243969057217417
      no
   (1) can we show that 15 NL 0?
        a. margin -0.5192020478858412
      no
   (1) can we show that 5 NL 2?
        a. margin -0.33584018508306024
      no
   (1) can we show that 5 NL 0?
        a. margin -0.437127596883255
      no
   (1) can we show that 8 NL 2?
        a. margin -0.5196448003092539
      no
   (1) can we show that 8 NL 0?
        a. margin -0.5503537342425203
      no
   (1) can we show that 4 NL 2?
        a. margin 0.0022667676889658317
      yes, 486, ags used 154 = 486
   (1) can we show that 4 NL 0?
        a. margin -0.08920837737475429
      no
   (1) can we show that 6 NL 2?
        a. margin -0.4535655600973556
      no
   (1) can we show that 6 NL 0?
        a. margin -0.4860174419510894
      no
      Best assertion(s) require sample: 486

RULE OUT PAIR STAGE ASN 9042
------------------------------------------------
Alternate outcome cannot be ruled out: 3,2
Alternate outcome cannot be ruled out: 15,4
Alternate outcome cannot be ruled out: 5,4
Alternate outcome cannot be ruled out: 4,6
Alternate outcome cannot be ruled out: 4,2
Full audit not possible
PARTIAL audit sample size: 9042
------------------------------------------------
Final set of assertions generated:
4 NL 5 = 15 [rules out (9, 5), G = {16}, O = set()]

(0, 'AG', 1, 15)
(0, 'AG', 13, 81)
4 NL 1 = 15 [rules out (1, 2), G = {16, 5}, O = {0}]
0 NL 8 = 511 [rules out (8, 4), G = {1, 10, 11, 12, 13, 16}, O = set()]
4 NL 5 = 15 [rules out (1, 5), G = {16}, O = set()]

(4, 'AG', 7, 90)
4 NL 8 = 51 [rules out (8, 6), G = {16, 5}, O = set()]
2 NL 3 = 65 [rules out (3, 4), G = set(), O = set()]
4 NL 15 = 77 [rules out (15, 0), G = {5, 8, 9, 12, 13, 16}, O = set()]
4 NL 5 = 15 [rules out (5, 2), G = {16}, O = set()]
(4, 'AG', 11, 99)
4 NL 6 = 90 [rules out (15, 6), G = {5, 7, 8, 9, 12, 13, 16}, O = set()]

4 NL 9 = 50 [rules out (9, 2), G = {16, 5}, O = set()]
(0, 'AG', 11, 153)
0 NL 9 = 389 [rules out (9, 4), G = {1, 10, 11, 12, 13, 16}, O = set()]
4 NL 5 = 15 [rules out (5, 8), G = {16}, O = set()]
4 NL 1 = 15 [rules out (1, 15), G = {16, 5}, O = {0}]
(4, 'AG', 12, 61)
4 NL 9 = 56 [rules out (9, 3), G = {16, 5}, O = set()]
4 NL 1 = 15 [rules out (1, 8), G = {16, 5}, O = {0}]
(0, 'AG', 16, 16)
(4, 'AG', 10, 106)
(4, 'AG', 15, 154)
(0, 'AG', 12, 87)
4 NL 3 = 66 [rules out (3, 6), G = {5, 8, 9, 12, 13, 16}, O = {2}]
4 NL 2 = 486 [rules out (0, 2), G = {5, 6, 7, 8, 9, 10, 11, 12, 13, 15, 16}, O = set()]

4 NL 9 = 50 [rules out (9, 6), G = {16, 5}, O = set()]
(4, 'AG', 6, 99)
4 NL 8 = 42 [rules out (8, 0), G = {16, 5}, O = set()]
4 NL 1 = 15 [rules out (9, 1), G = {16, 5}, O = {0}]

(4, 'AG', 5, 15)
4 NL 5 = 15 [rules out (15, 5), G = {16}, O = set()]

0 NL 1 = 15 [rules out (1, 4), G = set(), O = set()]
4 NL 9 = 56 [rules out (9, 15), G = {16, 5}, O = set()]
4 NL 3 = 66 [rules out (3, 15), G = {5, 8, 9, 12, 13, 16}, O = {2}]
4 NL 15 = 99 [rules out (15, 2), G = {5, 6, 7, 8, 9, 11, 12, 13, 16}, O = set()]
(2, 'AG', 3, 66)
4 NL 8 = 51 [rules out (8, 2), G = {16, 5}, O = set()]
(6, 'AG', 7, 108)
(4, 'AG', 16, 15)
4 NL 6 = 73 [rules out (6, 2), G = {5, 8, 9, 12, 13, 16}, O = set()]
4 NL 8 = 58 [rules out (15, 8), G = {16, 9, 13, 5}, O = set()]

4 NL 5 = 15 [rules out (5, 0), G = {16}, O = set()]
4 NL 9 = 53 [rules out (9, 8), G = {16, 5}, O = set()]
(4, 'AG', 8, 59)
(4, 'AG', 9, 58)
4 NL 9 = 41 [rules out (9, 0), G = {16, 5}, O = set()]
4 NL 6 = 57 [rules out (6, 0), G = {16, 5}, O = set()]
4 NL 5 = 15 [rules out (5, 6), G = {16}, O = set()]
(0, 'AG', 10, 174)
(4, 'AG', 13, 58)
4 NL 5 = 15 [rules out (3, 5), G = {16}, O = set()]

4 NL 1 = 15 [rules out (1, 6), G = {16, 5}, O = {0}]
4 NL 8 = 58 [rules out (3, 8), G = {16, 9, 13, 5}, O = set()]

4 NL 1 = 9042 [rules out (1, 0), G = {5, 6, 7, 8, 9, 10, 11, 12, 13, 15, 16}, O = set()]
2 NL 3 = 64 [rules out (3, 0), G = set(), O = set()]
4 NL 1 = 15 [rules out (3, 1), G = {16, 5}, O = {0}]

[] are verified winners with these assertions.
[0, 2, 3, 4, 5, 6, 15] remain as potential winners in this audit.
------------------------------------------------
