VALID BALLOTS 43942
Winner 10
Winner 4
Computing AG relationships
7 AG 11 = 237
6 AG 11 = 109
6 AG 8 = 552
2 AG 11 = 65
2 AG 8 = 92
2 AG 3 = 247
12 AG 11 = 94
12 AG 8 = 250
9 AG 11 = 46
9 AG 8 = 64
9 AG 5 = 198
9 AG 3 = 153
10 AG 11 = 33
10 AG 8 = 40
10 AG 5 = 65
10 AG 1 = 236
10 AG 3 = 74
4 AG 11 = 77
4 AG 8 = 150
Ruling out candidates: [(11, 46), (8, 64), (5, 198), (3, 153)]
STAGE 1 ASN (Ruling out candidates): 198
ALTERNATE OUTCOME PAIR: 1,7
   (1) can we show that 6 NL 7?
        a. margin -0.18803574408690282
      no
   (1) can we show that 6 NL 1?
        a. margin 0.02301518668548197
      yes, 201, ags used 236 = 236
   (1) can we show that 2 NL 7?
        a. margin -0.16926858131172962
      no
   (1) can we show that 2 NL 1?
        a. margin 0.018797505803106684
      yes, 246, ags used 236 = 246
   (1) can we show that 12 NL 7?
        a. margin -0.17658125104304212
      no
   (1) can we show that 12 NL 1?
        a. margin 0.030418885500586468
      yes, 151, ags used 236 = 236
   (1) can we show that 9 NL 7?
        a. margin -0.09488264833947668
      no
   (1) can we show that 9 NL 1?
        a. margin 0.0016612807792140138
      yes, 73, ags used 236 = 236
   (1) can we show that 10 NL 7?
        a. margin -0.040143825952389856
      no
   (1) can we show that 10 NL 1?
        a. margin 0.03490965363434273
      yes, 91, ags used 74 = 91
   (1) can we show that 4 NL 7?
        a. margin -0.17030024426137536
      no
   (1) can we show that 4 NL 1?
        a. margin 0.0411148028461803
      yes, 112, ags used 236 = 236
      Best assertion(s) require sample: 91

ALTERNATE OUTCOME PAIR: 1,6
   (1) can we show that 7 NL 6?
        a. margin -0.3300259432888817
      no
   (1) can we show that 7 NL 1?
        a. margin 0.02005674146223213
      yes, 231, ags used 236 = 236
   (1) can we show that 2 NL 6?
        a. margin -0.2674965484805746
      no
   (1) can we show that 2 NL 1?
        a. margin 0.006978896424075343
      yes, 285, ags used 247 = 285
   (1) can we show that 12 NL 6?
        a. margin -0.1877550710785436
      no
   (1) can we show that 12 NL 1?
        a. margin 0.01700726715518952
      yes, 267, ags used 250 = 267
   (1) can we show that 9 NL 6?
        a. margin -0.22789131127395323
      no
   (1) can we show that 9 NL 1?
        a. margin 0.05136316052979084
      yes, 89, ags used 236 = 236
   (1) can we show that 10 NL 6?
        a. margin -0.1802527574226641
      no
   (1) can we show that 10 NL 1?
        a. margin 0.02325034515194524
      yes, 119, ags used 74 = 119
   (1) can we show that 4 NL 6?
        a. margin -0.186055861514421
      no
   (1) can we show that 4 NL 1?
        a. margin 0.027384582707508542
      yes, 168, ags used 236 = 236
      Best assertion(s) require sample: 119

ALTERNATE OUTCOME PAIR: 1,2
   (1) can we show that 7 NL 2?
        a. margin -0.27788144978987517
      no
   (1) can we show that 7 NL 1?
        a. margin 0.019889854808614382
      yes, 233, ags used 236 = 236
   (1) can we show that 6 NL 2?
        a. margin -0.2369714623822321
      no
   (1) can we show that 6 NL 1?
        a. margin 0.010551787962922665
      yes, 548, ags used 552 = 552
   (1) can we show that 12 NL 2?
        a. margin -0.23687284754145732
      no
   (1) can we show that 12 NL 1?
        a. margin 0.01819823100147344
      yes, 250, ags used 250 = 250
   (1) can we show that 9 NL 2?
        a. margin -0.13941104182786412
      no
   (1) can we show that 9 NL 1?
        a. margin 0.050642513616436347
      yes, 91, ags used 236 = 236
   (1) can we show that 10 NL 2?
        a. margin -0.09253106367484398
      no
   (1) can we show that 10 NL 1?
        a. margin 0.022635898836346646
      yes, 121, ags used 74 = 121
   (1) can we show that 4 NL 2?
        a. margin -0.22301366953408341
      no
   (1) can we show that 4 NL 1?
        a. margin 0.028696918665516602
      yes, 161, ags used 236 = 236
      Best assertion(s) require sample: 121

ALTERNATE OUTCOME PAIR: 1,12
   (1) can we show that 7 NL 12?
        a. margin -0.3198231001471644
      no
   (1) can we show that 7 NL 1?
        a. margin 0.020079498733181156
      yes, 230, ags used 236 = 236
   (1) can we show that 6 NL 12?
        a. margin -0.17380486398737716
      no
   (1) can we show that 6 NL 1?
        a. margin 0.00944426744344895
      yes, 611, ags used 552 = 611
   (1) can we show that 2 NL 12?
        a. margin -0.26123071321287317
      no
   (1) can we show that 2 NL 1?
        a. margin 0.007289912460366033
      yes, 280, ags used 247 = 280
   (1) can we show that 9 NL 12?
        a. margin -0.2106488856523001
      no
   (1) can we show that 9 NL 1?
        a. margin 0.05193209230349427
      yes, 88, ags used 236 = 236
   (1) can we show that 10 NL 12?
        a. margin -0.1608256337899966
      no
   (1) can we show that 10 NL 1?
        a. margin 0.023561361188237262
      yes, 118, ags used 74 = 118
   (1) can we show that 4 NL 12?
        a. margin -0.17318283191479678
      no
   (1) can we show that 4 NL 1?
        a. margin 0.027581812389059213
      yes, 167, ags used 236 = 236
      Best assertion(s) require sample: 118

ALTERNATE OUTCOME PAIR: 1,9
   (1) can we show that 7 NL 9?
        a. margin -0.34266381442204263
      no
   (1) can we show that 7 NL 1?
        a. margin 0.021854565867131193
      yes, 211, ags used 236 = 236
   (1) can we show that 6 NL 9?
        a. margin -0.31332969216998363
      no
   (1) can we show that 6 NL 1?
        a. margin 0.014162608286682588
      yes, 328, ags used 236 = 328
   (1) can we show that 2 NL 9?
        a. margin -0.29097446634199864
      no
   (1) can we show that 2 NL 1?
        a. margin 0.009368409873622197
      yes, 248, ags used 247 = 248
   (1) can we show that 12 NL 9?
        a. margin -0.3210671642923273
      no
   (1) can we show that 12 NL 1?
        a. margin 0.02177112254031921
      yes, 212, ags used 236 = 236
   (1) can we show that 10 NL 9?
        a. margin -0.17740051279717295
      no
   (1) can we show that 10 NL 1?
        a. margin 0.026603249738295087
      yes, 109, ags used 74 = 109
   (1) can we show that 4 NL 9?
        a. margin -0.2921502586743153
      no
   (1) can we show that 4 NL 1?
        a. margin 0.032231881419449326
      yes, 143, ags used 236 = 236
      Best assertion(s) require sample: 109

ALTERNATE OUTCOME PAIR: 1,10
   (1) can we show that 7 NL 10?
        a. margin -0.41559328205361745
      no
   (1) can we show that 7 NL 1?
        a. margin -0.05253895286210308
      no
   (1) can we show that 6 NL 10?
        a. margin -0.3750322394671787
      no
   (1) can we show that 6 NL 1?
        a. margin -0.09797005143142956
      no
   (1) can we show that 2 NL 10?
        a. margin -0.35767602749078575
      no
   (1) can we show that 2 NL 1?
        a. margin -0.07379424392759948
      no
   (1) can we show that 12 NL 10?
        a. margin -0.38050157025169784
      no
   (1) can we show that 12 NL 1?
        a. margin -0.08844234066117185
      no
   (1) can we show that 9 NL 10?
        a. margin -0.26830822447772285
      no
   (1) can we show that 9 NL 1?
        a. margin -0.0054465735135680315
      no
   (1) can we show that 4 NL 10?
        a. margin -0.3533445602536698
      no
   (1) can we show that 4 NL 1?
        a. margin -0.07358184273208279
      no

ALTERNATE OUTCOME PAIR: 1,4
   (1) can we show that 7 NL 4?
        a. margin -0.337953059335792
      no
   (1) can we show that 7 NL 1?
        a. margin 0.02171802224144237
      yes, 213, ags used 236 = 236
   (1) can we show that 6 NL 4?
        a. margin -0.196326976468983
      no
   (1) can we show that 6 NL 1?
        a. margin 0.010688331588609712
      yes, 541, ags used 552 = 552
   (1) can we show that 2 NL 4?
        a. margin -0.28357835328387604
      no
   (1) can we show that 2 NL 1?
        a. margin 0.008420190250785886
      yes, 262, ags used 247 = 262
   (1) can we show that 12 NL 4?
        a. margin -0.19597044589079682
      no
   (1) can we show that 12 NL 1?
        a. margin 0.01838028916905632
      yes, 247, ags used 250 = 250
   (1) can we show that 9 NL 4?
        a. margin -0.23559844036836608
      no
   (1) can we show that 9 NL 1?
        a. margin 0.052554124376073874
      yes, 87, ags used 236 = 236
   (1) can we show that 10 NL 4?
        a. margin -0.18071548859860853
      no
   (1) can we show that 10 NL 1?
        a. margin 0.02457785262391665
      yes, 115, ags used 74 = 115
      Best assertion(s) require sample: 115

ALTERNATE OUTCOME PAIR: 7,6
   (1) can we show that 1 NL 6?
        a. margin -0.41367408553699747
      no
   (1) can we show that 1 NL 7?
        a. margin -0.3097568006311413
      no
   (1) can we show that 2 NL 6?
        a. margin -0.2639312426987134
      no
   (1) can we show that 2 NL 7?
        a. margin -0.16742524236493828
      no
   (1) can we show that 12 NL 6?
        a. margin -0.18485731191115728
      no
   (1) can we show that 12 NL 7?
        a. margin -0.17872043451216102
      no
   (1) can we show that 9 NL 6?
        a. margin -0.225759713561818
      no
   (1) can we show that 9 NL 7?
        a. margin -0.0939647717445724
      no
   (1) can we show that 10 NL 6?
        a. margin -0.17564061717718926
      no
   (1) can we show that 10 NL 7?
        a. margin -0.03610820323759889
      no
   (1) can we show that 4 NL 6?
        a. margin -0.18227815453704221
      no
   (1) can we show that 4 NL 7?
        a. margin -0.17168085203222583
      no

ALTERNATE OUTCOME PAIR: 7,2
   (1) can we show that 1 NL 2?
        a. margin -0.3732344150622815
      no
   (1) can we show that 1 NL 7?
        a. margin -0.3076176171620245
      no
   (1) can we show that 6 NL 2?
        a. margin -0.2296663784079075
      no
   (1) can we show that 6 NL 7?
        a. margin -0.1838863350173744
      no
   (1) can we show that 12 NL 2?
        a. margin -0.22981809354756066
      no
   (1) can we show that 12 NL 7?
        a. margin -0.17217392623610184
      no
   (1) can we show that 9 NL 2?
        a. margin -0.13620226662418677
      no
   (1) can we show that 9 NL 7?
        a. margin -0.09425303050991407
      no
   (1) can we show that 10 NL 2?
        a. margin -0.08653831565851966
      no
   (1) can we show that 10 NL 7?
        a. margin -0.036745406824144955
      no
   (1) can we show that 4 NL 2?
        a. margin -0.21553411314915427
      no
   (1) can we show that 4 NL 7?
        a. margin -0.16553638887624744
      no

ALTERNATE OUTCOME PAIR: 7,12
   (1) can we show that 1 NL 12?
        a. margin -0.40562559737836434
      no
   (1) can we show that 1 NL 7?
        a. margin -0.3065252681565168
      no
   (1) can we show that 6 NL 12?
        a. margin -0.1688286074067349
      no
   (1) can we show that 6 NL 7?
        a. margin -0.18850606101982958
      no
   (1) can we show that 2 NL 12?
        a. margin -0.25658064418248816
      no
   (1) can we show that 2 NL 7?
        a. margin -0.1641633668623813
      no
   (1) can we show that 9 NL 12?
        a. margin -0.20791042738155052
      no
   (1) can we show that 9 NL 7?
        a. margin -0.09055876685934294
      no
   (1) can we show that 10 NL 12?
        a. margin -0.15541698906133916
      no
   (1) can we show that 10 NL 7?
        a. margin -0.033627660704258266
      no
   (1) can we show that 4 NL 12?
        a. margin -0.1684720768285476
      no
   (1) can we show that 4 NL 7?
        a. margin -0.1699437136831895
      no

ALTERNATE OUTCOME PAIR: 7,9
   (1) can we show that 1 NL 9?
        a. margin -0.4490388845902963
      no
   (1) can we show that 1 NL 7?
        a. margin -0.2995994720313253
      no
   (1) can we show that 6 NL 9?
        a. margin -0.29883331057607143
      no
   (1) can we show that 6 NL 7?
        a. margin -0.1744041387890135
      no
   (1) can we show that 2 NL 9?
        a. margin -0.2773352752871294
      no
   (1) can we show that 2 NL 7?
        a. margin -0.1593539969353569
      no
   (1) can we show that 12 NL 9?
        a. margin -0.30679835540789524
      no
   (1) can we show that 12 NL 7?
        a. margin -0.16292688847420522
      no
   (1) can we show that 10 NL 9?
        a. margin -0.16455782622548232
      no
   (1) can we show that 10 NL 7?
        a. margin -0.03148847723513948
      no
   (1) can we show that 4 NL 9?
        a. margin -0.2774490616418702
      no
   (1) can we show that 4 NL 7?
        a. margin -0.1565700241227087
      no

ALTERNATE OUTCOME PAIR: 7,10
   (1) can we show that 1 NL 10?
        a. margin -0.5285300320118955
      no
   (1) can we show that 1 NL 7?
        a. margin -0.29492664572999006
      no
   (1) can we show that 6 NL 10?
        a. margin -0.3583815028901822
      no
   (1) can we show that 6 NL 7?
        a. margin -0.17001198549603835
      no
   (1) can we show that 2 NL 10?
        a. margin -0.34182179539697155
      no
   (1) can we show that 2 NL 7?
        a. margin -0.15451428398040346
      no
   (1) can we show that 12 NL 10?
        a. margin -0.36427563606573166
      no
   (1) can we show that 12 NL 7?
        a. margin -0.1590884954409656
      no
   (1) can we show that 9 NL 10?
        a. margin -0.25824192496169895
      no
   (1) can we show that 9 NL 7?
        a. margin -0.08491496366422091
      no
   (1) can we show that 4 NL 10?
        a. margin -0.33660279459288156
      no
   (1) can we show that 4 NL 7?
        a. margin -0.15319436226541294
      no

ALTERNATE OUTCOME PAIR: 7,4
   (1) can we show that 1 NL 4?
        a. margin -0.4231031814664803
      no
   (1) can we show that 1 NL 7?
        a. margin -0.30989334425682913
      no
   (1) can we show that 6 NL 4?
        a. margin -0.19331543094685744
      no
   (1) can we show that 6 NL 7?
        a. margin -0.18849847526284835
      no
   (1) can we show that 2 NL 4?
        a. margin -0.2805819792757165
      no
   (1) can we show that 2 NL 7?
        a. margin -0.16618117821977862
      no
   (1) can we show that 12 NL 4?
        a. margin -0.1931864730781514
      no
   (1) can we show that 12 NL 7?
        a. margin -0.17710466827484916
      no
   (1) can we show that 9 NL 4?
        a. margin -0.2341343892707074
      no
   (1) can we show that 9 NL 7?
        a. margin -0.09341101148483655
      no
   (1) can we show that 10 NL 4?
        a. margin -0.17663435134192218
      no
   (1) can we show that 10 NL 7?
        a. margin -0.036267504134236295
      no

ALTERNATE OUTCOME PAIR: 6,2
   (1) can we show that 1 NL 2?
        a. margin -0.36530729901537595
      no
   (1) can we show that 1 NL 6?
        a. margin -0.4051856234733714
      no
   (1) can we show that 7 NL 2?
        a. margin -0.2671020891174801
      no
   (1) can we show that 7 NL 6?
        a. margin -0.3197775856052746
      no
   (1) can we show that 12 NL 2?
        a. margin -0.23285998209761605
      no
   (1) can we show that 12 NL 6?
        a. margin -0.17916799417414142
      no
   (1) can we show that 9 NL 2?
        a. margin -0.13114256671673263
      no
   (1) can we show that 9 NL 6?
        a. margin -0.22082897152307235
      no
   (1) can we show that 10 NL 2?
        a. margin -0.08122828577063435
      no
   (1) can we show that 10 NL 6?
        a. margin -0.17048988818594368
      no
   (1) can we show that 4 NL 2?
        a. margin -0.21842428655955826
      no
   (1) can we show that 4 NL 6?
        a. margin -0.17724121190053677
      no

ALTERNATE OUTCOME PAIR: 6,12
   (1) can we show that 1 NL 12?
        a. margin -0.3807291429611861
      no
   (1) can we show that 1 NL 6?
        a. margin -0.38424893420115314
      no
   (1) can we show that 7 NL 12?
        a. margin -0.2927495334759558
      no
   (1) can we show that 7 NL 6?
        a. margin -0.2998422162547698
      no
   (1) can we show that 2 NL 12?
        a. margin -0.23610668608621443
      no
   (1) can we show that 2 NL 6?
        a. margin -0.2375783229408558
      no
   (1) can we show that 9 NL 12?
        a. margin -0.18595724667364977
      no
   (1) can we show that 9 NL 6?
        a. margin -0.197965499977248
      no
   (1) can we show that 10 NL 12?
        a. margin -0.13302383444844013
      no
   (1) can we show that 10 NL 6?
        a. margin -0.14832430628252624
      no
   (1) can we show that 4 NL 12?
        a. margin -0.156539681094777
      no
   (1) can we show that 4 NL 6?
        a. margin -0.16384476506910917
      no

ALTERNATE OUTCOME PAIR: 6,9
   (1) can we show that 1 NL 9?
        a. margin -0.44413089982249954
      no
   (1) can we show that 1 NL 6?
        a. margin -0.4052994098281131
      no
   (1) can we show that 7 NL 9?
        a. margin -0.33085279080000096
      no
   (1) can we show that 7 NL 6?
        a. margin -0.3203616888929427
      no
   (1) can we show that 2 NL 9?
        a. margin -0.2825391045772532
      no
   (1) can we show that 2 NL 6?
        a. margin -0.25930393093927573
      no
   (1) can we show that 12 NL 9?
        a. margin -0.3179190751445131
      no
   (1) can we show that 12 NL 6?
        a. margin -0.17825011757923737
      no
   (1) can we show that 10 NL 9?
        a. margin -0.16596119126727837
      no
   (1) can we show that 10 NL 6?
        a. margin -0.17090710481999216
      no
   (1) can we show that 4 NL 9?
        a. margin -0.28891872619969183
      no
   (1) can we show that 4 NL 6?
        a. margin -0.17608817683916855
      no

ALTERNATE OUTCOME PAIR: 6,10
   (1) can we show that 1 NL 10?
        a. margin -0.5239254775234045
      no
   (1) can we show that 1 NL 6?
        a. margin -0.4042374038505364
      no
   (1) can we show that 7 NL 10?
        a. margin -0.40251543701546666
      no
   (1) can we show that 7 NL 6?
        a. margin -0.3197851713622578
      no
   (1) can we show that 2 NL 10?
        a. margin -0.34823934580432514
      no
   (1) can we show that 2 NL 6?
        a. margin -0.25766540743101707
      no
   (1) can we show that 12 NL 10?
        a. margin -0.37701970779664595
      no
   (1) can we show that 12 NL 6?
        a. margin -0.17775704337536324
      no
   (1) can we show that 9 NL 10?
        a. margin -0.25934944548117145
      no
   (1) can we show that 9 NL 6?
        a. margin -0.21974420827454966
      no
   (1) can we show that 4 NL 10?
        a. margin -0.3491117078573316
      no
   (1) can we show that 4 NL 6?
        a. margin -0.17664952285588986
      no

ALTERNATE OUTCOME PAIR: 6,4
   (1) can we show that 1 NL 4?
        a. margin -0.398532914599557
      no
   (1) can we show that 1 NL 6?
        a. margin -0.3875790815165526
      no
   (1) can we show that 7 NL 4?
        a. margin -0.31272283161137615
      no
   (1) can we show that 7 NL 6?
        a. margin -0.30182968458423476
      no
   (1) can we show that 2 NL 4?
        a. margin -0.2602142217772009
      no
   (1) can we show that 2 NL 6?
        a. margin -0.24057469694902
      no
   (1) can we show that 12 NL 4?
        a. margin -0.18293052963755396
      no
   (1) can we show that 12 NL 6?
        a. margin -0.16828243290398426
      no
   (1) can we show that 9 NL 4?
        a. margin -0.21201432190918845
      no
   (1) can we show that 9 NL 6?
        a. margin -0.20170527816971506
      no
   (1) can we show that 10 NL 4?
        a. margin -0.15453704125134837
      no
   (1) can we show that 10 NL 6?
        a. margin -0.15202615569007916
      no

ALTERNATE OUTCOME PAIR: 2,12
   (1) can we show that 1 NL 12?
        a. margin -0.399230804241961
      no
   (1) can we show that 1 NL 2?
        a. margin -0.3679774854732816
      no
   (1) can we show that 7 NL 12?
        a. margin -0.3110312078042332
      no
   (1) can we show that 7 NL 2?
        a. margin -0.27018949220943356
      no
   (1) can we show that 6 NL 12?
        a. margin -0.1679486595967431
      no
   (1) can we show that 6 NL 2?
        a. margin -0.23496123678182068
      no
   (1) can we show that 9 NL 12?
        a. margin -0.20562711452976123
      no
   (1) can we show that 9 NL 2?
        a. margin -0.13286453355180283
      no
   (1) can we show that 10 NL 12?
        a. margin -0.15273163108946775
      no
   (1) can we show that 10 NL 2?
        a. margin -0.08366331376207792
      no
   (1) can we show that 4 NL 12?
        a. margin -0.16602187732313867
      no
   (1) can we show that 4 NL 2?
        a. margin -0.2204041691320393
      no

ALTERNATE OUTCOME PAIR: 2,9
   (1) can we show that 1 NL 9?
        a. margin -0.4358775962253356
      no
   (1) can we show that 1 NL 2?
        a. margin -0.3554154719099545
      no
   (1) can we show that 7 NL 9?
        a. margin -0.32300153232292195
      no
   (1) can we show that 7 NL 2?
        a. margin -0.2587956852214407
      no
   (1) can we show that 6 NL 9?
        a. margin -0.29662585529411156
      no
   (1) can we show that 6 NL 2?
        a. margin -0.21617131673570522
      no
   (1) can we show that 12 NL 9?
        a. margin -0.3032330496260355
      no
   (1) can we show that 12 NL 2?
        a. margin -0.21570099980277846
      no
   (1) can we show that 10 NL 9?
        a. margin -0.16178902492680114
      no
   (1) can we show that 10 NL 2?
        a. margin -0.07667683158102157
      no
   (1) can we show that 4 NL 9?
        a. margin -0.2745816455024166
      no
   (1) can we show that 4 NL 2?
        a. margin -0.2021831808596236
      no

ALTERNATE OUTCOME PAIR: 2,10
   (1) can we show that 1 NL 10?
        a. margin -0.5155659733284819
      no
   (1) can we show that 1 NL 2?
        a. margin -0.3553472000971092
      no
   (1) can we show that 7 NL 10?
        a. margin -0.3943304052311477
      no
   (1) can we show that 7 NL 2?
        a. margin -0.25925841639738345
      no
   (1) can we show that 6 NL 10?
        a. margin -0.35684917997968
      no
   (1) can we show that 6 NL 2?
        a. margin -0.2156630710178643
      no
   (1) can we show that 12 NL 10?
        a. margin -0.3614006341692947
      no
   (1) can we show that 12 NL 2?
        a. margin -0.21572375707372604
      no
   (1) can we show that 9 NL 10?
        a. margin -0.25436560314354695
      no
   (1) can we show that 9 NL 2?
        a. margin -0.1248084596361867
      no
   (1) can we show that 4 NL 10?
        a. margin -0.33414500933049207
      no
   (1) can we show that 4 NL 2?
        a. margin -0.20255488295177537
      no

ALTERNATE OUTCOME PAIR: 2,4
   (1) can we show that 1 NL 4?
        a. margin -0.41630634320999416
      no
   (1) can we show that 1 NL 2?
        a. margin -0.36762854065207806
      no
   (1) can we show that 7 NL 4?
        a. margin -0.33013972964362814
      no
   (1) can we show that 7 NL 2?
        a. margin -0.26889232776539485
      no
   (1) can we show that 6 NL 4?
        a. margin -0.1910548753660165
      no
   (1) can we show that 6 NL 2?
        a. margin -0.23304962602218382
      no
   (1) can we show that 12 NL 4?
        a. margin -0.19018251331300784
      no
   (1) can we show that 12 NL 2?
        a. margin -0.23283722482666902
      no
   (1) can we show that 9 NL 4?
        a. margin -0.23088009952513577
      no
   (1) can we show that 9 NL 2?
        a. margin -0.1329707341495623
      no
   (1) can we show that 10 NL 4?
        a. margin -0.1734483334091933
      no
   (1) can we show that 10 NL 2?
        a. margin -0.08385295768664736
      no

ALTERNATE OUTCOME PAIR: 12,9
   (1) can we show that 1 NL 9?
        a. margin -0.44649765600109736
      no
   (1) can we show that 1 NL 12?
        a. margin -0.39851015732860806
      no
   (1) can we show that 7 NL 9?
        a. margin -0.3339553654059203
      no
   (1) can we show that 7 NL 12?
        a. margin -0.3107429490388922
      no
   (1) can we show that 6 NL 9?
        a. margin -0.312389058304132
      no
   (1) can we show that 6 NL 12?
        a. margin -0.1655515603902118
      no
   (1) can we show that 2 NL 9?
        a. margin -0.28397281264698104
      no
   (1) can we show that 2 NL 12?
        a. margin -0.2538346001547567
      no
   (1) can we show that 10 NL 9?
        a. margin -0.1680396886805362
      no
   (1) can we show that 10 NL 12?
        a. margin -0.1523220002124016
      no
   (1) can we show that 4 NL 9?
        a. margin -0.29048897789510797
      no
   (1) can we show that 4 NL 12?
        a. margin -0.16449714016961758
      no

ALTERNATE OUTCOME PAIR: 12,10
   (1) can we show that 1 NL 10?
        a. margin -0.5238268626826293
      no
   (1) can we show that 1 NL 12?
        a. margin -0.39647717445724673
      no
   (1) can we show that 7 NL 10?
        a. margin -0.40337262755451053
      no
   (1) can we show that 7 NL 12?
        a. margin -0.30917269734347586
      no
   (1) can we show that 6 NL 10?
        a. margin -0.3722937811964291
      no
   (1) can we show that 6 NL 12?
        a. margin -0.1633516908652337
      no
   (1) can we show that 2 NL 10?
        a. margin -0.3469649386312337
      no
   (1) can we show that 2 NL 12?
        a. margin -0.251012698557199
      no
   (1) can we show that 9 NL 10?
        a. margin -0.25799159498127
      no
   (1) can we show that 9 NL 12?
        a. margin -0.20236523902720738
      no
   (1) can we show that 4 NL 10?
        a. margin -0.34954409600534386
      no
   (1) can we show that 4 NL 12?
        a. margin -0.16356409206074896
      no

ALTERNATE OUTCOME PAIR: 12,4
   (1) can we show that 1 NL 4?
        a. margin -0.3951800100132081
      no
   (1) can we show that 1 NL 12?
        a. margin -0.38063052812041065
      no
   (1) can we show that 7 NL 4?
        a. margin -0.3099236872847638
      no
   (1) can we show that 7 NL 12?
        a. margin -0.29184682839501697
      no
   (1) can we show that 6 NL 4?
        a. margin -0.18513039916253393
      no
   (1) can we show that 6 NL 12?
        a. margin -0.1607725334911182
      no
   (1) can we show that 2 NL 4?
        a. margin -0.25591309756801717
      no
   (1) can we show that 2 NL 12?
        a. margin -0.2345667774187291
      no
   (1) can we show that 9 NL 4?
        a. margin -0.20778905526983193
      no
   (1) can we show that 9 NL 12?
        a. margin -0.1855400300396024
      no
   (1) can we show that 10 NL 4?
        a. margin -0.15100966425439832
      no
   (1) can we show that 10 NL 12?
        a. margin -0.13376723863274487
      no

ALTERNATE OUTCOME PAIR: 9,10
   (1) can we show that 1 NL 10?
        a. margin -0.509679425909916
      no
   (1) can we show that 1 NL 9?
        a. margin -0.4293841882481555
      no
   (1) can we show that 7 NL 10?
        a. margin -0.389763779527571
      no
   (1) can we show that 7 NL 9?
        a. margin -0.3185335214601196
      no
   (1) can we show that 6 NL 10?
        a. margin -0.3487627630361373
      no
   (1) can we show that 6 NL 9?
        a. margin -0.28735606026126814
      no
   (1) can we show that 2 NL 10?
        a. margin -0.336208335229784
      no
   (1) can we show that 2 NL 9?
        a. margin -0.26918817228772607
      no
   (1) can we show that 12 NL 10?
        a. margin -0.35351903266428386
      no
   (1) can we show that 12 NL 9?
        a. margin -0.29491905997301016
      no
   (1) can we show that 4 NL 10?
        a. margin -0.32700681200978454
      no
   (1) can we show that 4 NL 9?
        a. margin -0.26736759061188053
      no

ALTERNATE OUTCOME PAIR: 9,4
   (1) can we show that 1 NL 4?
        a. margin -0.41414440246992956
      no
   (1) can we show that 1 NL 9?
        a. margin -0.4427427062946673
      no
   (1) can we show that 7 NL 4?
        a. margin -0.32836466250967933
      no
   (1) can we show that 7 NL 9?
        a. margin -0.32925978183363813
      no
   (1) can we show that 6 NL 4?
        a. margin -0.18761094169587544
      no
   (1) can we show that 6 NL 9?
        a. margin -0.3083534355893436
      no
   (1) can we show that 2 NL 4?
        a. margin -0.2755829654241272
      no
   (1) can we show that 2 NL 9?
        a. margin -0.2796261738959023
      no
   (1) can we show that 12 NL 4?
        a. margin -0.1867082366149353
      no
   (1) can we show that 12 NL 9?
        a. margin -0.3153171604994527
      no
   (1) can we show that 10 NL 4?
        a. margin -0.1718022241439492
      no
   (1) can we show that 10 NL 9?
        a. margin -0.16502814315840975
      no

RULE OUT PAIR STAGE ASN 121
------------------------------------------------
Alternate outcome cannot be ruled out: 1,10
Alternate outcome cannot be ruled out: 7,6
Alternate outcome cannot be ruled out: 7,2
Alternate outcome cannot be ruled out: 7,12
Alternate outcome cannot be ruled out: 7,9
Alternate outcome cannot be ruled out: 7,10
Alternate outcome cannot be ruled out: 7,4
Alternate outcome cannot be ruled out: 6,2
Alternate outcome cannot be ruled out: 6,12
Alternate outcome cannot be ruled out: 6,9
Alternate outcome cannot be ruled out: 6,10
Alternate outcome cannot be ruled out: 6,4
Alternate outcome cannot be ruled out: 2,12
Alternate outcome cannot be ruled out: 2,9
Alternate outcome cannot be ruled out: 2,10
Alternate outcome cannot be ruled out: 2,4
Alternate outcome cannot be ruled out: 12,9
Alternate outcome cannot be ruled out: 12,10
Alternate outcome cannot be ruled out: 12,4
Alternate outcome cannot be ruled out: 9,10
Alternate outcome cannot be ruled out: 9,4
Full audit not possible
PARTIAL audit sample size: 198
------------------------------------------------
Final set of assertions generated:
(9, 'AG', 2, 74)
10 NL 1 = 121 [rules out (1, 2), G = {10, 2, 4, 7}, O = set()]
(9, 'AG', 4, 65)
(8, 'AG', 4, 198)
(8, 'AG', 2, 153)
(9, 'AG', 7, 40)
(9, 'AG', 10, 33)
(8, 'AG', 10, 46)
10 NL 1 = 119 [rules out (1, 6), G = {10, 2, 4, 7}, O = set()]
10 NL 1 = 118 [rules out (1, 12), G = {10, 2, 4, 7}, O = set()]
(8, 'AG', 7, 64)
10 NL 1 = 115 [rules out (1, 4), G = {10, 2, 4, 7}, O = set()]
10 NL 1 = 109 [rules out (1, 9), G = {10, 2, 4, 7}, O = set()]
10 NL 1 = 91 [rules out (1, 7), G = {10, 2, 4, 7}, O = set()]
[] are verified winners with these assertions.
[1, 2, 4, 6, 7, 9, 10, 12] remain as potential winners in this audit.
------------------------------------------------
