VALID BALLOTS 43942
Winner 10
Winner 4
Computing AG relationships
7 AG 11 = 237
6 AG 11 = 109
6 AG 8 = 552
2 AG 11 = 65
2 AG 8 = 92
2 AG 3 = 247
12 AG 11 = 94
12 AG 8 = 250
9 AG 11 = 46
9 AG 8 = 64
9 AG 5 = 198
9 AG 3 = 153
10 AG 11 = 33
10 AG 8 = 40
10 AG 5 = 65
10 AG 1 = 236
10 AG 3 = 74
4 AG 11 = 77
4 AG 8 = 150
Ruling out candidates: [(11, 46), (8, 64), (5, 198), (3, 153)]
Sample size for ruling out cands: 198
ALTERNATE OUTCOME PAIR: 1,7
   (1) can we show that 6 NL 7? 
        a. margin -0.18803574408690282
      no, min 12.08,5309 vs max 30.89,13825
   (1) can we show that 6 NL 1? 
        a. margin 0.023447574833498352
      yes, 197, ags used 552 = 552
   (1) can we show that 2 NL 7? 
        a. margin -0.16926858131172962
      no, min 13.56,5958 vs max 30.49,13648
   (1) can we show that 2 NL 1? 
        a. margin 0.028059715078973424
      yes, 164, ags used 247 = 247
   (1) can we show that 12 NL 7? 
        a. margin -0.17658125104304212
      no, min 12.99,5707 vs max 30.65,13728
   (1) can we show that 12 NL 1? 
        a. margin 0.030760244564810746
      yes, 150, ags used 250 = 250
   (1) can we show that 9 NL 7? 
        a. margin -0.09488264833947624
      no, min 15.27,6711 vs max 24.76,11122
   (1) can we show that 9 NL 1? 
        a. margin 0.06266593843400114
      yes, 73, ags used 236 = 236
   (1) can we show that 10 NL 7? 
        a. margin -0.040143825952389633
      no, min 18.15,7975 vs max 22.16,9974
   (1) can we show that 10 NL 1? 
        a. margin 0.05040735514997752
      yes, 91, ags used 74 = 91
   (1) can we show that 4 NL 7? 
        a. margin -0.17030024426137502
      no, min 13.53,5945 vs max 30.56,13676
   (1) can we show that 4 NL 1? 
        a. margin 0.041114802846182075
      yes, 112, ags used 236 = 236
Best assertion(s) require sample: 91
ALTERNATE OUTCOME PAIR: 1,6
   (1) can we show that 7 NL 6? 
        a. margin -0.3300259432888817
      no, min 9.15,4021 vs max 42.15,18572
   (1) can we show that 7 NL 1? 
        a. margin 0.020261556900764255
      yes, 228, ags used 237 = 237
   (1) can we show that 2 NL 6? 
        a. margin -0.2674965484805747
      no, min 13.56,5958 vs max 40.31,17798
   (1) can we show that 2 NL 1? 
        a. margin 0.01624110569993964
      yes, 285, ags used 247 = 285
   (1) can we show that 12 NL 6? 
        a. margin -0.1877550710785436
      no, min 12.99,5707 vs max 31.76,14039
   (1) can we show that 12 NL 1? 
        a. margin 0.017348626219411134
      yes, 267, ags used 250 = 267
   (1) can we show that 9 NL 6? 
        a. margin -0.22789131127395323
      no, min 15.27,6711 vs max 38.06,16791
   (1) can we show that 9 NL 1? 
        a. margin 0.05136316052979062
      yes, 89, ags used 236 = 236
   (1) can we show that 10 NL 6? 
        a. margin -0.18025275742266378
      no, min 18.15,7975 vs max 36.17,15964
   (1) can we show that 10 NL 1? 
        a. margin 0.03874804666758003
      yes, 119, ags used 74 = 119
   (1) can we show that 4 NL 6? 
        a. margin -0.186055861514421
      no, min 13.53,5945 vs max 32.13,14187
   (1) can we show that 4 NL 1? 
        a. margin 0.027384582707508986
      yes, 168, ags used 236 = 236
Best assertion(s) require sample: 119
ALTERNATE OUTCOME PAIR: 1,2
   (1) can we show that 7 NL 2? 
        a. margin -0.27788144978987517
      no, min 9.15,4021 vs max 36.94,16284
   (1) can we show that 7 NL 1? 
        a. margin 0.020094670247144508
      yes, 230, ags used 237 = 237
   (1) can we show that 6 NL 2? 
        a. margin -0.2369714623822321
      no, min 12.08,5309 vs max 35.78,15822
   (1) can we show that 6 NL 1? 
        a. margin 0.010984176110935273
      yes, 548, ags used 552 = 552
   (1) can we show that 12 NL 2? 
        a. margin -0.2368728475414571
      no, min 12.99,5707 vs max 36.67,16222
   (1) can we show that 12 NL 1? 
        a. margin 0.0185395900656935
      yes, 250, ags used 250 = 250
   (1) can we show that 9 NL 2? 
        a. margin -0.139411041827864
      no, min 15.27,6711 vs max 29.21,12903
   (1) can we show that 9 NL 1? 
        a. margin 0.05064251361643546
      yes, 91, ags used 236 = 236
   (1) can we show that 10 NL 2? 
        a. margin -0.09253106367484376
      no, min 18.15,7975 vs max 27.40,12105
   (1) can we show that 10 NL 1? 
        a. margin 0.03813360035198121
      yes, 121, ags used 74 = 121
   (1) can we show that 4 NL 2? 
        a. margin -0.22301366953408341
      no, min 13.53,5945 vs max 35.83,15842
   (1) can we show that 4 NL 1? 
        a. margin 0.028696918665514826
      yes, 161, ags used 236 = 236
Best assertion(s) require sample: 121
ALTERNATE OUTCOME PAIR: 1,12
   (1) can we show that 7 NL 12? 
        a. margin -0.3198231001471644
      no, min 9.15,4021 vs max 41.13,18114
   (1) can we show that 7 NL 1? 
        a. margin 0.020284314171713502
      yes, 228, ags used 237 = 237
   (1) can we show that 6 NL 12? 
        a. margin -0.17380486398737716
      no, min 12.08,5309 vs max 29.46,13012
   (1) can we show that 6 NL 1? 
        a. margin 0.00987665559146289
      yes, 611, ags used 552 = 611
   (1) can we show that 2 NL 12? 
        a. margin -0.26123071321287317
      no, min 13.56,5958 vs max 39.68,17518
   (1) can we show that 2 NL 1? 
        a. margin 0.016552121736230996
      yes, 280, ags used 247 = 280
   (1) can we show that 9 NL 12? 
        a. margin -0.2106488856523001
      no, min 15.27,6711 vs max 36.34,16027
   (1) can we show that 9 NL 1? 
        a. margin 0.05193209230349427
      yes, 88, ags used 236 = 236
   (1) can we show that 10 NL 12? 
        a. margin -0.1608256337899966
      no, min 18.15,7975 vs max 34.23,15094
   (1) can we show that 10 NL 1? 
        a. margin 0.03905906270387183
      yes, 118, ags used 74 = 118
   (1) can we show that 4 NL 12? 
        a. margin -0.17318283191479678
      no, min 13.53,5945 vs max 30.85,13623
   (1) can we show that 4 NL 1? 
        a. margin 0.027581812389059213
      yes, 167, ags used 236 = 236
Best assertion(s) require sample: 118
ALTERNATE OUTCOME PAIR: 1,9
   (1) can we show that 7 NL 9? 
        a. margin -0.34266381442204263
      no, min 9.15,4021 vs max 43.42,19161
   (1) can we show that 7 NL 1? 
        a. margin 0.022059381305661985
      yes, 209, ags used 237 = 237
   (1) can we show that 6 NL 9? 
        a. margin -0.31332969216998374
      no, min 12.08,5309 vs max 43.41,19274
   (1) can we show that 6 NL 1? 
        a. margin 0.014594996434696972
      yes, 318, ags used 552 = 552
   (1) can we show that 2 NL 9? 
        a. margin -0.29097446634199864
      no, min 13.56,5958 vs max 42.66,18940
   (1) can we show that 2 NL 1? 
        a. margin 0.01863061914948627
      yes, 248, ags used 247 = 248
   (1) can we show that 12 NL 9? 
        a. margin -0.3210671642923273
      no, min 12.99,5707 vs max 45.09,20021
   (1) can we show that 12 NL 1? 
        a. margin 0.02211248160454171
      yes, 209, ags used 250 = 250
   (1) can we show that 10 NL 9? 
        a. margin -0.17740051279717273
      no, min 18.15,7975 vs max 35.89,15928
   (1) can we show that 10 NL 1? 
        a. margin 0.042100951253929875
      yes, 109, ags used 74 = 109
   (1) can we show that 4 NL 9? 
        a. margin -0.2921502586743153
      no, min 13.53,5945 vs max 42.74,18973
   (1) can we show that 4 NL 1? 
        a. margin 0.03223188141944977
      yes, 143, ags used 236 = 236
Best assertion(s) require sample: 109
ALTERNATE OUTCOME PAIR: 1,10
   (1) can we show that 7 NL 10? 
        a. margin -0.41559328205361745
      no, min 9.15,4021 vs max 50.71,22380
   (1) can we show that 7 NL 1? 
        a. margin -0.05253895286210308
      no, min 9.15,4021 vs max 14.40,6741
   (1) can we show that 6 NL 10? 
        a. margin -0.3750322394671787
      no, min 12.08,5309 vs max 49.59,22002
   (1) can we show that 6 NL 1? 
        a. margin -0.09797005143142934
      no, min 12.08,5309 vs max 21.88,10357
   (1) can we show that 2 NL 10? 
        a. margin -0.35767602749078575
      no, min 13.56,5958 vs max 49.33,21887
   (1) can we show that 2 NL 1? 
        a. margin -0.0737942439275997
      no, min 13.56,5958 vs max 20.94,9795
   (1) can we show that 12 NL 10? 
        a. margin -0.38050157025169784
      no, min 12.99,5707 vs max 51.04,22653
   (1) can we show that 12 NL 1? 
        a. margin -0.08844234066117163
      no, min 12.99,5707 vs max 21.83,10333
   (1) can we show that 9 NL 10? 
        a. margin -0.26830822447772273
      no, min 15.27,6711 vs max 42.10,18651
   (1) can we show that 9 NL 1? 
        a. margin -0.0054465735135678095
      no, min 15.27,6711 vs max 15.82,7368
   (1) can we show that 4 NL 10? 
        a. margin -0.3533445602536698
      no, min 13.53,5945 vs max 48.86,21675
   (1) can we show that 4 NL 1? 
        a. margin -0.07358184273208279
      no, min 13.53,5945 vs max 20.89,9863
ALTERNATE OUTCOME PAIR: 1,4
   (1) can we show that 7 NL 4? 
        a. margin -0.337953059335792
      no, min 9.15,4021 vs max 42.95,18943
   (1) can we show that 7 NL 1? 
        a. margin 0.021922837679974494
      yes, 211, ags used 237 = 237
   (1) can we show that 6 NL 4? 
        a. margin -0.196326976468983
      no, min 12.08,5309 vs max 31.71,14048
   (1) can we show that 6 NL 1? 
        a. margin 0.011120719736623874
      yes, 541, ags used 552 = 552
   (1) can we show that 2 NL 4? 
        a. margin -0.28357835328387593
      no, min 13.56,5958 vs max 41.92,18538
   (1) can we show that 2 NL 1? 
        a. margin 0.017682399526651293
      yes, 262, ags used 247 = 262
   (1) can we show that 12 NL 4? 
        a. margin -0.19597044589079682
      no, min 12.99,5707 vs max 32.58,14429
   (1) can we show that 12 NL 1? 
        a. margin 0.0187216482332786
      yes, 247, ags used 250 = 250
   (1) can we show that 9 NL 4? 
        a. margin -0.23559844036836597
      no, min 15.27,6711 vs max 38.83,17152
   (1) can we show that 9 NL 1? 
        a. margin 0.05255412437607432
      yes, 87, ags used 236 = 236
   (1) can we show that 10 NL 4? 
        a. margin -0.1807154885986082
      no, min 18.15,7975 vs max 36.22,16007
   (1) can we show that 10 NL 1? 
        a. margin 0.04007555413955122
      yes, 115, ags used 74 = 115
Best assertion(s) require sample: 115
ALTERNATE OUTCOME PAIR: 7,6
   (1) can we show that 1 NL 6? 
        a. margin -0.41367408553699747
      no, min 2.68,1177 vs max 44.05,19502
   (1) can we show that 1 NL 7? 
        a. margin -0.3097568006311413
      no, min 2.68,1177 vs max 33.65,15148
   (1) can we show that 2 NL 6? 
        a. margin -0.2639312426987135
      no, min 13.56,5958 vs max 39.95,17798
   (1) can we show that 2 NL 7? 
        a. margin -0.16742524236493772
      no, min 13.56,5958 vs max 30.30,13648
   (1) can we show that 12 NL 6? 
        a. margin -0.18485731191115728
      no, min 12.99,5707 vs max 31.47,14039
   (1) can we show that 12 NL 7? 
        a. margin -0.17872043451216102
      no, min 12.99,5707 vs max 30.86,13728
   (1) can we show that 9 NL 6? 
        a. margin -0.225759713561818
      no, min 15.27,6711 vs max 37.85,16791
   (1) can we show that 9 NL 7? 
        a. margin -0.09396477174457185
      no, min 15.27,6711 vs max 24.67,11122
   (1) can we show that 10 NL 6? 
        a. margin -0.17564061717718915
      no, min 18.47,8118 vs max 36.04,15964
   (1) can we show that 10 NL 7? 
        a. margin -0.036108203237598
      no, min 18.47,8118 vs max 22.09,9974
   (1) can we show that 4 NL 6? 
        a. margin -0.182278154537042
      no, min 13.53,5945 vs max 31.76,14187
   (1) can we show that 4 NL 7? 
        a. margin -0.17168085203222583
      no, min 13.53,5945 vs max 30.70,13676
ALTERNATE OUTCOME PAIR: 7,2
   (1) can we show that 1 NL 2? 
        a. margin -0.3732344150622815
      no, min 2.68,1177 vs max 40.00,17789
   (1) can we show that 1 NL 7? 
        a. margin -0.3076176171620245
      no, min 2.68,1177 vs max 33.44,15148
   (1) can we show that 6 NL 2? 
        a. margin -0.22966637840790727
      no, min 12.08,5309 vs max 35.05,15822
   (1) can we show that 6 NL 7? 
        a. margin -0.1838863350173744
      no, min 12.08,5309 vs max 30.47,13825
   (1) can we show that 12 NL 2? 
        a. margin -0.22981809354756055
      no, min 12.99,5707 vs max 35.97,16222
   (1) can we show that 12 NL 7? 
        a. margin -0.17217392623610206
      no, min 12.99,5707 vs max 30.20,13728
   (1) can we show that 9 NL 2? 
        a. margin -0.13620226662418677
      no, min 15.27,6711 vs max 28.89,12903
   (1) can we show that 9 NL 7? 
        a. margin -0.09425303050991374
      no, min 15.27,6711 vs max 24.70,11122
   (1) can we show that 10 NL 2? 
        a. margin -0.08653831565851933
      no, min 18.47,8118 vs max 27.13,12105
   (1) can we show that 10 NL 7? 
        a. margin -0.03674540682414429
      no, min 18.47,8118 vs max 22.15,9974
   (1) can we show that 4 NL 2? 
        a. margin -0.21553411314915427
      no, min 13.53,5945 vs max 35.08,15842
   (1) can we show that 4 NL 7? 
        a. margin -0.16553638887624678
      no, min 13.53,5945 vs max 30.08,13676
ALTERNATE OUTCOME PAIR: 7,12
   (1) can we show that 1 NL 12? 
        a. margin -0.40562559737836434
      no, min 2.68,1177 vs max 43.24,19177
   (1) can we show that 1 NL 7? 
        a. margin -0.3065252681565168
      no, min 2.68,1177 vs max 33.33,15148
   (1) can we show that 6 NL 12? 
        a. margin -0.16882860740673467
      no, min 12.08,5309 vs max 28.96,13012
   (1) can we show that 6 NL 7? 
        a. margin -0.18850606101982936
      no, min 12.08,5309 vs max 30.93,13825
   (1) can we show that 2 NL 12? 
        a. margin -0.25658064418248827
      no, min 13.56,5958 vs max 39.22,17518
   (1) can we show that 2 NL 7? 
        a. margin -0.16416336686238076
      no, min 13.56,5958 vs max 29.98,13648
   (1) can we show that 9 NL 12? 
        a. margin -0.2079104273815502
      no, min 15.27,6711 vs max 36.06,16027
   (1) can we show that 9 NL 7? 
        a. margin -0.09055876685934228
      no, min 15.27,6711 vs max 24.33,11122
   (1) can we show that 10 NL 12? 
        a. margin -0.15541698906133894
      no, min 18.47,8118 vs max 34.02,15094
   (1) can we show that 10 NL 7? 
        a. margin -0.033627660704258155
      no, min 18.47,8118 vs max 21.84,9974
   (1) can we show that 4 NL 12? 
        a. margin -0.16847207682854737
      no, min 13.53,5945 vs max 30.38,13623
   (1) can we show that 4 NL 7? 
        a. margin -0.1699437136831894
      no, min 13.53,5945 vs max 30.52,13676
ALTERNATE OUTCOME PAIR: 7,9
   (1) can we show that 1 NL 9? 
        a. margin -0.4490388845902963
      no, min 2.68,1177 vs max 47.58,21336
   (1) can we show that 1 NL 7? 
        a. margin -0.2995994720313253
      no, min 2.68,1177 vs max 32.64,15148
   (1) can we show that 6 NL 9? 
        a. margin -0.29883331057607154
      no, min 12.08,5309 vs max 41.97,19274
   (1) can we show that 6 NL 7? 
        a. margin -0.17440413878901317
      no, min 12.08,5309 vs max 29.52,13825
   (1) can we show that 2 NL 9? 
        a. margin -0.2773352752871293
      no, min 13.56,5958 vs max 41.29,18940
   (1) can we show that 2 NL 7? 
        a. margin -0.15935399693535568
      no, min 13.56,5958 vs max 29.49,13648
   (1) can we show that 12 NL 9? 
        a. margin -0.30679835540789524
      no, min 12.99,5707 vs max 43.67,20021
   (1) can we show that 12 NL 7? 
        a. margin -0.162926888474205
      no, min 12.99,5707 vs max 29.28,13728
   (1) can we show that 10 NL 9? 
        a. margin -0.16455782622548099
      no, min 18.47,8118 vs max 34.93,15928
   (1) can we show that 10 NL 7? 
        a. margin -0.031488477235139145
      no, min 18.47,8118 vs max 21.62,9974
   (1) can we show that 4 NL 9? 
        a. margin -0.2774490616418702
      no, min 13.53,5945 vs max 41.27,18973
   (1) can we show that 4 NL 7? 
        a. margin -0.1565700241227087
      no, min 13.53,5945 vs max 29.19,13676
ALTERNATE OUTCOME PAIR: 7,10
   (1) can we show that 1 NL 10? 
        a. margin -0.5285300320118955
      no, min 2.68,1177 vs max 55.53,24931
   (1) can we show that 1 NL 7? 
        a. margin -0.29492664572999006
      no, min 2.68,1177 vs max 32.17,15148
   (1) can we show that 6 NL 10? 
        a. margin -0.3583815028901822
      no, min 12.08,5309 vs max 47.92,22002
   (1) can we show that 6 NL 7? 
        a. margin -0.17001198549603824
      no, min 12.08,5309 vs max 29.08,13825
   (1) can we show that 2 NL 10? 
        a. margin -0.34182179539697155
      no, min 13.56,5958 vs max 47.74,21887
   (1) can we show that 2 NL 7? 
        a. margin -0.15451428398040212
      no, min 13.56,5958 vs max 29.01,13648
   (1) can we show that 12 NL 10? 
        a. margin -0.36427563606573166
      no, min 12.99,5707 vs max 49.42,22653
   (1) can we show that 12 NL 7? 
        a. margin -0.15908849544096526
      no, min 12.99,5707 vs max 28.90,13728
   (1) can we show that 9 NL 10? 
        a. margin -0.25824192496169895
      no, min 15.27,6711 vs max 41.10,18651
   (1) can we show that 9 NL 7? 
        a. margin -0.0849149636642208
      no, min 15.27,6711 vs max 23.76,11122
   (1) can we show that 4 NL 10? 
        a. margin -0.33660279459288156
      no, min 13.53,5945 vs max 47.19,21675
   (1) can we show that 4 NL 7? 
        a. margin -0.15319436226541328
      no, min 13.53,5945 vs max 28.85,13676
ALTERNATE OUTCOME PAIR: 7,4
   (1) can we show that 1 NL 4? 
        a. margin -0.4231031814664803
      no, min 2.68,1177 vs max 44.99,19908
   (1) can we show that 1 NL 7? 
        a. margin -0.30989334425682913
      no, min 2.68,1177 vs max 33.67,15148
   (1) can we show that 6 NL 4? 
        a. margin -0.19331543094685733
      no, min 12.08,5309 vs max 31.41,14048
   (1) can we show that 6 NL 7? 
        a. margin -0.18849847526284835
      no, min 12.08,5309 vs max 30.93,13825
   (1) can we show that 2 NL 4? 
        a. margin -0.2805819792757166
      no, min 13.56,5958 vs max 41.62,18538
   (1) can we show that 2 NL 7? 
        a. margin -0.16618117821977796
      no, min 13.56,5958 vs max 30.18,13648
   (1) can we show that 12 NL 4? 
        a. margin -0.1931864730781514
      no, min 12.99,5707 vs max 32.31,14429
   (1) can we show that 12 NL 7? 
        a. margin -0.17710466827484916
      no, min 12.99,5707 vs max 30.70,13728
   (1) can we show that 9 NL 4? 
        a. margin -0.23413438927070707
      no, min 15.27,6711 vs max 38.69,17152
   (1) can we show that 9 NL 7? 
        a. margin -0.09341101148483655
      no, min 15.27,6711 vs max 24.61,11122
   (1) can we show that 10 NL 4? 
        a. margin -0.1766343513419223
      no, min 18.47,8118 vs max 36.14,16007
   (1) can we show that 10 NL 7? 
        a. margin -0.03626750413423552
      no, min 18.47,8118 vs max 22.10,9974
ALTERNATE OUTCOME PAIR: 6,2
   (1) can we show that 1 NL 2? 
        a. margin -0.36530729901537595
      no, min 2.68,1177 vs max 39.21,17789
   (1) can we show that 1 NL 6? 
        a. margin -0.4051856234733714
      no, min 2.68,1177 vs max 43.20,19502
   (1) can we show that 7 NL 2? 
        a. margin -0.2671020891174801
      no, min 9.15,4021 vs max 35.86,16284
   (1) can we show that 7 NL 6? 
        a. margin -0.3197775856052746
      no, min 9.15,4021 vs max 41.13,18572
   (1) can we show that 12 NL 2? 
        a. margin -0.23285998209761605
      no, min 12.99,5707 vs max 36.27,16222
   (1) can we show that 12 NL 6? 
        a. margin -0.17916799417414142
      no, min 12.99,5707 vs max 30.90,14039
   (1) can we show that 9 NL 2? 
        a. margin -0.13114256671673297
      no, min 15.27,6711 vs max 28.39,12903
   (1) can we show that 9 NL 6? 
        a. margin -0.22082897152307202
      no, min 15.27,6711 vs max 37.36,16791
   (1) can we show that 10 NL 2? 
        a. margin -0.08122828577063435
      no, min 18.47,8118 vs max 26.60,12105
   (1) can we show that 10 NL 6? 
        a. margin -0.17048988818594335
      no, min 18.47,8118 vs max 35.52,15964
   (1) can we show that 4 NL 2? 
        a. margin -0.21842428655955826
      no, min 13.53,5945 vs max 35.37,15842
   (1) can we show that 4 NL 6? 
        a. margin -0.17724121190053677
      no, min 13.53,5945 vs max 31.25,14187
ALTERNATE OUTCOME PAIR: 6,12
   (1) can we show that 1 NL 12? 
        a. margin -0.3807291429611861
      no, min 2.68,1177 vs max 40.75,19177
   (1) can we show that 1 NL 6? 
        a. margin -0.38424893420115314
      no, min 2.68,1177 vs max 41.10,19502
   (1) can we show that 7 NL 12? 
        a. margin -0.2927495334759558
      no, min 9.15,4021 vs max 38.43,18114
   (1) can we show that 7 NL 6? 
        a. margin -0.2998422162547698
      no, min 9.15,4021 vs max 39.13,18572
   (1) can we show that 2 NL 12? 
        a. margin -0.2361066860862131
      no, min 13.56,5958 vs max 37.17,17518
   (1) can we show that 2 NL 6? 
        a. margin -0.23757832294085535
      no, min 13.56,5958 vs max 37.32,17798
   (1) can we show that 9 NL 12? 
        a. margin -0.18595724667364977
      no, min 15.27,6711 vs max 33.87,16027
   (1) can we show that 9 NL 6? 
        a. margin -0.197965499977248
      no, min 15.27,6711 vs max 35.07,16791
   (1) can we show that 10 NL 12? 
        a. margin -0.13302383444843946
      no, min 18.47,8118 vs max 31.78,15094
   (1) can we show that 10 NL 6? 
        a. margin -0.1483243062825249
      no, min 18.47,8118 vs max 33.31,15964
   (1) can we show that 4 NL 12? 
        a. margin -0.15653968109477667
      no, min 13.53,5945 vs max 29.18,13623
   (1) can we show that 4 NL 6? 
        a. margin -0.16384476506910906
      no, min 13.53,5945 vs max 29.91,14187
ALTERNATE OUTCOME PAIR: 6,9
   (1) can we show that 1 NL 9? 
        a. margin -0.44413089982249954
      no, min 2.68,1177 vs max 47.09,21336
   (1) can we show that 1 NL 6? 
        a. margin -0.4052994098281131
      no, min 2.68,1177 vs max 43.21,19502
   (1) can we show that 7 NL 9? 
        a. margin -0.33085279080000096
      no, min 9.15,4021 vs max 42.24,19161
   (1) can we show that 7 NL 6? 
        a. margin -0.3203616888929427
      no, min 9.15,4021 vs max 41.19,18572
   (1) can we show that 2 NL 9? 
        a. margin -0.2825391045772532
      no, min 13.56,5958 vs max 41.81,18940
   (1) can we show that 2 NL 6? 
        a. margin -0.25930393093927584
      no, min 13.56,5958 vs max 39.49,17798
   (1) can we show that 12 NL 9? 
        a. margin -0.317919075144513
      no, min 12.99,5707 vs max 44.78,20021
   (1) can we show that 12 NL 6? 
        a. margin -0.17825011757923737
      no, min 12.99,5707 vs max 30.81,14039
   (1) can we show that 10 NL 9? 
        a. margin -0.16596119126727782
      no, min 18.47,8118 vs max 35.07,15928
   (1) can we show that 10 NL 6? 
        a. margin -0.17090710481999116
      no, min 18.47,8118 vs max 35.57,15964
   (1) can we show that 4 NL 9? 
        a. margin -0.28891872619969183
      no, min 13.53,5945 vs max 42.42,18973
   (1) can we show that 4 NL 6? 
        a. margin -0.17608817683916855
      no, min 13.53,5945 vs max 31.14,14187
ALTERNATE OUTCOME PAIR: 6,10
   (1) can we show that 1 NL 10? 
        a. margin -0.5239254775234045
      no, min 2.68,1177 vs max 55.07,24931
   (1) can we show that 1 NL 6? 
        a. margin -0.4042374038505364
      no, min 2.68,1177 vs max 43.10,19502
   (1) can we show that 7 NL 10? 
        a. margin -0.40251543701546666
      no, min 9.15,4021 vs max 49.40,22380
   (1) can we show that 7 NL 6? 
        a. margin -0.3197851713622578
      no, min 9.15,4021 vs max 41.13,18572
   (1) can we show that 2 NL 10? 
        a. margin -0.34823934580432514
      no, min 13.56,5958 vs max 48.38,21887
   (1) can we show that 2 NL 6? 
        a. margin -0.25766540743101707
      no, min 13.56,5958 vs max 39.33,17798
   (1) can we show that 12 NL 10? 
        a. margin -0.37701970779664595
      no, min 12.99,5707 vs max 50.69,22653
   (1) can we show that 12 NL 6? 
        a. margin -0.17775704337536324
      no, min 12.99,5707 vs max 30.76,14039
   (1) can we show that 9 NL 10? 
        a. margin -0.2593494454811718
      no, min 15.27,6711 vs max 41.21,18651
   (1) can we show that 9 NL 6? 
        a. margin -0.21974420827454955
      no, min 15.27,6711 vs max 37.25,16791
   (1) can we show that 4 NL 10? 
        a. margin -0.3491117078573316
      no, min 13.53,5945 vs max 48.44,21675
   (1) can we show that 4 NL 6? 
        a. margin -0.17664952285588986
      no, min 13.53,5945 vs max 31.19,14187
ALTERNATE OUTCOME PAIR: 6,4
   (1) can we show that 1 NL 4? 
        a. margin -0.398532914599557
      no, min 2.68,1177 vs max 42.53,19908
   (1) can we show that 1 NL 6? 
        a. margin -0.3875790815165526
      no, min 2.68,1177 vs max 41.44,19502
   (1) can we show that 7 NL 4? 
        a. margin -0.31272283161137615
      no, min 9.15,4021 vs max 40.42,18943
   (1) can we show that 7 NL 6? 
        a. margin -0.30182968458423476
      no, min 9.15,4021 vs max 39.33,18572
   (1) can we show that 2 NL 4? 
        a. margin -0.2602142217772012
      no, min 13.56,5958 vs max 39.58,18538
   (1) can we show that 2 NL 6? 
        a. margin -0.24057469694901934
      no, min 13.56,5958 vs max 37.62,17798
   (1) can we show that 12 NL 4? 
        a. margin -0.18293052963755407
      no, min 12.99,5707 vs max 31.28,14429
   (1) can we show that 12 NL 6? 
        a. margin -0.16828243290398426
      no, min 12.99,5707 vs max 29.82,14039
   (1) can we show that 9 NL 4? 
        a. margin -0.21201432190918768
      no, min 15.27,6711 vs max 36.47,17152
   (1) can we show that 9 NL 6? 
        a. margin -0.20170527816971473
      no, min 15.27,6711 vs max 35.44,16791
   (1) can we show that 10 NL 4? 
        a. margin -0.15453704125134693
      no, min 18.47,8118 vs max 33.93,16007
   (1) can we show that 10 NL 6? 
        a. margin -0.1520261556900785
      no, min 18.47,8118 vs max 33.68,15964
ALTERNATE OUTCOME PAIR: 2,12
   (1) can we show that 1 NL 12? 
        a. margin -0.399230804241961
      no, min 2.68,1177 vs max 42.60,19177
   (1) can we show that 1 NL 2? 
        a. margin -0.3679774854732816
      no, min 2.68,1177 vs max 39.48,17789
   (1) can we show that 7 NL 12? 
        a. margin -0.3110312078042332
      no, min 9.15,4021 vs max 40.25,18114
   (1) can we show that 7 NL 2? 
        a. margin -0.27018949220943356
      no, min 9.15,4021 vs max 36.17,16284
   (1) can we show that 6 NL 12? 
        a. margin -0.1679486595967431
      no, min 12.08,5309 vs max 28.88,13012
   (1) can we show that 6 NL 2? 
        a. margin -0.23496123678182057
      no, min 12.08,5309 vs max 35.58,15822
   (1) can we show that 9 NL 12? 
        a. margin -0.2056271145297609
      no, min 15.27,6711 vs max 35.84,16027
   (1) can we show that 9 NL 2? 
        a. margin -0.1328645335518024
      no, min 15.27,6711 vs max 28.56,12903
   (1) can we show that 10 NL 12? 
        a. margin -0.1527316310894674
      no, min 18.47,8118 vs max 33.75,15094
   (1) can we show that 10 NL 2? 
        a. margin -0.08366331376207725
      no, min 18.47,8118 vs max 26.84,12105
   (1) can we show that 4 NL 12? 
        a. margin -0.16602187732313867
      no, min 13.53,5945 vs max 30.13,13623
   (1) can we show that 4 NL 2? 
        a. margin -0.2204041691320392
      no, min 13.53,5945 vs max 35.57,15842
ALTERNATE OUTCOME PAIR: 2,9
   (1) can we show that 1 NL 9? 
        a. margin -0.4358775962253356
      no, min 2.68,1177 vs max 46.27,21336
   (1) can we show that 1 NL 2? 
        a. margin -0.3554154719099545
      no, min 2.68,1177 vs max 38.22,17789
   (1) can we show that 7 NL 9? 
        a. margin -0.32300153232292195
      no, min 9.15,4021 vs max 41.45,19161
   (1) can we show that 7 NL 2? 
        a. margin -0.2587956852214407
      no, min 9.15,4021 vs max 35.03,16284
   (1) can we show that 6 NL 9? 
        a. margin -0.29662585529411156
      no, min 12.08,5309 vs max 41.74,19274
   (1) can we show that 6 NL 2? 
        a. margin -0.216171316735705
      no, min 12.08,5309 vs max 33.70,15822
   (1) can we show that 12 NL 9? 
        a. margin -0.3032330496260355
      no, min 12.99,5707 vs max 43.31,20021
   (1) can we show that 12 NL 2? 
        a. margin -0.21570099980277868
      no, min 12.99,5707 vs max 34.56,16222
   (1) can we show that 10 NL 9? 
        a. margin -0.1617890249267997
      no, min 18.47,8118 vs max 34.65,15928
   (1) can we show that 10 NL 2? 
        a. margin -0.07667683158102023
      no, min 18.47,8118 vs max 26.14,12105
   (1) can we show that 4 NL 9? 
        a. margin -0.2745816455024166
      no, min 13.53,5945 vs max 40.99,18973
   (1) can we show that 4 NL 2? 
        a. margin -0.2021831808596236
      no, min 13.53,5945 vs max 33.75,15842
ALTERNATE OUTCOME PAIR: 2,10
   (1) can we show that 1 NL 10? 
        a. margin -0.5155659733284819
      no, min 2.68,1177 vs max 54.24,24931
   (1) can we show that 1 NL 2? 
        a. margin -0.3553472000971092
      no, min 2.68,1177 vs max 38.21,17789
   (1) can we show that 7 NL 10? 
        a. margin -0.3943304052311477
      no, min 9.15,4021 vs max 48.58,22380
   (1) can we show that 7 NL 2? 
        a. margin -0.25925841639738345
      no, min 9.15,4021 vs max 35.08,16284
   (1) can we show that 6 NL 10? 
        a. margin -0.35684917997968013
      no, min 12.08,5309 vs max 47.77,22002
   (1) can we show that 6 NL 2? 
        a. margin -0.21566307101786408
      no, min 12.08,5309 vs max 33.65,15822
   (1) can we show that 12 NL 10? 
        a. margin -0.3614006341692947
      no, min 12.99,5707 vs max 49.13,22653
   (1) can we show that 12 NL 2? 
        a. margin -0.21572375707372626
      no, min 12.99,5707 vs max 34.56,16222
   (1) can we show that 9 NL 10? 
        a. margin -0.25436560314354706
      no, min 15.27,6711 vs max 40.71,18651
   (1) can we show that 9 NL 2? 
        a. margin -0.12480845963618636
      no, min 15.27,6711 vs max 27.75,12903
   (1) can we show that 4 NL 10? 
        a. margin -0.33414500933049207
      no, min 13.53,5945 vs max 46.94,21675
   (1) can we show that 4 NL 2? 
        a. margin -0.20255488295177515
      no, min 13.53,5945 vs max 33.78,15842
ALTERNATE OUTCOME PAIR: 2,4
   (1) can we show that 1 NL 4? 
        a. margin -0.41630634320999416
      no, min 2.68,1177 vs max 44.31,19908
   (1) can we show that 1 NL 2? 
        a. margin -0.36762854065207806
      no, min 2.68,1177 vs max 39.44,17789
   (1) can we show that 7 NL 4? 
        a. margin -0.33013972964362814
      no, min 9.15,4021 vs max 42.16,18943
   (1) can we show that 7 NL 2? 
        a. margin -0.26889232776539485
      no, min 9.15,4021 vs max 36.04,16284
   (1) can we show that 6 NL 4? 
        a. margin -0.1910548753660165
      no, min 12.08,5309 vs max 31.19,14048
   (1) can we show that 6 NL 2? 
        a. margin -0.23304962602218382
      no, min 12.08,5309 vs max 35.39,15822
   (1) can we show that 12 NL 4? 
        a. margin -0.19018251331300762
      no, min 12.99,5707 vs max 32.01,14429
   (1) can we show that 12 NL 2? 
        a. margin -0.23283722482666902
      no, min 12.99,5707 vs max 36.27,16222
   (1) can we show that 9 NL 4? 
        a. margin -0.2308800995251351
      no, min 15.27,6711 vs max 38.36,17152
   (1) can we show that 9 NL 2? 
        a. margin -0.1329707341495623
      no, min 15.27,6711 vs max 28.57,12903
   (1) can we show that 10 NL 4? 
        a. margin -0.17344833340919263
      no, min 18.47,8118 vs max 35.82,16007
   (1) can we show that 10 NL 2? 
        a. margin -0.08385295768664669
      no, min 18.47,8118 vs max 26.86,12105
ALTERNATE OUTCOME PAIR: 12,9
   (1) can we show that 1 NL 9? 
        a. margin -0.44649765600109736
      no, min 2.68,1177 vs max 47.33,21336
   (1) can we show that 1 NL 12? 
        a. margin -0.39851015732860806
      no, min 2.68,1177 vs max 42.53,19177
   (1) can we show that 7 NL 9? 
        a. margin -0.3339553654059203
      no, min 9.15,4021 vs max 42.55,19161
   (1) can we show that 7 NL 12? 
        a. margin -0.3107429490388922
      no, min 9.15,4021 vs max 40.22,18114
   (1) can we show that 6 NL 9? 
        a. margin -0.312389058304132
      no, min 12.08,5309 vs max 43.32,19274
   (1) can we show that 6 NL 12? 
        a. margin -0.1655515603902118
      no, min 12.08,5309 vs max 28.64,13012
   (1) can we show that 2 NL 9? 
        a. margin -0.28397281264698104
      no, min 13.56,5958 vs max 41.96,18940
   (1) can we show that 2 NL 12? 
        a. margin -0.2538346001547567
      no, min 13.56,5958 vs max 38.94,17518
   (1) can we show that 10 NL 9? 
        a. margin -0.16803968868053543
      no, min 18.47,8118 vs max 35.28,15928
   (1) can we show that 10 NL 12? 
        a. margin -0.15232200021240128
      no, min 18.47,8118 vs max 33.71,15094
   (1) can we show that 4 NL 9? 
        a. margin -0.29048897789510797
      no, min 13.53,5945 vs max 42.58,18973
   (1) can we show that 4 NL 12? 
        a. margin -0.1644971401696177
      no, min 13.53,5945 vs max 29.98,13623
ALTERNATE OUTCOME PAIR: 12,10
   (1) can we show that 1 NL 10? 
        a. margin -0.5238268626826293
      no, min 2.68,1177 vs max 55.06,24931
   (1) can we show that 1 NL 12? 
        a. margin -0.39647717445724673
      no, min 2.68,1177 vs max 42.33,19177
   (1) can we show that 7 NL 10? 
        a. margin -0.40337262755451053
      no, min 9.15,4021 vs max 49.49,22380
   (1) can we show that 7 NL 12? 
        a. margin -0.30917269734347586
      no, min 9.15,4021 vs max 40.07,18114
   (1) can we show that 6 NL 10? 
        a. margin -0.3722937811964291
      no, min 12.08,5309 vs max 49.31,22002
   (1) can we show that 6 NL 12? 
        a. margin -0.1633516908652337
      no, min 12.08,5309 vs max 28.42,13012
   (1) can we show that 2 NL 10? 
        a. margin -0.34696493863123357
      no, min 13.56,5958 vs max 48.26,21887
   (1) can we show that 2 NL 12? 
        a. margin -0.2510126985571981
      no, min 13.56,5958 vs max 38.66,17518
   (1) can we show that 9 NL 10? 
        a. margin -0.2579915949812699
      no, min 15.27,6711 vs max 41.07,18651
   (1) can we show that 9 NL 12? 
        a. margin -0.2023652390272066
      no, min 15.27,6711 vs max 35.51,16027
   (1) can we show that 4 NL 10? 
        a. margin -0.34954409600534386
      no, min 13.53,5945 vs max 48.48,21675
   (1) can we show that 4 NL 12? 
        a. margin -0.16356409206074896
      no, min 13.53,5945 vs max 29.89,13623
ALTERNATE OUTCOME PAIR: 12,4
   (1) can we show that 1 NL 4? 
        a. margin -0.3951800100132081
      no, min 2.68,1177 vs max 42.20,19908
   (1) can we show that 1 NL 12? 
        a. margin -0.38063052812041065
      no, min 2.68,1177 vs max 40.74,19177
   (1) can we show that 7 NL 4? 
        a. margin -0.3099236872847638
      no, min 9.15,4021 vs max 40.14,18943
   (1) can we show that 7 NL 12? 
        a. margin -0.29184682839501697
      no, min 9.15,4021 vs max 38.34,18114
   (1) can we show that 6 NL 4? 
        a. margin -0.18513039916253393
      no, min 12.08,5309 vs max 30.59,14048
   (1) can we show that 6 NL 12? 
        a. margin -0.1607725334911182
      no, min 12.08,5309 vs max 28.16,13012
   (1) can we show that 2 NL 4? 
        a. margin -0.2559130975680174
      no, min 13.56,5958 vs max 39.15,18538
   (1) can we show that 2 NL 12? 
        a. margin -0.2345667774187279
      no, min 13.56,5958 vs max 37.02,17518
   (1) can we show that 9 NL 4? 
        a. margin -0.20778905526983082
      no, min 15.27,6711 vs max 36.05,17152
   (1) can we show that 9 NL 12? 
        a. margin -0.1855400300396023
      no, min 15.27,6711 vs max 33.83,16027
   (1) can we show that 10 NL 4? 
        a. margin -0.1510096642543971
      no, min 18.47,8118 vs max 33.58,16007
   (1) can we show that 10 NL 12? 
        a. margin -0.13376723863274398
      no, min 18.47,8118 vs max 31.85,15094
ALTERNATE OUTCOME PAIR: 9,10
   (1) can we show that 1 NL 10? 
        a. margin -0.509679425909916
      no, min 2.68,1177 vs max 53.65,24931
   (1) can we show that 1 NL 9? 
        a. margin -0.4293841882481555
      no, min 2.68,1177 vs max 45.62,21336
   (1) can we show that 7 NL 10? 
        a. margin -0.389763779527571
      no, min 9.15,4021 vs max 48.13,22380
   (1) can we show that 7 NL 9? 
        a. margin -0.3185335214601196
      no, min 9.15,4021 vs max 41.00,19161
   (1) can we show that 6 NL 10? 
        a. margin -0.3487627630361373
      no, min 12.08,5309 vs max 46.96,22002
   (1) can we show that 6 NL 9? 
        a. margin -0.28735606026126814
      no, min 12.08,5309 vs max 40.82,19274
   (1) can we show that 2 NL 10? 
        a. margin -0.3362083352297839
      no, min 13.56,5958 vs max 47.18,21887
   (1) can we show that 2 NL 9? 
        a. margin -0.26918817228772707
      no, min 13.56,5958 vs max 40.48,18940
   (1) can we show that 12 NL 10? 
        a. margin -0.35351903266428397
      no, min 12.99,5707 vs max 48.34,22653
   (1) can we show that 12 NL 9? 
        a. margin -0.29491905997301016
      no, min 12.99,5707 vs max 42.48,20021
   (1) can we show that 4 NL 10? 
        a. margin -0.32700681200978454
      no, min 13.53,5945 vs max 46.23,21675
   (1) can we show that 4 NL 9? 
        a. margin -0.26736759061188053
      no, min 13.53,5945 vs max 40.27,18973
ALTERNATE OUTCOME PAIR: 9,4
   (1) can we show that 1 NL 4? 
        a. margin -0.41414440246992956
      no, min 2.68,1177 vs max 44.09,19908
   (1) can we show that 1 NL 9? 
        a. margin -0.4427427062946673
      no, min 2.68,1177 vs max 46.95,21336
   (1) can we show that 7 NL 4? 
        a. margin -0.32836466250967933
      no, min 9.15,4021 vs max 41.99,18943
   (1) can we show that 7 NL 9? 
        a. margin -0.32925978183363813
      no, min 9.15,4021 vs max 42.08,19161
   (1) can we show that 6 NL 4? 
        a. margin -0.18761094169587567
      no, min 12.08,5309 vs max 30.84,14048
   (1) can we show that 6 NL 9? 
        a. margin -0.3083534355893436
      no, min 12.08,5309 vs max 42.92,19274
   (1) can we show that 2 NL 4? 
        a. margin -0.2755829654241272
      no, min 13.56,5958 vs max 41.12,18538
   (1) can we show that 2 NL 9? 
        a. margin -0.2796261738959023
      no, min 13.56,5958 vs max 41.52,18940
   (1) can we show that 12 NL 4? 
        a. margin -0.1867082366149353
      no, min 12.99,5707 vs max 31.66,14429
   (1) can we show that 12 NL 9? 
        a. margin -0.3153171604994527
      no, min 12.99,5707 vs max 44.52,20021
   (1) can we show that 10 NL 4? 
        a. margin -0.17180222414394786
      no, min 18.47,8118 vs max 35.65,16007
   (1) can we show that 10 NL 9? 
        a. margin -0.16502814315840886
      no, min 18.47,8118 vs max 34.98,15928
Alternate outcome cannot be ruled out: 1,10
Alternate outcome cannot be ruled out: 7,6
Alternate outcome cannot be ruled out: 7,2
Alternate outcome cannot be ruled out: 7,12
Alternate outcome cannot be ruled out: 7,9
Alternate outcome cannot be ruled out: 7,10
Alternate outcome cannot be ruled out: 7,4
Alternate outcome cannot be ruled out: 6,2
Alternate outcome cannot be ruled out: 6,12
Alternate outcome cannot be ruled out: 6,9
Alternate outcome cannot be ruled out: 6,10
Alternate outcome cannot be ruled out: 6,4
Alternate outcome cannot be ruled out: 2,12
Alternate outcome cannot be ruled out: 2,9
Alternate outcome cannot be ruled out: 2,10
Alternate outcome cannot be ruled out: 2,4
Alternate outcome cannot be ruled out: 12,9
Alternate outcome cannot be ruled out: 12,10
Alternate outcome cannot be ruled out: 12,4
Alternate outcome cannot be ruled out: 9,10
Alternate outcome cannot be ruled out: 9,4
Best sample size: inf
------------------------------------------------
Final set of assertions generated:
(9, 'AG', 8, 64)
(10, 'AG', 11, 33)
(9, 'AG', 5, 198)
10 NL 1 = 91 [rules out (1, 7)]
(9, 'AG', 3, 153)
10 NL 1 = 109 [rules out (1, 9)]
10 NL 1 = 119 [rules out (1, 6)]
(10, 'AG', 8, 40)
10 NL 1 = 115 [rules out (1, 4)]
(10, 'AG', 5, 65)
(10, 'AG', 3, 74)
10 NL 1 = 121 [rules out (1, 2)]
(9, 'AG', 11, 46)
10 NL 1 = 118 [rules out (1, 12)]
[] are verified winners with these assertions.
[1, 2, 4, 6, 7, 9, 10, 12] remain as potential winners in this audit.
------------------------------------------------
