VALID BALLOTS 3499
25 ballot checks required to assert that first winner has a quota's worth of votes
AUD TV 0.2588135593220339, ss 80
AG*(4,7) = 15
AG*(4,6) = 24
AG*(4,5) = 123
AG*(6,7) = 83
AG*(5,7) = 22
AG*(5,6) = 46
AG*(4,7) = 15
AG*(4,6) = 24
AG*(4,5) = 123
AG*(3,7) = 10
AG*(3,6) = 15
AG*(3,5) = 45
AG*(3,4) = 194
NL(4,7) = 15, AG*'s used 0
NL(4,6) = 24, AG*'s used 0
NL(4,5) = 94, AG*'s used 24
Max in loop 94, 0.2588135593220339
AUD TV 0.3088135593220339, ss 37
AG*(4,7) = 15
AG*(4,6) = 24
AG*(4,5) = 144
AG*(6,7) = 83
AG*(5,7) = 22
AG*(5,6) = 47
AG*(4,7) = 15
AG*(4,6) = 24
AG*(4,5) = 144
AG*(3,7) = 10
AG*(3,6) = 15
AG*(3,5) = 45
AG*(3,4) = 194
NL(4,7) = 15, AG*'s used 0
NL(4,6) = 24, AG*'s used 0
NL(4,5) = 106, AG*'s used 24
Max in loop 106, 0.3088135593220339
Breaking out of inner loop 106 > 94
Sample size to show min tv of 0.10440677966101695 is 46
AUD TV 0.2588135593220339, ss 80
AG*(4,7) = 15
AG*(4,6) = 22
AG*(4,5) = 93
AG*(6,7) = 78
AG*(5,7) = 21
AG*(5,6) = 42
AG*(4,7) = 15
AG*(4,6) = 22
AG*(4,5) = 93
AG*(3,7) = 10
AG*(3,6) = 15
AG*(3,5) = 45
AG*(3,4) = 194
NL(4,7) = 15, AG*'s used 0
NL(4,6) = 22, AG*'s used 15
NL(4,5) = 73, AG*'s used 22
Max in loop 80, 0.2588135593220339
AUD TV 0.3088135593220339, ss 37
AG*(4,7) = 15
AG*(4,6) = 23
AG*(4,5) = 104
AG*(6,7) = 78
AG*(5,7) = 21
AG*(5,6) = 43
AG*(4,7) = 15
AG*(4,6) = 23
AG*(4,5) = 104
AG*(3,7) = 10
AG*(3,6) = 15
AG*(3,5) = 45
AG*(3,4) = 194
NL(4,7) = 15, AG*'s used 0
NL(4,6) = 23, AG*'s used 15
NL(4,5) = 80, AG*'s used 23
Max in loop 80, 0.3088135593220339
AUD TV 0.3588135593220339, ss 23
AG*(4,7) = 15
AG*(4,6) = 23
AG*(4,5) = 119
AG*(6,7) = 78
AG*(5,7) = 21
AG*(5,6) = 44
AG*(4,7) = 15
AG*(4,6) = 23
AG*(4,5) = 119
AG*(3,7) = 10
AG*(3,6) = 15
AG*(3,5) = 45
AG*(3,4) = 194
NL(4,7) = 15, AG*'s used 0
NL(4,6) = 23, AG*'s used 15
NL(4,5) = 88, AG*'s used 23
Max in loop 88, 0.3588135593220339
Breaking out of inner loop 88 > 80
New mintv = 0.15440677966101696
Sample size to show min tv of 0.15440677966101696 is 84
Sample size required for audit is 80 ballots
------------------------------------------------
Assertion set BEFORE filtering:
(4, 'NL', 6, 23)
(3, 'QT', None, 25)
(3, 'LT', 0.10440677966101695, 46)
(4, 'AG*', 7, 15)
(3, 'MT', 0.3088135593220339, 37)
(4, 'NL', 5, 80)
(4, 'AG*', 6, 23)
(4, 'NL', 7, 15)
------------------------------------------------
Final set of assertions AFTER filtering:
(3, 'QT', None, 25)
(3, 'LT', 0.10440677966101695, 46)
(4, 'AG*', 7, 15)
(3, 'MT', 0.3088135593220339, 37)
(4, 'NL', 5, 80)
(4, 'AG*', 6, 23)
------------------------------------------------
Explanations for AG* inclusion:
   Explanation for (4, 'AG*', 7, 15): []
   Explanation for (4, 'AG*', 6, 23): []
------------------------------------------------
