VALID BALLOTS 101431
Winner 13
Winner 2
Computing AG relationships
6 AG 15 = 11742
8 AG 15 = 11363
7 AG 15 = 4570
7 AG 16 = 11237
5 AG 15 = 3554
5 AG 16 = 6708
9 AG 15 = 2393
9 AG 16 = 4470
11 AG 15 = 1741
11 AG 16 = 3095
0 AG 15 = 591
0 AG 16 = 650
3 AG 15 = 394
3 AG 16 = 420
4 AG 15 = 151
4 AG 16 = 155
4 AG 6 = 2274
4 AG 8 = 352
4 AG 7 = 509
4 AG 5 = 867
4 AG 9 = 1244
4 AG 11 = 569
12 AG 15 = 59
12 AG 16 = 59
12 AG 6 = 87
12 AG 8 = 73
12 AG 7 = 76
12 AG 5 = 82
12 AG 9 = 85
12 AG 11 = 76
12 AG 0 = 96
12 AG 3 = 118
10 AG 15 = 38
10 AG 16 = 38
10 AG 6 = 48
10 AG 8 = 43
10 AG 7 = 44
10 AG 5 = 46
10 AG 9 = 46
10 AG 11 = 45
10 AG 0 = 52
10 AG 3 = 56
10 AG 4 = 484
13 AG 15 = 15
13 AG 16 = 15
13 AG 6 = 16
13 AG 8 = 16
13 AG 7 = 16
13 AG 5 = 16
13 AG 9 = 16
13 AG 11 = 16
13 AG 0 = 17
13 AG 3 = 17
13 AG 4 = 21
13 AG 12 = 32
13 AG 10 = 50
13 AG 1 = 85
13 AG 14 = 84
13 AG 2 = 370
1 AG 15 = 35
1 AG 16 = 35
1 AG 6 = 41
1 AG 8 = 40
1 AG 7 = 41
1 AG 5 = 41
1 AG 9 = 43
1 AG 11 = 41
1 AG 0 = 46
1 AG 3 = 46
14 AG 15 = 29
14 AG 16 = 29
14 AG 6 = 35
14 AG 8 = 32
14 AG 7 = 33
14 AG 5 = 34
14 AG 9 = 33
14 AG 11 = 33
14 AG 0 = 36
14 AG 3 = 39
14 AG 4 = 302
2 AG 15 = 31
2 AG 16 = 32
2 AG 6 = 37
2 AG 8 = 34
2 AG 7 = 35
2 AG 5 = 36
2 AG 9 = 37
2 AG 11 = 36
2 AG 0 = 39
2 AG 3 = 41
2 AG 4 = 405
Ruling out candidates: [(15, 29), (16, 29), (6, 35), (8, 32), (7, 33), (5, 34), (9, 33), (11, 33), (0, 36), (3, 39), (4, 302)]
STAGE 1 ASN (Ruling out candidates): 302
ALTERNATE OUTCOME PAIR: 12,10
   (1) can we show that 13 NL 10?
        a. margin 0.09628220169376212
      yes, 42, ags used 21 = 42
   (1) can we show that 13 NL 12?
        a. margin 0.14910628900434775
      yes, 28, ags used 21 = 28
   (1) can we show that 1 NL 10?
        a. margin -0.03163398435060949
      no
   (1) can we show that 1 NL 12?
        a. margin 0.000607966663709103
      yes, 407, ags used 46 = 407
   (1) can we show that 14 NL 10?
        a. margin -0.017440427482722343
      no
   (1) can we show that 14 NL 12?
        a. margin 0.028344391754000275
      yes, 143, ags used 39 = 143
   (1) can we show that 2 NL 10?
        a. margin -0.02056899107110588
      no
   (1) can we show that 2 NL 12?
        a. margin 0.018814103512075464
      yes, 181, ags used 41 = 181
      Best assertion(s) require sample: 28

ALTERNATE OUTCOME PAIR: 12,13
   (1) can we show that 10 NL 13?
        a. margin -0.34346830193267686
      no
   (1) can we show that 10 NL 12?
        a. margin -0.030533071743352735
      no
   (1) can we show that 1 NL 13?
        a. margin -0.3512141258589583
      no
   (1) can we show that 1 NL 12?
        a. margin -0.048134528234300644
      no
   (1) can we show that 14 NL 13?
        a. margin -0.3345459803544608
      no
   (1) can we show that 14 NL 12?
        a. margin -0.028022333737549143
      no
   (1) can we show that 2 NL 13?
        a. margin -0.3181768887223826
      no
   (1) can we show that 2 NL 12?
        a. margin -0.030759826877384766
      no

ALTERNATE OUTCOME PAIR: 12,1
   (1) can we show that 10 NL 1?
        a. margin -0.0854341046294197
      no
   (1) can we show that 10 NL 12?
        a. margin 0.000496232249837858
      yes, 724, ags used 484 = 724
   (1) can we show that 13 NL 1?
        a. margin 0.058443671067030856
      yes, 36, ags used 50 = 50
   (1) can we show that 13 NL 12?
        a. margin 0.14637208217080233
      yes, 28, ags used 21 = 28
   (1) can we show that 14 NL 1?
        a. margin -0.04133516051963082
      no
   (1) can we show that 14 NL 12?
        a. margin 0.02545244221851961
      yes, 158, ags used 39 = 158
   (1) can we show that 2 NL 1?
        a. margin -0.03908075440447201
      no
   (1) can we show that 2 NL 12?
        a. margin 0.015784129112401457
      yes, 206, ags used 41 = 206
      Best assertion(s) require sample: 28

ALTERNATE OUTCOME PAIR: 12,14
   (1) can we show that 10 NL 14?
        a. margin -0.09233206153279905
      no
   (1) can we show that 10 NL 12?
        a. margin 0.00046665549322533195
      yes, 623, ags used 484 = 623
   (1) can we show that 13 NL 14?
        a. margin 0.05827935575251475
      yes, 36, ags used 50 = 50
   (1) can we show that 13 NL 12?
        a. margin 0.14753872090386588
      yes, 28, ags used 21 = 28
   (1) can we show that 1 NL 14?
        a. margin -0.05741834350445141
      no
   (1) can we show that 1 NL 12?
        a. margin 0.0013342403538696423
      yes, 454, ags used 46 = 454
   (1) can we show that 2 NL 14?
        a. margin -0.04434541708156303
      no
   (1) can we show that 2 NL 12?
        a. margin 0.01663199613530386
      yes, 198, ags used 41 = 198
      Best assertion(s) require sample: 28

ALTERNATE OUTCOME PAIR: 12,2
   (1) can we show that 10 NL 2?
        a. margin -0.120301814369703
      no
   (1) can we show that 10 NL 12?
        a. margin 1.3145225161270702e-05
      yes, 668, ags used 484 = 668
   (1) can we show that 13 NL 2?
        a. margin 0.02200182061368494
      yes, 50, ags used 50 = 50
   (1) can we show that 13 NL 12?
        a. margin 0.14698990775338228
      yes, 28, ags used 21 = 28
   (1) can we show that 1 NL 2?
        a. margin -0.0752761318860441
      no
   (1) can we show that 1 NL 12?
        a. margin 0.0007361326090311593
      yes, 475, ags used 46 = 475
   (1) can we show that 14 NL 2?
        a. margin -0.06308722185525151
      no
   (1) can we show that 14 NL 12?
        a. margin 0.025971678612389804
      yes, 155, ags used 39 = 155
      Best assertion(s) require sample: 28

ALTERNATE OUTCOME PAIR: 10,13
   (1) can we show that 12 NL 13?
        a. margin -0.4241865570354887
      no
   (1) can we show that 12 NL 10?
        a. margin -0.195157299050586
      no
   (1) can we show that 1 NL 13?
        a. margin -0.3386242864607466
      no
   (1) can we show that 1 NL 10?
        a. margin -0.13649015915581342
      no
   (1) can we show that 14 NL 13?
        a. margin -0.3215453526699593
      no
   (1) can we show that 14 NL 10?
        a. margin -0.12172807129970109
      no
   (1) can we show that 2 NL 13?
        a. margin -0.3055311821172355
      no
   (1) can we show that 2 NL 10?
        a. margin -0.117574180148738
      no

ALTERNATE OUTCOME PAIR: 10,1
   (1) can we show that 12 NL 1?
        a. margin -0.13727887266549
      no
   (1) can we show that 12 NL 10?
        a. margin -0.09580240097537562
      no
   (1) can we show that 13 NL 1?
        a. margin 0.05907135556848164
      yes, 51, ags used 32 = 51
   (1) can we show that 13 NL 10?
        a. margin 0.09645637592714906
      yes, 36, ags used 32 = 36
   (1) can we show that 14 NL 1?
        a. margin -0.04069104448672822
      no
   (1) can we show that 14 NL 10?
        a. margin -0.017377987663206418
      no
   (1) can we show that 2 NL 1?
        a. margin -0.038416920533827614
      no
   (1) can we show that 2 NL 10?
        a. margin -0.020900908006428187
      no
      Best assertion(s) require sample: 36

ALTERNATE OUTCOME PAIR: 10,14
   (1) can we show that 12 NL 14?
        a. margin -0.1417285313825818
      no
   (1) can we show that 12 NL 10?
        a. margin -0.09602586980311756
      no
   (1) can we show that 13 NL 14?
        a. margin 0.057677961701386504
      yes, 51, ags used 32 = 51
   (1) can we show that 13 NL 10?
        a. margin 0.09621976187424663
      yes, 36, ags used 32 = 36
   (1) can we show that 1 NL 14?
        a. margin -0.05797701557380541
      no
   (1) can we show that 1 NL 10?
        a. margin -0.03188374362867363
      no
   (1) can we show that 2 NL 14?
        a. margin -0.04478249581817517
      no
   (1) can we show that 2 NL 10?
        a. margin -0.02106522332094385
      no
      Best assertion(s) require sample: 36

ALTERNATE OUTCOME PAIR: 10,2
   (1) can we show that 12 NL 2?
        a. margin -0.16997433394787254
      no
   (1) can we show that 12 NL 10?
        a. margin -0.09587469971376295
      no
   (1) can we show that 13 NL 2?
        a. margin 0.021755347641910783
      yes, 51, ags used 84 = 84
   (1) can we show that 13 NL 10?
        a. margin 0.09630849214408488
      yes, 36, ags used 32 = 36
   (1) can we show that 1 NL 2?
        a. margin -0.07547988287604357
      no
   (1) can we show that 1 NL 10?
        a. margin -0.03182787642173823
      no
   (1) can we show that 14 NL 2?
        a. margin -0.06315952059363816
      no
   (1) can we show that 14 NL 10?
        a. margin -0.017631033247560657
      no
      Best assertion(s) require sample: 36

ALTERNATE OUTCOME PAIR: 13,1
   (1) can we show that 12 NL 1?
        a. margin -0.2026960856805775
      no
   (1) can we show that 12 NL 13?
        a. margin -0.4291685973716123
      no
   (1) can we show that 10 NL 1?
        a. margin -0.14313835678112863
      no
   (1) can we show that 10 NL 13?
        a. margin -0.3364421790839749
      no
   (1) can we show that 14 NL 1?
        a. margin -0.09853003519634052
      no
   (1) can we show that 14 NL 13?
        a. margin -0.329445632991886
      no
   (1) can we show that 2 NL 1?
        a. margin -0.0912344352318325
      no
   (1) can we show that 2 NL 13?
        a. margin -0.31371737108642006
      no

ALTERNATE OUTCOME PAIR: 13,14
   (1) can we show that 12 NL 14?
        a. margin -0.2091569638473444
      no
   (1) can we show that 12 NL 13?
        a. margin -0.4285113361135485
      no
   (1) can we show that 10 NL 14?
        a. margin -0.15340806393837514
      no
   (1) can we show that 10 NL 13?
        a. margin -0.33546943242204075
      no
   (1) can we show that 1 NL 14?
        a. margin -0.11872438735034962
      no
   (1) can we show that 1 NL 13?
        a. margin -0.3447368161607398
      no
   (1) can we show that 2 NL 14?
        a. margin -0.09847416798940478
      no
   (1) can we show that 2 NL 13?
        a. margin -0.3127643422622274
      no

ALTERNATE OUTCOME PAIR: 1,14
   (1) can we show that 12 NL 14?
        a. margin -0.13517892294597655
      no
   (1) can we show that 12 NL 1?
        a. margin -0.1325465916074311
      no
   (1) can we show that 10 NL 14?
        a. margin -0.08647257741716052
      no
   (1) can we show that 10 NL 1?
        a. margin -0.0800248444755548
      no
   (1) can we show that 13 NL 14?
        a. margin 0.06419142076879858
      yes, 48, ags used 32 = 48
   (1) can we show that 13 NL 1?
        a. margin 0.06376420095105706
      yes, 48, ags used 32 = 48
   (1) can we show that 2 NL 14?
        a. margin -0.040447857821244604
      no
   (1) can we show that 2 NL 1?
        a. margin -0.035147045774960306
      no
      Best assertion(s) require sample: 48

ALTERNATE OUTCOME PAIR: 1,2
   (1) can we show that 12 NL 2?
        a. margin -0.16048676768772197
      no
   (1) can we show that 12 NL 1?
        a. margin -0.13080156296727152
      no
   (1) can we show that 10 NL 2?
        a. margin -0.11111330198197122
      no
   (1) can we show that 10 NL 1?
        a. margin -0.07853614772604023
      no
   (1) can we show that 13 NL 2?
        a. margin 0.03137765245996471
      yes, 35, ags used 50 = 50
   (1) can we show that 13 NL 1?
        a. margin 0.06538434995218423
      yes, 47, ags used 32 = 47
   (1) can we show that 14 NL 2?
        a. margin -0.05481887522880913
      no
   (1) can we show that 14 NL 1?
        a. margin -0.035262066495121425
      no
      Best assertion(s) require sample: 47

ALTERNATE OUTCOME PAIR: 14,2
   (1) can we show that 12 NL 2?
        a. margin -0.161784858672398
      no
   (1) can we show that 12 NL 14?
        a. margin -0.13614181068903974
      no
   (1) can we show that 10 NL 2?
        a. margin -0.11221750089551852
      no
   (1) can we show that 10 NL 14?
        a. margin -0.08724157308909508
      no
   (1) can we show that 13 NL 2?
        a. margin 0.030243876789804558
      yes, 35, ags used 50 = 50
   (1) can we show that 13 NL 14?
        a. margin 0.06348815122267015
      yes, 48, ags used 32 = 48
   (1) can we show that 1 NL 2?
        a. margin -0.06801668129072969
      no
   (1) can we show that 1 NL 14?
        a. margin -0.05334989631703646
      no
      Best assertion(s) require sample: 48

RULE OUT PAIR STAGE ASN 48
------------------------------------------------
EXAMINING WAYS TO REDUCE COST OF AUDIT
ALTERNATE OUTCOME PAIR: 4,12
   (1) can we show that 10 NL 12?
        a. margin -0.0024581571051585094
      no
   (1) can we show that 10 NL 4?
        a. margin 0.014351299569822507
      yes, 77, ags used 56 = 77
   (1) can we show that 13 NL 12?
        a. margin 0.1433848297529028
      yes, 31, ags used 17 = 31
   (1) can we show that 13 NL 4?
        a. margin 0.21217379302185724
      yes, 21, ags used 17 = 21
   (1) can we show that 1 NL 12?
        a. margin 0.009579582836279465
      yes, 632, ags used 46 = 632
   (1) can we show that 1 NL 4?
        a. margin 0.05723431035219351
      yes, 64, ags used 46 = 64
   (1) can we show that 14 NL 12?
        a. margin 0.02275767106045823
      yes, 174, ags used 39 = 174
   (1) can we show that 14 NL 4?
        a. margin 0.019816426930622688
      yes, 52, ags used 39 = 52
   (1) can we show that 2 NL 12?
        a. margin 0.013371980295307617
      yes, 265, ags used 41 = 265
   (1) can we show that 2 NL 4?
        a. margin 0.016940908926593945
      yes, 55, ags used 41 = 55
      Best assertion(s) require sample: 21

ALTERNATE OUTCOME PAIR: 4,10
   (1) can we show that 12 NL 10?
        a. margin -0.09859247501585633
      no
   (1) can we show that 12 NL 4?
        a. margin 0.006618620868702241
      yes, 219, ags used 302 = 302
   (1) can we show that 13 NL 10?
        a. margin 0.09346583720295931
      yes, 40, ags used 32 = 40
   (1) can we show that 13 NL 4?
        a. margin 0.2159497589494337
      yes, 20, ags used 17 = 20
   (1) can we show that 1 NL 10?
        a. margin -0.03408556884318725
      no
   (1) can we show that 1 NL 4?
        a. margin 0.060845960965253854
      yes, 61, ags used 46 = 61
   (1) can we show that 14 NL 10?
        a. margin -0.02201825214513642
      no
   (1) can we show that 14 NL 4?
        a. margin 0.026398898430131545
      yes, 50, ags used 39 = 50
   (1) can we show that 2 NL 10?
        a. margin -0.02619186113384131
      no
   (1) can we show that 2 NL 4?
        a. margin 0.02346751321916707
      yes, 52, ags used 41 = 52
      Best assertion(s) require sample: 20

ALTERNATE OUTCOME PAIR: 4,13
   (1) can we show that 12 NL 13?
        a. margin -0.4397209268698262
      no
   (1) can we show that 12 NL 4?
        a. margin 0.025146815733519956
      yes, 184, ags used 484 = 484
   (1) can we show that 10 NL 13?
        a. margin -0.35510511250669596
      no
   (1) can we show that 10 NL 4?
        a. margin 0.023852011055134348
      yes, 173, ags used 56 = 173
   (1) can we show that 1 NL 13?
        a. margin -0.3552201332268571
      no
   (1) can we show that 1 NL 4?
        a. margin 0.005879201953380431
      yes, 265, ags used 46 = 265
   (1) can we show that 14 NL 13?
        a. margin -0.34062564699155096
      no
   (1) can we show that 14 NL 4?
        a. margin 0.033727361457542404
      yes, 122, ags used 39 = 122
   (1) can we show that 2 NL 13?
        a. margin -0.32483165896027844
      no
   (1) can we show that 2 NL 4?
        a. margin 0.030030266880933798
      yes, 125, ags used 41 = 125
      Best assertion(s) require sample: 122

ALTERNATE OUTCOME PAIR: 4,1
   (1) can we show that 12 NL 1?
        a. margin -0.14063090508161535
      no
   (1) can we show that 12 NL 4?
        a. margin 0.0040783061062856785
      yes, 286, ags used 302 = 302
   (1) can we show that 10 NL 1?
        a. margin -0.09614417682956888
      no
   (1) can we show that 10 NL 4?
        a. margin 0.015136726773208764
      yes, 76, ags used 56 = 76
   (1) can we show that 13 NL 1?
        a. margin 0.055177082614453976
      yes, 34, ags used 50 = 50
   (1) can we show that 13 NL 4?
        a. margin 0.21281462274846952
      yes, 21, ags used 17 = 21
   (1) can we show that 14 NL 1?
        a. margin -0.04634020499978653
      no
   (1) can we show that 14 NL 4?
        a. margin 0.020348808549654374
      yes, 52, ags used 39 = 52
   (1) can we show that 2 NL 1?
        a. margin -0.045091408609465256
      no
   (1) can we show that 2 NL 4?
        a. margin 0.017312261537399953
      yes, 54, ags used 41 = 54
      Best assertion(s) require sample: 21

ALTERNATE OUTCOME PAIR: 4,14
   (1) can we show that 12 NL 14?
        a. margin -0.14357872182403153
      no
   (1) can we show that 12 NL 4?
        a. margin 0.0048275839404783305
      yes, 205, ags used 405 = 405
   (1) can we show that 10 NL 14?
        a. margin -0.10270364418504563
      no
   (1) can we show that 10 NL 4?
        a. margin 0.016477539739658598
      yes, 75, ags used 56 = 75
   (1) can we show that 13 NL 14?
        a. margin 0.055558294144130826
      yes, 34, ags used 50 = 50
   (1) can we show that 13 NL 4?
        a. margin 0.21362634040217832
      yes, 21, ags used 17 = 21
   (1) can we show that 1 NL 14?
        a. margin -0.05986335538444865
      no
   (1) can we show that 1 NL 4?
        a. margin 0.05838123124751471
      yes, 63, ags used 46 = 63
   (1) can we show that 2 NL 14?
        a. margin -0.049656088046718505
      no
   (1) can we show that 2 NL 4?
        a. margin 0.01842303306352755
      yes, 54, ags used 41 = 54
      Best assertion(s) require sample: 21

ALTERNATE OUTCOME PAIR: 4,2
   (1) can we show that 12 NL 2?
        a. margin -0.17358927086722364
      no
   (1) can we show that 12 NL 4?
        a. margin 0.005159500875800527
      yes, 272, ags used 302 = 302
   (1) can we show that 10 NL 2?
        a. margin -0.13220152944694774
      no
   (1) can we show that 10 NL 4?
        a. margin 0.017092079015948336
      yes, 74, ags used 56 = 74
   (1) can we show that 13 NL 2?
        a. margin 0.017746053967721664
      yes, 47, ags used 50 = 50
   (1) can we show that 13 NL 4?
        a. margin 0.21394511211233902
      yes, 21, ags used 17 = 21
   (1) can we show that 1 NL 2?
        a. margin -0.07909481979539479
      no
   (1) can we show that 1 NL 4?
        a. margin 0.05862113160670801
      yes, 63, ags used 46 = 63
   (1) can we show that 14 NL 2?
        a. margin -0.06886783461992263
      no
   (1) can we show that 14 NL 4?
        a. margin 0.022208857909974844
      yes, 51, ags used 39 = 51
      Best assertion(s) require sample: 21

10 ruled out by pairs, sample size 122
STAGE 1 ASN NOW 39
NEW RULE OUT PAIR STAGE ASN 122
------------------------------------------------
Alternate outcome cannot be ruled out: 12,13
Alternate outcome cannot be ruled out: 10,13
Alternate outcome cannot be ruled out: 13,1
Alternate outcome cannot be ruled out: 13,14
Full audit not possible
PARTIAL audit sample size: 122
------------------------------------------------
Final set of assertions generated:
(14, 'AG', 4, 33)
(14, 'AG', 6, 33)
(16, 'AG', 4, 16)
13 NL 12 = 28 [rules out (12, 1), G = {1, 2, 3, 4, 5, 6, 7, 8, 9, 10}, O = set()]
(14, 'AG', 0, 29)
13 NL 10 = 36 [rules out (10, 14), G = {1, 2, 3, 4, 5, 6, 7, 8, 9, 10, 11}, O = set()]
13 NL 1 = 47 [rules out (1, 2), G = {1, 2, 3, 4, 5, 6, 7, 8, 9, 10, 11}, O = set()]
(14, 'AG', 2, 35)
(16, 'AG', 2, 16)
(14, 'AG', 5, 34)
(16, 'AG', 6, 16)
(14, 'AG', 8, 36)
(16, 'AG', 0, 15)
(16, 'AG', 9, 17)
13 NL 14 = 48 [rules out (14, 2), G = {1, 2, 3, 4, 5, 6, 7, 8, 9, 10, 11}, O = set()]
13 NL 4 = 20 [rules out (4, 10), G = {1, 2, 3, 4, 5, 6, 7, 8, 9}, O = set()]
(16, 'AG', 3, 16)
13 NL 12 = 28 [rules out (12, 14), G = {1, 2, 3, 4, 5, 6, 7, 8, 9, 10}, O = set()]
(14, 'AG', 7, 33)
13 NL 4 = 21 [rules out (4, 12), G = {1, 2, 3, 4, 5, 6, 7, 8, 9}, O = set()]
(16, 'AG', 11, 32)
(14, 'AG', 1, 29)
13 NL 10 = 36 [rules out (10, 2), G = {1, 2, 3, 4, 5, 6, 7, 8, 9, 10, 11}, O = set()]
13 NL 12 = 28 [rules out (12, 2), G = {1, 2, 3, 4, 5, 6, 7, 8, 9, 10}, O = set()]
(14, 'AG', 9, 39)
13 NL 14 = 48 [rules out (1, 14), G = {1, 2, 3, 4, 5, 6, 7, 8, 9, 10, 11}, O = set()]

(16, 'AG', 5, 16)
13 NL 4 = 21 [rules out (4, 14), G = {1, 2, 3, 4, 5, 6, 7, 8, 9}, O = set()]
13 NL 10 = 36 [rules out (10, 1), G = {1, 2, 3, 4, 5, 6, 7, 8, 9, 10, 11}, O = set()]
(16, 'AG', 7, 16)
14 NL 4 = 122 [rules out (4, 13), G = {1, 2, 3, 4, 5, 6, 7, 8, 9}, O = set()]
13 NL 4 = 21 [rules out (4, 1), G = {1, 2, 3, 4, 5, 6, 7, 8, 9}, O = set()]
(16, 'AG', 1, 15)
(16, 'AG', 10, 21)
(14, 'AG', 3, 32)
13 NL 12 = 28 [rules out (12, 10), G = {1, 2, 3, 4, 5, 6, 7, 8, 9, 10}, O = set()]
(16, 'AG', 8, 17)
13 NL 4 = 21 [rules out (4, 2), G = {1, 2, 3, 4, 5, 6, 7, 8, 9}, O = set()]
[13] are verified winners with these assertions.
[12, 10, 1, 14, 2] remain as potential winners in this audit.
------------------------------------------------
