VALID BALLOTS 4497
Winner 3
Winner 0
Computing AG relationships
2 AG 4 = 24
3 AG 4 = 15
0 AG 4 = 17
1 AG 4 = 17
Ruling out candidates: [(4, 17)]
Sample size for ruling out cands: 17
ALTERNATE OUTCOME PAIR: 2,3
   (1) can we show that 0 NL 3? 
        a. margin -0.16900155659328442
      no, min 26.46,1190 vs max 43.36,2068
   (1) can we show that 0 NL 2? 
        a. margin -0.050626343488251346
      no, min 26.46,1190 vs max 31.52,1577
   (1) can we show that 1 NL 3? 
        a. margin -0.2215551108146172
      no, min 25.82,1161 vs max 47.97,2317
   (1) can we show that 1 NL 2? 
        a. margin -0.08501964272477958
      no, min 25.82,1161 vs max 34.32,1699
ALTERNATE OUTCOME PAIR: 2,0
   (1) can we show that 3 NL 0? 
        a. margin -0.13846267882291907
      no, min 29.22,1314 vs max 43.07,2046
   (1) can we show that 3 NL 2? 
        a. margin -0.01623304425172334
      no, min 29.22,1314 vs max 30.84,1513
   (1) can we show that 1 NL 0? 
        a. margin -0.1687050626343488
      no, min 25.82,1161 vs max 42.69,2063
   (1) can we show that 1 NL 2? 
        a. margin -0.08998591653695065
      no, min 25.82,1161 vs max 34.82,1699
ALTERNATE OUTCOME PAIR: 2,1
   (1) can we show that 3 NL 1? 
        a. margin -0.09324735008524199
      no, min 29.22,1314 vs max 38.54,1794
   (1) can we show that 3 NL 2? 
        a. margin -0.021792305981765403
      no, min 29.22,1314 vs max 31.40,1513
   (1) can we show that 0 NL 1? 
        a. margin -0.15076717811874574
      no, min 26.46,1190 vs max 41.54,1938
   (1) can we show that 0 NL 2? 
        a. margin -0.06626639982210358
      no, min 26.46,1190 vs max 33.09,1577
ALTERNATE OUTCOME PAIR: 3,1
   (1) can we show that 2 NL 1? 
        a. margin -0.2675116744496331
      no, min 18.50,832 vs max 45.25,2209
   (1) can we show that 2 NL 3? 
        a. margin -0.3138388555333185
      no, min 18.50,832 vs max 49.89,2426
   (1) can we show that 0 NL 1? 
        a. margin -0.12430509228374476
      no, min 26.46,1190 vs max 38.89,1938
   (1) can we show that 0 NL 3? 
        a. margin -0.16559187606552517
      no, min 26.46,1190 vs max 43.02,2068
ALTERNATE OUTCOME PAIR: 0,1
   (1) can we show that 2 NL 1? 
        a. margin -0.2672151804906975
      no, min 18.50,832 vs max 45.22,2209
   (1) can we show that 2 NL 0? 
        a. margin -0.2776665925431768
      no, min 18.50,832 vs max 46.27,2283
   (1) can we show that 3 NL 1? 
        a. margin -0.0733081313468239
      no, min 29.22,1314 vs max 36.55,1794
   (1) can we show that 3 NL 0? 
        a. margin -0.12363798087613953
      no, min 29.22,1314 vs max 41.58,2046
Alternate outcome cannot be ruled out: 2,3
Alternate outcome cannot be ruled out: 2,0
Alternate outcome cannot be ruled out: 2,1
Alternate outcome cannot be ruled out: 3,1
Alternate outcome cannot be ruled out: 0,1
Best sample size: inf
------------------------------------------------
Final set of assertions generated:
(0, 'AG', 4, 17)
(3, 'AG', 4, 15)
[] are verified winners with these assertions.
[2, 1, 0, 3] remain as potential winners in this audit.
------------------------------------------------
