VALID BALLOTS 79415
73 ballot checks required to assert that first winner has a quota's worth of votes
AUD TV 0.13597472550238243, ss 109
AG*(2,28) = 18
AG*(2,29) = 18
AG*(2,34) = 18
AG*(2,30) = 18
AG*(2,35) = 18
AG*(2,26) = 18
AG*(2,20) = 18
AG*(2,31) = 18
AG*(2,18) = 18
AG*(2,22) = 18
AG*(2,32) = 18
AG*(2,25) = 18
AG*(2,27) = 18
AG*(2,7) = 19
AG*(2,24) = 18
AG*(2,16) = 19
AG*(2,3) = 19
AG*(2,4) = 18
AG*(2,15) = 19
AG*(2,19) = 18
AG*(2,21) = 19
AG*(2,23) = 19
AG*(2,33) = 19
AG*(2,17) = 19
AG*(2,8) = 19
AG*(2,10) = 20
AG*(2,11) = 20
AG*(2,14) = 20
AG*(2,13) = 21
AG*(2,12) = 23
AG*(2,9) = 30
AG*(2,1) = 25
AG*(2,5) = 64
AG*(2,6) = 39
AG*(24,20) = 697
AG*(16,20) = 5480
AG*(3,29) = 79415
AG*(3,20) = 79415
AG*(4,29) = 79415
AG*(4,20) = 79415
AG*(15,29) = 79415
AG*(15,20) = 79415
AG*(19,29) = 79415
AG*(19,20) = 79415
AG*(21,29) = 79334
AG*(21,20) = 79415
AG*(23,29) = 79415
AG*(23,34) = 79415
AG*(23,30) = 79313
AG*(23,20) = 79415
AG*(33,29) = 73703
AG*(33,34) = 79415
AG*(33,30) = 79415
AG*(33,35) = 79415
AG*(33,26) = 79415
AG*(33,20) = 52064
AG*(17,29) = 76418
AG*(17,34) = 79415
AG*(17,30) = 79415
AG*(17,35) = 79415
AG*(17,26) = 79415
AG*(17,20) = 57828
AG*(8,29) = 77154
AG*(8,34) = 79415
AG*(8,30) = 79415
AG*(8,35) = 79415
AG*(8,26) = 79415
AG*(8,20) = 60441
AG*(10,28) = 5752
AG*(10,29) = 1131
AG*(10,34) = 1240
AG*(10,30) = 1489
AG*(10,35) = 1472
AG*(10,26) = 1524
AG*(10,20) = 1101
AG*(10,31) = 4321
AG*(10,18) = 3104
AG*(10,22) = 5703
AG*(10,32) = 5095
AG*(10,25) = 79415
AG*(10,27) = 24385
AG*(10,24) = 2886
AG*(10,3) = 1391
AG*(10,19) = 79415
AG*(11,28) = 3171
AG*(11,29) = 953
AG*(11,34) = 1067
AG*(11,30) = 1138
AG*(11,35) = 1225
AG*(11,26) = 1176
AG*(11,20) = 959
AG*(11,31) = 4352
AG*(11,18) = 1668
AG*(11,22) = 3025
AG*(11,32) = 2637
AG*(11,25) = 79415
AG*(11,27) = 3546
AG*(11,24) = 79415
AG*(11,3) = 79415
AG*(11,15) = 19812
AG*(11,19) = 24380
AG*(11,33) = 1391
AG*(14,28) = 1129
AG*(14,29) = 591
AG*(14,34) = 636
AG*(14,30) = 668
AG*(14,35) = 699
AG*(14,26) = 678
AG*(14,20) = 579
AG*(14,31) = 1161
AG*(14,18) = 987
AG*(14,22) = 1096
AG*(14,32) = 1050
AG*(14,25) = 2223
AG*(14,27) = 1209
AG*(14,7) = 57240
AG*(14,24) = 4286
AG*(14,16) = 79415
AG*(14,3) = 4977
AG*(14,4) = 79415
AG*(14,15) = 5718
AG*(14,19) = 3153
AG*(14,33) = 9937
AG*(13,28) = 1074
AG*(13,29) = 573
AG*(13,34) = 615
AG*(13,30) = 640
AG*(13,35) = 676
AG*(13,26) = 657
AG*(13,20) = 564
AG*(13,31) = 1145
AG*(13,18) = 942
AG*(13,22) = 1054
AG*(13,32) = 1017
AG*(13,25) = 1639
AG*(13,27) = 1094
AG*(13,7) = 16817
AG*(13,24) = 3008
AG*(13,16) = 79415
AG*(13,3) = 3639
AG*(13,4) = 79415
AG*(13,15) = 4155
AG*(13,19) = 2231
AG*(13,33) = 5904
AG*(12,28) = 269
AG*(12,29) = 225
AG*(12,34) = 231
AG*(12,30) = 236
AG*(12,35) = 241
AG*(12,26) = 239
AG*(12,20) = 223
AG*(12,31) = 271
AG*(12,18) = 256
AG*(12,22) = 268
AG*(12,32) = 263
AG*(12,25) = 309
AG*(12,27) = 277
AG*(12,7) = 400
AG*(12,24) = 329
AG*(12,16) = 508
AG*(12,3) = 332
AG*(12,4) = 506
AG*(12,15) = 338
AG*(12,19) = 317
AG*(12,21) = 591
AG*(12,23) = 5381
AG*(12,33) = 408
AG*(12,17) = 1485
AG*(12,8) = 823
AG*(12,10) = 3941
AG*(9,28) = 117
AG*(9,29) = 108
AG*(9,34) = 109
AG*(9,30) = 111
AG*(9,35) = 112
AG*(9,26) = 110
AG*(9,20) = 108
AG*(9,31) = 119
AG*(9,18) = 115
AG*(9,22) = 117
AG*(9,32) = 116
AG*(9,25) = 122
AG*(9,27) = 119
AG*(9,7) = 133
AG*(9,24) = 123
AG*(9,16) = 140
AG*(9,3) = 129
AG*(9,4) = 134
AG*(9,15) = 128
AG*(9,19) = 126
AG*(9,21) = 149
AG*(9,23) = 189
AG*(9,33) = 130
AG*(9,17) = 155
AG*(9,8) = 150
AG*(9,10) = 231
AG*(9,11) = 234
AG*(9,14) = 264
AG*(9,13) = 79415
AG*(1,28) = 222
AG*(1,29) = 191
AG*(1,34) = 196
AG*(1,30) = 199
AG*(1,35) = 204
AG*(1,26) = 201
AG*(1,20) = 189
AG*(1,31) = 227
AG*(1,18) = 213
AG*(1,22) = 223
AG*(1,32) = 219
AG*(1,25) = 239
AG*(1,27) = 227
AG*(1,7) = 282
AG*(1,24) = 255
AG*(1,16) = 310
AG*(1,3) = 261
AG*(1,4) = 289
AG*(1,15) = 267
AG*(1,19) = 253
AG*(1,21) = 416
AG*(1,23) = 1210
AG*(1,33) = 276
AG*(1,17) = 617
AG*(1,8) = 511
AG*(1,10) = 63244
AG*(1,11) = 79415
AG*(5,28) = 45
AG*(5,29) = 44
AG*(5,34) = 44
AG*(5,30) = 44
AG*(5,35) = 45
AG*(5,26) = 45
AG*(5,20) = 44
AG*(5,31) = 46
AG*(5,18) = 45
AG*(5,22) = 45
AG*(5,32) = 45
AG*(5,25) = 46
AG*(5,27) = 46
AG*(5,7) = 47
AG*(5,24) = 47
AG*(5,16) = 49
AG*(5,3) = 47
AG*(5,4) = 48
AG*(5,15) = 47
AG*(5,19) = 47
AG*(5,21) = 50
AG*(5,23) = 52
AG*(5,33) = 47
AG*(5,17) = 51
AG*(5,8) = 49
AG*(5,10) = 56
AG*(5,11) = 56
AG*(5,14) = 57
AG*(5,13) = 69
AG*(5,12) = 97
AG*(5,1) = 171
AG*(6,28) = 50
AG*(6,29) = 49
AG*(6,34) = 49
AG*(6,30) = 50
AG*(6,35) = 49
AG*(6,26) = 50
AG*(6,20) = 49
AG*(6,31) = 50
AG*(6,18) = 50
AG*(6,22) = 51
AG*(6,32) = 51
AG*(6,25) = 52
AG*(6,27) = 51
AG*(6,7) = 52
AG*(6,24) = 53
AG*(6,16) = 52
AG*(6,3) = 52
AG*(6,4) = 54
AG*(6,15) = 53
AG*(6,19) = 53
AG*(6,21) = 52
AG*(6,23) = 59
AG*(6,33) = 53
AG*(6,17) = 59
AG*(6,8) = 57
AG*(6,10) = 57
AG*(6,11) = 65
AG*(6,14) = 64
AG*(6,13) = 87
AG*(6,12) = 96
AG*(6,1) = 299
AG*(2,28) = 18
AG*(2,29) = 18
AG*(2,34) = 18
AG*(2,30) = 18
AG*(2,35) = 18
AG*(2,26) = 18
AG*(2,20) = 18
AG*(2,31) = 18
AG*(2,18) = 18
AG*(2,22) = 18
AG*(2,32) = 18
AG*(2,25) = 18
AG*(2,27) = 18
AG*(2,7) = 19
AG*(2,24) = 18
AG*(2,16) = 19
AG*(2,3) = 19
AG*(2,4) = 18
AG*(2,15) = 19
AG*(2,19) = 18
AG*(2,21) = 19
AG*(2,23) = 19
AG*(2,33) = 19
AG*(2,17) = 19
AG*(2,8) = 19
AG*(2,10) = 20
AG*(2,11) = 20
AG*(2,14) = 20
AG*(2,13) = 21
AG*(2,12) = 23
AG*(2,9) = 30
AG*(2,1) = 25
AG*(2,5) = 64
AG*(2,6) = 39
AG*(0,28) = 12
AG*(0,29) = 12
AG*(0,34) = 12
AG*(0,30) = 12
AG*(0,35) = 12
AG*(0,26) = 12
AG*(0,20) = 12
AG*(0,31) = 12
AG*(0,18) = 12
AG*(0,22) = 12
AG*(0,32) = 12
AG*(0,25) = 12
AG*(0,27) = 12
AG*(0,7) = 12
AG*(0,24) = 12
AG*(0,16) = 12
AG*(0,3) = 12
AG*(0,4) = 12
AG*(0,15) = 12
AG*(0,19) = 12
AG*(0,21) = 12
AG*(0,23) = 13
AG*(0,33) = 12
AG*(0,17) = 12
AG*(0,8) = 12
AG*(0,10) = 13
AG*(0,11) = 13
AG*(0,14) = 13
AG*(0,13) = 13
AG*(0,12) = 14
AG*(0,9) = 18
AG*(0,1) = 15
AG*(0,5) = 27
AG*(0,6) = 20
AG*(0,2) = 91
NL(2,29) = 18, AG*'s used 18
NL(2,34) = 18, AG*'s used 18
NL(2,30) = 18, AG*'s used 18
NL(2,35) = 18, AG*'s used 18
NL(2,26) = 18, AG*'s used 18
NL(2,20) = 18, AG*'s used 18
NL(2,31) = 18, AG*'s used 18
NL(2,18) = 18, AG*'s used 18
NL(2,22) = 18, AG*'s used 18
NL(2,28) = 18, AG*'s used 18
NL(2,32) = 18, AG*'s used 18
NL(2,25) = 18, AG*'s used 18
NL(2,27) = 18, AG*'s used 18
NL(2,7) = 18, AG*'s used 18
NL(2,24) = 18, AG*'s used 18
NL(2,16) = 18, AG*'s used 19
NL(2,3) = 18, AG*'s used 18
NL(2,4) = 18, AG*'s used 18
NL(2,15) = 18, AG*'s used 18
NL(2,19) = 18, AG*'s used 18
NL(2,21) = 19, AG*'s used 19
NL(2,23) = 19, AG*'s used 19
NL(2,33) = 18, AG*'s used 18
NL(2,17) = 19, AG*'s used 19
NL(2,8) = 19, AG*'s used 19
NL(2,10) = 19, AG*'s used 20
NL(2,11) = 19, AG*'s used 19
NL(2,14) = 20, AG*'s used 20
NL(2,13) = 20, AG*'s used 20
NL(2,12) = 22, AG*'s used 21
NL(2,1) = 23, AG*'s used 23
NL(2,9) = 27, AG*'s used 25
NL(2,6) = 32, AG*'s used 30
NL(2,5) = 41, AG*'s used 39
Max in loop 109, 0.13597472550238243
AUD TV 0.18597472550238242, ss 51
AG*(2,28) = 18
AG*(2,29) = 18
AG*(2,34) = 18
AG*(2,30) = 18
AG*(2,35) = 18
AG*(2,26) = 18
AG*(2,20) = 18
AG*(2,31) = 18
AG*(2,18) = 18
AG*(2,22) = 18
AG*(2,32) = 18
AG*(2,25) = 18
AG*(2,27) = 18
AG*(2,7) = 19
AG*(2,24) = 18
AG*(2,16) = 19
AG*(2,3) = 19
AG*(2,4) = 18
AG*(2,15) = 19
AG*(2,19) = 18
AG*(2,21) = 19
AG*(2,23) = 19
AG*(2,33) = 19
AG*(2,17) = 19
AG*(2,8) = 19
AG*(2,10) = 20
AG*(2,11) = 20
AG*(2,14) = 20
AG*(2,13) = 21
AG*(2,12) = 23
AG*(2,9) = 30
AG*(2,1) = 25
AG*(2,5) = 71
AG*(2,6) = 40
AG*(16,20) = 2886
AG*(3,29) = 79415
AG*(3,20) = 79415
AG*(4,29) = 79415
AG*(4,20) = 79415
AG*(15,29) = 79415
AG*(15,20) = 79415
AG*(19,29) = 79415
AG*(19,20) = 79415
AG*(21,29) = 79145
AG*(21,20) = 79415
AG*(23,29) = 79415
AG*(23,34) = 79415
AG*(23,30) = 28586
AG*(23,20) = 79415
AG*(33,29) = 75175
AG*(33,34) = 79415
AG*(33,30) = 79415
AG*(33,35) = 79415
AG*(33,26) = 79415
AG*(33,20) = 57108
AG*(17,29) = 77154
AG*(17,34) = 79415
AG*(17,30) = 79415
AG*(17,35) = 79415
AG*(17,26) = 79415
AG*(17,20) = 59760
AG*(8,29) = 77848
AG*(8,34) = 79415
AG*(8,30) = 79415
AG*(8,35) = 79415
AG*(8,26) = 79415
AG*(8,20) = 63425
AG*(10,28) = 6439
AG*(10,29) = 1135
AG*(10,34) = 1245
AG*(10,30) = 1499
AG*(10,35) = 1478
AG*(10,26) = 1530
AG*(10,20) = 1106
AG*(10,31) = 4338
AG*(10,18) = 3126
AG*(10,22) = 5815
AG*(10,32) = 5346
AG*(10,25) = 79415
AG*(10,27) = 37947
AG*(10,24) = 697
AG*(10,19) = 79415
AG*(11,28) = 3608
AG*(11,29) = 956
AG*(11,34) = 1071
AG*(11,30) = 1144
AG*(11,35) = 1229
AG*(11,26) = 1179
AG*(11,20) = 963
AG*(11,31) = 4748
AG*(11,18) = 1954
AG*(11,22) = 3069
AG*(11,32) = 2814
AG*(11,25) = 79415
AG*(11,27) = 3668
AG*(11,24) = 79415
AG*(11,3) = 79415
AG*(11,15) = 39691
AG*(11,19) = 34934
AG*(14,28) = 1151
AG*(14,29) = 593
AG*(14,34) = 638
AG*(14,30) = 670
AG*(14,35) = 700
AG*(14,26) = 679
AG*(14,20) = 580
AG*(14,31) = 1163
AG*(14,18) = 991
AG*(14,22) = 1106
AG*(14,32) = 1057
AG*(14,25) = 2422
AG*(14,27) = 1237
AG*(14,7) = 72098
AG*(14,24) = 4766
AG*(14,16) = 79415
AG*(14,3) = 5123
AG*(14,4) = 79415
AG*(14,15) = 6553
AG*(14,19) = 3609
AG*(14,33) = 13980
AG*(13,28) = 1094
AG*(13,29) = 575
AG*(13,34) = 616
AG*(13,30) = 642
AG*(13,35) = 678
AG*(13,26) = 659
AG*(13,20) = 565
AG*(13,31) = 1147
AG*(13,18) = 945
AG*(13,22) = 1063
AG*(13,32) = 1023
AG*(13,25) = 1946
AG*(13,27) = 1115
AG*(13,7) = 26879
AG*(13,24) = 3065
AG*(13,16) = 79415
AG*(13,3) = 3735
AG*(13,4) = 79415
AG*(13,15) = 4768
AG*(13,19) = 2455
AG*(13,33) = 6542
AG*(12,28) = 271
AG*(12,29) = 225
AG*(12,34) = 231
AG*(12,30) = 236
AG*(12,35) = 241
AG*(12,26) = 239
AG*(12,20) = 223
AG*(12,31) = 272
AG*(12,18) = 256
AG*(12,22) = 269
AG*(12,32) = 263
AG*(12,25) = 311
AG*(12,27) = 280
AG*(12,7) = 403
AG*(12,24) = 331
AG*(12,16) = 510
AG*(12,3) = 334
AG*(12,4) = 513
AG*(12,15) = 343
AG*(12,19) = 320
AG*(12,21) = 593
AG*(12,23) = 6532
AG*(12,33) = 411
AG*(12,17) = 1570
AG*(12,8) = 946
AG*(12,10) = 2074
AG*(9,28) = 118
AG*(9,29) = 108
AG*(9,34) = 110
AG*(9,30) = 111
AG*(9,35) = 112
AG*(9,26) = 110
AG*(9,20) = 108
AG*(9,31) = 119
AG*(9,18) = 115
AG*(9,22) = 117
AG*(9,32) = 116
AG*(9,25) = 122
AG*(9,27) = 120
AG*(9,7) = 133
AG*(9,24) = 124
AG*(9,16) = 140
AG*(9,3) = 129
AG*(9,4) = 135
AG*(9,15) = 129
AG*(9,19) = 126
AG*(9,21) = 149
AG*(9,23) = 192
AG*(9,33) = 130
AG*(9,17) = 157
AG*(9,8) = 152
AG*(9,10) = 232
AG*(9,11) = 242
AG*(9,14) = 269
AG*(9,13) = 79415
AG*(1,28) = 223
AG*(1,29) = 191
AG*(1,34) = 196
AG*(1,30) = 199
AG*(1,35) = 204
AG*(1,26) = 201
AG*(1,20) = 189
AG*(1,31) = 228
AG*(1,18) = 214
AG*(1,22) = 223
AG*(1,32) = 220
AG*(1,25) = 240
AG*(1,27) = 229
AG*(1,7) = 284
AG*(1,24) = 256
AG*(1,16) = 311
AG*(1,3) = 262
AG*(1,4) = 291
AG*(1,15) = 270
AG*(1,19) = 255
AG*(1,21) = 417
AG*(1,23) = 1407
AG*(1,33) = 278
AG*(1,17) = 635
AG*(1,8) = 525
AG*(1,10) = 72785
AG*(1,11) = 79415
AG*(5,28) = 45
AG*(5,29) = 44
AG*(5,34) = 44
AG*(5,30) = 44
AG*(5,35) = 45
AG*(5,26) = 45
AG*(5,20) = 44
AG*(5,31) = 46
AG*(5,18) = 45
AG*(5,22) = 45
AG*(5,32) = 45
AG*(5,25) = 46
AG*(5,27) = 46
AG*(5,7) = 47
AG*(5,24) = 47
AG*(5,16) = 49
AG*(5,3) = 47
AG*(5,4) = 48
AG*(5,15) = 47
AG*(5,19) = 47
AG*(5,21) = 50
AG*(5,23) = 53
AG*(5,33) = 47
AG*(5,17) = 51
AG*(5,8) = 50
AG*(5,10) = 56
AG*(5,11) = 56
AG*(5,14) = 58
AG*(5,13) = 71
AG*(5,12) = 98
AG*(5,1) = 182
AG*(6,28) = 50
AG*(6,29) = 49
AG*(6,34) = 49
AG*(6,30) = 50
AG*(6,35) = 49
AG*(6,26) = 50
AG*(6,20) = 49
AG*(6,31) = 50
AG*(6,18) = 50
AG*(6,22) = 51
AG*(6,32) = 51
AG*(6,25) = 52
AG*(6,27) = 51
AG*(6,7) = 52
AG*(6,24) = 53
AG*(6,16) = 52
AG*(6,3) = 52
AG*(6,4) = 54
AG*(6,15) = 53
AG*(6,19) = 53
AG*(6,21) = 52
AG*(6,23) = 59
AG*(6,33) = 53
AG*(6,17) = 59
AG*(6,8) = 57
AG*(6,10) = 57
AG*(6,11) = 66
AG*(6,14) = 64
AG*(6,13) = 90
AG*(6,12) = 97
AG*(6,1) = 342
AG*(2,28) = 18
AG*(2,29) = 18
AG*(2,34) = 18
AG*(2,30) = 18
AG*(2,35) = 18
AG*(2,26) = 18
AG*(2,20) = 18
AG*(2,31) = 18
AG*(2,18) = 18
AG*(2,22) = 18
AG*(2,32) = 18
AG*(2,25) = 18
AG*(2,27) = 18
AG*(2,7) = 19
AG*(2,24) = 18
AG*(2,16) = 19
AG*(2,3) = 19
AG*(2,4) = 18
AG*(2,15) = 19
AG*(2,19) = 18
AG*(2,21) = 19
AG*(2,23) = 19
AG*(2,33) = 19
AG*(2,17) = 19
AG*(2,8) = 19
AG*(2,10) = 20
AG*(2,11) = 20
AG*(2,14) = 20
AG*(2,13) = 21
AG*(2,12) = 23
AG*(2,9) = 30
AG*(2,1) = 25
AG*(2,5) = 71
AG*(2,6) = 40
AG*(0,28) = 12
AG*(0,29) = 12
AG*(0,34) = 12
AG*(0,30) = 12
AG*(0,35) = 12
AG*(0,26) = 12
AG*(0,20) = 12
AG*(0,31) = 12
AG*(0,18) = 12
AG*(0,22) = 12
AG*(0,32) = 12
AG*(0,25) = 12
AG*(0,27) = 12
AG*(0,7) = 12
AG*(0,24) = 12
AG*(0,16) = 12
AG*(0,3) = 12
AG*(0,4) = 12
AG*(0,15) = 12
AG*(0,19) = 12
AG*(0,21) = 12
AG*(0,23) = 13
AG*(0,33) = 12
AG*(0,17) = 12
AG*(0,8) = 12
AG*(0,10) = 13
AG*(0,11) = 13
AG*(0,14) = 13
AG*(0,13) = 13
AG*(0,12) = 14
AG*(0,9) = 18
AG*(0,1) = 15
AG*(0,5) = 27
AG*(0,6) = 20
AG*(0,2) = 91
NL(2,29) = 18, AG*'s used 18
NL(2,34) = 18, AG*'s used 18
NL(2,30) = 18, AG*'s used 18
NL(2,35) = 18, AG*'s used 18
NL(2,26) = 18, AG*'s used 18
NL(2,20) = 18, AG*'s used 18
NL(2,31) = 18, AG*'s used 18
NL(2,18) = 18, AG*'s used 18
NL(2,22) = 18, AG*'s used 18
NL(2,28) = 18, AG*'s used 18
NL(2,32) = 18, AG*'s used 18
NL(2,25) = 18, AG*'s used 18
NL(2,27) = 18, AG*'s used 18
NL(2,7) = 18, AG*'s used 18
NL(2,24) = 18, AG*'s used 18
NL(2,16) = 18, AG*'s used 19
NL(2,3) = 18, AG*'s used 18
NL(2,4) = 18, AG*'s used 18
NL(2,15) = 18, AG*'s used 18
NL(2,19) = 18, AG*'s used 18
NL(2,21) = 19, AG*'s used 19
NL(2,23) = 19, AG*'s used 19
NL(2,33) = 18, AG*'s used 18
NL(2,17) = 19, AG*'s used 19
NL(2,8) = 19, AG*'s used 19
NL(2,10) = 19, AG*'s used 20
NL(2,11) = 19, AG*'s used 19
NL(2,14) = 20, AG*'s used 20
NL(2,13) = 20, AG*'s used 20
NL(2,12) = 22, AG*'s used 21
NL(2,1) = 23, AG*'s used 23
NL(2,9) = 27, AG*'s used 25
NL(2,6) = 32, AG*'s used 30
NL(2,5) = 44, AG*'s used 40
Max in loop 73, 0.18597472550238242
AUD TV 0.2359747255023824, ss 32
AG*(2,28) = 18
AG*(2,29) = 18
AG*(2,34) = 18
AG*(2,30) = 18
AG*(2,35) = 18
AG*(2,26) = 18
AG*(2,20) = 18
AG*(2,31) = 18
AG*(2,18) = 18
AG*(2,22) = 18
AG*(2,32) = 18
AG*(2,25) = 18
AG*(2,27) = 18
AG*(2,7) = 19
AG*(2,24) = 18
AG*(2,16) = 19
AG*(2,3) = 19
AG*(2,4) = 19
AG*(2,15) = 19
AG*(2,19) = 18
AG*(2,21) = 19
AG*(2,23) = 19
AG*(2,33) = 19
AG*(2,17) = 19
AG*(2,8) = 19
AG*(2,10) = 20
AG*(2,11) = 20
AG*(2,14) = 20
AG*(2,13) = 21
AG*(2,12) = 23
AG*(2,9) = 31
AG*(2,1) = 25
AG*(2,5) = 79
AG*(2,6) = 40
AG*(16,20) = 1684
AG*(3,29) = 79415
AG*(3,20) = 79415
AG*(4,29) = 79415
AG*(4,20) = 79415
AG*(15,29) = 79415
AG*(15,20) = 79415
AG*(19,29) = 79415
AG*(19,20) = 79415
AG*(21,29) = 23465
AG*(21,20) = 79415
AG*(23,29) = 79415
AG*(23,34) = 79415
AG*(23,30) = 7639
AG*(23,20) = 79415
AG*(33,29) = 76249
AG*(33,34) = 79415
AG*(33,30) = 79415
AG*(33,35) = 79415
AG*(33,26) = 79415
AG*(33,20) = 58861
AG*(17,29) = 77848
AG*(17,34) = 79415
AG*(17,30) = 79415
AG*(17,35) = 79415
AG*(17,26) = 79415
AG*(17,20) = 63067
AG*(8,29) = 78598
AG*(8,34) = 79415
AG*(8,30) = 79415
AG*(8,35) = 79415
AG*(8,26) = 79415
AG*(8,20) = 72678
AG*(10,28) = 7387
AG*(10,29) = 1140
AG*(10,34) = 1250
AG*(10,30) = 1510
AG*(10,35) = 1483
AG*(10,26) = 1535
AG*(10,20) = 1111
AG*(10,31) = 4732
AG*(10,18) = 3149
AG*(10,22) = 6150
AG*(10,32) = 5413
AG*(10,25) = 79415
AG*(10,27) = 60461
AG*(10,19) = 6381
AG*(11,28) = 3729
AG*(11,29) = 959
AG*(11,34) = 1074
AG*(11,30) = 1150
AG*(11,35) = 1233
AG*(11,26) = 1183
AG*(11,20) = 966
AG*(11,31) = 4766
AG*(11,18) = 1966
AG*(11,22) = 3113
AG*(11,32) = 2997
AG*(11,25) = 79415
AG*(11,27) = 4143
AG*(11,24) = 79415
AG*(11,3) = 79415
AG*(11,15) = 72968
AG*(11,19) = 59517
AG*(14,28) = 1175
AG*(14,29) = 594
AG*(14,34) = 639
AG*(14,30) = 673
AG*(14,35) = 702
AG*(14,26) = 681
AG*(14,20) = 582
AG*(14,31) = 1165
AG*(14,18) = 995
AG*(14,22) = 1116
AG*(14,32) = 1063
AG*(14,25) = 2629
AG*(14,27) = 1380
AG*(14,7) = 77383
AG*(14,24) = 5064
AG*(14,16) = 79415
AG*(14,3) = 5472
AG*(14,4) = 79415
AG*(14,15) = 11723
AG*(14,19) = 3754
AG*(14,33) = 24406
AG*(13,28) = 1114
AG*(13,29) = 576
AG*(13,34) = 617
AG*(13,30) = 645
AG*(13,35) = 680
AG*(13,26) = 660
AG*(13,20) = 567
AG*(13,31) = 1150
AG*(13,18) = 949
AG*(13,22) = 1072
AG*(13,32) = 1029
AG*(13,25) = 1985
AG*(13,27) = 1136
AG*(13,7) = 39734
AG*(13,24) = 3124
AG*(13,16) = 79415
AG*(13,3) = 4185
AG*(13,4) = 79415
AG*(13,15) = 5426
AG*(13,19) = 3002
AG*(13,33) = 7888
AG*(12,28) = 273
AG*(12,29) = 226
AG*(12,34) = 231
AG*(12,30) = 237
AG*(12,35) = 241
AG*(12,26) = 240
AG*(12,20) = 223
AG*(12,31) = 272
AG*(12,18) = 256
AG*(12,22) = 270
AG*(12,32) = 264
AG*(12,25) = 313
AG*(12,27) = 282
AG*(12,7) = 407
AG*(12,24) = 333
AG*(12,16) = 512
AG*(12,3) = 337
AG*(12,4) = 519
AG*(12,15) = 399
AG*(12,19) = 324
AG*(12,21) = 595
AG*(12,23) = 24480
AG*(12,33) = 414
AG*(12,17) = 1664
AG*(12,8) = 990
AG*(12,10) = 1391
AG*(9,28) = 118
AG*(9,29) = 108
AG*(9,34) = 110
AG*(9,30) = 111
AG*(9,35) = 112
AG*(9,26) = 110
AG*(9,20) = 108
AG*(9,31) = 120
AG*(9,18) = 115
AG*(9,22) = 117
AG*(9,32) = 116
AG*(9,25) = 122
AG*(9,27) = 120
AG*(9,7) = 133
AG*(9,24) = 124
AG*(9,16) = 140
AG*(9,3) = 130
AG*(9,4) = 135
AG*(9,15) = 130
AG*(9,19) = 127
AG*(9,21) = 149
AG*(9,23) = 195
AG*(9,33) = 131
AG*(9,17) = 158
AG*(9,8) = 154
AG*(9,10) = 232
AG*(9,11) = 250
AG*(9,14) = 275
AG*(1,28) = 225
AG*(1,29) = 191
AG*(1,34) = 196
AG*(1,30) = 199
AG*(1,35) = 205
AG*(1,26) = 201
AG*(1,20) = 189
AG*(1,31) = 228
AG*(1,18) = 214
AG*(1,22) = 224
AG*(1,32) = 220
AG*(1,25) = 241
AG*(1,27) = 230
AG*(1,7) = 286
AG*(1,24) = 257
AG*(1,16) = 312
AG*(1,3) = 264
AG*(1,4) = 294
AG*(1,15) = 273
AG*(1,19) = 257
AG*(1,21) = 418
AG*(1,23) = 1506
AG*(1,33) = 280
AG*(1,17) = 655
AG*(1,8) = 541
AG*(1,10) = 75340
AG*(1,11) = 79415
AG*(5,28) = 46
AG*(5,29) = 44
AG*(5,34) = 44
AG*(5,30) = 44
AG*(5,35) = 45
AG*(5,26) = 45
AG*(5,20) = 44
AG*(5,31) = 46
AG*(5,18) = 45
AG*(5,22) = 45
AG*(5,32) = 45
AG*(5,25) = 46
AG*(5,27) = 46
AG*(5,7) = 48
AG*(5,24) = 47
AG*(5,16) = 49
AG*(5,3) = 47
AG*(5,4) = 48
AG*(5,15) = 47
AG*(5,19) = 47
AG*(5,21) = 50
AG*(5,23) = 53
AG*(5,33) = 47
AG*(5,17) = 51
AG*(5,8) = 50
AG*(5,10) = 56
AG*(5,11) = 57
AG*(5,14) = 58
AG*(5,13) = 72
AG*(5,12) = 99
AG*(5,1) = 195
AG*(6,28) = 51
AG*(6,29) = 49
AG*(6,34) = 49
AG*(6,30) = 50
AG*(6,35) = 49
AG*(6,26) = 50
AG*(6,20) = 49
AG*(6,31) = 50
AG*(6,18) = 50
AG*(6,22) = 51
AG*(6,32) = 51
AG*(6,25) = 52
AG*(6,27) = 51
AG*(6,7) = 52
AG*(6,24) = 53
AG*(6,16) = 52
AG*(6,3) = 52
AG*(6,4) = 54
AG*(6,15) = 53
AG*(6,19) = 53
AG*(6,21) = 52
AG*(6,23) = 59
AG*(6,33) = 54
AG*(6,17) = 59
AG*(6,8) = 57
AG*(6,10) = 57
AG*(6,11) = 67
AG*(6,14) = 65
AG*(6,13) = 92
AG*(6,12) = 98
AG*(6,1) = 515
AG*(2,28) = 18
AG*(2,29) = 18
AG*(2,34) = 18
AG*(2,30) = 18
AG*(2,35) = 18
AG*(2,26) = 18
AG*(2,20) = 18
AG*(2,31) = 18
AG*(2,18) = 18
AG*(2,22) = 18
AG*(2,32) = 18
AG*(2,25) = 18
AG*(2,27) = 18
AG*(2,7) = 19
AG*(2,24) = 18
AG*(2,16) = 19
AG*(2,3) = 19
AG*(2,4) = 19
AG*(2,15) = 19
AG*(2,19) = 18
AG*(2,21) = 19
AG*(2,23) = 19
AG*(2,33) = 19
AG*(2,17) = 19
AG*(2,8) = 19
AG*(2,10) = 20
AG*(2,11) = 20
AG*(2,14) = 20
AG*(2,13) = 21
AG*(2,12) = 23
AG*(2,9) = 31
AG*(2,1) = 25
AG*(2,5) = 79
AG*(2,6) = 40
AG*(0,28) = 12
AG*(0,29) = 12
AG*(0,34) = 12
AG*(0,30) = 12
AG*(0,35) = 12
AG*(0,26) = 12
AG*(0,20) = 12
AG*(0,31) = 12
AG*(0,18) = 12
AG*(0,22) = 12
AG*(0,32) = 12
AG*(0,25) = 12
AG*(0,27) = 12
AG*(0,7) = 12
AG*(0,24) = 12
AG*(0,16) = 12
AG*(0,3) = 12
AG*(0,4) = 12
AG*(0,15) = 12
AG*(0,19) = 12
AG*(0,21) = 12
AG*(0,23) = 13
AG*(0,33) = 12
AG*(0,17) = 12
AG*(0,8) = 12
AG*(0,10) = 13
AG*(0,11) = 13
AG*(0,14) = 13
AG*(0,13) = 13
AG*(0,12) = 14
AG*(0,9) = 18
AG*(0,1) = 15
AG*(0,5) = 27
AG*(0,6) = 20
AG*(0,2) = 91
NL(2,29) = 18, AG*'s used 18
NL(2,34) = 18, AG*'s used 18
NL(2,30) = 18, AG*'s used 18
NL(2,35) = 18, AG*'s used 18
NL(2,26) = 18, AG*'s used 18
NL(2,20) = 18, AG*'s used 18
NL(2,31) = 18, AG*'s used 18
NL(2,18) = 18, AG*'s used 18
NL(2,22) = 18, AG*'s used 18
NL(2,28) = 18, AG*'s used 18
NL(2,32) = 18, AG*'s used 18
NL(2,25) = 18, AG*'s used 18
NL(2,27) = 18, AG*'s used 18
NL(2,7) = 18, AG*'s used 18
NL(2,24) = 18, AG*'s used 18
NL(2,16) = 18, AG*'s used 19
NL(2,3) = 18, AG*'s used 18
NL(2,4) = 18, AG*'s used 18
NL(2,15) = 18, AG*'s used 18
NL(2,19) = 18, AG*'s used 18
NL(2,21) = 19, AG*'s used 19
NL(2,23) = 19, AG*'s used 19
NL(2,33) = 18, AG*'s used 18
NL(2,17) = 19, AG*'s used 19
NL(2,8) = 19, AG*'s used 19
NL(2,10) = 19, AG*'s used 20
NL(2,11) = 19, AG*'s used 19
NL(2,14) = 20, AG*'s used 20
NL(2,13) = 21, AG*'s used 20
NL(2,12) = 22, AG*'s used 21
NL(2,1) = 24, AG*'s used 23
NL(2,9) = 28, AG*'s used 25
NL(2,6) = 32, AG*'s used 31
NL(2,5) = 47, AG*'s used 40
Max in loop 73, 0.2359747255023824
AUD TV 0.2859747255023824, ss 22
AG*(2,28) = 18
AG*(2,29) = 18
AG*(2,34) = 18
AG*(2,30) = 18
AG*(2,35) = 18
AG*(2,26) = 18
AG*(2,20) = 18
AG*(2,31) = 18
AG*(2,18) = 18
AG*(2,22) = 18
AG*(2,32) = 18
AG*(2,25) = 18
AG*(2,27) = 18
AG*(2,7) = 19
AG*(2,24) = 18
AG*(2,16) = 19
AG*(2,3) = 19
AG*(2,4) = 19
AG*(2,15) = 19
AG*(2,19) = 18
AG*(2,21) = 19
AG*(2,23) = 19
AG*(2,33) = 19
AG*(2,17) = 19
AG*(2,8) = 19
AG*(2,10) = 20
AG*(2,11) = 20
AG*(2,14) = 20
AG*(2,13) = 21
AG*(2,12) = 24
AG*(2,9) = 31
AG*(2,1) = 25
AG*(2,5) = 90
AG*(2,6) = 41
AG*(16,20) = 1391
AG*(3,29) = 79415
AG*(3,20) = 79415
AG*(4,29) = 79415
AG*(4,20) = 79415
AG*(15,29) = 79334
AG*(15,20) = 79415
AG*(19,29) = 79415
AG*(19,20) = 79415
AG*(21,29) = 8910
AG*(21,20) = 79415
AG*(23,29) = 79415
AG*(23,34) = 79415
AG*(23,30) = 3752
AG*(23,20) = 79415
AG*(33,29) = 77054
AG*(33,34) = 79415
AG*(33,30) = 79415
AG*(33,35) = 79415
AG*(33,26) = 79415
AG*(33,20) = 60460
AG*(17,29) = 78598
AG*(17,34) = 79415
AG*(17,30) = 79415
AG*(17,35) = 79415
AG*(17,26) = 79415
AG*(17,20) = 71904
AG*(8,29) = 79272
AG*(8,34) = 79415
AG*(8,30) = 79415
AG*(8,35) = 79415
AG*(8,26) = 79415
AG*(8,20) = 74829
AG*(10,28) = 11731
AG*(10,29) = 1144
AG*(10,34) = 1368
AG*(10,30) = 1521
AG*(10,35) = 1489
AG*(10,26) = 1541
AG*(10,20) = 1116
AG*(10,31) = 4750
AG*(10,18) = 3172
AG*(10,22) = 6502
AG*(10,32) = 5485
AG*(10,25) = 79415
AG*(10,27) = 76762
AG*(11,28) = 4208
AG*(11,29) = 962
AG*(11,34) = 1078
AG*(11,30) = 1157
AG*(11,35) = 1237
AG*(11,26) = 1186
AG*(11,20) = 970
AG*(11,31) = 4966
AG*(11,18) = 1977
AG*(11,22) = 3160
AG*(11,32) = 3027
AG*(11,25) = 79415
AG*(11,27) = 4294
AG*(11,24) = 79415
AG*(11,3) = 79415
AG*(11,15) = 79370
AG*(11,19) = 75613
AG*(14,28) = 1199
AG*(14,29) = 596
AG*(14,34) = 641
AG*(14,30) = 676
AG*(14,35) = 704
AG*(14,26) = 682
AG*(14,20) = 584
AG*(14,31) = 1168
AG*(14,18) = 999
AG*(14,22) = 1126
AG*(14,32) = 1070
AG*(14,25) = 2998
AG*(14,27) = 1413
AG*(14,7) = 79407
AG*(14,24) = 5375
AG*(14,16) = 79415
AG*(14,3) = 5642
AG*(14,4) = 79415
AG*(14,15) = 24688
AG*(14,19) = 4269
AG*(14,33) = 34528
AG*(13,28) = 1135
AG*(13,29) = 577
AG*(13,34) = 619
AG*(13,30) = 648
AG*(13,35) = 681
AG*(13,26) = 661
AG*(13,20) = 568
AG*(13,31) = 1152
AG*(13,18) = 953
AG*(13,22) = 1081
AG*(13,32) = 1036
AG*(13,25) = 2172
AG*(13,27) = 1159
AG*(13,7) = 60473
AG*(13,24) = 3185
AG*(13,16) = 79415
AG*(13,3) = 4301
AG*(13,4) = 79415
AG*(13,15) = 5763
AG*(13,19) = 3106
AG*(13,33) = 11700
AG*(12,28) = 275
AG*(12,29) = 226
AG*(12,34) = 231
AG*(12,30) = 237
AG*(12,35) = 242
AG*(12,26) = 240
AG*(12,20) = 224
AG*(12,31) = 272
AG*(12,18) = 257
AG*(12,22) = 271
AG*(12,32) = 264
AG*(12,25) = 315
AG*(12,27) = 284
AG*(12,7) = 410
AG*(12,24) = 335
AG*(12,16) = 513
AG*(12,3) = 339
AG*(12,4) = 525
AG*(12,15) = 405
AG*(12,19) = 327
AG*(12,21) = 597
AG*(12,23) = 76096
AG*(12,33) = 417
AG*(12,17) = 2211
AG*(12,8) = 1038
AG*(9,28) = 118
AG*(9,29) = 108
AG*(9,34) = 110
AG*(9,30) = 111
AG*(9,35) = 112
AG*(9,26) = 110
AG*(9,20) = 108
AG*(9,31) = 120
AG*(9,18) = 116
AG*(9,22) = 117
AG*(9,32) = 116
AG*(9,25) = 123
AG*(9,27) = 120
AG*(9,7) = 134
AG*(9,24) = 124
AG*(9,16) = 140
AG*(9,3) = 130
AG*(9,4) = 136
AG*(9,15) = 130
AG*(9,19) = 127
AG*(9,21) = 149
AG*(9,23) = 198
AG*(9,33) = 131
AG*(9,17) = 160
AG*(9,8) = 156
AG*(9,10) = 233
AG*(9,11) = 258
AG*(9,14) = 282
AG*(1,28) = 226
AG*(1,29) = 191
AG*(1,34) = 196
AG*(1,30) = 200
AG*(1,35) = 205
AG*(1,26) = 201
AG*(1,20) = 190
AG*(1,31) = 228
AG*(1,18) = 214
AG*(1,22) = 225
AG*(1,32) = 221
AG*(1,25) = 242
AG*(1,27) = 232
AG*(1,7) = 288
AG*(1,24) = 258
AG*(1,16) = 313
AG*(1,3) = 265
AG*(1,4) = 296
AG*(1,15) = 276
AG*(1,19) = 259
AG*(1,21) = 419
AG*(1,23) = 1620
AG*(1,33) = 281
AG*(1,17) = 676
AG*(1,8) = 558
AG*(1,10) = 76799
AG*(5,28) = 46
AG*(5,29) = 44
AG*(5,34) = 44
AG*(5,30) = 45
AG*(5,35) = 45
AG*(5,26) = 45
AG*(5,20) = 44
AG*(5,31) = 46
AG*(5,18) = 45
AG*(5,22) = 46
AG*(5,32) = 45
AG*(5,25) = 46
AG*(5,27) = 46
AG*(5,7) = 48
AG*(5,24) = 47
AG*(5,16) = 49
AG*(5,3) = 47
AG*(5,4) = 48
AG*(5,15) = 47
AG*(5,19) = 47
AG*(5,21) = 50
AG*(5,23) = 53
AG*(5,33) = 47
AG*(5,17) = 51
AG*(5,8) = 50
AG*(5,10) = 56
AG*(5,11) = 57
AG*(5,14) = 58
AG*(5,13) = 73
AG*(5,12) = 100
AG*(5,1) = 209
AG*(6,28) = 51
AG*(6,29) = 49
AG*(6,34) = 49
AG*(6,30) = 50
AG*(6,35) = 49
AG*(6,26) = 50
AG*(6,20) = 49
AG*(6,31) = 50
AG*(6,18) = 50
AG*(6,22) = 51
AG*(6,32) = 51
AG*(6,25) = 53
AG*(6,27) = 51
AG*(6,7) = 52
AG*(6,24) = 53
AG*(6,16) = 52
AG*(6,3) = 52
AG*(6,4) = 55
AG*(6,15) = 53
AG*(6,19) = 53
AG*(6,21) = 52
AG*(6,23) = 60
AG*(6,33) = 54
AG*(6,17) = 59
AG*(6,8) = 58
AG*(6,10) = 57
AG*(6,11) = 67
AG*(6,14) = 65
AG*(6,13) = 95
AG*(6,12) = 100
AG*(6,1) = 617
AG*(2,28) = 18
AG*(2,29) = 18
AG*(2,34) = 18
AG*(2,30) = 18
AG*(2,35) = 18
AG*(2,26) = 18
AG*(2,20) = 18
AG*(2,31) = 18
AG*(2,18) = 18
AG*(2,22) = 18
AG*(2,32) = 18
AG*(2,25) = 18
AG*(2,27) = 18
AG*(2,7) = 19
AG*(2,24) = 18
AG*(2,16) = 19
AG*(2,3) = 19
AG*(2,4) = 19
AG*(2,15) = 19
AG*(2,19) = 18
AG*(2,21) = 19
AG*(2,23) = 19
AG*(2,33) = 19
AG*(2,17) = 19
AG*(2,8) = 19
AG*(2,10) = 20
AG*(2,11) = 20
AG*(2,14) = 20
AG*(2,13) = 21
AG*(2,12) = 24
AG*(2,9) = 31
AG*(2,1) = 25
AG*(2,5) = 90
AG*(2,6) = 41
AG*(0,28) = 12
AG*(0,29) = 12
AG*(0,34) = 12
AG*(0,30) = 12
AG*(0,35) = 12
AG*(0,26) = 12
AG*(0,20) = 12
AG*(0,31) = 12
AG*(0,18) = 12
AG*(0,22) = 12
AG*(0,32) = 12
AG*(0,25) = 12
AG*(0,27) = 12
AG*(0,7) = 12
AG*(0,24) = 12
AG*(0,16) = 12
AG*(0,3) = 12
AG*(0,4) = 12
AG*(0,15) = 12
AG*(0,19) = 12
AG*(0,21) = 12
AG*(0,23) = 13
AG*(0,33) = 12
AG*(0,17) = 12
AG*(0,8) = 12
AG*(0,10) = 13
AG*(0,11) = 13
AG*(0,14) = 13
AG*(0,13) = 13
AG*(0,12) = 14
AG*(0,9) = 18
AG*(0,1) = 15
AG*(0,5) = 27
AG*(0,6) = 20
AG*(0,2) = 91
NL(2,29) = 18, AG*'s used 18
NL(2,34) = 18, AG*'s used 18
NL(2,30) = 18, AG*'s used 18
NL(2,35) = 18, AG*'s used 18
NL(2,26) = 18, AG*'s used 18
NL(2,20) = 18, AG*'s used 18
NL(2,31) = 18, AG*'s used 18
NL(2,18) = 18, AG*'s used 18
NL(2,22) = 18, AG*'s used 18
NL(2,28) = 18, AG*'s used 18
NL(2,32) = 18, AG*'s used 18
NL(2,25) = 18, AG*'s used 18
NL(2,27) = 18, AG*'s used 18
NL(2,7) = 18, AG*'s used 19
NL(2,24) = 18, AG*'s used 18
NL(2,16) = 18, AG*'s used 19
NL(2,3) = 18, AG*'s used 18
NL(2,4) = 18, AG*'s used 18
NL(2,15) = 18, AG*'s used 18
NL(2,19) = 18, AG*'s used 18
NL(2,21) = 19, AG*'s used 19
NL(2,23) = 19, AG*'s used 19
NL(2,33) = 18, AG*'s used 18
NL(2,17) = 19, AG*'s used 19
NL(2,8) = 19, AG*'s used 19
NL(2,10) = 19, AG*'s used 20
NL(2,11) = 19, AG*'s used 19
NL(2,14) = 20, AG*'s used 20
NL(2,13) = 21, AG*'s used 20
NL(2,12) = 22, AG*'s used 21
NL(2,1) = 24, AG*'s used 24
NL(2,9) = 28, AG*'s used 25
NL(2,6) = 33, AG*'s used 31
NL(2,5) = 51, AG*'s used 41
Max in loop 73, 0.2859747255023824
AUD TV 0.3359747255023824, ss 16
AG*(2,28) = 18
AG*(2,29) = 18
AG*(2,34) = 18
AG*(2,30) = 18
AG*(2,35) = 18
AG*(2,26) = 18
AG*(2,20) = 18
AG*(2,31) = 18
AG*(2,18) = 18
AG*(2,22) = 18
AG*(2,32) = 18
AG*(2,25) = 18
AG*(2,27) = 18
AG*(2,7) = 19
AG*(2,24) = 18
AG*(2,16) = 19
AG*(2,3) = 19
AG*(2,4) = 19
AG*(2,15) = 19
AG*(2,19) = 19
AG*(2,21) = 19
AG*(2,23) = 19
AG*(2,33) = 19
AG*(2,17) = 19
AG*(2,8) = 19
AG*(2,10) = 20
AG*(2,11) = 20
AG*(2,14) = 20
AG*(2,13) = 22
AG*(2,12) = 24
AG*(2,9) = 32
AG*(2,1) = 26
AG*(2,5) = 104
AG*(2,6) = 42
AG*(16,20) = 697
AG*(3,29) = 79299
AG*(3,20) = 79415
AG*(4,29) = 79415
AG*(4,20) = 79415
AG*(15,29) = 79145
AG*(15,20) = 79415
AG*(19,29) = 79415
AG*(19,20) = 79415
AG*(21,29) = 5480
AG*(21,20) = 79343
AG*(23,29) = 79415
AG*(23,34) = 79415
AG*(23,30) = 1684
AG*(23,20) = 79415
AG*(33,29) = 77697
AG*(33,34) = 79415
AG*(33,30) = 79415
AG*(33,35) = 79415
AG*(33,26) = 79415
AG*(33,20) = 63445
AG*(17,29) = 79272
AG*(17,34) = 79415
AG*(17,30) = 79415
AG*(17,35) = 79415
AG*(17,26) = 79415
AG*(17,20) = 73876
AG*(8,29) = 79386
AG*(8,34) = 79415
AG*(8,30) = 79415
AG*(8,35) = 79415
AG*(8,26) = 79415
AG*(8,20) = 76007
AG*(10,28) = 18057
AG*(10,29) = 1149
AG*(10,34) = 1373
AG*(10,30) = 1532
AG*(10,35) = 1495
AG*(10,26) = 1546
AG*(10,20) = 1121
AG*(10,31) = 4768
AG*(10,18) = 3526
AG*(10,22) = 7297
AG*(10,32) = 5556
AG*(10,25) = 79415
AG*(10,27) = 79411
AG*(11,28) = 4736
AG*(11,29) = 966
AG*(11,34) = 1081
AG*(11,30) = 1163
AG*(11,35) = 1242
AG*(11,26) = 1190
AG*(11,20) = 974
AG*(11,31) = 4985
AG*(11,18) = 1989
AG*(11,22) = 3538
AG*(11,32) = 3058
AG*(11,25) = 79415
AG*(11,27) = 5023
AG*(11,24) = 79415
AG*(11,3) = 79415
AG*(11,15) = 79415
AG*(11,19) = 79324
AG*(14,28) = 1224
AG*(14,29) = 597
AG*(14,34) = 642
AG*(14,30) = 679
AG*(14,35) = 785
AG*(14,26) = 684
AG*(14,20) = 586
AG*(14,31) = 1170
AG*(14,18) = 1003
AG*(14,22) = 1137
AG*(14,32) = 1076
AG*(14,25) = 3070
AG*(14,27) = 1448
AG*(14,7) = 79415
AG*(14,24) = 5510
AG*(14,16) = 79415
AG*(14,3) = 5824
AG*(14,4) = 79415
AG*(14,15) = 57678
AG*(14,19) = 5019
AG*(14,33) = 53940
AG*(13,28) = 1156
AG*(13,29) = 579
AG*(13,34) = 620
AG*(13,30) = 650
AG*(13,35) = 683
AG*(13,26) = 663
AG*(13,20) = 570
AG*(13,31) = 1155
AG*(13,18) = 956
AG*(13,22) = 1090
AG*(13,32) = 1042
AG*(13,25) = 2217
AG*(13,27) = 1182
AG*(13,7) = 75642
AG*(13,24) = 3584
AG*(13,16) = 79415
AG*(13,3) = 4985
AG*(13,4) = 79415
AG*(13,15) = 7033
AG*(13,19) = 3549
AG*(13,33) = 16674
AG*(12,28) = 278
AG*(12,29) = 226
AG*(12,34) = 232
AG*(12,30) = 237
AG*(12,35) = 242
AG*(12,26) = 240
AG*(12,20) = 224
AG*(12,31) = 272
AG*(12,18) = 257
AG*(12,22) = 272
AG*(12,32) = 265
AG*(12,25) = 317
AG*(12,27) = 287
AG*(12,7) = 414
AG*(12,24) = 337
AG*(12,16) = 515
AG*(12,3) = 342
AG*(12,4) = 532
AG*(12,15) = 411
AG*(12,19) = 330
AG*(12,21) = 599
AG*(12,23) = 79415
AG*(12,33) = 421
AG*(12,17) = 2823
AG*(12,8) = 1091
AG*(9,28) = 119
AG*(9,29) = 108
AG*(9,34) = 110
AG*(9,30) = 111
AG*(9,35) = 112
AG*(9,26) = 110
AG*(9,20) = 108
AG*(9,31) = 120
AG*(9,18) = 116
AG*(9,22) = 118
AG*(9,32) = 116
AG*(9,25) = 123
AG*(9,27) = 121
AG*(9,7) = 134
AG*(9,24) = 124
AG*(9,16) = 140
AG*(9,3) = 130
AG*(9,4) = 136
AG*(9,15) = 131
AG*(9,19) = 128
AG*(9,21) = 149
AG*(9,23) = 201
AG*(9,33) = 131
AG*(9,17) = 161
AG*(9,8) = 157
AG*(9,10) = 233
AG*(9,11) = 267
AG*(9,14) = 288
AG*(1,28) = 227
AG*(1,29) = 191
AG*(1,34) = 197
AG*(1,30) = 200
AG*(1,35) = 205
AG*(1,26) = 202
AG*(1,20) = 190
AG*(1,31) = 228
AG*(1,18) = 215
AG*(1,22) = 225
AG*(1,32) = 221
AG*(1,25) = 243
AG*(1,27) = 234
AG*(1,7) = 290
AG*(1,24) = 259
AG*(1,16) = 314
AG*(1,3) = 267
AG*(1,4) = 299
AG*(1,15) = 280
AG*(1,19) = 261
AG*(1,21) = 420
AG*(1,23) = 2187
AG*(1,33) = 283
AG*(1,17) = 699
AG*(1,8) = 576
AG*(1,10) = 77918
AG*(5,28) = 46
AG*(5,29) = 44
AG*(5,34) = 44
AG*(5,30) = 45
AG*(5,35) = 45
AG*(5,26) = 45
AG*(5,20) = 44
AG*(5,31) = 46
AG*(5,18) = 45
AG*(5,22) = 46
AG*(5,32) = 45
AG*(5,25) = 46
AG*(5,27) = 46
AG*(5,7) = 48
AG*(5,24) = 47
AG*(5,16) = 49
AG*(5,3) = 47
AG*(5,4) = 48
AG*(5,15) = 47
AG*(5,19) = 47
AG*(5,21) = 50
AG*(5,23) = 53
AG*(5,33) = 47
AG*(5,17) = 51
AG*(5,8) = 50
AG*(5,10) = 56
AG*(5,11) = 58
AG*(5,14) = 58
AG*(5,13) = 74
AG*(5,12) = 101
AG*(5,1) = 225
AG*(6,28) = 51
AG*(6,29) = 49
AG*(6,34) = 49
AG*(6,30) = 50
AG*(6,35) = 50
AG*(6,26) = 50
AG*(6,20) = 49
AG*(6,31) = 50
AG*(6,18) = 50
AG*(6,22) = 51
AG*(6,32) = 51
AG*(6,25) = 53
AG*(6,27) = 52
AG*(6,7) = 52
AG*(6,24) = 53
AG*(6,16) = 52
AG*(6,3) = 52
AG*(6,4) = 55
AG*(6,15) = 54
AG*(6,19) = 53
AG*(6,21) = 52
AG*(6,23) = 60
AG*(6,33) = 54
AG*(6,17) = 60
AG*(6,8) = 58
AG*(6,10) = 57
AG*(6,11) = 68
AG*(6,14) = 65
AG*(6,13) = 98
AG*(6,12) = 101
AG*(6,1) = 942
AG*(2,28) = 18
AG*(2,29) = 18
AG*(2,34) = 18
AG*(2,30) = 18
AG*(2,35) = 18
AG*(2,26) = 18
AG*(2,20) = 18
AG*(2,31) = 18
AG*(2,18) = 18
AG*(2,22) = 18
AG*(2,32) = 18
AG*(2,25) = 18
AG*(2,27) = 18
AG*(2,7) = 19
AG*(2,24) = 18
AG*(2,16) = 19
AG*(2,3) = 19
AG*(2,4) = 19
AG*(2,15) = 19
AG*(2,19) = 19
AG*(2,21) = 19
AG*(2,23) = 19
AG*(2,33) = 19
AG*(2,17) = 19
AG*(2,8) = 19
AG*(2,10) = 20
AG*(2,11) = 20
AG*(2,14) = 20
AG*(2,13) = 22
AG*(2,12) = 24
AG*(2,9) = 32
AG*(2,1) = 26
AG*(2,5) = 104
AG*(2,6) = 42
AG*(0,28) = 12
AG*(0,29) = 12
AG*(0,34) = 12
AG*(0,30) = 12
AG*(0,35) = 12
AG*(0,26) = 12
AG*(0,20) = 12
AG*(0,31) = 12
AG*(0,18) = 12
AG*(0,22) = 12
AG*(0,32) = 12
AG*(0,25) = 12
AG*(0,27) = 12
AG*(0,7) = 12
AG*(0,24) = 12
AG*(0,16) = 12
AG*(0,3) = 12
AG*(0,4) = 12
AG*(0,15) = 12
AG*(0,19) = 12
AG*(0,21) = 12
AG*(0,23) = 13
AG*(0,33) = 12
AG*(0,17) = 12
AG*(0,8) = 12
AG*(0,10) = 13
AG*(0,11) = 13
AG*(0,14) = 13
AG*(0,13) = 13
AG*(0,12) = 14
AG*(0,9) = 18
AG*(0,1) = 15
AG*(0,5) = 27
AG*(0,6) = 20
AG*(0,2) = 91
NL(2,29) = 18, AG*'s used 18
NL(2,34) = 18, AG*'s used 18
NL(2,30) = 18, AG*'s used 18
NL(2,35) = 18, AG*'s used 18
NL(2,26) = 18, AG*'s used 18
NL(2,20) = 18, AG*'s used 18
NL(2,31) = 18, AG*'s used 18
NL(2,18) = 18, AG*'s used 18
NL(2,22) = 18, AG*'s used 18
NL(2,28) = 18, AG*'s used 18
NL(2,32) = 18, AG*'s used 18
NL(2,25) = 18, AG*'s used 18
NL(2,27) = 18, AG*'s used 18
NL(2,7) = 18, AG*'s used 19
NL(2,24) = 18, AG*'s used 18
NL(2,16) = 18, AG*'s used 19
NL(2,3) = 18, AG*'s used 18
NL(2,4) = 18, AG*'s used 18
NL(2,15) = 18, AG*'s used 18
NL(2,19) = 18, AG*'s used 18
NL(2,21) = 19, AG*'s used 19
NL(2,23) = 19, AG*'s used 19
NL(2,33) = 18, AG*'s used 18
NL(2,17) = 19, AG*'s used 19
NL(2,8) = 19, AG*'s used 19
NL(2,10) = 19, AG*'s used 20
NL(2,11) = 19, AG*'s used 19
NL(2,14) = 20, AG*'s used 20
NL(2,13) = 21, AG*'s used 20
NL(2,12) = 23, AG*'s used 22
NL(2,1) = 24, AG*'s used 24
NL(2,9) = 29, AG*'s used 26
NL(2,6) = 33, AG*'s used 32
NL(2,5) = 55, AG*'s used 42
Max in loop 73, 0.3359747255023824
AUD TV 0.3859747255023824, ss 12
AG*(2,28) = 18
AG*(2,29) = 18
AG*(2,34) = 18
AG*(2,30) = 18
AG*(2,35) = 18
AG*(2,26) = 18
AG*(2,20) = 18
AG*(2,31) = 18
AG*(2,18) = 18
AG*(2,22) = 18
AG*(2,32) = 18
AG*(2,25) = 18
AG*(2,27) = 18
AG*(2,7) = 19
AG*(2,24) = 18
AG*(2,16) = 19
AG*(2,3) = 19
AG*(2,4) = 19
AG*(2,15) = 19
AG*(2,19) = 19
AG*(2,21) = 19
AG*(2,23) = 19
AG*(2,33) = 19
AG*(2,17) = 19
AG*(2,8) = 19
AG*(2,10) = 20
AG*(2,11) = 20
AG*(2,14) = 20
AG*(2,13) = 22
AG*(2,12) = 24
AG*(2,9) = 33
AG*(2,1) = 26
AG*(2,5) = 123
AG*(2,6) = 42
AG*(3,29) = 60364
AG*(3,20) = 79415
AG*(4,29) = 79415
AG*(4,20) = 79415
AG*(15,29) = 23465
AG*(15,20) = 79415
AG*(19,29) = 79415
AG*(19,20) = 79415
AG*(21,29) = 2886
AG*(21,20) = 79224
AG*(23,29) = 79415
AG*(23,34) = 79415
AG*(23,30) = 697
AG*(23,20) = 79415
AG*(33,29) = 78459
AG*(33,34) = 79415
AG*(33,30) = 79415
AG*(33,35) = 79415
AG*(33,26) = 79415
AG*(33,20) = 72699
AG*(17,29) = 79386
AG*(17,34) = 79415
AG*(17,30) = 79415
AG*(17,35) = 79415
AG*(17,26) = 79415
AG*(17,20) = 75491
AG*(8,29) = 79412
AG*(8,34) = 79415
AG*(8,30) = 79415
AG*(8,35) = 79415
AG*(8,26) = 79415
AG*(8,20) = 77050
AG*(10,28) = 34117
AG*(10,29) = 1153
AG*(10,34) = 1379
AG*(10,30) = 1543
AG*(10,35) = 1500
AG*(10,26) = 1552
AG*(10,20) = 1126
AG*(10,31) = 4967
AG*(10,18) = 3552
AG*(10,22) = 7901
AG*(10,32) = 5629
AG*(10,25) = 41662
AG*(10,27) = 79415
AG*(11,28) = 5091
AG*(11,29) = 969
AG*(11,34) = 1085
AG*(11,30) = 1170
AG*(11,35) = 1246
AG*(11,26) = 1194
AG*(11,20) = 977
AG*(11,31) = 5003
AG*(11,18) = 2001
AG*(11,22) = 3592
AG*(11,32) = 3089
AG*(11,25) = 79415
AG*(11,27) = 5404
AG*(11,24) = 79415
AG*(11,3) = 79415
AG*(11,15) = 79415
AG*(11,19) = 79415
AG*(14,28) = 1251
AG*(14,29) = 599
AG*(14,34) = 644
AG*(14,30) = 682
AG*(14,35) = 786
AG*(14,26) = 685
AG*(14,20) = 587
AG*(14,31) = 1172
AG*(14,18) = 1007
AG*(14,22) = 1148
AG*(14,32) = 1083
AG*(14,25) = 3144
AG*(14,27) = 1485
AG*(14,7) = 79415
AG*(14,24) = 5650
AG*(14,16) = 79415
AG*(14,3) = 6465
AG*(14,4) = 79415
AG*(14,15) = 77203
AG*(14,19) = 5428
AG*(14,33) = 63211
AG*(13,28) = 1179
AG*(13,29) = 580
AG*(13,34) = 622
AG*(13,30) = 653
AG*(13,35) = 684
AG*(13,26) = 664
AG*(13,20) = 572
AG*(13,31) = 1157
AG*(13,18) = 960
AG*(13,22) = 1100
AG*(13,32) = 1048
AG*(13,25) = 2412
AG*(13,27) = 1207
AG*(13,7) = 79212
AG*(13,24) = 3662
AG*(13,16) = 79415
AG*(13,3) = 5125
AG*(13,4) = 79415
AG*(13,15) = 13689
AG*(13,19) = 3686
AG*(13,33) = 24628
AG*(12,28) = 280
AG*(12,29) = 226
AG*(12,34) = 232
AG*(12,30) = 238
AG*(12,35) = 242
AG*(12,26) = 240
AG*(12,20) = 224
AG*(12,31) = 272
AG*(12,18) = 258
AG*(12,22) = 273
AG*(12,32) = 266
AG*(12,25) = 320
AG*(12,27) = 289
AG*(12,7) = 417
AG*(12,24) = 339
AG*(12,16) = 517
AG*(12,3) = 394
AG*(12,4) = 539
AG*(12,15) = 417
AG*(12,19) = 334
AG*(12,21) = 601
AG*(12,23) = 79415
AG*(12,33) = 424
AG*(12,17) = 3525
AG*(12,8) = 1149
AG*(9,28) = 119
AG*(9,29) = 109
AG*(9,34) = 110
AG*(9,30) = 111
AG*(9,35) = 113
AG*(9,26) = 110
AG*(9,20) = 108
AG*(9,31) = 120
AG*(9,18) = 116
AG*(9,22) = 118
AG*(9,32) = 117
AG*(9,25) = 123
AG*(9,27) = 121
AG*(9,7) = 135
AG*(9,24) = 125
AG*(9,16) = 141
AG*(9,3) = 131
AG*(9,4) = 137
AG*(9,15) = 132
AG*(9,19) = 128
AG*(9,21) = 149
AG*(9,23) = 204
AG*(9,33) = 132
AG*(9,17) = 163
AG*(9,8) = 159
AG*(9,10) = 234
AG*(9,11) = 277
AG*(9,14) = 295
AG*(1,28) = 229
AG*(1,29) = 192
AG*(1,34) = 197
AG*(1,30) = 200
AG*(1,35) = 205
AG*(1,26) = 202
AG*(1,20) = 190
AG*(1,31) = 228
AG*(1,18) = 215
AG*(1,22) = 226
AG*(1,32) = 221
AG*(1,25) = 244
AG*(1,27) = 235
AG*(1,7) = 291
AG*(1,24) = 260
AG*(1,16) = 315
AG*(1,3) = 268
AG*(1,4) = 302
AG*(1,15) = 283
AG*(1,19) = 263
AG*(1,21) = 422
AG*(1,23) = 3003
AG*(1,33) = 285
AG*(1,17) = 804
AG*(1,8) = 594
AG*(1,10) = 79187
AG*(5,28) = 46
AG*(5,29) = 44
AG*(5,34) = 44
AG*(5,30) = 45
AG*(5,35) = 45
AG*(5,26) = 45
AG*(5,20) = 44
AG*(5,31) = 46
AG*(5,18) = 45
AG*(5,22) = 46
AG*(5,32) = 46
AG*(5,25) = 46
AG*(5,27) = 46
AG*(5,7) = 48
AG*(5,24) = 47
AG*(5,16) = 49
AG*(5,3) = 47
AG*(5,4) = 48
AG*(5,15) = 47
AG*(5,19) = 47
AG*(5,21) = 50
AG*(5,23) = 53
AG*(5,33) = 47
AG*(5,17) = 52
AG*(5,8) = 50
AG*(5,10) = 56
AG*(5,11) = 58
AG*(5,14) = 59
AG*(5,13) = 76
AG*(5,12) = 102
AG*(5,1) = 244
AG*(6,28) = 51
AG*(6,29) = 49
AG*(6,34) = 49
AG*(6,30) = 50
AG*(6,35) = 50
AG*(6,26) = 50
AG*(6,20) = 49
AG*(6,31) = 50
AG*(6,18) = 50
AG*(6,22) = 51
AG*(6,32) = 51
AG*(6,25) = 53
AG*(6,27) = 52
AG*(6,7) = 52
AG*(6,24) = 53
AG*(6,16) = 52
AG*(6,3) = 52
AG*(6,4) = 55
AG*(6,15) = 54
AG*(6,19) = 53
AG*(6,21) = 52
AG*(6,23) = 60
AG*(6,33) = 54
AG*(6,17) = 60
AG*(6,8) = 58
AG*(6,10) = 57
AG*(6,11) = 68
AG*(6,14) = 66
AG*(6,13) = 101
AG*(6,12) = 102
AG*(6,1) = 1248
AG*(2,28) = 18
AG*(2,29) = 18
AG*(2,34) = 18
AG*(2,30) = 18
AG*(2,35) = 18
AG*(2,26) = 18
AG*(2,20) = 18
AG*(2,31) = 18
AG*(2,18) = 18
AG*(2,22) = 18
AG*(2,32) = 18
AG*(2,25) = 18
AG*(2,27) = 18
AG*(2,7) = 19
AG*(2,24) = 18
AG*(2,16) = 19
AG*(2,3) = 19
AG*(2,4) = 19
AG*(2,15) = 19
AG*(2,19) = 19
AG*(2,21) = 19
AG*(2,23) = 19
AG*(2,33) = 19
AG*(2,17) = 19
AG*(2,8) = 19
AG*(2,10) = 20
AG*(2,11) = 20
AG*(2,14) = 20
AG*(2,13) = 22
AG*(2,12) = 24
AG*(2,9) = 33
AG*(2,1) = 26
AG*(2,5) = 123
AG*(2,6) = 42
AG*(0,28) = 12
AG*(0,29) = 12
AG*(0,34) = 12
AG*(0,30) = 12
AG*(0,35) = 12
AG*(0,26) = 12
AG*(0,20) = 12
AG*(0,31) = 12
AG*(0,18) = 12
AG*(0,22) = 12
AG*(0,32) = 12
AG*(0,25) = 12
AG*(0,27) = 12
AG*(0,7) = 12
AG*(0,24) = 12
AG*(0,16) = 12
AG*(0,3) = 12
AG*(0,4) = 12
AG*(0,15) = 12
AG*(0,19) = 12
AG*(0,21) = 12
AG*(0,23) = 13
AG*(0,33) = 12
AG*(0,17) = 12
AG*(0,8) = 12
AG*(0,10) = 13
AG*(0,11) = 13
AG*(0,14) = 13
AG*(0,13) = 13
AG*(0,12) = 14
AG*(0,9) = 18
AG*(0,1) = 15
AG*(0,5) = 27
AG*(0,6) = 20
AG*(0,2) = 91
NL(2,29) = 18, AG*'s used 18
NL(2,34) = 18, AG*'s used 18
NL(2,30) = 18, AG*'s used 18
NL(2,35) = 18, AG*'s used 18
NL(2,26) = 18, AG*'s used 18
NL(2,20) = 18, AG*'s used 18
NL(2,31) = 18, AG*'s used 18
NL(2,18) = 18, AG*'s used 18
NL(2,22) = 18, AG*'s used 18
NL(2,28) = 18, AG*'s used 18
NL(2,32) = 18, AG*'s used 18
NL(2,25) = 18, AG*'s used 18
NL(2,27) = 18, AG*'s used 18
NL(2,7) = 18, AG*'s used 19
NL(2,24) = 18, AG*'s used 18
NL(2,16) = 18, AG*'s used 19
NL(2,3) = 18, AG*'s used 18
NL(2,4) = 18, AG*'s used 18
NL(2,15) = 18, AG*'s used 19
NL(2,19) = 18, AG*'s used 18
NL(2,21) = 19, AG*'s used 19
NL(2,23) = 19, AG*'s used 19
NL(2,33) = 18, AG*'s used 18
NL(2,17) = 19, AG*'s used 19
NL(2,8) = 19, AG*'s used 19
NL(2,10) = 19, AG*'s used 20
NL(2,11) = 19, AG*'s used 19
NL(2,14) = 20, AG*'s used 20
NL(2,13) = 21, AG*'s used 20
NL(2,12) = 23, AG*'s used 22
NL(2,1) = 24, AG*'s used 24
NL(2,9) = 29, AG*'s used 26
NL(2,6) = 33, AG*'s used 33
NL(2,5) = 60, AG*'s used 42
Max in loop 73, 0.3859747255023824
AUD TV 0.43597472550238237, ss 9
AG*(2,28) = 18
AG*(2,29) = 18
AG*(2,34) = 18
AG*(2,30) = 18
AG*(2,35) = 18
AG*(2,26) = 18
AG*(2,20) = 18
AG*(2,31) = 18
AG*(2,18) = 18
AG*(2,22) = 18
AG*(2,32) = 18
AG*(2,25) = 18
AG*(2,27) = 18
AG*(2,7) = 19
AG*(2,24) = 18
AG*(2,16) = 19
AG*(2,3) = 19
AG*(2,4) = 19
AG*(2,15) = 19
AG*(2,19) = 19
AG*(2,21) = 19
AG*(2,23) = 19
AG*(2,33) = 19
AG*(2,17) = 19
AG*(2,8) = 19
AG*(2,10) = 20
AG*(2,11) = 20
AG*(2,14) = 20
AG*(2,13) = 22
AG*(2,12) = 24
AG*(2,9) = 34
AG*(2,1) = 26
AG*(2,5) = 150
AG*(2,6) = 43
AG*(3,29) = 13420
AG*(3,20) = 79415
AG*(4,29) = 79299
AG*(4,20) = 79415
AG*(15,29) = 8910
AG*(15,20) = 79333
AG*(19,29) = 79415
AG*(19,20) = 79415
AG*(21,29) = 2074
AG*(21,20) = 22661
AG*(23,29) = 79415
AG*(23,34) = 79415
AG*(23,20) = 79415
AG*(33,29) = 79234
AG*(33,34) = 79415
AG*(33,30) = 79415
AG*(33,35) = 79415
AG*(33,26) = 79415
AG*(33,20) = 74851
AG*(17,29) = 79412
AG*(17,34) = 79415
AG*(17,30) = 79415
AG*(17,35) = 79415
AG*(17,26) = 79415
AG*(17,20) = 76654
AG*(8,29) = 79415
AG*(8,34) = 79415
AG*(8,30) = 79415
AG*(8,35) = 79415
AG*(8,26) = 79415
AG*(8,20) = 77917
AG*(10,28) = 57069
AG*(10,29) = 1158
AG*(10,34) = 1384
AG*(10,30) = 1554
AG*(10,35) = 1506
AG*(10,26) = 1558
AG*(10,20) = 1131
AG*(10,31) = 4986
AG*(10,18) = 3579
AG*(10,22) = 9895
AG*(10,32) = 5704
AG*(10,25) = 2661
AG*(10,27) = 79415
AG*(11,28) = 5473
AG*(11,29) = 972
AG*(11,34) = 1088
AG*(11,30) = 1176
AG*(11,35) = 1250
AG*(11,26) = 1197
AG*(11,20) = 981
AG*(11,31) = 5022
AG*(11,18) = 2158
AG*(11,22) = 3652
AG*(11,32) = 3121
AG*(11,25) = 79415
AG*(11,27) = 5621
AG*(11,24) = 79415
AG*(11,3) = 79415
AG*(11,15) = 79415
AG*(11,19) = 79415
AG*(14,28) = 1394
AG*(14,29) = 600
AG*(14,34) = 645
AG*(14,30) = 685
AG*(14,35) = 788
AG*(14,26) = 687
AG*(14,20) = 589
AG*(14,31) = 1175
AG*(14,18) = 1011
AG*(14,22) = 1159
AG*(14,32) = 1089
AG*(14,25) = 3555
AG*(14,27) = 1524
AG*(14,7) = 79415
AG*(14,24) = 5796
AG*(14,16) = 79415
AG*(14,3) = 7352
AG*(14,4) = 79415
AG*(14,15) = 79415
AG*(14,19) = 5680
AG*(14,33) = 76095
AG*(13,28) = 1202
AG*(13,29) = 582
AG*(13,34) = 623
AG*(13,30) = 656
AG*(13,35) = 686
AG*(13,26) = 665
AG*(13,20) = 573
AG*(13,31) = 1159
AG*(13,18) = 963
AG*(13,22) = 1110
AG*(13,32) = 1055
AG*(13,25) = 2616
AG*(13,27) = 1232
AG*(13,7) = 79415
AG*(13,24) = 3738
AG*(13,16) = 79415
AG*(13,3) = 5466
AG*(13,4) = 79415
AG*(13,15) = 25056
AG*(13,19) = 4180
AG*(13,33) = 34875
AG*(12,28) = 282
AG*(12,29) = 227
AG*(12,34) = 232
AG*(12,30) = 238
AG*(12,35) = 242
AG*(12,26) = 241
AG*(12,20) = 225
AG*(12,31) = 273
AG*(12,18) = 258
AG*(12,22) = 274
AG*(12,32) = 266
AG*(12,25) = 322
AG*(12,27) = 292
AG*(12,7) = 421
AG*(12,24) = 341
AG*(12,16) = 519
AG*(12,3) = 398
AG*(12,4) = 546
AG*(12,15) = 424
AG*(12,19) = 337
AG*(12,21) = 603
AG*(12,23) = 79415
AG*(12,33) = 427
AG*(12,17) = 4156
AG*(12,8) = 1214
AG*(9,28) = 120
AG*(9,29) = 109
AG*(9,34) = 110
AG*(9,30) = 112
AG*(9,35) = 113
AG*(9,26) = 111
AG*(9,20) = 108
AG*(9,31) = 120
AG*(9,18) = 116
AG*(9,22) = 118
AG*(9,32) = 117
AG*(9,25) = 124
AG*(9,27) = 122
AG*(9,7) = 135
AG*(9,24) = 125
AG*(9,16) = 141
AG*(9,3) = 131
AG*(9,4) = 137
AG*(9,15) = 133
AG*(9,19) = 129
AG*(9,21) = 149
AG*(9,23) = 208
AG*(9,33) = 132
AG*(9,17) = 164
AG*(9,8) = 161
AG*(9,10) = 234
AG*(9,11) = 287
AG*(9,14) = 302
AG*(1,28) = 230
AG*(1,29) = 192
AG*(1,34) = 197
AG*(1,30) = 201
AG*(1,35) = 205
AG*(1,26) = 202
AG*(1,20) = 190
AG*(1,31) = 228
AG*(1,18) = 215
AG*(1,22) = 227
AG*(1,32) = 222
AG*(1,25) = 245
AG*(1,27) = 237
AG*(1,7) = 293
AG*(1,24) = 262
AG*(1,16) = 315
AG*(1,3) = 270
AG*(1,4) = 304
AG*(1,15) = 286
AG*(1,19) = 265
AG*(1,21) = 423
AG*(1,23) = 3634
AG*(1,33) = 287
AG*(1,17) = 832
AG*(1,8) = 615
AG*(1,10) = 79390
AG*(5,28) = 46
AG*(5,29) = 44
AG*(5,34) = 44
AG*(5,30) = 45
AG*(5,35) = 45
AG*(5,26) = 45
AG*(5,20) = 44
AG*(5,31) = 46
AG*(5,18) = 45
AG*(5,22) = 46
AG*(5,32) = 46
AG*(5,25) = 46
AG*(5,27) = 46
AG*(5,7) = 48
AG*(5,24) = 47
AG*(5,16) = 49
AG*(5,3) = 47
AG*(5,4) = 48
AG*(5,15) = 48
AG*(5,19) = 47
AG*(5,21) = 50
AG*(5,23) = 54
AG*(5,33) = 47
AG*(5,17) = 52
AG*(5,8) = 50
AG*(5,10) = 56
AG*(5,11) = 58
AG*(5,14) = 59
AG*(5,13) = 77
AG*(5,12) = 103
AG*(5,1) = 267
AG*(6,28) = 51
AG*(6,29) = 49
AG*(6,34) = 49
AG*(6,30) = 50
AG*(6,35) = 50
AG*(6,26) = 50
AG*(6,20) = 49
AG*(6,31) = 50
AG*(6,18) = 50
AG*(6,22) = 51
AG*(6,32) = 51
AG*(6,25) = 53
AG*(6,27) = 52
AG*(6,7) = 52
AG*(6,24) = 53
AG*(6,16) = 52
AG*(6,3) = 53
AG*(6,4) = 55
AG*(6,15) = 54
AG*(6,19) = 53
AG*(6,21) = 52
AG*(6,23) = 61
AG*(6,33) = 54
AG*(6,17) = 60
AG*(6,8) = 58
AG*(6,10) = 57
AG*(6,11) = 69
AG*(6,14) = 66
AG*(6,13) = 104
AG*(6,12) = 103
AG*(6,1) = 3164
AG*(2,28) = 18
AG*(2,29) = 18
AG*(2,34) = 18
AG*(2,30) = 18
AG*(2,35) = 18
AG*(2,26) = 18
AG*(2,20) = 18
AG*(2,31) = 18
AG*(2,18) = 18
AG*(2,22) = 18
AG*(2,32) = 18
AG*(2,25) = 18
AG*(2,27) = 18
AG*(2,7) = 19
AG*(2,24) = 18
AG*(2,16) = 19
AG*(2,3) = 19
AG*(2,4) = 19
AG*(2,15) = 19
AG*(2,19) = 19
AG*(2,21) = 19
AG*(2,23) = 19
AG*(2,33) = 19
AG*(2,17) = 19
AG*(2,8) = 19
AG*(2,10) = 20
AG*(2,11) = 20
AG*(2,14) = 20
AG*(2,13) = 22
AG*(2,12) = 24
AG*(2,9) = 34
AG*(2,1) = 26
AG*(2,5) = 150
AG*(2,6) = 43
AG*(0,28) = 12
AG*(0,29) = 12
AG*(0,34) = 12
AG*(0,30) = 12
AG*(0,35) = 12
AG*(0,26) = 12
AG*(0,20) = 12
AG*(0,31) = 12
AG*(0,18) = 12
AG*(0,22) = 12
AG*(0,32) = 12
AG*(0,25) = 12
AG*(0,27) = 12
AG*(0,7) = 12
AG*(0,24) = 12
AG*(0,16) = 12
AG*(0,3) = 12
AG*(0,4) = 12
AG*(0,15) = 12
AG*(0,19) = 12
AG*(0,21) = 12
AG*(0,23) = 13
AG*(0,33) = 12
AG*(0,17) = 12
AG*(0,8) = 12
AG*(0,10) = 13
AG*(0,11) = 13
AG*(0,14) = 13
AG*(0,13) = 13
AG*(0,12) = 14
AG*(0,9) = 18
AG*(0,1) = 15
AG*(0,5) = 27
AG*(0,6) = 20
AG*(0,2) = 91
NL(2,29) = 18, AG*'s used 18
NL(2,34) = 18, AG*'s used 18
NL(2,30) = 18, AG*'s used 18
NL(2,35) = 18, AG*'s used 18
NL(2,26) = 18, AG*'s used 18
NL(2,20) = 18, AG*'s used 18
NL(2,31) = 18, AG*'s used 18
NL(2,18) = 18, AG*'s used 18
NL(2,22) = 18, AG*'s used 18
NL(2,28) = 18, AG*'s used 18
NL(2,32) = 18, AG*'s used 18
NL(2,25) = 18, AG*'s used 18
NL(2,27) = 18, AG*'s used 18
NL(2,7) = 18, AG*'s used 19
NL(2,24) = 18, AG*'s used 18
NL(2,16) = 18, AG*'s used 19
NL(2,3) = 18, AG*'s used 18
NL(2,4) = 18, AG*'s used 18
NL(2,15) = 18, AG*'s used 19
NL(2,19) = 18, AG*'s used 18
NL(2,21) = 19, AG*'s used 19
NL(2,23) = 19, AG*'s used 19
NL(2,33) = 18, AG*'s used 18
NL(2,17) = 19, AG*'s used 19
NL(2,8) = 19, AG*'s used 19
NL(2,10) = 19, AG*'s used 20
NL(2,11) = 19, AG*'s used 20
NL(2,14) = 20, AG*'s used 20
NL(2,13) = 21, AG*'s used 20
NL(2,12) = 23, AG*'s used 22
NL(2,1) = 24, AG*'s used 24
NL(2,9) = 30, AG*'s used 26
NL(2,6) = 34, AG*'s used 34
NL(2,5) = 66, AG*'s used 43
Max in loop 73, 0.43597472550238237
AUD TV 0.48597472550238235, ss 7
AG*(2,28) = 18
AG*(2,29) = 18
AG*(2,34) = 18
AG*(2,30) = 18
AG*(2,35) = 18
AG*(2,26) = 18
AG*(2,20) = 18
AG*(2,31) = 18
AG*(2,18) = 18
AG*(2,22) = 18
AG*(2,32) = 18
AG*(2,25) = 18
AG*(2,27) = 18
AG*(2,7) = 19
AG*(2,24) = 18
AG*(2,16) = 19
AG*(2,3) = 19
AG*(2,4) = 19
AG*(2,15) = 19
AG*(2,19) = 19
AG*(2,21) = 19
AG*(2,23) = 19
AG*(2,33) = 19
AG*(2,17) = 19
AG*(2,8) = 19
AG*(2,10) = 20
AG*(2,11) = 20
AG*(2,14) = 21
AG*(2,13) = 22
AG*(2,12) = 24
AG*(2,9) = 35
AG*(2,1) = 26
AG*(2,5) = 193
AG*(2,6) = 43
AG*(3,29) = 7095
AG*(3,20) = 79342
AG*(4,29) = 60364
AG*(4,20) = 79415
AG*(15,29) = 5480
AG*(15,20) = 78812
AG*(19,29) = 79415
AG*(19,20) = 79415
AG*(21,29) = 1391
AG*(21,20) = 8123
AG*(23,29) = 79415
AG*(23,34) = 79415
AG*(23,20) = 79415
AG*(33,29) = 79371
AG*(33,34) = 79415
AG*(33,30) = 79415
AG*(33,35) = 79415
AG*(33,26) = 79415
AG*(33,20) = 76027
AG*(17,29) = 79415
AG*(17,34) = 79415
AG*(17,30) = 79415
AG*(17,35) = 79415
AG*(17,26) = 79415
AG*(17,20) = 77461
AG*(8,29) = 79415
AG*(8,34) = 79415
AG*(8,30) = 79415
AG*(8,35) = 79415
AG*(8,26) = 79415
AG*(8,20) = 78766
AG*(10,28) = 72926
AG*(10,29) = 1162
AG*(10,34) = 1389
AG*(10,30) = 1566
AG*(10,35) = 1511
AG*(10,26) = 1563
AG*(10,20) = 1136
AG*(10,31) = 5005
AG*(10,18) = 3606
AG*(10,22) = 13729
AG*(10,32) = 5780
AG*(10,27) = 79415
AG*(11,28) = 5683
AG*(11,29) = 975
AG*(11,34) = 1092
AG*(11,30) = 1183
AG*(11,35) = 1367
AG*(11,26) = 1201
AG*(11,20) = 985
AG*(11,31) = 5042
AG*(11,18) = 2172
AG*(11,22) = 3709
AG*(11,32) = 3153
AG*(11,25) = 79415
AG*(11,27) = 5853
AG*(11,24) = 79415
AG*(11,3) = 79415
AG*(11,15) = 79415
AG*(11,19) = 79415
AG*(14,28) = 1426
AG*(14,29) = 602
AG*(14,34) = 647
AG*(14,30) = 688
AG*(14,35) = 790
AG*(14,26) = 688
AG*(14,20) = 591
AG*(14,31) = 1177
AG*(14,18) = 1015
AG*(14,22) = 1170
AG*(14,32) = 1096
AG*(14,25) = 3650
AG*(14,27) = 1565
AG*(14,7) = 79415
AG*(14,24) = 6394
AG*(14,16) = 79415
AG*(14,3) = 9895
AG*(14,4) = 79303
AG*(14,15) = 79415
AG*(14,19) = 6395
AG*(14,33) = 79216
AG*(13,28) = 1227
AG*(13,29) = 583
AG*(13,34) = 624
AG*(13,30) = 658
AG*(13,35) = 687
AG*(13,26) = 667
AG*(13,20) = 575
AG*(13,31) = 1162
AG*(13,18) = 967
AG*(13,22) = 1119
AG*(13,32) = 1061
AG*(13,25) = 2826
AG*(13,27) = 1372
AG*(13,7) = 79415
AG*(13,24) = 4169
AG*(13,16) = 79415
AG*(13,3) = 5629
AG*(13,4) = 79415
AG*(13,15) = 57807
AG*(13,19) = 4352
AG*(13,33) = 57304
AG*(12,28) = 284
AG*(12,29) = 227
AG*(12,34) = 232
AG*(12,30) = 239
AG*(12,35) = 243
AG*(12,26) = 241
AG*(12,20) = 225
AG*(12,31) = 273
AG*(12,18) = 259
AG*(12,22) = 275
AG*(12,32) = 267
AG*(12,25) = 324
AG*(12,27) = 294
AG*(12,7) = 424
AG*(12,24) = 343
AG*(12,16) = 521
AG*(12,3) = 400
AG*(12,4) = 553
AG*(12,15) = 431
AG*(12,19) = 341
AG*(12,21) = 605
AG*(12,23) = 79415
AG*(12,33) = 431
AG*(12,17) = 5093
AG*(12,8) = 1403
AG*(9,28) = 120
AG*(9,29) = 109
AG*(9,34) = 110
AG*(9,30) = 112
AG*(9,35) = 113
AG*(9,26) = 111
AG*(9,20) = 108
AG*(9,31) = 120
AG*(9,18) = 116
AG*(9,22) = 118
AG*(9,32) = 117
AG*(9,25) = 124
AG*(9,27) = 122
AG*(9,7) = 136
AG*(9,24) = 125
AG*(9,16) = 141
AG*(9,3) = 131
AG*(9,4) = 138
AG*(9,15) = 133
AG*(9,19) = 129
AG*(9,21) = 150
AG*(9,23) = 211
AG*(9,33) = 132
AG*(9,17) = 166
AG*(9,8) = 163
AG*(9,10) = 235
AG*(9,11) = 299
AG*(9,14) = 310
AG*(1,28) = 232
AG*(1,29) = 192
AG*(1,34) = 197
AG*(1,30) = 201
AG*(1,35) = 206
AG*(1,26) = 202
AG*(1,20) = 191
AG*(1,31) = 228
AG*(1,18) = 215
AG*(1,22) = 227
AG*(1,32) = 222
AG*(1,25) = 247
AG*(1,27) = 238
AG*(1,7) = 295
AG*(1,24) = 263
AG*(1,16) = 316
AG*(1,3) = 271
AG*(1,4) = 307
AG*(1,15) = 290
AG*(1,19) = 268
AG*(1,21) = 424
AG*(1,23) = 4968
AG*(1,33) = 288
AG*(1,17) = 950
AG*(1,8) = 636
AG*(1,10) = 79414
AG*(5,28) = 46
AG*(5,29) = 44
AG*(5,34) = 44
AG*(5,30) = 45
AG*(5,35) = 45
AG*(5,26) = 45
AG*(5,20) = 44
AG*(5,31) = 46
AG*(5,18) = 45
AG*(5,22) = 46
AG*(5,32) = 46
AG*(5,25) = 47
AG*(5,27) = 46
AG*(5,7) = 48
AG*(5,24) = 47
AG*(5,16) = 49
AG*(5,3) = 47
AG*(5,4) = 48
AG*(5,15) = 48
AG*(5,19) = 47
AG*(5,21) = 50
AG*(5,23) = 54
AG*(5,33) = 47
AG*(5,17) = 52
AG*(5,8) = 51
AG*(5,10) = 56
AG*(5,11) = 59
AG*(5,14) = 59
AG*(5,13) = 79
AG*(5,12) = 104
AG*(5,1) = 294
AG*(6,28) = 51
AG*(6,29) = 49
AG*(6,34) = 49
AG*(6,30) = 50
AG*(6,35) = 50
AG*(6,26) = 50
AG*(6,20) = 49
AG*(6,31) = 50
AG*(6,18) = 50
AG*(6,22) = 51
AG*(6,32) = 51
AG*(6,25) = 53
AG*(6,27) = 52
AG*(6,7) = 52
AG*(6,24) = 53
AG*(6,16) = 52
AG*(6,3) = 53
AG*(6,4) = 55
AG*(6,15) = 54
AG*(6,19) = 53
AG*(6,21) = 52
AG*(6,23) = 61
AG*(6,33) = 54
AG*(6,17) = 60
AG*(6,8) = 59
AG*(6,10) = 57
AG*(6,11) = 70
AG*(6,14) = 67
AG*(6,13) = 107
AG*(6,12) = 104
AG*(6,1) = 78285
AG*(2,28) = 18
AG*(2,29) = 18
AG*(2,34) = 18
AG*(2,30) = 18
AG*(2,35) = 18
AG*(2,26) = 18
AG*(2,20) = 18
AG*(2,31) = 18
AG*(2,18) = 18
AG*(2,22) = 18
AG*(2,32) = 18
AG*(2,25) = 18
AG*(2,27) = 18
AG*(2,7) = 19
AG*(2,24) = 18
AG*(2,16) = 19
AG*(2,3) = 19
AG*(2,4) = 19
AG*(2,15) = 19
AG*(2,19) = 19
AG*(2,21) = 19
AG*(2,23) = 19
AG*(2,33) = 19
AG*(2,17) = 19
AG*(2,8) = 19
AG*(2,10) = 20
AG*(2,11) = 20
AG*(2,14) = 21
AG*(2,13) = 22
AG*(2,12) = 24
AG*(2,9) = 35
AG*(2,1) = 26
AG*(2,5) = 193
AG*(2,6) = 43
AG*(0,28) = 12
AG*(0,29) = 12
AG*(0,34) = 12
AG*(0,30) = 12
AG*(0,35) = 12
AG*(0,26) = 12
AG*(0,20) = 12
AG*(0,31) = 12
AG*(0,18) = 12
AG*(0,22) = 12
AG*(0,32) = 12
AG*(0,25) = 12
AG*(0,27) = 12
AG*(0,7) = 12
AG*(0,24) = 12
AG*(0,16) = 12
AG*(0,3) = 12
AG*(0,4) = 12
AG*(0,15) = 12
AG*(0,19) = 12
AG*(0,21) = 12
AG*(0,23) = 13
AG*(0,33) = 12
AG*(0,17) = 12
AG*(0,8) = 12
AG*(0,10) = 13
AG*(0,11) = 13
AG*(0,14) = 13
AG*(0,13) = 13
AG*(0,12) = 14
AG*(0,9) = 18
AG*(0,1) = 15
AG*(0,5) = 27
AG*(0,6) = 20
AG*(0,2) = 91
NL(2,29) = 18, AG*'s used 18
NL(2,34) = 18, AG*'s used 18
NL(2,30) = 18, AG*'s used 18
NL(2,35) = 18, AG*'s used 18
NL(2,26) = 18, AG*'s used 18
NL(2,20) = 18, AG*'s used 18
NL(2,31) = 18, AG*'s used 18
NL(2,18) = 18, AG*'s used 18
NL(2,22) = 18, AG*'s used 18
NL(2,28) = 18, AG*'s used 18
NL(2,32) = 18, AG*'s used 18
NL(2,25) = 18, AG*'s used 18
NL(2,27) = 18, AG*'s used 18
NL(2,7) = 18, AG*'s used 19
NL(2,24) = 18, AG*'s used 18
NL(2,16) = 19, AG*'s used 19
NL(2,3) = 18, AG*'s used 18
NL(2,4) = 18, AG*'s used 18
NL(2,15) = 18, AG*'s used 19
NL(2,19) = 18, AG*'s used 18
NL(2,21) = 19, AG*'s used 19
NL(2,23) = 19, AG*'s used 19
NL(2,33) = 18, AG*'s used 18
NL(2,17) = 19, AG*'s used 19
NL(2,8) = 19, AG*'s used 19
NL(2,10) = 19, AG*'s used 20
NL(2,11) = 20, AG*'s used 20
NL(2,14) = 20, AG*'s used 20
NL(2,13) = 21, AG*'s used 21
NL(2,12) = 23, AG*'s used 22
NL(2,1) = 25, AG*'s used 24
NL(2,9) = 31, AG*'s used 26
NL(2,6) = 34, AG*'s used 35
NL(2,5) = 73, AG*'s used 43
Max in loop 73, 0.48597472550238235
AUD TV 0.5359747255023823, ss 6
AG*(2,28) = 18
AG*(2,29) = 18
AG*(2,34) = 18
AG*(2,30) = 18
AG*(2,35) = 18
AG*(2,26) = 18
AG*(2,20) = 18
AG*(2,31) = 18
AG*(2,18) = 18
AG*(2,22) = 18
AG*(2,32) = 18
AG*(2,25) = 18
AG*(2,27) = 18
AG*(2,7) = 19
AG*(2,24) = 18
AG*(2,16) = 19
AG*(2,3) = 19
AG*(2,4) = 19
AG*(2,15) = 19
AG*(2,19) = 19
AG*(2,21) = 19
AG*(2,23) = 19
AG*(2,33) = 19
AG*(2,17) = 19
AG*(2,8) = 19
AG*(2,10) = 20
AG*(2,11) = 20
AG*(2,14) = 21
AG*(2,13) = 22
AG*(2,12) = 24
AG*(2,9) = 35
AG*(2,1) = 26
AG*(2,5) = 270
AG*(2,6) = 44
AG*(3,29) = 3941
AG*(3,20) = 79214
AG*(4,29) = 13420
AG*(4,20) = 79415
AG*(15,29) = 2886
AG*(15,20) = 15149
AG*(19,29) = 79415
AG*(19,20) = 79415
AG*(21,29) = 697
AG*(21,20) = 3941
AG*(23,29) = 79415
AG*(23,34) = 79415
AG*(23,20) = 79415
AG*(33,29) = 79409
AG*(33,34) = 79415
AG*(33,30) = 79415
AG*(33,35) = 79415
AG*(33,26) = 79415
AG*(33,20) = 77068
AG*(17,29) = 79415
AG*(17,34) = 79415
AG*(17,30) = 79415
AG*(17,35) = 79415
AG*(17,26) = 79415
AG*(17,20) = 78351
AG*(8,29) = 79415
AG*(8,34) = 79415
AG*(8,30) = 79415
AG*(8,35) = 79415
AG*(8,26) = 79415
AG*(8,20) = 79323
AG*(10,28) = 78372
AG*(10,29) = 1167
AG*(10,34) = 1395
AG*(10,30) = 1577
AG*(10,35) = 1517
AG*(10,26) = 1569
AG*(10,20) = 1141
AG*(10,31) = 5024
AG*(10,18) = 3633
AG*(10,22) = 14431
AG*(10,32) = 5859
AG*(10,27) = 79415
AG*(11,28) = 5919
AG*(11,29) = 979
AG*(11,34) = 1095
AG*(11,30) = 1190
AG*(11,35) = 1372
AG*(11,26) = 1205
AG*(11,20) = 989
AG*(11,31) = 5061
AG*(11,18) = 2185
AG*(11,22) = 3768
AG*(11,32) = 3187
AG*(11,25) = 79415
AG*(11,27) = 6559
AG*(11,24) = 79415
AG*(11,3) = 79415
AG*(11,15) = 79415
AG*(11,19) = 79415
AG*(14,28) = 1459
AG*(14,29) = 603
AG*(14,34) = 649
AG*(14,30) = 691
AG*(14,35) = 792
AG*(14,26) = 689
AG*(14,20) = 592
AG*(14,31) = 1179
AG*(14,18) = 1019
AG*(14,22) = 1181
AG*(14,32) = 1103
AG*(14,25) = 3746
AG*(14,27) = 1608
AG*(14,7) = 79415
AG*(14,24) = 6569
AG*(14,16) = 79415
AG*(14,3) = 13928
AG*(14,4) = 2074
AG*(14,15) = 79415
AG*(14,19) = 7384
AG*(14,33) = 79415
AG*(13,28) = 1365
AG*(13,29) = 585
AG*(13,34) = 626
AG*(13,30) = 661
AG*(13,35) = 689
AG*(13,26) = 668
AG*(13,20) = 577
AG*(13,31) = 1164
AG*(13,18) = 971
AG*(13,22) = 1130
AG*(13,32) = 1068
AG*(13,25) = 3048
AG*(13,27) = 1402
AG*(13,7) = 79415
AG*(13,24) = 4264
AG*(13,16) = 79415
AG*(13,3) = 5802
AG*(13,4) = 79415
AG*(13,15) = 77191
AG*(13,19) = 5114
AG*(13,33) = 71901
AG*(12,28) = 286
AG*(12,29) = 227
AG*(12,34) = 233
AG*(12,30) = 239
AG*(12,35) = 243
AG*(12,26) = 241
AG*(12,20) = 225
AG*(12,31) = 273
AG*(12,18) = 259
AG*(12,22) = 276
AG*(12,32) = 268
AG*(12,25) = 326
AG*(12,27) = 297
AG*(12,7) = 428
AG*(12,24) = 396
AG*(12,16) = 523
AG*(12,3) = 403
AG*(12,4) = 560
AG*(12,15) = 438
AG*(12,19) = 395
AG*(12,21) = 607
AG*(12,23) = 79415
AG*(12,33) = 434
AG*(12,17) = 5771
AG*(12,8) = 1492
AG*(9,28) = 120
AG*(9,29) = 109
AG*(9,34) = 110
AG*(9,30) = 112
AG*(9,35) = 113
AG*(9,26) = 111
AG*(9,20) = 108
AG*(9,31) = 120
AG*(9,18) = 116
AG*(9,22) = 118
AG*(9,32) = 117
AG*(9,25) = 124
AG*(9,27) = 123
AG*(9,7) = 136
AG*(9,24) = 125
AG*(9,16) = 141
AG*(9,3) = 132
AG*(9,4) = 138
AG*(9,15) = 134
AG*(9,19) = 130
AG*(9,21) = 150
AG*(9,23) = 215
AG*(9,33) = 133
AG*(9,17) = 167
AG*(9,8) = 165
AG*(9,10) = 235
AG*(9,11) = 311
AG*(9,14) = 318
AG*(1,28) = 233
AG*(1,29) = 192
AG*(1,34) = 197
AG*(1,30) = 201
AG*(1,35) = 206
AG*(1,26) = 202
AG*(1,20) = 191
AG*(1,31) = 229
AG*(1,18) = 216
AG*(1,22) = 228
AG*(1,32) = 223
AG*(1,25) = 248
AG*(1,27) = 240
AG*(1,7) = 297
AG*(1,24) = 264
AG*(1,16) = 317
AG*(1,3) = 273
AG*(1,4) = 310
AG*(1,15) = 294
AG*(1,19) = 270
AG*(1,21) = 425
AG*(1,23) = 5767
AG*(1,33) = 290
AG*(1,17) = 987
AG*(1,8) = 660
AG*(1,10) = 79415
AG*(5,28) = 46
AG*(5,29) = 44
AG*(5,34) = 44
AG*(5,30) = 45
AG*(5,35) = 45
AG*(5,26) = 45
AG*(5,20) = 44
AG*(5,31) = 46
AG*(5,18) = 45
AG*(5,22) = 46
AG*(5,32) = 46
AG*(5,25) = 47
AG*(5,27) = 46
AG*(5,7) = 48
AG*(5,24) = 47
AG*(5,16) = 49
AG*(5,3) = 47
AG*(5,4) = 49
AG*(5,15) = 48
AG*(5,19) = 47
AG*(5,21) = 50
AG*(5,23) = 54
AG*(5,33) = 48
AG*(5,17) = 52
AG*(5,8) = 51
AG*(5,10) = 56
AG*(5,11) = 59
AG*(5,14) = 59
AG*(5,13) = 80
AG*(5,12) = 105
AG*(5,1) = 327
AG*(6,28) = 51
AG*(6,29) = 49
AG*(6,34) = 49
AG*(6,30) = 50
AG*(6,35) = 50
AG*(6,26) = 50
AG*(6,20) = 49
AG*(6,31) = 50
AG*(6,18) = 50
AG*(6,22) = 51
AG*(6,32) = 51
AG*(6,25) = 53
AG*(6,27) = 52
AG*(6,7) = 52
AG*(6,24) = 53
AG*(6,16) = 52
AG*(6,3) = 53
AG*(6,4) = 55
AG*(6,15) = 54
AG*(6,19) = 53
AG*(6,21) = 52
AG*(6,23) = 61
AG*(6,33) = 54
AG*(6,17) = 61
AG*(6,8) = 59
AG*(6,10) = 57
AG*(6,11) = 70
AG*(6,14) = 67
AG*(6,13) = 111
AG*(6,12) = 105
AG*(6,1) = 79337
AG*(2,28) = 18
AG*(2,29) = 18
AG*(2,34) = 18
AG*(2,30) = 18
AG*(2,35) = 18
AG*(2,26) = 18
AG*(2,20) = 18
AG*(2,31) = 18
AG*(2,18) = 18
AG*(2,22) = 18
AG*(2,32) = 18
AG*(2,25) = 18
AG*(2,27) = 18
AG*(2,7) = 19
AG*(2,24) = 18
AG*(2,16) = 19
AG*(2,3) = 19
AG*(2,4) = 19
AG*(2,15) = 19
AG*(2,19) = 19
AG*(2,21) = 19
AG*(2,23) = 19
AG*(2,33) = 19
AG*(2,17) = 19
AG*(2,8) = 19
AG*(2,10) = 20
AG*(2,11) = 20
AG*(2,14) = 21
AG*(2,13) = 22
AG*(2,12) = 24
AG*(2,9) = 35
AG*(2,1) = 26
AG*(2,5) = 270
AG*(2,6) = 44
AG*(0,28) = 12
AG*(0,29) = 12
AG*(0,34) = 12
AG*(0,30) = 12
AG*(0,35) = 12
AG*(0,26) = 12
AG*(0,20) = 12
AG*(0,31) = 12
AG*(0,18) = 12
AG*(0,22) = 12
AG*(0,32) = 12
AG*(0,25) = 12
AG*(0,27) = 12
AG*(0,7) = 12
AG*(0,24) = 12
AG*(0,16) = 12
AG*(0,3) = 12
AG*(0,4) = 12
AG*(0,15) = 12
AG*(0,19) = 12
AG*(0,21) = 12
AG*(0,23) = 13
AG*(0,33) = 12
AG*(0,17) = 12
AG*(0,8) = 12
AG*(0,10) = 13
AG*(0,11) = 13
AG*(0,14) = 13
AG*(0,13) = 13
AG*(0,12) = 14
AG*(0,9) = 18
AG*(0,1) = 15
AG*(0,5) = 27
AG*(0,6) = 20
AG*(0,2) = 91
NL(2,29) = 18, AG*'s used 18
NL(2,34) = 18, AG*'s used 18
NL(2,30) = 18, AG*'s used 18
NL(2,35) = 18, AG*'s used 18
NL(2,26) = 18, AG*'s used 18
NL(2,20) = 18, AG*'s used 18
NL(2,31) = 18, AG*'s used 18
NL(2,18) = 18, AG*'s used 18
NL(2,22) = 18, AG*'s used 18
NL(2,28) = 18, AG*'s used 18
NL(2,32) = 18, AG*'s used 18
NL(2,25) = 18, AG*'s used 18
NL(2,27) = 18, AG*'s used 18
NL(2,7) = 18, AG*'s used 19
NL(2,24) = 18, AG*'s used 18
NL(2,16) = 19, AG*'s used 19
NL(2,3) = 18, AG*'s used 18
NL(2,4) = 18, AG*'s used 18
NL(2,15) = 18, AG*'s used 19
NL(2,19) = 18, AG*'s used 18
NL(2,21) = 19, AG*'s used 19
NL(2,23) = 19, AG*'s used 19
NL(2,33) = 18, AG*'s used 19
NL(2,17) = 19, AG*'s used 19
NL(2,8) = 19, AG*'s used 19
NL(2,10) = 19, AG*'s used 20
NL(2,11) = 20, AG*'s used 20
NL(2,14) = 20, AG*'s used 20
NL(2,13) = 21, AG*'s used 21
NL(2,12) = 23, AG*'s used 22
NL(2,1) = 25, AG*'s used 24
NL(2,9) = 31, AG*'s used 26
NL(2,6) = 35, AG*'s used 35
NL(2,5) = 82, AG*'s used 44
Max in loop 82, 0.5359747255023823
Sample size required for audit is 73 ballots
------------------------------------------------
Assertion set BEFORE filtering:
(0, 'MT', 0.48597472550238235, 7)
(2, 'NL', 5, 73)
(2, 'AG*', 23, 19)
(2, 'AG*', 24, 18)
(2, 'NL', 31, 18)
(2, 'AG*', 30, 18)
(2, 'NL', 12, 23)
(2, 'NL', 14, 20)
(2, 'AG*', 34, 18)
(2, 'NL', 8, 19)
(2, 'NL', 22, 18)
(2, 'AG*', 7, 19)
(2, 'NL', 33, 18)
(2, 'NL', 15, 18)
(2, 'AG*', 25, 18)
(2, 'AG*', 29, 18)
(2, 'NL', 21, 19)
(2, 'NL', 1, 25)
(2, 'NL', 28, 18)
(2, 'AG*', 1, 26)
(2, 'AG*', 8, 19)
(2, 'NL', 11, 20)
(2, 'AG*', 31, 18)
(2, 'NL', 16, 19)
(2, 'NL', 30, 18)
(2, 'AG*', 21, 19)
(2, 'NL', 34, 18)
(2, 'AG*', 19, 19)
(2, 'NL', 27, 18)
(2, 'AG*', 26, 18)
(2, 'NL', 25, 18)
(2, 'NL', 9, 31)
(2, 'AG*', 16, 19)
(2, 'NL', 18, 18)
(2, 'NL', 29, 18)
(2, 'AG*', 28, 18)
(2, 'AG*', 3, 19)
(2, 'NL', 7, 18)
(2, 'AG*', 9, 35)
(2, 'AG*', 11, 20)
(2, 'AG*', 32, 18)
(2, 'AG*', 12, 24)
(2, 'NL', 20, 18)
(2, 'NL', 17, 19)
(0, 'QT', None, 73)
(2, 'AG*', 33, 19)
(2, 'NL', 35, 18)
(2, 'NL', 24, 18)
(2, 'NL', 10, 19)
(2, 'NL', 6, 34)
(2, 'AG*', 13, 22)
(2, 'AG*', 14, 21)
(2, 'AG*', 27, 18)
(2, 'AG*', 10, 20)
(2, 'AG*', 20, 18)
(2, 'NL', 26, 18)
(2, 'NL', 4, 18)
(2, 'NL', 23, 19)
(2, 'NL', 13, 21)
(2, 'AG*', 17, 19)
(2, 'AG*', 4, 19)
(2, 'AG*', 18, 18)
(2, 'AG*', 15, 19)
(2, 'NL', 19, 18)
(2, 'AG*', 22, 18)
(2, 'AG*', 6, 43)
(2, 'NL', 32, 18)
(2, 'NL', 3, 18)
(2, 'AG*', 35, 18)
------------------------------------------------
Final set of assertions AFTER filtering:
(0, 'MT', 0.48597472550238235, 7)
(2, 'NL', 5, 73)
(2, 'AG*', 23, 19)
(2, 'AG*', 24, 18)
(2, 'AG*', 30, 18)
(2, 'AG*', 34, 18)
(2, 'AG*', 7, 19)
(2, 'AG*', 25, 18)
(2, 'AG*', 29, 18)
(2, 'AG*', 1, 26)
(2, 'AG*', 8, 19)
(2, 'AG*', 31, 18)
(2, 'AG*', 21, 19)
(2, 'AG*', 19, 19)
(2, 'AG*', 26, 18)
(2, 'AG*', 16, 19)
(2, 'AG*', 28, 18)
(2, 'AG*', 3, 19)
(2, 'AG*', 9, 35)
(2, 'AG*', 11, 20)
(2, 'AG*', 32, 18)
(2, 'AG*', 12, 24)
(0, 'QT', None, 73)
(2, 'AG*', 33, 19)
(2, 'AG*', 13, 22)
(2, 'AG*', 14, 21)
(2, 'AG*', 27, 18)
(2, 'AG*', 10, 20)
(2, 'AG*', 20, 18)
(2, 'AG*', 17, 19)
(2, 'AG*', 4, 19)
(2, 'AG*', 18, 18)
(2, 'AG*', 15, 19)
(2, 'AG*', 22, 18)
(2, 'AG*', 6, 43)
(2, 'AG*', 35, 18)
------------------------------------------------
Explanations for AG* inclusion:
   Explanation for (2, 'AG*', 23, 19): []
   Explanation for (2, 'AG*', 24, 18): []
   Explanation for (2, 'AG*', 30, 18): []
   Explanation for (2, 'AG*', 34, 18): []
   Explanation for (2, 'AG*', 7, 19): []
   Explanation for (2, 'AG*', 25, 18): []
   Explanation for (2, 'AG*', 29, 18): []
   Explanation for (2, 'AG*', 1, 26): []
   Explanation for (2, 'AG*', 8, 19): []
   Explanation for (2, 'AG*', 31, 18): []
   Explanation for (2, 'AG*', 21, 19): []
   Explanation for (2, 'AG*', 19, 19): []
   Explanation for (2, 'AG*', 26, 18): []
   Explanation for (2, 'AG*', 16, 19): []
   Explanation for (2, 'AG*', 28, 18): []
   Explanation for (2, 'AG*', 3, 19): []
   Explanation for (2, 'AG*', 9, 35): []
   Explanation for (2, 'AG*', 11, 20): []
   Explanation for (2, 'AG*', 32, 18): []
   Explanation for (2, 'AG*', 12, 24): []
   Explanation for (2, 'AG*', 33, 19): []
   Explanation for (2, 'AG*', 13, 22): []
   Explanation for (2, 'AG*', 14, 21): []
   Explanation for (2, 'AG*', 27, 18): []
   Explanation for (2, 'AG*', 10, 20): []
   Explanation for (2, 'AG*', 20, 18): []
   Explanation for (2, 'AG*', 17, 19): []
   Explanation for (2, 'AG*', 4, 19): []
   Explanation for (2, 'AG*', 18, 18): []
   Explanation for (2, 'AG*', 15, 19): []
   Explanation for (2, 'AG*', 22, 18): []
   Explanation for (2, 'AG*', 6, 43): []
   Explanation for (2, 'AG*', 35, 18): []
------------------------------------------------
