VALID BALLOTS 143860
19 ballot checks required to assert that first winner has a quota's worth of votes
AUD TV 0.30951204447189623, ss 70
AG*(4,5) = 15
AG*(4,2) = 22
AG*(4,3) = 33
AG*(4,0) = 94
NL(4,5) = 15, AG*'s used 0
NL(4,2) = 22, AG*'s used 15
NL(4,3) = 32, AG*'s used 22
NL(4,0) = 75, AG*'s used 33
Max in loop 75, 0.30951204447189623
AUD TV 0.3595120444718962, ss 32
AG*(4,5) = 15
AG*(4,2) = 22
AG*(4,3) = 34
AG*(4,0) = 110
NL(4,5) = 15, AG*'s used 0
NL(4,2) = 22, AG*'s used 15
NL(4,3) = 33, AG*'s used 22
NL(4,0) = 85, AG*'s used 34
Max in loop 85, 0.3595120444718962
Sample size to show min tv of 0.12975602223594812 is 34
AUD TV 0.30951204447189623, ss 70
AG*(4,5) = 15
AG*(4,2) = 20
AG*(4,3) = 30
AG*(4,0) = 71
NL(4,5) = 15, AG*'s used 0
NL(4,2) = 20, AG*'s used 15
NL(4,3) = 28, AG*'s used 20
NL(4,0) = 58, AG*'s used 30
Max in loop 70, 0.30951204447189623
AUD TV 0.3595120444718962, ss 32
AG*(4,5) = 15
AG*(4,2) = 21
AG*(4,3) = 31
AG*(4,0) = 81
NL(4,5) = 15, AG*'s used 0
NL(4,2) = 21, AG*'s used 15
NL(4,3) = 29, AG*'s used 21
NL(4,0) = 64, AG*'s used 31
Max in loop 64, 0.3595120444718962
AUD TV 0.4095120444718962, ss 19
AG*(4,5) = 15
AG*(4,2) = 21
AG*(4,3) = 32
AG*(4,0) = 93
NL(4,5) = 15, AG*'s used 0
NL(4,2) = 21, AG*'s used 15
NL(4,3) = 30, AG*'s used 21
NL(4,0) = 71, AG*'s used 32
Max in loop 71, 0.4095120444718962
Sample size to show min tv of 0.1797560222359481 is 52
AUD TV 0.30951204447189623, ss 70
AG*(4,5) = 14
AG*(4,2) = 20
AG*(4,3) = 28
AG*(4,0) = 65
NL(4,5) = 14, AG*'s used 0
NL(4,2) = 20, AG*'s used 14
NL(4,3) = 27, AG*'s used 20
NL(4,0) = 53, AG*'s used 28
Max in loop 70, 0.30951204447189623
AUD TV 0.3595120444718962, ss 32
AG*(4,5) = 14
AG*(4,2) = 20
AG*(4,3) = 29
AG*(4,0) = 73
NL(4,5) = 14, AG*'s used 0
NL(4,2) = 20, AG*'s used 14
NL(4,3) = 28, AG*'s used 20
NL(4,0) = 58, AG*'s used 29
Max in loop 58, 0.3595120444718962
AUD TV 0.4095120444718962, ss 19
AG*(4,5) = 14
AG*(4,2) = 20
AG*(4,3) = 30
AG*(4,0) = 83
NL(4,5) = 14, AG*'s used 0
NL(4,2) = 20, AG*'s used 14
NL(4,3) = 29, AG*'s used 20
NL(4,0) = 65, AG*'s used 30
Max in loop 65, 0.4095120444718962
Sample size required for audit is 58 ballots
------------------------------------------------
Assertion set BEFORE filtering:
(1, 'LT', 0.1797560222359481, 52)
(1, 'MT', 0.3595120444718962, 32)
(4, 'NL', 5, 14)
(4, 'NL', 2, 20)
(4, 'NL', 0, 58)
(4, 'AG*', 5, 14)
(4, 'AG*', 3, 29)
(4, 'AG*', 2, 20)
(4, 'NL', 3, 28)
(1, 'QT', None, 19)
------------------------------------------------
Final set of assertions AFTER filtering:
(1, 'LT', 0.1797560222359481, 52)
(1, 'MT', 0.3595120444718962, 32)
(4, 'NL', 0, 58)
(4, 'AG*', 5, 14)
(4, 'AG*', 3, 29)
(4, 'AG*', 2, 20)
(1, 'QT', None, 19)
------------------------------------------------
Explanations for AG* inclusion:
   Explanation for (4, 'AG*', 5, 14): []
   Explanation for (4, 'AG*', 3, 29): []
   Explanation for (4, 'AG*', 2, 20): []
------------------------------------------------
