VALID BALLOTS 11117
24 ballot checks required to assert that first winner has a quota's worth of votes
AUD TV 0.2692963977248789, ss 78
AG*(1,4) = 15
AG*(1,5) = 15
AG*(1,2) = 33
AG*(1,3) = 70
AG*(5,4) = 977
AG*(2,4) = 50
AG*(2,5) = 56
AG*(3,4) = 26
AG*(3,5) = 27
AG*(1,4) = 15
AG*(1,5) = 15
AG*(1,2) = 33
AG*(1,3) = 70
AG*(0,4) = 10
AG*(0,5) = 10
AG*(0,2) = 37
AG*(0,3) = 63
NL(1,4) = 14, AG*'s used 15
NL(1,5) = 15, AG*'s used 0
NL(1,2) = 32, AG*'s used 15
NL(1,3) = 47, AG*'s used 33
Max in loop 78, 0.2692963977248789
AUD TV 0.3192963977248789, ss 36
AG*(1,4) = 15
AG*(1,5) = 15
AG*(1,2) = 34
AG*(1,3) = 77
AG*(5,4) = 977
AG*(2,4) = 50
AG*(2,5) = 56
AG*(3,4) = 26
AG*(3,5) = 27
AG*(1,4) = 15
AG*(1,5) = 15
AG*(1,2) = 34
AG*(1,3) = 77
AG*(0,4) = 10
AG*(0,5) = 10
AG*(0,2) = 37
AG*(0,3) = 63
NL(1,4) = 14, AG*'s used 15
NL(1,5) = 15, AG*'s used 0
NL(1,2) = 34, AG*'s used 15
NL(1,3) = 50, AG*'s used 34
Max in loop 50, 0.3192963977248789
AUD TV 0.3692963977248789, ss 22
AG*(1,4) = 15
AG*(1,5) = 15
AG*(1,2) = 36
AG*(1,3) = 84
AG*(5,4) = 977
AG*(2,4) = 50
AG*(2,5) = 56
AG*(3,4) = 26
AG*(3,5) = 27
AG*(1,4) = 15
AG*(1,5) = 15
AG*(1,2) = 36
AG*(1,3) = 84
AG*(0,4) = 10
AG*(0,5) = 10
AG*(0,2) = 37
AG*(0,3) = 63
NL(1,4) = 14, AG*'s used 15
NL(1,5) = 15, AG*'s used 0
NL(1,2) = 35, AG*'s used 15
NL(1,3) = 53, AG*'s used 36
Max in loop 53, 0.3692963977248789
Sample size required for audit is 50 ballots
------------------------------------------------
Assertion set BEFORE filtering:
(1, 'NL', 2, 34)
(1, 'AG*', 2, 34)
(0, 'QT', None, 24)
(1, 'NL', 5, 15)
(1, 'AG*', 5, 15)
(1, 'NL', 4, 14)
(0, 'MT', 0.3192963977248789, 36)
(1, 'NL', 3, 50)
------------------------------------------------
Final set of assertions AFTER filtering:
(1, 'AG*', 2, 34)
(0, 'QT', None, 24)
(1, 'AG*', 5, 15)
(1, 'NL', 4, 14)
(0, 'MT', 0.3192963977248789, 36)
(1, 'NL', 3, 50)
------------------------------------------------
Explanations for AG* inclusion:
   Explanation for (1, 'AG*', 2, 34): []
   Explanation for (1, 'AG*', 5, 15): []
------------------------------------------------
