VALID BALLOTS 13500
83 ballot checks required to assert that first winner has a quota's worth of votes
AUD TV 0.12577002053388092, ss 111
AG*(2,5) = 13
AG*(2,1) = 16
AG*(2,3) = 28
AG*(2,4) = 57
NL(2,5) = 13, AG*'s used 0
NL(2,1) = 16, AG*'s used 0
NL(2,3) = 27, AG*'s used 16
NL(2,4) = 39, AG*'s used 28
Max in loop 111, 0.12577002053388092
AUD TV 0.1757700205338809, ss 52
AG*(2,5) = 13
AG*(2,1) = 16
AG*(2,3) = 29
AG*(2,4) = 63
NL(2,5) = 13, AG*'s used 0
NL(2,1) = 16, AG*'s used 0
NL(2,3) = 28, AG*'s used 16
NL(2,4) = 41, AG*'s used 29
Max in loop 83, 0.1757700205338809
AUD TV 0.2257700205338809, ss 32
AG*(2,5) = 13
AG*(2,1) = 16
AG*(2,3) = 30
AG*(2,4) = 69
NL(2,5) = 13, AG*'s used 0
NL(2,1) = 16, AG*'s used 0
NL(2,3) = 29, AG*'s used 16
NL(2,4) = 44, AG*'s used 30
Max in loop 83, 0.2257700205338809
AUD TV 0.2757700205338809, ss 22
AG*(2,5) = 13
AG*(2,1) = 16
AG*(2,3) = 31
AG*(2,4) = 77
NL(2,5) = 13, AG*'s used 0
NL(2,1) = 16, AG*'s used 0
NL(2,3) = 30, AG*'s used 16
NL(2,4) = 47, AG*'s used 31
Max in loop 83, 0.2757700205338809
AUD TV 0.3257700205338809, ss 17
AG*(2,5) = 13
AG*(2,1) = 16
AG*(2,3) = 32
AG*(2,4) = 88
NL(2,5) = 13, AG*'s used 0
NL(2,1) = 16, AG*'s used 0
NL(2,3) = 31, AG*'s used 16
NL(2,4) = 51, AG*'s used 32
Max in loop 83, 0.3257700205338809
AUD TV 0.37577002053388087, ss 13
AG*(2,5) = 13
AG*(2,1) = 16
AG*(2,3) = 33
AG*(2,4) = 101
NL(2,5) = 13, AG*'s used 0
NL(2,1) = 16, AG*'s used 0
NL(2,3) = 32, AG*'s used 16
NL(2,4) = 55, AG*'s used 33
Max in loop 83, 0.37577002053388087
AUD TV 0.42577002053388086, ss 10
AG*(2,5) = 13
AG*(2,1) = 17
AG*(2,3) = 34
AG*(2,4) = 119
NL(2,5) = 13, AG*'s used 0
NL(2,1) = 17, AG*'s used 0
NL(2,3) = 33, AG*'s used 17
NL(2,4) = 60, AG*'s used 34
Max in loop 83, 0.42577002053388086
AUD TV 0.47577002053388084, ss 8
AG*(2,5) = 13
AG*(2,1) = 17
AG*(2,3) = 35
AG*(2,4) = 144
NL(2,5) = 13, AG*'s used 0
NL(2,1) = 17, AG*'s used 0
NL(2,3) = 34, AG*'s used 17
NL(2,4) = 66, AG*'s used 35
Max in loop 83, 0.47577002053388084
AUD TV 0.5257700205338809, ss 6
AG*(2,5) = 13
AG*(2,1) = 17
AG*(2,3) = 37
AG*(2,4) = 183
NL(2,5) = 13, AG*'s used 0
NL(2,1) = 17, AG*'s used 0
NL(2,3) = 35, AG*'s used 17
NL(2,4) = 73, AG*'s used 37
Max in loop 83, 0.5257700205338809
AUD TV 0.5757700205338809, ss 5
AG*(2,5) = 13
AG*(2,1) = 17
AG*(2,3) = 38
AG*(2,4) = 252
NL(2,5) = 13, AG*'s used 0
NL(2,1) = 17, AG*'s used 0
NL(2,3) = 37, AG*'s used 17
NL(2,4) = 82, AG*'s used 38
Max in loop 83, 0.5757700205338809
AUD TV 0.625770020533881, ss 4
AG*(2,5) = 13
AG*(2,1) = 17
AG*(2,3) = 40
AG*(2,4) = 519
NL(2,5) = 13, AG*'s used 0
NL(2,1) = 17, AG*'s used 0
NL(2,3) = 38, AG*'s used 17
NL(2,4) = 94, AG*'s used 40
Max in loop 94, 0.625770020533881
Sample size required for audit is 83 ballots
------------------------------------------------
Assertion set BEFORE filtering:
(2, 'NL', 4, 82)
(2, 'NL', 5, 13)
(0, 'MT', 0.5757700205338809, 5)
(0, 'QT', None, 83)
(2, 'AG*', 1, 17)
(2, 'NL', 3, 37)
(2, 'AG*', 3, 38)
(2, 'NL', 1, 17)
------------------------------------------------
Final set of assertions AFTER filtering:
(2, 'NL', 4, 82)
(2, 'NL', 5, 13)
(0, 'MT', 0.5757700205338809, 5)
(0, 'QT', None, 83)
(2, 'AG*', 1, 17)
(2, 'AG*', 3, 38)
------------------------------------------------
Explanations for AG* inclusion:
   Explanation for (2, 'AG*', 1, 17): []
   Explanation for (2, 'AG*', 3, 38): []
------------------------------------------------
