VALID BALLOTS 11117
24 ballot checks required to assert that first winner has a quota's worth of votes
AG(5,4) = 977
AG(2,4) = 50
AG(2,5) = 56
AG(3,4) = 26
AG(3,5) = 27
AG(1,4) = 15
AG(1,5) = 15
AG(1,2) = 67
AG(0,4) = 10
AG(0,5) = 10
AG(0,2) = 37
AG(0,3) = 63
AUD TV 0.2692963977248789, ss 78
NL(1,4) = 14, AG's used 15
NL(1,5) = 15, AG's used 0
NL(1,2) = 32, AG's used 15
NL(1,3) = 47, AG's used 67
Max in loop 78, 0.2692963977248789
AUD TV 0.3192963977248789, ss 36
NL(1,4) = 14, AG's used 15
NL(1,5) = 15, AG's used 0
NL(1,2) = 34, AG's used 15
NL(1,3) = 50, AG's used 67
Max in loop 67, 0.3192963977248789
AUD TV 0.3692963977248789, ss 22
NL(1,4) = 14, AG's used 15
NL(1,5) = 15, AG's used 0
NL(1,2) = 35, AG's used 15
NL(1,3) = 53, AG's used 67
Max in loop 67, 0.3692963977248789
AUD TV 0.41929639772487887, ss 15
NL(1,4) = 14, AG's used 15
NL(1,5) = 15, AG's used 0
NL(1,2) = 36, AG's used 15
NL(1,3) = 57, AG's used 67
Max in loop 67, 0.41929639772487887
AUD TV 0.46929639772487886, ss 11
NL(1,4) = 14, AG's used 15
NL(1,5) = 15, AG's used 0
NL(1,2) = 38, AG's used 15
NL(1,3) = 61, AG's used 67
Max in loop 67, 0.46929639772487886
AUD TV 0.5192963977248789, ss 8
NL(1,4) = 14, AG's used 15
NL(1,5) = 15, AG's used 0
NL(1,2) = 39, AG's used 15
NL(1,3) = 65, AG's used 67
Max in loop 67, 0.5192963977248789
AUD TV 0.5692963977248789, ss 6
NL(1,4) = 14, AG's used 15
NL(1,5) = 15, AG's used 0
NL(1,2) = 41, AG's used 15
NL(1,3) = 70, AG's used 67
Max in loop 70, 0.5692963977248789
Sample size required for audit is 67 ballots
------------------------------------------------
Assertion set BEFORE filtering:
(1, 'AG', 5, 15)
(1, 'AG', 2, 67)
(1, 'NL', 2, 39)
(1, 'NL', 3, 65)
(1, 'NL', 5, 15)
(0, 'QT', None, 24)
(0, 'MT', 0.5192963977248789, 8)
(1, 'NL', 4, 14)
------------------------------------------------
Final set of assertions AFTER filtering:
(1, 'AG', 5, 15)
(1, 'AG', 2, 67)
(1, 'NL', 3, 65)
(0, 'QT', None, 24)
(0, 'MT', 0.5192963977248789, 8)
(1, 'NL', 4, 14)
------------------------------------------------
