VALID BALLOTS 11117
24 ballot checks required to assert that first winner has a quota's worth of votes
AUD TV 0.2692963977248789, ss 78
AG*(1,4) = 15
AG*(1,5) = 15
AG*(1,2) = 33
AG*(1,3) = 70
NL(1,4) = 14, AG*'s used 15
NL(1,5) = 15, AG*'s used 0
NL(1,2) = 32, AG*'s used 15
NL(1,3) = 47, AG*'s used 33
Max in loop 78, 0.2692963977248789
AUD TV 0.3192963977248789, ss 36
AG*(1,4) = 15
AG*(1,5) = 15
AG*(1,2) = 34
AG*(1,3) = 77
NL(1,4) = 14, AG*'s used 15
NL(1,5) = 15, AG*'s used 0
NL(1,2) = 34, AG*'s used 15
NL(1,3) = 50, AG*'s used 34
Max in loop 50, 0.3192963977248789
AUD TV 0.3692963977248789, ss 22
AG*(1,4) = 15
AG*(1,5) = 15
AG*(1,2) = 36
AG*(1,3) = 84
NL(1,4) = 14, AG*'s used 15
NL(1,5) = 15, AG*'s used 0
NL(1,2) = 35, AG*'s used 15
NL(1,3) = 53, AG*'s used 36
Max in loop 53, 0.3692963977248789
Sample size to show min tv of 0.10964819886243944 is 43
AUD TV 0.2692963977248789, ss 78
AG*(1,4) = 14
AG*(1,5) = 14
AG*(1,2) = 30
AG*(1,3) = 59
NL(1,4) = 14, AG*'s used 14
NL(1,5) = 14, AG*'s used 0
NL(1,2) = 30, AG*'s used 14
NL(1,3) = 41, AG*'s used 30
Max in loop 78, 0.2692963977248789
AUD TV 0.3192963977248789, ss 36
AG*(1,4) = 14
AG*(1,5) = 14
AG*(1,2) = 31
AG*(1,3) = 63
NL(1,4) = 14, AG*'s used 14
NL(1,5) = 14, AG*'s used 0
NL(1,2) = 31, AG*'s used 14
NL(1,3) = 43, AG*'s used 31
Max in loop 43, 0.3192963977248789
AUD TV 0.3692963977248789, ss 22
AG*(1,4) = 14
AG*(1,5) = 14
AG*(1,2) = 32
AG*(1,3) = 68
NL(1,4) = 14, AG*'s used 14
NL(1,5) = 14, AG*'s used 0
NL(1,2) = 32, AG*'s used 14
NL(1,3) = 45, AG*'s used 32
Max in loop 45, 0.3692963977248789
Sample size to show min tv of 0.15964819886243944 is 75
Sample size required for audit is 43 ballots
------------------------------------------------
Assertion set BEFORE filtering:
(0, 'MT', 0.3192963977248789, 36)
(1, 'NL', 3, 43)
(1, 'NL', 4, 14)
(1, 'NL', 2, 31)
(0, 'QT', None, 24)
(1, 'NL', 5, 14)
(0, 'LT', 0.10964819886243944, 43)
(1, 'AG*', 2, 31)
(1, 'AG*', 5, 14)
------------------------------------------------
Final set of assertions AFTER filtering:
(0, 'MT', 0.3192963977248789, 36)
(1, 'NL', 3, 43)
(1, 'NL', 4, 14)
(0, 'QT', None, 24)
(0, 'LT', 0.10964819886243944, 43)
(1, 'AG*', 2, 31)
(1, 'AG*', 5, 14)
------------------------------------------------
Explanations for AG* inclusion:
   Explanation for (1, 'AG*', 2, 31): []
   Explanation for (1, 'AG*', 5, 14): []
------------------------------------------------
