VALID BALLOTS 15387
25 ballot checks required to assert that first winner has a quota's worth of votes
AUD TV 0.26439509954058193, ss 79
AG*(3,4) = 20
AG*(3,2) = 1140
AG*(2,4) = 34
AG*(0,4) = 20
AG*(0,2) = 568
AG*(3,4) = 20
AG*(3,2) = 1140
AG*(1,4) = 10
AG*(1,2) = 21
AG*(1,0) = 45
AG*(1,3) = 40
NL(3,4) = 20, AG*'s used 0
NL(3,2) = 61, AG*'s used 568
NL(3,0) NOT POSSIBLE
Max in loop inf, 0.26439509954058193
AUD TV 0.3143950995405819, ss 37
AG*(3,4) = 20
AG*(3,2) = 15387
AG*(2,4) = 34
AG*(0,4) = 20
AG*(0,2) = 1265
AG*(3,4) = 20
AG*(3,2) = 15387
AG*(1,4) = 10
AG*(1,2) = 21
AG*(1,0) = 45
AG*(1,3) = 40
NL(3,4) = 20, AG*'s used 0
NL(3,2) = 63, AG*'s used 1265
NL(3,0) NOT POSSIBLE
Max in loop inf, 0.3143950995405819
AUD TV 0.3643950995405819, ss 22
AG*(3,4) = 20
AG*(2,4) = 34
AG*(0,4) = 20
AG*(0,2) = 15387
AG*(3,4) = 20
AG*(1,4) = 10
AG*(1,2) = 21
AG*(1,0) = 45
AG*(1,3) = 40
NL(3,4) = 20, AG*'s used 0
NL(3,2) = 67, AG*'s used 15387
NL(3,0) NOT POSSIBLE
Max in loop inf, 0.3643950995405819
AUD TV 0.4143950995405819, ss 15
AG*(3,4) = 20
AG*(2,4) = 34
AG*(0,4) = 20
AG*(3,4) = 20
AG*(1,4) = 10
AG*(1,2) = 21
AG*(1,0) = 45
AG*(1,3) = 40
NL(3,4) = 20, AG*'s used 0
NL(3,2) = 70, AG*'s used 15387
NL(3,0) NOT POSSIBLE
Max in loop inf, 0.4143950995405819
AUD TV 0.4643950995405819, ss 11
AG*(3,4) = 20
AG*(2,4) = 34
AG*(0,4) = 20
AG*(3,4) = 20
AG*(1,4) = 10
AG*(1,2) = 21
AG*(1,0) = 45
AG*(1,3) = 40
NL(3,4) = 20, AG*'s used 0
NL(3,2) = 74, AG*'s used 15387
NL(3,0) NOT POSSIBLE
Max in loop inf, 0.4643950995405819
AUD TV 0.5143950995405819, ss 8
AG*(3,4) = 20
AG*(2,4) = 34
AG*(0,4) = 20
AG*(3,4) = 20
AG*(1,4) = 10
AG*(1,2) = 21
AG*(1,0) = 45
AG*(1,3) = 40
NL(3,4) = 20, AG*'s used 0
NL(3,2) = 78, AG*'s used 15387
NL(3,0) NOT POSSIBLE
Max in loop inf, 0.5143950995405819
AUD TV 0.564395099540582, ss 6
AG*(3,4) = 20
AG*(2,4) = 34
AG*(0,4) = 20
AG*(3,4) = 20
AG*(1,4) = 10
AG*(1,2) = 21
AG*(1,0) = 45
AG*(1,3) = 40
NL(3,4) = 20, AG*'s used 0
NL(3,2) = 83, AG*'s used 15387
NL(3,0) NOT POSSIBLE
Max in loop inf, 0.564395099540582
AUD TV 0.614395099540582, ss 4
AG*(3,4) = 20
AG*(2,4) = 34
AG*(0,4) = 20
AG*(3,4) = 20
AG*(1,4) = 10
AG*(1,2) = 21
AG*(1,0) = 45
AG*(1,3) = 40
NL(3,4) = 20, AG*'s used 0
NL(3,2) = 88, AG*'s used 15387
NL(3,0) NOT POSSIBLE
Max in loop inf, 0.614395099540582
AUD TV 0.6643950995405821, ss 3
AG*(3,4) = 20
AG*(2,4) = 34
AG*(0,4) = 20
AG*(3,4) = 20
AG*(1,4) = 10
AG*(1,2) = 21
AG*(1,0) = 45
AG*(1,3) = 40
NL(3,4) = 20, AG*'s used 0
NL(3,2) = 94, AG*'s used 15387
NL(3,0) NOT POSSIBLE
Max in loop inf, 0.6643950995405821
Sample size required for audit is inf ballots
------------------------------------------------
Assertion set BEFORE filtering:
(3, 'NL', 2, 94)
(0, 'AG', 2, 15387)
(3, 'NL', 4, 20)
(3, 'AG*', 2, 15387)
(1, 'MT', 0.6643950995405821, 3)
(1, 'QT', None, 25)
------------------------------------------------
Final set of assertions AFTER filtering:
(0, 'AG', 2, 15387)
(3, 'NL', 4, 20)
(3, 'AG*', 2, 15387)
(1, 'MT', 0.6643950995405821, 3)
(1, 'QT', None, 25)
------------------------------------------------
Explanations for AG* inclusion:
   Explanation for (3, 'AG*', 2, 15387): []
------------------------------------------------
