VALID BALLOTS 15387
25 ballot checks required to assert that first winner has a quota's worth of votes
AUD TV 0.26439509954058193, ss 79
AG*(3,4) = 20
AG*(3,2) = 1140
NL(3,4) = 20, AG*'s used 0
NL(3,2) = 1140, AG*'s used 0
NL(3,0) NOT POSSIBLE
Max in loop inf, 0.26439509954058193
AUD TV 0.3143950995405819, ss 37
AG*(3,4) = 20
AG*(3,2) = 15387
NL(3,4) = 20, AG*'s used 0
NL(3,2) = 15387, AG*'s used 0
NL(3,0) NOT POSSIBLE
Max in loop inf, 0.3143950995405819
AUD TV 0.3643950995405819, ss 22
AG*(3,4) = 20
NL(3,4) = 20, AG*'s used 0
NL(3,2) NOT POSSIBLE
NL(3,0) NOT POSSIBLE
Max in loop inf, 0.3643950995405819
AUD TV 0.4143950995405819, ss 15
AG*(3,4) = 20
NL(3,4) = 20, AG*'s used 0
NL(3,2) NOT POSSIBLE
NL(3,0) NOT POSSIBLE
Max in loop inf, 0.4143950995405819
AUD TV 0.4643950995405819, ss 11
AG*(3,4) = 20
NL(3,4) = 20, AG*'s used 0
NL(3,2) NOT POSSIBLE
NL(3,0) NOT POSSIBLE
Max in loop inf, 0.4643950995405819
AUD TV 0.5143950995405819, ss 8
AG*(3,4) = 20
NL(3,4) = 20, AG*'s used 0
NL(3,2) NOT POSSIBLE
NL(3,0) NOT POSSIBLE
Max in loop inf, 0.5143950995405819
AUD TV 0.564395099540582, ss 6
AG*(3,4) = 20
NL(3,4) = 20, AG*'s used 0
NL(3,2) NOT POSSIBLE
NL(3,0) NOT POSSIBLE
Max in loop inf, 0.564395099540582
AUD TV 0.614395099540582, ss 4
AG*(3,4) = 20
NL(3,4) = 20, AG*'s used 0
NL(3,2) NOT POSSIBLE
NL(3,0) NOT POSSIBLE
Max in loop inf, 0.614395099540582
AUD TV 0.6643950995405821, ss 3
AG*(3,4) = 20
NL(3,4) = 20, AG*'s used 0
NL(3,2) NOT POSSIBLE
NL(3,0) NOT POSSIBLE
Max in loop inf, 0.6643950995405821
Sample size to show min tv of 0.10719754977029096 is 45
AUD TV 0.26439509954058193, ss 79
AG*(3,4) = 19
AG*(3,2) = 238
NL(3,4) = 19, AG*'s used 0
NL(3,2) = 238, AG*'s used 0
NL(3,0) NOT POSSIBLE
Max in loop inf, 0.26439509954058193
AUD TV 0.3143950995405819, ss 37
AG*(3,4) = 19
AG*(3,2) = 421
NL(3,4) = 19, AG*'s used 0
NL(3,2) = 421, AG*'s used 0
NL(3,0) NOT POSSIBLE
Max in loop inf, 0.3143950995405819
AUD TV 0.3643950995405819, ss 22
AG*(3,4) = 19
AG*(3,2) = 667
NL(3,4) = 19, AG*'s used 0
NL(3,2) = 667, AG*'s used 0
NL(3,0) NOT POSSIBLE
Max in loop inf, 0.3643950995405819
AUD TV 0.4143950995405819, ss 15
AG*(3,4) = 19
AG*(3,2) = 2779
NL(3,4) = 19, AG*'s used 0
NL(3,2) = 2779, AG*'s used 0
NL(3,0) NOT POSSIBLE
Max in loop inf, 0.4143950995405819
AUD TV 0.4643950995405819, ss 11
AG*(3,4) = 19
NL(3,4) = 19, AG*'s used 0
NL(3,2) NOT POSSIBLE
NL(3,0) NOT POSSIBLE
Max in loop inf, 0.4643950995405819
AUD TV 0.5143950995405819, ss 8
AG*(3,4) = 19
NL(3,4) = 19, AG*'s used 0
NL(3,2) NOT POSSIBLE
NL(3,0) NOT POSSIBLE
Max in loop inf, 0.5143950995405819
AUD TV 0.564395099540582, ss 6
AG*(3,4) = 19
NL(3,4) = 19, AG*'s used 0
NL(3,2) NOT POSSIBLE
NL(3,0) NOT POSSIBLE
Max in loop inf, 0.564395099540582
AUD TV 0.614395099540582, ss 4
AG*(3,4) = 19
NL(3,4) = 19, AG*'s used 0
NL(3,2) NOT POSSIBLE
NL(3,0) NOT POSSIBLE
Max in loop inf, 0.614395099540582
AUD TV 0.6643950995405821, ss 3
AG*(3,4) = 19
NL(3,4) = 19, AG*'s used 0
NL(3,2) NOT POSSIBLE
NL(3,0) NOT POSSIBLE
Max in loop inf, 0.6643950995405821
Sample size to show min tv of 0.15719754977029096 is 79
AUD TV 0.26439509954058193, ss 79
AG*(3,4) = 18
AG*(3,2) = 181
NL(3,4) = 18, AG*'s used 0
NL(3,2) = 181, AG*'s used 0
NL(3,0) NOT POSSIBLE
Max in loop inf, 0.26439509954058193
AUD TV 0.3143950995405819, ss 37
AG*(3,4) = 18
AG*(3,2) = 228
NL(3,4) = 18, AG*'s used 0
NL(3,2) = 228, AG*'s used 0
NL(3,0) NOT POSSIBLE
Max in loop inf, 0.3143950995405819
AUD TV 0.3643950995405819, ss 22
AG*(3,4) = 18
AG*(3,2) = 397
NL(3,4) = 18, AG*'s used 0
NL(3,2) = 397, AG*'s used 0
NL(3,0) NOT POSSIBLE
Max in loop inf, 0.3643950995405819
AUD TV 0.4143950995405819, ss 15
AG*(3,4) = 18
AG*(3,2) = 608
NL(3,4) = 18, AG*'s used 0
NL(3,2) = 608, AG*'s used 0
NL(3,0) NOT POSSIBLE
Max in loop inf, 0.4143950995405819
AUD TV 0.4643950995405819, ss 11
AG*(3,4) = 18
AG*(3,2) = 1856
NL(3,4) = 18, AG*'s used 0
NL(3,2) = 1856, AG*'s used 0
NL(3,0) NOT POSSIBLE
Max in loop inf, 0.4643950995405819
AUD TV 0.5143950995405819, ss 8
AG*(3,4) = 18
NL(3,4) = 18, AG*'s used 0
NL(3,2) NOT POSSIBLE
NL(3,0) NOT POSSIBLE
Max in loop inf, 0.5143950995405819
AUD TV 0.564395099540582, ss 6
AG*(3,4) = 18
NL(3,4) = 18, AG*'s used 0
NL(3,2) NOT POSSIBLE
NL(3,0) NOT POSSIBLE
Max in loop inf, 0.564395099540582
AUD TV 0.614395099540582, ss 4
AG*(3,4) = 18
NL(3,4) = 18, AG*'s used 0
NL(3,2) NOT POSSIBLE
NL(3,0) NOT POSSIBLE
Max in loop inf, 0.614395099540582
AUD TV 0.6643950995405821, ss 3
AG*(3,4) = 18
NL(3,4) = 18, AG*'s used 0
NL(3,2) NOT POSSIBLE
NL(3,0) NOT POSSIBLE
Max in loop inf, 0.6643950995405821
Sample size required for audit is inf ballots
------------------------------------------------
Assertion set BEFORE filtering:
(3, 'NL', 4, 18)
(1, 'LT', 0.15719754977029096, 79)
(1, 'QT', None, 25)
(1, 'MT', 0.6643950995405821, 3)
------------------------------------------------
Final set of assertions AFTER filtering:
(3, 'NL', 4, 18)
(1, 'LT', 0.15719754977029096, 79)
(1, 'QT', None, 25)
(1, 'MT', 0.6643950995405821, 3)
------------------------------------------------
Explanations for AG* inclusion:
------------------------------------------------
