VALID BALLOTS 270231
42 ballot checks required to assert that first winner has a quota's worth of votes
AG(0,1) = 22
AG(0,5) = 440
AG(0,6) = 26
AG(0,7) = 26
AG(0,8) = 102
AG(0,9) = 111
AG(0,14) = 27
AG(0,15) = 26
AG(0,16) = 19
AG(2,3) = 35
AG(2,14) = 47
AG(2,15) = 45
AG(2,16) = 37
AG(4,5) = 218
AG(4,16) = 1227
AG(12,0) = 729
AG(12,1) = 1760
AG(12,2) = 76
AG(12,3) = 68
AG(12,4) = 25
AG(12,5) = 22
AG(12,6) = 19
AG(12,7) = 19
AG(12,8) = 36
AG(12,9) = 36
AG(12,10) = 51
AG(12,11) = 49
AG(12,13) = 12
AG(12,14) = 13
AG(12,15) = 13
AG(12,16) = 13
AUD TV 0.19157470409971983, ss 98
NL(0,7) = 19, AG's used 19
NL(0,9) = 26, AG's used 26
NL(0,5) = 31, AG's used 27
NL(0,15) = 20, AG's used 19
NL(0,11) = 58, AG's used 27
NL(0,16) = 17, AG's used 0
NL(0,14) = 21, AG's used 19
NL(0,3) = 15, AG's used 35
NL(0,6) = 19, AG's used 19
NL(0,1) = 19, AG's used 19
NL(0,10) = 59, AG's used 27
NL(0,8) = 26, AG's used 26
NL(0,2) = 131, AG's used 111
NL(0,4) = 34, AG's used 27
NL(0,13) = 130, AG's used 111
Max in loop 131, 0.19157470409971983
AUD TV 0.24157470409971982, ss 45
NL(0,7) = 19, AG's used 19
NL(0,9) = 27, AG's used 27
NL(0,5) = 33, AG's used 27
NL(0,15) = 21, AG's used 19
NL(0,11) = 69, AG's used 27
NL(0,16) = 17, AG's used 0
NL(0,14) = 21, AG's used 19
NL(0,3) = 15, AG's used 35
NL(0,6) = 19, AG's used 19
NL(0,1) = 19, AG's used 19
NL(0,10) = 70, AG's used 27
NL(0,8) = 27, AG's used 27
NL(0,2) = 231, AG's used 111
NL(0,4) = 37, AG's used 27
NL(0,13) = 321, AG's used 111
Max in loop 321, 0.24157470409971982
Sample size required for audit is 131 ballots
------------------------------------------------
Assertion set BEFORE filtering:
(0, 'NL', 15, 20)
(0, 'NL', 10, 59)
(0, 'AG', 16, 19)
(0, 'NL', 7, 19)
(0, 'NL', 2, 131)
(0, 'AG', 9, 111)
(12, 'MT', 0.19157470409971983, 98)
(0, 'NL', 3, 15)
(0, 'NL', 1, 19)
(0, 'NL', 14, 21)
(0, 'NL', 16, 17)
(2, 'AG', 3, 35)
(0, 'AG', 15, 26)
(0, 'AG', 6, 26)
(0, 'AG', 7, 26)
(0, 'AG', 1, 22)
(0, 'NL', 8, 26)
(0, 'AG', 14, 27)
(0, 'NL', 11, 58)
(0, 'NL', 6, 19)
(0, 'AG', 8, 102)
(0, 'NL', 5, 31)
(0, 'NL', 4, 34)
(0, 'NL', 13, 130)
(0, 'NL', 9, 26)
(12, 'QT', None, 42)
------------------------------------------------
Final set of assertions AFTER filtering:
(0, 'NL', 10, 59)
(0, 'AG', 16, 19)
(0, 'NL', 2, 131)
(0, 'AG', 9, 111)
(12, 'MT', 0.19157470409971983, 98)
(0, 'NL', 3, 15)
(2, 'AG', 3, 35)
(0, 'AG', 15, 26)
(0, 'AG', 6, 26)
(0, 'AG', 7, 26)
(0, 'AG', 1, 22)
(0, 'AG', 14, 27)
(0, 'NL', 11, 58)
(0, 'AG', 8, 102)
(0, 'NL', 5, 31)
(0, 'NL', 4, 34)
(0, 'NL', 13, 130)
(12, 'QT', None, 42)
------------------------------------------------
