VALID BALLOTS 254767
55 ballot checks required to assert that first winner has a quota's worth of votes
AG(0,1) = 534
AG(4,0) = 57
AG(4,1) = 55
AG(4,2) = 18
AG(4,3) = 18
AG(4,5) = 12
AG(4,6) = 18
AG(4,7) = 18
AG(4,8) = 34
AG(4,9) = 33
AG(4,12) = 39
AG(4,13) = 38
AG(4,14) = 52
AG(4,15) = 47
AG(4,16) = 23
AG(4,17) = 23
AG(4,18) = 26
AG(4,19) = 25
AG(4,20) = 13
AG(4,21) = 13
AG(10,0) = 65
AG(10,1) = 63
AG(10,2) = 126
AG(10,3) = 118
AG(10,6) = 34
AG(10,7) = 33
AG(10,8) = 242
AG(10,9) = 208
AG(10,11) = 16
AG(10,16) = 21
AG(10,17) = 21
AG(10,20) = 17
AG(10,21) = 17
AG(14,2) = 336
AG(14,3) = 290
AG(14,15) = 32
AG(14,20) = 35
AG(14,21) = 34
AG(18,19) = 208
AG(18,20) = 6016
AG(18,21) = 3490
AUD TV 0.163066455002141, ss 105
NL(10,3) = 26, AG's used 21
NL(10,7) = 20, AG's used 17
NL(10,17) = 17, AG's used 17
NL(10,1) = 23, AG's used 21
NL(10,13) = 34, AG's used 34
NL(10,9) = 28, AG's used 21
NL(10,21) = 16, AG's used 16
NL(10,19) = 37, AG's used 34
NL(10,15) = 14, AG's used 32
NL(10,20) = 16, AG's used 16
NL(10,2) = 27, AG's used 21
NL(10,11) = 15, AG's used 0
NL(10,6) = 20, AG's used 17
NL(10,8) = 29, AG's used 21
NL(10,0) = 23, AG's used 21
NL(10,5) = 59, AG's used 65
NL(10,12) = 35, AG's used 34
NL(10,14) = 54, AG's used 65
NL(10,16) = 17, AG's used 17
NL(10,18) = 37, AG's used 34
Max in loop 105, 0.163066455002141
AUD TV 0.213066455002141, ss 49
NL(10,3) = 27, AG's used 21
NL(10,7) = 20, AG's used 17
NL(10,17) = 17, AG's used 17
NL(10,1) = 24, AG's used 21
NL(10,13) = 37, AG's used 34
NL(10,9) = 30, AG's used 21
NL(10,21) = 16, AG's used 16
NL(10,19) = 40, AG's used 34
NL(10,15) = 14, AG's used 32
NL(10,20) = 16, AG's used 16
NL(10,2) = 28, AG's used 21
NL(10,11) = 15, AG's used 0
NL(10,6) = 20, AG's used 17
NL(10,8) = 30, AG's used 21
NL(10,0) = 24, AG's used 21
NL(10,5) = 77, AG's used 65
NL(10,12) = 38, AG's used 34
NL(10,14) = 65, AG's used 65
NL(10,16) = 17, AG's used 17
NL(10,18) = 40, AG's used 34
Max in loop 77, 0.213066455002141
AUD TV 0.263066455002141, ss 30
NL(10,3) = 29, AG's used 21
NL(10,7) = 20, AG's used 21
NL(10,17) = 17, AG's used 17
NL(10,1) = 24, AG's used 21
NL(10,13) = 41, AG's used 34
NL(10,9) = 31, AG's used 21
NL(10,21) = 16, AG's used 16
NL(10,19) = 43, AG's used 34
NL(10,15) = 14, AG's used 32
NL(10,20) = 16, AG's used 16
NL(10,2) = 29, AG's used 21
NL(10,11) = 15, AG's used 0
NL(10,6) = 20, AG's used 21
NL(10,8) = 32, AG's used 21
NL(10,0) = 25, AG's used 21
NL(10,5) = 111, AG's used 65
NL(10,12) = 41, AG's used 34
NL(10,14) = 81, AG's used 65
NL(10,16) = 17, AG's used 17
NL(10,18) = 44, AG's used 34
Max in loop 111, 0.263066455002141
Sample size required for audit is 77 ballots
------------------------------------------------
Assertion set BEFORE filtering:
(10, 'NL', 15, 14)
(10, 'NL', 8, 30)
(10, 'NL', 1, 24)
(10, 'NL', 18, 40)
(10, 'NL', 17, 17)
(10, 'AG', 6, 34)
(10, 'NL', 20, 16)
(10, 'NL', 6, 20)
(10, 'AG', 20, 17)
(10, 'AG', 17, 21)
(10, 'NL', 2, 28)
(10, 'NL', 3, 27)
(10, 'NL', 13, 37)
(14, 'AG', 15, 32)
(10, 'NL', 9, 30)
(10, 'NL', 11, 15)
(4, 'MT', 0.213066455002141, 49)
(10, 'NL', 0, 24)
(10, 'AG', 0, 65)
(4, 'QT', None, 55)
(10, 'NL', 16, 17)
(10, 'NL', 12, 38)
(10, 'AG', 11, 16)
(10, 'NL', 21, 16)
(10, 'NL', 19, 40)
(10, 'AG', 16, 21)
(10, 'AG', 21, 17)
(10, 'NL', 7, 20)
(10, 'NL', 14, 65)
(10, 'AG', 7, 33)
(10, 'AG', 1, 63)
(10, 'NL', 5, 77)
------------------------------------------------
Final set of assertions AFTER filtering:
(10, 'NL', 15, 14)
(10, 'NL', 8, 30)
(10, 'NL', 18, 40)
(10, 'AG', 6, 34)
(10, 'AG', 20, 17)
(10, 'AG', 17, 21)
(10, 'NL', 2, 28)
(10, 'NL', 3, 27)
(10, 'NL', 13, 37)
(14, 'AG', 15, 32)
(10, 'NL', 9, 30)
(4, 'MT', 0.213066455002141, 49)
(10, 'AG', 0, 65)
(4, 'QT', None, 55)
(10, 'NL', 12, 38)
(10, 'AG', 11, 16)
(10, 'NL', 19, 40)
(10, 'AG', 16, 21)
(10, 'AG', 21, 17)
(10, 'NL', 14, 65)
(10, 'AG', 7, 33)
(10, 'AG', 1, 63)
(10, 'NL', 5, 77)
------------------------------------------------
