VALID BALLOTS 270231
50 ballot checks required to assert that first winner has a quota's worth of votes
AG(12,7) = 23
AG(12,9) = 43
AG(12,5) = 26
AG(12,15) = 16
AG(12,11) = 59
AG(12,16) = 15
AG(12,14) = 16
AG(12,3) = 81
AG(12,6) = 23
AG(12,1) = 1735
AG(12,10) = 60
AG(12,8) = 43
AG(12,0) = 817
AG(12,2) = 91
AG(12,4) = 30
AG(12,13) = 15
AG(0,7) = 31
AG(0,9) = 132
AG(0,5) = 559
AG(0,15) = 31
AG(0,16) = 22
AG(0,14) = 32
AG(0,6) = 31
AG(0,1) = 26
AG(0,8) = 121
AG(2,15) = 53
AG(2,16) = 44
AG(2,14) = 56
AG(2,3) = 42
AG(4,5) = 289
AG(4,16) = 1542
AUD TV 0.15157470409971982
AG(0,7) = 20
AG(0,9) = 23
AG(0,5) = 25
AG(0,15) = 20
AG(0,11) = 29
AG(0,16) = 18
AG(0,14) = 20
AG(0,3) = 97
AG(0,6) = 20
AG(0,1) = 19
AG(0,10) = 29
AG(0,8) = 23
AG(0,2) = 110
AG(0,4) = 27
AG(0,13) = 26
NL(0,7) = 110, AGs used 110, min 98441, max 19719.990076049442
NL(0,9) = 110, AGs used 110, min 96061, max 38215.299073702714
NL(0,5) = 289, AGs used 289, min 98173, max 2506.726228482992
NL(0,15) = 110, AGs used 110, min 100720, max 6636.214311284268
NL(0,11) = 110, AGs used 110, min 97161, max 63087.290712431044
NL(0,16) = 110, AGs used 110, min 100683, max 4223.401461488787
NL(0,14) = 110, AGs used 110, min 100527, max 7485.261527249251
NL(0,3) = 110, AGs used 110, min 95998, max 5038.643436992672
NL(0,6) = 110, AGs used 110, min 98388, max 19729.81093773415
NL(0,1) = 110, AGs used 110, min 99377, max 19618.617083881632
NL(0,10) = 110, AGs used 110, min 97075, max 63280.87534334168
NL(0,8) = 110, AGs used 110, min 96026, max 37494.610134369854
NL(0,2) = 97, AGs used 97, min 95922, max 77172.33022125409
NL(0,4) = 110, AGs used 110, min 97215, max 49275.8205654838
NL(0,13) = 110, AGs used 110, min 102269, max 76371.79678995436
Max in loop 762, 0.15157470409971982
AUD TV 0.16157470409971983
AG(0,7) = 20
AG(0,9) = 23
AG(0,5) = 25
AG(0,15) = 20
AG(0,11) = 30
AG(0,16) = 18
AG(0,14) = 20
AG(0,3) = 104
AG(0,6) = 20
AG(0,1) = 19
AG(0,10) = 30
AG(0,8) = 23
AG(0,2) = 118
AG(0,4) = 28
AG(0,13) = 27
NL(0,7) = 118, AGs used 118, min 98441, max 19926.95007604737
NL(0,9) = 118, AGs used 118, min 96061, max 38626.799073702765
NL(0,5) = 289, AGs used 289, min 98173, max 2521.8162284853533
NL(0,15) = 118, AGs used 118, min 100720, max 6662.024311280227
NL(0,11) = 118, AGs used 118, min 97161, max 63746.72071244637
NL(0,16) = 118, AGs used 118, min 100683, max 4234.841461489397
NL(0,14) = 118, AGs used 118, min 100527, max 7513.911527244469
NL(0,3) = 118, AGs used 118, min 95998, max 5065.273437058553
NL(0,6) = 118, AGs used 118, min 98388, max 19937.22093773185
NL(0,1) = 118, AGs used 118, min 99377, max 19722.2370838804
NL(0,10) = 118, AGs used 118, min 97075, max 63941.79534335717
NL(0,8) = 118, AGs used 118, min 96026, max 37902.37013436946
NL(0,2) = 104, AGs used 104, min 95922, max 78016.4902213514
NL(0,4) = 118, AGs used 118, min 97215, max 49703.650565496755
NL(0,13) = 118, AGs used 118, min 102269, max 77411.33679002486
Max in loop 376, 0.16157470409971983
AUD TV 0.17157470409971984
AG(0,7) = 20
AG(0,9) = 24
AG(0,5) = 25
AG(0,15) = 20
AG(0,11) = 30
AG(0,16) = 18
AG(0,14) = 20
AG(0,3) = 111
AG(0,6) = 20
AG(0,1) = 19
AG(0,10) = 31
AG(0,8) = 24
AG(0,2) = 127
AG(0,4) = 28
AG(0,13) = 28
NL(0,7) = 127, AGs used 127, min 98441, max 20133.910076045224
NL(0,9) = 127, AGs used 127, min 96061, max 39038.29907370423
NL(0,5) = 127, AGs used 127, min 98173, max 46769.0518628874
NL(0,15) = 127, AGs used 127, min 100720, max 6687.834311276874
NL(0,11) = 127, AGs used 127, min 97161, max 64406.150712462215
NL(0,16) = 127, AGs used 127, min 100683, max 4246.2814614907
NL(0,14) = 127, AGs used 127, min 100527, max 7542.561527240399
NL(0,3) = 127, AGs used 127, min 95998, max 5091.903437040251
NL(0,6) = 127, AGs used 127, min 98388, max 20144.63093772947
NL(0,1) = 127, AGs used 127, min 99377, max 19825.857083879648
NL(0,10) = 127, AGs used 127, min 97075, max 64602.71534337331
NL(0,8) = 127, AGs used 127, min 96026, max 38310.1301343706
NL(0,2) = 111, AGs used 111, min 95922, max 78860.65022130721
NL(0,4) = 127, AGs used 127, min 97215, max 50131.48056551127
NL(0,13) = 127, AGs used 127, min 102269, max 78450.87679000739
Max in loop 200, 0.17157470409971984
AUD TV 0.18157470409971985
AG(0,7) = 20
AG(0,9) = 24
AG(0,5) = 25
AG(0,15) = 20
AG(0,11) = 31
AG(0,16) = 18
AG(0,14) = 20
AG(0,3) = 119
AG(0,6) = 20
AG(0,1) = 19
AG(0,10) = 31
AG(0,8) = 24
AG(0,2) = 138
AG(0,4) = 29
AG(0,13) = 29
NL(0,7) = 138, AGs used 138, min 98441, max 20340.870076048974
NL(0,9) = 138, AGs used 138, min 96061, max 39449.79907369545
NL(0,5) = 138, AGs used 138, min 98173, max 47185.14186286932
NL(0,15) = 138, AGs used 138, min 100720, max 6713.644311284192
NL(0,11) = 138, AGs used 138, min 97161, max 65065.58071241889
NL(0,16) = 138, AGs used 138, min 100683, max 4257.721461491465
NL(0,14) = 138, AGs used 138, min 100527, max 7571.211527248779
NL(0,3) = 138, AGs used 138, min 95998, max 5118.533436977406
NL(0,6) = 138, AGs used 138, min 98388, max 20352.040937733487
NL(0,1) = 138, AGs used 138, min 99377, max 19929.477083883696
NL(0,10) = 138, AGs used 138, min 97075, max 65263.63534332932
NL(0,8) = 138, AGs used 138, min 96026, max 38717.89013436275
NL(0,2) = 119, AGs used 119, min 95922, max 79704.81022123907
NL(0,4) = 138, AGs used 138, min 97215, max 50559.31056546884
NL(0,13) = 138, AGs used 138, min 102269, max 79490.41678993708
Max in loop 148, 0.18157470409971985
AUD TV 0.19157470409971986
AG(0,7) = 20
AG(0,9) = 24
AG(0,5) = 26
AG(0,15) = 20
AG(0,11) = 32
AG(0,16) = 19
AG(0,14) = 20
AG(0,3) = 129
AG(0,6) = 20
AG(0,1) = 19
AG(0,10) = 32
AG(0,8) = 24
AG(0,2) = 150
AG(0,4) = 29
AG(0,13) = 30
NL(0,7) = 32, AGs used 32, min 92975, max 20547.83007604623
NL(0,9) = 32, AGs used 32, min 91115, max 39861.299073697395
NL(0,5) = 33, AGs used 32, min 92911, max 47601.231862873705
NL(0,15) = 53, AGs used 53, min 94595, max 6739.454311278561
NL(0,11) = 55, AGs used 32, min 93144, max 65725.01071243643
NL(0,16) = 44, AGs used 44, min 94230, max 4269.1614614907485
NL(0,14) = 56, AGs used 56, min 94465, max 7599.861527242345
NL(0,3) = 42, AGs used 42, min 95815, max 5145.163437050476
NL(0,6) = 32, AGs used 32, min 92948, max 20559.450937730457
NL(0,1) = 32, AGs used 32, min 93148, max 20033.097083880715
NL(0,10) = 55, AGs used 32, min 93097, max 65924.55534334767
NL(0,8) = 32, AGs used 32, min 91078, max 39125.65013436441
NL(0,2) = 99, AGs used 32, min 95815, max 80548.97022134557
NL(0,4) = 36, AGs used 32, min 92094, max 50987.14056548489
NL(0,13) = 100, AGs used 32, min 95668, max 80529.95679001826
Max in loop 117, 0.19157470409971986
AUD TV 0.20157470409971986
AG(0,7) = 20
AG(0,9) = 24
AG(0,5) = 26
AG(0,15) = 20
AG(0,11) = 33
AG(0,16) = 19
AG(0,14) = 20
AG(0,3) = 140
AG(0,6) = 20
AG(0,1) = 19
AG(0,10) = 33
AG(0,8) = 24
AG(0,2) = 166
AG(0,4) = 29
AG(0,13) = 31
NL(0,7) = 33, AGs used 33, min 92975, max 20754.790076050234
NL(0,9) = 33, AGs used 33, min 91115, max 40272.799073707625
NL(0,5) = 33, AGs used 33, min 92911, max 48017.321862893565
NL(0,15) = 53, AGs used 53, min 94595, max 6765.264311286184
NL(0,11) = 56, AGs used 33, min 93144, max 66384.44071245624
NL(0,16) = 44, AGs used 44, min 94230, max 4280.6014614914675
NL(0,14) = 56, AGs used 56, min 94465, max 7628.511527251052
NL(0,3) = 42, AGs used 42, min 95815, max 5171.793437028566
NL(0,6) = 33, AGs used 33, min 92948, max 20766.86093773482
NL(0,1) = 33, AGs used 33, min 93148, max 20136.717083884923
NL(0,10) = 57, AGs used 33, min 93097, max 66585.47534336726
NL(0,8) = 33, AGs used 33, min 91078, max 39533.41013437418
NL(0,2) = 105, AGs used 33, min 95815, max 81393.1302212942
NL(0,4) = 36, AGs used 33, min 92094, max 51414.970565507785
NL(0,13) = 107, AGs used 33, min 95668, max 81569.49678999538
Max in loop 107, 0.20157470409971986
AUD TV 0.21157470409971987
AG(0,7) = 21
AG(0,9) = 25
AG(0,5) = 26
AG(0,15) = 20
AG(0,11) = 33
AG(0,16) = 19
AG(0,14) = 21
AG(0,3) = 153
AG(0,6) = 21
AG(0,1) = 19
AG(0,10) = 33
AG(0,8) = 25
AG(0,2) = 184
AG(0,4) = 30
AG(0,13) = 32
NL(0,7) = 33, AGs used 33, min 92975, max 20961.75007604515
NL(0,9) = 33, AGs used 33, min 91115, max 40684.29907371056
NL(0,5) = 33, AGs used 33, min 92911, max 48433.41186289727
NL(0,15) = 53, AGs used 53, min 94595, max 6791.074311275825
NL(0,11) = 57, AGs used 33, min 93144, max 67043.8707124677
NL(0,16) = 44, AGs used 44, min 94230, max 4292.041461488525
NL(0,14) = 56, AGs used 56, min 94465, max 7657.161527239539
NL(0,3) = 42, AGs used 42, min 95815, max 5198.423436998884
NL(0,6) = 33, AGs used 33, min 92948, max 20974.27093772956
NL(0,1) = 33, AGs used 33, min 93148, max 20240.337083877213
NL(0,10) = 58, AGs used 33, min 93097, max 67246.39534337823
NL(0,8) = 33, AGs used 33, min 91078, max 39941.17013437684
NL(0,2) = 111, AGs used 33, min 95815, max 82237.29022123596
NL(0,4) = 37, AGs used 33, min 92094, max 51842.80056552338
NL(0,13) = 116, AGs used 33, min 95668, max 82609.03678996142
Max in loop 116, 0.21157470409971987
Demonstrating that first winner's TV is less than 0.20157470409971986
Sample size required for audit is 107 ballots
