VALID BALLOTS 254767
55 ballot checks required to assert that first winner has a quota's worth of votes
AUD TV 0.163066455002141, ss 105
AG*(10,0) = 24
AG*(10,1) = 24
AG*(10,2) = 28
AG*(10,3) = 28
AG*(10,5) = 89
AG*(10,6) = 20
AG*(10,7) = 20
AG*(10,8) = 30
AG*(10,9) = 30
AG*(10,11) = 15
AG*(10,12) = 38
AG*(10,13) = 38
AG*(10,14) = 79
AG*(10,15) = 76
AG*(10,16) = 17
AG*(10,17) = 17
AG*(10,18) = 41
AG*(10,19) = 41
AG*(10,20) = 16
AG*(10,21) = 16
AG*(0,1) = 302
AG*(4,0) = 57
AG*(4,1) = 55
AG*(4,2) = 18
AG*(4,3) = 18
AG*(4,5) = 12
AG*(4,6) = 18
AG*(4,7) = 18
AG*(4,8) = 34
AG*(4,9) = 33
AG*(4,12) = 39
AG*(4,13) = 38
AG*(4,14) = 52
AG*(4,15) = 47
AG*(4,16) = 23
AG*(4,17) = 23
AG*(4,18) = 26
AG*(4,19) = 25
AG*(4,20) = 13
AG*(4,21) = 13
AG*(10,0) = 24
AG*(10,1) = 24
AG*(10,2) = 28
AG*(10,3) = 28
AG*(10,5) = 89
AG*(10,6) = 20
AG*(10,7) = 20
AG*(10,8) = 30
AG*(10,9) = 30
AG*(10,11) = 15
AG*(10,12) = 38
AG*(10,13) = 38
AG*(10,14) = 79
AG*(10,15) = 76
AG*(10,16) = 17
AG*(10,17) = 17
AG*(10,18) = 41
AG*(10,19) = 41
AG*(10,20) = 16
AG*(10,21) = 16
AG*(12,13) = 5176
AG*(14,2) = 106
AG*(14,3) = 102
AG*(14,6) = 306
AG*(14,7) = 282
AG*(14,15) = 31
AG*(14,20) = 34
AG*(14,21) = 34
AG*(16,17) = 28797
AG*(18,19) = 178
AG*(18,20) = 387
AG*(18,21) = 349
NL(10,3) = 24, AG*'s used 24
NL(10,7) = 19, AG*'s used 17
NL(10,17) = 17, AG*'s used 17
NL(10,1) = 22, AG*'s used 20
NL(10,13) = 30, AG*'s used 30
NL(10,9) = 26, AG*'s used 24
NL(10,21) = 16, AG*'s used 16
NL(10,19) = 32, AG*'s used 30
NL(10,15) = 13, AG*'s used 31
NL(10,20) = 16, AG*'s used 16
NL(10,2) = 24, AG*'s used 24
NL(10,11) = 15, AG*'s used 0
NL(10,6) = 19, AG*'s used 17
NL(10,8) = 26, AG*'s used 24
NL(10,0) = 23, AG*'s used 20
NL(10,5) = 47, AG*'s used 41
NL(10,12) = 30, AG*'s used 30
NL(10,14) = 44, AG*'s used 41
NL(10,16) = 17, AG*'s used 17
NL(10,18) = 32, AG*'s used 30
Max in loop 105, 0.163066455002141
AUD TV 0.213066455002141, ss 49
AG*(10,0) = 25
AG*(10,1) = 25
AG*(10,2) = 29
AG*(10,3) = 29
AG*(10,5) = 137
AG*(10,6) = 21
AG*(10,7) = 20
AG*(10,8) = 32
AG*(10,9) = 32
AG*(10,11) = 15
AG*(10,12) = 42
AG*(10,13) = 42
AG*(10,14) = 104
AG*(10,15) = 100
AG*(10,16) = 17
AG*(10,17) = 17
AG*(10,18) = 45
AG*(10,19) = 45
AG*(10,20) = 16
AG*(10,21) = 16
AG*(0,1) = 307
AG*(4,0) = 57
AG*(4,1) = 55
AG*(4,2) = 18
AG*(4,3) = 18
AG*(4,5) = 12
AG*(4,6) = 18
AG*(4,7) = 18
AG*(4,8) = 34
AG*(4,9) = 33
AG*(4,12) = 39
AG*(4,13) = 38
AG*(4,14) = 52
AG*(4,15) = 47
AG*(4,16) = 23
AG*(4,17) = 23
AG*(4,18) = 26
AG*(4,19) = 25
AG*(4,20) = 13
AG*(4,21) = 13
AG*(10,0) = 25
AG*(10,1) = 25
AG*(10,2) = 29
AG*(10,3) = 29
AG*(10,5) = 137
AG*(10,6) = 21
AG*(10,7) = 20
AG*(10,8) = 32
AG*(10,9) = 32
AG*(10,11) = 15
AG*(10,12) = 42
AG*(10,13) = 42
AG*(10,14) = 104
AG*(10,15) = 100
AG*(10,16) = 17
AG*(10,17) = 17
AG*(10,18) = 45
AG*(10,19) = 45
AG*(10,20) = 16
AG*(10,21) = 16
AG*(12,13) = 7489
AG*(14,2) = 111
AG*(14,3) = 106
AG*(14,6) = 357
AG*(14,7) = 325
AG*(14,15) = 31
AG*(14,20) = 34
AG*(14,21) = 34
AG*(18,19) = 180
AG*(18,20) = 464
AG*(18,21) = 365
NL(10,3) = 25, AG*'s used 25
NL(10,7) = 20, AG*'s used 17
NL(10,17) = 17, AG*'s used 17
NL(10,1) = 23, AG*'s used 21
NL(10,13) = 32, AG*'s used 32
NL(10,9) = 27, AG*'s used 25
NL(10,21) = 16, AG*'s used 16
NL(10,19) = 34, AG*'s used 32
NL(10,15) = 13, AG*'s used 31
NL(10,20) = 16, AG*'s used 16
NL(10,2) = 25, AG*'s used 25
NL(10,11) = 15, AG*'s used 0
NL(10,6) = 20, AG*'s used 20
NL(10,8) = 27, AG*'s used 25
NL(10,0) = 23, AG*'s used 21
NL(10,5) = 58, AG*'s used 45
NL(10,12) = 33, AG*'s used 32
NL(10,14) = 51, AG*'s used 45
NL(10,16) = 17, AG*'s used 17
NL(10,18) = 34, AG*'s used 32
Max in loop 58, 0.213066455002141
AUD TV 0.263066455002141, ss 30
AG*(10,0) = 26
AG*(10,1) = 26
AG*(10,2) = 31
AG*(10,3) = 31
AG*(10,5) = 300
AG*(10,6) = 21
AG*(10,7) = 21
AG*(10,8) = 34
AG*(10,9) = 34
AG*(10,11) = 15
AG*(10,12) = 46
AG*(10,13) = 46
AG*(10,14) = 152
AG*(10,15) = 143
AG*(10,16) = 17
AG*(10,17) = 17
AG*(10,18) = 50
AG*(10,19) = 49
AG*(10,20) = 16
AG*(10,21) = 16
AG*(0,1) = 312
AG*(4,0) = 57
AG*(4,1) = 55
AG*(4,2) = 18
AG*(4,3) = 18
AG*(4,5) = 12
AG*(4,6) = 18
AG*(4,7) = 18
AG*(4,8) = 34
AG*(4,9) = 33
AG*(4,12) = 39
AG*(4,13) = 38
AG*(4,14) = 52
AG*(4,15) = 47
AG*(4,16) = 23
AG*(4,17) = 23
AG*(4,18) = 26
AG*(4,19) = 25
AG*(4,20) = 13
AG*(4,21) = 13
AG*(10,0) = 26
AG*(10,1) = 26
AG*(10,2) = 31
AG*(10,3) = 31
AG*(10,5) = 300
AG*(10,6) = 21
AG*(10,7) = 21
AG*(10,8) = 34
AG*(10,9) = 34
AG*(10,11) = 15
AG*(10,12) = 46
AG*(10,13) = 46
AG*(10,14) = 152
AG*(10,15) = 143
AG*(10,16) = 17
AG*(10,17) = 17
AG*(10,18) = 50
AG*(10,19) = 49
AG*(10,20) = 16
AG*(10,21) = 16
AG*(12,13) = 10153
AG*(14,2) = 116
AG*(14,3) = 111
AG*(14,6) = 556
AG*(14,7) = 384
AG*(14,15) = 31
AG*(14,20) = 34
AG*(14,21) = 34
AG*(18,19) = 182
AG*(18,20) = 549
AG*(18,21) = 382
NL(10,3) = 26, AG*'s used 26
NL(10,7) = 20, AG*'s used 17
NL(10,17) = 17, AG*'s used 17
NL(10,1) = 24, AG*'s used 21
NL(10,13) = 35, AG*'s used 34
NL(10,9) = 28, AG*'s used 26
NL(10,21) = 16, AG*'s used 16
NL(10,19) = 37, AG*'s used 34
NL(10,15) = 13, AG*'s used 31
NL(10,20) = 16, AG*'s used 16
NL(10,2) = 26, AG*'s used 26
NL(10,11) = 15, AG*'s used 0
NL(10,6) = 20, AG*'s used 17
NL(10,8) = 28, AG*'s used 26
NL(10,0) = 24, AG*'s used 21
NL(10,5) = 75, AG*'s used 50
NL(10,12) = 35, AG*'s used 34
NL(10,14) = 60, AG*'s used 50
NL(10,16) = 17, AG*'s used 17
NL(10,18) = 37, AG*'s used 34
Max in loop 75, 0.263066455002141
Breaking out of inner loop 75 > 58
Sample size to show min tv of 0.05653322750107051 is 104
Sample size required for audit is 58 ballots
------------------------------------------------
Assertion set BEFORE filtering:
(10, 'NL', 15, 31)
(4, 'QT', None, 55)
(10, 'AG*', 20, 16)
(10, 'AG*', 12, 42)
(10, 'NL', 14, 51)
(10, 'NL', 1, 23)
(10, 'AG*', 0, 25)
(10, 'AG*', 17, 17)
(10, 'NL', 11, 15)
(4, 'MT', None, (0.213066455002141, 49))
(10, 'NL', 9, 27)
(10, 'AG*', 8, 32)
(10, 'NL', 19, 34)
(10, 'NL', 16, 17)
(10, 'NL', 21, 16)
(10, 'AG*', 18, 45)
(10, 'NL', 7, 20)
(10, 'AG*', 11, 15)
(10, 'AG*', 16, 17)
(10, 'NL', 3, 25)
(10, 'AG*', 3, 29)
(10, 'AG*', 7, 20)
(10, 'NL', 8, 27)
(10, 'AG*', 21, 16)
(10, 'NL', 0, 23)
(10, 'AG*', 13, 42)
(14, 'AG', 15, 31)
(10, 'AG*', 1, 25)
(10, 'AG*', 9, 32)
(10, 'NL', 20, 16)
(10, 'NL', 13, 32)
(10, 'NL', 6, 20)
(10, 'AG*', 6, 21)
(10, 'NL', 17, 17)
(10, 'NL', 12, 33)
(10, 'AG*', 2, 29)
(10, 'AG*', 19, 45)
(10, 'NL', 5, 58)
(10, 'NL', 18, 34)
(10, 'NL', 2, 25)
------------------------------------------------
Final set of assertions AFTER filtering:
(10, 'NL', 15, 31)
(4, 'QT', None, 55)
(10, 'AG*', 20, 16)
(10, 'AG*', 12, 42)
(10, 'NL', 14, 51)
(10, 'AG*', 0, 25)
(10, 'AG*', 17, 17)
(4, 'MT', None, (0.213066455002141, 49))
(10, 'AG*', 8, 32)
(10, 'AG*', 18, 45)
(10, 'AG*', 11, 15)
(10, 'AG*', 16, 17)
(10, 'AG*', 3, 29)
(10, 'AG*', 7, 20)
(10, 'AG*', 21, 16)
(10, 'AG*', 13, 42)
(14, 'AG', 15, 31)
(10, 'AG*', 1, 25)
(10, 'AG*', 9, 32)
(10, 'AG*', 6, 21)
(10, 'AG*', 2, 29)
(10, 'AG*', 19, 45)
(10, 'NL', 5, 58)
------------------------------------------------
Explanations for AG* inclusion:
   Explanation for (10, 'AG*', 20, 16): []
   Explanation for (10, 'AG*', 12, 42): []
   Explanation for (10, 'AG*', 0, 25): []
   Explanation for (10, 'AG*', 17, 17): []
   Explanation for (10, 'AG*', 8, 32): []
   Explanation for (10, 'AG*', 18, 45): []
   Explanation for (10, 'AG*', 11, 15): []
   Explanation for (10, 'AG*', 16, 17): []
   Explanation for (10, 'AG*', 3, 29): []
   Explanation for (10, 'AG*', 7, 20): []
   Explanation for (10, 'AG*', 21, 16): []
   Explanation for (10, 'AG*', 13, 42): []
   Explanation for (14, 'AG', 15, 31): []
   Explanation for (10, 'AG*', 1, 25): []
   Explanation for (10, 'AG*', 9, 32): []
   Explanation for (10, 'AG*', 6, 21): []
   Explanation for (10, 'AG*', 2, 29): []
   Explanation for (10, 'AG*', 19, 45): []
------------------------------------------------
