VALID BALLOTS 7508
Winner 6
Winner 3
Computing AG relationships
2 AG 4 = 54
2 AG 1 = 229
6 AG 4 = 44
6 AG 1 = 127
Ruling out candidates: [(4, 54), (1, 229)]
STAGE 1 ASN (Ruling out candidates): 229
ALTERNATE OUTCOME PAIR: 5,2
   (1) can we show that 6 NL 2?
        a. margin -0.05975847984372218
      no
   (1) can we show that 6 NL 5?
        a. margin -0.05527437400106572
      no
   (1) can we show that 3 NL 2?
        a. margin -0.34993784407742845
      no
   (1) can we show that 3 NL 5?
        a. margin -0.08990410229088974
      no

ALTERNATE OUTCOME PAIR: 5,6
   (1) can we show that 2 NL 6?
        a. margin -0.10792931983661902
      no
   (1) can we show that 2 NL 5?
        a. margin -0.07578582844965442
      no
   (1) can we show that 3 NL 6?
        a. margin -0.34984904990232657
      no
   (1) can we show that 3 NL 5?
        a. margin -0.09425501687089377
      no

ALTERNATE OUTCOME PAIR: 5,3
   (1) can we show that 2 NL 3?
        a. margin -0.03356419818859946
      no
   (1) can we show that 2 NL 5?
        a. margin -0.029568460309003952
      no
   (1) can we show that 6 NL 3?
        a. margin -0.011410051500621243
      no
   (1) can we show that 6 NL 5?
        a. margin -0.009900550523885498
      no

ALTERNATE OUTCOME PAIR: 2,6
   (1) can we show that 5 NL 6?
        a. margin -0.3082489788669863
      no
   (1) can we show that 5 NL 2?
        a. margin -0.30114544485881733
      no
   (1) can we show that 3 NL 6?
        a. margin -0.2951962351269758
      no
   (1) can we show that 3 NL 2?
        a. margin -0.2915556739477895
      no

ALTERNATE OUTCOME PAIR: 2,3
   (1) can we show that 5 NL 3?
        a. margin -0.1536139229266561
      no
   (1) can we show that 5 NL 2?
        a. margin -0.36236902859172426
      no
   (1) can we show that 6 NL 3?
        a. margin -0.050923459421062134
      no
   (1) can we show that 6 NL 2?
        a. margin -0.06810513230332083
      no

RULE OUT PAIR STAGE ASN 0
------------------------------------------------
Alternate outcome cannot be ruled out: 5,2
Alternate outcome cannot be ruled out: 5,6
Alternate outcome cannot be ruled out: 5,3
Alternate outcome cannot be ruled out: 2,6
Alternate outcome cannot be ruled out: 2,3
Full audit not possible
PARTIAL audit sample size: 229
------------------------------------------------
Final set of assertions generated:
(1, 'AG', 3, 54)
(5, 'AG', 0, 127)
(5, 'AG', 3, 44)
(1, 'AG', 0, 229)
[] are verified winners with these assertions.
[2, 3, 5, 6] remain as potential winners in this audit.
------------------------------------------------
