VALID BALLOTS 6811
35 ballot checks required to assert that first winner has a quota's worth of votes
AUD TV 0.2132277081798084, ss 90
AG*(2,3) = 37
AG*(2,7) = 605
AG*(2,8) = 60
AG*(1,2) = 63
AG*(1,3) = 13
AG*(1,4) = 57
AG*(1,5) = 30
AG*(1,6) = 30
AG*(1,7) = 21
AG*(1,8) = 17
AG*(2,3) = 37
AG*(2,7) = 605
AG*(2,8) = 60
AG*(4,3) = 42
AG*(4,7) = 1297
AG*(4,8) = 128
AG*(5,3) = 44
AG*(5,7) = 162
AG*(5,8) = 244
AG*(6,3) = 113
NL(2,3) = 37, AG*'s used 0
NL(2,8) = 60, AG*'s used 37
NL(2,7) = 45, AG*'s used 162
NL(2,6) NOT POSSIBLE
NL(2,5) NOT POSSIBLE
NL(2,4) NOT POSSIBLE
Max in loop inf, 0.2132277081798084
AUD TV 0.2632277081798084, ss 42
AG*(2,3) = 37
AG*(2,7) = 673
AG*(2,8) = 62
AG*(1,2) = 63
AG*(1,3) = 13
AG*(1,4) = 57
AG*(1,5) = 30
AG*(1,6) = 30
AG*(1,7) = 21
AG*(1,8) = 17
AG*(2,3) = 37
AG*(2,7) = 673
AG*(2,8) = 62
AG*(4,3) = 43
AG*(4,7) = 1721
AG*(4,8) = 144
AG*(5,3) = 45
AG*(5,7) = 175
AG*(5,8) = 425
AG*(6,3) = 115
NL(2,3) = 37, AG*'s used 0
NL(2,8) = 62, AG*'s used 37
NL(2,7) = 46, AG*'s used 175
NL(2,6) NOT POSSIBLE
NL(2,5) NOT POSSIBLE
NL(2,4) NOT POSSIBLE
Max in loop inf, 0.2632277081798084
AUD TV 0.3132277081798084, ss 26
AG*(2,3) = 38
AG*(2,7) = 757
AG*(2,8) = 64
AG*(1,2) = 63
AG*(1,3) = 13
AG*(1,4) = 57
AG*(1,5) = 30
AG*(1,6) = 30
AG*(1,7) = 21
AG*(1,8) = 17
AG*(2,3) = 38
AG*(2,7) = 757
AG*(2,8) = 64
AG*(4,3) = 44
AG*(4,7) = 3986
AG*(4,8) = 165
AG*(5,3) = 46
AG*(5,7) = 191
AG*(5,8) = 654
AG*(6,3) = 118
NL(2,3) = 38, AG*'s used 0
NL(2,8) = 63, AG*'s used 38
NL(2,7) = 46, AG*'s used 191
NL(2,6) NOT POSSIBLE
NL(2,5) NOT POSSIBLE
NL(2,4) NOT POSSIBLE
Max in loop inf, 0.3132277081798084
AUD TV 0.3632277081798084, ss 18
AG*(2,3) = 38
AG*(2,7) = 865
AG*(2,8) = 66
AG*(1,2) = 63
AG*(1,3) = 13
AG*(1,4) = 57
AG*(1,5) = 30
AG*(1,6) = 30
AG*(1,7) = 21
AG*(1,8) = 17
AG*(2,3) = 38
AG*(2,7) = 865
AG*(2,8) = 66
AG*(4,3) = 44
AG*(4,7) = 6811
AG*(4,8) = 193
AG*(5,3) = 47
AG*(5,7) = 210
AG*(5,8) = 1727
AG*(6,3) = 120
NL(2,3) = 38, AG*'s used 0
NL(2,8) = 65, AG*'s used 38
NL(2,7) = 47, AG*'s used 210
NL(2,6) NOT POSSIBLE
NL(2,5) NOT POSSIBLE
NL(2,4) NOT POSSIBLE
Max in loop inf, 0.3632277081798084
AUD TV 0.41322770817980836, ss 13
AG*(2,3) = 38
AG*(2,7) = 1116
AG*(2,8) = 68
AG*(1,2) = 63
AG*(1,3) = 13
AG*(1,4) = 57
AG*(1,5) = 30
AG*(1,6) = 30
AG*(1,7) = 21
AG*(1,8) = 17
AG*(2,3) = 38
AG*(2,7) = 1116
AG*(2,8) = 68
AG*(4,3) = 45
AG*(4,8) = 233
AG*(5,3) = 48
AG*(5,7) = 233
AG*(6,3) = 123
NL(2,3) = 38, AG*'s used 0
NL(2,8) = 67, AG*'s used 38
NL(2,7) = 47, AG*'s used 233
NL(2,6) NOT POSSIBLE
NL(2,5) NOT POSSIBLE
NL(2,4) NOT POSSIBLE
Max in loop inf, 0.41322770817980836
AUD TV 0.46322770817980835, ss 10
AG*(2,3) = 38
AG*(2,7) = 1469
AG*(2,8) = 70
AG*(1,2) = 63
AG*(1,3) = 13
AG*(1,4) = 57
AG*(1,5) = 30
AG*(1,6) = 30
AG*(1,7) = 21
AG*(1,8) = 17
AG*(2,3) = 38
AG*(2,7) = 1469
AG*(2,8) = 70
AG*(4,3) = 45
AG*(4,8) = 334
AG*(5,3) = 49
AG*(5,7) = 261
AG*(6,3) = 126
NL(2,3) = 38, AG*'s used 0
NL(2,8) = 70, AG*'s used 38
NL(2,7) = 47, AG*'s used 261
NL(2,6) NOT POSSIBLE
NL(2,5) NOT POSSIBLE
NL(2,4) NOT POSSIBLE
Max in loop inf, 0.46322770817980835
AUD TV 0.5132277081798083, ss 7
AG*(2,3) = 38
AG*(2,7) = 1967
AG*(2,8) = 72
AG*(1,2) = 63
AG*(1,3) = 13
AG*(1,4) = 57
AG*(1,5) = 30
AG*(1,6) = 30
AG*(1,7) = 21
AG*(1,8) = 17
AG*(2,3) = 38
AG*(2,7) = 1967
AG*(2,8) = 72
AG*(4,3) = 46
AG*(4,8) = 506
AG*(5,3) = 50
AG*(5,7) = 341
AG*(6,3) = 128
NL(2,3) = 38, AG*'s used 0
NL(2,8) = 72, AG*'s used 38
NL(2,7) = 48, AG*'s used 341
NL(2,6) NOT POSSIBLE
NL(2,5) NOT POSSIBLE
NL(2,4) NOT POSSIBLE
Max in loop inf, 0.5132277081798083
AUD TV 0.5632277081798084, ss 6
AG*(2,3) = 39
AG*(2,7) = 3844
AG*(2,8) = 75
AG*(1,2) = 63
AG*(1,3) = 13
AG*(1,4) = 57
AG*(1,5) = 30
AG*(1,6) = 30
AG*(1,7) = 21
AG*(1,8) = 17
AG*(2,3) = 39
AG*(2,7) = 3844
AG*(2,8) = 75
AG*(4,3) = 46
AG*(4,8) = 770
AG*(5,3) = 51
AG*(5,7) = 446
AG*(6,3) = 131
NL(2,3) = 39, AG*'s used 0
NL(2,8) = 74, AG*'s used 39
NL(2,7) = 48, AG*'s used 446
NL(2,6) NOT POSSIBLE
NL(2,5) NOT POSSIBLE
NL(2,4) NOT POSSIBLE
Max in loop inf, 0.5632277081798084
AUD TV 0.6132277081798084, ss 4
AG*(2,3) = 39
AG*(2,7) = 6811
AG*(2,8) = 77
AG*(1,2) = 63
AG*(1,3) = 13
AG*(1,4) = 57
AG*(1,5) = 30
AG*(1,6) = 30
AG*(1,7) = 21
AG*(1,8) = 17
AG*(2,3) = 39
AG*(2,7) = 6811
AG*(2,8) = 77
AG*(4,3) = 47
AG*(4,8) = 2396
AG*(5,3) = 53
AG*(5,7) = 533
AG*(6,3) = 134
NL(2,3) = 39, AG*'s used 0
NL(2,8) = 77, AG*'s used 39
NL(2,7) = 49, AG*'s used 533
NL(2,6) NOT POSSIBLE
NL(2,5) NOT POSSIBLE
NL(2,4) NOT POSSIBLE
Max in loop inf, 0.6132277081798084
AUD TV 0.6632277081798085, ss 3
AG*(2,3) = 39
AG*(2,7) = 6811
AG*(2,8) = 80
AG*(1,2) = 63
AG*(1,3) = 13
AG*(1,4) = 57
AG*(1,5) = 30
AG*(1,6) = 30
AG*(1,7) = 21
AG*(1,8) = 17
AG*(2,3) = 39
AG*(2,7) = 6811
AG*(2,8) = 80
AG*(4,3) = 48
AG*(5,3) = 54
AG*(5,7) = 661
AG*(6,3) = 138
NL(2,3) = 39, AG*'s used 0
NL(2,8) = 80, AG*'s used 39
NL(2,7) = 49, AG*'s used 661
NL(2,6) NOT POSSIBLE
NL(2,5) NOT POSSIBLE
NL(2,4) NOT POSSIBLE
Max in loop inf, 0.6632277081798085
Sample size to show min tv of 0.0816138540899042 is 64
AUD TV 0.2132277081798084, ss 90
AG*(2,3) = 34
AG*(2,7) = 225
AG*(2,8) = 53
AG*(1,2) = 63
AG*(1,3) = 13
AG*(1,4) = 57
AG*(1,5) = 30
AG*(1,6) = 30
AG*(1,7) = 21
AG*(1,8) = 17
AG*(2,3) = 34
AG*(2,7) = 225
AG*(2,8) = 53
AG*(4,3) = 41
AG*(4,7) = 640
AG*(4,8) = 116
AG*(5,3) = 44
AG*(5,7) = 159
AG*(5,8) = 238
AG*(6,3) = 97
NL(2,3) = 34, AG*'s used 0
NL(2,8) = 53, AG*'s used 34
NL(2,7) = 41, AG*'s used 159
NL(2,6) NOT POSSIBLE
NL(2,5) NOT POSSIBLE
NL(2,4) NOT POSSIBLE
Max in loop inf, 0.2132277081798084
AUD TV 0.2632277081798084, ss 42
AG*(2,3) = 34
AG*(2,7) = 236
AG*(2,8) = 54
AG*(1,2) = 63
AG*(1,3) = 13
AG*(1,4) = 57
AG*(1,5) = 30
AG*(1,6) = 30
AG*(1,7) = 21
AG*(1,8) = 17
AG*(2,3) = 34
AG*(2,7) = 236
AG*(2,8) = 54
AG*(4,3) = 42
AG*(4,7) = 750
AG*(4,8) = 129
AG*(5,3) = 45
AG*(5,7) = 172
AG*(5,8) = 365
AG*(6,3) = 99
NL(2,3) = 34, AG*'s used 0
NL(2,8) = 54, AG*'s used 34
NL(2,7) = 41, AG*'s used 172
NL(2,6) NOT POSSIBLE
NL(2,5) NOT POSSIBLE
NL(2,4) NOT POSSIBLE
Max in loop inf, 0.2632277081798084
AUD TV 0.3132277081798084, ss 26
AG*(2,3) = 34
AG*(2,7) = 249
AG*(2,8) = 55
AG*(1,2) = 63
AG*(1,3) = 13
AG*(1,4) = 57
AG*(1,5) = 30
AG*(1,6) = 30
AG*(1,7) = 21
AG*(1,8) = 17
AG*(2,3) = 34
AG*(2,7) = 249
AG*(2,8) = 55
AG*(4,3) = 42
AG*(4,7) = 904
AG*(4,8) = 146
AG*(5,3) = 46
AG*(5,7) = 187
AG*(5,8) = 621
AG*(6,3) = 101
NL(2,3) = 34, AG*'s used 0
NL(2,8) = 55, AG*'s used 34
NL(2,7) = 41, AG*'s used 187
NL(2,6) NOT POSSIBLE
NL(2,5) NOT POSSIBLE
NL(2,4) NOT POSSIBLE
Max in loop inf, 0.3132277081798084
AUD TV 0.3632277081798084, ss 18
AG*(2,3) = 35
AG*(2,7) = 263
AG*(2,8) = 57
AG*(1,2) = 63
AG*(1,3) = 13
AG*(1,4) = 57
AG*(1,5) = 30
AG*(1,6) = 30
AG*(1,7) = 21
AG*(1,8) = 17
AG*(2,3) = 35
AG*(2,7) = 263
AG*(2,8) = 57
AG*(4,3) = 42
AG*(4,7) = 1384
AG*(4,8) = 167
AG*(5,3) = 47
AG*(5,7) = 205
AG*(5,8) = 1552
AG*(6,3) = 103
NL(2,3) = 35, AG*'s used 0
NL(2,8) = 57, AG*'s used 35
NL(2,7) = 198, AG*'s used 57
NL(2,6) NOT POSSIBLE
NL(2,5) NOT POSSIBLE
NL(2,4) NOT POSSIBLE
Max in loop inf, 0.3632277081798084
AUD TV 0.41322770817980836, ss 13
AG*(2,3) = 35
AG*(2,7) = 278
AG*(2,8) = 58
AG*(1,2) = 63
AG*(1,3) = 13
AG*(1,4) = 57
AG*(1,5) = 30
AG*(1,6) = 30
AG*(1,7) = 21
AG*(1,8) = 17
AG*(2,3) = 35
AG*(2,7) = 278
AG*(2,8) = 58
AG*(4,3) = 43
AG*(4,7) = 2002
AG*(4,8) = 196
AG*(5,3) = 48
AG*(5,7) = 227
AG*(6,3) = 104
NL(2,3) = 35, AG*'s used 0
NL(2,8) = 58, AG*'s used 35
NL(2,7) = 207, AG*'s used 58
NL(2,6) NOT POSSIBLE
NL(2,5) NOT POSSIBLE
NL(2,4) NOT POSSIBLE
Max in loop inf, 0.41322770817980836
AUD TV 0.46322770817980835, ss 10
AG*(2,3) = 35
AG*(2,7) = 339
AG*(2,8) = 60
AG*(1,2) = 63
AG*(1,3) = 13
AG*(1,4) = 57
AG*(1,5) = 30
AG*(1,6) = 30
AG*(1,7) = 21
AG*(1,8) = 17
AG*(2,3) = 35
AG*(2,7) = 339
AG*(2,8) = 60
AG*(4,3) = 44
AG*(4,7) = 6128
AG*(4,8) = 236
AG*(5,3) = 49
AG*(5,7) = 254
AG*(6,3) = 106
NL(2,3) = 35, AG*'s used 0
NL(2,8) = 60, AG*'s used 35
NL(2,7) = 216, AG*'s used 60
NL(2,6) NOT POSSIBLE
NL(2,5) NOT POSSIBLE
NL(2,4) NOT POSSIBLE
Max in loop inf, 0.46322770817980835
AUD TV 0.5132277081798083, ss 7
AG*(2,3) = 35
AG*(2,7) = 361
AG*(2,8) = 62
AG*(1,2) = 63
AG*(1,3) = 13
AG*(1,4) = 57
AG*(1,5) = 30
AG*(1,6) = 30
AG*(1,7) = 21
AG*(1,8) = 17
AG*(2,3) = 35
AG*(2,7) = 361
AG*(2,8) = 62
AG*(4,3) = 44
AG*(4,7) = 6811
AG*(4,8) = 341
AG*(5,3) = 50
AG*(5,7) = 289
AG*(6,3) = 108
NL(2,3) = 35, AG*'s used 0
NL(2,8) = 61, AG*'s used 35
NL(2,7) = 227, AG*'s used 62
NL(2,6) NOT POSSIBLE
NL(2,5) NOT POSSIBLE
NL(2,4) NOT POSSIBLE
Max in loop inf, 0.5132277081798083
AUD TV 0.5632277081798084, ss 6
AG*(2,3) = 35
AG*(2,7) = 436
AG*(2,8) = 63
AG*(1,2) = 63
AG*(1,3) = 13
AG*(1,4) = 57
AG*(1,5) = 30
AG*(1,6) = 30
AG*(1,7) = 21
AG*(1,8) = 17
AG*(2,3) = 35
AG*(2,7) = 436
AG*(2,8) = 63
AG*(4,3) = 45
AG*(4,8) = 519
AG*(5,3) = 51
AG*(5,7) = 431
AG*(6,3) = 111
NL(2,3) = 35, AG*'s used 0
NL(2,8) = 63, AG*'s used 35
NL(2,7) = 238, AG*'s used 63
NL(2,6) NOT POSSIBLE
NL(2,5) NOT POSSIBLE
NL(2,4) NOT POSSIBLE
Max in loop inf, 0.5632277081798084
AUD TV 0.6132277081798084, ss 4
AG*(2,3) = 36
AG*(2,7) = 470
AG*(2,8) = 65
AG*(1,2) = 63
AG*(1,3) = 13
AG*(1,4) = 57
AG*(1,5) = 30
AG*(1,6) = 30
AG*(1,7) = 21
AG*(1,8) = 17
AG*(2,3) = 36
AG*(2,7) = 470
AG*(2,8) = 65
AG*(4,3) = 45
AG*(4,8) = 800
AG*(5,3) = 52
AG*(5,7) = 511
AG*(6,3) = 113
NL(2,3) = 36, AG*'s used 0
NL(2,8) = 65, AG*'s used 36
NL(2,7) = 251, AG*'s used 65
NL(2,6) NOT POSSIBLE
NL(2,5) NOT POSSIBLE
NL(2,4) NOT POSSIBLE
Max in loop inf, 0.6132277081798084
AUD TV 0.6632277081798085, ss 3
AG*(2,3) = 36
AG*(2,7) = 510
AG*(2,8) = 67
AG*(1,2) = 63
AG*(1,3) = 13
AG*(1,4) = 57
AG*(1,5) = 30
AG*(1,6) = 30
AG*(1,7) = 21
AG*(1,8) = 17
AG*(2,3) = 36
AG*(2,7) = 510
AG*(2,8) = 67
AG*(4,3) = 46
AG*(4,8) = 2758
AG*(5,3) = 53
AG*(5,7) = 628
AG*(6,3) = 115
NL(2,3) = 36, AG*'s used 0
NL(2,8) = 67, AG*'s used 36
NL(2,7) = 265, AG*'s used 67
NL(2,6) NOT POSSIBLE
NL(2,5) NOT POSSIBLE
NL(2,4) NOT POSSIBLE
Max in loop inf, 0.6632277081798085
New mintv = 0.1316138540899042
Sample size to show min tv of 0.1316138540899042 is 157
AUD TV 0.2132277081798084, ss 90
AG*(2,3) = 32
AG*(2,7) = 170
AG*(2,8) = 49
AG*(1,2) = 63
AG*(1,3) = 13
AG*(1,4) = 57
AG*(1,5) = 30
AG*(1,6) = 30
AG*(1,7) = 21
AG*(1,8) = 17
AG*(2,3) = 32
AG*(2,7) = 170
AG*(2,8) = 49
AG*(4,3) = 40
AG*(4,7) = 514
AG*(4,8) = 110
AG*(5,3) = 44
AG*(5,7) = 157
AG*(5,8) = 234
AG*(6,3) = 90
NL(2,3) = 32, AG*'s used 0
NL(2,8) = 49, AG*'s used 32
NL(2,7) = 138, AG*'s used 49
NL(2,6) NOT POSSIBLE
NL(2,5) NOT POSSIBLE
NL(2,4) NOT POSSIBLE
Max in loop inf, 0.2132277081798084
AUD TV 0.2632277081798084, ss 42
AG*(2,3) = 33
AG*(2,7) = 177
AG*(2,8) = 50
AG*(1,2) = 63
AG*(1,3) = 13
AG*(1,4) = 57
AG*(1,5) = 30
AG*(1,6) = 30
AG*(1,7) = 21
AG*(1,8) = 17
AG*(2,3) = 33
AG*(2,7) = 177
AG*(2,8) = 50
AG*(4,3) = 41
AG*(4,7) = 582
AG*(4,8) = 121
AG*(5,3) = 45
AG*(5,7) = 170
AG*(5,8) = 357
AG*(6,3) = 91
NL(2,3) = 33, AG*'s used 0
NL(2,8) = 50, AG*'s used 33
NL(2,7) = 143, AG*'s used 50
NL(2,6) NOT POSSIBLE
NL(2,5) NOT POSSIBLE
NL(2,4) NOT POSSIBLE
Max in loop inf, 0.2632277081798084
AUD TV 0.3132277081798084, ss 26
AG*(2,3) = 33
AG*(2,7) = 184
AG*(2,8) = 51
AG*(1,2) = 63
AG*(1,3) = 13
AG*(1,4) = 57
AG*(1,5) = 30
AG*(1,6) = 30
AG*(1,7) = 21
AG*(1,8) = 17
AG*(2,3) = 33
AG*(2,7) = 184
AG*(2,8) = 51
AG*(4,3) = 41
AG*(4,7) = 671
AG*(4,8) = 136
AG*(5,3) = 46
AG*(5,7) = 185
AG*(5,8) = 603
AG*(6,3) = 93
NL(2,3) = 33, AG*'s used 0
NL(2,8) = 51, AG*'s used 33
NL(2,7) = 147, AG*'s used 51
NL(2,6) NOT POSSIBLE
NL(2,5) NOT POSSIBLE
NL(2,4) NOT POSSIBLE
Max in loop inf, 0.3132277081798084
AUD TV 0.3632277081798084, ss 18
AG*(2,3) = 33
AG*(2,7) = 191
AG*(2,8) = 53
AG*(1,2) = 63
AG*(1,3) = 13
AG*(1,4) = 57
AG*(1,5) = 30
AG*(1,6) = 30
AG*(1,7) = 21
AG*(1,8) = 17
AG*(2,3) = 33
AG*(2,7) = 191
AG*(2,8) = 53
AG*(4,3) = 42
AG*(4,7) = 793
AG*(4,8) = 154
AG*(5,3) = 47
AG*(5,7) = 202
AG*(5,8) = 1455
AG*(6,3) = 94
NL(2,3) = 33, AG*'s used 0
NL(2,8) = 52, AG*'s used 33
NL(2,7) = 152, AG*'s used 53
NL(2,6) NOT POSSIBLE
NL(2,5) NOT POSSIBLE
NL(2,4) NOT POSSIBLE
Max in loop inf, 0.3632277081798084
AUD TV 0.41322770817980836, ss 13
AG*(2,3) = 33
AG*(2,7) = 199
AG*(2,8) = 54
AG*(1,2) = 63
AG*(1,3) = 13
AG*(1,4) = 57
AG*(1,5) = 30
AG*(1,6) = 30
AG*(1,7) = 21
AG*(1,8) = 17
AG*(2,3) = 33
AG*(2,7) = 199
AG*(2,8) = 54
AG*(4,3) = 42
AG*(4,7) = 967
AG*(4,8) = 178
AG*(5,3) = 48
AG*(5,7) = 224
AG*(6,3) = 96
NL(2,3) = 33, AG*'s used 0
NL(2,8) = 54, AG*'s used 33
NL(2,7) = 157, AG*'s used 54
NL(2,6) NOT POSSIBLE
NL(2,5) NOT POSSIBLE
NL(2,4) NOT POSSIBLE
Max in loop inf, 0.41322770817980836
AUD TV 0.46322770817980835, ss 10
AG*(2,3) = 33
AG*(2,7) = 208
AG*(2,8) = 55
AG*(1,2) = 63
AG*(1,3) = 13
AG*(1,4) = 57
AG*(1,5) = 30
AG*(1,6) = 30
AG*(1,7) = 21
AG*(1,8) = 17
AG*(2,3) = 33
AG*(2,7) = 208
AG*(2,8) = 55
AG*(4,3) = 43
AG*(4,7) = 1506
AG*(4,8) = 212
AG*(5,3) = 49
AG*(5,7) = 250
AG*(6,3) = 97
NL(2,3) = 33, AG*'s used 0
NL(2,8) = 55, AG*'s used 33
NL(2,7) = 162, AG*'s used 55
NL(2,6) NOT POSSIBLE
NL(2,5) NOT POSSIBLE
NL(2,4) NOT POSSIBLE
Max in loop inf, 0.46322770817980835
AUD TV 0.5132277081798083, ss 7
AG*(2,3) = 33
AG*(2,7) = 218
AG*(2,8) = 57
AG*(1,2) = 63
AG*(1,3) = 13
AG*(1,4) = 57
AG*(1,5) = 30
AG*(1,6) = 30
AG*(1,7) = 21
AG*(1,8) = 17
AG*(2,3) = 33
AG*(2,7) = 218
AG*(2,8) = 57
AG*(4,3) = 43
AG*(4,7) = 2736
AG*(4,8) = 260
AG*(5,3) = 50
AG*(5,7) = 284
AG*(6,3) = 99
NL(2,3) = 33, AG*'s used 0
NL(2,8) = 56, AG*'s used 33
NL(2,7) = 168, AG*'s used 57
NL(2,6) NOT POSSIBLE
NL(2,5) NOT POSSIBLE
NL(2,4) NOT POSSIBLE
Max in loop inf, 0.5132277081798083
AUD TV 0.5632277081798084, ss 6
AG*(2,3) = 34
AG*(2,7) = 229
AG*(2,8) = 58
AG*(1,2) = 63
AG*(1,3) = 13
AG*(1,4) = 57
AG*(1,5) = 30
AG*(1,6) = 30
AG*(1,7) = 21
AG*(1,8) = 17
AG*(2,3) = 34
AG*(2,7) = 229
AG*(2,8) = 58
AG*(4,3) = 44
AG*(4,7) = 6811
AG*(4,8) = 433
AG*(5,3) = 51
AG*(5,7) = 422
AG*(6,3) = 101
NL(2,3) = 34, AG*'s used 0
NL(2,8) = 58, AG*'s used 34
NL(2,7) = 174, AG*'s used 58
NL(2,6) NOT POSSIBLE
NL(2,5) NOT POSSIBLE
NL(2,4) NOT POSSIBLE
Max in loop inf, 0.5632277081798084
AUD TV 0.6132277081798084, ss 4
AG*(2,3) = 34
AG*(2,7) = 240
AG*(2,8) = 60
AG*(1,2) = 63
AG*(1,3) = 13
AG*(1,4) = 57
AG*(1,5) = 30
AG*(1,6) = 30
AG*(1,7) = 21
AG*(1,8) = 17
AG*(2,3) = 34
AG*(2,7) = 240
AG*(2,8) = 60
AG*(4,3) = 44
AG*(4,7) = 6811
AG*(4,8) = 612
AG*(5,3) = 52
AG*(5,7) = 498
AG*(6,3) = 103
NL(2,3) = 34, AG*'s used 0
NL(2,8) = 59, AG*'s used 34
NL(2,7) = 181, AG*'s used 60
NL(2,6) NOT POSSIBLE
NL(2,5) NOT POSSIBLE
NL(2,4) NOT POSSIBLE
Max in loop inf, 0.6132277081798084
AUD TV 0.6632277081798085, ss 3
AG*(2,3) = 34
AG*(2,7) = 253
AG*(2,8) = 61
AG*(1,2) = 63
AG*(1,3) = 13
AG*(1,4) = 57
AG*(1,5) = 30
AG*(1,6) = 30
AG*(1,7) = 21
AG*(1,8) = 17
AG*(2,3) = 34
AG*(2,7) = 253
AG*(2,8) = 61
AG*(4,3) = 45
AG*(4,8) = 1264
AG*(5,3) = 53
AG*(5,7) = 609
AG*(6,3) = 105
NL(2,3) = 34, AG*'s used 0
NL(2,8) = 61, AG*'s used 34
NL(2,7) = 189, AG*'s used 61
NL(2,6) NOT POSSIBLE
NL(2,5) NOT POSSIBLE
NL(2,4) NOT POSSIBLE
Max in loop inf, 0.6632277081798085
New mintv = 0.18161385408990421
Sample size required for audit is inf ballots
------------------------------------------------
Assertion set BEFORE filtering:
(1, 'AG*', 7, 61)
(0, 'QT', None, 35)
(1, 'NL', 2, 34)
(0, 'LT', None, (0.1316138540899042, 157))
(1, 'AG*', 6, 253)
(1, 'AG*', 2, 34)
(1, 'NL', 7, 61)
(1, 'NL', 6, 189)
(0, 'MT', None, (0.6632277081798085, 3))
------------------------------------------------
Final set of assertions AFTER filtering:
(1, 'AG*', 7, 61)
(0, 'QT', None, 35)
(1, 'NL', 2, 34)
(0, 'LT', None, (0.1316138540899042, 157))
(1, 'AG*', 6, 253)
(1, 'AG*', 2, 34)
(1, 'NL', 7, 61)
(1, 'NL', 6, 189)
(0, 'MT', None, (0.6632277081798085, 3))
------------------------------------------------
Explanations for AG* inclusion:
   Explanation for (1, 'AG*', 7, 61): []
   Explanation for (1, 'AG*', 6, 253): []
   Explanation for (1, 'AG*', 2, 34): []
------------------------------------------------
