VALID BALLOTS 5043
80 ballot checks required to assert that first winner has a quota's worth of votes
AUD TV 0.12835616438356165, ss 111
AG*(1,2) = 41
AG*(1,6) = 51
AG*(1,2) = 41
AG*(1,6) = 51
AG*(3,1) = 246
AG*(3,2) = 15
AG*(3,4) = 118
AG*(3,5) = 34
AG*(3,6) = 20
AG*(3,7) = 28
AG*(4,2) = 70
AG*(4,6) = 111
AG*(5,2) = 68
AG*(7,2) = 49
NL(1,2) = 41, AG*'s used 0
NL(1,6) = 51, AG*'s used 0
NL(1,4) NOT POSSIBLE
NL(1,5) NOT POSSIBLE
Max in loop inf, 0.12835616438356165
AUD TV 0.17835616438356167, ss 52
AG*(1,2) = 41
AG*(1,6) = 54
AG*(1,2) = 41
AG*(1,6) = 54
AG*(3,1) = 246
AG*(3,2) = 15
AG*(3,4) = 118
AG*(3,5) = 34
AG*(3,6) = 20
AG*(3,7) = 28
AG*(4,2) = 72
AG*(4,6) = 122
AG*(5,2) = 69
AG*(7,2) = 49
NL(1,2) = 41, AG*'s used 0
NL(1,6) = 54, AG*'s used 0
NL(1,4) NOT POSSIBLE
NL(1,5) NOT POSSIBLE
Max in loop inf, 0.17835616438356167
AUD TV 0.22835616438356166, ss 32
AG*(1,2) = 42
AG*(1,6) = 56
AG*(1,2) = 42
AG*(1,6) = 56
AG*(3,1) = 246
AG*(3,2) = 15
AG*(3,4) = 118
AG*(3,5) = 34
AG*(3,6) = 20
AG*(3,7) = 28
AG*(4,2) = 73
AG*(4,6) = 137
AG*(5,2) = 70
AG*(7,2) = 50
NL(1,2) = 42, AG*'s used 0
NL(1,6) = 56, AG*'s used 0
NL(1,4) NOT POSSIBLE
NL(1,5) NOT POSSIBLE
Max in loop inf, 0.22835616438356166
AUD TV 0.27835616438356164, ss 22
AG*(1,2) = 42
AG*(1,6) = 59
AG*(1,2) = 42
AG*(1,6) = 59
AG*(3,1) = 246
AG*(3,2) = 15
AG*(3,4) = 118
AG*(3,5) = 34
AG*(3,6) = 20
AG*(3,7) = 28
AG*(4,2) = 75
AG*(4,6) = 156
AG*(5,2) = 71
AG*(7,2) = 50
NL(1,2) = 42, AG*'s used 0
NL(1,6) = 59, AG*'s used 0
NL(1,4) NOT POSSIBLE
NL(1,5) NOT POSSIBLE
Max in loop inf, 0.27835616438356164
AUD TV 0.32835616438356163, ss 16
AG*(1,2) = 43
AG*(1,6) = 62
AG*(1,2) = 43
AG*(1,6) = 62
AG*(3,1) = 246
AG*(3,2) = 15
AG*(3,4) = 118
AG*(3,5) = 34
AG*(3,6) = 20
AG*(3,7) = 28
AG*(4,2) = 77
AG*(4,6) = 180
AG*(5,2) = 73
AG*(7,2) = 51
NL(1,2) = 43, AG*'s used 0
NL(1,6) = 62, AG*'s used 0
NL(1,4) NOT POSSIBLE
NL(1,5) NOT POSSIBLE
Max in loop inf, 0.32835616438356163
AUD TV 0.3783561643835616, ss 13
AG*(1,2) = 43
AG*(1,6) = 66
AG*(1,2) = 43
AG*(1,6) = 66
AG*(3,1) = 246
AG*(3,2) = 15
AG*(3,4) = 118
AG*(3,5) = 34
AG*(3,6) = 20
AG*(3,7) = 28
AG*(4,2) = 79
AG*(4,6) = 213
AG*(5,2) = 74
AG*(7,2) = 51
NL(1,2) = 43, AG*'s used 0
NL(1,6) = 66, AG*'s used 0
NL(1,4) NOT POSSIBLE
NL(1,5) NOT POSSIBLE
Max in loop inf, 0.3783561643835616
AUD TV 0.4283561643835616, ss 10
AG*(1,2) = 44
AG*(1,6) = 70
AG*(1,2) = 44
AG*(1,6) = 70
AG*(3,1) = 246
AG*(3,2) = 15
AG*(3,4) = 118
AG*(3,5) = 34
AG*(3,6) = 20
AG*(3,7) = 28
AG*(4,2) = 80
AG*(4,6) = 262
AG*(5,2) = 75
AG*(7,2) = 52
NL(1,2) = 44, AG*'s used 0
NL(1,6) = 70, AG*'s used 0
NL(1,4) NOT POSSIBLE
NL(1,5) NOT POSSIBLE
Max in loop inf, 0.4283561643835616
AUD TV 0.4783561643835616, ss 8
AG*(1,2) = 44
AG*(1,6) = 74
AG*(1,2) = 44
AG*(1,6) = 74
AG*(3,1) = 246
AG*(3,2) = 15
AG*(3,4) = 118
AG*(3,5) = 34
AG*(3,6) = 20
AG*(3,7) = 28
AG*(4,2) = 82
AG*(4,6) = 338
AG*(5,2) = 76
AG*(7,2) = 52
NL(1,2) = 44, AG*'s used 0
NL(1,6) = 74, AG*'s used 0
NL(1,4) NOT POSSIBLE
NL(1,5) NOT POSSIBLE
Max in loop inf, 0.4783561643835616
AUD TV 0.5283561643835616, ss 6
AG*(1,2) = 45
AG*(1,6) = 79
AG*(1,2) = 45
AG*(1,6) = 79
AG*(3,1) = 246
AG*(3,2) = 15
AG*(3,4) = 118
AG*(3,5) = 34
AG*(3,6) = 20
AG*(3,7) = 28
AG*(4,2) = 84
AG*(4,6) = 546
AG*(5,2) = 77
AG*(7,2) = 53
NL(1,2) = 45, AG*'s used 0
NL(1,6) = 79, AG*'s used 0
NL(1,4) NOT POSSIBLE
NL(1,5) NOT POSSIBLE
Max in loop inf, 0.5283561643835616
AUD TV 0.5783561643835616, ss 5
AG*(1,2) = 46
AG*(1,6) = 85
AG*(1,2) = 46
AG*(1,6) = 85
AG*(3,1) = 246
AG*(3,2) = 15
AG*(3,4) = 118
AG*(3,5) = 34
AG*(3,6) = 20
AG*(3,7) = 28
AG*(4,2) = 87
AG*(4,6) = 1152
AG*(5,2) = 79
AG*(7,2) = 53
NL(1,2) = 46, AG*'s used 0
NL(1,6) = 85, AG*'s used 0
NL(1,4) NOT POSSIBLE
NL(1,5) NOT POSSIBLE
Max in loop inf, 0.5783561643835616
AUD TV 0.6283561643835617, ss 4
AG*(1,2) = 46
AG*(1,6) = 91
AG*(1,2) = 46
AG*(1,6) = 91
AG*(3,1) = 246
AG*(3,2) = 15
AG*(3,4) = 118
AG*(3,5) = 34
AG*(3,6) = 20
AG*(3,7) = 28
AG*(4,2) = 89
AG*(4,6) = 5043
AG*(5,2) = 80
AG*(7,2) = 54
NL(1,2) = 46, AG*'s used 0
NL(1,6) = 91, AG*'s used 0
NL(1,4) NOT POSSIBLE
NL(1,5) NOT POSSIBLE
Max in loop inf, 0.6283561643835617
Sample size to show min tv of 0.03917808219178082 is 154
AUD TV 0.12835616438356165, ss 111
AG*(1,2) = 40
AG*(1,6) = 50
AG*(1,2) = 40
AG*(1,6) = 50
AG*(3,1) = 246
AG*(3,2) = 15
AG*(3,4) = 118
AG*(3,5) = 34
AG*(3,6) = 20
AG*(3,7) = 28
AG*(4,2) = 69
AG*(4,6) = 108
AG*(5,2) = 66
AG*(7,2) = 47
NL(1,2) = 40, AG*'s used 0
NL(1,6) = 50, AG*'s used 40
NL(1,4) NOT POSSIBLE
NL(1,5) NOT POSSIBLE
Max in loop inf, 0.12835616438356165
AUD TV 0.17835616438356167, ss 52
AG*(1,2) = 41
AG*(1,6) = 52
AG*(1,2) = 41
AG*(1,6) = 52
AG*(3,1) = 246
AG*(3,2) = 15
AG*(3,4) = 118
AG*(3,5) = 34
AG*(3,6) = 20
AG*(3,7) = 28
AG*(4,2) = 71
AG*(4,6) = 119
AG*(5,2) = 67
AG*(7,2) = 47
NL(1,2) = 41, AG*'s used 0
NL(1,6) = 52, AG*'s used 41
NL(1,4) NOT POSSIBLE
NL(1,5) NOT POSSIBLE
Max in loop inf, 0.17835616438356167
AUD TV 0.22835616438356166, ss 32
AG*(1,2) = 41
AG*(1,6) = 55
AG*(1,2) = 41
AG*(1,6) = 55
AG*(3,1) = 246
AG*(3,2) = 15
AG*(3,4) = 118
AG*(3,5) = 34
AG*(3,6) = 20
AG*(3,7) = 28
AG*(4,2) = 72
AG*(4,6) = 133
AG*(5,2) = 68
AG*(7,2) = 48
NL(1,2) = 41, AG*'s used 0
NL(1,6) = 55, AG*'s used 41
NL(1,4) NOT POSSIBLE
NL(1,5) NOT POSSIBLE
Max in loop inf, 0.22835616438356166
AUD TV 0.27835616438356164, ss 22
AG*(1,2) = 41
AG*(1,6) = 58
AG*(1,2) = 41
AG*(1,6) = 58
AG*(3,1) = 246
AG*(3,2) = 15
AG*(3,4) = 118
AG*(3,5) = 34
AG*(3,6) = 20
AG*(3,7) = 28
AG*(4,2) = 74
AG*(4,6) = 150
AG*(5,2) = 69
AG*(7,2) = 48
NL(1,2) = 41, AG*'s used 0
NL(1,6) = 57, AG*'s used 41
NL(1,4) NOT POSSIBLE
NL(1,5) NOT POSSIBLE
Max in loop inf, 0.27835616438356164
AUD TV 0.32835616438356163, ss 16
AG*(1,2) = 42
AG*(1,6) = 61
AG*(1,2) = 42
AG*(1,6) = 61
AG*(3,1) = 246
AG*(3,2) = 15
AG*(3,4) = 118
AG*(3,5) = 34
AG*(3,6) = 20
AG*(3,7) = 28
AG*(4,2) = 75
AG*(4,6) = 172
AG*(5,2) = 70
AG*(7,2) = 49
NL(1,2) = 42, AG*'s used 0
NL(1,6) = 60, AG*'s used 42
NL(1,4) NOT POSSIBLE
NL(1,5) NOT POSSIBLE
Max in loop inf, 0.32835616438356163
AUD TV 0.3783561643835616, ss 13
AG*(1,2) = 42
AG*(1,6) = 64
AG*(1,2) = 42
AG*(1,6) = 64
AG*(3,1) = 246
AG*(3,2) = 15
AG*(3,4) = 118
AG*(3,5) = 34
AG*(3,6) = 20
AG*(3,7) = 28
AG*(4,2) = 77
AG*(4,6) = 203
AG*(5,2) = 71
AG*(7,2) = 49
NL(1,2) = 42, AG*'s used 0
NL(1,6) = 64, AG*'s used 42
NL(1,4) NOT POSSIBLE
NL(1,5) NOT POSSIBLE
Max in loop inf, 0.3783561643835616
AUD TV 0.4283561643835616, ss 10
AG*(1,2) = 43
AG*(1,6) = 68
AG*(1,2) = 43
AG*(1,6) = 68
AG*(3,1) = 246
AG*(3,2) = 15
AG*(3,4) = 118
AG*(3,5) = 34
AG*(3,6) = 20
AG*(3,7) = 28
AG*(4,2) = 79
AG*(4,6) = 246
AG*(5,2) = 72
AG*(7,2) = 50
NL(1,2) = 43, AG*'s used 0
NL(1,6) = 68, AG*'s used 43
NL(1,4) NOT POSSIBLE
NL(1,5) NOT POSSIBLE
Max in loop inf, 0.4283561643835616
AUD TV 0.4783561643835616, ss 8
AG*(1,2) = 44
AG*(1,6) = 72
AG*(1,2) = 44
AG*(1,6) = 72
AG*(3,1) = 246
AG*(3,2) = 15
AG*(3,4) = 118
AG*(3,5) = 34
AG*(3,6) = 20
AG*(3,7) = 28
AG*(4,2) = 81
AG*(4,6) = 312
AG*(5,2) = 74
AG*(7,2) = 50
NL(1,2) = 44, AG*'s used 0
NL(1,6) = 72, AG*'s used 44
NL(1,4) NOT POSSIBLE
NL(1,5) NOT POSSIBLE
Max in loop inf, 0.4783561643835616
AUD TV 0.5283561643835616, ss 6
AG*(1,2) = 44
AG*(1,6) = 76
AG*(1,2) = 44
AG*(1,6) = 76
AG*(3,1) = 246
AG*(3,2) = 15
AG*(3,4) = 118
AG*(3,5) = 34
AG*(3,6) = 20
AG*(3,7) = 28
AG*(4,2) = 83
AG*(4,6) = 489
AG*(5,2) = 75
AG*(7,2) = 50
NL(1,2) = 44, AG*'s used 0
NL(1,6) = 76, AG*'s used 44
NL(1,4) NOT POSSIBLE
NL(1,5) NOT POSSIBLE
Max in loop inf, 0.5283561643835616
AUD TV 0.5783561643835616, ss 5
AG*(1,2) = 45
AG*(1,6) = 82
AG*(1,2) = 45
AG*(1,6) = 82
AG*(3,1) = 246
AG*(3,2) = 15
AG*(3,4) = 118
AG*(3,5) = 34
AG*(3,6) = 20
AG*(3,7) = 28
AG*(4,2) = 85
AG*(4,6) = 870
AG*(5,2) = 76
AG*(7,2) = 51
NL(1,2) = 45, AG*'s used 0
NL(1,6) = 82, AG*'s used 45
NL(1,4) NOT POSSIBLE
NL(1,5) NOT POSSIBLE
Max in loop inf, 0.5783561643835616
AUD TV 0.6283561643835617, ss 4
AG*(1,2) = 45
AG*(1,6) = 88
AG*(1,2) = 45
AG*(1,6) = 88
AG*(3,1) = 246
AG*(3,2) = 15
AG*(3,4) = 118
AG*(3,5) = 34
AG*(3,6) = 20
AG*(3,7) = 28
AG*(4,2) = 87
AG*(4,6) = 4115
AG*(5,2) = 77
AG*(7,2) = 51
NL(1,2) = 45, AG*'s used 0
NL(1,6) = 88, AG*'s used 45
NL(1,4) NOT POSSIBLE
NL(1,5) NOT POSSIBLE
Max in loop inf, 0.6283561643835617
New mintv = 0.08917808219178083
Sample size required for audit is inf ballots
------------------------------------------------
Assertion set BEFORE filtering:
(0, 'NL', 5, 88)
(2, 'MT', None, (0.6283561643835617, 4))
(0, 'NL', 1, 45)
(0, 'AG*', 5, 88)
(0, 'AG*', 1, 45)
(2, 'LT', None, (0.03917808219178082, 154))
(2, 'QT', None, 80)
------------------------------------------------
Final set of assertions AFTER filtering:
(0, 'NL', 5, 88)
(2, 'MT', None, (0.6283561643835617, 4))
(0, 'NL', 1, 45)
(0, 'AG*', 5, 88)
(0, 'AG*', 1, 45)
(2, 'LT', None, (0.03917808219178082, 154))
(2, 'QT', None, 80)
------------------------------------------------
Explanations for AG* inclusion:
   Explanation for (0, 'AG*', 5, 88): []
   Explanation for (0, 'AG*', 1, 45): []
------------------------------------------------
