VALID BALLOTS 3307
Winner 6
Winner 7
Computing AG relationships
6 AG 1 = 29
6 AG 5 = 77
6 AG 3 = 43
6 AG 2 = 235
6 AG 4 = 51
7 AG 1 = 37
7 AG 5 = 38
7 AG 3 = 175
Ruling out candidates: [(1, 37), (5, 77), (3, 175)]
STAGE 1 ASN (Ruling out candidates): 175
ALTERNATE OUTCOME PAIR: 6,2
   (1) can we show that 7 NL 2?
        a. margin -0.01199475859288357
      no
   (1) can we show that 7 NL 6?
        a. margin -0.1660114907771394
      no
   (1) can we show that 4 NL 2?
        a. margin -0.23918959782280147
      no
   (1) can we show that 4 NL 6?
        a. margin -0.40943453280919273
      no

ALTERNATE OUTCOME PAIR: 6,4
   (1) can we show that 2 NL 4?
        a. margin -0.09595806874307067
      no
   (1) can we show that 2 NL 6?
        a. margin -0.38393307126297793
      no
   (1) can we show that 7 NL 4?
        a. margin 0.020260054429996233
      yes, 103, ags used 38 = 103
   (1) can we show that 7 NL 6?
        a. margin -0.16853139804455175
      no
      Best assertion(s) require sample: 103

ALTERNATE OUTCOME PAIR: 2,7
   (1) can we show that 6 NL 7?
        a. margin 0.034270738836810644
      yes, 78, ags used 77 = 78
   (1) can we show that 6 NL 2?
        a. margin 0.0381009978832787
      yes, 39, ags used 51 = 51
   (1) can we show that 4 NL 7?
        a. margin -0.29694587239189596
      no
   (1) can we show that 4 NL 2?
        a. margin -0.036286664650740263
      no
      Best assertion(s) require sample: 51

ALTERNATE OUTCOME PAIR: 2,4
   (1) can we show that 6 NL 4?
        a. margin 0.09474851325471212
      yes, 36, ags used 43 = 43
   (1) can we show that 6 NL 2?
        a. margin 0.03537949803447238
      yes, 69, ags used 43 = 69
   (1) can we show that 7 NL 4?
        a. margin 0.006954944058058743
      yes, 40, ags used 51 = 51
   (1) can we show that 7 NL 2?
        a. margin 0.12095554883580295
      yes, 37, ags used 235 = 235
      Best assertion(s) require sample: 43

ALTERNATE OUTCOME PAIR: 7,4
   (1) can we show that 6 NL 4?
        a. margin 0.0910190504989421
      yes, 37, ags used 43 = 43
   (1) can we show that 6 NL 7?
        a. margin 0.002116722104626545
      yes, 55, ags used 235 = 235
   (1) can we show that 2 NL 4?
        a. margin -0.04777744179014143
      no
   (1) can we show that 2 NL 7?
        a. margin -0.28102005846184874
      no
      Best assertion(s) require sample: 43

RULE OUT PAIR STAGE ASN 103
------------------------------------------------
EXAMINING WAYS TO REDUCE COST OF AUDIT
ALTERNATE OUTCOME PAIR: 3,6
   (1) can we show that 2 NL 6?
        a. margin -0.3907872190303401
      no
   (1) can we show that 2 NL 3?
        a. margin -0.013909888116117708
      no
   (1) can we show that 7 NL 6?
        a. margin -0.19191613748614056
      no
   (1) can we show that 7 NL 3?
        a. margin 0.0522124785807867
      yes, 59, ags used 38 = 59
   (1) can we show that 4 NL 6?
        a. margin -0.4252595504485436
      no
   (1) can we show that 4 NL 3?
        a. margin 0.007962906965023553
      yes, 691, ags used 175 = 691
      Best assertion(s) require sample: 59

ALTERNATE OUTCOME PAIR: 3,2
   (1) can we show that 6 NL 2?
        a. margin 0.02348553573228518
      yes, 62, ags used 51 = 62
   (1) can we show that 6 NL 3?
        a. margin 0.1121862715452071
      yes, 37, ags used 29 = 37
   (1) can we show that 7 NL 2?
        a. margin 0.09918355004535839
      yes, 46, ags used 235 = 235
   (1) can we show that 7 NL 3?
        a. margin 0.038504183046063734
      yes, 25, ags used 43 = 43
   (1) can we show that 4 NL 2?
        a. margin -0.05100292309243015
      no
   (1) can we show that 4 NL 3?
        a. margin 0.019050498941638905
      yes, 61, ags used 175 = 175
      Best assertion(s) require sample: 37

ALTERNATE OUTCOME PAIR: 3,7
   (1) can we show that 6 NL 7?
        a. margin 0.003527870174377723
      yes, 216, ags used 77 = 216
   (1) can we show that 6 NL 3?
        a. margin 0.12024997480092803
      yes, 35, ags used 29 = 35
   (1) can we show that 2 NL 7?
        a. margin -0.2787017437758291
      no
   (1) can we show that 2 NL 3?
        a. margin 0.010180425360347689
      yes, 430, ags used 43 = 430
   (1) can we show that 4 NL 7?
        a. margin -0.3033968349964721
      no
   (1) can we show that 4 NL 3?
        a. margin 0.0277189799415396
      yes, 163, ags used 43 = 163
      Best assertion(s) require sample: 35

ALTERNATE OUTCOME PAIR: 3,4
   (1) can we show that 6 NL 4?
        a. margin 0.09192621711521021
      yes, 44, ags used 29 = 44
   (1) can we show that 6 NL 3?
        a. margin 0.1147061788126198
      yes, 36, ags used 29 = 36
   (1) can we show that 2 NL 4?
        a. margin -0.04707186775526673
      no
   (1) can we show that 2 NL 3?
        a. margin 0.004737425662735273
      yes, 102, ags used 175 = 175
   (1) can we show that 7 NL 4?
        a. margin 0.001411148069751178
      yes, 41, ags used 51 = 51
   (1) can we show that 7 NL 3?
        a. margin 0.04263683096462101
      yes, 24, ags used 43 = 43
      Best assertion(s) require sample: 36

2 ruled out by pairs, sample size 59
STAGE 1 ASN NOW 77
NEW RULE OUT PAIR STAGE ASN 103
------------------------------------------------
Alternate outcome cannot be ruled out: 6,2
Full audit not possible
PARTIAL audit sample size: 103
------------------------------------------------
Final set of assertions generated:
6 NL 3 = 37 [rules out (3, 2), G = {0}, O = set()]
7 NL 3 = 59 [rules out (3, 6), G = {0, 4}, O = set()]
6 NL 4 = 43 [rules out (2, 4), G = {0, 2}, O = set()]

6 NL 4 = 43 [rules out (7, 4), G = {0, 2}, O = set()]

(5, 'AG', 3, 51)
(5, 'AG', 4, 77)
7 NL 4 = 103 [rules out (6, 4), G = {0, 4}, O = set()]

(6, 'AG', 0, 37)
6 NL 2 = 51 [rules out (2, 7), G = {0, 2, 3}, O = set()]
(5, 'AG', 2, 43)
6 NL 3 = 35 [rules out (3, 7), G = {0}, O = set()]
(6, 'AG', 4, 38)
6 NL 3 = 36 [rules out (3, 4), G = {0}, O = set()]
(5, 'AG', 0, 29)
[6] are verified winners with these assertions.
[2, 7] remain as potential winners in this audit.
------------------------------------------------
