VALID BALLOTS 3825
Winner 6
Winner 3
Computing AG relationships
2 AG 8 = 1055
2 AG 4 = 114
2 AG 1 = 2008
6 AG 8 = 2387
6 AG 1 = 125
Ruling out candidates: [(8, 2387), (1, 2008)]
STAGE 1 ASN (Ruling out candidates): 2387
ALTERNATE OUTCOME PAIR: 4,5
   (1) can we show that 7 NL 5?
        a. margin -0.25254901960784293
      no
   (1) can we show that 7 NL 4?
        a. margin 0.058300653594770324
      yes, 78, ags used 114 = 114
   (1) can we show that 2 NL 5?
        a. margin -0.127058823529412
      no
   (1) can we show that 2 NL 4?
        a. margin 0.04479302832244114
      yes, 101, ags used 0 = 101
   (1) can we show that 6 NL 5?
        a. margin -0.10858387799564251
      no
   (1) can we show that 6 NL 4?
        a. margin 0.1271459694989101
      yes, 35, ags used 114 = 114
   (1) can we show that 3 NL 5?
        a. margin -0.06448801742919352
      no
   (1) can we show that 3 NL 4?
        a. margin 0.05028322440087152
      yes, 90, ags used 114 = 114
      Best assertion(s) require sample: 101

ALTERNATE OUTCOME PAIR: 4,7
   (1) can we show that 5 NL 7?
        a. margin -0.17586056644880177
      no
   (1) can we show that 5 NL 4?
        a. margin 0.029106753812638386
      yes, 155, ags used 114 = 155
   (1) can we show that 2 NL 7?
        a. margin -0.03642701525054448
      no
   (1) can we show that 2 NL 4?
        a. margin 0.049324618736384496
      yes, 92, ags used 0 = 92
   (1) can we show that 6 NL 7?
        a. margin -0.00034858387799552304
      no
   (1) can we show that 6 NL 4?
        a. margin 0.1297603485838792
      yes, 35, ags used 114 = 114
   (1) can we show that 3 NL 7?
        a. margin -0.14945533769063157
      no
   (1) can we show that 3 NL 4?
        a. margin 0.05925925925926179
      yes, 77, ags used 114 = 114
      Best assertion(s) require sample: 92

ALTERNATE OUTCOME PAIR: 4,2
   (1) can we show that 5 NL 2?
        a. margin -0.2708496732026142
      no
   (1) can we show that 5 NL 4?
        a. margin -0.11607843137254892
      no
   (1) can we show that 7 NL 2?
        a. margin -0.27276688453159037
      no
   (1) can we show that 7 NL 4?
        a. margin -0.10501089324618751
      no
   (1) can we show that 6 NL 2?
        a. margin -0.11703703703703683
      no
   (1) can we show that 6 NL 4?
        a. margin 0.017254901960784164
      yes, 159, ags used 125 = 159
   (1) can we show that 3 NL 2?
        a. margin -0.24148148148148185
      no
   (1) can we show that 3 NL 4?
        a. margin -0.08226579520697153
      no
      Best assertion(s) require sample: 159

ALTERNATE OUTCOME PAIR: 4,6
   (1) can we show that 5 NL 6?
        a. margin -0.28104575163398715
      no
   (1) can we show that 5 NL 4?
        a. margin 0.029542483660134122
      yes, 153, ags used 114 = 153
   (1) can we show that 7 NL 6?
        a. margin -0.30649237472766866
      no
   (1) can we show that 7 NL 4?
        a. margin 0.062135076252721744
      yes, 73, ags used 114 = 114
   (1) can we show that 2 NL 6?
        a. margin -0.18117647058823483
      no
   (1) can we show that 2 NL 4?
        a. margin 0.05106753812636389
      yes, 89, ags used 0 = 89
   (1) can we show that 3 NL 6?
        a. margin -0.2540305010893249
      no
   (1) can we show that 3 NL 4?
        a. margin 0.05986928104575506
      yes, 76, ags used 114 = 114
      Best assertion(s) require sample: 89

ALTERNATE OUTCOME PAIR: 4,3
   (1) can we show that 5 NL 3?
        a. margin -0.14579520697167736
      no
   (1) can we show that 5 NL 4?
        a. margin 0.021263616557734233
      yes, 212, ags used 114 = 212
   (1) can we show that 7 NL 3?
        a. margin -0.24566448801742902
      no
   (1) can we show that 7 NL 4?
        a. margin 0.06013071895424904
      yes, 75, ags used 114 = 114
   (1) can we show that 2 NL 3?
        a. margin -0.1243572984749457
      no
   (1) can we show that 2 NL 4?
        a. margin 0.04662309368191697
      yes, 97, ags used 0 = 97
   (1) can we show that 6 NL 3?
        a. margin -0.10692810457516333
      no
   (1) can we show that 6 NL 4?
        a. margin 0.1287145969498913
      yes, 35, ags used 114 = 114
      Best assertion(s) require sample: 97

ALTERNATE OUTCOME PAIR: 5,7
   (1) can we show that 4 NL 7?
        a. margin -0.24714596949891
      no
   (1) can we show that 4 NL 5?
        a. margin -0.34823529411764687
      no
   (1) can we show that 2 NL 7?
        a. margin -0.013681917211328165
      no
   (1) can we show that 2 NL 5?
        a. margin -0.1041394335511977
      no
   (1) can we show that 6 NL 7?
        a. margin -0.0012200435729849968
      no
   (1) can we show that 6 NL 5?
        a. margin -0.10962962962962919
      no
   (1) can we show that 3 NL 7?
        a. margin -0.1518954248366009
      no
   (1) can we show that 3 NL 5?
        a. margin -0.06370370370370293
      no

ALTERNATE OUTCOME PAIR: 5,2
   (1) can we show that 4 NL 2?
        a. margin -0.3987799564270157
      no
   (1) can we show that 4 NL 5?
        a. margin -0.3378649237472766
      no
   (1) can we show that 7 NL 2?
        a. margin -0.264923747276688
      no
   (1) can we show that 7 NL 5?
        a. margin -0.2372984749455338
      no
   (1) can we show that 6 NL 2?
        a. margin -0.11416122004357288
      no
   (1) can we show that 6 NL 5?
        a. margin -0.09664488017429207
      no
   (1) can we show that 3 NL 2?
        a. margin -0.2486274509803924
      no
   (1) can we show that 3 NL 5?
        a. margin -0.057864923747276364
      no

ALTERNATE OUTCOME PAIR: 5,6
   (1) can we show that 4 NL 6?
        a. margin -0.40557734204793117
      no
   (1) can we show that 4 NL 5?
        a. margin -0.33141612200435844
      no
   (1) can we show that 7 NL 6?
        a. margin -0.2919389978213518
      no
   (1) can we show that 7 NL 5?
        a. margin -0.2352941176470602
      no
   (1) can we show that 2 NL 6?
        a. margin -0.14684095860566293
      no
   (1) can we show that 2 NL 5?
        a. margin -0.09010893246187202
      no
   (1) can we show that 3 NL 6?
        a. margin -0.25559912854030464
      no
   (1) can we show that 3 NL 5?
        a. margin -0.05159041394335273
      no

ALTERNATE OUTCOME PAIR: 5,3
   (1) can we show that 4 NL 3?
        a. margin -0.3100653594771252
      no
   (1) can we show that 4 NL 5?
        a. margin -0.30239651416121927
      no
   (1) can we show that 7 NL 3?
        a. margin -0.20871459694989059
      no
   (1) can we show that 7 NL 5?
        a. margin -0.20662309368191645
      no
   (1) can we show that 2 NL 3?
        a. margin -0.06448801742919497
      no
   (1) can we show that 2 NL 5?
        a. margin -0.059172113289761685
      no
   (1) can we show that 6 NL 3?
        a. margin -0.07119825708061045
      no
   (1) can we show that 6 NL 5?
        a. margin -0.06405228758169867
      no

ALTERNATE OUTCOME PAIR: 7,2
   (1) can we show that 4 NL 2?
        a. margin -0.3956427015250541
      no
   (1) can we show that 4 NL 7?
        a. margin -0.23851851851851824
      no
   (1) can we show that 5 NL 2?
        a. margin -0.25917211328975776
      no
   (1) can we show that 5 NL 7?
        a. margin -0.16339869281045716
      no
   (1) can we show that 6 NL 2?
        a. margin -0.11111111111110972
      no
   (1) can we show that 6 NL 7?
        a. margin 2.220446049250313e-16
      yes, 472, ags used 125 = 472
   (1) can we show that 3 NL 2?
        a. margin -0.2294553376906292
      no
   (1) can we show that 3 NL 7?
        a. margin -0.13708061002178618
      no
      Best assertion(s) require sample: 472

ALTERNATE OUTCOME PAIR: 7,6
   (1) can we show that 4 NL 6?
        a. margin -0.4020915032679736
      no
   (1) can we show that 4 NL 7?
        a. margin -0.22919389978213245
      no
   (1) can we show that 5 NL 6?
        a. margin -0.2625708061002152
      no
   (1) can we show that 5 NL 7?
        a. margin -0.15721132897603152
      no
   (1) can we show that 2 NL 6?
        a. margin -0.1442265795206954
      no
   (1) can we show that 2 NL 7?
        a. margin 0.0006971677559934886
      yes, 3825, ags used 2008 = 3825
   (1) can we show that 3 NL 6?
        a. margin -0.23555555555555285
      no
   (1) can we show that 3 NL 7?
        a. margin -0.13019607843136916
      no
      Best assertion(s) require sample: 3825

ALTERNATE OUTCOME PAIR: 7,3
   (1) can we show that 4 NL 3?
        a. margin -0.34788671023965134
      no
   (1) can we show that 4 NL 7?
        a. margin -0.24644880174291972
      no
   (1) can we show that 5 NL 3?
        a. margin -0.14318082788670894
      no
   (1) can we show that 5 NL 7?
        a. margin -0.17856209150326796
      no
   (1) can we show that 2 NL 3?
        a. margin -0.1019607843137249
      no
   (1) can we show that 2 NL 7?
        a. margin -0.013943355119825362
      no
   (1) can we show that 6 NL 3?
        a. margin -0.10762527233115415
      no
   (1) can we show that 6 NL 7?
        a. margin -0.00026143790849697535
      no

ALTERNATE OUTCOME PAIR: 2,6
   (1) can we show that 4 NL 6?
        a. margin -0.4047058823529407
      no
   (1) can we show that 4 NL 2?
        a. margin -0.3845751633986947
      no
   (1) can we show that 5 NL 6?
        a. margin -0.2617864923747273
      no
   (1) can we show that 5 NL 2?
        a. margin -0.25037037037036947
      no
   (1) can we show that 7 NL 6?
        a. margin -0.2854901960784315
      no
   (1) can we show that 7 NL 2?
        a. margin -0.25324618736383664
      no
   (1) can we show that 3 NL 6?
        a. margin -0.23468409586056604
      no
   (1) can we show that 3 NL 2?
        a. margin -0.22074074074073646
      no

ALTERNATE OUTCOME PAIR: 2,3
   (1) can we show that 4 NL 3?
        a. margin -0.33594771241830057
      no
   (1) can we show that 4 NL 2?
        a. margin -0.3958169934640522
      no
   (1) can we show that 5 NL 3?
        a. margin -0.13159041394335513
      no
   (1) can we show that 5 NL 2?
        a. margin -0.2765141612200436
      no
   (1) can we show that 7 NL 3?
        a. margin -0.22962962962962963
      no
   (1) can we show that 7 NL 2?
        a. margin -0.26108932461873624
      no
   (1) can we show that 6 NL 3?
        a. margin -0.09446623093681938
      no
   (1) can we show that 6 NL 2?
        a. margin -0.1113725490196078
      no

RULE OUT PAIR STAGE ASN 3825
------------------------------------------------
Alternate outcome cannot be ruled out: 5,7
Alternate outcome cannot be ruled out: 5,2
Alternate outcome cannot be ruled out: 5,6
Alternate outcome cannot be ruled out: 5,3
Alternate outcome cannot be ruled out: 7,3
Alternate outcome cannot be ruled out: 2,6
Alternate outcome cannot be ruled out: 2,3
Full audit not possible
PARTIAL audit sample size: 3825
------------------------------------------------
Final set of assertions generated:
2 NL 4 = 101 [rules out (4, 5), G = set(), O = set()]
2 NL 4 = 97 [rules out (4, 3), G = set(), O = set()]
2 NL 7 = 3825 [rules out (7, 6), G = {0, 3, 7}, O = set()]
(1, 'AG', 0, 2008)
(5, 'AG', 0, 125)
2 NL 4 = 89 [rules out (4, 6), G = set(), O = set()]
6 NL 4 = 159 [rules out (4, 2), G = {0}, O = set()]
(1, 'AG', 3, 114)
2 NL 4 = 92 [rules out (4, 7), G = set(), O = set()]
(5, 'AG', 7, 2387)
(1, 'AG', 7, 1055)
6 NL 7 = 472 [rules out (7, 2), G = {0}, O = set()]
[] are verified winners with these assertions.
[2, 3, 5, 6, 7] remain as potential winners in this audit.
------------------------------------------------
