VALID BALLOTS 4360
Winner 1
Winner 3
Computing AG relationships
1 AG 4 = 37
1 AG 5 = 269
1 AG 6 = 158
3 AG 4 = 580
Ruling out candidates: [(4, 580)]
STAGE 1 ASN (Ruling out candidates): 580
ALTERNATE OUTCOME PAIR: 5,6
   (1) can we show that 1 NL 6?
        a. margin 0.03287461773700229
      yes, 127, ags used 37 = 127
   (1) can we show that 1 NL 5?
        a. margin 0.01972477064220146
      yes, 199, ags used 37 = 199
   (1) can we show that 2 NL 6?
        a. margin -0.08226299694189543
      no
   (1) can we show that 2 NL 5?
        a. margin -0.03371559633027521
      no
   (1) can we show that 3 NL 6?
        a. margin -0.007415902140672559
      no
   (1) can we show that 3 NL 5?
        a. margin -0.014143730886849837
      no
      Best assertion(s) require sample: 127

ALTERNATE OUTCOME PAIR: 5,1
   (1) can we show that 6 NL 1?
        a. margin -0.2383792048929667
      no
   (1) can we show that 6 NL 5?
        a. margin -0.13126911314984713
      no
   (1) can we show that 2 NL 1?
        a. margin -0.35458715596330204
      no
   (1) can we show that 2 NL 5?
        a. margin -0.11444954128440366
      no
   (1) can we show that 3 NL 1?
        a. margin -0.29411314984709436
      no
   (1) can we show that 3 NL 5?
        a. margin -0.09480122324159024
      no

ALTERNATE OUTCOME PAIR: 5,2
   (1) can we show that 6 NL 2?
        a. margin -0.14785932721712491
      no
   (1) can we show that 6 NL 5?
        a. margin -0.07171253822630008
      no
   (1) can we show that 1 NL 2?
        a. margin 0.11185015290519895
      yes, 40, ags used 158 = 158
   (1) can we show that 1 NL 5?
        a. margin 0.037996941896025094
      yes, 111, ags used 37 = 111
   (1) can we show that 3 NL 2?
        a. margin -0.11238532110091681
      no
   (1) can we show that 3 NL 5?
        a. margin -0.0008409785932724789
      no
      Best assertion(s) require sample: 111

ALTERNATE OUTCOME PAIR: 5,3
   (1) can we show that 6 NL 3?
        a. margin -0.14357798165137559
      no
   (1) can we show that 6 NL 5?
        a. margin -0.07882262996941913
      no
   (1) can we show that 1 NL 3?
        a. margin 0.10321100917431236
      yes, 44, ags used 158 = 158
   (1) can we show that 1 NL 5?
        a. margin 0.032033639143731474
      yes, 130, ags used 37 = 130
   (1) can we show that 2 NL 3?
        a. margin -0.1900611620795103
      no
   (1) can we show that 2 NL 5?
        a. margin -0.026834862385320735
      no
      Best assertion(s) require sample: 130

ALTERNATE OUTCOME PAIR: 6,1
   (1) can we show that 5 NL 1?
        a. margin -0.34640672782874593
      no
   (1) can we show that 5 NL 6?
        a. margin -0.2834097859327216
      no
   (1) can we show that 2 NL 1?
        a. margin -0.321788990825688
      no
   (1) can we show that 2 NL 6?
        a. margin -0.2587155963302751
      no
   (1) can we show that 3 NL 1?
        a. margin -0.2678899082568805
      no
   (1) can we show that 3 NL 6?
        a. margin -0.18333333333333324
      no

ALTERNATE OUTCOME PAIR: 6,2
   (1) can we show that 5 NL 2?
        a. margin -0.1886850152905193
      no
   (1) can we show that 5 NL 6?
        a. margin -0.11360856269113129
      no
   (1) can we show that 1 NL 2?
        a. margin 0.010779816513760698
      yes, 472, ags used 269 = 472
   (1) can we show that 1 NL 6?
        a. margin 0.03455657492354769
      yes, 121, ags used 37 = 121
   (1) can we show that 3 NL 2?
        a. margin -0.12094801223241547
      no
   (1) can we show that 3 NL 6?
        a. margin -0.006345565749235282
      no
      Best assertion(s) require sample: 121

ALTERNATE OUTCOME PAIR: 6,3
   (1) can we show that 5 NL 3?
        a. margin -0.21521406727828718
      no
   (1) can we show that 5 NL 6?
        a. margin -0.10160550458715634
      no
   (1) can we show that 1 NL 3?
        a. margin 0.01567278287461704
      yes, 287, ags used 269 = 287
   (1) can we show that 1 NL 6?
        a. margin 0.046941896024465635
      yes, 91, ags used 37 = 91
   (1) can we show that 2 NL 3?
        a. margin -0.1757645259938836
      no
   (1) can we show that 2 NL 6?
        a. margin -0.06857798165137574
      no
      Best assertion(s) require sample: 91

ALTERNATE OUTCOME PAIR: 1,2
   (1) can we show that 5 NL 2?
        a. margin -0.18440366972477062
      no
   (1) can we show that 5 NL 1?
        a. margin -0.3826452599388378
      no
   (1) can we show that 6 NL 2?
        a. margin -0.1570336391437308
      no
   (1) can we show that 6 NL 1?
        a. margin -0.24051987767584104
      no
   (1) can we show that 3 NL 2?
        a. margin -0.11261467889908261
      no
   (1) can we show that 3 NL 1?
        a. margin -0.29793577981651376
      no

ALTERNATE OUTCOME PAIR: 2,3
   (1) can we show that 5 NL 3?
        a. margin -0.22285932721712565
      no
   (1) can we show that 5 NL 2?
        a. margin -0.18203363914373138
      no
   (1) can we show that 6 NL 3?
        a. margin -0.13654434250764558
      no
   (1) can we show that 6 NL 2?
        a. margin -0.1485474006116213
      no
   (1) can we show that 1 NL 3?
        a. margin 0.11200305810397615
      yes, 40, ags used 158 = 158
   (1) can we show that 1 NL 2?
        a. margin 0.11353211009174413
      yes, 40, ags used 158 = 158
      Best assertion(s) require sample: 158

RULE OUT PAIR STAGE ASN 158
------------------------------------------------
EXAMINING WAYS TO REDUCE COST OF AUDIT
ALTERNATE OUTCOME PAIR: 4,5
   (1) can we show that 6 NL 5?
        a. margin -0.07828746177369994
      no
   (1) can we show that 6 NL 4?
        a. margin 0.007798165137615332
      yes, 120, ags used 580 = 580
   (1) can we show that 1 NL 5?
        a. margin 0.03103975535168213
      yes, 146, ags used 0 = 146
   (1) can we show that 1 NL 4?
        a. margin 0.1282110091743116
      yes, 35, ags used 0 = 35
   (1) can we show that 2 NL 5?
        a. margin -0.0259174311926601
      no
   (1) can we show that 2 NL 4?
        a. margin 0.004510703363914681
      yes, 244, ags used 37 = 244
   (1) can we show that 3 NL 5?
        a. margin -0.023088685015290156
      no
   (1) can we show that 3 NL 4?
        a. margin 0.013914373088685261
      yes, 151, ags used 37 = 151
      Best assertion(s) require sample: 35

ALTERNATE OUTCOME PAIR: 4,6
   (1) can we show that 5 NL 6?
        a. margin -0.11620795107033655
      no
   (1) can we show that 5 NL 4?
        a. margin -0.0033639143730889165
      no
   (1) can we show that 1 NL 6?
        a. margin 0.032492354740061735
      yes, 140, ags used 0 = 140
   (1) can we show that 1 NL 4?
        a. margin 0.12316513761467873
      yes, 37, ags used 0 = 37
   (1) can we show that 2 NL 6?
        a. margin -0.08356269113149795
      no
   (1) can we show that 2 NL 4?
        a. margin 0.0016819571865440697
      yes, 288, ags used 37 = 288
   (1) can we show that 3 NL 6?
        a. margin -0.026070336391436744
      no
   (1) can we show that 3 NL 4?
        a. margin 0.010015290519877373
      yes, 172, ags used 37 = 172
      Best assertion(s) require sample: 37

ALTERNATE OUTCOME PAIR: 4,1
   (1) can we show that 5 NL 1?
        a. margin -0.38891437308868526
      no
   (1) can we show that 5 NL 4?
        a. margin -0.01162079510703351
      no
   (1) can we show that 6 NL 1?
        a. margin -0.24831804281345582
      no
   (1) can we show that 6 NL 4?
        a. margin 0.02706422018348631
      yes, 167, ags used 580 = 580
   (1) can we show that 2 NL 1?
        a. margin -0.36376146788990793
      no
   (1) can we show that 2 NL 4?
        a. margin 0.0035168195718653372
      yes, 169, ags used 580 = 580
   (1) can we show that 3 NL 1?
        a. margin -0.3230886850152902
      no
   (1) can we show that 3 NL 4?
        a. margin 0.012079510703363772
      yes, 370, ags used 0 = 370
      Best assertion(s) require sample: 370

ALTERNATE OUTCOME PAIR: 4,2
   (1) can we show that 5 NL 2?
        a. margin -0.1886085626911317
      no
   (1) can we show that 5 NL 4?
        a. margin 0.00137614678899034
      yes, 4360, ags used 580 = 4360
   (1) can we show that 6 NL 2?
        a. margin -0.15068807339449553
      no
   (1) can we show that 6 NL 4?
        a. margin 0.010703363914372988
      yes, 475, ags used 37 = 475
   (1) can we show that 1 NL 2?
        a. margin 0.10588685015290555
      yes, 43, ags used 158 = 158
   (1) can we show that 1 NL 4?
        a. margin 0.13103975535168222
      yes, 34, ags used 0 = 34
   (1) can we show that 3 NL 2?
        a. margin -0.1346330275229355
      no
   (1) can we show that 3 NL 4?
        a. margin 0.016360856269112878
      yes, 140, ags used 37 = 140
      Best assertion(s) require sample: 34

ALTERNATE OUTCOME PAIR: 4,3
   (1) can we show that 5 NL 3?
        a. margin -0.22920489296636104
      no
   (1) can we show that 5 NL 4?
        a. margin -0.01911314984709478
      no
   (1) can we show that 6 NL 3?
        a. margin -0.14204892966360871
      no
   (1) can we show that 6 NL 4?
        a. margin 0.009785932721712687
      yes, 518, ags used 37 = 518
   (1) can we show that 1 NL 3?
        a. margin 0.10229357798165184
      yes, 44, ags used 158 = 158
   (1) can we show that 1 NL 4?
        a. margin 0.13058103975535174
      yes, 35, ags used 0 = 35
   (1) can we show that 2 NL 3?
        a. margin -0.18883792048929637
      no
   (1) can we show that 2 NL 4?
        a. margin 0.006039755351681997
      yes, 222, ags used 37 = 222
      Best assertion(s) require sample: 35

3 ruled out by pairs, sample size 370
STAGE 1 ASN NOW 0
NEW RULE OUT PAIR STAGE ASN 370
------------------------------------------------
Alternate outcome cannot be ruled out: 5,1
Alternate outcome cannot be ruled out: 6,1
Alternate outcome cannot be ruled out: 1,2
Full audit not possible
PARTIAL audit sample size: 370
------------------------------------------------
Final set of assertions generated:
1 NL 3 = 158 [rules out (2, 3), G = {3, 5}, O = set()]

1 NL 4 = 37 [rules out (4, 6), G = set(), O = set()]
1 NL 4 = 35 [rules out (4, 5), G = set(), O = set()]
1 NL 4 = 34 [rules out (4, 2), G = set(), O = set()]
1 NL 6 = 127 [rules out (5, 6), G = {3}, O = set()]

1 NL 5 = 111 [rules out (5, 2), G = {3}, O = set()]
1 NL 6 = 121 [rules out (6, 2), G = {3}, O = set()]
(0, 'AG', 3, 37)
1 NL 5 = 130 [rules out (5, 3), G = {3}, O = set()]
(0, 'AG', 5, 158)
3 NL 4 = 370 [rules out (4, 1), G = set(), O = set()]
1 NL 6 = 91 [rules out (6, 3), G = {3}, O = set()]
1 NL 4 = 35 [rules out (4, 3), G = set(), O = set()]
[1] are verified winners with these assertions.
[2, 3, 5, 6] remain as potential winners in this audit.
------------------------------------------------
