VALID BALLOTS 3761
92 ballot checks required to assert that first winner has a quota's worth of votes
AUD TV 0.11835066864784546, ss 112
AG*(1,3) = 56
AG*(1,4) = 76
AG*(1,5) = 62
AG*(1,3) = 56
AG*(1,4) = 76
AG*(1,5) = 62
AG*(2,3) = 41
AG*(2,4) = 232
AG*(2,5) = 40
AG*(2,6) = 100
AG*(6,3) = 154
AG*(6,5) = 79
NL(1,5) = 54, AG*'s used 56
NL(1,3) = 56, AG*'s used 0
NL(1,4) = 55, AG*'s used 62
Max in loop 112, 0.11835066864784546
AUD TV 0.16835066864784548, ss 53
AG*(1,3) = 58
AG*(1,4) = 82
AG*(1,5) = 63
AG*(1,3) = 58
AG*(1,4) = 82
AG*(1,5) = 63
AG*(2,3) = 41
AG*(2,4) = 232
AG*(2,5) = 40
AG*(2,6) = 100
AG*(6,3) = 182
AG*(6,5) = 84
NL(1,5) = 54, AG*'s used 58
NL(1,3) = 58, AG*'s used 0
NL(1,4) = 58, AG*'s used 63
Max in loop 92, 0.16835066864784548
AUD TV 0.21835066864784547, ss 33
AG*(1,3) = 59
AG*(1,4) = 90
AG*(1,5) = 64
AG*(1,3) = 59
AG*(1,4) = 90
AG*(1,5) = 64
AG*(2,3) = 41
AG*(2,4) = 232
AG*(2,5) = 40
AG*(2,6) = 100
AG*(6,3) = 222
AG*(6,5) = 90
NL(1,5) = 55, AG*'s used 59
NL(1,3) = 59, AG*'s used 0
NL(1,4) = 62, AG*'s used 64
Max in loop 92, 0.21835066864784547
AUD TV 0.26835066864784546, ss 23
AG*(1,3) = 61
AG*(1,4) = 98
AG*(1,5) = 66
AG*(1,3) = 61
AG*(1,4) = 98
AG*(1,5) = 66
AG*(2,3) = 41
AG*(2,4) = 232
AG*(2,5) = 40
AG*(2,6) = 100
AG*(6,3) = 284
AG*(6,5) = 96
NL(1,5) = 56, AG*'s used 61
NL(1,3) = 61, AG*'s used 0
NL(1,4) = 66, AG*'s used 66
Max in loop 92, 0.26835066864784546
AUD TV 0.31835066864784545, ss 17
AG*(1,3) = 63
AG*(1,4) = 109
AG*(1,5) = 67
AG*(1,3) = 63
AG*(1,4) = 109
AG*(1,5) = 67
AG*(2,3) = 41
AG*(2,4) = 232
AG*(2,5) = 40
AG*(2,6) = 100
AG*(6,3) = 396
AG*(6,5) = 103
NL(1,5) = 57, AG*'s used 63
NL(1,3) = 63, AG*'s used 0
NL(1,4) = 71, AG*'s used 67
Max in loop 92, 0.31835066864784545
AUD TV 0.36835066864784544, ss 13
AG*(1,3) = 65
AG*(1,4) = 123
AG*(1,5) = 68
AG*(1,3) = 65
AG*(1,4) = 123
AG*(1,5) = 68
AG*(2,3) = 41
AG*(2,4) = 232
AG*(2,5) = 40
AG*(2,6) = 100
AG*(6,3) = 835
AG*(6,5) = 111
NL(1,5) = 58, AG*'s used 65
NL(1,3) = 65, AG*'s used 0
NL(1,4) = 77, AG*'s used 68
Max in loop 92, 0.36835066864784544
AUD TV 0.4183506686478454, ss 10
AG*(1,3) = 67
AG*(1,4) = 140
AG*(1,5) = 70
AG*(1,3) = 67
AG*(1,4) = 140
AG*(1,5) = 70
AG*(2,3) = 41
AG*(2,4) = 232
AG*(2,5) = 40
AG*(2,6) = 100
AG*(6,3) = 3568
AG*(6,5) = 121
NL(1,5) = 59, AG*'s used 67
NL(1,3) = 67, AG*'s used 0
NL(1,4) = 83, AG*'s used 70
Max in loop 92, 0.4183506686478454
AUD TV 0.4683506686478454, ss 8
AG*(1,3) = 70
AG*(1,4) = 164
AG*(1,5) = 71
AG*(1,3) = 70
AG*(1,4) = 164
AG*(1,5) = 71
AG*(2,3) = 41
AG*(2,4) = 232
AG*(2,5) = 40
AG*(2,6) = 100
AG*(6,5) = 133
NL(1,5) = 60, AG*'s used 70
NL(1,3) = 70, AG*'s used 0
NL(1,4) = 91, AG*'s used 71
Max in loop 92, 0.4683506686478454
AUD TV 0.5183506686478454, ss 6
AG*(1,3) = 72
AG*(1,4) = 196
AG*(1,5) = 73
AG*(1,3) = 72
AG*(1,4) = 196
AG*(1,5) = 73
AG*(2,3) = 41
AG*(2,4) = 232
AG*(2,5) = 40
AG*(2,6) = 100
AG*(6,5) = 147
NL(1,5) = 61, AG*'s used 72
NL(1,3) = 72, AG*'s used 0
NL(1,4) = 100, AG*'s used 73
Max in loop 100, 0.5183506686478454
Breaking out of inner loop 100 > 92
Sample size to show min tv of 0.03417533432392273 is 178
Sample size required for audit is 92 ballots
------------------------------------------------
Assertion set BEFORE filtering:
(0, 'NL', 2, 70)
(0, 'NL', 3, 91)
(1, 'MT', None, (0.4683506686478454, 8))
(0, 'AG*', 2, 70)
(0, 'NL', 4, 70)
(1, 'QT', None, 92)
(0, 'AG*', 4, 71)
------------------------------------------------
Final set of assertions AFTER filtering:
(0, 'NL', 2, 70)
(0, 'NL', 3, 91)
(1, 'MT', None, (0.4683506686478454, 8))
(0, 'AG*', 2, 70)
(0, 'NL', 4, 70)
(1, 'QT', None, 92)
(0, 'AG*', 4, 71)
------------------------------------------------
Explanations for AG* inclusion:
   Explanation for (0, 'AG*', 2, 70): []
   Explanation for (0, 'AG*', 4, 71): []
------------------------------------------------
