VALID BALLOTS 4622
3515 ballot checks required to assert that first winner has a quota's worth of votes
AUD TV 0.053878474466709764, ss 129
AG*(4,3) = 184
AG*(4,6) = 117
AG*(4,9) = 63
AG*(1,3) = 69
AG*(1,5) = 61
AG*(1,6) = 47
AG*(1,7) = 92
AG*(1,9) = 36
AG*(2,1) = 169
AG*(2,3) = 28
AG*(2,5) = 33
AG*(2,6) = 24
AG*(2,7) = 52
AG*(2,9) = 19
AG*(4,3) = 184
AG*(4,6) = 117
AG*(4,9) = 63
AG*(8,3) = 111
AG*(8,5) = 512
AG*(8,6) = 107
AG*(8,9) = 44
NL(4,9) = 42, AG*'s used 36
NL(4,6) = 50, AG*'s used 47
NL(4,3) = 57, AG*'s used 69
NL(4,5) = 75, AG*'s used 63
NL(4,7) = 98, AG*'s used 92
NL(4,8) NOT POSSIBLE
NL(4,1) NOT POSSIBLE
Max in loop inf, 0.053878474466709764
AUD TV 0.10387847446670977, ss 61
AG*(4,3) = 198
AG*(4,6) = 122
AG*(4,9) = 63
AG*(1,3) = 73
AG*(1,5) = 64
AG*(1,6) = 48
AG*(1,7) = 96
AG*(1,9) = 36
AG*(2,1) = 169
AG*(2,3) = 28
AG*(2,5) = 33
AG*(2,6) = 24
AG*(2,7) = 52
AG*(2,9) = 19
AG*(4,3) = 198
AG*(4,6) = 122
AG*(4,9) = 63
AG*(8,3) = 118
AG*(8,5) = 700
AG*(8,6) = 113
AG*(8,9) = 44
NL(4,9) = 42, AG*'s used 36
NL(4,6) = 51, AG*'s used 48
NL(4,3) = 58, AG*'s used 73
NL(4,5) = 77, AG*'s used 64
NL(4,7) = 100, AG*'s used 96
NL(4,8) NOT POSSIBLE
NL(4,1) NOT POSSIBLE
Max in loop inf, 0.10387847446670977
AUD TV 0.15387847446670977, ss 38
AG*(4,3) = 215
AG*(4,6) = 127
AG*(4,9) = 64
AG*(1,3) = 78
AG*(1,5) = 66
AG*(1,6) = 50
AG*(1,7) = 100
AG*(1,9) = 37
AG*(2,1) = 169
AG*(2,3) = 28
AG*(2,5) = 33
AG*(2,6) = 24
AG*(2,7) = 52
AG*(2,9) = 19
AG*(4,3) = 215
AG*(4,6) = 127
AG*(4,9) = 64
AG*(8,3) = 126
AG*(8,5) = 894
AG*(8,6) = 119
AG*(8,9) = 45
NL(4,9) = 43, AG*'s used 37
NL(4,6) = 52, AG*'s used 50
NL(4,3) = 60, AG*'s used 78
NL(4,5) = 79, AG*'s used 66
NL(4,7) = 102, AG*'s used 100
NL(4,8) NOT POSSIBLE
NL(4,1) NOT POSSIBLE
Max in loop inf, 0.15387847446670977
AUD TV 0.20387847446670976, ss 27
AG*(4,3) = 235
AG*(4,6) = 133
AG*(4,9) = 65
AG*(1,3) = 83
AG*(1,5) = 69
AG*(1,6) = 52
AG*(1,7) = 105
AG*(1,9) = 38
AG*(2,1) = 169
AG*(2,3) = 28
AG*(2,5) = 33
AG*(2,6) = 24
AG*(2,7) = 52
AG*(2,9) = 19
AG*(4,3) = 235
AG*(4,6) = 133
AG*(4,9) = 65
AG*(8,3) = 135
AG*(8,5) = 1510
AG*(8,6) = 127
AG*(8,9) = 45
NL(4,9) = 43, AG*'s used 38
NL(4,6) = 53, AG*'s used 52
NL(4,3) = 61, AG*'s used 83
NL(4,5) = 81, AG*'s used 69
NL(4,7) = 104, AG*'s used 105
NL(4,8) NOT POSSIBLE
NL(4,1) NOT POSSIBLE
Max in loop inf, 0.20387847446670976
AUD TV 0.25387847446670975, ss 20
AG*(4,3) = 259
AG*(4,6) = 139
AG*(4,9) = 66
AG*(1,3) = 89
AG*(1,5) = 72
AG*(1,6) = 54
AG*(1,7) = 110
AG*(1,9) = 38
AG*(2,1) = 169
AG*(2,3) = 28
AG*(2,5) = 33
AG*(2,6) = 24
AG*(2,7) = 52
AG*(2,9) = 19
AG*(4,3) = 259
AG*(4,6) = 139
AG*(4,9) = 66
AG*(8,3) = 145
AG*(8,5) = 3704
AG*(8,6) = 135
AG*(8,9) = 45
NL(4,9) = 43, AG*'s used 38
NL(4,6) = 54, AG*'s used 54
NL(4,3) = 63, AG*'s used 89
NL(4,5) = 83, AG*'s used 72
NL(4,7) = 106, AG*'s used 110
NL(4,8) NOT POSSIBLE
NL(4,1) NOT POSSIBLE
Max in loop inf, 0.25387847446670975
AUD TV 0.30387847446670974, ss 15
AG*(4,3) = 288
AG*(4,6) = 146
AG*(4,9) = 67
AG*(1,3) = 96
AG*(1,5) = 75
AG*(1,6) = 56
AG*(1,7) = 115
AG*(1,9) = 39
AG*(2,1) = 169
AG*(2,3) = 28
AG*(2,5) = 33
AG*(2,6) = 24
AG*(2,7) = 52
AG*(2,9) = 19
AG*(4,3) = 288
AG*(4,6) = 146
AG*(4,9) = 67
AG*(8,3) = 157
AG*(8,5) = 4622
AG*(8,6) = 144
AG*(8,9) = 46
NL(4,9) = 44, AG*'s used 39
NL(4,6) = 55, AG*'s used 56
NL(4,3) = 64, AG*'s used 96
NL(4,5) = 85, AG*'s used 75
NL(4,7) = 108, AG*'s used 115
NL(4,8) NOT POSSIBLE
NL(4,1) NOT POSSIBLE
Max in loop inf, 0.30387847446670974
AUD TV 0.3538784744667097, ss 12
AG*(4,3) = 325
AG*(4,6) = 153
AG*(4,9) = 68
AG*(1,3) = 104
AG*(1,5) = 79
AG*(1,6) = 58
AG*(1,7) = 121
AG*(1,9) = 40
AG*(2,1) = 169
AG*(2,3) = 28
AG*(2,5) = 33
AG*(2,6) = 24
AG*(2,7) = 52
AG*(2,9) = 19
AG*(4,3) = 325
AG*(4,6) = 153
AG*(4,9) = 68
AG*(8,3) = 172
AG*(8,6) = 154
AG*(8,9) = 46
NL(4,9) = 44, AG*'s used 40
NL(4,6) = 56, AG*'s used 58
NL(4,3) = 66, AG*'s used 104
NL(4,5) = 87, AG*'s used 79
NL(4,7) = 111, AG*'s used 121
NL(4,8) NOT POSSIBLE
NL(4,1) NOT POSSIBLE
Max in loop inf, 0.3538784744667097
AUD TV 0.4038784744667097, ss 10
AG*(4,3) = 373
AG*(4,6) = 161
AG*(4,9) = 69
AG*(1,3) = 114
AG*(1,5) = 82
AG*(1,6) = 60
AG*(1,7) = 128
AG*(1,9) = 41
AG*(2,1) = 169
AG*(2,3) = 28
AG*(2,5) = 33
AG*(2,6) = 24
AG*(2,7) = 52
AG*(2,9) = 19
AG*(4,3) = 373
AG*(4,6) = 161
AG*(4,9) = 69
AG*(8,3) = 189
AG*(8,6) = 167
AG*(8,9) = 47
NL(4,9) = 44, AG*'s used 41
NL(4,6) = 57, AG*'s used 60
NL(4,3) = 67, AG*'s used 114
NL(4,5) = 89, AG*'s used 82
NL(4,7) = 113, AG*'s used 128
NL(4,8) NOT POSSIBLE
NL(4,1) NOT POSSIBLE
Max in loop inf, 0.4038784744667097
AUD TV 0.4538784744667097, ss 8
AG*(4,3) = 499
AG*(4,6) = 170
AG*(4,9) = 70
AG*(1,3) = 126
AG*(1,5) = 87
AG*(1,6) = 63
AG*(1,7) = 136
AG*(1,9) = 42
AG*(2,1) = 169
AG*(2,3) = 28
AG*(2,5) = 33
AG*(2,6) = 24
AG*(2,7) = 52
AG*(2,9) = 19
AG*(4,3) = 499
AG*(4,6) = 170
AG*(4,9) = 70
AG*(8,3) = 210
AG*(8,6) = 181
AG*(8,9) = 47
NL(4,9) = 45, AG*'s used 42
NL(4,6) = 58, AG*'s used 63
NL(4,3) = 69, AG*'s used 126
NL(4,5) = 92, AG*'s used 87
NL(4,7) = 116, AG*'s used 136
NL(4,8) NOT POSSIBLE
NL(4,1) NOT POSSIBLE
Max in loop inf, 0.4538784744667097
AUD TV 0.5038784744667097, ss 6
AG*(4,3) = 675
AG*(4,6) = 181
AG*(4,9) = 71
AG*(1,3) = 140
AG*(1,5) = 92
AG*(1,6) = 65
AG*(1,7) = 144
AG*(1,9) = 42
AG*(2,1) = 169
AG*(2,3) = 28
AG*(2,5) = 33
AG*(2,6) = 24
AG*(2,7) = 52
AG*(2,9) = 19
AG*(4,3) = 675
AG*(4,6) = 181
AG*(4,9) = 71
AG*(8,3) = 236
AG*(8,6) = 198
AG*(8,9) = 48
NL(4,9) = 45, AG*'s used 42
NL(4,6) = 59, AG*'s used 65
NL(4,3) = 71, AG*'s used 140
NL(4,5) = 94, AG*'s used 92
NL(4,7) = 119, AG*'s used 144
NL(4,8) NOT POSSIBLE
NL(4,1) NOT POSSIBLE
Max in loop inf, 0.5038784744667097
AUD TV 0.5538784744667098, ss 5
AG*(4,3) = 852
AG*(4,6) = 192
AG*(4,9) = 72
AG*(1,3) = 159
AG*(1,5) = 97
AG*(1,6) = 69
AG*(1,7) = 153
AG*(1,9) = 43
AG*(2,1) = 169
AG*(2,3) = 28
AG*(2,5) = 33
AG*(2,6) = 24
AG*(2,7) = 52
AG*(2,9) = 19
AG*(4,3) = 852
AG*(4,6) = 192
AG*(4,9) = 72
AG*(8,3) = 269
AG*(8,6) = 219
AG*(8,9) = 48
NL(4,9) = 46, AG*'s used 43
NL(4,6) = 60, AG*'s used 69
NL(4,3) = 73, AG*'s used 159
NL(4,5) = 97, AG*'s used 97
NL(4,7) = 121, AG*'s used 153
NL(4,8) NOT POSSIBLE
NL(4,1) NOT POSSIBLE
Max in loop inf, 0.5538784744667098
AUD TV 0.6038784744667098, ss 4
AG*(4,3) = 1408
AG*(4,6) = 206
AG*(4,9) = 73
AG*(1,3) = 182
AG*(1,5) = 103
AG*(1,6) = 72
AG*(1,7) = 164
AG*(1,9) = 44
AG*(2,1) = 169
AG*(2,3) = 28
AG*(2,5) = 33
AG*(2,6) = 24
AG*(2,7) = 52
AG*(2,9) = 19
AG*(4,3) = 1408
AG*(4,6) = 206
AG*(4,9) = 73
AG*(8,3) = 314
AG*(8,6) = 244
AG*(8,9) = 49
NL(4,9) = 46, AG*'s used 44
NL(4,6) = 62, AG*'s used 72
NL(4,3) = 75, AG*'s used 182
NL(4,5) = 100, AG*'s used 103
NL(4,7) = 124, AG*'s used 164
NL(4,8) NOT POSSIBLE
NL(4,1) NOT POSSIBLE
Max in loop inf, 0.6038784744667098
AUD TV 0.6538784744667099, ss 3
AG*(4,3) = 2791
AG*(4,6) = 221
AG*(4,9) = 74
AG*(1,3) = 214
AG*(1,5) = 109
AG*(1,6) = 76
AG*(1,7) = 177
AG*(1,9) = 45
AG*(2,1) = 169
AG*(2,3) = 28
AG*(2,5) = 33
AG*(2,6) = 24
AG*(2,7) = 52
AG*(2,9) = 19
AG*(4,3) = 2791
AG*(4,6) = 221
AG*(4,9) = 74
AG*(8,3) = 375
AG*(8,6) = 276
AG*(8,9) = 49
NL(4,9) = 46, AG*'s used 45
NL(4,6) = 62, AG*'s used 76
NL(4,3) = 77, AG*'s used 214
NL(4,5) = 103, AG*'s used 109
NL(4,7) = 127, AG*'s used 177
NL(4,8) NOT POSSIBLE
NL(4,1) NOT POSSIBLE
Max in loop inf, 0.6538784744667099
Sample size to show min tv of 0.0019392372333548805 is 4622
AUD TV 0.053878474466709764, ss 129
AG*(4,3) = 182
AG*(4,6) = 116
AG*(4,9) = 62
AG*(1,3) = 69
AG*(1,5) = 61
AG*(1,6) = 47
AG*(1,7) = 92
AG*(1,9) = 36
AG*(2,1) = 169
AG*(2,3) = 28
AG*(2,5) = 33
AG*(2,6) = 24
AG*(2,7) = 52
AG*(2,9) = 19
AG*(4,3) = 182
AG*(4,6) = 116
AG*(4,9) = 62
AG*(8,3) = 111
AG*(8,5) = 508
AG*(8,6) = 107
AG*(8,9) = 44
NL(4,9) = 42, AG*'s used 36
NL(4,6) = 50, AG*'s used 47
NL(4,3) = 57, AG*'s used 69
NL(4,5) = 75, AG*'s used 62
NL(4,7) = 97, AG*'s used 92
NL(4,8) NOT POSSIBLE
NL(4,1) NOT POSSIBLE
Max in loop inf, 0.053878474466709764
AUD TV 0.10387847446670977, ss 61
AG*(4,3) = 196
AG*(4,6) = 121
AG*(4,9) = 63
AG*(1,3) = 73
AG*(1,5) = 64
AG*(1,6) = 48
AG*(1,7) = 96
AG*(1,9) = 36
AG*(2,1) = 169
AG*(2,3) = 28
AG*(2,5) = 33
AG*(2,6) = 24
AG*(2,7) = 52
AG*(2,9) = 19
AG*(4,3) = 196
AG*(4,6) = 121
AG*(4,9) = 63
AG*(8,3) = 118
AG*(8,5) = 692
AG*(8,6) = 113
AG*(8,9) = 44
NL(4,9) = 42, AG*'s used 36
NL(4,6) = 51, AG*'s used 48
NL(4,3) = 58, AG*'s used 73
NL(4,5) = 77, AG*'s used 64
NL(4,7) = 99, AG*'s used 96
NL(4,8) NOT POSSIBLE
NL(4,1) NOT POSSIBLE
Max in loop inf, 0.10387847446670977
AUD TV 0.15387847446670977, ss 38
AG*(4,3) = 212
AG*(4,6) = 126
AG*(4,9) = 64
AG*(1,3) = 78
AG*(1,5) = 66
AG*(1,6) = 50
AG*(1,7) = 100
AG*(1,9) = 37
AG*(2,1) = 169
AG*(2,3) = 28
AG*(2,5) = 33
AG*(2,6) = 24
AG*(2,7) = 52
AG*(2,9) = 19
AG*(4,3) = 212
AG*(4,6) = 126
AG*(4,9) = 64
AG*(8,3) = 126
AG*(8,5) = 882
AG*(8,6) = 119
AG*(8,9) = 45
NL(4,9) = 43, AG*'s used 37
NL(4,6) = 52, AG*'s used 50
NL(4,3) = 59, AG*'s used 78
NL(4,5) = 79, AG*'s used 66
NL(4,7) = 101, AG*'s used 100
NL(4,8) NOT POSSIBLE
NL(4,1) NOT POSSIBLE
Max in loop inf, 0.15387847446670977
AUD TV 0.20387847446670976, ss 27
AG*(4,3) = 232
AG*(4,6) = 132
AG*(4,9) = 65
AG*(1,3) = 83
AG*(1,5) = 69
AG*(1,6) = 52
AG*(1,7) = 105
AG*(1,9) = 38
AG*(2,1) = 169
AG*(2,3) = 28
AG*(2,5) = 33
AG*(2,6) = 24
AG*(2,7) = 52
AG*(2,9) = 19
AG*(4,3) = 232
AG*(4,6) = 132
AG*(4,9) = 65
AG*(8,3) = 135
AG*(8,5) = 1481
AG*(8,6) = 126
AG*(8,9) = 45
NL(4,9) = 43, AG*'s used 38
NL(4,6) = 53, AG*'s used 52
NL(4,3) = 61, AG*'s used 83
NL(4,5) = 80, AG*'s used 69
NL(4,7) = 103, AG*'s used 105
NL(4,8) NOT POSSIBLE
NL(4,1) NOT POSSIBLE
Max in loop inf, 0.20387847446670976
AUD TV 0.25387847446670975, ss 20
AG*(4,3) = 255
AG*(4,6) = 138
AG*(4,9) = 66
AG*(1,3) = 89
AG*(1,5) = 72
AG*(1,6) = 54
AG*(1,7) = 110
AG*(1,9) = 38
AG*(2,1) = 169
AG*(2,3) = 28
AG*(2,5) = 33
AG*(2,6) = 24
AG*(2,7) = 52
AG*(2,9) = 19
AG*(4,3) = 255
AG*(4,6) = 138
AG*(4,9) = 66
AG*(8,3) = 145
AG*(8,5) = 3546
AG*(8,6) = 134
AG*(8,9) = 45
NL(4,9) = 43, AG*'s used 38
NL(4,6) = 54, AG*'s used 54
NL(4,3) = 62, AG*'s used 89
NL(4,5) = 82, AG*'s used 72
NL(4,7) = 105, AG*'s used 110
NL(4,8) NOT POSSIBLE
NL(4,1) NOT POSSIBLE
Max in loop inf, 0.25387847446670975
AUD TV 0.30387847446670974, ss 15
AG*(4,3) = 284
AG*(4,6) = 144
AG*(4,9) = 67
AG*(1,3) = 96
AG*(1,5) = 75
AG*(1,6) = 56
AG*(1,7) = 115
AG*(1,9) = 39
AG*(2,1) = 169
AG*(2,3) = 28
AG*(2,5) = 33
AG*(2,6) = 24
AG*(2,7) = 52
AG*(2,9) = 19
AG*(4,3) = 284
AG*(4,6) = 144
AG*(4,9) = 67
AG*(8,3) = 157
AG*(8,5) = 4622
AG*(8,6) = 143
AG*(8,9) = 46
NL(4,9) = 44, AG*'s used 39
NL(4,6) = 55, AG*'s used 56
NL(4,3) = 64, AG*'s used 96
NL(4,5) = 84, AG*'s used 75
NL(4,7) = 108, AG*'s used 115
NL(4,8) NOT POSSIBLE
NL(4,1) NOT POSSIBLE
Max in loop inf, 0.30387847446670974
AUD TV 0.3538784744667097, ss 12
AG*(4,3) = 319
AG*(4,6) = 152
AG*(4,9) = 67
AG*(1,3) = 104
AG*(1,5) = 79
AG*(1,6) = 58
AG*(1,7) = 121
AG*(1,9) = 40
AG*(2,1) = 169
AG*(2,3) = 28
AG*(2,5) = 33
AG*(2,6) = 24
AG*(2,7) = 52
AG*(2,9) = 19
AG*(4,3) = 319
AG*(4,6) = 152
AG*(4,9) = 67
AG*(8,3) = 171
AG*(8,6) = 154
AG*(8,9) = 46
NL(4,9) = 44, AG*'s used 40
NL(4,6) = 56, AG*'s used 58
NL(4,3) = 65, AG*'s used 104
NL(4,5) = 87, AG*'s used 79
NL(4,7) = 110, AG*'s used 121
NL(4,8) NOT POSSIBLE
NL(4,1) NOT POSSIBLE
Max in loop inf, 0.3538784744667097
AUD TV 0.4038784744667097, ss 10
AG*(4,3) = 365
AG*(4,6) = 160
AG*(4,9) = 68
AG*(1,3) = 114
AG*(1,5) = 82
AG*(1,6) = 60
AG*(1,7) = 128
AG*(1,9) = 41
AG*(2,1) = 169
AG*(2,3) = 28
AG*(2,5) = 33
AG*(2,6) = 24
AG*(2,7) = 52
AG*(2,9) = 19
AG*(4,3) = 365
AG*(4,6) = 160
AG*(4,9) = 68
AG*(8,3) = 188
AG*(8,6) = 166
AG*(8,9) = 47
NL(4,9) = 44, AG*'s used 41
NL(4,6) = 57, AG*'s used 60
NL(4,3) = 67, AG*'s used 114
NL(4,5) = 89, AG*'s used 82
NL(4,7) = 113, AG*'s used 128
NL(4,8) NOT POSSIBLE
NL(4,1) NOT POSSIBLE
Max in loop inf, 0.4038784744667097
AUD TV 0.4538784744667097, ss 8
AG*(4,3) = 486
AG*(4,6) = 169
AG*(4,9) = 69
AG*(1,3) = 126
AG*(1,5) = 87
AG*(1,6) = 63
AG*(1,7) = 136
AG*(1,9) = 42
AG*(2,1) = 169
AG*(2,3) = 28
AG*(2,5) = 33
AG*(2,6) = 24
AG*(2,7) = 52
AG*(2,9) = 19
AG*(4,3) = 486
AG*(4,6) = 169
AG*(4,9) = 69
AG*(8,3) = 209
AG*(8,6) = 180
AG*(8,9) = 47
NL(4,9) = 45, AG*'s used 42
NL(4,6) = 58, AG*'s used 63
NL(4,3) = 69, AG*'s used 126
NL(4,5) = 91, AG*'s used 87
NL(4,7) = 115, AG*'s used 136
NL(4,8) NOT POSSIBLE
NL(4,1) NOT POSSIBLE
Max in loop inf, 0.4538784744667097
AUD TV 0.5038784744667097, ss 6
AG*(4,3) = 655
AG*(4,6) = 179
AG*(4,9) = 70
AG*(1,3) = 140
AG*(1,5) = 92
AG*(1,6) = 65
AG*(1,7) = 144
AG*(1,9) = 42
AG*(2,1) = 169
AG*(2,3) = 28
AG*(2,5) = 33
AG*(2,6) = 24
AG*(2,7) = 52
AG*(2,9) = 19
AG*(4,3) = 655
AG*(4,6) = 179
AG*(4,9) = 70
AG*(8,3) = 235
AG*(8,6) = 197
AG*(8,9) = 48
NL(4,9) = 45, AG*'s used 42
NL(4,6) = 59, AG*'s used 65
NL(4,3) = 71, AG*'s used 140
NL(4,5) = 94, AG*'s used 92
NL(4,7) = 118, AG*'s used 144
NL(4,8) NOT POSSIBLE
NL(4,1) NOT POSSIBLE
Max in loop inf, 0.5038784744667097
AUD TV 0.5538784744667098, ss 5
AG*(4,3) = 821
AG*(4,6) = 190
AG*(4,9) = 71
AG*(1,3) = 158
AG*(1,5) = 97
AG*(1,6) = 69
AG*(1,7) = 153
AG*(1,9) = 43
AG*(2,1) = 169
AG*(2,3) = 28
AG*(2,5) = 33
AG*(2,6) = 24
AG*(2,7) = 52
AG*(2,9) = 19
AG*(4,3) = 821
AG*(4,6) = 190
AG*(4,9) = 71
AG*(8,3) = 268
AG*(8,6) = 218
AG*(8,9) = 48
NL(4,9) = 46, AG*'s used 43
NL(4,6) = 60, AG*'s used 69
NL(4,3) = 73, AG*'s used 158
NL(4,5) = 96, AG*'s used 97
NL(4,7) = 121, AG*'s used 153
NL(4,8) NOT POSSIBLE
NL(4,1) NOT POSSIBLE
Max in loop inf, 0.5538784744667098
AUD TV 0.6038784744667098, ss 4
AG*(4,3) = 1326
AG*(4,6) = 203
AG*(4,9) = 72
AG*(1,3) = 182
AG*(1,5) = 103
AG*(1,6) = 72
AG*(1,7) = 164
AG*(1,9) = 44
AG*(2,1) = 169
AG*(2,3) = 28
AG*(2,5) = 33
AG*(2,6) = 24
AG*(2,7) = 52
AG*(2,9) = 19
AG*(4,3) = 1326
AG*(4,6) = 203
AG*(4,9) = 72
AG*(8,3) = 312
AG*(8,6) = 243
AG*(8,9) = 49
NL(4,9) = 46, AG*'s used 44
NL(4,6) = 61, AG*'s used 72
NL(4,3) = 75, AG*'s used 182
NL(4,5) = 99, AG*'s used 103
NL(4,7) = 123, AG*'s used 164
NL(4,8) NOT POSSIBLE
NL(4,1) NOT POSSIBLE
Max in loop inf, 0.6038784744667098
AUD TV 0.6538784744667099, ss 3
AG*(4,3) = 2589
AG*(4,6) = 218
AG*(4,9) = 74
AG*(1,3) = 214
AG*(1,5) = 109
AG*(1,6) = 76
AG*(1,7) = 177
AG*(1,9) = 45
AG*(2,1) = 169
AG*(2,3) = 28
AG*(2,5) = 33
AG*(2,6) = 24
AG*(2,7) = 52
AG*(2,9) = 19
AG*(4,3) = 2589
AG*(4,6) = 218
AG*(4,9) = 74
AG*(8,3) = 373
AG*(8,6) = 274
AG*(8,9) = 49
NL(4,9) = 46, AG*'s used 45
NL(4,6) = 62, AG*'s used 76
NL(4,3) = 77, AG*'s used 214
NL(4,5) = 102, AG*'s used 109
NL(4,7) = 127, AG*'s used 177
NL(4,8) NOT POSSIBLE
NL(4,1) NOT POSSIBLE
Max in loop inf, 0.6538784744667099
New mintv = 0.05193923723335488
Sample size required for audit is inf ballots
------------------------------------------------
Assertion set BEFORE filtering:
(0, 'AG', 5, 76)
(0, 'AG', 6, 177)
(1, 'QT', None, 3515)
(3, 'AG*', 2, 2589)
(3, 'NL', 5, 76)
(7, 'AG', 8, 49)
(3, 'NL', 6, 177)
(0, 'AG', 4, 109)
(3, 'AG*', 8, 74)
(0, 'AG', 2, 214)
(3, 'NL', 8, 46)
(3, 'NL', 2, 214)
(1, 'LT', None, (0.0019392372333548805, 4622))
(7, 'AG', 5, 274)
(0, 'AG', 8, 45)
(3, 'NL', 4, 109)
(3, 'AG*', 5, 218)
(1, 'MT', None, (0.6538784744667099, 3))
(7, 'AG', 2, 373)
(7, 'AG', 4, 4622)
------------------------------------------------
Final set of assertions AFTER filtering:
(0, 'AG', 5, 76)
(0, 'AG', 6, 177)
(1, 'QT', None, 3515)
(3, 'AG*', 2, 2589)
(3, 'NL', 5, 76)
(7, 'AG', 8, 49)
(3, 'NL', 6, 177)
(0, 'AG', 4, 109)
(3, 'AG*', 8, 74)
(0, 'AG', 2, 214)
(3, 'NL', 8, 46)
(3, 'NL', 2, 214)
(1, 'LT', None, (0.0019392372333548805, 4622))
(7, 'AG', 5, 274)
(0, 'AG', 8, 45)
(3, 'NL', 4, 109)
(3, 'AG*', 5, 218)
(1, 'MT', None, (0.6538784744667099, 3))
(7, 'AG', 2, 373)
(7, 'AG', 4, 4622)
------------------------------------------------
Explanations for AG* inclusion:
   Explanation for (0, 'AG', 5, 76): []
   Explanation for (0, 'AG', 6, 177): []
   Explanation for (3, 'AG*', 2, 2589): []
   Explanation for (7, 'AG', 8, 49): []
   Explanation for (0, 'AG', 4, 109): []
   Explanation for (3, 'AG*', 8, 74): []
   Explanation for (0, 'AG', 2, 214): []
   Explanation for (7, 'AG', 5, 274): []
   Explanation for (0, 'AG', 8, 45): []
   Explanation for (3, 'AG*', 5, 218): []
   Explanation for (7, 'AG', 2, 373): []
   Explanation for (7, 'AG', 4, 4622): []
------------------------------------------------
