VALID BALLOTS 5055
Winner 7
Winner 5
Computing AG relationships
1 AG 8 = 84
1 AG 3 = 5045
1 AG 10 = 260
7 AG 8 = 178
7 AG 4 = 317
7 AG 3 = 335
5 AG 8 = 49
5 AG 4 = 46
5 AG 3 = 35
5 AG 2 = 53
5 AG 9 = 52
Ruling out candidates: [(8, 84), (4, 317), (3, 335)]
STAGE 1 ASN (Ruling out candidates): 335
ALTERNATE OUTCOME PAIR: 2,9
   (1) can we show that 6 NL 9?
        a. margin -0.0648203099241681
      no
   (1) can we show that 6 NL 2?
        a. margin -0.05954500494560133
      no
   (1) can we show that 10 NL 9?
        a. margin -0.037586547972305206
      no
   (1) can we show that 10 NL 2?
        a. margin -0.03132212331025652
      no
   (1) can we show that 1 NL 9?
        a. margin 0.046752390372569286
      yes, 89, ags used 84 = 89
   (1) can we show that 1 NL 2?
        a. margin 0.05947906363336375
      yes, 76, ags used 53 = 76
   (1) can we show that 7 NL 9?
        a. margin 0.05156610616551216
      yes, 88, ags used 52 = 88
   (1) can we show that 7 NL 2?
        a. margin 0.057039235080775574
      yes, 80, ags used 53 = 80
   (1) can we show that 5 NL 9?
        a. margin 0.09363666336960086
      yes, 45, ags used 35 = 45
   (1) can we show that 5 NL 2?
        a. margin 0.09535113748763346
      yes, 44, ags used 35 = 44
      Best assertion(s) require sample: 44

ALTERNATE OUTCOME PAIR: 2,6
   (1) can we show that 9 NL 6?
        a. margin -0.30827563468513064
      no
   (1) can we show that 9 NL 2?
        a. margin -0.07279920870425227
      no
   (1) can we show that 10 NL 6?
        a. margin -0.25077481041872773
      no
   (1) can we show that 10 NL 2?
        a. margin -0.03679525222551838
      no
   (1) can we show that 1 NL 6?
        a. margin -0.07095285196175316
      no
   (1) can we show that 1 NL 2?
        a. margin 0.0538740520936376
      yes, 78, ags used 84 = 84
   (1) can we show that 7 NL 6?
        a. margin 0.005868776788657604
      yes, 314, ags used 335 = 335
   (1) can we show that 7 NL 2?
        a. margin 0.05051104516979943
      yes, 90, ags used 53 = 90
   (1) can we show that 5 NL 6?
        a. margin -0.03349818661391357
      no
   (1) can we show that 5 NL 2?
        a. margin 0.09000989119683256
      yes, 46, ags used 46 = 46
      Best assertion(s) require sample: 46

ALTERNATE OUTCOME PAIR: 2,10
   (1) can we show that 9 NL 10?
        a. margin -0.07095285196175405
      no
   (1) can we show that 9 NL 2?
        a. margin -0.07022749752720059
      no
   (1) can we show that 6 NL 10?
        a. margin -0.034091658424002746
      no
   (1) can we show that 6 NL 2?
        a. margin -0.060863831190240414
      no
   (1) can we show that 1 NL 10?
        a. margin 0.019254863171776604
      yes, 194, ags used 84 = 194
   (1) can we show that 1 NL 2?
        a. margin 0.05163204747774519
      yes, 82, ags used 84 = 84
   (1) can we show that 7 NL 10?
        a. margin 0.08519617540389057
      yes, 53, ags used 260 = 260
   (1) can we show that 7 NL 2?
        a. margin 0.05677546983185011
      yes, 80, ags used 53 = 80
   (1) can we show that 5 NL 10?
        a. margin 6.594131223214283e-05
      yes, 25, ags used 260 = 260
   (1) can we show that 5 NL 2?
        a. margin 0.09535113748763657
      yes, 44, ags used 35 = 44
      Best assertion(s) require sample: 44

ALTERNATE OUTCOME PAIR: 2,1
   (1) can we show that 9 NL 1?
        a. margin -0.261061655126937
      no
   (1) can we show that 9 NL 2?
        a. margin -0.06488625123639946
      no
   (1) can we show that 6 NL 1?
        a. margin -0.2131223211341905
      no
   (1) can we show that 6 NL 2?
        a. margin -0.05684141114408148
      no
   (1) can we show that 10 NL 1?
        a. margin -0.1538410814375205
      no
   (1) can we show that 10 NL 2?
        a. margin -0.036927134849983445
      no
   (1) can we show that 7 NL 1?
        a. margin -0.08658094296076502
      no
   (1) can we show that 7 NL 2?
        a. margin 0.06060006594131262
      yes, 75, ags used 53 = 75
   (1) can we show that 5 NL 1?
        a. margin -0.011539729640619778
      no
   (1) can we show that 5 NL 2?
        a. margin 0.10168150346191918
      yes, 42, ags used 35 = 42
      Best assertion(s) require sample: 42

ALTERNATE OUTCOME PAIR: 2,7
   (1) can we show that 9 NL 7?
        a. margin -0.37059017474447775
      no
   (1) can we show that 9 NL 2?
        a. margin -0.06712825585228921
      no
   (1) can we show that 6 NL 7?
        a. margin -0.2703593801516654
      no
   (1) can we show that 6 NL 2?
        a. margin -0.06475436861193429
      no
   (1) can we show that 10 NL 7?
        a. margin -0.31823277283218
      no
   (1) can we show that 10 NL 2?
        a. margin -0.030926475436860557
      no
   (1) can we show that 1 NL 7?
        a. margin -0.13887240356082975
      no
   (1) can we show that 1 NL 2?
        a. margin 0.05980877019452402
      yes, 76, ags used 53 = 76
   (1) can we show that 5 NL 7?
        a. margin -0.08638311902406826
      no
   (1) can we show that 5 NL 2?
        a. margin 0.09699967029343348
      yes, 44, ags used 35 = 44
      Best assertion(s) require sample: 44

ALTERNATE OUTCOME PAIR: 2,5
   (1) can we show that 9 NL 5?
        a. margin -0.30583580613254246
      no
   (1) can we show that 9 NL 2?
        a. margin -0.12060666007253573
      no
   (1) can we show that 6 NL 5?
        a. margin -0.2670623145400597
      no
   (1) can we show that 6 NL 2?
        a. margin -0.12317837124958775
      no
   (1) can we show that 10 NL 5?
        a. margin -0.2903395977579958
      no
   (1) can we show that 10 NL 2?
        a. margin -0.10669304319155637
      no
   (1) can we show that 1 NL 5?
        a. margin -0.11777118364655381
      no
   (1) can we show that 1 NL 2?
        a. margin 0.06600725354434855
      yes, 69, ags used 260 = 260
   (1) can we show that 7 NL 5?
        a. margin -0.13636663369601087
      no
   (1) can we show that 7 NL 2?
        a. margin 0.0032311242993734446
      yes, 383, ags used 335 = 383
      Best assertion(s) require sample: 260

ALTERNATE OUTCOME PAIR: 9,6
   (1) can we show that 2 NL 6?
        a. margin -0.32265084075173056
      no
   (1) can we show that 2 NL 9?
        a. margin -0.10267062314539965
      no
   (1) can we show that 10 NL 6?
        a. margin -0.2502472799208697
      no
   (1) can we show that 10 NL 9?
        a. margin -0.03989449390042765
      no
   (1) can we show that 1 NL 6?
        a. margin -0.07062314540059456
      no
   (1) can we show that 1 NL 9?
        a. margin 0.044642268381141825
      yes, 93, ags used 84 = 93
   (1) can we show that 7 NL 6?
        a. margin 0.006132542037585065
      yes, 308, ags used 335 = 335
   (1) can we show that 7 NL 9?
        a. margin 0.047345862182657905
      yes, 96, ags used 52 = 96
   (1) can we show that 5 NL 6?
        a. margin -0.03811407847016268
      no
   (1) can we show that 5 NL 9?
        a. margin 0.09159248269040354
      yes, 45, ags used 46 = 46
      Best assertion(s) require sample: 46

ALTERNATE OUTCOME PAIR: 9,10
   (1) can we show that 2 NL 10?
        a. margin -0.09218595450049405
      no
   (1) can we show that 2 NL 9?
        a. margin -0.09976920540718792
      no
   (1) can we show that 6 NL 10?
        a. margin -0.03382789317507362
      no
   (1) can we show that 6 NL 9?
        a. margin -0.06290801186943606
      no
   (1) can we show that 1 NL 10?
        a. margin 0.019584569732936208
      yes, 191, ags used 84 = 191
   (1) can we show that 1 NL 9?
        a. margin 0.04259808770194562
      yes, 97, ags used 84 = 97
   (1) can we show that 7 NL 10?
        a. margin 0.08572370590174594
      yes, 53, ags used 260 = 260
   (1) can we show that 7 NL 9?
        a. margin 0.05347840422024386
      yes, 85, ags used 52 = 85
   (1) can we show that 5 NL 10?
        a. margin 0.0005275304978553663
      yes, 26, ags used 260 = 260
   (1) can we show that 5 NL 9?
        a. margin 0.09686778766897519
      yes, 44, ags used 35 = 44
      Best assertion(s) require sample: 44

ALTERNATE OUTCOME PAIR: 9,1
   (1) can we show that 2 NL 1?
        a. margin -0.27919551599076764
      no
   (1) can we show that 2 NL 9?
        a. margin -0.09805473128915221
      no
   (1) can we show that 6 NL 1?
        a. margin -0.21233102538740423
      no
   (1) can we show that 6 NL 9?
        a. margin -0.06099571381470448
      no
   (1) can we show that 10 NL 1?
        a. margin -0.15410484668644941
      no
   (1) can we show that 10 NL 9?
        a. margin -0.040817672271678096
      no
   (1) can we show that 7 NL 1?
        a. margin -0.08618529508737394
      no
   (1) can we show that 7 NL 9?
        a. margin 0.05525881965051127
      yes, 82, ags used 52 = 82
   (1) can we show that 5 NL 1?
        a. margin -0.015957797560173348
      no
   (1) can we show that 5 NL 9?
        a. margin 0.1013517969007589
      yes, 42, ags used 35 = 42
      Best assertion(s) require sample: 42

ALTERNATE OUTCOME PAIR: 9,7
   (1) can we show that 2 NL 7?
        a. margin -0.3920211012199135
      no
   (1) can we show that 2 NL 9?
        a. margin -0.09891196834816918
      no
   (1) can we show that 6 NL 7?
        a. margin -0.26805143422354016
      no
   (1) can we show that 6 NL 9?
        a. margin -0.06653478404220259
      no
   (1) can we show that 10 NL 7?
        a. margin -0.3166501813386077
      no
   (1) can we show that 10 NL 9?
        a. margin -0.034948895483020936
      no
   (1) can we show that 1 NL 7?
        a. margin -0.1369601055060986
      no
   (1) can we show that 1 NL 9?
        a. margin 0.04939004286185078
      yes, 85, ags used 84 = 85
   (1) can we show that 5 NL 7?
        a. margin -0.08948236069897986
      no
   (1) can we show that 5 NL 9?
        a. margin 0.0975931421035241
      yes, 43, ags used 35 = 43
      Best assertion(s) require sample: 43

ALTERNATE OUTCOME PAIR: 9,5
   (1) can we show that 2 NL 5?
        a. margin -0.3242334322453011
      no
   (1) can we show that 2 NL 9?
        a. margin -0.15799538410814185
      no
   (1) can we show that 6 NL 5?
        a. margin -0.2646884272997023
      no
   (1) can we show that 6 NL 9?
        a. margin -0.12739861523244167
      no
   (1) can we show that 10 NL 5?
        a. margin -0.28849324101549534
      no
   (1) can we show that 10 NL 9?
        a. margin -0.11526541378173105
      no
   (1) can we show that 1 NL 5?
        a. margin -0.11566106165512613
      no
   (1) can we show that 1 NL 9?
        a. margin 0.05301681503462197
      yes, 86, ags used 260 = 260
   (1) can we show that 7 NL 5?
        a. margin -0.1342565117045844
      no
   (1) can we show that 7 NL 9?
        a. margin 0.0060666007253558085
      yes, 617, ags used 335 = 617
      Best assertion(s) require sample: 260

ALTERNATE OUTCOME PAIR: 6,10
   (1) can we show that 2 NL 10?
        a. margin -0.09119683481701235
      no
   (1) can we show that 2 NL 6?
        a. margin -0.3196834817012857
      no
   (1) can we show that 9 NL 10?
        a. margin -0.0697659083415757
      no
   (1) can we show that 9 NL 6?
        a. margin -0.30576986482030977
      no
   (1) can we show that 1 NL 10?
        a. margin 0.020046158918562984
      yes, 188, ags used 84 = 188
   (1) can we show that 1 NL 6?
        a. margin -0.14962083745466515
      no
   (1) can we show that 7 NL 10?
        a. margin 0.08486646884273008
      yes, 53, ags used 260 = 260
   (1) can we show that 7 NL 6?
        a. margin 0.0013188262446424126
      yes, 314, ags used 317 = 317
   (1) can we show that 5 NL 10?
        a. margin 0.0015166501813392852
      yes, 189, ags used 53 = 189
   (1) can we show that 5 NL 6?
        a. margin -0.015364325750081953
      no
      Best assertion(s) require sample: 188

ALTERNATE OUTCOME PAIR: 6,1
   (1) can we show that 2 NL 1?
        a. margin -0.2782723376195181
      no
   (1) can we show that 2 NL 6?
        a. margin -0.31150675898450353
      no
   (1) can we show that 9 NL 1?
        a. margin -0.2605341246290799
      no
   (1) can we show that 9 NL 6?
        a. margin -0.2964061984833496
      no
   (1) can we show that 10 NL 1?
        a. margin -0.15364325750082375
      no
   (1) can we show that 10 NL 6?
        a. margin -0.2493241015496206
      no
   (1) can we show that 7 NL 1?
        a. margin -0.08763600395647875
      no
   (1) can we show that 7 NL 6?
        a. margin 0.009033959775799794
      yes, 287, ags used 178 = 287
   (1) can we show that 5 NL 1?
        a. margin 0.0008572370590180789
      yes, 5055, ags used 53 = 5055
   (1) can we show that 5 NL 6?
        a. margin -0.005670952851961619
      no
      Best assertion(s) require sample: 287

ALTERNATE OUTCOME PAIR: 6,7
   (1) can we show that 2 NL 7?
        a. margin -0.3738872403560818
      no
   (1) can we show that 2 NL 6?
        a. margin -0.2754368611935344
      no
   (1) can we show that 9 NL 7?
        a. margin -0.35140125288493107
      no
   (1) can we show that 9 NL 6?
        a. margin -0.2613254203758619
      no
   (1) can we show that 10 NL 7?
        a. margin -0.2993735575337936
      no
   (1) can we show that 10 NL 6?
        a. margin -0.2047477744807089
      no
   (1) can we show that 1 NL 7?
        a. margin -0.11974942301351665
      no
   (1) can we show that 1 NL 6?
        a. margin -0.02479393339927405
      no
   (1) can we show that 5 NL 7?
        a. margin -0.05598417408506684
      no
   (1) can we show that 5 NL 6?
        a. margin 0.00032970656115360875
      yes, 184, ags used 53 = 184
      Best assertion(s) require sample: 184

ALTERNATE OUTCOME PAIR: 6,5
   (1) can we show that 2 NL 5?
        a. margin -0.3240356083086052
      no
   (1) can we show that 2 NL 6?
        a. margin -0.30728651500164683
      no
   (1) can we show that 9 NL 5?
        a. margin -0.3051104516979891
      no
   (1) can we show that 9 NL 6?
        a. margin -0.2924497197494217
      no
   (1) can we show that 10 NL 5?
        a. margin -0.29000989119683407
      no
   (1) can we show that 10 NL 6?
        a. margin -0.2329047148038218
      no
   (1) can we show that 1 NL 5?
        a. margin -0.1169139465875364
      no
   (1) can we show that 1 NL 6?
        a. margin -0.05321463897131262
      no
   (1) can we show that 7 NL 5?
        a. margin -0.13755357731618867
      no
   (1) can we show that 7 NL 6?
        a. margin 0.008176722716783269
      yes, 303, ags used 178 = 303
      Best assertion(s) require sample: 303

ALTERNATE OUTCOME PAIR: 10,1
   (1) can we show that 2 NL 1?
        a. margin -0.25532476096274315
      no
   (1) can we show that 2 NL 10?
        a. margin -0.21121002307945924
      no
   (1) can we show that 9 NL 1?
        a. margin -0.23752060666007246
      no
   (1) can we show that 9 NL 10?
        a. margin -0.19175733597098588
      no
   (1) can we show that 6 NL 1?
        a. margin -0.1891856247939333
      no
   (1) can we show that 6 NL 10?
        a. margin -0.14348829541707875
      no
   (1) can we show that 7 NL 1?
        a. margin -0.06323771843059667
      no
   (1) can we show that 7 NL 10?
        a. margin -0.01391361688097592
      no
   (1) can we show that 5 NL 1?
        a. margin 0.0012528849324102698
      yes, 191, ags used 53 = 191
   (1) can we show that 5 NL 10?
        a. margin 0.0365314869765907
      yes, 67, ags used 53 = 67
      Best assertion(s) require sample: 67

ALTERNATE OUTCOME PAIR: 10,7
   (1) can we show that 2 NL 7?
        a. margin -0.3895812726673259
      no
   (1) can we show that 2 NL 10?
        a. margin -0.08770194526870878
      no
   (1) can we show that 9 NL 7?
        a. margin -0.3671612265084072
      no
   (1) can we show that 9 NL 10?
        a. margin -0.06633696010550405
      no
   (1) can we show that 6 NL 7?
        a. margin -0.26613913616880946
      no
   (1) can we show that 6 NL 10?
        a. margin -0.03310253874052016
      no
   (1) can we show that 1 NL 7?
        a. margin -0.2176063303659741
      no
   (1) can we show that 1 NL 10?
        a. margin 0.023804813715791573
      yes, 163, ags used 84 = 163
   (1) can we show that 5 NL 7?
        a. margin -0.06752390372568351
      no
   (1) can we show that 5 NL 10?
        a. margin 0.005539070227495113
      yes, 152, ags used 53 = 152
      Best assertion(s) require sample: 152

ALTERNATE OUTCOME PAIR: 10,5
   (1) can we show that 2 NL 5?
        a. margin -0.32634355423672934
      no
   (1) can we show that 2 NL 10?
        a. margin -0.09159248269040587
      no
   (1) can we show that 9 NL 5?
        a. margin -0.30748433893834504
      no
   (1) can we show that 9 NL 10?
        a. margin -0.07022749752720114
      no
   (1) can we show that 6 NL 5?
        a. margin -0.2689086712825586
      no
   (1) can we show that 6 NL 10?
        a. margin -0.03369601055061022
      no
   (1) can we show that 1 NL 5?
        a. margin -0.19696669963732272
      no
   (1) can we show that 1 NL 10?
        a. margin 0.020969337289813428
      yes, 181, ags used 84 = 181
   (1) can we show that 7 NL 5?
        a. margin -0.13808110781404548
      no
   (1) can we show that 7 NL 10?
        a. margin 0.08552588196505084
      yes, 53, ags used 260 = 260
      Best assertion(s) require sample: 181

ALTERNATE OUTCOME PAIR: 1,7
   (1) can we show that 2 NL 7?
        a. margin -0.3815364325750079
      no
   (1) can we show that 2 NL 1?
        a. margin -0.27266732607978716
      no
   (1) can we show that 9 NL 7?
        a. margin -0.3581932080448398
      no
   (1) can we show that 9 NL 1?
        a. margin -0.2545994065281879
      no
   (1) can we show that 6 NL 7?
        a. margin -0.26185295087372207
      no
   (1) can we show that 6 NL 1?
        a. margin -0.21285855588526126
      no
   (1) can we show that 10 NL 7?
        a. margin -0.31730959446092954
      no
   (1) can we show that 10 NL 1?
        a. margin -0.1486976590834138
      no
   (1) can we show that 5 NL 7?
        a. margin -0.05868776788658081
      no
   (1) can we show that 5 NL 1?
        a. margin 0.006726013847673462
      yes, 842, ags used 53 = 842
      Best assertion(s) require sample: 842

ALTERNATE OUTCOME PAIR: 1,5
   (1) can we show that 2 NL 5?
        a. margin -0.3246290801186943
      no
   (1) can we show that 2 NL 1?
        a. margin -0.2789976920540722
      no
   (1) can we show that 9 NL 5?
        a. margin -0.3054401582591493
      no
   (1) can we show that 9 NL 1?
        a. margin -0.26079788987800867
      no
   (1) can we show that 6 NL 5?
        a. margin -0.2676557863501483
      no
   (1) can we show that 6 NL 1?
        a. margin -0.21318826244642275
      no
   (1) can we show that 10 NL 5?
        a. margin -0.29198813056379813
      no
   (1) can we show that 10 NL 1?
        a. margin -0.15265413781734205
      no
   (1) can we show that 7 NL 5?
        a. margin -0.1363006923837784
      no
   (1) can we show that 7 NL 1?
        a. margin -0.08638311902406859
      no

RULE OUT PAIR STAGE ASN 842
------------------------------------------------
EXAMINING WAYS TO REDUCE COST OF AUDIT
------------------------------------------------
Alternate outcome cannot be ruled out: 1,5
Full audit not possible
PARTIAL audit sample size: 842
------------------------------------------------
Final set of assertions generated:
(4, 'AG', 1, 53)
5 NL 9 = 42 [rules out (9, 1), G = {2}, O = set()]
5 NL 2 = 42 [rules out (2, 1), G = {2}, O = set()]
5 NL 9 = 43 [rules out (9, 7), G = {2}, O = set()]
7 NL 6 = 303 [rules out (6, 5), G = {7}, O = set()]
(6, 'AG', 3, 317)
(4, 'AG', 8, 52)
7 NL 6 = 287 [rules out (6, 1), G = {7}, O = set()]
(6, 'AG', 2, 335)
1 NL 2 = 260 [rules out (2, 5), G = {9, 7}, O = set()]
(4, 'AG', 3, 46)
5 NL 10 = 67 [rules out (10, 1), G = {1, 2, 3, 7, 8}, O = set()]
5 NL 2 = 46 [rules out (2, 6), G = {2, 3}, O = set()]
5 NL 10 = 152 [rules out (10, 7), G = {1, 2, 3, 7, 8}, O = set()]
5 NL 9 = 44 [rules out (9, 10), G = {2}, O = set()]
5 NL 2 = 44 [rules out (2, 7), G = {2}, O = set()]
5 NL 6 = 184 [rules out (6, 7), G = {1, 2, 3, 7, 8}, O = set()]
5 NL 1 = 842 [rules out (1, 7), G = {1, 2, 3, 7, 8}, O = set()]
1 NL 10 = 181 [rules out (10, 5), G = {7}, O = set()]
(0, 'AG', 9, 260)
1 NL 10 = 188 [rules out (6, 10), G = {7}, O = set()]

(0, 'AG', 7, 84)
5 NL 2 = 44 [rules out (2, 9), G = {2}, O = set()]
(6, 'AG', 7, 178)
1 NL 9 = 260 [rules out (9, 5), G = {9, 7}, O = set()]
(4, 'AG', 2, 35)
(4, 'AG', 7, 49)
5 NL 2 = 44 [rules out (2, 10), G = {2}, O = set()]
5 NL 9 = 46 [rules out (9, 6), G = {2, 3}, O = set()]
[5] are verified winners with these assertions.
[1, 7] remain as potential winners in this audit.
------------------------------------------------
