VALID BALLOTS 4695
Winner 1
Winner 2
Computing AG relationships
3 AG 5 = 103
6 AG 5 = 79
4 AG 5 = 40
1 AG 5 = 29
7 AG 5 = 43
2 AG 5 = 36
Ruling out candidates: [(5, 36)]
STAGE 1 ASN (Ruling out candidates): 36
ALTERNATE OUTCOME PAIR: 3,6
   (1) can we show that 4 NL 6?
        a. margin -0.09265175718849883
      no
   (1) can we show that 4 NL 3?
        a. margin -0.18785942492012686
      no
   (1) can we show that 1 NL 6?
        a. margin -0.061128860489882086
      no
   (1) can we show that 1 NL 3?
        a. margin -0.14994675186368367
      no
   (1) can we show that 7 NL 6?
        a. margin -0.08044018459353963
      no
   (1) can we show that 7 NL 3?
        a. margin -0.17664181753638675
      no
   (1) can we show that 2 NL 6?
        a. margin -0.07866524671636432
      no
   (1) can we show that 2 NL 3?
        a. margin -0.031167909123180015
      no

ALTERNATE OUTCOME PAIR: 3,4
   (1) can we show that 6 NL 4?
        a. margin -0.26056088036918745
      no
   (1) can we show that 6 NL 3?
        a. margin -0.22847000354987623
      no
   (1) can we show that 1 NL 4?
        a. margin -0.031522896698614966
      no
   (1) can we show that 1 NL 3?
        a. margin -0.1604543840965561
      no
   (1) can we show that 7 NL 4?
        a. margin -0.22051828186013522
      no
   (1) can we show that 7 NL 3?
        a. margin -0.1762158324458648
      no
   (1) can we show that 2 NL 4?
        a. margin -0.20149094781682608
      no
   (1) can we show that 2 NL 3?
        a. margin -0.032019879304223675
      no

ALTERNATE OUTCOME PAIR: 3,1
   (1) can we show that 6 NL 1?
        a. margin -0.253319133830316
      no
   (1) can we show that 6 NL 3?
        a. margin -0.22634007809726642
      no
   (1) can we show that 4 NL 1?
        a. margin -0.09762158324458658
      no
   (1) can we show that 4 NL 3?
        a. margin -0.19822506212282565
      no
   (1) can we show that 7 NL 1?
        a. margin -0.21214057507987216
      no
   (1) can we show that 7 NL 3?
        a. margin -0.17422790202342897
      no
   (1) can we show that 2 NL 1?
        a. margin -0.1941782037628682
      no
   (1) can we show that 2 NL 3?
        a. margin -0.03450479233226833
      no

ALTERNATE OUTCOME PAIR: 3,7
   (1) can we show that 6 NL 7?
        a. margin -0.12126375576854787
      no
   (1) can we show that 6 NL 3?
        a. margin -0.22428115015974426
      no
   (1) can we show that 4 NL 7?
        a. margin -0.10131345402910863
      no
   (1) can we show that 4 NL 3?
        a. margin -0.18118565850195179
      no
   (1) can we show that 1 NL 7?
        a. margin -0.06638267660631825
      no
   (1) can we show that 1 NL 3?
        a. margin -0.14369897053603065
      no
   (1) can we show that 2 NL 7?
        a. margin -0.06283280085196996
      no
   (1) can we show that 2 NL 3?
        a. margin -0.026766063187789624
      no

ALTERNATE OUTCOME PAIR: 3,2
   (1) can we show that 6 NL 2?
        a. margin -0.22662406815761427
      no
   (1) can we show that 6 NL 3?
        a. margin -0.19069932552360702
      no
   (1) can we show that 4 NL 2?
        a. margin -0.18004969826056116
      no
   (1) can we show that 4 NL 3?
        a. margin -0.15243166489172932
      no
   (1) can we show that 1 NL 2?
        a. margin -0.1394391196308118
      no
   (1) can we show that 1 NL 3?
        a. margin -0.11529996450124147
      no
   (1) can we show that 7 NL 2?
        a. margin -0.18516151934682257
      no
   (1) can we show that 7 NL 3?
        a. margin -0.14100106496272646
      no

ALTERNATE OUTCOME PAIR: 6,4
   (1) can we show that 3 NL 4?
        a. margin -0.2779552715654948
      no
   (1) can we show that 3 NL 6?
        a. margin -0.15221867234646724
      no
   (1) can we show that 1 NL 4?
        a. margin -0.029605963791266898
      no
   (1) can we show that 1 NL 6?
        a. margin -0.06567270145544846
      no
   (1) can we show that 7 NL 4?
        a. margin -0.21739439119630855
      no
   (1) can we show that 7 NL 6?
        a. margin -0.07504437344692849
      no
   (1) can we show that 2 NL 4?
        a. margin -0.19495917642882443
      no
   (1) can we show that 2 NL 6?
        a. margin -0.07007454739084051
      no

ALTERNATE OUTCOME PAIR: 6,1
   (1) can we show that 3 NL 1?
        a. margin -0.2744053958111461
      no
   (1) can we show that 3 NL 6?
        a. margin -0.1528576499822505
      no
   (1) can we show that 4 NL 1?
        a. margin -0.09485268015619353
      no
   (1) can we show that 4 NL 6?
        a. margin -0.09882854100106497
      no
   (1) can we show that 7 NL 1?
        a. margin -0.20894568690095894
      no
   (1) can we show that 7 NL 6?
        a. margin -0.07504437344692905
      no
   (1) can we show that 2 NL 1?
        a. margin -0.18821441249556192
      no
   (1) can we show that 2 NL 6?
        a. margin -0.07064252751153699
      no

ALTERNATE OUTCOME PAIR: 6,7
   (1) can we show that 3 NL 7?
        a. margin -0.1398651047213344
      no
   (1) can we show that 3 NL 6?
        a. margin -0.14625488107916151
      no
   (1) can we show that 4 NL 7?
        a. margin -0.09627263045793455
      no
   (1) can we show that 4 NL 6?
        a. margin -0.0800851970181059
      no
   (1) can we show that 1 NL 7?
        a. margin -0.06155484558040569
      no
   (1) can we show that 1 NL 6?
        a. margin -0.04898828541001177
      no
   (1) can we show that 2 NL 7?
        a. margin -0.05580404685836071
      no
   (1) can we show that 2 NL 6?
        a. margin -0.0635427760028412
      no

ALTERNATE OUTCOME PAIR: 6,2
   (1) can we show that 3 NL 2?
        a. margin -0.21561945331913313
      no
   (1) can we show that 3 NL 6?
        a. margin -0.16173233936812226
      no
   (1) can we show that 4 NL 2?
        a. margin -0.1925452609158671
      no
   (1) can we show that 4 NL 6?
        a. margin -0.08768193113241063
      no
   (1) can we show that 1 NL 2?
        a. margin -0.15221867234646702
      no
   (1) can we show that 1 NL 6?
        a. margin -0.05658501952431616
      no
   (1) can we show that 7 NL 2?
        a. margin -0.19794107206247835
      no
   (1) can we show that 7 NL 6?
        a. margin -0.07632232871849498
      no

ALTERNATE OUTCOME PAIR: 4,1
   (1) can we show that 3 NL 1?
        a. margin -0.23649272275470323
      no
   (1) can we show that 3 NL 4?
        a. margin -0.2283990060347889
      no
   (1) can we show that 6 NL 1?
        a. margin -0.2129215477458294
      no
   (1) can we show that 6 NL 4?
        a. margin -0.20802271920482784
      no
   (1) can we show that 7 NL 1?
        a. margin -0.17131700390486382
      no
   (1) can we show that 7 NL 4?
        a. margin -0.1675541356052539
      no
   (1) can we show that 2 NL 1?
        a. margin -0.1504437344692926
      no
   (1) can we show that 2 NL 4?
        a. margin -0.14611288604898842
      no

ALTERNATE OUTCOME PAIR: 4,7
   (1) can we show that 3 NL 7?
        a. margin -0.1451189208377699
      no
   (1) can we show that 3 NL 4?
        a. margin -0.28434504792332227
      no
   (1) can we show that 6 NL 7?
        a. margin -0.12126375576854742
      no
   (1) can we show that 6 NL 4?
        a. margin -0.2641817536386223
      no
   (1) can we show that 1 NL 7?
        a. margin -0.06993255236066698
      no
   (1) can we show that 1 NL 4?
        a. margin -0.033652822151226114
      no
   (1) can we show that 2 NL 7?
        a. margin -0.06148384806531704
      no
   (1) can we show that 2 NL 4?
        a. margin -0.201206957756478
      no

ALTERNATE OUTCOME PAIR: 4,2
   (1) can we show that 3 NL 2?
        a. margin -0.21618743343982882
      no
   (1) can we show that 3 NL 4?
        a. margin -0.28477103301384454
      no
   (1) can we show that 6 NL 2?
        a. margin -0.24188853390131382
      no
   (1) can we show that 6 NL 4?
        a. margin -0.25921192758253453
      no
   (1) can we show that 1 NL 2?
        a. margin -0.16201632942846966
      no
   (1) can we show that 1 NL 4?
        a. margin -0.030670926517571306
      no
   (1) can we show that 7 NL 2?
        a. margin -0.1975150869719564
      no
   (1) can we show that 7 NL 4?
        a. margin -0.2191693290734822
      no

ALTERNATE OUTCOME PAIR: 1,7
   (1) can we show that 3 NL 7?
        a. margin -0.14497692580759658
      no
   (1) can we show that 3 NL 1?
        a. margin -0.28022719204827795
      no
   (1) can we show that 6 NL 7?
        a. margin -0.12097976570820024
      no
   (1) can we show that 6 NL 1?
        a. margin -0.25637202697905537
      no
   (1) can we show that 4 NL 7?
        a. margin -0.10500532481363156
      no
   (1) can we show that 4 NL 1?
        a. margin -0.09911253106141293
      no
   (1) can we show that 2 NL 7?
        a. margin -0.06155484558040469
      no
   (1) can we show that 2 NL 1?
        a. margin -0.19424920127795497
      no

ALTERNATE OUTCOME PAIR: 7,2
   (1) can we show that 3 NL 2?
        a. margin -0.21618743343982938
      no
   (1) can we show that 3 NL 7?
        a. margin -0.14653887113951014
      no
   (1) can we show that 6 NL 2?
        a. margin -0.2397586084487041
      no
   (1) can we show that 6 NL 7?
        a. margin -0.11700390486333012
      no
   (1) can we show that 4 NL 2?
        a. margin -0.18899538516151904
      no
   (1) can we show that 4 NL 7?
        a. margin -0.09669861554845616
      no
   (1) can we show that 1 NL 2?
        a. margin -0.148313809016684
      no
   (1) can we show that 1 NL 7?
        a. margin -0.06205182818601307
      no

RULE OUT PAIR STAGE ASN 0
------------------------------------------------
EXAMINING WAYS TO REDUCE COST OF AUDIT
ALTERNATE OUTCOME PAIR: 5,3
   (1) can we show that 6 NL 3?
        a. margin -0.24004259850905219
      no
   (1) can we show that 6 NL 5?
        a. margin 0.05914093006744747
      yes, 38, ags used 36 = 38
   (1) can we show that 4 NL 3?
        a. margin -0.20234291799786996
      no
   (1) can we show that 4 NL 5?
        a. margin 0.11473198438054744
      yes, 31, ags used 36 = 36
   (1) can we show that 1 NL 3?
        a. margin -0.164430244941427
      no
   (1) can we show that 1 NL 5?
        a. margin 0.15548455804046912
      yes, 29, ags used 0 = 29
   (1) can we show that 7 NL 3?
        a. margin -0.19105431309904153
      no
   (1) can we show that 7 NL 5?
        a. margin 0.10869719559815394
      yes, 25, ags used 29 = 29
   (1) can we show that 2 NL 3?
        a. margin -0.04224352147674826
      no
   (1) can we show that 2 NL 5?
        a. margin 0.12708555200568017
      yes, 28, ags used 29 = 29
      Best assertion(s) require sample: 29

ALTERNATE OUTCOME PAIR: 5,6
   (1) can we show that 3 NL 6?
        a. margin -0.1642172523961659
      no
   (1) can we show that 3 NL 5?
        a. margin 0.04629037983670603
      yes, 46, ags used 43 = 46
   (1) can we show that 4 NL 6?
        a. margin -0.10145544905928272
      no
   (1) can we show that 4 NL 5?
        a. margin 0.116293929712459
      yes, 31, ags used 36 = 36
   (1) can we show that 1 NL 6?
        a. margin -0.06993255236066709
      no
   (1) can we show that 1 NL 5?
        a. margin 0.15669151579694596
      yes, 29, ags used 0 = 29
   (1) can we show that 7 NL 6?
        a. margin -0.0899538516151932
      no
   (1) can we show that 7 NL 5?
        a. margin 0.1099751508697202
      yes, 24, ags used 29 = 29
   (1) can we show that 2 NL 6?
        a. margin -0.08242811501597425
      no
   (1) can we show that 2 NL 5?
        a. margin 0.12864749733759262
      yes, 28, ags used 29 = 29
      Best assertion(s) require sample: 29

ALTERNATE OUTCOME PAIR: 5,4
   (1) can we show that 3 NL 4?
        a. margin -0.28718494852680165
      no
   (1) can we show that 3 NL 5?
        a. margin 0.04834930777422808
      yes, 46, ags used 43 = 46
   (1) can we show that 6 NL 4?
        a. margin -0.26773162939297124
      no
   (1) can we show that 6 NL 5?
        a. margin 0.062264820731274595
      yes, 38, ags used 36 = 38
   (1) can we show that 1 NL 4?
        a. margin -0.03762868299609501
      no
   (1) can we show that 1 NL 5?
        a. margin 0.15385161519346835
      yes, 29, ags used 0 = 29
   (1) can we show that 7 NL 4?
        a. margin -0.22811501597444095
      no
   (1) can we show that 7 NL 5?
        a. margin 0.11388001419950355
      yes, 25, ags used 29 = 29
   (1) can we show that 2 NL 4?
        a. margin -0.20496982605608782
      no
   (1) can we show that 2 NL 5?
        a. margin 0.13063542776002857
      yes, 28, ags used 29 = 29
      Best assertion(s) require sample: 29

ALTERNATE OUTCOME PAIR: 5,1
   (1) can we show that 3 NL 1?
        a. margin -0.2821441249556266
      no
   (1) can we show that 3 NL 5?
        a. margin 0.05097621583244605
      yes, 47, ags used 43 = 47
   (1) can we show that 6 NL 1?
        a. margin -0.25906993255236077
      no
   (1) can we show that 6 NL 5?
        a. margin 0.06602768903088396
      yes, 38, ags used 40 = 40
   (1) can we show that 4 NL 1?
        a. margin -0.10209442669506541
      no
   (1) can we show that 4 NL 5?
        a. margin 0.11359602413915515
      yes, 32, ags used 36 = 36
   (1) can we show that 7 NL 1?
        a. margin -0.21831735889243886
      no
   (1) can we show that 7 NL 5?
        a. margin 0.11714589989350399
      yes, 26, ags used 36 = 36
   (1) can we show that 2 NL 1?
        a. margin -0.19687610933617306
      no
   (1) can we show that 2 NL 5?
        a. margin 0.1328363507277246
      yes, 34, ags used 0 = 34
      Best assertion(s) require sample: 34

ALTERNATE OUTCOME PAIR: 5,7
   (1) can we show that 3 NL 7?
        a. margin -0.14817181398651036
      no
   (1) can we show that 3 NL 5?
        a. margin 0.04969826056087934
      yes, 52, ags used 40 = 52
   (1) can we show that 6 NL 7?
        a. margin -0.12531061412850542
      no
   (1) can we show that 6 NL 5?
        a. margin 0.06226482073127393
      yes, 37, ags used 36 = 37
   (1) can we show that 4 NL 7?
        a. margin -0.10621228257010995
      no
   (1) can we show that 4 NL 5?
        a. margin 0.11984380546680762
      yes, 30, ags used 36 = 36
   (1) can we show that 1 NL 7?
        a. margin -0.07128150514731968
      no
   (1) can we show that 1 NL 5?
        a. margin 0.16073837415690329
      yes, 28, ags used 0 = 28
   (1) can we show that 2 NL 7?
        a. margin -0.0651047213347532
      no
   (1) can we show that 2 NL 5?
        a. margin 0.13212637557685336
      yes, 27, ags used 29 = 29
      Best assertion(s) require sample: 28

ALTERNATE OUTCOME PAIR: 5,2
   (1) can we show that 3 NL 2?
        a. margin -0.22548810791622276
      no
   (1) can we show that 3 NL 5?
        a. margin 0.04465743698970526
      yes, 47, ags used 43 = 47
   (1) can we show that 6 NL 2?
        a. margin -0.2527511537096202
      no
   (1) can we show that 6 NL 5?
        a. margin 0.06169684061057845
      yes, 41, ags used 40 = 41
   (1) can we show that 4 NL 2?
        a. margin -0.20617678381256632
      no
   (1) can we show that 4 NL 5?
        a. margin 0.11721689740859054
      yes, 37, ags used 29 = 37
   (1) can we show that 1 NL 2?
        a. margin -0.1654952076677314
      no
   (1) can we show that 1 NL 5?
        a. margin 0.15775647852325192
      yes, 28, ags used 0 = 28
   (1) can we show that 7 NL 2?
        a. margin -0.21178558750443743
      no
   (1) can we show that 7 NL 5?
        a. margin 0.11125310614128492
      yes, 24, ags used 29 = 29
      Best assertion(s) require sample: 28

4 ruled out by pairs, sample size 34
STAGE 1 ASN NOW 0
NEW RULE OUT PAIR STAGE ASN 34
------------------------------------------------
Alternate outcome cannot be ruled out: 3,6
Alternate outcome cannot be ruled out: 3,4
Alternate outcome cannot be ruled out: 3,1
Alternate outcome cannot be ruled out: 3,7
Alternate outcome cannot be ruled out: 3,2
Alternate outcome cannot be ruled out: 6,4
Alternate outcome cannot be ruled out: 6,1
Alternate outcome cannot be ruled out: 6,7
Alternate outcome cannot be ruled out: 6,2
Alternate outcome cannot be ruled out: 4,1
Alternate outcome cannot be ruled out: 4,7
Alternate outcome cannot be ruled out: 4,2
Alternate outcome cannot be ruled out: 1,7
Alternate outcome cannot be ruled out: 7,2
Full audit not possible
PARTIAL audit sample size: 34
------------------------------------------------
Final set of assertions generated:
1 NL 5 = 28 [rules out (5, 2), G = set(), O = set()]
2 NL 5 = 34 [rules out (5, 1), G = set(), O = set()]
1 NL 5 = 28 [rules out (5, 7), G = set(), O = set()]
1 NL 5 = 29 [rules out (5, 4), G = set(), O = set()]
1 NL 5 = 29 [rules out (5, 6), G = set(), O = set()]
1 NL 5 = 29 [rules out (5, 3), G = set(), O = set()]
[] are verified winners with these assertions.
[1, 2, 3, 4, 6, 7] remain as potential winners in this audit.
------------------------------------------------
