VALID BALLOTS 3739
63 ballot checks required to assert that first winner has a quota's worth of votes
AUD TV 0.14703113685734975, ss 106
AG*(4,2) = 127
AG*(4,5) = 28
AG*(1,2) = 24
AG*(1,3) = 266
AG*(1,5) = 20
AG*(3,2) = 162
AG*(3,5) = 28
AG*(4,2) = 127
AG*(4,5) = 28
NL(4,5) = 23, AG*'s used 28
NL(4,2) = 115, AG*'s used 28
NL(4,3) NOT POSSIBLE
Max in loop inf, 0.14703113685734975
AUD TV 0.19703113685734974, ss 49
AG*(4,2) = 239
AG*(4,5) = 29
AG*(1,2) = 24
AG*(1,3) = 266
AG*(1,5) = 20
AG*(3,2) = 408
AG*(3,5) = 29
AG*(4,2) = 239
AG*(4,5) = 29
NL(4,5) = 24, AG*'s used 29
NL(4,2) = 200, AG*'s used 29
NL(4,3) NOT POSSIBLE
Max in loop inf, 0.19703113685734974
AUD TV 0.24703113685734973, ss 31
AG*(4,2) = 3585
AG*(4,5) = 29
AG*(1,2) = 24
AG*(1,3) = 266
AG*(1,5) = 20
AG*(3,5) = 29
AG*(4,2) = 3585
AG*(4,5) = 29
NL(4,5) = 24, AG*'s used 29
NL(4,2) = 193, AG*'s used 408
NL(4,3) NOT POSSIBLE
Max in loop inf, 0.24703113685734973
AUD TV 0.2970311368573497, ss 21
AG*(4,5) = 30
AG*(1,2) = 24
AG*(1,3) = 266
AG*(1,5) = 20
AG*(3,5) = 30
AG*(4,5) = 30
NL(4,5) = 24, AG*'s used 30
NL(4,2) = 822, AG*'s used 408
NL(4,3) NOT POSSIBLE
Max in loop inf, 0.2970311368573497
AUD TV 0.3470311368573497, ss 16
AG*(4,5) = 30
AG*(1,2) = 24
AG*(1,3) = 266
AG*(1,5) = 20
AG*(3,5) = 31
AG*(4,5) = 30
NL(4,5) = 30, AG*'s used 0
NL(4,2) NOT POSSIBLE
NL(4,3) NOT POSSIBLE
Max in loop inf, 0.3470311368573497
AUD TV 0.3970311368573497, ss 12
AG*(4,5) = 31
AG*(1,2) = 24
AG*(1,3) = 266
AG*(1,5) = 20
AG*(3,5) = 32
AG*(4,5) = 31
NL(4,5) = 31, AG*'s used 0
NL(4,2) NOT POSSIBLE
NL(4,3) NOT POSSIBLE
Max in loop inf, 0.3970311368573497
AUD TV 0.4470311368573497, ss 9
AG*(4,5) = 31
AG*(1,2) = 24
AG*(1,3) = 266
AG*(1,5) = 20
AG*(3,5) = 33
AG*(4,5) = 31
NL(4,5) = 31, AG*'s used 0
NL(4,2) NOT POSSIBLE
NL(4,3) NOT POSSIBLE
Max in loop inf, 0.4470311368573497
AUD TV 0.4970311368573497, ss 7
AG*(4,5) = 32
AG*(1,2) = 24
AG*(1,3) = 266
AG*(1,5) = 20
AG*(3,5) = 34
AG*(4,5) = 32
NL(4,5) = 32, AG*'s used 0
NL(4,2) NOT POSSIBLE
NL(4,3) NOT POSSIBLE
Max in loop inf, 0.4970311368573497
AUD TV 0.5470311368573497, ss 6
AG*(4,5) = 33
AG*(1,2) = 24
AG*(1,3) = 266
AG*(1,5) = 20
AG*(3,5) = 35
AG*(4,5) = 33
NL(4,5) = 33, AG*'s used 0
NL(4,2) NOT POSSIBLE
NL(4,3) NOT POSSIBLE
Max in loop inf, 0.5470311368573497
AUD TV 0.5970311368573498, ss 4
AG*(4,5) = 33
AG*(1,2) = 24
AG*(1,3) = 266
AG*(1,5) = 20
AG*(3,5) = 36
AG*(4,5) = 33
NL(4,5) = 33, AG*'s used 0
NL(4,2) NOT POSSIBLE
NL(4,3) NOT POSSIBLE
Max in loop inf, 0.5970311368573498
AUD TV 0.6470311368573498, ss 3
AG*(4,5) = 34
AG*(1,2) = 24
AG*(1,3) = 266
AG*(1,5) = 20
AG*(3,5) = 38
AG*(4,5) = 34
NL(4,5) = 34, AG*'s used 0
NL(4,2) NOT POSSIBLE
NL(4,3) NOT POSSIBLE
Max in loop inf, 0.6470311368573498
Sample size to show min tv of 0.048515568428674875 is 120
AUD TV 0.14703113685734975, ss 106
AG*(4,2) = 125
AG*(4,5) = 28
AG*(1,2) = 24
AG*(1,3) = 266
AG*(1,5) = 20
AG*(3,2) = 160
AG*(3,5) = 28
AG*(4,2) = 125
AG*(4,5) = 28
NL(4,5) = 23, AG*'s used 28
NL(4,2) = 113, AG*'s used 28
NL(4,3) NOT POSSIBLE
Max in loop inf, 0.14703113685734975
AUD TV 0.19703113685734974, ss 49
AG*(4,2) = 230
AG*(4,5) = 29
AG*(1,2) = 24
AG*(1,3) = 266
AG*(1,5) = 20
AG*(3,2) = 393
AG*(3,5) = 29
AG*(4,2) = 230
AG*(4,5) = 29
NL(4,5) = 24, AG*'s used 29
NL(4,2) = 193, AG*'s used 29
NL(4,3) NOT POSSIBLE
Max in loop inf, 0.19703113685734974
AUD TV 0.24703113685734973, ss 31
AG*(4,2) = 2771
AG*(4,5) = 29
AG*(1,2) = 24
AG*(1,3) = 266
AG*(1,5) = 20
AG*(3,5) = 29
AG*(4,2) = 2771
AG*(4,5) = 29
NL(4,5) = 24, AG*'s used 29
NL(4,2) = 187, AG*'s used 393
NL(4,3) NOT POSSIBLE
Max in loop inf, 0.24703113685734973
AUD TV 0.2970311368573497, ss 21
AG*(4,5) = 30
AG*(1,2) = 24
AG*(1,3) = 266
AG*(1,5) = 20
AG*(3,5) = 30
AG*(4,5) = 30
NL(4,5) = 24, AG*'s used 30
NL(4,2) = 735, AG*'s used 393
NL(4,3) NOT POSSIBLE
Max in loop inf, 0.2970311368573497
AUD TV 0.3470311368573497, ss 16
AG*(4,5) = 30
AG*(1,2) = 24
AG*(1,3) = 266
AG*(1,5) = 20
AG*(3,5) = 31
AG*(4,5) = 30
NL(4,5) = 30, AG*'s used 0
NL(4,2) NOT POSSIBLE
NL(4,3) NOT POSSIBLE
Max in loop inf, 0.3470311368573497
AUD TV 0.3970311368573497, ss 12
AG*(4,5) = 31
AG*(1,2) = 24
AG*(1,3) = 266
AG*(1,5) = 20
AG*(3,5) = 32
AG*(4,5) = 31
NL(4,5) = 31, AG*'s used 0
NL(4,2) NOT POSSIBLE
NL(4,3) NOT POSSIBLE
Max in loop inf, 0.3970311368573497
AUD TV 0.4470311368573497, ss 9
AG*(4,5) = 31
AG*(1,2) = 24
AG*(1,3) = 266
AG*(1,5) = 20
AG*(3,5) = 33
AG*(4,5) = 31
NL(4,5) = 31, AG*'s used 0
NL(4,2) NOT POSSIBLE
NL(4,3) NOT POSSIBLE
Max in loop inf, 0.4470311368573497
AUD TV 0.4970311368573497, ss 7
AG*(4,5) = 32
AG*(1,2) = 24
AG*(1,3) = 266
AG*(1,5) = 20
AG*(3,5) = 34
AG*(4,5) = 32
NL(4,5) = 32, AG*'s used 0
NL(4,2) NOT POSSIBLE
NL(4,3) NOT POSSIBLE
Max in loop inf, 0.4970311368573497
AUD TV 0.5470311368573497, ss 6
AG*(4,5) = 33
AG*(1,2) = 24
AG*(1,3) = 266
AG*(1,5) = 20
AG*(3,5) = 35
AG*(4,5) = 33
NL(4,5) = 33, AG*'s used 0
NL(4,2) NOT POSSIBLE
NL(4,3) NOT POSSIBLE
Max in loop inf, 0.5470311368573497
AUD TV 0.5970311368573498, ss 4
AG*(4,5) = 33
AG*(1,2) = 24
AG*(1,3) = 266
AG*(1,5) = 20
AG*(3,5) = 36
AG*(4,5) = 33
NL(4,5) = 33, AG*'s used 0
NL(4,2) NOT POSSIBLE
NL(4,3) NOT POSSIBLE
Max in loop inf, 0.5970311368573498
AUD TV 0.6470311368573498, ss 3
AG*(4,5) = 34
AG*(1,2) = 24
AG*(1,3) = 266
AG*(1,5) = 20
AG*(3,5) = 38
AG*(4,5) = 34
NL(4,5) = 34, AG*'s used 0
NL(4,2) NOT POSSIBLE
NL(4,3) NOT POSSIBLE
Max in loop inf, 0.6470311368573498
New mintv = 0.09851556842867487
Sample size required for audit is inf ballots
------------------------------------------------
Assertion set BEFORE filtering:
(0, 'LT', None, (0.048515568428674875, 120))
(2, 'AG', 1, 393)
(0, 'MT', None, (0.6470311368573498, 3))
(3, 'NL', 4, 34)
(0, 'QT', None, 63)
(3, 'AG*', 4, 34)
(3, 'AG*', 1, 2771)
------------------------------------------------
Final set of assertions AFTER filtering:
(0, 'LT', None, (0.048515568428674875, 120))
(2, 'AG', 1, 393)
(0, 'MT', None, (0.6470311368573498, 3))
(3, 'NL', 4, 34)
(0, 'QT', None, 63)
(3, 'AG*', 4, 34)
(3, 'AG*', 1, 2771)
------------------------------------------------
Explanations for AG* inclusion:
   Explanation for (2, 'AG', 1, 393): []
   Explanation for (3, 'AG*', 4, 34): []
   Explanation for (3, 'AG*', 1, 2771): []
------------------------------------------------
