VALID BALLOTS 7397
Winner 4
Winner 3
Computing AG relationships
4 AG 2 = 52
4 AG 6 = 97
4 AG 7 = 53
4 AG 5 = 541
1 AG 2 = 47
1 AG 6 = 245
3 AG 6 = 135
Ruling out candidates: [(2, 52), (6, 135)]
STAGE 1 ASN (Ruling out candidates): 135
ALTERNATE OUTCOME PAIR: 7,8
   (1) can we show that 5 NL 8?
        a. margin -0.16826641431210865
      no
   (1) can we show that 5 NL 7?
        a. margin 0.03834888017664673
      yes, 119, ags used 53 = 119
   (1) can we show that 4 NL 8?
        a. margin 0.029065837501689673
      yes, 157, ags used 541 = 541
   (1) can we show that 4 NL 7?
        a. margin 0.08945067820287389
      yes, 51, ags used 0 = 51
   (1) can we show that 1 NL 8?
        a. margin -0.07448965796944762
      no
   (1) can we show that 1 NL 7?
        a. margin 0.11752512279752869
      yes, 38, ags used 53 = 53
   (1) can we show that 3 NL 8?
        a. margin 0.0003154431976923888
      yes, 7397, ags used 135 = 7397
   (1) can we show that 3 NL 7?
        a. margin 0.033482042269388
      yes, 117, ags used 135 = 135
      Best assertion(s) require sample: 51

ALTERNATE OUTCOME PAIR: 7,5
   (1) can we show that 8 NL 5?
        a. margin -0.07836510296967192
      no
   (1) can we show that 8 NL 7?
        a. margin 0.0027037988373679323
      yes, 3326, ags used 53 = 3326
   (1) can we show that 4 NL 5?
        a. margin 0.01180658825649994
      yes, 237, ags used 97 = 237
   (1) can we show that 4 NL 7?
        a. margin 0.10107701320354923
      yes, 45, ags used 0 = 45
   (1) can we show that 1 NL 5?
        a. margin 0.06768509756207397
      yes, 67, ags used 541 = 541
   (1) can we show that 1 NL 7?
        a. margin 0.12910639448424743
      yes, 35, ags used 53 = 53
   (1) can we show that 3 NL 5?
        a. margin -0.02149520075706468
      no
   (1) can we show that 3 NL 7?
        a. margin 0.0483078725609456
      yes, 94, ags used 53 = 94
      Best assertion(s) require sample: 45

ALTERNATE OUTCOME PAIR: 7,4
   (1) can we show that 8 NL 4?
        a. margin -0.38164120589428085
      no
   (1) can we show that 8 NL 7?
        a. margin -0.24113379297913462
      no
   (1) can we show that 5 NL 4?
        a. margin -0.2843044477490885
      no
   (1) can we show that 5 NL 7?
        a. margin -0.007390383488802055
      no
   (1) can we show that 1 NL 4?
        a. margin -0.22914695146681197
      no
   (1) can we show that 1 NL 7?
        a. margin -0.10598891442476899
      no
   (1) can we show that 3 NL 4?
        a. margin -0.32035509891397473
      no
   (1) can we show that 3 NL 7?
        a. margin -0.18638186652246547
      no

ALTERNATE OUTCOME PAIR: 7,1
   (1) can we show that 8 NL 1?
        a. margin -0.20093731693028705
      no
   (1) can we show that 8 NL 7?
        a. margin -0.007210130232977674
      no
   (1) can we show that 5 NL 1?
        a. margin -0.15420666035780328
      no
   (1) can we show that 5 NL 7?
        a. margin 0.03839394349060399
      yes, 119, ags used 53 = 119
   (1) can we show that 4 NL 1?
        a. margin 0.03550989139741301
      yes, 129, ags used 541 = 541
   (1) can we show that 4 NL 7?
        a. margin 0.0909377675634262
      yes, 50, ags used 0 = 50
   (1) can we show that 3 NL 1?
        a. margin -0.14388716146185476
      no
   (1) can we show that 3 NL 7?
        a. margin 0.038168626920823456
      yes, 120, ags used 53 = 120
      Best assertion(s) require sample: 50

ALTERNATE OUTCOME PAIR: 7,3
   (1) can we show that 8 NL 3?
        a. margin -0.10977423279708054
      no
   (1) can we show that 8 NL 7?
        a. margin -0.01239241133793001
      no
   (1) can we show that 5 NL 3?
        a. margin -0.18034338245234582
      no
   (1) can we show that 5 NL 7?
        a. margin 0.038574196746429035
      yes, 118, ags used 53 = 118
   (1) can we show that 4 NL 3?
        a. margin 0.016808616105628227
      yes, 272, ags used 541 = 541
   (1) can we show that 4 NL 7?
        a. margin 0.09021675454012934
      yes, 50, ags used 0 = 50
   (1) can we show that 1 NL 3?
        a. margin -0.0761119372718676
      no
   (1) can we show that 1 NL 7?
        a. margin 0.1181109458789591
      yes, 38, ags used 53 = 53
      Best assertion(s) require sample: 50

ALTERNATE OUTCOME PAIR: 8,5
   (1) can we show that 7 NL 5?
        a. margin -0.14861880942724637
      no
   (1) can we show that 7 NL 8?
        a. margin -0.2473074669911226
      no
   (1) can we show that 4 NL 5?
        a. margin 0.013969627326392287
      yes, 74, ags used 53 = 74
   (1) can we show that 4 NL 8?
        a. margin 0.005632914244512621
      yes, 476, ags used 97 = 476
   (1) can we show that 1 NL 5?
        a. margin 0.06944256680636074
      yes, 66, ags used 541 = 541
   (1) can we show that 1 NL 8?
        a. margin -0.07043395971339961
      no
   (1) can we show that 3 NL 5?
        a. margin -0.024018746338606567
      no
   (1) can we show that 3 NL 8?
        a. margin 0.002974178721101728
      yes, 3042, ags used 135 = 3042
      Best assertion(s) require sample: 74

ALTERNATE OUTCOME PAIR: 8,4
   (1) can we show that 7 NL 4?
        a. margin -0.401874633860575
      no
   (1) can we show that 7 NL 8?
        a. margin -0.24487404803749224
      no
   (1) can we show that 5 NL 4?
        a. margin -0.29115407147041805
      no
   (1) can we show that 5 NL 8?
        a. margin -0.16484160245144386
      no
   (1) can we show that 1 NL 4?
        a. margin -0.23590644856022946
      no
   (1) can we show that 1 NL 8?
        a. margin -0.06732459105042687
      no
   (1) can we show that 3 NL 4?
        a. margin -0.33702852507773495
      no
   (1) can we show that 3 NL 8?
        a. margin 0.005497724302644169
      yes, 1047, ags used 135 = 1047
      Best assertion(s) require sample: 1047

ALTERNATE OUTCOME PAIR: 8,1
   (1) can we show that 7 NL 1?
        a. margin -0.23685277815330652
      no
   (1) can we show that 7 NL 8?
        a. margin -0.24762291018881544
      no
   (1) can we show that 5 NL 1?
        a. margin -0.15240412779955936
      no
   (1) can we show that 5 NL 8?
        a. margin -0.16668919832364482
      no
   (1) can we show that 4 NL 1?
        a. margin 0.012392411337928788
      yes, 280, ags used 97 = 280
   (1) can we show that 4 NL 8?
        a. margin 0.005632914244513509
      yes, 476, ags used 97 = 476
   (1) can we show that 3 NL 1?
        a. margin -0.1453291875084496
      no
   (1) can we show that 3 NL 8?
        a. margin 0.0022982290117612436
      yes, 6056, ags used 135 = 6056
      Best assertion(s) require sample: 280

ALTERNATE OUTCOME PAIR: 8,3
   (1) can we show that 7 NL 3?
        a. margin -0.2245504934432907
      no
   (1) can we show that 7 NL 8?
        a. margin -0.2004866837907252
      no
   (1) can we show that 5 NL 3?
        a. margin -0.14582488396196913
      no
   (1) can we show that 5 NL 8?
        a. margin -0.12072461808841295
      no
   (1) can we show that 4 NL 3?
        a. margin 0.02627191203640855
      yes, 151, ags used 97 = 151
   (1) can we show that 4 NL 8?
        a. margin 0.003334685232753154
      yes, 89, ags used 53 = 89
   (1) can we show that 1 NL 3?
        a. margin -0.04181875535127155
      no
   (1) can we show that 1 NL 8?
        a. margin -0.02676760848992843
      no
      Best assertion(s) require sample: 89

ALTERNATE OUTCOME PAIR: 5,4
   (1) can we show that 7 NL 4?
        a. margin -0.38844576630165284
      no
   (1) can we show that 7 NL 5?
        a. margin -0.34108422333378285
      no
   (1) can we show that 8 NL 4?
        a. margin -0.3640214501374417
      no
   (1) can we show that 8 NL 5?
        a. margin -0.3087738272272531
      no
   (1) can we show that 1 NL 4?
        a. margin -0.21202289216349257
      no
   (1) can we show that 1 NL 5?
        a. margin -0.155017800009015
      no
   (1) can we show that 3 NL 4?
        a. margin -0.3030507863548272
      no
   (1) can we show that 3 NL 5?
        a. margin -0.2497859492587089
      no

ALTERNATE OUTCOME PAIR: 5,1
   (1) can we show that 7 NL 1?
        a. margin -0.23482492902528018
      no
   (1) can we show that 7 NL 5?
        a. margin -0.13978639989184827
      no
   (1) can we show that 8 NL 1?
        a. margin -0.19390743995313353
      no
   (1) can we show that 8 NL 5?
        a. margin -0.06754990762020652
      no
   (1) can we show that 4 NL 1?
        a. margin 0.013293677617051358
      yes, 265, ags used 97 = 265
   (1) can we show that 4 NL 5?
        a. margin 0.02271191023387842
      yes, 64, ags used 53 = 64
   (1) can we show that 3 NL 1?
        a. margin -0.1369023477986584
      no
   (1) can we show that 3 NL 5?
        a. margin -0.01099544860529078
      no
      Best assertion(s) require sample: 64

ALTERNATE OUTCOME PAIR: 5,3
   (1) can we show that 7 NL 3?
        a. margin -0.2574917759452028
      no
   (1) can we show that 7 NL 5?
        a. margin -0.14699653012482583
      no
   (1) can we show that 8 NL 3?
        a. margin -0.10675499076202011
      no
   (1) can we show that 8 NL 5?
        a. margin -0.07976206570231203
      no
   (1) can we show that 4 NL 3?
        a. margin -0.0026136722094552978
      no
   (1) can we show that 4 NL 5?
        a. margin 0.015997476454418846
      yes, 71, ags used 53 = 71
   (1) can we show that 1 NL 3?
        a. margin -0.07223649227164408
      no
   (1) can we show that 1 NL 5?
        a. margin 0.07147041593438686
      yes, 64, ags used 541 = 541
      Best assertion(s) require sample: 71

ALTERNATE OUTCOME PAIR: 4,1
   (1) can we show that 7 NL 1?
        a. margin -0.23541075210671003
      no
   (1) can we show that 7 NL 4?
        a. margin -0.3859672840340681
      no
   (1) can we show that 8 NL 1?
        a. margin -0.19336668018566094
      no
   (1) can we show that 8 NL 4?
        a. margin -0.3715019602541574
      no
   (1) can we show that 5 NL 1?
        a. margin -0.15163805146230458
      no
   (1) can we show that 5 NL 4?
        a. margin -0.27795052048127644
      no
   (1) can we show that 3 NL 1?
        a. margin -0.13627146140327107
      no
   (1) can we show that 3 NL 4?
        a. margin -0.3108467396692356
      no

ALTERNATE OUTCOME PAIR: 1,3
   (1) can we show that 7 NL 3?
        a. margin -0.2558244333288271
      no
   (1) can we show that 7 NL 1?
        a. margin -0.23590644856022713
      no
   (1) can we show that 8 NL 3?
        a. margin -0.10459195169212765
      no
   (1) can we show that 8 NL 1?
        a. margin -0.20120769681402362
      no
   (1) can we show that 5 NL 3?
        a. margin -0.17718895047541816
      no
   (1) can we show that 5 NL 1?
        a. margin -0.1514577982064802
      no
   (1) can we show that 4 NL 3?
        a. margin 0.1115317020413682
      yes, 41, ags used 541 = 541
   (1) can we show that 4 NL 1?
        a. margin 0.013383804244964104
      yes, 264, ags used 97 = 264
      Best assertion(s) require sample: 264

RULE OUT PAIR STAGE ASN 1047
------------------------------------------------
EXAMINING WAYS TO REDUCE COST OF AUDIT
------------------------------------------------
Alternate outcome cannot be ruled out: 7,4
Alternate outcome cannot be ruled out: 5,4
Alternate outcome cannot be ruled out: 4,1
Full audit not possible
PARTIAL audit sample size: 1047
------------------------------------------------
Final set of assertions generated:
(2, 'AG', 5, 135)
4 NL 7 = 45 [rules out (7, 5), G = set(), O = set()]
(0, 'AG', 1, 47)
4 NL 7 = 51 [rules out (7, 8), G = set(), O = set()]
3 NL 8 = 1047 [rules out (8, 4), G = {5}, O = set()]
4 NL 7 = 50 [rules out (7, 3), G = set(), O = set()]
4 NL 8 = 89 [rules out (8, 3), G = {1, 6}, O = set()]
4 NL 5 = 74 [rules out (8, 5), G = {1, 6}, O = set()]

(3, 'AG', 5, 97)
(3, 'AG', 6, 53)
4 NL 1 = 280 [rules out (8, 1), G = {1, 5, 6}, O = set()]

4 NL 1 = 264 [rules out (1, 3), G = {1, 5, 6}, O = set()]
4 NL 5 = 64 [rules out (5, 1), G = {1, 6}, O = set()]
(3, 'AG', 1, 52)
4 NL 5 = 71 [rules out (5, 3), G = {1, 6}, O = set()]
4 NL 7 = 50 [rules out (7, 1), G = set(), O = set()]
[4] are verified winners with these assertions.
[1, 3, 5, 7] remain as potential winners in this audit.
------------------------------------------------
