VALID BALLOTS 6279
Winner 1
Winner 7
Computing AG relationships
8 AG 4 = 1764
2 AG 4 = 80
2 AG 3 = 1193
5 AG 4 = 136
5 AG 3 = 878
1 AG 4 = 36
1 AG 3 = 55
1 AG 5 = 489
7 AG 4 = 25
7 AG 3 = 39
7 AG 8 = 29
7 AG 5 = 244
6 AG 4 = 65
6 AG 3 = 310
Ruling out candidates: [(4, 36), (3, 55), (5, 489)]
STAGE 1 ASN (Ruling out candidates): 489
ALTERNATE OUTCOME PAIR: 8,2
   (1) can we show that 1 NL 2?
        a. margin -0.03344481605351246
      no
   (1) can we show that 1 NL 8?
        a. margin 0.12268407920581881
      yes, 36, ags used 36 = 36
   (1) can we show that 7 NL 2?
        a. margin -0.23544088761480075
      no
   (1) can we show that 7 NL 8?
        a. margin 0.15443011095185
      yes, 29, ags used 25 = 29
   (1) can we show that 6 NL 2?
        a. margin -0.21372830068482362
      no
   (1) can we show that 6 NL 8?
        a. margin 0.07034028773159196
      yes, 64, ags used 65 = 65
      Best assertion(s) require sample: 29

ALTERNATE OUTCOME PAIR: 8,1
   (1) can we show that 2 NL 1?
        a. margin -0.23921006529702282
      no
   (1) can we show that 2 NL 8?
        a. margin 0.05218453044540006
      yes, 86, ags used 80 = 86
   (1) can we show that 7 NL 1?
        a. margin -0.2571534745447791
      no
   (1) can we show that 7 NL 8?
        a. margin 0.15549185114402508
      yes, 29, ags used 25 = 29
   (1) can we show that 6 NL 1?
        a. margin -0.2559324733237788
      no
   (1) can we show that 6 NL 8?
        a. margin 0.07097733184689714
      yes, 64, ags used 29 = 64
      Best assertion(s) require sample: 29

ALTERNATE OUTCOME PAIR: 8,7
   (1) can we show that 2 NL 7?
        a. margin -0.19705897966767716
      no
   (1) can we show that 2 NL 8?
        a. margin -0.1045814089292395
      no
   (1) can we show that 1 NL 7?
        a. margin -0.07883420926899376
      no
   (1) can we show that 1 NL 8?
        a. margin 0.013749535488661424
      yes, 330, ags used 489 = 489
   (1) can we show that 6 NL 7?
        a. margin -0.1760365238626127
      no
   (1) can we show that 6 NL 8?
        a. margin -0.08706269575835213
      no
      Best assertion(s) require sample: 489

ALTERNATE OUTCOME PAIR: 8,6
   (1) can we show that 2 NL 6?
        a. margin -0.14529914529914623
      no
   (1) can we show that 2 NL 8?
        a. margin 0.05165366034931229
      yes, 87, ags used 80 = 87
   (1) can we show that 1 NL 6?
        a. margin -0.008759356585444356
      no
   (1) can we show that 1 NL 8?
        a. margin 0.12257790518660028
      yes, 36, ags used 36 = 36
   (1) can we show that 7 NL 6?
        a. margin -0.2109677761851677
      no
   (1) can we show that 7 NL 8?
        a. margin 0.15421776291341538
      yes, 29, ags used 25 = 29
      Best assertion(s) require sample: 29

ALTERNATE OUTCOME PAIR: 2,1
   (1) can we show that 8 NL 1?
        a. margin -0.4184848967457664
      no
   (1) can we show that 8 NL 2?
        a. margin -0.37362637362637374
      no
   (1) can we show that 7 NL 1?
        a. margin -0.14768806073153906
      no
   (1) can we show that 7 NL 2?
        a. margin -0.10521845304454014
      no
   (1) can we show that 6 NL 1?
        a. margin -0.23214949301905818
      no
   (1) can we show that 6 NL 2?
        a. margin -0.17263895524765094
      no

ALTERNATE OUTCOME PAIR: 2,7
   (1) can we show that 8 NL 7?
        a. margin -0.26755852842809413
      no
   (1) can we show that 8 NL 2?
        a. margin -0.4303763868981262
      no
   (1) can we show that 1 NL 7?
        a. margin -0.09964431703562104
      no
   (1) can we show that 1 NL 2?
        a. margin -0.024260763391200313
      no
   (1) can we show that 6 NL 7?
        a. margin -0.19652810957158817
      no
   (1) can we show that 6 NL 2?
        a. margin -0.20332324680150915
      no

ALTERNATE OUTCOME PAIR: 2,6
   (1) can we show that 8 NL 6?
        a. margin -0.3725115464245897
      no
   (1) can we show that 8 NL 2?
        a. margin -0.39077347773000015
      no
   (1) can we show that 1 NL 6?
        a. margin -0.00021234803843450667
      no
   (1) can we show that 1 NL 2?
        a. margin -0.00897170462387853
      no
   (1) can we show that 7 NL 6?
        a. margin -0.10373201677549482
      no
   (1) can we show that 7 NL 2?
        a. margin -0.12284334023464516
      no

ALTERNATE OUTCOME PAIR: 1,6
   (1) can we show that 8 NL 6?
        a. margin -0.3555237033497902
      no
   (1) can we show that 8 NL 1?
        a. margin -0.4146095450443279
      no
   (1) can we show that 2 NL 6?
        a. margin -0.1313372617720443
      no
   (1) can we show that 2 NL 1?
        a. margin -0.2258321388756166
      no
   (1) can we show that 7 NL 6?
        a. margin -0.0866910866910865
      no
   (1) can we show that 7 NL 1?
        a. margin -0.14482136221266662
      no

ALTERNATE OUTCOME PAIR: 7,6
   (1) can we show that 8 NL 6?
        a. margin -0.4049477092955356
      no
   (1) can we show that 8 NL 7?
        a. margin -0.26315230663056643
      no
   (1) can we show that 2 NL 6?
        a. margin -0.1342039602909182
      no
   (1) can we show that 2 NL 7?
        a. margin -0.21510856293465064
      no
   (1) can we show that 1 NL 6?
        a. margin 0.003132133566913664
      yes, 2481, ags used 489 = 2481
   (1) can we show that 1 NL 7?
        a. margin -0.09683070552635853
      no
      Best assertion(s) require sample: 2481

RULE OUT PAIR STAGE ASN 2481
------------------------------------------------
Alternate outcome cannot be ruled out: 2,1
Alternate outcome cannot be ruled out: 2,7
Alternate outcome cannot be ruled out: 2,6
Alternate outcome cannot be ruled out: 1,6
Full audit not possible
PARTIAL audit sample size: 2481
------------------------------------------------
Final set of assertions generated:
(6, 'AG', 3, 25)
1 NL 8 = 489 [rules out (8, 7), G = {2, 3, 4}, O = set()]
1 NL 6 = 2481 [rules out (7, 6), G = {2, 3, 4}, O = set()]

(6, 'AG', 2, 39)
(6, 'AG', 4, 244)
7 NL 8 = 29 [rules out (8, 2), G = {3}, O = set()]
7 NL 8 = 29 [rules out (8, 6), G = {3}, O = set()]
(0, 'AG', 4, 489)
(0, 'AG', 3, 36)
(0, 'AG', 2, 55)
7 NL 8 = 29 [rules out (8, 1), G = {3}, O = set()]
[] are verified winners with these assertions.
[1, 2, 6, 7] remain as potential winners in this audit.
------------------------------------------------
