VALID BALLOTS 7790
Winner 3
Winner 5
Computing AG relationships
5 AG 6 = 139
5 AG 4 = 521
Ruling out candidates: []
STAGE 1 ASN (Ruling out candidates): 0
ALTERNATE OUTCOME PAIR: 6,4
   (1) can we show that 2 NL 4?
        a. margin -0.06127513906718163
      no
   (1) can we show that 2 NL 6?
        a. margin -0.00042789901583317747
      no
   (1) can we show that 1 NL 4?
        a. margin -0.013692768506633368
      no
   (1) can we show that 1 NL 6?
        a. margin -0.023363286264443395
      no
   (1) can we show that 3 NL 4?
        a. margin 0.03594351732990897
      yes, 127, ags used 521 = 521
   (1) can we show that 3 NL 6?
        a. margin 0.017757809157037174
      yes, 257, ags used 139 = 257
   (1) can we show that 7 NL 4?
        a. margin -0.02383397518185637
      no
   (1) can we show that 7 NL 6?
        a. margin 0.03448866067608125
      yes, 133, ags used 139 = 139
   (1) can we show that 5 NL 4?
        a. margin 0.01634574240479081
      yes, 279, ags used 0 = 279
   (1) can we show that 5 NL 6?
        a. margin 0.03996576807873442
      yes, 114, ags used 0 = 114
      Best assertion(s) require sample: 114

ALTERNATE OUTCOME PAIR: 6,2
   (1) can we show that 4 NL 2?
        a. margin -0.22344886606760894
      no
   (1) can we show that 4 NL 6?
        a. margin -0.10825845100556308
      no
   (1) can we show that 1 NL 2?
        a. margin -0.1279418057338474
      no
   (1) can we show that 1 NL 6?
        a. margin -0.01052631578947305
      no
   (1) can we show that 3 NL 2?
        a. margin -0.08605049208386906
      no
   (1) can we show that 3 NL 6?
        a. margin 0.031193838254171657
      yes, 147, ags used 139 = 147
   (1) can we show that 7 NL 2?
        a. margin -0.03628583654257689
      no
   (1) can we show that 7 NL 6?
        a. margin 0.03097988874625579
      yes, 148, ags used 139 = 148
   (1) can we show that 5 NL 2?
        a. margin -0.0018399657680802095
      no
   (1) can we show that 5 NL 6?
        a. margin 0.05387248609328199
      yes, 85, ags used 0 = 85
      Best assertion(s) require sample: 85

ALTERNATE OUTCOME PAIR: 6,1
   (1) can we show that 4 NL 1?
        a. margin -0.3297389816003431
      no
   (1) can we show that 4 NL 6?
        a. margin -0.11998288403936663
      no
   (1) can we show that 2 NL 1?
        a. margin -0.30701754385965074
      no
   (1) can we show that 2 NL 6?
        a. margin 0.0022250748823280375
      yes, 6699, ags used 139 = 6699
   (1) can we show that 3 NL 1?
        a. margin -0.08660676080445151
      no
   (1) can we show that 3 NL 6?
        a. margin 0.015062045357295384
      yes, 303, ags used 139 = 303
   (1) can we show that 7 NL 1?
        a. margin -0.2698331193838246
      no
   (1) can we show that 7 NL 6?
        a. margin 0.03761232349165611
      yes, 121, ags used 139 = 139
   (1) can we show that 5 NL 1?
        a. margin -0.09067180145485854
      no
   (1) can we show that 5 NL 6?
        a. margin 0.043731279418057545
      yes, 104, ags used 0 = 104
      Best assertion(s) require sample: 104

ALTERNATE OUTCOME PAIR: 6,3
   (1) can we show that 4 NL 3?
        a. margin -0.3899443731279413
      no
   (1) can we show that 4 NL 6?
        a. margin -0.11942661531878407
      no
   (1) can we show that 2 NL 3?
        a. margin -0.3668806161745821
      no
   (1) can we show that 2 NL 6?
        a. margin 0.002695763799744011
      yes, 4720, ags used 139 = 4720
   (1) can we show that 1 NL 3?
        a. margin -0.21852802738553812
      no
   (1) can we show that 1 NL 6?
        a. margin -0.02460419341035558
      no
   (1) can we show that 7 NL 3?
        a. margin -0.3257167308515184
      no
   (1) can we show that 7 NL 6?
        a. margin 0.036884895164741804
      yes, 124, ags used 139 = 139
   (1) can we show that 5 NL 3?
        a. margin -0.13350449293966804
      no
   (1) can we show that 5 NL 6?
        a. margin 0.04445870774497318
      yes, 103, ags used 0 = 103
      Best assertion(s) require sample: 103

ALTERNATE OUTCOME PAIR: 6,7
   (1) can we show that 4 NL 7?
        a. margin -0.24308943089431
      no
   (1) can we show that 4 NL 6?
        a. margin -0.10787334189131492
      no
   (1) can we show that 2 NL 7?
        a. margin -0.11510483525888027
      no
   (1) can we show that 2 NL 6?
        a. margin -0.0038510911424913807
      no
   (1) can we show that 1 NL 7?
        a. margin -0.15057766367137437
      no
   (1) can we show that 1 NL 6?
        a. margin -0.008900299529312372
      no
   (1) can we show that 3 NL 7?
        a. margin -0.10012836970475081
      no
   (1) can we show that 3 NL 6?
        a. margin 0.03110825845100451
      yes, 147, ags used 139 = 147
   (1) can we show that 5 NL 7?
        a. margin -0.021523320496364406
      no
   (1) can we show that 5 NL 6?
        a. margin 0.05519897304236232
      yes, 83, ags used 0 = 83
      Best assertion(s) require sample: 83

ALTERNATE OUTCOME PAIR: 6,5
   (1) can we show that 4 NL 5?
        a. margin -0.29546427043217827
      no
   (1) can we show that 4 NL 6?
        a. margin -0.14159178433889663
      no
   (1) can we show that 2 NL 5?
        a. margin -0.30196833547282875
      no
   (1) can we show that 2 NL 6?
        a. margin -0.058108686350021865
      no
   (1) can we show that 1 NL 5?
        a. margin -0.20757381258023144
      no
   (1) can we show that 1 NL 6?
        a. margin -0.05815147625160533
      no
   (1) can we show that 3 NL 5?
        a. margin -0.15258878904578543
      no
   (1) can we show that 3 NL 6?
        a. margin -0.014035087719298844
      no
   (1) can we show that 7 NL 5?
        a. margin -0.2674368848951645
      no
   (1) can we show that 7 NL 6?
        a. margin -0.02340607616602508
      no

ALTERNATE OUTCOME PAIR: 4,2
   (1) can we show that 6 NL 2?
        a. margin -0.2536585365853652
      no
   (1) can we show that 6 NL 4?
        a. margin -0.14009413778348323
      no
   (1) can we show that 1 NL 2?
        a. margin -0.12931108258451063
      no
   (1) can we show that 1 NL 4?
        a. margin -0.01001283697047417
      no
   (1) can we show that 3 NL 2?
        a. margin -0.08806161745828134
      no
   (1) can we show that 3 NL 4?
        a. margin 0.03949507916131756
      yes, 116, ags used 521 = 521
   (1) can we show that 7 NL 2?
        a. margin -0.03658536585365779
      no
   (1) can we show that 7 NL 4?
        a. margin -0.02691484809584932
      no
   (1) can we show that 5 NL 2?
        a. margin -0.025288831835686088
      no
   (1) can we show that 5 NL 4?
        a. margin 0.02160890029952922
      yes, 199, ags used 139 = 199
      Best assertion(s) require sample: 199

ALTERNATE OUTCOME PAIR: 4,1
   (1) can we show that 6 NL 1?
        a. margin -0.38981600342319256
      no
   (1) can we show that 6 NL 4?
        a. margin -0.1334617030380827
      no
   (1) can we show that 2 NL 1?
        a. margin -0.30231065468549356
      no
   (1) can we show that 2 NL 4?
        a. margin -0.05447154471544702
      no
   (1) can we show that 3 NL 1?
        a. margin -0.0849379546427036
      no
   (1) can we show that 3 NL 4?
        a. margin 0.033376123234916566
      yes, 137, ags used 521 = 521
   (1) can we show that 7 NL 1?
        a. margin -0.2647411210954219
      no
   (1) can we show that 7 NL 4?
        a. margin -0.016345742404792363
      no
   (1) can we show that 5 NL 1?
        a. margin -0.11065468549422386
      no
   (1) can we show that 5 NL 4?
        a. margin 0.022721437740693462
      yes, 189, ags used 139 = 189
      Best assertion(s) require sample: 189

ALTERNATE OUTCOME PAIR: 4,3
   (1) can we show that 6 NL 3?
        a. margin -0.4527599486521183
      no
   (1) can we show that 6 NL 4?
        a. margin -0.12772785622592975
      no
   (1) can we show that 2 NL 3?
        a. margin -0.36071887034659733
      no
   (1) can we show that 2 NL 4?
        a. margin -0.0491228070175429
      no
   (1) can we show that 1 NL 3?
        a. margin -0.21433461703038004
      no
   (1) can we show that 1 NL 4?
        a. margin -0.01228070175438667
      no
   (1) can we show that 7 NL 3?
        a. margin -0.31934103551561865
      no
   (1) can we show that 7 NL 4?
        a. margin -0.011895592640136177
      no
   (1) can we show that 5 NL 3?
        a. margin -0.1525887890457852
      no
   (1) can we show that 5 NL 4?
        a. margin 0.028070175438597245
      yes, 155, ags used 139 = 155
      Best assertion(s) require sample: 155

ALTERNATE OUTCOME PAIR: 4,7
   (1) can we show that 6 NL 7?
        a. margin -0.27342747111681576
      no
   (1) can we show that 6 NL 4?
        a. margin -0.13774069319640703
      no
   (1) can we show that 2 NL 7?
        a. margin -0.11497646555413077
      no
   (1) can we show that 2 NL 4?
        a. margin -0.06332905434317604
      no
   (1) can we show that 1 NL 7?
        a. margin -0.15121951219512286
      no
   (1) can we show that 1 NL 4?
        a. margin -0.007488232777066006
      no
   (1) can we show that 3 NL 7?
        a. margin -0.10192554557124656
      no
   (1) can we show that 3 NL 4?
        a. margin 0.04082156611039678
      yes, 112, ags used 521 = 521
   (1) can we show that 5 NL 7?
        a. margin -0.044244758237055315
      no
   (1) can we show that 5 NL 4?
        a. margin 0.024475823705603306
      yes, 177, ags used 139 = 177
      Best assertion(s) require sample: 177

ALTERNATE OUTCOME PAIR: 4,5
   (1) can we show that 6 NL 5?
        a. margin -0.3697475395806582
      no
   (1) can we show that 6 NL 4?
        a. margin -0.2571673085151901
      no
   (1) can we show that 2 NL 5?
        a. margin -0.29272571673085046
      no
   (1) can we show that 2 NL 4?
        a. margin -0.18258451005562792
      no
   (1) can we show that 1 NL 5?
        a. margin -0.19961489088575246
      no
   (1) can we show that 1 NL 4?
        a. margin -0.10393667094565784
      no
   (1) can we show that 3 NL 5?
        a. margin -0.14450149764655684
      no
   (1) can we show that 3 NL 4?
        a. margin -0.041463414634147155
      no
   (1) can we show that 7 NL 5?
        a. margin -0.25819426615318686
      no
   (1) can we show that 7 NL 4?
        a. margin -0.14390243902439015
      no

ALTERNATE OUTCOME PAIR: 2,1
   (1) can we show that 6 NL 1?
        a. margin -0.3903722721437741
      no
   (1) can we show that 6 NL 2?
        a. margin -0.2506204535729567
      no
   (1) can we show that 4 NL 1?
        a. margin -0.324390243902439
      no
   (1) can we show that 4 NL 2?
        a. margin -0.22190842961061208
      no
   (1) can we show that 3 NL 1?
        a. margin -0.08117244330338047
      no
   (1) can we show that 3 NL 2?
        a. margin -0.0884039366709457
      no
   (1) can we show that 7 NL 1?
        a. margin -0.27167308515190425
      no
   (1) can we show that 7 NL 2?
        a. margin -0.032948224219084166
      no
   (1) can we show that 5 NL 1?
        a. margin -0.07920410783055198
      no
   (1) can we show that 5 NL 2?
        a. margin 0.004150620453573062
      yes, 1670, ags used 521 = 1670
      Best assertion(s) require sample: 1670

ALTERNATE OUTCOME PAIR: 2,3
   (1) can we show that 6 NL 3?
        a. margin -0.45502781343602905
      no
   (1) can we show that 6 NL 2?
        a. margin -0.2498502353444586
      no
   (1) can we show that 4 NL 3?
        a. margin -0.3852374839537869
      no
   (1) can we show that 4 NL 2?
        a. margin -0.22169448010269555
      no
   (1) can we show that 1 NL 3?
        a. margin -0.2153615746683777
      no
   (1) can we show that 1 NL 2?
        a. margin -0.12969619169875846
      no
   (1) can we show that 7 NL 3?
        a. margin -0.327599486521181
      no
   (1) can we show that 7 NL 2?
        a. margin -0.03414634146341455
      no
   (1) can we show that 5 NL 3?
        a. margin -0.12284980744544272
      no
   (1) can we show that 5 NL 2?
        a. margin 0.0037655113393240125
      yes, 1996, ags used 521 = 1996
      Best assertion(s) require sample: 1996

ALTERNATE OUTCOME PAIR: 2,7
   (1) can we show that 6 NL 7?
        a. margin -0.24433033804022308
      no
   (1) can we show that 6 NL 2?
        a. margin -0.21514762516046393
      no
   (1) can we show that 4 NL 7?
        a. margin -0.2144629867351311
      no
   (1) can we show that 4 NL 2?
        a. margin -0.1864783910997022
      no
   (1) can we show that 1 NL 7?
        a. margin -0.12225074882327658
      no
   (1) can we show that 1 NL 2?
        a. margin -0.09067180145485831
      no
   (1) can we show that 3 NL 7?
        a. margin -0.07188703465982083
      no
   (1) can we show that 3 NL 2?
        a. margin -0.050449293966625564
      no
   (1) can we show that 5 NL 7?
        a. margin 0.01082584510055562
      yes, 421, ags used 521 = 521
   (1) can we show that 5 NL 2?
        a. margin 0.01313649978604814
      yes, 314, ags used 139 = 314
      Best assertion(s) require sample: 314

ALTERNATE OUTCOME PAIR: 2,5
   (1) can we show that 6 NL 5?
        a. margin -0.3779632006846385
      no
   (1) can we show that 6 NL 2?
        a. margin -0.25395806589644854
      no
   (1) can we show that 4 NL 5?
        a. margin -0.29448010269576397
      no
   (1) can we show that 4 NL 2?
        a. margin -0.22652973898160111
      no
   (1) can we show that 1 NL 5?
        a. margin -0.2071459135643985
      no
   (1) can we show that 1 NL 2?
        a. margin -0.13042362002567465
      no
   (1) can we show that 3 NL 5?
        a. margin -0.15194694052203694
      no
   (1) can we show that 3 NL 2?
        a. margin -0.08921694480102771
      no
   (1) can we show that 7 NL 5?
        a. margin -0.26824989302524593
      no
   (1) can we show that 7 NL 2?
        a. margin -0.03551561831407757
      no

ALTERNATE OUTCOME PAIR: 1,3
   (1) can we show that 6 NL 3?
        a. margin -0.4191270860077023
      no
   (1) can we show that 6 NL 1?
        a. margin -0.3524604193410359
      no
   (1) can we show that 4 NL 3?
        a. margin -0.3525887890457853
      no
   (1) can we show that 4 NL 1?
        a. margin -0.29024390243902487
      no
   (1) can we show that 2 NL 3?
        a. margin -0.328712023962345
      no
   (1) can we show that 2 NL 1?
        a. margin -0.2656397090286682
      no
   (1) can we show that 7 NL 3?
        a. margin -0.28682071031236633
      no
   (1) can we show that 7 NL 1?
        a. margin -0.22892597347026145
      no
   (1) can we show that 5 NL 3?
        a. margin -0.09400941377834837
      no
   (1) can we show that 5 NL 1?
        a. margin -0.04993581514762513
      no

ALTERNATE OUTCOME PAIR: 1,7
   (1) can we show that 6 NL 7?
        a. margin -0.2716302952503209
      no
   (1) can we show that 6 NL 1?
        a. margin -0.390372272143775
      no
   (1) can we show that 4 NL 7?
        a. margin -0.24249037227214376
      no
   (1) can we show that 4 NL 1?
        a. margin -0.3250320924261889
      no
   (1) can we show that 2 NL 7?
        a. margin -0.11467693624304676
      no
   (1) can we show that 2 NL 1?
        a. margin -0.30919982884039476
      no
   (1) can we show that 3 NL 7?
        a. margin -0.10320924261874209
      no
   (1) can we show that 3 NL 1?
        a. margin -0.0839537869062913
      no
   (1) can we show that 5 NL 7?
        a. margin -0.015875053487377055
      no
   (1) can we show that 5 NL 1?
        a. margin -0.07907573812580437
      no

ALTERNATE OUTCOME PAIR: 1,5
   (1) can we show that 6 NL 5?
        a. margin -0.36863500213949496
      no
   (1) can we show that 6 NL 1?
        a. margin -0.3699614890885746
      no
   (1) can we show that 4 NL 5?
        a. margin -0.28793324775353013
      no
   (1) can we show that 4 NL 1?
        a. margin -0.3162601626016259
      no
   (1) can we show that 2 NL 5?
        a. margin -0.29161317928968755
      no
   (1) can we show that 2 NL 1?
        a. margin -0.2817287120239622
      no
   (1) can we show that 3 NL 5?
        a. margin -0.15104835258878924
      no
   (1) can we show that 3 NL 1?
        a. margin -0.07749251176722372
      no
   (1) can we show that 7 NL 5?
        a. margin -0.25708172871202384
      no
   (1) can we show that 7 NL 1?
        a. margin -0.24437312794180543
      no

ALTERNATE OUTCOME PAIR: 3,7
   (1) can we show that 6 NL 7?
        a. margin -0.26636713735558326
      no
   (1) can we show that 6 NL 3?
        a. margin -0.4502781343602914
      no
   (1) can we show that 4 NL 7?
        a. margin -0.23846812152331975
      no
   (1) can we show that 4 NL 3?
        a. margin -0.38108686350021526
      no
   (1) can we show that 2 NL 7?
        a. margin -0.1084296106118956
      no
   (1) can we show that 2 NL 3?
        a. margin -0.3662387676508352
      no
   (1) can we show that 1 NL 7?
        a. margin -0.1492083868207097
      no
   (1) can we show that 1 NL 3?
        a. margin -0.2085151904150636
      no
   (1) can we show that 5 NL 7?
        a. margin -0.01168164313222042
      no
   (1) can we show that 5 NL 3?
        a. margin -0.11844244758237266
      no

ALTERNATE OUTCOME PAIR: 7,5
   (1) can we show that 6 NL 5?
        a. margin -0.3771929824561411
      no
   (1) can we show that 6 NL 7?
        a. margin -0.2735558408215667
      no
   (1) can we show that 4 NL 5?
        a. margin -0.2942661531878481
      no
   (1) can we show that 4 NL 7?
        a. margin -0.24582798459563626
      no
   (1) can we show that 2 NL 5?
        a. margin -0.30226786478391143
      no
   (1) can we show that 2 NL 7?
        a. margin -0.11416345742404932
      no
   (1) can we show that 1 NL 5?
        a. margin -0.20581942661531938
      no
   (1) can we show that 1 NL 7?
        a. margin -0.1522464698331203
      no
   (1) can we show that 3 NL 5?
        a. margin -0.15079161317929024
      no
   (1) can we show that 3 NL 7?
        a. margin -0.10235344458707818
      no

RULE OUT PAIR STAGE ASN 1996
------------------------------------------------
EXAMINING WAYS TO REDUCE COST OF AUDIT
------------------------------------------------
Alternate outcome cannot be ruled out: 6,5
Alternate outcome cannot be ruled out: 4,5
Alternate outcome cannot be ruled out: 2,5
Alternate outcome cannot be ruled out: 1,3
Alternate outcome cannot be ruled out: 1,7
Alternate outcome cannot be ruled out: 1,5
Alternate outcome cannot be ruled out: 3,7
Alternate outcome cannot be ruled out: 7,5
Full audit not possible
PARTIAL audit sample size: 1996
------------------------------------------------
Final set of assertions generated:
5 NL 6 = 85 [rules out (6, 2), G = set(), O = set()]
(4, 'AG', 3, 521)
5 NL 4 = 155 [rules out (4, 3), G = {5}, O = set()]
5 NL 4 = 177 [rules out (4, 7), G = {5}, O = set()]
5 NL 2 = 1996 [rules out (2, 3), G = {3, 5}, O = set()]
5 NL 6 = 103 [rules out (6, 3), G = set(), O = set()]
5 NL 4 = 189 [rules out (4, 1), G = {5}, O = set()]
5 NL 6 = 114 [rules out (6, 4), G = set(), O = set()]
5 NL 2 = 1670 [rules out (2, 1), G = {3, 5}, O = set()]
5 NL 6 = 104 [rules out (6, 1), G = set(), O = set()]
(4, 'AG', 5, 139)
5 NL 2 = 314 [rules out (2, 7), G = {5}, O = set()]
5 NL 4 = 199 [rules out (4, 2), G = {5}, O = set()]
5 NL 6 = 83 [rules out (6, 7), G = set(), O = set()]
[] are verified winners with these assertions.
[1, 2, 3, 4, 5, 6, 7] remain as potential winners in this audit.
------------------------------------------------
