VALID BALLOTS 7073
Winner 5
Winner 3
Computing AG relationships
8 AG 6 = 68
1 AG 6 = 40
5 AG 6 = 22
5 AG 2 = 70
5 AG 7 = 237
5 AG 1 = 134
4 AG 6 = 61
3 AG 6 = 51
3 AG 2 = 169
Ruling out candidates: [(6, 40), (2, 169)]
STAGE 1 ASN (Ruling out candidates): 169
ALTERNATE OUTCOME PAIR: 7,8
   (1) can we show that 1 NL 8?
        a. margin -0.2555728356661501
      no
   (1) can we show that 1 NL 7?
        a. margin -0.011546255714221298
      no
   (1) can we show that 5 NL 8?
        a. margin -0.00966115274046997
      no
   (1) can we show that 5 NL 7?
        a. margin 0.025873038314716545
      yes, 47, ags used 134 = 134
   (1) can we show that 4 NL 8?
        a. margin -0.23535510627268075
      no
   (1) can we show that 4 NL 7?
        a. margin 0.05037937697346573
      yes, 91, ags used 237 = 237
   (1) can we show that 3 NL 8?
        a. margin -0.07804326311324894
      no
   (1) can we show that 3 NL 7?
        a. margin 0.0003770205947495331
      yes, 7073, ags used 237 = 7073
      Best assertion(s) require sample: 134

ALTERNATE OUTCOME PAIR: 7,1
   (1) can we show that 8 NL 1?
        a. margin -0.06098308120080986
      no
   (1) can we show that 8 NL 7?
        a. margin -0.02507186955087426
      no
   (1) can we show that 5 NL 1?
        a. margin 0.03652387011640412
      yes, 107, ags used 70 = 107
   (1) can we show that 5 NL 7?
        a. margin 0.02987888213393619
      yes, 127, ags used 70 = 127
   (1) can we show that 4 NL 1?
        a. margin -0.050379376973467505
      no
   (1) can we show that 4 NL 7?
        a. margin 0.050520759696498274
      yes, 90, ags used 237 = 237
   (1) can we show that 3 NL 1?
        a. margin -0.028465054903625386
      no
   (1) can we show that 3 NL 7?
        a. margin 0.009566897591780865
      yes, 541, ags used 237 = 541
      Best assertion(s) require sample: 107

ALTERNATE OUTCOME PAIR: 7,5
   (1) can we show that 8 NL 5?
        a. margin -0.28983458221405267
      no
   (1) can we show that 8 NL 7?
        a. margin -0.13092040152693118
      no
   (1) can we show that 1 NL 5?
        a. margin -0.30727178472124195
      no
   (1) can we show that 1 NL 7?
        a. margin -0.1485932419058439
      no
   (1) can we show that 4 NL 5?
        a. margin -0.31848814741505294
      no
   (1) can we show that 4 NL 7?
        a. margin -0.026956972524627698
      no
   (1) can we show that 3 NL 5?
        a. margin -0.2645270747914614
      no
   (1) can we show that 3 NL 7?
        a. margin -0.09774258918893841
      no

ALTERNATE OUTCOME PAIR: 7,4
   (1) can we show that 8 NL 4?
        a. margin -0.2106131297422107
      no
   (1) can we show that 8 NL 7?
        a. margin -0.007163391300247901
      no
   (1) can we show that 1 NL 4?
        a. margin -0.2285216079928396
      no
   (1) can we show that 1 NL 7?
        a. margin 0.010273811206938932
      yes, 505, ags used 237 = 505
   (1) can we show that 5 NL 4?
        a. margin 0.031151326641215338
      yes, 147, ags used 134 = 147
   (1) can we show that 5 NL 7?
        a. margin 0.048541401574062615
      yes, 84, ags used 70 = 84
   (1) can we show that 3 NL 4?
        a. margin -0.17512606626137261
      no
   (1) can we show that 3 NL 7?
        a. margin 0.027522503416750776
      yes, 166, ags used 237 = 237
      Best assertion(s) require sample: 84

ALTERNATE OUTCOME PAIR: 7,3
   (1) can we show that 8 NL 3?
        a. margin -0.11758329798765188
      no
   (1) can we show that 8 NL 7?
        a. margin -0.03327206748668665
      no
   (1) can we show that 1 NL 3?
        a. margin -0.2339412790423696
      no
   (1) can we show that 1 NL 7?
        a. margin -0.006786370705498146
      no
   (1) can we show that 5 NL 3?
        a. margin -0.007163391300251232
      no
   (1) can we show that 5 NL 7?
        a. margin 0.030821433620811467
      yes, 124, ags used 70 = 124
   (1) can we show that 4 NL 3?
        a. margin -0.2321975587916496
      no
   (1) can we show that 4 NL 7?
        a. margin 0.051321928460342336
      yes, 89, ags used 237 = 237
      Best assertion(s) require sample: 124

ALTERNATE OUTCOME PAIR: 8,1
   (1) can we show that 7 NL 1?
        a. margin -0.14548282199915263
      no
   (1) can we show that 7 NL 8?
        a. margin -0.3416277864178332
      no
   (1) can we show that 5 NL 1?
        a. margin 0.035628446203872954
      yes, 110, ags used 70 = 110
   (1) can we show that 5 NL 8?
        a. margin -0.06866487581884162
      no
   (1) can we show that 4 NL 1?
        a. margin -0.0502851218247804
      no
   (1) can we show that 4 NL 8?
        a. margin -0.23474244780621145
      no
   (1) can we show that 3 NL 1?
        a. margin -0.029973137282624185
      no
   (1) can we show that 3 NL 8?
        a. margin -0.07912719732315399
      no
      Best assertion(s) require sample: 110

ALTERNATE OUTCOME PAIR: 8,5
   (1) can we show that 7 NL 5?
        a. margin -0.42070785616664197
      no
   (1) can we show that 7 NL 8?
        a. margin -0.32070314340920725
      no
   (1) can we show that 1 NL 5?
        a. margin -0.2919081954851812
      no
   (1) can we show that 1 NL 8?
        a. margin -0.23219755879165327
      no
   (1) can we show that 4 NL 5?
        a. margin -0.3015222206513051
      no
   (1) can we show that 4 NL 8?
        a. margin -0.21471322871012133
      no
   (1) can we show that 3 NL 5?
        a. margin -0.2673076016777426
      no
   (1) can we show that 3 NL 8?
        a. margin -0.06037042273434445
      no

ALTERNATE OUTCOME PAIR: 8,4
   (1) can we show that 7 NL 4?
        a. margin -0.3133983693859299
      no
   (1) can we show that 7 NL 8?
        a. margin -0.3390357698289267
      no
   (1) can we show that 1 NL 4?
        a. margin -0.22526980536312136
      no
   (1) can we show that 1 NL 8?
        a. margin -0.24911635798105347
      no
   (1) can we show that 5 NL 4?
        a. margin 0.026909844950278483
      yes, 170, ags used 134 = 170
   (1) can we show that 5 NL 8?
        a. margin 0.004995522880437919
      yes, 1149, ags used 237 = 1149
   (1) can we show that 3 NL 4?
        a. margin -0.18695508742165112
      no
   (1) can we show that 3 NL 8?
        a. margin -0.07318912295584334
      no
      Best assertion(s) require sample: 170

ALTERNATE OUTCOME PAIR: 8,3
   (1) can we show that 7 NL 3?
        a. margin -0.2932277675668067
      no
   (1) can we show that 7 NL 8?
        a. margin -0.29563127385833543
      no
   (1) can we show that 1 NL 3?
        a. margin -0.1939299684245288
      no
   (1) can we show that 1 NL 8?
        a. margin -0.2096234506809913
      no
   (1) can we show that 5 NL 3?
        a. margin 0.030444413026058603
      yes, 150, ags used 134 = 150
   (1) can we show that 5 NL 8?
        a. margin 0.03416749139921693
      yes, 134, ags used 134 = 134
   (1) can we show that 4 NL 3?
        a. margin -0.19067816579480978
      no
   (1) can we show that 4 NL 8?
        a. margin -0.19034827277440114
      no
      Best assertion(s) require sample: 134

ALTERNATE OUTCOME PAIR: 1,5
   (1) can we show that 7 NL 5?
        a. margin -0.41821009472642434
      no
   (1) can we show that 7 NL 1?
        a. margin -0.18516423959658657
      no
   (1) can we show that 8 NL 5?
        a. margin -0.27126631792261635
      no
   (1) can we show that 8 NL 1?
        a. margin -0.11041990668740143
      no
   (1) can we show that 4 NL 5?
        a. margin -0.299071586785428
      no
   (1) can we show that 4 NL 1?
        a. margin -0.08737452283330993
      no
   (1) can we show that 3 NL 5?
        a. margin -0.24624157594608587
      no
   (1) can we show that 3 NL 1?
        a. margin -0.07879730430274845
      no

ALTERNATE OUTCOME PAIR: 1,4
   (1) can we show that 7 NL 4?
        a. margin -0.3096281634384278
      no
   (1) can we show that 7 NL 1?
        a. margin -0.14364484659974552
      no
   (1) can we show that 8 NL 4?
        a. margin -0.20566473443611843
      no
   (1) can we show that 8 NL 1?
        a. margin -0.05735425797634208
      no
   (1) can we show that 5 NL 4?
        a. margin -0.027239737970686795
      no
   (1) can we show that 5 NL 1?
        a. margin 0.04015269334087357
      yes, 99, ags used 70 = 99
   (1) can we show that 3 NL 4?
        a. margin -0.17074320184740088
      no
   (1) can we show that 3 NL 1?
        a. margin -0.024694848956123394
      no
      Best assertion(s) require sample: 99

ALTERNATE OUTCOME PAIR: 1,3
   (1) can we show that 7 NL 3?
        a. margin -0.3332390781846458
      no
   (1) can we show that 7 NL 1?
        a. margin -0.1447287808096518
      no
   (1) can we show that 8 NL 3?
        a. margin -0.11588670531127765
      no
   (1) can we show that 8 NL 1?
        a. margin -0.0622555257080919
      no
   (1) can we show that 5 NL 3?
        a. margin -0.06527169046609171
      no
   (1) can we show that 5 NL 1?
        a. margin 0.036853763136811324
      yes, 107, ags used 70 = 107
   (1) can we show that 4 NL 3?
        a. margin -0.2307366039869928
      no
   (1) can we show that 4 NL 1?
        a. margin -0.04953108063527978
      no
      Best assertion(s) require sample: 107

ALTERNATE OUTCOME PAIR: 5,4
   (1) can we show that 7 NL 4?
        a. margin -0.29798765257551996
      no
   (1) can we show that 7 NL 5?
        a. margin -0.4317828361374242
      no
   (1) can we show that 8 NL 4?
        a. margin -0.1935058202554294
      no
   (1) can we show that 8 NL 5?
        a. margin -0.2792780055610524
      no
   (1) can we show that 1 NL 4?
        a. margin -0.20943494038362176
      no
   (1) can we show that 1 NL 5?
        a. margin -0.29553701870964644
      no
   (1) can we show that 3 NL 4?
        a. margin -0.15679343984165262
      no
   (1) can we show that 3 NL 5?
        a. margin -0.25307507422592834
      no

ALTERNATE OUTCOME PAIR: 4,3
   (1) can we show that 7 NL 3?
        a. margin -0.3322965266977709
      no
   (1) can we show that 7 NL 4?
        a. margin -0.3102408219048973
      no
   (1) can we show that 8 NL 3?
        a. margin -0.11334181629671547
      no
   (1) can we show that 8 NL 4?
        a. margin -0.21961449644186848
      no
   (1) can we show that 1 NL 3?
        a. margin -0.22913426645930401
      no
   (1) can we show that 1 NL 4?
        a. margin -0.2228191714972413
      no
   (1) can we show that 5 NL 3?
        a. margin 0.0066921155568124835
      yes, 863, ags used 237 = 863
   (1) can we show that 5 NL 4?
        a. margin 0.032141005702436054
      yes, 142, ags used 134 = 142
      Best assertion(s) require sample: 142

RULE OUT PAIR STAGE ASN 170
------------------------------------------------
EXAMINING WAYS TO REDUCE COST OF AUDIT
------------------------------------------------
Alternate outcome cannot be ruled out: 7,5
Alternate outcome cannot be ruled out: 8,5
Alternate outcome cannot be ruled out: 1,5
Alternate outcome cannot be ruled out: 5,4
Full audit not possible
PARTIAL audit sample size: 170
------------------------------------------------
Final set of assertions generated:
(4, 'AG', 1, 70)
5 NL 1 = 99 [rules out (1, 4), G = {1, 5}, O = set()]
(2, 'AG', 1, 169)
5 NL 4 = 170 [rules out (8, 4), G = {0, 1, 5}, O = set()]

(4, 'AG', 5, 22)
5 NL 1 = 107 [rules out (1, 3), G = {1, 5}, O = set()]
(0, 'AG', 5, 40)
5 NL 4 = 142 [rules out (4, 3), G = {0, 1, 5}, O = set()]
5 NL 1 = 107 [rules out (7, 1), G = {1, 5}, O = set()]

(4, 'AG', 0, 134)
5 NL 7 = 84 [rules out (7, 4), G = {1, 5}, O = set()]
5 NL 1 = 110 [rules out (8, 1), G = {1, 5}, O = set()]

5 NL 7 = 124 [rules out (7, 3), G = {1, 5}, O = set()]
5 NL 7 = 134 [rules out (7, 8), G = {0, 1, 5}, O = set()]
5 NL 8 = 134 [rules out (8, 3), G = {0, 1, 5}, O = set()]
[5] are verified winners with these assertions.
[1, 3, 4, 7, 8] remain as potential winners in this audit.
------------------------------------------------
