VALID BALLOTS 9773
Winner 8
Winner 3
Computing AG relationships
2 AG 6 = 516
4 AG 6 = 79
5 AG 6 = 38
8 AG 6 = 18
8 AG 7 = 51
8 AG 2 = 45
8 AG 4 = 104
8 AG 1 = 170
1 AG 6 = 33
3 AG 6 = 29
Ruling out candidates: [(6, 29)]
STAGE 1 ASN (Ruling out candidates): 29
ALTERNATE OUTCOME PAIR: 7,2
   (1) can we show that 4 NL 2?
        a. margin -0.01879327398615316
      no
   (1) can we show that 4 NL 7?
        a. margin 0.000272860602339442
      yes, 9773, ags used 79 = 9773
   (1) can we show that 5 NL 2?
        a. margin -0.019475425492002763
      no
   (1) can we show that 5 NL 7?
        a. margin -0.02288618302124934
      no
   (1) can we show that 8 NL 2?
        a. margin 0.10395988949145485
      yes, 43, ags used 18 = 43
   (1) can we show that 8 NL 7?
        a. margin 0.0935229714519592
      yes, 48, ags used 18 = 48
   (1) can we show that 1 NL 2?
        a. margin 0.10399399706674717
      yes, 44, ags used 45 = 45
   (1) can we show that 1 NL 7?
        a. margin 0.0045021999386059
      yes, 43, ags used 51 = 51
   (1) can we show that 3 NL 2?
        a. margin 0.015041440703979392
      yes, 305, ags used 45 = 305
   (1) can we show that 3 NL 7?
        a. margin 0.013949998294620958
      yes, 329, ags used 51 = 329
      Best assertion(s) require sample: 43

ALTERNATE OUTCOME PAIR: 7,4
   (1) can we show that 2 NL 4?
        a. margin -0.14178519049080907
      no
   (1) can we show that 2 NL 7?
        a. margin -0.07657150653160294
      no
   (1) can we show that 5 NL 4?
        a. margin -0.07278556567413741
      no
   (1) can we show that 5 NL 7?
        a. margin -0.014018213445205263
      no
   (1) can we show that 8 NL 4?
        a. margin 0.04815989631297013
      yes, 74, ags used 45 = 74
   (1) can we show that 8 NL 7?
        a. margin 0.10307309253385277
      yes, 44, ags used 18 = 44
   (1) can we show that 1 NL 4?
        a. margin 0.058801459804221246
      yes, 78, ags used 104 = 104
   (1) can we show that 1 NL 7?
        a. margin 0.011562468024146177
      yes, 40, ags used 51 = 51
   (1) can we show that 3 NL 4?
        a. margin -0.03594938435826711
      no
   (1) can we show that 3 NL 7?
        a. margin 0.0006480439305549535
      yes, 198, ags used 51 = 198
      Best assertion(s) require sample: 44

ALTERNATE OUTCOME PAIR: 7,5
   (1) can we show that 2 NL 5?
        a. margin -0.5217776868242443
      no
   (1) can we show that 2 NL 7?
        a. margin -0.08670145639346649
      no
   (1) can we show that 4 NL 5?
        a. margin -0.47078686176199824
      no
   (1) can we show that 4 NL 7?
        a. margin -0.001296087861115569
      no
   (1) can we show that 8 NL 5?
        a. margin 0.008663324124288607
      yes, 682, ags used 170 = 682
   (1) can we show that 8 NL 7?
        a. margin 0.09103311845560902
      yes, 44, ags used 45 = 45
   (1) can we show that 1 NL 5?
        a. margin -0.393055697670454
      no
   (1) can we show that 1 NL 7?
        a. margin 0.006889730209077349
      yes, 44, ags used 51 = 51
   (1) can we show that 3 NL 5?
        a. margin -0.11698898325318174
      no
   (1) can we show that 3 NL 7?
        a. margin 0.011255499846515082
      yes, 525, ags used 51 = 525
      Best assertion(s) require sample: 45

ALTERNATE OUTCOME PAIR: 7,8
   (1) can we show that 2 NL 8?
        a. margin -0.5400593471810098
      no
   (1) can we show that 2 NL 7?
        a. margin -0.15583751151130765
      no
   (1) can we show that 4 NL 8?
        a. margin -0.49002353422695255
      no
   (1) can we show that 4 NL 7?
        a. margin -0.07210341416828636
      no
   (1) can we show that 5 NL 8?
        a. margin -0.27153040690337404
      no
   (1) can we show that 5 NL 7?
        a. margin -0.04570415089191304
      no
   (1) can we show that 1 NL 8?
        a. margin -0.40894982775674593
      no
   (1) can we show that 1 NL 7?
        a. margin 0.01350659981582214
      yes, 380, ags used 33 = 380
   (1) can we show that 3 NL 8?
        a. margin -0.20853371533817733
      no
   (1) can we show that 3 NL 7?
        a. margin -0.009481905931306489
      no
      Best assertion(s) require sample: 380

ALTERNATE OUTCOME PAIR: 7,1
   (1) can we show that 2 NL 1?
        a. margin -0.18230498993826572
      no
   (1) can we show that 2 NL 7?
        a. margin -0.06995463692486137
      no
   (1) can we show that 4 NL 1?
        a. margin -0.11518128176267983
      no
   (1) can we show that 4 NL 7?
        a. margin 0.012790340734677219
      yes, 448, ags used 79 = 448
   (1) can we show that 5 NL 1?
        a. margin -0.09539888809304586
      no
   (1) can we show that 5 NL 7?
        a. margin -0.0007162590811421454
      no
   (1) can we show that 8 NL 1?
        a. margin 0.02960537535386565
      yes, 89, ags used 104 = 104
   (1) can we show that 8 NL 7?
        a. margin 0.11651147719908561
      yes, 39, ags used 18 = 39
   (1) can we show that 3 NL 1?
        a. margin -0.061666496128790715
      no
   (1) can we show that 3 NL 7?
        a. margin 0.01248337255704457
      yes, 126, ags used 51 = 126
      Best assertion(s) require sample: 39

ALTERNATE OUTCOME PAIR: 7,3
   (1) can we show that 2 NL 3?
        a. margin -0.5150584944916272
      no
   (1) can we show that 2 NL 7?
        a. margin -0.08605341246290688
      no
   (1) can we show that 4 NL 3?
        a. margin -0.4663187693986841
      no
   (1) can we show that 4 NL 7?
        a. margin -0.0006139363552637445
      no
   (1) can we show that 5 NL 3?
        a. margin -0.2569323646781959
      no
   (1) can we show that 5 NL 7?
        a. margin -0.025580681469354105
      no
   (1) can we show that 8 NL 3?
        a. margin -0.003103789351614483
      no
   (1) can we show that 8 NL 7?
        a. margin 0.09161294723558111
      yes, 43, ags used 45 = 45
   (1) can we show that 1 NL 3?
        a. margin -0.3828575326580045
      no
   (1) can we show that 1 NL 7?
        a. margin 0.010709778641833978
      yes, 44, ags used 51 = 51
      Best assertion(s) require sample: 45

ALTERNATE OUTCOME PAIR: 2,4
   (1) can we show that 7 NL 4?
        a. margin -0.16102186295576282
      no
   (1) can we show that 7 NL 2?
        a. margin -0.09819570926702759
      no
   (1) can we show that 5 NL 4?
        a. margin -0.07278556567413652
      no
   (1) can we show that 5 NL 2?
        a. margin -0.013847675568743112
      no
   (1) can we show that 8 NL 4?
        a. margin 0.04802346601180085
      yes, 87, ags used 51 = 87
   (1) can we show that 8 NL 2?
        a. margin 0.10962174699000737
      yes, 41, ags used 18 = 41
   (1) can we show that 1 NL 4?
        a. margin 0.05835806132542021
      yes, 78, ags used 104 = 104
   (1) can we show that 1 NL 2?
        a. margin 0.0031720045021981225
      yes, 42, ags used 45 = 45
   (1) can we show that 3 NL 4?
        a. margin -0.03632456768648351
      no
   (1) can we show that 3 NL 2?
        a. margin 0.02063508305194417
      yes, 222, ags used 45 = 222
      Best assertion(s) require sample: 41

ALTERNATE OUTCOME PAIR: 2,5
   (1) can we show that 7 NL 5?
        a. margin -0.5492683925099766
      no
   (1) can we show that 7 NL 2?
        a. margin -0.10129949861864396
      no
   (1) can we show that 4 NL 5?
        a. margin -0.46713735120570266
      no
   (1) can we show that 4 NL 2?
        a. margin -0.018759166410861616
      no
   (1) can we show that 8 NL 5?
        a. margin 0.0031378969269071355
      yes, 4577, ags used 170 = 4577
   (1) can we show that 8 NL 2?
        a. margin 0.10293666223268194
      yes, 44, ags used 18 = 44
   (1) can we show that 1 NL 5?
        a. margin -0.3899519083188381
      no
   (1) can we show that 1 NL 2?
        a. margin 0.002865036324565473
      yes, 44, ags used 45 = 45
   (1) can we show that 3 NL 5?
        a. margin -0.11511306661209453
      no
   (1) can we show that 3 NL 2?
        a. margin 0.013677137692280406
      yes, 383, ags used 45 = 383
      Best assertion(s) require sample: 44

ALTERNATE OUTCOME PAIR: 2,8
   (1) can we show that 7 NL 8?
        a. margin -0.5639005423104472
      no
   (1) can we show that 7 NL 2?
        a. margin -0.16712711893311705
      no
   (1) can we show that 4 NL 8?
        a. margin -0.4852825812612981
      no
   (1) can we show that 4 NL 2?
        a. margin -0.09147651693441128
      no
   (1) can we show that 5 NL 8?
        a. margin -0.2676762508953239
      no
   (1) can we show that 5 NL 2?
        a. margin -0.041952317609741274
      no
   (1) can we show that 1 NL 8?
        a. margin -0.4046522732698935
      no
   (1) can we show that 1 NL 2?
        a. margin 0.013984105869916386
      yes, 321, ags used 33 = 321
   (1) can we show that 3 NL 8?
        a. margin -0.20467955933012705
      no
   (1) can we show that 3 NL 2?
        a. margin -0.008185818070192807
      no
      Best assertion(s) require sample: 321

ALTERNATE OUTCOME PAIR: 2,1
   (1) can we show that 7 NL 1?
        a. margin -0.20379276237252297
      no
   (1) can we show that 7 NL 2?
        a. margin -0.08543947610764346
      no
   (1) can we show that 4 NL 1?
        a. margin -0.11385108632627305
      no
   (1) can we show that 4 NL 2?
        a. margin -0.0032743272280773006
      no
   (1) can we show that 5 NL 1?
        a. margin -0.09413690780722395
      no
   (1) can we show that 5 NL 2?
        a. margin 0.00266039087281289
      yes, 7253, ags used 45 = 7253
   (1) can we show that 8 NL 1?
        a. margin 0.031037893516149717
      yes, 100, ags used 104 = 104
   (1) can we show that 8 NL 2?
        a. margin 0.12619802858214824
      yes, 36, ags used 18 = 36
   (1) can we show that 3 NL 1?
        a. margin -0.06033630069238394
      no
   (1) can we show that 3 NL 2?
        a. margin 0.010129949861864329
      yes, 124, ags used 45 = 124
      Best assertion(s) require sample: 36

ALTERNATE OUTCOME PAIR: 2,3
   (1) can we show that 7 NL 3?
        a. margin -0.540639175960981
      no
   (1) can we show that 7 NL 2?
        a. margin -0.10198165012449245
      no
   (1) can we show that 4 NL 3?
        a. margin -0.463692486101163
      no
   (1) can we show that 4 NL 2?
        a. margin -0.019236672464954085
      no
   (1) can we show that 5 NL 3?
        a. margin -0.2549200177359394
      no
   (1) can we show that 5 NL 2?
        a. margin -0.021180804256625385
      no
   (1) can we show that 8 NL 3?
        a. margin -0.008731539274873246
      no
   (1) can we show that 8 NL 2?
        a. margin 0.10232272587741731
      yes, 44, ags used 18 = 44
   (1) can we show that 1 NL 3?
        a. margin -0.3806746478392854
      no
   (1) can we show that 1 NL 2?
        a. margin 0.004775060540944676
      yes, 44, ags used 45 = 45
      Best assertion(s) require sample: 44

ALTERNATE OUTCOME PAIR: 4,5
   (1) can we show that 7 NL 5?
        a. margin -0.5491660697840985
      no
   (1) can we show that 7 NL 4?
        a. margin -0.1609877553804704
      no
   (1) can we show that 2 NL 5?
        a. margin -0.5179917459667784
      no
   (1) can we show that 2 NL 4?
        a. margin -0.14236501927078082
      no
   (1) can we show that 8 NL 5?
        a. margin 0.009618336232477986
      yes, 615, ags used 170 = 615
   (1) can we show that 8 NL 4?
        a. margin 0.04717077662948976
      yes, 69, ags used 51 = 69
   (1) can we show that 1 NL 5?
        a. margin -0.3891674340871124
      no
   (1) can we show that 1 NL 4?
        a. margin 0.05781234012073955
      yes, 79, ags used 104 = 104
   (1) can we show that 3 NL 5?
        a. margin -0.11415805450390659
      no
   (1) can we show that 3 NL 4?
        a. margin -0.037416010095842944
      no
      Best assertion(s) require sample: 69

ALTERNATE OUTCOME PAIR: 4,8
   (1) can we show that 7 NL 8?
        a. margin -0.5652648453221456
      no
   (1) can we show that 7 NL 4?
        a. margin -0.20525938811010103
      no
   (1) can we show that 2 NL 8?
        a. margin -0.5363416214741286
      no
   (1) can we show that 2 NL 4?
        a. margin -0.19437907159180234
      no
   (1) can we show that 5 NL 8?
        a. margin -0.2683584024011725
      no
   (1) can we show that 5 NL 4?
        a. margin -0.09297725024728098
      no
   (1) can we show that 1 NL 8?
        a. margin -0.40506156417340433
      no
   (1) can we show that 1 NL 4?
        a. margin -0.010266380163031052
      no
   (1) can we show that 3 NL 8?
        a. margin -0.2054640335618556
      no
   (1) can we show that 3 NL 4?
        a. margin -0.05412872198915286
      no

ALTERNATE OUTCOME PAIR: 4,1
   (1) can we show that 7 NL 1?
        a. margin -0.19959753061154828
      no
   (1) can we show that 7 NL 4?
        a. margin -0.14205805109314784
      no
   (1) can we show that 2 NL 1?
        a. margin -0.17613151881032707
      no
   (1) can we show that 2 NL 4?
        a. margin -0.12292370135407116
      no
   (1) can we show that 5 NL 1?
        a. margin -0.08881612606159772
      no
   (1) can we show that 5 NL 4?
        a. margin -0.04672737815068706
      no
   (1) can we show that 8 NL 1?
        a. margin 0.03652921313823865
      yes, 82, ags used 51 = 82
   (1) can we show that 8 NL 4?
        a. margin 0.07462737473992997
      yes, 48, ags used 51 = 51
   (1) can we show that 3 NL 1?
        a. margin -0.05491319622088231
      no
   (1) can we show that 3 NL 4?
        a. margin -0.010061734711279025
      no
      Best assertion(s) require sample: 51

ALTERNATE OUTCOME PAIR: 4,3
   (1) can we show that 7 NL 3?
        a. margin -0.5404345305092255
      no
   (1) can we show that 7 NL 4?
        a. margin -0.1615675841604417
      no
   (1) can we show that 2 NL 3?
        a. margin -0.5118864899894258
      no
   (1) can we show that 2 NL 4?
        a. margin -0.14263787987311904
      no
   (1) can we show that 5 NL 3?
        a. margin -0.2534533919983619
      no
   (1) can we show that 5 NL 4?
        a. margin -0.07432040656229755
      no
   (1) can we show that 8 NL 3?
        a. margin -0.0028650363245669164
      no
   (1) can we show that 8 NL 4?
        a. margin 0.046932023602441975
      yes, 69, ags used 51 = 69
   (1) can we show that 1 NL 3?
        a. margin -0.3795490978546352
      no
   (1) can we show that 1 NL 4?
        a. margin 0.058051093147786004
      yes, 79, ags used 104 = 104
      Best assertion(s) require sample: 69

ALTERNATE OUTCOME PAIR: 5,8
   (1) can we show that 7 NL 8?
        a. margin -0.5329649715201734
      no
   (1) can we show that 7 NL 5?
        a. margin -0.47487977079709676
      no
   (1) can we show that 2 NL 8?
        a. margin -0.5054742658344439
      no
   (1) can we show that 2 NL 5?
        a. margin -0.4457860090726179
      no
   (1) can we show that 4 NL 8?
        a. margin -0.45537023772980223
      no
   (1) can we show that 4 NL 5?
        a. margin -0.3934990961492577
      no
   (1) can we show that 1 NL 8?
        a. margin -0.37446706913605743
      no
   (1) can we show that 1 NL 5?
        a. margin -0.31488113510010907
      no
   (1) can we show that 3 NL 8?
        a. margin -0.19465193219414223
      no
   (1) can we show that 3 NL 5?
        a. margin -0.0852689382311782
      no

ALTERNATE OUTCOME PAIR: 5,1
   (1) can we show that 7 NL 1?
        a. margin -0.2047477744807119
      no
   (1) can we show that 7 NL 5?
        a. margin -0.549370715235854
      no
   (1) can we show that 2 NL 1?
        a. margin -0.1822367747876804
      no
   (1) can we show that 2 NL 5?
        a. margin -0.5194924792796483
      no
   (1) can we show that 4 NL 1?
        a. margin -0.11477199085917122
      no
   (1) can we show that 4 NL 5?
        a. margin -0.4684675466421093
      no
   (1) can we show that 8 NL 1?
        a. margin 0.029537160203281676
      yes, 94, ags used 51 = 94
   (1) can we show that 8 NL 5?
        a. margin 0.003342542378662161
      yes, 272, ags used 104 = 272
   (1) can we show that 3 NL 1?
        a. margin -0.061939356731130824
      no
   (1) can we show that 3 NL 5?
        a. margin -0.11187284695930988
      no
      Best assertion(s) require sample: 94

ALTERNATE OUTCOME PAIR: 5,3
   (1) can we show that 7 NL 3?
        a. margin -0.5080664415566686
      no
   (1) can we show that 7 NL 5?
        a. margin -0.5023704764828256
      no
   (1) can we show that 2 NL 3?
        a. margin -0.4804051979944757
      no
   (1) can we show that 2 NL 5?
        a. margin -0.4724581329513272
      no
   (1) can we show that 4 NL 3?
        a. margin -0.4310856441215618
      no
   (1) can we show that 4 NL 5?
        a. margin -0.42098980183498635
      no
   (1) can we show that 8 NL 3?
        a. margin 0.00504792114328656
      yes, 119, ags used 170 = 170
   (1) can we show that 8 NL 5?
        a. margin 0.005832395375013677
      yes, 119, ags used 104 = 119
   (1) can we show that 1 NL 3?
        a. margin -0.34810191343497643
      no
   (1) can we show that 1 NL 5?
        a. margin -0.34329274531873777
      no
      Best assertion(s) require sample: 119

ALTERNATE OUTCOME PAIR: 8,1
   (1) can we show that 7 NL 1?
        a. margin -0.218936525802382
      no
   (1) can we show that 7 NL 8?
        a. margin -0.565469490773901
      no
   (1) can we show that 2 NL 1?
        a. margin -0.1973805382175392
      no
   (1) can we show that 2 NL 8?
        a. margin -0.5375353866093662
      no
   (1) can we show that 4 NL 1?
        a. margin -0.13131416487601977
      no
   (1) can we show that 4 NL 8?
        a. margin -0.48760189638118623
      no
   (1) can we show that 5 NL 1?
        a. margin -0.10573348340666522
      no
   (1) can we show that 5 NL 8?
        a. margin -0.2670623145400596
      no
   (1) can we show that 3 NL 1?
        a. margin -0.07247859749650465
      no
   (1) can we show that 3 NL 8?
        a. margin -0.20423616085132523
      no

ALTERNATE OUTCOME PAIR: 1,3
   (1) can we show that 7 NL 3?
        a. margin -0.540127562331594
      no
   (1) can we show that 7 NL 1?
        a. margin -0.20600975476653371
      no
   (1) can we show that 2 NL 3?
        a. margin -0.5127050717964461
      no
   (1) can we show that 2 NL 1?
        a. margin -0.18329410962174708
      no
   (1) can we show that 4 NL 3?
        a. margin -0.46386302397762547
      no
   (1) can we show that 4 NL 1?
        a. margin -0.1160680787202838
      no
   (1) can we show that 5 NL 3?
        a. margin -0.24949691326443624
      no
   (1) can we show that 5 NL 1?
        a. margin -0.09686551383062192
      no
   (1) can we show that 8 NL 3?
        a. margin 0.004638630239776065
      yes, 2057, ags used 104 = 2057
   (1) can we show that 8 NL 1?
        a. margin 0.028343395068044508
      yes, 96, ags used 51 = 96
      Best assertion(s) require sample: 96

RULE OUT PAIR STAGE ASN 380
------------------------------------------------
EXAMINING WAYS TO REDUCE COST OF AUDIT
------------------------------------------------
Alternate outcome cannot be ruled out: 4,8
Alternate outcome cannot be ruled out: 5,8
Alternate outcome cannot be ruled out: 8,1
Full audit not possible
PARTIAL audit sample size: 380
------------------------------------------------
Final set of assertions generated:
8 NL 4 = 69 [rules out (4, 5), G = {1, 5, 6}, O = set()]
1 NL 2 = 321 [rules out (2, 8), G = {5}, O = set()]
8 NL 2 = 36 [rules out (2, 1), G = {5}, O = set()]
(7, 'AG', 6, 51)
8 NL 1 = 94 [rules out (5, 1), G = {1, 5, 6}, O = set()]

(7, 'AG', 3, 104)
(2, 'AG', 5, 29)
(7, 'AG', 5, 18)
8 NL 2 = 41 [rules out (2, 4), G = {5}, O = set()]
8 NL 7 = 39 [rules out (7, 1), G = {5}, O = set()]
(7, 'AG', 1, 45)
8 NL 2 = 44 [rules out (2, 3), G = {5}, O = set()]
8 NL 5 = 119 [rules out (5, 3), G = {1, 3, 5, 6}, O = set()]
8 NL 4 = 51 [rules out (4, 1), G = {1, 5, 6}, O = set()]
8 NL 4 = 69 [rules out (4, 3), G = {1, 5, 6}, O = set()]
8 NL 7 = 45 [rules out (7, 5), G = {1, 5}, O = set()]
8 NL 7 = 44 [rules out (7, 4), G = {5}, O = set()]
8 NL 2 = 44 [rules out (2, 5), G = {5}, O = set()]
1 NL 7 = 380 [rules out (7, 8), G = {5}, O = set()]
8 NL 7 = 45 [rules out (7, 3), G = {1, 5}, O = set()]
(0, 'AG', 5, 33)
8 NL 1 = 96 [rules out (1, 3), G = {1, 5, 6}, O = set()]
8 NL 2 = 43 [rules out (7, 2), G = {5}, O = set()]

[8] are verified winners with these assertions.
[1, 3, 4, 5] remain as potential winners in this audit.
------------------------------------------------
