VALID BALLOTS 10649
Winner 8
Winner 1
Computing AG relationships
5 AG 6 = 65
5 AG 3 = 63
5 AG 9 = 4031
7 AG 6 = 39
7 AG 3 = 34
7 AG 10 = 128
7 AG 9 = 68
8 AG 6 = 57
8 AG 3 = 54
8 AG 9 = 220
1 AG 6 = 109
1 AG 3 = 109
Ruling out candidates: [(6, 57), (3, 54), (9, 220)]
STAGE 1 ASN (Ruling out candidates): 220
ALTERNATE OUTCOME PAIR: 10,2
   (1) can we show that 4 NL 2?
        a. margin -0.3216577456412184
      no
   (1) can we show that 4 NL 10?
        a. margin 0.04582589914545898
      yes, 100, ags used 128 = 128
   (1) can we show that 5 NL 2?
        a. margin -0.17766926471969213
      no
   (1) can we show that 5 NL 10?
        a. margin 0.033086048768271814
      yes, 138, ags used 128 = 138
   (1) can we show that 7 NL 2?
        a. margin -0.09431245500359975
      no
   (1) can we show that 7 NL 10?
        a. margin 0.04056718940745574
      yes, 82, ags used 68 = 82
   (1) can we show that 8 NL 2?
        a. margin -0.16164272075625274
      no
   (1) can we show that 8 NL 10?
        a. margin 0.04801702820296061
      yes, 95, ags used 128 = 128
   (1) can we show that 1 NL 2?
        a. margin -0.050834194134034005
      no
   (1) can we show that 1 NL 10?
        a. margin 0.052712304754750194
      yes, 87, ags used 128 = 128
      Best assertion(s) require sample: 82

ALTERNATE OUTCOME PAIR: 10,4
   (1) can we show that 2 NL 4?
        a. margin -0.10520549660375023
      no
   (1) can we show that 2 NL 10?
        a. margin -0.016840391899083595
      no
   (1) can we show that 5 NL 4?
        a. margin -0.038876889848812435
      no
   (1) can we show that 5 NL 10?
        a. margin 0.04379127930635329
      yes, 104, ags used 128 = 128
   (1) can we show that 7 NL 4?
        a. margin 0.010861739756471422
      yes, 545, ags used 68 = 545
   (1) can we show that 7 NL 10?
        a. margin 0.05120981625817933
      yes, 69, ags used 68 = 69
   (1) can we show that 8 NL 4?
        a. margin -0.024978871255517343
      no
   (1) can we show that 8 NL 10?
        a. margin 0.0587535605847207
      yes, 78, ags used 128 = 128
   (1) can we show that 1 NL 4?
        a. margin -0.02604313394058866
      no
   (1) can we show that 1 NL 10?
        a. margin 0.0632923279181119
      yes, 72, ags used 128 = 128
      Best assertion(s) require sample: 69

ALTERNATE OUTCOME PAIR: 10,5
   (1) can we show that 2 NL 5?
        a. margin -0.3780323661063638
      no
   (1) can we show that 2 NL 10?
        a. margin -0.02657526528312837
      no
   (1) can we show that 4 NL 5?
        a. margin -0.37847059191786436
      no
   (1) can we show that 4 NL 10?
        a. margin 0.044886843835095336
      yes, 102, ags used 128 = 128
   (1) can we show that 7 NL 5?
        a. margin -0.14408238645256233
      no
   (1) can we show that 7 NL 10?
        a. margin 0.03887688984881277
      yes, 85, ags used 68 = 85
   (1) can we show that 8 NL 5?
        a. margin -0.12192068112811871
      no
   (1) can we show that 8 NL 10?
        a. margin 0.043885184837386904
      yes, 104, ags used 128 = 128
   (1) can we show that 1 NL 5?
        a. margin -0.29448774532819944
      no
   (1) can we show that 1 NL 10?
        a. margin 0.05408958587660484
      yes, 84, ags used 128 = 128
      Best assertion(s) require sample: 85

ALTERNATE OUTCOME PAIR: 10,7
   (1) can we show that 2 NL 7?
        a. margin -0.39230600682380234
      no
   (1) can we show that 2 NL 10?
        a. margin -0.1357560960340637
      no
   (1) can we show that 4 NL 7?
        a. margin -0.40050708986759376
      no
   (1) can we show that 4 NL 10?
        a. margin -0.1520956584342963
      no
   (1) can we show that 5 NL 7?
        a. margin -0.1909725482830945
      no
   (1) can we show that 5 NL 10?
        a. margin -0.03436942435910073
      no
   (1) can we show that 8 NL 7?
        a. margin -0.17641719097254893
      no
   (1) can we show that 8 NL 10?
        a. margin -0.013146774345014878
      no
   (1) can we show that 1 NL 7?
        a. margin -0.3098256487307094
      no
   (1) can we show that 1 NL 10?
        a. margin -0.05264970106739575
      no

ALTERNATE OUTCOME PAIR: 10,8
   (1) can we show that 2 NL 8?
        a. margin -0.3726484489936459
      no
   (1) can we show that 2 NL 10?
        a. margin -0.025949228409547942
      no
   (1) can we show that 4 NL 8?
        a. margin -0.3692678498763581
      no
   (1) can we show that 4 NL 10?
        a. margin 0.045606786239717145
      yes, 100, ags used 128 = 128
   (1) can we show that 5 NL 8?
        a. margin -0.11910351519704532
      no
   (1) can we show that 5 NL 10?
        a. margin 0.029548940432591486
      yes, 155, ags used 128 = 155
   (1) can we show that 7 NL 8?
        a. margin -0.13735249006166472
      no
   (1) can we show that 7 NL 10?
        a. margin 0.03972203962813836
      yes, 83, ags used 68 = 83
   (1) can we show that 1 NL 8?
        a. margin -0.2900115816821607
      no
   (1) can we show that 1 NL 10?
        a. margin 0.05484083012490393
      yes, 83, ags used 128 = 128
      Best assertion(s) require sample: 83

ALTERNATE OUTCOME PAIR: 10,1
   (1) can we show that 2 NL 1?
        a. margin -0.31511566031239235
      no
   (1) can we show that 2 NL 10?
        a. margin -0.02732650953141158
      no
   (1) can we show that 4 NL 1?
        a. margin -0.34109619056562424
      no
   (1) can we show that 4 NL 10?
        a. margin 0.049707327761604914
      yes, 92, ags used 128 = 128
   (1) can we show that 5 NL 1?
        a. margin -0.1968259930509907
      no
   (1) can we show that 5 NL 10?
        a. margin 0.037530910570632514
      yes, 122, ags used 128 = 128
   (1) can we show that 7 NL 1?
        a. margin -0.11068331924750374
      no
   (1) can we show that 7 NL 10?
        a. margin 0.04545027702131654
      yes, 75, ags used 68 = 75
   (1) can we show that 8 NL 1?
        a. margin -0.18001690299558648
      no
   (1) can we show that 8 NL 10?
        a. margin 0.05261839922371414
      yes, 87, ags used 128 = 128
      Best assertion(s) require sample: 75

ALTERNATE OUTCOME PAIR: 2,4
   (1) can we show that 10 NL 4?
        a. margin -0.16057845807117976
      no
   (1) can we show that 10 NL 2?
        a. margin -0.36137978526935244
      no
   (1) can we show that 5 NL 4?
        a. margin -0.0382195511315615
      no
   (1) can we show that 5 NL 2?
        a. margin -0.16856042820922235
      no
   (1) can we show that 7 NL 4?
        a. margin 0.011863398754186738
      yes, 172, ags used 128 = 172
   (1) can we show that 7 NL 2?
        a. margin -0.06911447084233324
      no
   (1) can we show that 8 NL 4?
        a. margin -0.024133721476194747
      no
   (1) can we show that 8 NL 2?
        a. margin -0.15250258240210435
      no
   (1) can we show that 1 NL 4?
        a. margin -0.027451716906126356
      no
   (1) can we show that 1 NL 2?
        a. margin -0.04617021942592636
      no
      Best assertion(s) require sample: 172

ALTERNATE OUTCOME PAIR: 2,5
   (1) can we show that 10 NL 5?
        a. margin -0.4497448899740186
      no
   (1) can we show that 10 NL 2?
        a. margin -0.35912605252449115
      no
   (1) can we show that 4 NL 5?
        a. margin -0.3764672739224334
      no
   (1) can we show that 4 NL 2?
        a. margin -0.308730084201963
      no
   (1) can we show that 7 NL 5?
        a. margin -0.1278680314270506
      no
   (1) can we show that 7 NL 2?
        a. margin -0.07637649857576534
      no
   (1) can we show that 8 NL 5?
        a. margin -0.11994866497636669
      no
   (1) can we show that 8 NL 2?
        a. margin -0.1653676401540054
      no
   (1) can we show that 1 NL 5?
        a. margin -0.2946755563902721
      no
   (1) can we show that 1 NL 2?
        a. margin -0.0464832378627128
      no

ALTERNATE OUTCOME PAIR: 2,7
   (1) can we show that 10 NL 7?
        a. margin -0.4789495101261452
      no
   (1) can we show that 10 NL 2?
        a. margin -0.34597927817949203
      no
   (1) can we show that 4 NL 7?
        a. margin -0.397282999968699
      no
   (1) can we show that 4 NL 2?
        a. margin -0.29142016464771314
      no
   (1) can we show that 5 NL 7?
        a. margin -0.18824928788305706
      no
   (1) can we show that 5 NL 2?
        a. margin -0.16467899959308396
      no
   (1) can we show that 8 NL 7?
        a. margin -0.17350611951043993
      no
   (1) can we show that 8 NL 2?
        a. margin -0.14887156853538452
      no
   (1) can we show that 1 NL 7?
        a. margin -0.31251760728707023
      no
   (1) can we show that 1 NL 2?
        a. margin -0.04019156728331741
      no

ALTERNATE OUTCOME PAIR: 2,8
   (1) can we show that 10 NL 8?
        a. margin -0.4443296710176222
      no
   (1) can we show that 10 NL 2?
        a. margin -0.3593138635865708
      no
   (1) can we show that 4 NL 8?
        a. margin -0.36745234294299867
      no
   (1) can we show that 4 NL 2?
        a. margin -0.30547469245939407
      no
   (1) can we show that 5 NL 8?
        a. margin -0.11844617647979383
      no
   (1) can we show that 5 NL 2?
        a. margin -0.18164459886687367
      no
   (1) can we show that 7 NL 8?
        a. margin -0.12126334241086756
      no
   (1) can we show that 7 NL 2?
        a. margin -0.07772247785394759
      no
   (1) can we show that 1 NL 8?
        a. margin -0.2903559019626262
      no
   (1) can we show that 1 NL 2?
        a. margin -0.043353053494842086
      no

ALTERNATE OUTCOME PAIR: 2,1
   (1) can we show that 10 NL 1?
        a. margin -0.37393182458446805
      no
   (1) can we show that 10 NL 2?
        a. margin -0.3294519047171879
      no
   (1) can we show that 4 NL 1?
        a. margin -0.3266973424734718
      no
   (1) can we show that 4 NL 2?
        a. margin -0.28412683507058567
      no
   (1) can we show that 5 NL 1?
        a. margin -0.1829279744576957
      no
   (1) can we show that 5 NL 2?
        a. margin -0.141171314990453
      no
   (1) can we show that 7 NL 1?
        a. margin -0.08072745484709065
      no
   (1) can we show that 7 NL 2?
        a. margin -0.04172535762356422
      no
   (1) can we show that 8 NL 1?
        a. margin -0.16633799730804166
      no
   (1) can we show that 8 NL 2?
        a. margin -0.12489435627758472
      no

ALTERNATE OUTCOME PAIR: 4,5
   (1) can we show that 10 NL 5?
        a. margin -0.4517795098131281
      no
   (1) can we show that 10 NL 4?
        a. margin -0.16145490969418053
      no
   (1) can we show that 2 NL 5?
        a. margin -0.3778445550442926
      no
   (1) can we show that 2 NL 4?
        a. margin -0.10595674085203644
      no
   (1) can we show that 7 NL 5?
        a. margin -0.12865057751901554
      no
   (1) can we show that 7 NL 4?
        a. margin 0.01011049550818588
      yes, 184, ags used 128 = 184
   (1) can we show that 8 NL 5?
        a. margin -0.12076251291200968
      no
   (1) can we show that 8 NL 4?
        a. margin -0.02757692428083991
      no
   (1) can we show that 1 NL 5?
        a. margin -0.2943938397971646
      no
   (1) can we show that 1 NL 4?
        a. margin -0.02670047265784059
      no
      Best assertion(s) require sample: 184

ALTERNATE OUTCOME PAIR: 4,7
   (1) can we show that 10 NL 7?
        a. margin -0.4824553166181482
      no
   (1) can we show that 10 NL 4?
        a. margin -0.16189313550568263
      no
   (1) can we show that 2 NL 7?
        a. margin -0.39233730866748207
      no
   (1) can we show that 2 NL 4?
        a. margin -0.10567502425893005
      no
   (1) can we show that 5 NL 7?
        a. margin -0.18981438006698426
      no
   (1) can we show that 5 NL 4?
        a. margin -0.04012896359595719
      no
   (1) can we show that 8 NL 7?
        a. margin -0.17485209878861696
      no
   (1) can we show that 8 NL 4?
        a. margin -0.026199643158983377
      no
   (1) can we show that 1 NL 7?
        a. margin -0.310044761636462
      no
   (1) can we show that 1 NL 4?
        a. margin -0.02663786897048348
      no

ALTERNATE OUTCOME PAIR: 4,8
   (1) can we show that 10 NL 8?
        a. margin -0.4465521019188031
      no
   (1) can we show that 10 NL 4?
        a. margin -0.16230005947350334
      no
   (1) can we show that 2 NL 8?
        a. margin -0.3728675618993964
      no
   (1) can we show that 2 NL 4?
        a. margin -0.1061445519141071
      no
   (1) can we show that 5 NL 8?
        a. margin -0.11941653363383042
      no
   (1) can we show that 5 NL 4?
        a. margin -0.0420070742166716
      no
   (1) can we show that 7 NL 8?
        a. margin -0.1223902087832971
      no
   (1) can we show that 7 NL 4?
        a. margin 0.00929664757254356
      yes, 190, ags used 128 = 190
   (1) can we show that 1 NL 8?
        a. margin -0.2904811093373405
      no
   (1) can we show that 1 NL 4?
        a. margin -0.026888283719908923
      no
      Best assertion(s) require sample: 190

ALTERNATE OUTCOME PAIR: 4,1
   (1) can we show that 10 NL 1?
        a. margin -0.3823520205340095
      no
   (1) can we show that 10 NL 4?
        a. margin -0.1572917644849282
      no
   (1) can we show that 2 NL 1?
        a. margin -0.30923091370081557
      no
   (1) can we show that 2 NL 4?
        a. margin -0.10645757035089376
      no
   (1) can we show that 5 NL 1?
        a. margin -0.18721632704166358
      no
   (1) can we show that 5 NL 4?
        a. margin -0.034212915140701794
      no
   (1) can we show that 7 NL 1?
        a. margin -0.08526622218048696
      no
   (1) can we show that 7 NL 4?
        a. margin 0.0005947350298931564
      yes, 150, ags used 128 = 150
   (1) can we show that 8 NL 1?
        a. margin -0.17031333145522354
      no
   (1) can we show that 8 NL 4?
        a. margin -0.02003317995429932
      no
      Best assertion(s) require sample: 150

ALTERNATE OUTCOME PAIR: 5,7
   (1) can we show that 10 NL 7?
        a. margin -0.4535950167464894
      no
   (1) can we show that 10 NL 5?
        a. margin -0.4178483112655448
      no
   (1) can we show that 2 NL 7?
        a. margin -0.3657620433843618
      no
   (1) can we show that 2 NL 5?
        a. margin -0.3467931261151378
      no
   (1) can we show that 4 NL 7?
        a. margin -0.3720850158074389
      no
   (1) can we show that 4 NL 5?
        a. margin -0.33912417441388776
      no
   (1) can we show that 8 NL 7?
        a. margin -0.17460168403918874
      no
   (1) can we show that 8 NL 5?
        a. margin -0.0984129965255025
      no
   (1) can we show that 1 NL 7?
        a. margin -0.2837825147901273
      no
   (1) can we show that 1 NL 5?
        a. margin -0.2638745422105456
      no

ALTERNATE OUTCOME PAIR: 5,8
   (1) can we show that 10 NL 8?
        a. margin -0.39903590321470817
      no
   (1) can we show that 10 NL 5?
        a. margin -0.40016276958713826
      no
   (1) can we show that 2 NL 8?
        a. margin -0.32644692772405126
      no
   (1) can we show that 2 NL 5?
        a. margin -0.32638432403669515
      no
   (1) can we show that 4 NL 8?
        a. margin -0.32297242307572793
      no
   (1) can we show that 4 NL 5?
        a. margin -0.3266660406298031
      no
   (1) can we show that 7 NL 8?
        a. margin -0.08028922903559699
      no
   (1) can we show that 7 NL 5?
        a. margin -0.08147869909536065
      no
   (1) can we show that 1 NL 8?
        a. margin -0.2442795880677454
      no
   (1) can we show that 1 NL 5?
        a. margin -0.24312141985163838
      no

ALTERNATE OUTCOME PAIR: 5,1
   (1) can we show that 10 NL 1?
        a. margin -0.37991047672707656
      no
   (1) can we show that 10 NL 5?
        a. margin -0.4449244060475166
      no
   (1) can we show that 2 NL 1?
        a. margin -0.3050051648042069
      no
   (1) can we show that 2 NL 5?
        a. margin -0.3769368015776132
      no
   (1) can we show that 4 NL 1?
        a. margin -0.32747988856543986
      no
   (1) can we show that 4 NL 5?
        a. margin -0.3702382070303947
      no
   (1) can we show that 7 NL 1?
        a. margin -0.09209002410241884
      no
   (1) can we show that 7 NL 5?
        a. margin -0.12386139543619135
      no
   (1) can we show that 8 NL 1?
        a. margin -0.18314708736344598
      no
   (1) can we show that 8 NL 5?
        a. margin -0.11468995523836378
      no

ALTERNATE OUTCOME PAIR: 7,8
   (1) can we show that 10 NL 8?
        a. margin -0.4129339218080059
      no
   (1) can we show that 10 NL 7?
        a. margin -0.4479606848843479
      no
   (1) can we show that 2 NL 8?
        a. margin -0.34191003850127777
      no
   (1) can we show that 2 NL 7?
        a. margin -0.3597207875543946
      no
   (1) can we show that 4 NL 8?
        a. margin -0.331048298744811
      no
   (1) can we show that 4 NL 7?
        a. margin -0.36554293047861464
      no
   (1) can we show that 5 NL 8?
        a. margin -0.10010329608412638
      no
   (1) can we show that 5 NL 7?
        a. margin -0.18947005978651732
      no
   (1) can we show that 1 NL 8?
        a. margin -0.2600244154380793
      no
   (1) can we show that 1 NL 7?
        a. margin -0.27742824052337445
      no

ALTERNATE OUTCOME PAIR: 7,1
   (1) can we show that 10 NL 1?
        a. margin -0.36616896735218085
      no
   (1) can we show that 10 NL 7?
        a. margin -0.4707484270823553
      no
   (1) can we show that 2 NL 1?
        a. margin -0.2923905218017444
      no
   (1) can we show that 2 NL 7?
        a. margin -0.39374589163301754
      no
   (1) can we show that 4 NL 1?
        a. margin -0.3093561210755469
      no
   (1) can we show that 4 NL 7?
        a. margin -0.38786114502144187
      no
   (1) can we show that 5 NL 1?
        a. margin -0.1823645412714887
      no
   (1) can we show that 5 NL 7?
        a. margin -0.17986039377719365
      no
   (1) can we show that 8 NL 1?
        a. margin -0.1658684696528604
      no
   (1) can we show that 8 NL 7?
        a. margin -0.16483550881146924
      no

RULE OUT PAIR STAGE ASN 190
------------------------------------------------
EXAMINING WAYS TO REDUCE COST OF AUDIT
ALTERNATE OUTCOME PAIR: 9,10
   (1) can we show that 2 NL 10?
        a. margin -0.02598053025322722
      no
   (1) can we show that 2 NL 9?
        a. margin -0.0019720161517516877
      no
   (1) can we show that 4 NL 10?
        a. margin 0.04498074936614427
      yes, 102, ags used 128 = 128
   (1) can we show that 4 NL 9?
        a. margin 0.05681284627664529
      yes, 80, ags used 68 = 80
   (1) can we show that 5 NL 10?
        a. margin 0.031865276864812664
      yes, 144, ags used 128 = 144
   (1) can we show that 5 NL 9?
        a. margin 0.006980311140325712
      yes, 77, ags used 68 = 77
   (1) can we show that 7 NL 10?
        a. margin 0.039471624878709255
      yes, 109, ags used 39 = 109
   (1) can we show that 7 NL 9?
        a. margin 0.0696153003411899
      yes, 63, ags used 39 = 63
   (1) can we show that 8 NL 10?
        a. margin 0.04667104892478635
      yes, 98, ags used 128 = 128
   (1) can we show that 8 NL 9?
        a. margin 0.024352834381944577
      yes, 62, ags used 68 = 68
   (1) can we show that 1 NL 10?
        a. margin 0.05465301906282716
      yes, 84, ags used 128 = 128
   (1) can we show that 1 NL 9?
        a. margin 0.058096221867468545
      yes, 79, ags used 68 = 79
      Best assertion(s) require sample: 63

ALTERNATE OUTCOME PAIR: 9,2
   (1) can we show that 10 NL 2?
        a. margin -0.3682661908786454
      no
   (1) can we show that 10 NL 9?
        a. margin -0.04551288070867321
      no
   (1) can we show that 4 NL 2?
        a. margin -0.3221898769837577
      no
   (1) can we show that 4 NL 9?
        a. margin 0.05731367577550395
      yes, 80, ags used 68 = 80
   (1) can we show that 5 NL 2?
        a. margin -0.18167590071054618
      no
   (1) can we show that 5 NL 9?
        a. margin 0.007105518515041043
      yes, 77, ags used 68 = 77
   (1) can we show that 7 NL 2?
        a. margin -0.09584624534384645
      no
   (1) can we show that 7 NL 9?
        a. margin 0.07005352615269089
      yes, 63, ags used 39 = 63
   (1) can we show that 8 NL 2?
        a. margin -0.169436879832217
      no
   (1) can we show that 8 NL 9?
        a. margin 0.024478041756659907
      yes, 62, ags used 68 = 68
   (1) can we show that 1 NL 2?
        a. margin -0.05002034619838658
      no
   (1) can we show that 1 NL 9?
        a. margin 0.05709456286975256
      yes, 80, ags used 68 = 80
      Best assertion(s) require sample: 63

ALTERNATE OUTCOME PAIR: 9,4
   (1) can we show that 10 NL 4?
        a. margin -0.16167402259992902
      no
   (1) can we show that 10 NL 9?
        a. margin -0.03940902119134926
      no
   (1) can we show that 2 NL 4?
        a. margin -0.10529940213478328
      no
   (1) can we show that 2 NL 9?
        a. margin 0.0033179954299287218
      yes, 1863, ags used 4031 = 4031
   (1) can we show that 5 NL 4?
        a. margin -0.041537546561489336
      no
   (1) can we show that 5 NL 9?
        a. margin 0.015838732901369612
      yes, 67, ags used 68 = 68
   (1) can we show that 7 NL 4?
        a. margin 0.009578364165651498
      yes, 619, ags used 128 = 619
   (1) can we show that 7 NL 9?
        a. margin 0.07825460919648308
      yes, 56, ags used 39 = 56
   (1) can we show that 8 NL 4?
        a. margin -0.03111403261651824
      no
   (1) can we show that 8 NL 9?
        a. margin 0.0332112561429887
      yes, 56, ags used 68 = 68
   (1) can we show that 1 NL 4?
        a. margin -0.02610573762794377
      no
   (1) can we show that 1 NL 9?
        a. margin 0.06510783485147087
      yes, 70, ags used 68 = 70
      Best assertion(s) require sample: 56

ALTERNATE OUTCOME PAIR: 9,5
   (1) can we show that 10 NL 5?
        a. margin -0.45018311578552217
      no
   (1) can we show that 10 NL 9?
        a. margin -0.04886217798228698
      no
   (1) can we show that 2 NL 5?
        a. margin -0.3762481610166861
      no
   (1) can we show that 2 NL 9?
        a. margin -0.00488308761386369
      no
   (1) can we show that 4 NL 5?
        a. margin -0.37684289604658017
      no
   (1) can we show that 4 NL 9?
        a. margin 0.05765799605596178
      yes, 79, ags used 68 = 79
   (1) can we show that 7 NL 5?
        a. margin -0.14433280120198788
      no
   (1) can we show that 7 NL 9?
        a. margin 0.07014743168372539
      yes, 63, ags used 39 = 63
   (1) can we show that 8 NL 5?
        a. margin -0.12717939086611885
      no
   (1) can we show that 8 NL 9?
        a. margin 0.0216921776692649
      yes, 64, ags used 68 = 68
   (1) can we show that 1 NL 5?
        a. margin -0.292797445769558
      no
   (1) can we show that 1 NL 9?
        a. margin 0.05878486242839376
      yes, 78, ags used 68 = 78
      Best assertion(s) require sample: 63

ALTERNATE OUTCOME PAIR: 9,7
   (1) can we show that 10 NL 7?
        a. margin -0.480765017059508
      no
   (1) can we show that 10 NL 9?
        a. margin -0.06798760446991126
      no
   (1) can we show that 2 NL 7?
        a. margin -0.39146085704448297
      no
   (1) can we show that 2 NL 9?
        a. margin -0.023132062478486648
      no
   (1) can we show that 4 NL 7?
        a. margin -0.3991924124330962
      no
   (1) can we show that 4 NL 9?
        a. margin 0.043509562713244465
      yes, 105, ags used 220 = 220
   (1) can we show that 5 NL 7?
        a. margin -0.19278805521644504
      no
   (1) can we show that 5 NL 9?
        a. margin 0.01361630200019226
      yes, 182, ags used 220 = 220
   (1) can we show that 8 NL 7?
        a. margin -0.1818011080852595
      no
   (1) can we show that 8 NL 9?
        a. margin 0.03061320311765825
      yes, 148, ags used 57 = 148
   (1) can we show that 1 NL 7?
        a. margin -0.3087613860456414
      no
   (1) can we show that 1 NL 9?
        a. margin 0.05280621028579535
      yes, 87, ags used 220 = 220
      Best assertion(s) require sample: 148

ALTERNATE OUTCOME PAIR: 9,8
   (1) can we show that 10 NL 8?
        a. margin -0.44364103045669634
      no
   (1) can we show that 10 NL 9?
        a. margin -0.05014555357309858
      no
   (1) can we show that 2 NL 8?
        a. margin -0.36986258490625334
      no
   (1) can we show that 2 NL 9?
        a. margin -0.0062916705793879535
      no
   (1) can we show that 4 NL 8?
        a. margin -0.3670454189751806
      no
   (1) can we show that 4 NL 9?
        a. margin 0.058659655053698634
      yes, 78, ags used 68 = 78
   (1) can we show that 5 NL 8?
        a. margin -0.11904091150968255
      no
   (1) can we show that 5 NL 9?
        a. margin 0.00532131342536335
      yes, 79, ags used 68 = 79
   (1) can we show that 7 NL 8?
        a. margin -0.13675775503176824
      no
   (1) can we show that 7 NL 9?
        a. margin 0.07124299621248142
      yes, 62, ags used 39 = 62
   (1) can we show that 1 NL 8?
        a. margin -0.28716311390741167
      no
   (1) can we show that 1 NL 9?
        a. margin 0.05972391773876495
      yes, 76, ags used 68 = 76
      Best assertion(s) require sample: 62

ALTERNATE OUTCOME PAIR: 9,1
   (1) can we show that 10 NL 1?
        a. margin -0.38967665195480283
      no
   (1) can we show that 10 NL 9?
        a. margin -0.043759977462672905
      no
   (1) can we show that 2 NL 1?
        a. margin -0.3161799229974669
      no
   (1) can we show that 2 NL 9?
        a. margin -0.0025980530253234546
      no
   (1) can we show that 4 NL 1?
        a. margin -0.3411900960966633
      no
   (1) can we show that 4 NL 9?
        a. margin 0.05928569192725397
      yes, 77, ags used 68 = 77
   (1) can we show that 5 NL 1?
        a. margin -0.20017529032459447
      no
   (1) can we show that 5 NL 9?
        a. margin 0.01076783422543559
      yes, 74, ags used 68 = 74
   (1) can we show that 7 NL 1?
        a. margin -0.11253012802453677
      no
   (1) can we show that 7 NL 9?
        a. margin 0.07252637180329913
      yes, 61, ags used 39 = 61
   (1) can we show that 8 NL 1?
        a. margin -0.18740413810372947
      no
   (1) can we show that 8 NL 9?
        a. margin 0.028296866685447508
      yes, 60, ags used 68 = 68
      Best assertion(s) require sample: 61

8 ruled out by pairs, sample size 148
STAGE 1 ASN NOW 57
NEW RULE OUT PAIR STAGE ASN 190
------------------------------------------------
Alternate outcome cannot be ruled out: 10,7
Alternate outcome cannot be ruled out: 2,5
Alternate outcome cannot be ruled out: 2,7
Alternate outcome cannot be ruled out: 2,8
Alternate outcome cannot be ruled out: 2,1
Alternate outcome cannot be ruled out: 4,7
Alternate outcome cannot be ruled out: 5,7
Alternate outcome cannot be ruled out: 5,8
Alternate outcome cannot be ruled out: 5,1
Alternate outcome cannot be ruled out: 7,8
Alternate outcome cannot be ruled out: 7,1
Full audit not possible
PARTIAL audit sample size: 190
------------------------------------------------
Final set of assertions generated:
7 NL 9 = 62 [rules out (9, 8), G = {2, 5}, O = set()]
8 NL 9 = 148 [rules out (9, 7), G = {2, 5}, O = set()]
7 NL 9 = 63 [rules out (9, 2), G = {2, 5}, O = set()]
7 NL 4 = 184 [rules out (4, 5), G = {8, 9, 2, 5}, O = set()]
7 NL 10 = 69 [rules out (10, 4), G = {8, 2, 5}, O = set()]
7 NL 9 = 56 [rules out (9, 4), G = {2, 5}, O = set()]
7 NL 9 = 63 [rules out (9, 10), G = {2, 5}, O = set()]
7 NL 9 = 63 [rules out (9, 5), G = {2, 5}, O = set()]
(7, 'AG', 2, 54)
7 NL 10 = 75 [rules out (10, 1), G = {8, 2, 5}, O = set()]
7 NL 10 = 82 [rules out (10, 2), G = {8, 2, 5}, O = set()]
(7, 'AG', 5, 57)
7 NL 9 = 61 [rules out (9, 1), G = {2, 5}, O = set()]
(6, 'AG', 2, 34)
7 NL 10 = 85 [rules out (10, 5), G = {8, 2, 5}, O = set()]
7 NL 4 = 190 [rules out (4, 8), G = {8, 9, 2, 5}, O = set()]
7 NL 10 = 83 [rules out (10, 8), G = {8, 2, 5}, O = set()]
7 NL 4 = 172 [rules out (2, 4), G = {8, 9, 2, 5}, O = set()]

(6, 'AG', 5, 39)
7 NL 4 = 150 [rules out (4, 1), G = {8, 9, 2, 5}, O = set()]
(6, 'AG', 8, 68)
(6, 'AG', 9, 128)
[] are verified winners with these assertions.
[1, 2, 4, 5, 7, 8, 10] remain as potential winners in this audit.
------------------------------------------------
