VALID BALLOTS 11429
11429 ballot checks required to assert that first winner has a quota's worth of votes
AUD TV 0.05235663786331501, ss 130
AG*(2,3) = 40
AG*(2,4) = 15
AG*(2,5) = 94
AG*(2,6) = 18
AG*(2,7) = 29
AG*(1,3) = 105
AG*(1,4) = 15
AG*(1,5) = 362
AG*(1,6) = 23
AG*(1,7) = 81
AG*(2,3) = 40
AG*(2,4) = 15
AG*(2,5) = 94
AG*(2,6) = 18
AG*(2,7) = 29
AG*(3,4) = 225
AG*(5,3) = 105
AG*(5,4) = 25
AG*(5,6) = 39
AG*(7,4) = 96
NL(2,4) = 15, AG*'s used 0
NL(2,6) = 18, AG*'s used 15
NL(2,3) = 30, AG*'s used 29
NL(2,7) = 29, AG*'s used 18
Max in loop 11429, 0.05235663786331501
AUD TV 0.102356637863315, ss 61
AG*(2,3) = 40
AG*(2,4) = 15
AG*(2,5) = 95
AG*(2,6) = 18
AG*(2,7) = 29
AG*(1,3) = 105
AG*(1,4) = 15
AG*(1,5) = 362
AG*(1,6) = 23
AG*(1,7) = 81
AG*(2,3) = 40
AG*(2,4) = 15
AG*(2,5) = 95
AG*(2,6) = 18
AG*(2,7) = 29
AG*(3,4) = 290
AG*(5,3) = 113
AG*(5,4) = 25
AG*(5,6) = 40
AG*(7,4) = 100
NL(2,4) = 15, AG*'s used 0
NL(2,6) = 18, AG*'s used 15
NL(2,3) = 30, AG*'s used 29
NL(2,7) = 29, AG*'s used 18
Max in loop 11429, 0.102356637863315
AUD TV 0.152356637863315, ss 38
AG*(2,3) = 40
AG*(2,4) = 15
AG*(2,5) = 96
AG*(2,6) = 18
AG*(2,7) = 30
AG*(1,3) = 105
AG*(1,4) = 15
AG*(1,5) = 362
AG*(1,6) = 23
AG*(1,7) = 81
AG*(2,3) = 40
AG*(2,4) = 15
AG*(2,5) = 96
AG*(2,6) = 18
AG*(2,7) = 30
AG*(3,4) = 332
AG*(5,3) = 121
AG*(5,4) = 26
AG*(5,6) = 42
AG*(7,4) = 105
NL(2,4) = 15, AG*'s used 0
NL(2,6) = 18, AG*'s used 15
NL(2,3) = 30, AG*'s used 30
NL(2,7) = 29, AG*'s used 18
Max in loop 11429, 0.152356637863315
AUD TV 0.20235663786331498, ss 27
AG*(2,3) = 41
AG*(2,4) = 16
AG*(2,5) = 97
AG*(2,6) = 18
AG*(2,7) = 30
AG*(1,3) = 105
AG*(1,4) = 15
AG*(1,5) = 362
AG*(1,6) = 23
AG*(1,7) = 81
AG*(2,3) = 41
AG*(2,4) = 16
AG*(2,5) = 97
AG*(2,6) = 18
AG*(2,7) = 30
AG*(3,4) = 437
AG*(5,3) = 131
AG*(5,4) = 26
AG*(5,6) = 43
AG*(7,4) = 110
NL(2,4) = 16, AG*'s used 0
NL(2,6) = 18, AG*'s used 16
NL(2,3) = 31, AG*'s used 30
NL(2,7) = 29, AG*'s used 18
Max in loop 11429, 0.20235663786331498
AUD TV 0.25235663786331497, ss 20
AG*(2,3) = 41
AG*(2,4) = 16
AG*(2,5) = 98
AG*(2,6) = 18
AG*(2,7) = 30
AG*(1,3) = 105
AG*(1,4) = 15
AG*(1,5) = 362
AG*(1,6) = 23
AG*(1,7) = 81
AG*(2,3) = 41
AG*(2,4) = 16
AG*(2,5) = 98
AG*(2,6) = 18
AG*(2,7) = 30
AG*(3,4) = 525
AG*(5,3) = 143
AG*(5,4) = 26
AG*(5,6) = 45
AG*(7,4) = 115
NL(2,4) = 16, AG*'s used 0
NL(2,6) = 18, AG*'s used 16
NL(2,3) = 31, AG*'s used 30
NL(2,7) = 30, AG*'s used 18
Max in loop 11429, 0.25235663786331497
AUD TV 0.30235663786331496, ss 15
AG*(2,3) = 41
AG*(2,4) = 16
AG*(2,5) = 99
AG*(2,6) = 19
AG*(2,7) = 30
AG*(1,3) = 105
AG*(1,4) = 15
AG*(1,5) = 362
AG*(1,6) = 23
AG*(1,7) = 81
AG*(2,3) = 41
AG*(2,4) = 16
AG*(2,5) = 99
AG*(2,6) = 19
AG*(2,7) = 30
AG*(3,4) = 659
AG*(5,3) = 156
AG*(5,4) = 27
AG*(5,6) = 47
AG*(7,4) = 121
NL(2,4) = 16, AG*'s used 0
NL(2,6) = 18, AG*'s used 16
NL(2,3) = 31, AG*'s used 30
NL(2,7) = 30, AG*'s used 19
Max in loop 11429, 0.30235663786331496
AUD TV 0.35235663786331495, ss 12
AG*(2,3) = 41
AG*(2,4) = 16
AG*(2,5) = 100
AG*(2,6) = 19
AG*(2,7) = 31
AG*(1,3) = 105
AG*(1,4) = 15
AG*(1,5) = 362
AG*(1,6) = 23
AG*(1,7) = 81
AG*(2,3) = 41
AG*(2,4) = 16
AG*(2,5) = 100
AG*(2,6) = 19
AG*(2,7) = 31
AG*(3,4) = 1074
AG*(5,3) = 173
AG*(5,4) = 27
AG*(5,6) = 48
AG*(7,4) = 128
NL(2,4) = 16, AG*'s used 0
NL(2,6) = 19, AG*'s used 16
NL(2,3) = 31, AG*'s used 31
NL(2,7) = 30, AG*'s used 19
Max in loop 11429, 0.35235663786331495
AUD TV 0.40235663786331494, ss 10
AG*(2,3) = 42
AG*(2,4) = 16
AG*(2,5) = 100
AG*(2,6) = 19
AG*(2,7) = 31
AG*(1,3) = 105
AG*(1,4) = 15
AG*(1,5) = 362
AG*(1,6) = 23
AG*(1,7) = 81
AG*(2,3) = 42
AG*(2,4) = 16
AG*(2,5) = 100
AG*(2,6) = 19
AG*(2,7) = 31
AG*(3,4) = 2059
AG*(5,3) = 194
AG*(5,4) = 28
AG*(5,6) = 51
AG*(7,4) = 136
NL(2,4) = 16, AG*'s used 0
NL(2,6) = 19, AG*'s used 16
NL(2,3) = 31, AG*'s used 31
NL(2,7) = 30, AG*'s used 19
Max in loop 11429, 0.40235663786331494
AUD TV 0.4523566378633149, ss 8
AG*(2,3) = 42
AG*(2,4) = 16
AG*(2,5) = 101
AG*(2,6) = 19
AG*(2,7) = 31
AG*(1,3) = 105
AG*(1,4) = 15
AG*(1,5) = 362
AG*(1,6) = 23
AG*(1,7) = 81
AG*(2,3) = 42
AG*(2,4) = 16
AG*(2,5) = 101
AG*(2,6) = 19
AG*(2,7) = 31
AG*(3,4) = 11424
AG*(5,3) = 220
AG*(5,4) = 28
AG*(5,6) = 53
AG*(7,4) = 144
NL(2,4) = 16, AG*'s used 0
NL(2,6) = 19, AG*'s used 16
NL(2,3) = 31, AG*'s used 31
NL(2,7) = 31, AG*'s used 19
Max in loop 11429, 0.4523566378633149
AUD TV 0.502356637863315, ss 6
AG*(2,3) = 42
AG*(2,4) = 16
AG*(2,5) = 102
AG*(2,6) = 19
AG*(2,7) = 32
AG*(1,3) = 105
AG*(1,4) = 15
AG*(1,5) = 362
AG*(1,6) = 23
AG*(1,7) = 81
AG*(2,3) = 42
AG*(2,4) = 16
AG*(2,5) = 102
AG*(2,6) = 19
AG*(2,7) = 32
AG*(5,3) = 292
AG*(5,4) = 29
AG*(5,6) = 55
AG*(7,4) = 153
NL(2,4) = 16, AG*'s used 0
NL(2,6) = 19, AG*'s used 16
NL(2,3) = 31, AG*'s used 32
NL(2,7) = 31, AG*'s used 19
Max in loop 11429, 0.502356637863315
AUD TV 0.552356637863315, ss 5
AG*(2,3) = 42
AG*(2,4) = 16
AG*(2,5) = 103
AG*(2,6) = 19
AG*(2,7) = 32
AG*(1,3) = 105
AG*(1,4) = 15
AG*(1,5) = 362
AG*(1,6) = 23
AG*(1,7) = 81
AG*(2,3) = 42
AG*(2,4) = 16
AG*(2,5) = 103
AG*(2,6) = 19
AG*(2,7) = 32
AG*(5,3) = 346
AG*(5,4) = 29
AG*(5,6) = 58
AG*(7,4) = 164
NL(2,4) = 16, AG*'s used 0
NL(2,6) = 19, AG*'s used 16
NL(2,3) = 32, AG*'s used 32
NL(2,7) = 31, AG*'s used 19
Max in loop 11429, 0.552356637863315
AUD TV 0.6023566378633151, ss 4
AG*(2,3) = 43
AG*(2,4) = 16
AG*(2,5) = 104
AG*(2,6) = 19
AG*(2,7) = 32
AG*(1,3) = 105
AG*(1,4) = 15
AG*(1,5) = 362
AG*(1,6) = 23
AG*(1,7) = 81
AG*(2,3) = 43
AG*(2,4) = 16
AG*(2,5) = 104
AG*(2,6) = 19
AG*(2,7) = 32
AG*(5,3) = 479
AG*(5,4) = 30
AG*(5,6) = 61
AG*(7,4) = 177
NL(2,4) = 16, AG*'s used 0
NL(2,6) = 19, AG*'s used 16
NL(2,3) = 32, AG*'s used 32
NL(2,7) = 32, AG*'s used 19
Max in loop 11429, 0.6023566378633151
AUD TV 0.6523566378633151, ss 3
AG*(2,3) = 43
AG*(2,4) = 16
AG*(2,5) = 105
AG*(2,6) = 19
AG*(2,7) = 33
AG*(1,3) = 105
AG*(1,4) = 15
AG*(1,5) = 362
AG*(1,6) = 23
AG*(1,7) = 81
AG*(2,3) = 43
AG*(2,4) = 16
AG*(2,5) = 105
AG*(2,6) = 19
AG*(2,7) = 33
AG*(5,3) = 621
AG*(5,4) = 31
AG*(5,6) = 65
AG*(7,4) = 191
NL(2,4) = 16, AG*'s used 0
NL(2,6) = 19, AG*'s used 16
NL(2,3) = 32, AG*'s used 33
NL(2,7) = 32, AG*'s used 19
Max in loop 11429, 0.6523566378633151
Sample size to show min tv of 0.001178318931657502 is 11429
Sample size required for audit is inf ballots
------------------------------------------------
Assertion set BEFORE filtering:
(1, 'NL', 3, 16)
(1, 'NL', 2, 33)
(1, 'AG*', 6, 33)
(1, 'AG*', 5, 19)
(0, 'MT', None, (0.6523566378633151, 3))
(1, 'AG*', 3, 16)
(1, 'NL', 6, 32)
(1, 'NL', 5, 19)
(0, 'QT', None, 11429)
------------------------------------------------
Final set of assertions AFTER filtering:
(1, 'NL', 3, 16)
(1, 'NL', 2, 33)
(1, 'AG*', 6, 33)
(1, 'AG*', 5, 19)
(0, 'MT', None, (0.6523566378633151, 3))
(1, 'AG*', 3, 16)
(1, 'NL', 6, 32)
(1, 'NL', 5, 19)
(0, 'QT', None, 11429)
------------------------------------------------
Explanations for AG* inclusion:
   Explanation for (1, 'AG*', 6, 33): []
   Explanation for (1, 'AG*', 5, 19): []
   Explanation for (1, 'AG*', 3, 16): []
------------------------------------------------
