VALID BALLOTS 9474
3144 ballot checks required to assert that first winner has a quota's worth of votes
AUD TV 0.055352644836272044, ss 130
AG*(2,3) = 5929
AG*(2,4) = 156
AG*(2,5) = 32
AG*(1,2) = 1301
AG*(1,3) = 56
AG*(1,4) = 67
AG*(1,5) = 38
AG*(2,3) = 5929
AG*(2,4) = 156
AG*(2,5) = 32
NL(2,5) = 32, AG*'s used 0
NL(2,4) = 94, AG*'s used 32
Max in loop 3144, 0.055352644836272044
AUD TV 0.10535264483627205, ss 61
AG*(2,4) = 214
AG*(2,5) = 33
AG*(1,2) = 1301
AG*(1,3) = 56
AG*(1,4) = 67
AG*(1,5) = 38
AG*(2,4) = 214
AG*(2,5) = 33
NL(2,5) = 33, AG*'s used 0
NL(2,4) = 113, AG*'s used 33
Max in loop 3144, 0.10535264483627205
AUD TV 0.15535264483627204, ss 38
AG*(2,4) = 389
AG*(2,5) = 35
AG*(1,2) = 1301
AG*(1,3) = 56
AG*(1,4) = 67
AG*(1,5) = 38
AG*(2,4) = 389
AG*(2,5) = 35
NL(2,5) = 35, AG*'s used 0
NL(2,4) = 141, AG*'s used 35
Max in loop 3144, 0.15535264483627204
AUD TV 0.20535264483627202, ss 27
AG*(2,4) = 1516
AG*(2,5) = 36
AG*(1,2) = 1301
AG*(1,3) = 56
AG*(1,4) = 67
AG*(1,5) = 38
AG*(2,4) = 1516
AG*(2,5) = 36
NL(2,5) = 36, AG*'s used 0
NL(2,4) = 187, AG*'s used 36
Max in loop 3144, 0.20535264483627202
AUD TV 0.255352644836272, ss 20
AG*(2,5) = 37
AG*(1,2) = 1301
AG*(1,3) = 56
AG*(1,4) = 67
AG*(1,5) = 38
AG*(2,5) = 37
NL(2,5) = 37, AG*'s used 0
NL(2,4) = 317, AG*'s used 37
Max in loop 3144, 0.255352644836272
AUD TV 0.305352644836272, ss 15
AG*(2,5) = 39
AG*(1,2) = 1301
AG*(1,3) = 56
AG*(1,4) = 67
AG*(1,5) = 38
AG*(2,5) = 39
NL(2,5) = 39, AG*'s used 0
NL(2,4) = 761, AG*'s used 39
Max in loop 3144, 0.305352644836272
AUD TV 0.355352644836272, ss 12
AG*(2,5) = 41
AG*(1,2) = 1301
AG*(1,3) = 56
AG*(1,4) = 67
AG*(1,5) = 38
AG*(2,5) = 41
NL(2,5) = 41, AG*'s used 0
NL(2,4) = 985, AG*'s used 5929
Max in loop 5929, 0.355352644836272
Breaking out of inner loop 5929 > 3144
Sample size to show min tv of 0.0026763224181360202 is 9474
Sample size required for audit is 3144 ballots
------------------------------------------------
Assertion set BEFORE filtering:
(0, 'MT', None, (0.305352644836272, 15))
(1, 'NL', 4, 39)
(1, 'NL', 3, 761)
(1, 'AG*', 4, 39)
(0, 'QT', None, 3144)
------------------------------------------------
Final set of assertions AFTER filtering:
(0, 'MT', None, (0.305352644836272, 15))
(1, 'NL', 4, 39)
(1, 'NL', 3, 761)
(1, 'AG*', 4, 39)
(0, 'QT', None, 3144)
------------------------------------------------
Explanations for AG* inclusion:
   Explanation for (1, 'AG*', 4, 39): []
------------------------------------------------
