VALID BALLOTS 13579
Winner 4
Winner 1
Computing AG relationships
1 AG 3 = 109
Ruling out candidates: []
STAGE 1 ASN (Ruling out candidates): 0
ALTERNATE OUTCOME PAIR: 3,5
   (1) can we show that 2 NL 5?
        a. margin -0.28146402533323556
      no
   (1) can we show that 2 NL 3?
        a. margin 0.06559147703561852
      yes, 70, ags used 109 = 109
   (1) can we show that 4 NL 5?
        a. margin -0.18219309227483638
      no
   (1) can we show that 4 NL 3?
        a. margin 0.09303581510666015
      yes, 49, ags used 109 = 109
   (1) can we show that 1 NL 5?
        a. margin -0.2769963423914382
      no
   (1) can we show that 1 NL 3?
        a. margin 0.05069101799347098
      yes, 90, ags used 0 = 90
   (1) can we show that 1 NL 5?
        a. margin -0.2769963423914382
      no
   (1) can we show that 1 NL 3?
        a. margin 0.05069101799347098
      yes, 90, ags used 0 = 90
      Best assertion(s) require sample: 90

ALTERNATE OUTCOME PAIR: 3,2
   (1) can we show that 5 NL 2?
        a. margin -0.16235854382993342
      no
   (1) can we show that 5 NL 3?
        a. margin 0.0630385153545916
      yes, 72, ags used 109 = 109
   (1) can we show that 4 NL 2?
        a. margin -0.02557871222721353
      no
   (1) can we show that 4 NL 3?
        a. margin 0.08807717799543413
      yes, 52, ags used 109 = 109
   (1) can we show that 1 NL 2?
        a. margin -0.16800451677835893
      no
   (1) can we show that 1 NL 3?
        a. margin 0.05101013820359812
      yes, 90, ags used 0 = 90
   (1) can we show that 1 NL 2?
        a. margin -0.16800451677835893
      no
   (1) can we show that 1 NL 3?
        a. margin 0.05101013820359812
      yes, 90, ags used 0 = 90
      Best assertion(s) require sample: 90

ALTERNATE OUTCOME PAIR: 3,4
   (1) can we show that 5 NL 4?
        a. margin -0.2656062056607018
      no
   (1) can we show that 5 NL 3?
        a. margin 0.06301396764612033
      yes, 72, ags used 109 = 109
   (1) can we show that 2 NL 4?
        a. margin -0.23308049193607816
      no
   (1) can we show that 2 NL 3?
        a. margin 0.06021552888037873
      yes, 76, ags used 109 = 109
   (1) can we show that 1 NL 4?
        a. margin -0.28816554974593145
      no
   (1) can we show that 1 NL 3?
        a. margin 0.05071556570194247
      yes, 90, ags used 0 = 90
   (1) can we show that 1 NL 4?
        a. margin -0.28816554974593145
      no
   (1) can we show that 1 NL 3?
        a. margin 0.05071556570194247
      yes, 90, ags used 0 = 90
      Best assertion(s) require sample: 90

ALTERNATE OUTCOME PAIR: 3,1
   (1) can we show that 5 NL 1?
        a. margin -0.15094385939072574
      no
   (1) can we show that 5 NL 3?
        a. margin -0.08952549279524757
      no
   (1) can we show that 2 NL 1?
        a. margin -0.20404055281439515
      no
   (1) can we show that 2 NL 3?
        a. margin -0.13933279328374693
      no
   (1) can we show that 4 NL 1?
        a. margin -0.16508333947026033
      no
   (1) can we show that 4 NL 3?
        a. margin -0.10125929744458351
      no

ALTERNATE OUTCOME PAIR: 3,1
   (1) can we show that 5 NL 1?
        a. margin -0.15094385939072574
      no
   (1) can we show that 5 NL 3?
        a. margin -0.08952549279524757
      no
   (1) can we show that 2 NL 1?
        a. margin -0.20404055281439515
      no
   (1) can we show that 2 NL 3?
        a. margin -0.13933279328374693
      no
   (1) can we show that 4 NL 1?
        a. margin -0.16508333947026033
      no
   (1) can we show that 4 NL 3?
        a. margin -0.10125929744458351
      no

ALTERNATE OUTCOME PAIR: 5,2
   (1) can we show that 3 NL 2?
        a. margin -0.3081228367331912
      no
   (1) can we show that 3 NL 5?
        a. margin -0.4041780199818348
      no
   (1) can we show that 4 NL 2?
        a. margin -0.022215676166629228
      no
   (1) can we show that 4 NL 5?
        a. margin -0.18629255958956226
      no
   (1) can we show that 1 NL 2?
        a. margin -0.09590789699781488
      no
   (1) can we show that 1 NL 5?
        a. margin -0.18253676019343634
      no
   (1) can we show that 1 NL 2?
        a. margin -0.09590789699781488
      no
   (1) can we show that 1 NL 5?
        a. margin -0.18253676019343634
      no

ALTERNATE OUTCOME PAIR: 5,4
   (1) can we show that 3 NL 4?
        a. margin -0.4167218990107274
      no
   (1) can we show that 3 NL 5?
        a. margin -0.391855070329185
      no
   (1) can we show that 2 NL 4?
        a. margin -0.21383508849448873
      no
   (1) can we show that 2 NL 5?
        a. margin -0.26938655276529966
      no
   (1) can we show that 1 NL 4?
        a. margin -0.20335321697719522
      no
   (1) can we show that 1 NL 5?
        a. margin -0.1708520509610424
      no
   (1) can we show that 1 NL 4?
        a. margin -0.20335321697719522
      no
   (1) can we show that 1 NL 5?
        a. margin -0.1708520509610424
      no

ALTERNATE OUTCOME PAIR: 5,1
   (1) can we show that 3 NL 1?
        a. margin -0.2607948548003046
      no
   (1) can we show that 3 NL 5?
        a. margin -0.43228514618160385
      no
   (1) can we show that 2 NL 1?
        a. margin -0.20649532366153645
      no
   (1) can we show that 2 NL 5?
        a. margin -0.25775093894984913
      no
   (1) can we show that 4 NL 1?
        a. margin -0.17023835824925748
      no
   (1) can we show that 4 NL 5?
        a. margin -0.15983012985737788
      no

ALTERNATE OUTCOME PAIR: 5,1
   (1) can we show that 3 NL 1?
        a. margin -0.2607948548003046
      no
   (1) can we show that 3 NL 5?
        a. margin -0.43228514618160385
      no
   (1) can we show that 2 NL 1?
        a. margin -0.20649532366153645
      no
   (1) can we show that 2 NL 5?
        a. margin -0.25775093894984913
      no
   (1) can we show that 4 NL 1?
        a. margin -0.17023835824925748
      no
   (1) can we show that 4 NL 5?
        a. margin -0.15983012985737788
      no

ALTERNATE OUTCOME PAIR: 2,4
   (1) can we show that 3 NL 4?
        a. margin -0.38976851510911437
      no
   (1) can we show that 3 NL 2?
        a. margin -0.2733387338291974
      no
   (1) can we show that 5 NL 4?
        a. margin -0.22242678645948377
      no
   (1) can we show that 5 NL 2?
        a. margin -0.13007830719002422
      no
   (1) can we show that 1 NL 4?
        a. margin -0.17608071286545446
      no
   (1) can we show that 1 NL 2?
        a. margin -0.06119743721923587
      no
   (1) can we show that 1 NL 4?
        a. margin -0.17608071286545446
      no
   (1) can we show that 1 NL 2?
        a. margin -0.06119743721923587
      no

ALTERNATE OUTCOME PAIR: 2,1
   (1) can we show that 3 NL 1?
        a. margin -0.2698284115177848
      no
   (1) can we show that 3 NL 2?
        a. margin -0.3164199621965289
      no
   (1) can we show that 5 NL 1?
        a. margin -0.1711711711711711
      no
   (1) can we show that 5 NL 2?
        a. margin -0.16162211257579095
      no
   (1) can we show that 4 NL 1?
        a. margin -0.186218916464148
      no
   (1) can we show that 4 NL 2?
        a. margin -0.024351326803642825
      no

ALTERNATE OUTCOME PAIR: 2,1
   (1) can we show that 3 NL 1?
        a. margin -0.2698284115177848
      no
   (1) can we show that 3 NL 2?
        a. margin -0.3164199621965289
      no
   (1) can we show that 5 NL 1?
        a. margin -0.1711711711711711
      no
   (1) can we show that 5 NL 2?
        a. margin -0.16162211257579095
      no
   (1) can we show that 4 NL 1?
        a. margin -0.186218916464148
      no
   (1) can we show that 4 NL 2?
        a. margin -0.024351326803642825
      no

RULE OUT PAIR STAGE ASN 90
------------------------------------------------
Alternate outcome cannot be ruled out: 3,1
Alternate outcome cannot be ruled out: 3,1
Alternate outcome cannot be ruled out: 5,2
Alternate outcome cannot be ruled out: 5,4
Alternate outcome cannot be ruled out: 5,1
Alternate outcome cannot be ruled out: 5,1
Alternate outcome cannot be ruled out: 2,4
Alternate outcome cannot be ruled out: 2,1
Alternate outcome cannot be ruled out: 2,1
Full audit not possible
PARTIAL audit sample size: 90
------------------------------------------------
Final set of assertions generated:
1 NL 3 = 90 [rules out (3, 5), G = set(), O = set()]
1 NL 3 = 90 [rules out (3, 2), G = set(), O = set()]
1 NL 3 = 90 [rules out (3, 4), G = set(), O = set()]
[] are verified winners with these assertions.
[1, 2, 3, 4, 5] remain as potential winners in this audit.
------------------------------------------------
