VALID BALLOTS 8886
Winner 3
Winner 2
Computing AG relationships
6 AG 5 = 680
3 AG 5 = 24
1 AG 5 = 89
4 AG 5 = 27
2 AG 5 = 30
Ruling out candidates: [(5, 27)]
STAGE 1 ASN (Ruling out candidates): 27
ALTERNATE OUTCOME PAIR: 6,3
   (1) can we show that 1 NL 3?
        a. margin -0.23884012303998847
      no
   (1) can we show that 1 NL 6?
        a. margin -0.1915747617975846
      no
   (1) can we show that 4 NL 3?
        a. margin -0.15278715582564362
      no
   (1) can we show that 4 NL 6?
        a. margin -0.0693975542051164
      no
   (1) can we show that 2 NL 3?
        a. margin -0.17679495836146775
      no
   (1) can we show that 2 NL 6?
        a. margin -0.06024457948833373
      no

ALTERNATE OUTCOME PAIR: 6,1
   (1) can we show that 3 NL 1?
        a. margin -0.10364618501012868
      no
   (1) can we show that 3 NL 6?
        a. margin -0.045577312626603694
      no
   (1) can we show that 4 NL 1?
        a. margin -0.11501237902318273
      no
   (1) can we show that 4 NL 6?
        a. margin -0.1072473553905019
      no
   (1) can we show that 2 NL 1?
        a. margin -0.09678145397254123
      no
   (1) can we show that 2 NL 6?
        a. margin -0.09981994148098128
      no

ALTERNATE OUTCOME PAIR: 6,4
   (1) can we show that 3 NL 4?
        a. margin -0.12367769525095706
      no
   (1) can we show that 3 NL 6?
        a. margin -0.025545802385774752
      no
   (1) can we show that 1 NL 4?
        a. margin -0.24739290269337577
      no
   (1) can we show that 1 NL 6?
        a. margin -0.21288168654812878
      no
   (1) can we show that 2 NL 4?
        a. margin -0.08597794283142057
      no
   (1) can we show that 2 NL 6?
        a. margin -0.10559681896616491
      no

ALTERNATE OUTCOME PAIR: 6,2
   (1) can we show that 3 NL 2?
        a. margin -0.17675744617000577
      no
   (1) can we show that 3 NL 6?
        a. margin -0.02625853402355771
      no
   (1) can we show that 1 NL 2?
        a. margin -0.32271738314952425
      no
   (1) can we show that 1 NL 6?
        a. margin -0.21820841773576394
      no
   (1) can we show that 4 NL 2?
        a. margin -0.13496886488108661
      no
   (1) can we show that 4 NL 6?
        a. margin -0.10934803811238647
      no

ALTERNATE OUTCOME PAIR: 3,1
   (1) can we show that 6 NL 1?
        a. margin -0.27969089954235116
      no
   (1) can we show that 6 NL 3?
        a. margin -0.28858128891889856
      no
   (1) can we show that 4 NL 1?
        a. margin -0.08879135719108688
      no
   (1) can we show that 4 NL 3?
        a. margin -0.15440018005851897
      no
   (1) can we show that 2 NL 1?
        a. margin -0.0722109685647837
      no
   (1) can we show that 2 NL 3?
        a. margin -0.1780328606797209
      no

ALTERNATE OUTCOME PAIR: 3,4
   (1) can we show that 6 NL 4?
        a. margin -0.33213294320654174
      no
   (1) can we show that 6 NL 3?
        a. margin -0.29191987395903696
      no
   (1) can we show that 1 NL 4?
        a. margin -0.2470177807787537
      no
   (1) can we show that 1 NL 3?
        a. margin -0.24334158601545564
      no
   (1) can we show that 2 NL 4?
        a. margin -0.0853402355765629
      no
   (1) can we show that 2 NL 3?
        a. margin -0.1838472503563664
      no

ALTERNATE OUTCOME PAIR: 1,4
   (1) can we show that 6 NL 4?
        a. margin -0.32613099257258604
      no
   (1) can we show that 6 NL 1?
        a. margin -0.27155075399504824
      no
   (1) can we show that 3 NL 4?
        a. margin -0.1162127691499737
      no
   (1) can we show that 3 NL 1?
        a. margin -0.07311126115987732
      no
   (1) can we show that 2 NL 4?
        a. margin -0.08245179683397097
      no
   (1) can we show that 2 NL 1?
        a. margin -0.0964813564408441
      no

ALTERNATE OUTCOME PAIR: 1,2
   (1) can we show that 6 NL 2?
        a. margin -0.3843874259134218
      no
   (1) can we show that 6 NL 1?
        a. margin -0.2648735839147722
      no
   (1) can we show that 3 NL 2?
        a. margin -0.16554130092279995
      no
   (1) can we show that 3 NL 1?
        a. margin -0.07063545652337
      no
   (1) can we show that 4 NL 2?
        a. margin -0.12694125590817018
      no
   (1) can we show that 4 NL 1?
        a. margin -0.10597194088078632
      no

ALTERNATE OUTCOME PAIR: 4,2
   (1) can we show that 6 NL 2?
        a. margin -0.3427113811988899
      no
   (1) can we show that 6 NL 4?
        a. margin -0.2957086052967216
      no
   (1) can we show that 3 NL 2?
        a. margin -0.12334008552779696
      no
   (1) can we show that 3 NL 4?
        a. margin -0.0813639432815666
      no
   (1) can we show that 1 NL 2?
        a. margin -0.27432665616325325
      no
   (1) can we show that 1 NL 4?
        a. margin -0.21610773501387925
      no

RULE OUT PAIR STAGE ASN 0
------------------------------------------------
Alternate outcome cannot be ruled out: 6,3
Alternate outcome cannot be ruled out: 6,1
Alternate outcome cannot be ruled out: 6,4
Alternate outcome cannot be ruled out: 6,2
Alternate outcome cannot be ruled out: 3,1
Alternate outcome cannot be ruled out: 3,4
Alternate outcome cannot be ruled out: 1,4
Alternate outcome cannot be ruled out: 1,2
Alternate outcome cannot be ruled out: 4,2
Full audit not possible
PARTIAL audit sample size: 27
------------------------------------------------
Final set of assertions generated:
(3, 'AG', 4, 27)
(2, 'AG', 4, 24)
[] are verified winners with these assertions.
[1, 2, 3, 4, 6] remain as potential winners in this audit.
------------------------------------------------
