VALID BALLOTS 7613
81 ballot checks required to assert that first winner has a quota's worth of votes
AUD TV 0.12809662186705412, ss 110
AG*(4,2) = 549
AG*(4,5) = 260
AG*(1,2) = 153
AG*(1,5) = 1532
AG*(3,2) = 43
AG*(3,5) = 36
AG*(4,2) = 549
AG*(4,5) = 260
NL(4,2) = 45, AG*'s used 153
NL(4,5) = 260, AG*'s used 0
NL(4,1) NOT POSSIBLE
Max in loop inf, 0.12809662186705412
AUD TV 0.1780966218670541, ss 52
AG*(4,2) = 4422
AG*(4,5) = 276
AG*(1,2) = 163
AG*(1,5) = 2032
AG*(3,2) = 43
AG*(3,5) = 36
AG*(4,2) = 4422
AG*(4,5) = 276
NL(4,2) = 46, AG*'s used 163
NL(4,5) = 276, AG*'s used 0
NL(4,1) NOT POSSIBLE
Max in loop inf, 0.1780966218670541
AUD TV 0.2280966218670541, ss 32
AG*(4,5) = 293
AG*(1,2) = 174
AG*(1,5) = 4425
AG*(3,2) = 43
AG*(3,5) = 36
AG*(4,5) = 293
NL(4,2) = 46, AG*'s used 174
NL(4,5) = 293, AG*'s used 0
NL(4,1) NOT POSSIBLE
Max in loop inf, 0.2280966218670541
AUD TV 0.2780966218670541, ss 22
AG*(4,5) = 313
AG*(1,2) = 186
AG*(1,5) = 7460
AG*(3,2) = 43
AG*(3,5) = 36
AG*(4,5) = 313
NL(4,2) = 47, AG*'s used 186
NL(4,5) = 313, AG*'s used 0
NL(4,1) NOT POSSIBLE
Max in loop inf, 0.2780966218670541
AUD TV 0.3280966218670541, ss 16
AG*(4,5) = 336
AG*(1,2) = 201
AG*(1,5) = 7613
AG*(3,2) = 43
AG*(3,5) = 36
AG*(4,5) = 336
NL(4,2) = 47, AG*'s used 201
NL(4,5) = 336, AG*'s used 0
NL(4,1) NOT POSSIBLE
Max in loop inf, 0.3280966218670541
AUD TV 0.37809662186705406, ss 13
AG*(4,5) = 362
AG*(1,2) = 218
AG*(1,5) = 7613
AG*(3,2) = 43
AG*(3,5) = 36
AG*(4,5) = 362
NL(4,2) = 48, AG*'s used 218
NL(4,5) = 362, AG*'s used 0
NL(4,1) NOT POSSIBLE
Max in loop inf, 0.37809662186705406
AUD TV 0.42809662186705405, ss 10
AG*(4,5) = 393
AG*(1,2) = 238
AG*(3,2) = 43
AG*(3,5) = 36
AG*(4,5) = 393
NL(4,2) = 48, AG*'s used 238
NL(4,5) = 393, AG*'s used 0
NL(4,1) NOT POSSIBLE
Max in loop inf, 0.42809662186705405
AUD TV 0.47809662186705404, ss 8
AG*(4,5) = 429
AG*(1,2) = 263
AG*(3,2) = 43
AG*(3,5) = 36
AG*(4,5) = 429
NL(4,2) = 49, AG*'s used 263
NL(4,5) = 429, AG*'s used 0
NL(4,1) NOT POSSIBLE
Max in loop inf, 0.47809662186705404
AUD TV 0.5280966218670541, ss 6
AG*(4,5) = 473
AG*(1,2) = 292
AG*(3,2) = 43
AG*(3,5) = 36
AG*(4,5) = 473
NL(4,2) = 49, AG*'s used 292
NL(4,5) = 473, AG*'s used 0
NL(4,1) NOT POSSIBLE
Max in loop inf, 0.5280966218670541
AUD TV 0.5780966218670541, ss 5
AG*(4,5) = 526
AG*(1,2) = 330
AG*(3,2) = 43
AG*(3,5) = 36
AG*(4,5) = 526
NL(4,2) = 50, AG*'s used 330
NL(4,5) = 526, AG*'s used 0
NL(4,1) NOT POSSIBLE
Max in loop inf, 0.5780966218670541
AUD TV 0.6280966218670542, ss 4
AG*(4,5) = 594
AG*(1,2) = 378
AG*(3,2) = 43
AG*(3,5) = 36
AG*(4,5) = 594
NL(4,2) = 51, AG*'s used 378
NL(4,5) = 594, AG*'s used 0
NL(4,1) NOT POSSIBLE
Max in loop inf, 0.6280966218670542
Sample size to show min tv of 0.039048310933527064 is 156
AUD TV 0.12809662186705412, ss 110
AG*(4,2) = 429
AG*(4,5) = 230
AG*(1,2) = 119
AG*(1,5) = 348
AG*(3,2) = 43
AG*(3,5) = 36
AG*(4,2) = 429
AG*(4,5) = 230
NL(4,2) = 44, AG*'s used 119
NL(4,5) = 230, AG*'s used 0
NL(4,1) NOT POSSIBLE
Max in loop inf, 0.12809662186705412
AUD TV 0.1780966218670541, ss 52
AG*(4,2) = 1103
AG*(4,5) = 242
AG*(1,2) = 124
AG*(1,5) = 370
AG*(3,2) = 43
AG*(3,5) = 36
AG*(4,2) = 1103
AG*(4,5) = 242
NL(4,2) = 45, AG*'s used 124
NL(4,5) = 242, AG*'s used 0
NL(4,1) NOT POSSIBLE
Max in loop inf, 0.1780966218670541
AUD TV 0.2280966218670541, ss 32
AG*(4,5) = 255
AG*(1,2) = 131
AG*(1,5) = 396
AG*(3,2) = 43
AG*(3,5) = 36
AG*(4,5) = 255
NL(4,2) = 45, AG*'s used 131
NL(4,5) = 255, AG*'s used 0
NL(4,1) NOT POSSIBLE
Max in loop inf, 0.2280966218670541
AUD TV 0.2780966218670541, ss 22
AG*(4,5) = 270
AG*(1,2) = 138
AG*(1,5) = 426
AG*(3,2) = 43
AG*(3,5) = 36
AG*(4,5) = 270
NL(4,2) = 46, AG*'s used 138
NL(4,5) = 270, AG*'s used 0
NL(4,1) NOT POSSIBLE
Max in loop inf, 0.2780966218670541
AUD TV 0.3280966218670541, ss 16
AG*(4,5) = 286
AG*(1,2) = 146
AG*(1,5) = 460
AG*(3,2) = 43
AG*(3,5) = 36
AG*(4,5) = 286
NL(4,2) = 46, AG*'s used 146
NL(4,5) = 286, AG*'s used 0
NL(4,1) NOT POSSIBLE
Max in loop inf, 0.3280966218670541
AUD TV 0.37809662186705406, ss 13
AG*(4,5) = 305
AG*(1,2) = 155
AG*(1,5) = 501
AG*(3,2) = 43
AG*(3,5) = 36
AG*(4,5) = 305
NL(4,2) = 47, AG*'s used 155
NL(4,5) = 305, AG*'s used 0
NL(4,1) NOT POSSIBLE
Max in loop inf, 0.37809662186705406
AUD TV 0.42809662186705405, ss 10
AG*(4,5) = 327
AG*(1,2) = 164
AG*(1,5) = 549
AG*(3,2) = 43
AG*(3,5) = 36
AG*(4,5) = 327
NL(4,2) = 47, AG*'s used 164
NL(4,5) = 327, AG*'s used 0
NL(4,1) NOT POSSIBLE
Max in loop inf, 0.42809662186705405
AUD TV 0.47809662186705404, ss 8
AG*(4,5) = 352
AG*(1,2) = 176
AG*(1,5) = 692
AG*(3,2) = 43
AG*(3,5) = 36
AG*(4,5) = 352
NL(4,2) = 48, AG*'s used 176
NL(4,5) = 352, AG*'s used 0
NL(4,1) NOT POSSIBLE
Max in loop inf, 0.47809662186705404
AUD TV 0.5280966218670541, ss 6
AG*(4,5) = 381
AG*(1,2) = 189
AG*(1,5) = 869
AG*(3,2) = 43
AG*(3,5) = 36
AG*(4,5) = 381
NL(4,2) = 48, AG*'s used 189
NL(4,5) = 381, AG*'s used 0
NL(4,1) NOT POSSIBLE
Max in loop inf, 0.5280966218670541
AUD TV 0.5780966218670541, ss 5
AG*(4,5) = 415
AG*(1,2) = 203
AG*(1,5) = 987
AG*(3,2) = 43
AG*(3,5) = 36
AG*(4,5) = 415
NL(4,2) = 49, AG*'s used 203
NL(4,5) = 415, AG*'s used 0
NL(4,1) NOT POSSIBLE
Max in loop inf, 0.5780966218670541
AUD TV 0.6280966218670542, ss 4
AG*(4,5) = 456
AG*(1,2) = 221
AG*(1,5) = 1145
AG*(3,2) = 43
AG*(3,5) = 36
AG*(4,5) = 456
NL(4,2) = 49, AG*'s used 221
NL(4,5) = 456, AG*'s used 0
NL(4,1) NOT POSSIBLE
Max in loop inf, 0.6280966218670542
New mintv = 0.08904831093352707
Sample size required for audit is inf ballots
------------------------------------------------
Assertion set BEFORE filtering:
(3, 'NL', 4, 456)
(3, 'AG*', 1, 1103)
(2, 'QT', None, 81)
(2, 'LT', None, (0.039048310933527064, 156))
(2, 'MT', None, (0.6280966218670542, 4))
(0, 'AG', 1, 221)
(3, 'NL', 1, 221)
(3, 'AG*', 4, 456)
------------------------------------------------
Final set of assertions AFTER filtering:
(3, 'NL', 4, 456)
(3, 'AG*', 1, 1103)
(2, 'QT', None, 81)
(2, 'LT', None, (0.039048310933527064, 156))
(2, 'MT', None, (0.6280966218670542, 4))
(0, 'AG', 1, 221)
(3, 'NL', 1, 221)
(3, 'AG*', 4, 456)
------------------------------------------------
Explanations for AG* inclusion:
   Explanation for (3, 'AG*', 1, 1103): []
   Explanation for (0, 'AG', 1, 221): []
   Explanation for (3, 'AG*', 4, 456): []
------------------------------------------------
