VALID BALLOTS 5628
735 ballot checks required to assert that first winner has a quota's worth of votes
AUD TV 0.061064278187565865, ss 128
AG*(4,5) = 42
AG*(4,6) = 39
AG*(1,5) = 54
AG*(1,6) = 49
AG*(2,5) = 33
AG*(2,6) = 24
AG*(3,5) = 340
AG*(3,6) = 92
AG*(4,5) = 42
AG*(4,6) = 39
NL(4,5) = 41, AG*'s used 39
NL(4,6) = 39, AG*'s used 0
NL(4,3) NOT POSSIBLE
NL(4,1) NOT POSSIBLE
Max in loop inf, 0.061064278187565865
AUD TV 0.11106427818756587, ss 60
AG*(4,5) = 44
AG*(4,6) = 43
AG*(1,5) = 57
AG*(1,6) = 54
AG*(2,5) = 33
AG*(2,6) = 24
AG*(3,5) = 635
AG*(3,6) = 108
AG*(4,5) = 44
AG*(4,6) = 43
NL(4,5) = 43, AG*'s used 43
NL(4,6) = 43, AG*'s used 0
NL(4,3) NOT POSSIBLE
NL(4,1) NOT POSSIBLE
Max in loop inf, 0.11106427818756587
AUD TV 0.16106427818756586, ss 38
AG*(4,5) = 46
AG*(4,6) = 47
AG*(1,5) = 60
AG*(1,6) = 59
AG*(2,5) = 33
AG*(2,6) = 24
AG*(3,5) = 1418
AG*(3,6) = 132
AG*(4,5) = 46
AG*(4,6) = 47
NL(4,5) = 46, AG*'s used 0
NL(4,6) = 46, AG*'s used 46
NL(4,3) NOT POSSIBLE
NL(4,1) NOT POSSIBLE
Max in loop inf, 0.16106427818756586
AUD TV 0.21106427818756585, ss 26
AG*(4,5) = 49
AG*(4,6) = 52
AG*(1,5) = 62
AG*(1,6) = 66
AG*(2,5) = 33
AG*(2,6) = 24
AG*(3,5) = 5628
AG*(3,6) = 170
AG*(4,5) = 49
AG*(4,6) = 52
NL(4,5) = 49, AG*'s used 0
NL(4,6) = 51, AG*'s used 49
NL(4,3) NOT POSSIBLE
NL(4,1) NOT POSSIBLE
Max in loop inf, 0.21106427818756585
AUD TV 0.26106427818756583, ss 20
AG*(4,5) = 53
AG*(4,6) = 58
AG*(1,5) = 66
AG*(1,6) = 74
AG*(2,5) = 33
AG*(2,6) = 24
AG*(3,6) = 236
AG*(4,5) = 53
AG*(4,6) = 58
NL(4,5) = 53, AG*'s used 0
NL(4,6) = 56, AG*'s used 53
NL(4,3) NOT POSSIBLE
NL(4,1) NOT POSSIBLE
Max in loop inf, 0.26106427818756583
AUD TV 0.3110642781875658, ss 15
AG*(4,5) = 57
AG*(4,6) = 66
AG*(1,5) = 69
AG*(1,6) = 85
AG*(2,5) = 33
AG*(2,6) = 24
AG*(3,6) = 388
AG*(4,5) = 57
AG*(4,6) = 66
NL(4,5) = 57, AG*'s used 0
NL(4,6) = 64, AG*'s used 57
NL(4,3) NOT POSSIBLE
NL(4,1) NOT POSSIBLE
Max in loop inf, 0.3110642781875658
AUD TV 0.3610642781875658, ss 12
AG*(4,5) = 61
AG*(4,6) = 76
AG*(1,5) = 73
AG*(1,6) = 99
AG*(2,5) = 33
AG*(2,6) = 24
AG*(3,6) = 1993
AG*(4,5) = 61
AG*(4,6) = 76
NL(4,5) = 61, AG*'s used 0
NL(4,6) = 73, AG*'s used 61
NL(4,3) NOT POSSIBLE
NL(4,1) NOT POSSIBLE
Max in loop inf, 0.3610642781875658
AUD TV 0.4110642781875658, ss 9
AG*(4,5) = 66
AG*(4,6) = 90
AG*(1,5) = 77
AG*(1,6) = 118
AG*(2,5) = 33
AG*(2,6) = 24
AG*(4,5) = 66
AG*(4,6) = 90
NL(4,5) = 66, AG*'s used 0
NL(4,6) = 86, AG*'s used 66
NL(4,3) NOT POSSIBLE
NL(4,1) NOT POSSIBLE
Max in loop inf, 0.4110642781875658
AUD TV 0.4610642781875658, ss 7
AG*(4,5) = 72
AG*(4,6) = 109
AG*(1,5) = 82
AG*(1,6) = 147
AG*(2,5) = 33
AG*(2,6) = 24
AG*(4,5) = 72
AG*(4,6) = 109
NL(4,5) = 72, AG*'s used 0
NL(4,6) = 103, AG*'s used 72
NL(4,3) NOT POSSIBLE
NL(4,1) NOT POSSIBLE
Max in loop inf, 0.4610642781875658
AUD TV 0.5110642781875658, ss 6
AG*(4,5) = 79
AG*(4,6) = 140
AG*(1,5) = 88
AG*(1,6) = 195
AG*(2,5) = 33
AG*(2,6) = 24
AG*(4,5) = 79
AG*(4,6) = 140
NL(4,5) = 79, AG*'s used 0
NL(4,6) = 130, AG*'s used 79
NL(4,3) NOT POSSIBLE
NL(4,1) NOT POSSIBLE
Max in loop inf, 0.5110642781875658
AUD TV 0.5610642781875659, ss 5
AG*(4,5) = 88
AG*(4,6) = 194
AG*(1,5) = 94
AG*(1,6) = 287
AG*(2,5) = 33
AG*(2,6) = 24
AG*(4,5) = 88
AG*(4,6) = 194
NL(4,5) = 88, AG*'s used 0
NL(4,6) = 176, AG*'s used 88
NL(4,3) NOT POSSIBLE
NL(4,1) NOT POSSIBLE
Max in loop inf, 0.5610642781875659
AUD TV 0.6110642781875659, ss 4
AG*(4,5) = 99
AG*(4,6) = 316
AG*(1,5) = 102
AG*(1,6) = 702
AG*(2,5) = 33
AG*(2,6) = 24
AG*(4,5) = 99
AG*(4,6) = 316
NL(4,5) = 99, AG*'s used 0
NL(4,6) = 270, AG*'s used 99
NL(4,3) NOT POSSIBLE
NL(4,1) NOT POSSIBLE
Max in loop inf, 0.6110642781875659
AUD TV 0.661064278187566, ss 3
AG*(4,5) = 113
AG*(4,6) = 1198
AG*(1,5) = 111
AG*(1,6) = 5628
AG*(2,5) = 33
AG*(2,6) = 24
AG*(4,5) = 113
AG*(4,6) = 1198
NL(4,5) = 31, AG*'s used 111
NL(4,6) = 745, AG*'s used 113
NL(4,3) NOT POSSIBLE
NL(4,1) NOT POSSIBLE
Max in loop inf, 0.661064278187566
Sample size to show min tv of 0.0055321390937829295 is 2246
AUD TV 0.061064278187565865, ss 128
AG*(4,5) = 41
AG*(4,6) = 39
AG*(1,5) = 54
AG*(1,6) = 49
AG*(2,5) = 33
AG*(2,6) = 24
AG*(3,5) = 333
AG*(3,6) = 91
AG*(4,5) = 41
AG*(4,6) = 39
NL(4,5) = 41, AG*'s used 39
NL(4,6) = 39, AG*'s used 0
NL(4,3) NOT POSSIBLE
NL(4,1) NOT POSSIBLE
Max in loop inf, 0.061064278187565865
AUD TV 0.11106427818756587, ss 60
AG*(4,5) = 44
AG*(4,6) = 43
AG*(1,5) = 57
AG*(1,6) = 54
AG*(2,5) = 33
AG*(2,6) = 24
AG*(3,5) = 548
AG*(3,6) = 107
AG*(4,5) = 44
AG*(4,6) = 43
NL(4,5) = 43, AG*'s used 43
NL(4,6) = 43, AG*'s used 0
NL(4,3) NOT POSSIBLE
NL(4,1) NOT POSSIBLE
Max in loop inf, 0.11106427818756587
AUD TV 0.16106427818756586, ss 38
AG*(4,5) = 46
AG*(4,6) = 47
AG*(1,5) = 59
AG*(1,6) = 59
AG*(2,5) = 33
AG*(2,6) = 24
AG*(3,5) = 1219
AG*(3,6) = 131
AG*(4,5) = 46
AG*(4,6) = 47
NL(4,5) = 46, AG*'s used 0
NL(4,6) = 46, AG*'s used 46
NL(4,3) NOT POSSIBLE
NL(4,1) NOT POSSIBLE
Max in loop inf, 0.16106427818756586
AUD TV 0.21106427818756585, ss 26
AG*(4,5) = 49
AG*(4,6) = 52
AG*(1,5) = 62
AG*(1,6) = 66
AG*(2,5) = 33
AG*(2,6) = 24
AG*(3,5) = 5628
AG*(3,6) = 168
AG*(4,5) = 49
AG*(4,6) = 52
NL(4,5) = 49, AG*'s used 0
NL(4,6) = 51, AG*'s used 49
NL(4,3) NOT POSSIBLE
NL(4,1) NOT POSSIBLE
Max in loop inf, 0.21106427818756585
AUD TV 0.26106427818756583, ss 20
AG*(4,5) = 53
AG*(4,6) = 58
AG*(1,5) = 65
AG*(1,6) = 74
AG*(2,5) = 33
AG*(2,6) = 24
AG*(3,6) = 233
AG*(4,5) = 53
AG*(4,6) = 58
NL(4,5) = 53, AG*'s used 0
NL(4,6) = 56, AG*'s used 53
NL(4,3) NOT POSSIBLE
NL(4,1) NOT POSSIBLE
Max in loop inf, 0.26106427818756583
AUD TV 0.3110642781875658, ss 15
AG*(4,5) = 56
AG*(4,6) = 66
AG*(1,5) = 69
AG*(1,6) = 84
AG*(2,5) = 33
AG*(2,6) = 24
AG*(3,6) = 379
AG*(4,5) = 56
AG*(4,6) = 66
NL(4,5) = 56, AG*'s used 0
NL(4,6) = 64, AG*'s used 56
NL(4,3) NOT POSSIBLE
NL(4,1) NOT POSSIBLE
Max in loop inf, 0.3110642781875658
AUD TV 0.3610642781875658, ss 12
AG*(4,5) = 61
AG*(4,6) = 76
AG*(1,5) = 73
AG*(1,6) = 98
AG*(2,5) = 33
AG*(2,6) = 24
AG*(3,6) = 1578
AG*(4,5) = 61
AG*(4,6) = 76
NL(4,5) = 61, AG*'s used 0
NL(4,6) = 73, AG*'s used 61
NL(4,3) NOT POSSIBLE
NL(4,1) NOT POSSIBLE
Max in loop inf, 0.3610642781875658
AUD TV 0.4110642781875658, ss 9
AG*(4,5) = 66
AG*(4,6) = 90
AG*(1,5) = 77
AG*(1,6) = 117
AG*(2,5) = 33
AG*(2,6) = 24
AG*(4,5) = 66
AG*(4,6) = 90
NL(4,5) = 66, AG*'s used 0
NL(4,6) = 85, AG*'s used 66
NL(4,3) NOT POSSIBLE
NL(4,1) NOT POSSIBLE
Max in loop inf, 0.4110642781875658
AUD TV 0.4610642781875658, ss 7
AG*(4,5) = 72
AG*(4,6) = 109
AG*(1,5) = 82
AG*(1,6) = 145
AG*(2,5) = 33
AG*(2,6) = 24
AG*(4,5) = 72
AG*(4,6) = 109
NL(4,5) = 72, AG*'s used 0
NL(4,6) = 103, AG*'s used 72
NL(4,3) NOT POSSIBLE
NL(4,1) NOT POSSIBLE
Max in loop inf, 0.4610642781875658
AUD TV 0.5110642781875658, ss 6
AG*(4,5) = 79
AG*(4,6) = 140
AG*(1,5) = 87
AG*(1,6) = 192
AG*(2,5) = 33
AG*(2,6) = 24
AG*(4,5) = 79
AG*(4,6) = 140
NL(4,5) = 79, AG*'s used 0
NL(4,6) = 130, AG*'s used 79
NL(4,3) NOT POSSIBLE
NL(4,1) NOT POSSIBLE
Max in loop inf, 0.5110642781875658
AUD TV 0.5610642781875659, ss 5
AG*(4,5) = 88
AG*(4,6) = 193
AG*(1,5) = 94
AG*(1,6) = 281
AG*(2,5) = 33
AG*(2,6) = 24
AG*(4,5) = 88
AG*(4,6) = 193
NL(4,5) = 88, AG*'s used 0
NL(4,6) = 175, AG*'s used 88
NL(4,3) NOT POSSIBLE
NL(4,1) NOT POSSIBLE
Max in loop inf, 0.5610642781875659
AUD TV 0.6110642781875659, ss 4
AG*(4,5) = 99
AG*(4,6) = 314
AG*(1,5) = 101
AG*(1,6) = 674
AG*(2,5) = 33
AG*(2,6) = 24
AG*(4,5) = 99
AG*(4,6) = 314
NL(4,5) = 99, AG*'s used 0
NL(4,6) = 268, AG*'s used 99
NL(4,3) NOT POSSIBLE
NL(4,1) NOT POSSIBLE
Max in loop inf, 0.6110642781875659
AUD TV 0.661064278187566, ss 3
AG*(4,5) = 113
AG*(4,6) = 1180
AG*(1,5) = 110
AG*(1,6) = 5628
AG*(2,5) = 33
AG*(2,6) = 24
AG*(4,5) = 113
AG*(4,6) = 1180
NL(4,5) = 31, AG*'s used 110
NL(4,6) = 737, AG*'s used 113
NL(4,3) NOT POSSIBLE
NL(4,1) NOT POSSIBLE
Max in loop inf, 0.661064278187566
New mintv = 0.055532139093782934
Sample size required for audit is inf ballots
------------------------------------------------
Assertion set BEFORE filtering:
(3, 'AG*', 4, 113)
(0, 'AG', 4, 110)
(2, 'AG', 4, 5628)
(1, 'MT', None, (0.661064278187566, 3))
(1, 'QT', None, 735)
(1, 'LT', None, (0.0055321390937829295, 2246))
(3, 'AG*', 5, 1180)
(3, 'NL', 5, 737)
(3, 'NL', 4, 110)
------------------------------------------------
Final set of assertions AFTER filtering:
(3, 'AG*', 4, 113)
(0, 'AG', 4, 110)
(2, 'AG', 4, 5628)
(1, 'MT', None, (0.661064278187566, 3))
(1, 'QT', None, 735)
(1, 'LT', None, (0.0055321390937829295, 2246))
(3, 'AG*', 5, 1180)
(3, 'NL', 5, 737)
(3, 'NL', 4, 110)
------------------------------------------------
Explanations for AG* inclusion:
   Explanation for (3, 'AG*', 4, 113): []
   Explanation for (0, 'AG', 4, 110): []
   Explanation for (2, 'AG', 4, 5628): []
   Explanation for (3, 'AG*', 5, 1180): []
------------------------------------------------
