VALID BALLOTS 5628
Winner 3
Winner 4
Computing AG relationships
3 AG 5 = 179
6 AG 5 = 226
6 AG 1 = 131
6 AG 7 = 2973
4 AG 5 = 89
4 AG 1 = 47
4 AG 7 = 80
Ruling out candidates: [(5, 179), (1, 131), (7, 2973)]
STAGE 1 ASN (Ruling out candidates): 2973
ALTERNATE OUTCOME PAIR: 2,3
   (1) can we show that 6 NL 3?
        a. margin -0.047322909263207924
      no
   (1) can we show that 6 NL 2?
        a. margin -0.010779436152570487
      no
   (1) can we show that 4 NL 3?
        a. margin -0.029732290926320903
      no
   (1) can we show that 4 NL 2?
        a. margin 0.009002606017531445
      yes, 337, ags used 89 = 337
      Best assertion(s) require sample: 337

ALTERNATE OUTCOME PAIR: 2,6
   (1) can we show that 3 NL 6?
        a. margin -0.23466003316749573
      no
   (1) can we show that 3 NL 2?
        a. margin -0.019189765458424435
      no
   (1) can we show that 4 NL 6?
        a. margin -0.051409618573797444
      no
   (1) can we show that 4 NL 2?
        a. margin -0.02730395640843597
      no

ALTERNATE OUTCOME PAIR: 2,4
   (1) can we show that 3 NL 4?
        a. margin -0.23673300165837474
      no
   (1) can we show that 3 NL 2?
        a. margin -0.02185501066098028
      no
   (1) can we show that 6 NL 4?
        a. margin -0.07823975361288793
      no
   (1) can we show that 6 NL 2?
        a. margin -0.05768775171760265
      no

ALTERNATE OUTCOME PAIR: 3,6
   (1) can we show that 2 NL 6?
        a. margin -0.28375977256574225
      no
   (1) can we show that 2 NL 3?
        a. margin -0.1207059938403231
      no
   (1) can we show that 4 NL 6?
        a. margin -0.04821132433072772
      no
   (1) can we show that 4 NL 3?
        a. margin -0.06023454157782682
      no

ALTERNATE OUTCOME PAIR: 6,4
   (1) can we show that 2 NL 4?
        a. margin -0.2543828476664284
      no
   (1) can we show that 2 NL 6?
        a. margin -0.24425491589670556
      no
   (1) can we show that 3 NL 4?
        a. margin -0.2102582326462923
      no
   (1) can we show that 3 NL 6?
        a. margin -0.1919568822553892
      no

RULE OUT PAIR STAGE ASN 337
------------------------------------------------
Alternate outcome cannot be ruled out: 2,6
Alternate outcome cannot be ruled out: 2,4
Alternate outcome cannot be ruled out: 3,6
Alternate outcome cannot be ruled out: 6,4
Full audit not possible
PARTIAL audit sample size: 2973
------------------------------------------------
Final set of assertions generated:
(3, 'AG', 6, 80)
(5, 'AG', 6, 2973)
(2, 'AG', 4, 179)
4 NL 2 = 337 [rules out (2, 3), G = {0, 4, 6}, O = set()]
(3, 'AG', 4, 89)
(3, 'AG', 0, 47)
(5, 'AG', 0, 131)
[] are verified winners with these assertions.
[2, 3, 4, 6] remain as potential winners in this audit.
------------------------------------------------
