VALID BALLOTS 5405
197 ballot checks required to assert that first winner has a quota's worth of votes
AUD TV 0.08326180257510729, ss 121
AG*(5,1) = 21
AG*(5,2) = 22
AG*(5,3) = 28
AG*(5,4) = 17
AG*(5,7) = 42
AG*(5,8) = 43
AG*(3,4) = 282
AG*(5,1) = 21
AG*(5,2) = 22
AG*(5,3) = 28
AG*(5,4) = 17
AG*(5,7) = 42
AG*(5,8) = 43
AG*(6,1) = 42
AG*(6,2) = 26
AG*(6,3) = 37
AG*(6,4) = 15
AG*(6,7) = 120
AG*(6,8) = 86
AG*(7,2) = 1051
AG*(7,4) = 42
AG*(8,2) = 2740
AG*(8,4) = 64
NL(5,4) = 17, AG*'s used 0
NL(5,2) = 21, AG*'s used 21
NL(5,1) = 21, AG*'s used 17
NL(5,3) = 25, AG*'s used 22
NL(5,8) = 34, AG*'s used 28
Max in loop 197, 0.08326180257510729
AUD TV 0.13326180257510728, ss 57
AG*(5,1) = 21
AG*(5,2) = 23
AG*(5,3) = 29
AG*(5,4) = 17
AG*(5,7) = 45
AG*(5,8) = 46
AG*(3,4) = 333
AG*(5,1) = 21
AG*(5,2) = 23
AG*(5,3) = 29
AG*(5,4) = 17
AG*(5,7) = 45
AG*(5,8) = 46
AG*(6,1) = 42
AG*(6,2) = 26
AG*(6,3) = 37
AG*(6,4) = 15
AG*(6,7) = 120
AG*(6,8) = 86
AG*(7,2) = 2362
AG*(7,4) = 42
AG*(8,2) = 5405
AG*(8,4) = 66
NL(5,4) = 17, AG*'s used 0
NL(5,2) = 21, AG*'s used 21
NL(5,1) = 21, AG*'s used 17
NL(5,3) = 26, AG*'s used 23
NL(5,8) = 36, AG*'s used 29
Max in loop 197, 0.13326180257510728
AUD TV 0.18326180257510727, ss 36
AG*(5,1) = 21
AG*(5,2) = 23
AG*(5,3) = 30
AG*(5,4) = 17
AG*(5,7) = 47
AG*(5,8) = 48
AG*(3,4) = 464
AG*(5,1) = 21
AG*(5,2) = 23
AG*(5,3) = 30
AG*(5,4) = 17
AG*(5,7) = 47
AG*(5,8) = 48
AG*(6,1) = 42
AG*(6,2) = 26
AG*(6,3) = 37
AG*(6,4) = 15
AG*(6,7) = 120
AG*(6,8) = 86
AG*(7,2) = 5405
AG*(7,4) = 43
AG*(8,4) = 69
NL(5,4) = 17, AG*'s used 0
NL(5,2) = 22, AG*'s used 21
NL(5,1) = 21, AG*'s used 17
NL(5,3) = 27, AG*'s used 23
NL(5,8) = 37, AG*'s used 30
Max in loop 197, 0.18326180257510727
AUD TV 0.23326180257510726, ss 25
AG*(5,1) = 21
AG*(5,2) = 23
AG*(5,3) = 31
AG*(5,4) = 17
AG*(5,7) = 51
AG*(5,8) = 51
AG*(3,4) = 594
AG*(5,1) = 21
AG*(5,2) = 23
AG*(5,3) = 31
AG*(5,4) = 17
AG*(5,7) = 51
AG*(5,8) = 51
AG*(6,1) = 42
AG*(6,2) = 26
AG*(6,3) = 37
AG*(6,4) = 15
AG*(6,7) = 120
AG*(6,8) = 86
AG*(7,4) = 44
AG*(8,4) = 71
NL(5,4) = 17, AG*'s used 0
NL(5,2) = 22, AG*'s used 21
NL(5,1) = 21, AG*'s used 17
NL(5,3) = 28, AG*'s used 23
NL(5,8) = 39, AG*'s used 31
Max in loop 197, 0.23326180257510726
AUD TV 0.28326180257510725, ss 18
AG*(5,1) = 21
AG*(5,2) = 24
AG*(5,3) = 32
AG*(5,4) = 17
AG*(5,7) = 54
AG*(5,8) = 55
AG*(3,4) = 925
AG*(5,1) = 21
AG*(5,2) = 24
AG*(5,3) = 32
AG*(5,4) = 17
AG*(5,7) = 54
AG*(5,8) = 55
AG*(6,1) = 42
AG*(6,2) = 26
AG*(6,3) = 37
AG*(6,4) = 15
AG*(6,7) = 120
AG*(6,8) = 86
AG*(7,4) = 45
AG*(8,4) = 74
NL(5,4) = 17, AG*'s used 0
NL(5,2) = 22, AG*'s used 21
NL(5,1) = 21, AG*'s used 17
NL(5,3) = 28, AG*'s used 24
NL(5,8) = 41, AG*'s used 32
Max in loop 197, 0.28326180257510725
AUD TV 0.33326180257510724, ss 14
AG*(5,1) = 22
AG*(5,2) = 24
AG*(5,3) = 33
AG*(5,4) = 18
AG*(5,7) = 58
AG*(5,8) = 58
AG*(3,4) = 2280
AG*(5,1) = 22
AG*(5,2) = 24
AG*(5,3) = 33
AG*(5,4) = 18
AG*(5,7) = 58
AG*(5,8) = 58
AG*(6,1) = 42
AG*(6,2) = 26
AG*(6,3) = 37
AG*(6,4) = 15
AG*(6,7) = 120
AG*(6,8) = 86
AG*(7,4) = 46
AG*(8,4) = 77
NL(5,4) = 18, AG*'s used 0
NL(5,2) = 23, AG*'s used 22
NL(5,1) = 22, AG*'s used 18
NL(5,3) = 29, AG*'s used 24
NL(5,8) = 43, AG*'s used 33
Max in loop 197, 0.33326180257510724
AUD TV 0.3832618025751072, ss 11
AG*(5,1) = 22
AG*(5,2) = 25
AG*(5,3) = 34
AG*(5,4) = 18
AG*(5,7) = 63
AG*(5,8) = 63
AG*(3,4) = 5405
AG*(5,1) = 22
AG*(5,2) = 25
AG*(5,3) = 34
AG*(5,4) = 18
AG*(5,7) = 63
AG*(5,8) = 63
AG*(6,1) = 42
AG*(6,2) = 26
AG*(6,3) = 37
AG*(6,4) = 15
AG*(6,7) = 120
AG*(6,8) = 86
AG*(7,4) = 47
AG*(8,4) = 80
NL(5,4) = 18, AG*'s used 0
NL(5,2) = 23, AG*'s used 22
NL(5,1) = 22, AG*'s used 18
NL(5,3) = 30, AG*'s used 25
NL(5,8) = 45, AG*'s used 34
Max in loop 197, 0.3832618025751072
AUD TV 0.4332618025751072, ss 9
AG*(5,1) = 22
AG*(5,2) = 25
AG*(5,3) = 35
AG*(5,4) = 18
AG*(5,7) = 68
AG*(5,8) = 68
AG*(5,1) = 22
AG*(5,2) = 25
AG*(5,3) = 35
AG*(5,4) = 18
AG*(5,7) = 68
AG*(5,8) = 68
AG*(6,1) = 42
AG*(6,2) = 26
AG*(6,3) = 37
AG*(6,4) = 15
AG*(6,7) = 120
AG*(6,8) = 86
AG*(7,4) = 48
AG*(8,4) = 83
NL(5,4) = 18, AG*'s used 0
NL(5,2) = 24, AG*'s used 22
NL(5,1) = 22, AG*'s used 18
NL(5,3) = 31, AG*'s used 25
NL(5,8) = 48, AG*'s used 35
Max in loop 197, 0.4332618025751072
AUD TV 0.4832618025751072, ss 7
AG*(5,1) = 22
AG*(5,2) = 26
AG*(5,3) = 36
AG*(5,4) = 18
AG*(5,7) = 75
AG*(5,8) = 73
AG*(5,1) = 22
AG*(5,2) = 26
AG*(5,3) = 36
AG*(5,4) = 18
AG*(5,7) = 75
AG*(5,8) = 73
AG*(6,1) = 42
AG*(6,2) = 26
AG*(6,3) = 37
AG*(6,4) = 15
AG*(6,7) = 120
AG*(6,8) = 86
AG*(7,4) = 49
AG*(8,4) = 87
NL(5,4) = 18, AG*'s used 0
NL(5,2) = 24, AG*'s used 22
NL(5,1) = 22, AG*'s used 18
NL(5,3) = 32, AG*'s used 26
NL(5,8) = 51, AG*'s used 36
Max in loop 197, 0.4832618025751072
AUD TV 0.5332618025751072, ss 5
AG*(5,1) = 22
AG*(5,2) = 26
AG*(5,3) = 37
AG*(5,4) = 19
AG*(5,7) = 83
AG*(5,8) = 80
AG*(5,1) = 22
AG*(5,2) = 26
AG*(5,3) = 37
AG*(5,4) = 19
AG*(5,7) = 83
AG*(5,8) = 80
AG*(6,1) = 42
AG*(6,2) = 26
AG*(6,3) = 37
AG*(6,4) = 15
AG*(6,7) = 120
AG*(6,8) = 86
AG*(7,4) = 50
AG*(8,4) = 91
NL(5,4) = 19, AG*'s used 0
NL(5,2) = 24, AG*'s used 22
NL(5,1) = 22, AG*'s used 19
NL(5,3) = 33, AG*'s used 26
NL(5,8) = 54, AG*'s used 37
Max in loop 197, 0.5332618025751072
AUD TV 0.5832618025751073, ss 4
AG*(5,1) = 23
AG*(5,2) = 27
AG*(5,3) = 39
AG*(5,4) = 19
AG*(5,7) = 93
AG*(5,8) = 89
AG*(5,1) = 23
AG*(5,2) = 27
AG*(5,3) = 39
AG*(5,4) = 19
AG*(5,7) = 93
AG*(5,8) = 89
AG*(6,1) = 42
AG*(6,2) = 26
AG*(6,3) = 37
AG*(6,4) = 15
AG*(6,7) = 120
AG*(6,8) = 86
AG*(7,4) = 51
AG*(8,4) = 95
NL(5,4) = 19, AG*'s used 0
NL(5,2) = 25, AG*'s used 23
NL(5,1) = 23, AG*'s used 19
NL(5,3) = 34, AG*'s used 27
NL(5,8) = 58, AG*'s used 39
Max in loop 197, 0.5832618025751073
AUD TV 0.6332618025751073, ss 3
AG*(5,1) = 23
AG*(5,2) = 27
AG*(5,3) = 40
AG*(5,4) = 19
AG*(5,7) = 105
AG*(5,8) = 99
AG*(5,1) = 23
AG*(5,2) = 27
AG*(5,3) = 40
AG*(5,4) = 19
AG*(5,7) = 105
AG*(5,8) = 99
AG*(6,1) = 42
AG*(6,2) = 26
AG*(6,3) = 37
AG*(6,4) = 15
AG*(6,7) = 120
AG*(6,8) = 86
AG*(7,4) = 53
AG*(8,4) = 100
NL(5,4) = 19, AG*'s used 0
NL(5,2) = 25, AG*'s used 23
NL(5,1) = 23, AG*'s used 19
NL(5,3) = 35, AG*'s used 27
NL(5,8) = 62, AG*'s used 40
Max in loop 197, 0.6332618025751073
Sample size to show min tv of 0.016630901287553648 is 386
Sample size required for audit is 197 ballots
------------------------------------------------
Assertion set BEFORE filtering:
(5, 'MT', None, (0.6332618025751073, 3))
(4, 'NL', 2, 35)
(4, 'AG*', 2, 40)
(4, 'NL', 3, 19)
(4, 'AG*', 1, 27)
(4, 'AG*', 3, 19)
(5, 'QT', None, 197)
(4, 'AG*', 0, 23)
(4, 'NL', 0, 23)
(4, 'NL', 7, 62)
(4, 'NL', 1, 25)
------------------------------------------------
Final set of assertions AFTER filtering:
(5, 'MT', None, (0.6332618025751073, 3))
(4, 'NL', 2, 35)
(4, 'AG*', 2, 40)
(4, 'NL', 3, 19)
(4, 'AG*', 1, 27)
(4, 'AG*', 3, 19)
(5, 'QT', None, 197)
(4, 'AG*', 0, 23)
(4, 'NL', 0, 23)
(4, 'NL', 7, 62)
(4, 'NL', 1, 25)
------------------------------------------------
Explanations for AG* inclusion:
   Explanation for (4, 'AG*', 2, 40): []
   Explanation for (4, 'AG*', 1, 27): []
   Explanation for (4, 'AG*', 3, 19): []
   Explanation for (4, 'AG*', 0, 23): []
------------------------------------------------
