VALID BALLOTS 5468
Winner 6
Winner 3
Computing AG relationships
10 AG 9 = 572
6 AG 4 = 21
6 AG 9 = 19
6 AG 5 = 25
6 AG 7 = 22
6 AG 10 = 30
6 AG 2 = 24
1 AG 4 = 251
1 AG 9 = 207
1 AG 5 = 108
8 AG 4 = 56
8 AG 9 = 52
8 AG 5 = 44
8 AG 7 = 84
8 AG 2 = 207
3 AG 4 = 79
3 AG 9 = 76
3 AG 5 = 53
3 AG 7 = 151
Ruling out candidates: [(4, 56), (9, 52), (5, 44), (7, 84), (2, 207)]
STAGE 1 ASN (Ruling out candidates): 207
ALTERNATE OUTCOME PAIR: 10,6
   (1) can we show that 1 NL 6?
        a. margin -0.3238234576932463
      no
   (1) can we show that 1 NL 10?
        a. margin -0.2019629358692966
      no
   (1) can we show that 8 NL 6?
        a. margin -0.24780541331382555
      no
   (1) can we show that 8 NL 10?
        a. margin -0.12210436478907272
      no
   (1) can we show that 3 NL 6?
        a. margin -0.27328700316995813
      no
   (1) can we show that 3 NL 10?
        a. margin -0.15112167763959683
      no

ALTERNATE OUTCOME PAIR: 10,1
   (1) can we show that 6 NL 1?
        a. margin -0.0538892952938308
      no
   (1) can we show that 6 NL 10?
        a. margin 0.151609363569861
      yes, 23, ags used 24 = 24
   (1) can we show that 8 NL 1?
        a. margin -0.016825164594001518
      no
   (1) can we show that 8 NL 10?
        a. margin 0.06534991465496232
      yes, 66, ags used 52 = 66
   (1) can we show that 3 NL 1?
        a. margin -0.0324311143623508
      no
   (1) can we show that 3 NL 10?
        a. margin 0.037795659595220465
      yes, 111, ags used 79 = 111
      Best assertion(s) require sample: 24

ALTERNATE OUTCOME PAIR: 10,8
   (1) can we show that 6 NL 8?
        a. margin -0.06803218727139726
      no
   (1) can we show that 6 NL 10?
        a. margin 0.1536820287734677
      yes, 23, ags used 24 = 24
   (1) can we show that 1 NL 8?
        a. margin -0.20763228480858376
      no
   (1) can we show that 1 NL 10?
        a. margin -0.00030480370641228216
      no
   (1) can we show that 3 NL 8?
        a. margin -0.09107534747622514
      no
   (1) can we show that 3 NL 10?
        a. margin 0.03864910997317739
      yes, 109, ags used 79 = 109
      Best assertion(s) require sample: 24

ALTERNATE OUTCOME PAIR: 10,3
   (1) can we show that 6 NL 3?
        a. margin -0.07851743477200679
      no
   (1) can we show that 6 NL 10?
        a. margin 0.15313338210192606
      yes, 23, ags used 24 = 24
   (1) can we show that 1 NL 3?
        a. margin -0.20824189222140965
      no
   (1) can we show that 1 NL 10?
        a. margin -0.0008534503779564773
      no
   (1) can we show that 8 NL 3?
        a. margin -0.10765666910509641
      no
   (1) can we show that 8 NL 10?
        a. margin 0.06516703243111421
      yes, 66, ags used 52 = 66
      Best assertion(s) require sample: 24

ALTERNATE OUTCOME PAIR: 6,1
   (1) can we show that 10 NL 1?
        a. margin -0.32016581321628845
      no
   (1) can we show that 10 NL 6?
        a. margin -0.33424774445257255
      no
   (1) can we show that 8 NL 1?
        a. margin -0.011643501584977956
      no
   (1) can we show that 8 NL 6?
        a. margin -0.27017800536454517
      no
   (1) can we show that 3 NL 1?
        a. margin -0.027493294318458483
      no
   (1) can we show that 3 NL 6?
        a. margin -0.29712265301146057
      no

ALTERNATE OUTCOME PAIR: 6,8
   (1) can we show that 10 NL 8?
        a. margin -0.338819800048768
      no
   (1) can we show that 10 NL 6?
        a. margin -0.33199219702511384
      no
   (1) can we show that 1 NL 8?
        a. margin -0.19915874177030013
      no
   (1) can we show that 1 NL 6?
        a. margin -0.34455010972933353
      no
   (1) can we show that 3 NL 8?
        a. margin -0.0836381370397492
      no
   (1) can we show that 3 NL 6?
        a. margin -0.29511094854913344
      no

ALTERNATE OUTCOME PAIR: 1,8
   (1) can we show that 10 NL 8?
        a. margin -0.3135820531577663
      no
   (1) can we show that 10 NL 1?
        a. margin -0.2747500609607386
      no
   (1) can we show that 6 NL 8?
        a. margin 0.04821994635454763
      yes, 94, ags used 30 = 94
   (1) can we show that 6 NL 1?
        a. margin 0.0807729821994585
      yes, 56, ags used 30 = 56
   (1) can we show that 3 NL 8?
        a. margin -0.09040477932211655
      no
   (1) can we show that 3 NL 1?
        a. margin -0.019080712021461332
      no
      Best assertion(s) require sample: 56

ALTERNATE OUTCOME PAIR: 1,3
   (1) can we show that 10 NL 3?
        a. margin -0.31864179468422327
      no
   (1) can we show that 10 NL 1?
        a. margin -0.28139478176054744
      no
   (1) can we show that 6 NL 3?
        a. margin 0.04114850036576434
      yes, 111, ags used 30 = 111
   (1) can we show that 6 NL 1?
        a. margin 0.07485979029504897
      yes, 61, ags used 30 = 61
   (1) can we show that 8 NL 3?
        a. margin -0.07863935625457208
      no
   (1) can we show that 8 NL 1?
        a. margin 0.00042672518897779455
      yes, 5468, ags used 207 = 5468
      Best assertion(s) require sample: 61

ALTERNATE OUTCOME PAIR: 8,3
   (1) can we show that 10 NL 3?
        a. margin -0.3001706900755886
      no
   (1) can we show that 10 NL 8?
        a. margin -0.302304316020484
      no
   (1) can we show that 6 NL 3?
        a. margin 0.05870519385515238
      yes, 78, ags used 30 = 78
   (1) can we show that 6 NL 8?
        a. margin 0.059131919044134396
      yes, 77, ags used 30 = 77
   (1) can we show that 1 NL 3?
        a. margin -0.1717873689344095
      no
   (1) can we show that 1 NL 8?
        a. margin -0.18336990977810164
      no
      Best assertion(s) require sample: 77

RULE OUT PAIR STAGE ASN 77
------------------------------------------------
EXAMINING WAYS TO REDUCE COST OF AUDIT
ALTERNATE OUTCOME PAIR: 2,10
   (1) can we show that 6 NL 10?
        a. margin 0.15185320653499157
      yes, 28, ags used 25 = 28
   (1) can we show that 6 NL 2?
        a. margin 0.18666178980736392
      yes, 23, ags used 22 = 23
   (1) can we show that 1 NL 10?
        a. margin 6.096074128203455e-05
      yes, 5468, ags used 251 = 5468
   (1) can we show that 1 NL 2?
        a. margin 0.011094854913435537
      yes, 303, ags used 251 = 303
   (1) can we show that 8 NL 10?
        a. margin 0.06809314801268007
      yes, 63, ags used 52 = 63
   (1) can we show that 8 NL 2?
        a. margin 0.02657888319921975
      yes, 58, ags used 52 = 58
   (1) can we show that 3 NL 10?
        a. margin 0.041026578883199605
      yes, 103, ags used 79 = 103
   (1) can we show that 3 NL 2?
        a. margin 0.0028041940990004566
      yes, 88, ags used 79 = 88
      Best assertion(s) require sample: 23

ALTERNATE OUTCOME PAIR: 2,6
   (1) can we show that 10 NL 6?
        a. margin -0.33156547183613794
      no
   (1) can we show that 10 NL 2?
        a. margin -0.021336259448914485
      no
   (1) can we show that 1 NL 6?
        a. margin -0.33766154596439957
      no
   (1) can we show that 1 NL 2?
        a. margin -0.02109241648378324
      no
   (1) can we show that 8 NL 6?
        a. margin -0.26176542306754425
      no
   (1) can we show that 8 NL 2?
        a. margin 0.03425993660083093
      yes, 111, ags used 84 = 111
   (1) can we show that 3 NL 6?
        a. margin -0.28706413069982906
      no
   (1) can we show that 3 NL 2?
        a. margin 0.01005852231163007
      yes, 248, ags used 207 = 248
      Best assertion(s) require sample: 111

ALTERNATE OUTCOME PAIR: 2,1
   (1) can we show that 10 NL 1?
        a. margin -0.3232138502804196
      no
   (1) can we show that 10 NL 2?
        a. margin -0.012496951962935987
      no
   (1) can we show that 6 NL 1?
        a. margin -0.007437210436478825
      no
   (1) can we show that 6 NL 2?
        a. margin 0.1875762009266031
      yes, 23, ags used 22 = 23
   (1) can we show that 8 NL 1?
        a. margin -0.017556693489392705
      no
   (1) can we show that 8 NL 2?
        a. margin 0.022738356498415158
      yes, 58, ags used 52 = 58
   (1) can we show that 3 NL 1?
        a. margin -0.032857839551328816
      no
   (1) can we show that 3 NL 2?
        a. margin 0.04846378931967821
      yes, 88, ags used 79 = 88
      Best assertion(s) require sample: 23

ALTERNATE OUTCOME PAIR: 2,8
   (1) can we show that 10 NL 8?
        a. margin -0.34448914898805183
      no
   (1) can we show that 10 NL 2?
        a. margin -0.02023896610582887
      no
   (1) can we show that 6 NL 8?
        a. margin -0.022433552792001987
      no
   (1) can we show that 6 NL 2?
        a. margin 0.18702755425505901
      yes, 23, ags used 22 = 23
   (1) can we show that 1 NL 8?
        a. margin -0.21074128261399638
      no
   (1) can we show that 1 NL 2?
        a. margin 0.010607168983174597
      yes, 334, ags used 251 = 334
   (1) can we show that 3 NL 8?
        a. margin -0.09406242379907348
      no
   (1) can we show that 3 NL 2?
        a. margin 0.048158985613264704
      yes, 88, ags used 79 = 88
      Best assertion(s) require sample: 23

ALTERNATE OUTCOME PAIR: 2,3
   (1) can we show that 10 NL 3?
        a. margin -0.3516825164594003
      no
   (1) can we show that 10 NL 2?
        a. margin -0.012375030480370808
      no
   (1) can we show that 6 NL 3?
        a. margin -0.03255303584491587
      no
   (1) can we show that 6 NL 2?
        a. margin 0.18775908315045076
      yes, 23, ags used 22 = 23
   (1) can we show that 1 NL 3?
        a. margin -0.2101316752011705
      no
   (1) can we show that 1 NL 2?
        a. margin 0.011094854913435759
      yes, 304, ags used 251 = 304
   (1) can we show that 8 NL 3?
        a. margin -0.10905876615459642
      no
   (1) can we show that 8 NL 2?
        a. margin 0.022921238722262594
      yes, 58, ags used 52 = 58
      Best assertion(s) require sample: 23

1 ruled out by pairs, sample size 111
STAGE 1 ASN NOW 84
NEW RULE OUT PAIR STAGE ASN 111
------------------------------------------------
Alternate outcome cannot be ruled out: 10,6
Alternate outcome cannot be ruled out: 6,1
Alternate outcome cannot be ruled out: 6,8
Full audit not possible
PARTIAL audit sample size: 111
------------------------------------------------
Final set of assertions generated:
8 NL 2 = 111 [rules out (2, 6), G = {8, 3, 4, 6}, O = set()]
6 NL 2 = 23 [rules out (2, 3), G = {8, 3, 6}, O = set()]
(5, 'AG', 4, 25)
(5, 'AG', 6, 22)
(5, 'AG', 8, 19)
6 NL 10 = 24 [rules out (10, 8), G = {8, 1, 3, 6}, O = set()]
6 NL 1 = 61 [rules out (1, 3), G = {1, 3, 4, 6, 8, 9}, O = set()]
6 NL 2 = 23 [rules out (2, 1), G = {8, 3, 6}, O = set()]
(5, 'AG', 1, 24)
(5, 'AG', 9, 30)
6 NL 1 = 56 [rules out (1, 8), G = {1, 3, 4, 6, 8, 9}, O = set()]
6 NL 8 = 77 [rules out (8, 3), G = {1, 3, 4, 6, 8, 9}, O = set()]
6 NL 2 = 23 [rules out (2, 10), G = {8, 3, 6}, O = set()]
(7, 'AG', 3, 56)
(7, 'AG', 6, 84)
6 NL 10 = 24 [rules out (10, 1), G = {8, 1, 3, 6}, O = set()]
6 NL 2 = 23 [rules out (2, 8), G = {8, 3, 6}, O = set()]
(5, 'AG', 3, 21)
(7, 'AG', 8, 52)
(7, 'AG', 4, 44)
6 NL 10 = 24 [rules out (10, 3), G = {8, 1, 3, 6}, O = set()]
[6] are verified winners with these assertions.
[1, 10, 3, 8] remain as potential winners in this audit.
------------------------------------------------
