VALID BALLOTS 3993
Winner 3
Winner 1
Computing AG relationships
3 AG 8 = 52
3 AG 7 = 104
3 AG 4 = 60
3 AG 5 = 136
1 AG 8 = 39
1 AG 7 = 88
1 AG 4 = 363
1 AG 2 = 43
Ruling out candidates: [(8, 52), (7, 104), (4, 363)]
STAGE 1 ASN (Ruling out candidates): 363
ALTERNATE OUTCOME PAIR: 2,6
   (1) can we show that 5 NL 6?
        a. margin -0.12413390099340482
      no
   (1) can we show that 5 NL 2?
        a. margin 0.04908590032557081
      yes, 92, ags used 43 = 92
   (1) can we show that 3 NL 6?
        a. margin 0.10176141581100273
      yes, 44, ags used 136 = 136
   (1) can we show that 3 NL 2?
        a. margin 0.1416645796811098
      yes, 32, ags used 43 = 43
   (1) can we show that 1 NL 6?
        a. margin -0.024375991318139834
      no
   (1) can we show that 1 NL 2?
        a. margin 0.10977544035395392
      yes, 40, ags used 39 = 40
   (1) can we show that 1 NL 6?
        a. margin -0.024375991318139834
      no
   (1) can we show that 1 NL 2?
        a. margin 0.10977544035395392
      yes, 40, ags used 39 = 40
      Best assertion(s) require sample: 40

ALTERNATE OUTCOME PAIR: 2,5
   (1) can we show that 6 NL 5?
        a. margin -0.05351030970865689
      no
   (1) can we show that 6 NL 2?
        a. margin 0.009934051256364818
      yes, 446, ags used 43 = 446
   (1) can we show that 3 NL 5?
        a. margin 0.03489439853076193
      yes, 100, ags used 60 = 100
   (1) can we show that 3 NL 2?
        a. margin 0.13840888221053538
      yes, 33, ags used 43 = 43
   (1) can we show that 1 NL 5?
        a. margin 0.0813924367643375
      yes, 56, ags used 136 = 136
   (1) can we show that 1 NL 2?
        a. margin 0.11136154937807952
      yes, 40, ags used 39 = 40
   (1) can we show that 1 NL 5?
        a. margin 0.0813924367643375
      yes, 56, ags used 136 = 136
   (1) can we show that 1 NL 2?
        a. margin 0.11136154937807952
      yes, 40, ags used 39 = 40
      Best assertion(s) require sample: 40

ALTERNATE OUTCOME PAIR: 2,3
   (1) can we show that 6 NL 3?
        a. margin -0.2980215376909592
      no
   (1) can we show that 6 NL 2?
        a. margin 0.010601886634944657
      yes, 418, ags used 43 = 418
   (1) can we show that 5 NL 3?
        a. margin -0.1681275565573085
      no
   (1) can we show that 5 NL 2?
        a. margin 0.04616412054428598
      yes, 98, ags used 43 = 98
   (1) can we show that 1 NL 3?
        a. margin -0.13874279989982463
      no
   (1) can we show that 1 NL 2?
        a. margin 0.11378245262542896
      yes, 39, ags used 39 = 39
   (1) can we show that 1 NL 3?
        a. margin -0.13874279989982463
      no
   (1) can we show that 1 NL 2?
        a. margin 0.11378245262542896
      yes, 39, ags used 39 = 39
      Best assertion(s) require sample: 39

ALTERNATE OUTCOME PAIR: 2,1
   (1) can we show that 6 NL 1?
        a. margin -0.27581601135320133
      no
   (1) can we show that 6 NL 2?
        a. margin -0.18390516737624196
      no
   (1) can we show that 5 NL 1?
        a. margin -0.235411970949161
      no
   (1) can we show that 5 NL 2?
        a. margin -0.14441940061774794
      no
   (1) can we show that 3 NL 1?
        a. margin -0.008431421654562121
      no
   (1) can we show that 3 NL 2?
        a. margin 0.08690207863761557
      yes, 52, ags used 136 = 136
      Best assertion(s) require sample: 136

ALTERNATE OUTCOME PAIR: 2,1
   (1) can we show that 6 NL 1?
        a. margin -0.27581601135320133
      no
   (1) can we show that 6 NL 2?
        a. margin -0.18390516737624196
      no
   (1) can we show that 5 NL 1?
        a. margin -0.235411970949161
      no
   (1) can we show that 5 NL 2?
        a. margin -0.14441940061774794
      no
   (1) can we show that 3 NL 1?
        a. margin -0.008431421654562121
      no
   (1) can we show that 3 NL 2?
        a. margin 0.08690207863761557
      yes, 52, ags used 136 = 136
      Best assertion(s) require sample: 136

ALTERNATE OUTCOME PAIR: 6,5
   (1) can we show that 2 NL 5?
        a. margin -0.1158694381834885
      no
   (1) can we show that 2 NL 6?
        a. margin -0.23048668503213776
      no
   (1) can we show that 3 NL 5?
        a. margin 0.03940228733617257
      yes, 91, ags used 60 = 91
   (1) can we show that 3 NL 6?
        a. margin -0.025043826696718896
      no
   (1) can we show that 1 NL 5?
        a. margin 0.12513565406127514
      yes, 36, ags used 136 = 136
   (1) can we show that 1 NL 6?
        a. margin 0.0170298021537707
      yes, 225, ags used 88 = 225
   (1) can we show that 1 NL 5?
        a. margin 0.12513565406127514
      yes, 36, ags used 136 = 136
   (1) can we show that 1 NL 6?
        a. margin 0.0170298021537707
      yes, 225, ags used 88 = 225
      Best assertion(s) require sample: 91

ALTERNATE OUTCOME PAIR: 6,3
   (1) can we show that 2 NL 3?
        a. margin -0.3465230820602728
      no
   (1) can we show that 2 NL 6?
        a. margin -0.22297353702312428
      no
   (1) can we show that 5 NL 3?
        a. margin -0.1660405709992473
      no
   (1) can we show that 5 NL 6?
        a. margin -0.12755655730862347
      no
   (1) can we show that 1 NL 3?
        a. margin -0.09174388513231369
      no
   (1) can we show that 1 NL 6?
        a. margin 0.024793388429753982
      yes, 163, ags used 88 = 163
   (1) can we show that 1 NL 3?
        a. margin -0.09174388513231369
      no
   (1) can we show that 1 NL 6?
        a. margin 0.024793388429753982
      yes, 163, ags used 88 = 163
      Best assertion(s) require sample: 163

ALTERNATE OUTCOME PAIR: 6,1
   (1) can we show that 2 NL 1?
        a. margin -0.33516988062442654
      no
   (1) can we show that 2 NL 6?
        a. margin -0.23783287419651045
      no
   (1) can we show that 5 NL 1?
        a. margin -0.2404207362885038
      no
   (1) can we show that 5 NL 6?
        a. margin -0.11161198764504499
      no
   (1) can we show that 3 NL 1?
        a. margin -0.013022789882292773
      no
   (1) can we show that 3 NL 6?
        a. margin 0.11386593204775086
      yes, 40, ags used 136 = 136
      Best assertion(s) require sample: 136

ALTERNATE OUTCOME PAIR: 6,1
   (1) can we show that 2 NL 1?
        a. margin -0.33516988062442654
      no
   (1) can we show that 2 NL 6?
        a. margin -0.23783287419651045
      no
   (1) can we show that 5 NL 1?
        a. margin -0.2404207362885038
      no
   (1) can we show that 5 NL 6?
        a. margin -0.11161198764504499
      no
   (1) can we show that 3 NL 1?
        a. margin -0.013022789882292773
      no
   (1) can we show that 3 NL 6?
        a. margin 0.11386593204775086
      yes, 40, ags used 136 = 136
      Best assertion(s) require sample: 136

ALTERNATE OUTCOME PAIR: 5,3
   (1) can we show that 2 NL 3?
        a. margin -0.3127973954420249
      no
   (1) can we show that 2 NL 5?
        a. margin -0.2789882294014542
      no
   (1) can we show that 6 NL 3?
        a. margin -0.2607062359128488
      no
   (1) can we show that 6 NL 5?
        a. margin -0.21579430670339905
      no
   (1) can we show that 1 NL 3?
        a. margin -0.05835211620335312
      no
   (1) can we show that 1 NL 5?
        a. margin -0.029635194924447994
      no
   (1) can we show that 1 NL 3?
        a. margin -0.05835211620335312
      no
   (1) can we show that 1 NL 5?
        a. margin -0.029635194924447994
      no

ALTERNATE OUTCOME PAIR: 5,1
   (1) can we show that 2 NL 1?
        a. margin -0.3345020452458477
      no
   (1) can we show that 2 NL 5?
        a. margin -0.12037732698889714
      no
   (1) can we show that 6 NL 1?
        a. margin -0.2812421738041576
      no
   (1) can we show that 6 NL 5?
        a. margin -0.05133984472827424
      no
   (1) can we show that 3 NL 1?
        a. margin -0.14358460639452375
      no
   (1) can we show that 3 NL 5?
        a. margin 0.03739878120043416
      yes, 95, ags used 60 = 95
      Best assertion(s) require sample: 95

ALTERNATE OUTCOME PAIR: 5,1
   (1) can we show that 2 NL 1?
        a. margin -0.3345020452458477
      no
   (1) can we show that 2 NL 5?
        a. margin -0.12037732698889714
      no
   (1) can we show that 6 NL 1?
        a. margin -0.2812421738041576
      no
   (1) can we show that 6 NL 5?
        a. margin -0.05133984472827424
      no
   (1) can we show that 3 NL 1?
        a. margin -0.14358460639452375
      no
   (1) can we show that 3 NL 5?
        a. margin 0.03739878120043416
      yes, 95, ags used 60 = 95
      Best assertion(s) require sample: 95

RULE OUT PAIR STAGE ASN 163
------------------------------------------------
Alternate outcome cannot be ruled out: 5,3
Full audit not possible
PARTIAL audit sample size: 363
------------------------------------------------
Final set of assertions generated:
1 NL 6 = 163 [rules out (6, 3), G = {1, 6, 7}, O = set()]
3 NL 5 = 95 [rules out (5, 1), G = {3, 7}, O = set()]
(0, 'AG', 7, 39)
(2, 'AG', 3, 60)
3 NL 6 = 136 [rules out (6, 1), G = {3, 4, 6, 7}, O = set()]
3 NL 2 = 136 [rules out (2, 1), G = {3, 4, 6, 7}, O = set()]
1 NL 2 = 39 [rules out (2, 3), G = {7}, O = set()]
(2, 'AG', 4, 136)
1 NL 2 = 40 [rules out (2, 6), G = {7}, O = set()]
1 NL 2 = 40 [rules out (2, 5), G = {7}, O = set()]
(2, 'AG', 7, 52)
(0, 'AG', 3, 363)
3 NL 5 = 91 [rules out (6, 5), G = {3, 7}, O = set()]

(2, 'AG', 6, 104)
(0, 'AG', 6, 88)
(0, 'AG', 1, 43)
[3] are verified winners with these assertions.
[1, 5] remain as potential winners in this audit.
------------------------------------------------
