VALID BALLOTS 4772
Winner 5
Winner 3
Computing AG relationships
8 AG 6 = 137
8 AG 2 = 195
5 AG 6 = 22
5 AG 2 = 23
5 AG 7 = 37
5 AG 1 = 89
5 AG 8 = 36
3 AG 6 = 25
3 AG 2 = 71
3 AG 7 = 35
3 AG 1 = 263
Ruling out candidates: [(6, 25), (2, 71), (7, 37), (1, 263)]
STAGE 1 ASN (Ruling out candidates): 263
ALTERNATE OUTCOME PAIR: 8,5
   (1) can we show that 3 NL 5?
        a. margin -0.11860854987426506
      no
   (1) can we show that 3 NL 8?
        a. margin -0.04184129645152568
      no
   (1) can we show that 3 NL 5?
        a. margin -0.11860854987426506
      no
   (1) can we show that 3 NL 8?
        a. margin -0.04184129645152568
      no

ALTERNATE OUTCOME PAIR: 8,3
   (1) can we show that 5 NL 3?
        a. margin -0.05713886560491721
      no
   (1) can we show that 5 NL 8?
        a. margin 0.13069293098630852
      yes, 33, ags used 23 = 33
      Best assertion(s) require sample: 33

ALTERNATE OUTCOME PAIR: 8,3
   (1) can we show that 5 NL 3?
        a. margin -0.05713886560491721
      no
   (1) can we show that 5 NL 8?
        a. margin 0.13069293098630852
      yes, 33, ags used 23 = 33
      Best assertion(s) require sample: 33

RULE OUT PAIR STAGE ASN 33
------------------------------------------------
EXAMINING WAYS TO REDUCE COST OF AUDIT
ALTERNATE OUTCOME PAIR: 1,8
   (1) can we show that 5 NL 8?
        a. margin 0.1285973735680357
      yes, 34, ags used 23 = 34
   (1) can we show that 5 NL 1?
        a. margin 0.052179379715003416
      yes, 78, ags used 37 = 78
   (1) can we show that 3 NL 8?
        a. margin 0.11609388097233864
      yes, 39, ags used 36 = 39
   (1) can we show that 3 NL 1?
        a. margin 0.02738195026543533
      yes, 37, ags used 89 = 89
   (1) can we show that 3 NL 8?
        a. margin 0.11609388097233864
      yes, 39, ags used 36 = 39
   (1) can we show that 3 NL 1?
        a. margin 0.02738195026543533
      yes, 37, ags used 89 = 89
      Best assertion(s) require sample: 34

ALTERNATE OUTCOME PAIR: 1,5
   (1) can we show that 8 NL 5?
        a. margin -0.2583123777591506
      no
   (1) can we show that 8 NL 1?
        a. margin -0.012503492595697385
      no
   (1) can we show that 3 NL 5?
        a. margin -0.1914640961162336
      no
   (1) can we show that 3 NL 1?
        a. margin 0.038278848840458846
      yes, 94, ags used 71 = 94
   (1) can we show that 3 NL 5?
        a. margin -0.1914640961162336
      no
   (1) can we show that 3 NL 1?
        a. margin 0.038278848840458846
      yes, 94, ags used 71 = 94
      Best assertion(s) require sample: 94

ALTERNATE OUTCOME PAIR: 1,3
   (1) can we show that 8 NL 3?
        a. margin -0.24455155071248957
      no
   (1) can we show that 8 NL 1?
        a. margin -0.07683710533668608
      no
   (1) can we show that 5 NL 3?
        a. margin 0.0628667225481978
      yes, 69, ags used 37 = 69
   (1) can we show that 5 NL 1?
        a. margin 0.079631181894384
      yes, 21, ags used 36 = 36
      Best assertion(s) require sample: 36

ALTERNATE OUTCOME PAIR: 1,3
   (1) can we show that 8 NL 3?
        a. margin -0.24455155071248957
      no
   (1) can we show that 8 NL 1?
        a. margin -0.07683710533668608
      no
   (1) can we show that 5 NL 3?
        a. margin 0.0628667225481978
      yes, 69, ags used 37 = 69
   (1) can we show that 5 NL 1?
        a. margin 0.079631181894384
      yes, 21, ags used 36 = 36
      Best assertion(s) require sample: 36

0 ruled out by pairs, sample size 94
STAGE 1 ASN NOW 71
NEW RULE OUT PAIR STAGE ASN 94
------------------------------------------------
Alternate outcome cannot be ruled out: 8,5
Full audit not possible
PARTIAL audit sample size: 94
------------------------------------------------
Final set of assertions generated:
3 NL 1 = 94 [rules out (1, 5), G = {1, 5, 6}, O = set()]
5 NL 8 = 34 [rules out (1, 8), G = {1, 5}, O = set()]

(2, 'AG', 5, 25)
(2, 'AG', 6, 35)
(4, 'AG', 1, 23)
(4, 'AG', 6, 37)
5 NL 8 = 33 [rules out (8, 3), G = {1, 5}, O = set()]
(4, 'AG', 7, 36)
(4, 'AG', 5, 22)
(2, 'AG', 1, 71)
5 NL 1 = 36 [rules out (1, 3), G = {1, 5, 7}, O = set()]
[5] are verified winners with these assertions.
[3, 8] remain as potential winners in this audit.
------------------------------------------------
