VALID BALLOTS 5388
Winner 3
Winner 7
Computing AG relationships
3 AG 5 = 69
3 AG 4 = 113
Ruling out candidates: []
STAGE 1 ASN (Ruling out candidates): 0
ALTERNATE OUTCOME PAIR: 5,6
   (1) can we show that 4 NL 6?
        a. margin -0.1791635733729271
      no
   (1) can we show that 4 NL 5?
        a. margin -0.01707498144023878
      no
   (1) can we show that 3 NL 6?
        a. margin 0.029200692897796587
      yes, 156, ags used 113 = 156
   (1) can we show that 3 NL 5?
        a. margin 0.07318732986884302
      yes, 62, ags used 0 = 62
   (1) can we show that 1 NL 6?
        a. margin -0.1269487750556786
      no
   (1) can we show that 1 NL 5?
        a. margin 0.06130908191041873
      yes, 74, ags used 69 = 74
   (1) can we show that 2 NL 6?
        a. margin -0.04373917347191414
      no
   (1) can we show that 2 NL 5?
        a. margin 0.13845582776540355
      yes, 33, ags used 69 = 69
   (1) can we show that 7 NL 6?
        a. margin -0.10591437762929923
      no
   (1) can we show that 7 NL 5?
        a. margin 0.08246721108636534
      yes, 55, ags used 69 = 69
      Best assertion(s) require sample: 62

ALTERNATE OUTCOME PAIR: 5,4
   (1) can we show that 6 NL 4?
        a. margin -0.06471170502350909
      no
   (1) can we show that 6 NL 5?
        a. margin -0.0004330611234837356
      no
   (1) can we show that 3 NL 4?
        a. margin 0.04472902746844776
      yes, 102, ags used 0 = 102
   (1) can we show that 3 NL 5?
        a. margin 0.06737193763919791
      yes, 67, ags used 0 = 67
   (1) can we show that 1 NL 4?
        a. margin -0.004639940608759829
      no
   (1) can we show that 1 NL 5?
        a. margin 0.05772086117297759
      yes, 79, ags used 69 = 79
   (1) can we show that 2 NL 4?
        a. margin 0.07757980697847122
      yes, 59, ags used 113 = 113
   (1) can we show that 2 NL 5?
        a. margin 0.13455827765404593
      yes, 34, ags used 69 = 69
   (1) can we show that 7 NL 4?
        a. margin 0.017260579064588333
      yes, 263, ags used 113 = 263
   (1) can we show that 7 NL 5?
        a. margin 0.07962138084632575
      yes, 57, ags used 69 = 69
      Best assertion(s) require sample: 67

ALTERNATE OUTCOME PAIR: 5,3
   (1) can we show that 6 NL 3?
        a. margin -0.3024003959415986
      no
   (1) can we show that 6 NL 5?
        a. margin -0.13901262063845554
      no
   (1) can we show that 4 NL 3?
        a. margin -0.1648106904231622
      no
   (1) can we show that 4 NL 5?
        a. margin -0.0327270477604551
      no
   (1) can we show that 1 NL 3?
        a. margin -0.22779015095273392
      no
   (1) can we show that 1 NL 5?
        a. margin -0.07065082900272168
      no
   (1) can we show that 2 NL 3?
        a. margin -0.1629547141796578
      no
   (1) can we show that 2 NL 5?
        a. margin -0.01552833457065006
      no
   (1) can we show that 7 NL 3?
        a. margin -0.21145756000989868
      no
   (1) can we show that 7 NL 5?
        a. margin -0.05103934669636179
      no

ALTERNATE OUTCOME PAIR: 5,1
   (1) can we show that 6 NL 1?
        a. margin -0.307225934174709
      no
   (1) can we show that 6 NL 5?
        a. margin 0.003031427864390146
      yes, 2847, ags used 69 = 2847
   (1) can we show that 4 NL 1?
        a. margin -0.2832838406335062
      no
   (1) can we show that 4 NL 5?
        a. margin -0.015775798069784686
      no
   (1) can we show that 3 NL 1?
        a. margin -0.07368225686711172
      no
   (1) can we show that 3 NL 5?
        a. margin 0.07442464736451382
      yes, 61, ags used 0 = 61
   (1) can we show that 2 NL 1?
        a. margin -0.17910170749814347
      no
   (1) can we show that 2 NL 5?
        a. margin 0.13969314526107413
      yes, 32, ags used 69 = 69
   (1) can we show that 7 NL 1?
        a. margin -0.12917594654788367
      no
   (1) can we show that 7 NL 5?
        a. margin 0.07999257609502619
      yes, 57, ags used 69 = 69
      Best assertion(s) require sample: 61

ALTERNATE OUTCOME PAIR: 5,2
   (1) can we show that 6 NL 2?
        a. margin -0.2197475872308834
      no
   (1) can we show that 6 NL 5?
        a. margin 0.0025365008661220045
      yes, 3902, ags used 69 = 3902
   (1) can we show that 4 NL 2?
        a. margin -0.2275426874536004
      no
   (1) can we show that 4 NL 5?
        a. margin -0.013239297203662903
      no
   (1) can we show that 3 NL 2?
        a. margin -0.018745360059391092
      no
   (1) can we show that 3 NL 5?
        a. margin 0.07677555060628505
      yes, 59, ags used 0 = 59
   (1) can we show that 1 NL 2?
        a. margin -0.1541078940856222
      no
   (1) can we show that 1 NL 5?
        a. margin 0.06316505815392293
      yes, 72, ags used 69 = 72
   (1) can we show that 7 NL 2?
        a. margin -0.13715664439495157
      no
   (1) can we show that 7 NL 5?
        a. margin 0.08457065082900228
      yes, 54, ags used 69 = 69
      Best assertion(s) require sample: 59

ALTERNATE OUTCOME PAIR: 5,7
   (1) can we show that 6 NL 7?
        a. margin -0.318176194011383
      no
   (1) can we show that 6 NL 5?
        a. margin 0.003155159613954739
      yes, 2706, ags used 69 = 2706
   (1) can we show that 4 NL 7?
        a. margin -0.29225439247710916
      no
   (1) can we show that 4 NL 5?
        a. margin -0.015342736946302726
      no
   (1) can we show that 3 NL 7?
        a. margin -0.08079683246721159
      no
   (1) can we show that 3 NL 5?
        a. margin 0.0747958426132127
      yes, 61, ags used 0 = 61
   (1) can we show that 1 NL 7?
        a. margin -0.17625587725810443
      no
   (1) can we show that 1 NL 5?
        a. margin 0.057968324672110105
      yes, 78, ags used 69 = 78
   (1) can we show that 2 NL 7?
        a. margin -0.19085622370700261
      no
   (1) can we show that 2 NL 5?
        a. margin 0.14018807225933938
      yes, 32, ags used 69 = 69
      Best assertion(s) require sample: 61

ALTERNATE OUTCOME PAIR: 6,4
   (1) can we show that 5 NL 4?
        a. margin -0.10770848799801991
      no
   (1) can we show that 5 NL 6?
        a. margin -0.27165305617421365
      no
   (1) can we show that 3 NL 4?
        a. margin 0.04312051472407741
      yes, 93, ags used 69 = 93
   (1) can we show that 3 NL 6?
        a. margin -0.07708487998020341
      no
   (1) can we show that 1 NL 4?
        a. margin -0.007362039099232387
      no
   (1) can we show that 1 NL 6?
        a. margin -0.12261816382083568
      no
   (1) can we show that 2 NL 4?
        a. margin 0.07529076961148284
      yes, 60, ags used 113 = 113
   (1) can we show that 2 NL 6?
        a. margin -0.037428854244000775
      no
   (1) can we show that 7 NL 4?
        a. margin 0.014476614699332258
      yes, 312, ags used 113 = 312
   (1) can we show that 7 NL 6?
        a. margin -0.10158376639445588
      no
      Best assertion(s) require sample: 93

ALTERNATE OUTCOME PAIR: 6,3
   (1) can we show that 5 NL 3?
        a. margin -0.3457683741648102
      no
   (1) can we show that 5 NL 6?
        a. margin -0.26967334818114297
      no
   (1) can we show that 4 NL 3?
        a. margin -0.16518188567186276
      no
   (1) can we show that 4 NL 6?
        a. margin -0.18163820836426614
      no
   (1) can we show that 1 NL 3?
        a. margin -0.23125463994060824
      no
   (1) can we show that 1 NL 6?
        a. margin -0.117730759712942
      no
   (1) can we show that 2 NL 3?
        a. margin -0.1663573372927487
      no
   (1) can we show that 2 NL 6?
        a. margin -0.030066815144765502
      no
   (1) can we show that 7 NL 3?
        a. margin -0.21486018312298893
      no
   (1) can we show that 7 NL 6?
        a. margin -0.09675822816134594
      no

ALTERNATE OUTCOME PAIR: 6,1
   (1) can we show that 5 NL 1?
        a. margin -0.38332096015837613
      no
   (1) can we show that 5 NL 6?
        a. margin -0.2611358574610245
      no
   (1) can we show that 4 NL 1?
        a. margin -0.2732615689185838
      no
   (1) can we show that 4 NL 6?
        a. margin -0.16790398416233598
      no
   (1) can we show that 3 NL 1?
        a. margin -0.04825538233110682
      no
   (1) can we show that 3 NL 6?
        a. margin 0.05598861667903998
      yes, 81, ags used 113 = 113
   (1) can we show that 2 NL 1?
        a. margin -0.17477109626330167
      no
   (1) can we show that 2 NL 6?
        a. margin -0.036191536748329645
      no
   (1) can we show that 7 NL 1?
        a. margin -0.12515466468695813
      no
   (1) can we show that 7 NL 6?
        a. margin -0.10640930462756737
      no
      Best assertion(s) require sample: 113

ALTERNATE OUTCOME PAIR: 6,2
   (1) can we show that 5 NL 2?
        a. margin -0.303575847562484
      no
   (1) can we show that 5 NL 6?
        a. margin -0.24090571640683034
      no
   (1) can we show that 4 NL 2?
        a. margin -0.21585003711952422
      no
   (1) can we show that 4 NL 6?
        a. margin -0.14625092798812223
      no
   (1) can we show that 3 NL 2?
        a. margin 0.008537490720119445
      yes, 524, ags used 113 = 524
   (1) can we show that 3 NL 6?
        a. margin 0.07776540460282066
      yes, 58, ags used 113 = 113
   (1) can we show that 1 NL 2?
        a. margin -0.1450754763672354
      no
   (1) can we show that 1 NL 6?
        a. margin -0.1026354862657749
      no
   (1) can we show that 7 NL 2?
        a. margin -0.12855728780004905
      no
   (1) can we show that 7 NL 6?
        a. margin -0.08048750309329411
      no
      Best assertion(s) require sample: 113

ALTERNATE OUTCOME PAIR: 6,7
   (1) can we show that 5 NL 7?
        a. margin -0.3914253897550106
      no
   (1) can we show that 5 NL 6?
        a. margin -0.2594654788418699
      no
   (1) can we show that 4 NL 7?
        a. margin -0.28167532788913574
      no
   (1) can we show that 4 NL 6?
        a. margin -0.1664192031675349
      no
   (1) can we show that 3 NL 7?
        a. margin -0.054380103934670854
      no
   (1) can we show that 3 NL 6?
        a. margin 0.05784459292254174
      yes, 79, ags used 113 = 113
   (1) can we show that 1 NL 7?
        a. margin -0.17025488740410888
      no
   (1) can we show that 1 NL 6?
        a. margin -0.12682504330611333
      no
   (1) can we show that 2 NL 7?
        a. margin -0.18516456322692532
      no
   (1) can we show that 2 NL 6?
        a. margin -0.03483048750309592
      no
      Best assertion(s) require sample: 113

ALTERNATE OUTCOME PAIR: 4,3
   (1) can we show that 5 NL 3?
        a. margin -0.31031922791388233
      no
   (1) can we show that 5 NL 4?
        a. margin -0.2691165553080914
      no
   (1) can we show that 6 NL 3?
        a. margin -0.26967334818114297
      no
   (1) can we show that 6 NL 4?
        a. margin -0.2321207621875765
      no
   (1) can we show that 1 NL 3?
        a. margin -0.1953724325661954
      no
   (1) can we show that 1 NL 4?
        a. margin -0.15856223707003125
      no
   (1) can we show that 2 NL 3?
        a. margin -0.13047512991833565
      no
   (1) can we show that 2 NL 4?
        a. margin -0.09199455580301807
      no
   (1) can we show that 7 NL 3?
        a. margin -0.17903984162336006
      no
   (1) can we show that 7 NL 4?
        a. margin -0.1376515713932187
      no

ALTERNATE OUTCOME PAIR: 4,1
   (1) can we show that 5 NL 1?
        a. margin -0.3900024746349908
      no
   (1) can we show that 5 NL 4?
        a. margin -0.10690423162583518
      no
   (1) can we show that 6 NL 1?
        a. margin -0.3028953229398659
      no
   (1) can we show that 6 NL 4?
        a. margin -0.06625835189309581
      no
   (1) can we show that 3 NL 1?
        a. margin -0.17903984162336029
      no
   (1) can we show that 3 NL 4?
        a. margin 0.04361544172234599
      yes, 93, ags used 69 = 93
   (1) can we show that 2 NL 1?
        a. margin -0.1718015342736935
      no
   (1) can we show that 2 NL 4?
        a. margin 0.07572383073496658
      yes, 60, ags used 113 = 113
   (1) can we show that 7 NL 1?
        a. margin -0.12521653056174165
      no
   (1) can we show that 7 NL 4?
        a. margin 0.014724078198465884
      yes, 307, ags used 113 = 307
      Best assertion(s) require sample: 93

ALTERNATE OUTCOME PAIR: 4,2
   (1) can we show that 5 NL 2?
        a. margin -0.31372185102697336
      no
   (1) can we show that 5 NL 4?
        a. margin -0.10814154912150475
      no
   (1) can we show that 6 NL 2?
        a. margin -0.2188814649839148
      no
   (1) can we show that 6 NL 4?
        a. margin -0.06731007176441495
      no
   (1) can we show that 3 NL 2?
        a. margin -0.123360554318238
      no
   (1) can we show that 3 NL 4?
        a. margin 0.04336797822321192
      yes, 93, ags used 69 = 93
   (1) can we show that 1 NL 2?
        a. margin -0.15342736946300395
      no
   (1) can we show that 1 NL 4?
        a. margin -0.007980697847067009
      no
   (1) can we show that 7 NL 2?
        a. margin -0.13659985152190013
      no
   (1) can we show that 7 NL 4?
        a. margin 0.01429101707498126
      yes, 316, ags used 113 = 316
      Best assertion(s) require sample: 93

ALTERNATE OUTCOME PAIR: 4,7
   (1) can we show that 5 NL 7?
        a. margin -0.39884929472902686
      no
   (1) can we show that 5 NL 4?
        a. margin -0.10579064587973208
      no
   (1) can we show that 6 NL 7?
        a. margin -0.3134743875278392
      no
   (1) can we show that 6 NL 4?
        a. margin -0.06477357089829183
      no
   (1) can we show that 3 NL 7?
        a. margin -0.18634001484780993
      no
   (1) can we show that 3 NL 4?
        a. margin 0.045533283840632155
      yes, 89, ags used 69 = 89
   (1) can we show that 1 NL 7?
        a. margin -0.17130660727542624
      no
   (1) can we show that 1 NL 4?
        a. margin -0.0071145756000996485
      no
   (1) can we show that 2 NL 7?
        a. margin -0.1831229893590688
      no
   (1) can we show that 2 NL 4?
        a. margin 0.07745607522890174
      yes, 59, ags used 113 = 113
      Best assertion(s) require sample: 89

ALTERNATE OUTCOME PAIR: 3,1
   (1) can we show that 5 NL 1?
        a. margin -0.38585746102449914
      no
   (1) can we show that 5 NL 3?
        a. margin -0.3416852264291017
      no
   (1) can we show that 6 NL 1?
        a. margin -0.2969561989606535
      no
   (1) can we show that 6 NL 3?
        a. margin -0.30153427369463015
      no
   (1) can we show that 4 NL 1?
        a. margin -0.2841499628804751
      no
   (1) can we show that 4 NL 3?
        a. margin -0.16054194506310315
      no
   (1) can we show that 2 NL 1?
        a. margin -0.16196486018312217
      no
   (1) can we show that 2 NL 3?
        a. margin -0.16208859193268987
      no
   (1) can we show that 7 NL 1?
        a. margin -0.1189062113338285
      no
   (1) can we show that 7 NL 3?
        a. margin -0.21343726800296958
      no

ALTERNATE OUTCOME PAIR: 3,2
   (1) can we show that 5 NL 2?
        a. margin -0.3127319970304381
      no
   (1) can we show that 5 NL 3?
        a. margin -0.3453971789161102
      no
   (1) can we show that 6 NL 2?
        a. margin -0.21758228161346216
      no
   (1) can we show that 6 NL 3?
        a. margin -0.3054318238059889
      no
   (1) can we show that 4 NL 2?
        a. margin -0.22797574857708502
      no
   (1) can we show that 4 NL 3?
        a. margin -0.16264538480574164
      no
   (1) can we show that 1 NL 2?
        a. margin -0.15249938134125207
      no
   (1) can we show that 1 NL 3?
        a. margin -0.2310690423162577
      no
   (1) can we show that 7 NL 2?
        a. margin -0.13560999752536507
      no
   (1) can we show that 7 NL 3?
        a. margin -0.21455085374907235
      no

ALTERNATE OUTCOME PAIR: 1,2
   (1) can we show that 5 NL 2?
        a. margin -0.3038233110616184
      no
   (1) can we show that 5 NL 1?
        a. margin -0.36828755258599355
      no
   (1) can we show that 6 NL 2?
        a. margin -0.211643157634249
      no
   (1) can we show that 6 NL 1?
        a. margin -0.2915738678544916
      no
   (1) can we show that 4 NL 2?
        a. margin -0.21671615936649335
      no
   (1) can we show that 4 NL 1?
        a. margin -0.25767136847315
      no
   (1) can we show that 3 NL 2?
        a. margin 0.00760950259836668
      yes, 667, ags used 113 = 667
   (1) can we show that 3 NL 1?
        a. margin -0.03247958426132125
      no
   (1) can we show that 7 NL 2?
        a. margin -0.1338777530314278
      no
   (1) can we show that 7 NL 1?
        a. margin -0.11309081910418206
      no
      Best assertion(s) require sample: 667

ALTERNATE OUTCOME PAIR: 1,7
   (1) can we show that 5 NL 7?
        a. margin -0.3666790398416234
      no
   (1) can we show that 5 NL 1?
        a. margin -0.3504701806483529
      no
   (1) can we show that 6 NL 7?
        a. margin -0.2845830240039595
      no
   (1) can we show that 6 NL 1?
        a. margin -0.26769364018807085
      no
   (1) can we show that 4 NL 7?
        a. margin -0.25785696609750064
      no
   (1) can we show that 4 NL 1?
        a. margin -0.24189557040336396
      no
   (1) can we show that 3 NL 7?
        a. margin -0.03111853501608519
      no
   (1) can we show that 3 NL 1?
        a. margin -0.01651818856718923
      no
   (1) can we show that 2 NL 7?
        a. margin -0.1597995545657016
      no
   (1) can we show that 2 NL 1?
        a. margin -0.14074486513239615
      no

ALTERNATE OUTCOME PAIR: 2,7
   (1) can we show that 5 NL 7?
        a. margin -0.37676317743132903
      no
   (1) can we show that 5 NL 2?
        a. margin -0.30419450631031875
      no
   (1) can we show that 6 NL 7?
        a. margin -0.30301905468943335
      no
   (1) can we show that 6 NL 2?
        a. margin -0.21182875525859945
      no
   (1) can we show that 4 NL 7?
        a. margin -0.26614699331848557
      no
   (1) can we show that 4 NL 2?
        a. margin -0.21708735461519435
      no
   (1) can we show that 3 NL 7?
        a. margin -0.03885176936401891
      no
   (1) can we show that 3 NL 2?
        a. margin 0.0076095025983653475
      yes, 667, ags used 113 = 667
   (1) can we show that 1 NL 7?
        a. margin -0.16363523880227593
      no
   (1) can we show that 1 NL 2?
        a. margin -0.15150952734471712
      no
      Best assertion(s) require sample: 667

RULE OUT PAIR STAGE ASN 667
------------------------------------------------
Alternate outcome cannot be ruled out: 5,3
Alternate outcome cannot be ruled out: 6,3
Alternate outcome cannot be ruled out: 4,3
Alternate outcome cannot be ruled out: 3,1
Alternate outcome cannot be ruled out: 3,2
Alternate outcome cannot be ruled out: 1,7
Full audit not possible
PARTIAL audit sample size: 667
------------------------------------------------
Final set of assertions generated:
3 NL 5 = 61 [rules out (5, 7), G = set(), O = set()]
(2, 'AG', 4, 69)
3 NL 2 = 667 [rules out (1, 2), G = {3, 4}, O = set()]

3 NL 5 = 62 [rules out (5, 6), G = set(), O = set()]
3 NL 5 = 67 [rules out (5, 4), G = set(), O = set()]
3 NL 6 = 113 [rules out (6, 1), G = {3, 4}, O = set()]
3 NL 4 = 93 [rules out (6, 4), G = {4}, O = set()]

3 NL 2 = 667 [rules out (2, 7), G = {3, 4}, O = set()]
3 NL 4 = 89 [rules out (4, 7), G = {4}, O = set()]
3 NL 5 = 61 [rules out (5, 1), G = set(), O = set()]
3 NL 6 = 113 [rules out (6, 7), G = {3, 4}, O = set()]
3 NL 5 = 59 [rules out (5, 2), G = set(), O = set()]
3 NL 4 = 93 [rules out (4, 1), G = {4}, O = set()]
3 NL 6 = 113 [rules out (6, 2), G = {3, 4}, O = set()]
(2, 'AG', 3, 113)
3 NL 4 = 93 [rules out (4, 2), G = {4}, O = set()]
[] are verified winners with these assertions.
[1, 2, 3, 4, 5, 6, 7] remain as potential winners in this audit.
------------------------------------------------
