VALID BALLOTS 7763
70 ballot checks required to assert that first winner has a quota's worth of votes
AUD TV 0.1390531502991904, ss 108
AG*(7,4) = 400
AG*(1,4) = 1058
AG*(3,1) = 402
AG*(3,2) = 45
AG*(3,4) = 43
AG*(3,5) = 37
AG*(3,6) = 166
AG*(6,5) = 2767
AG*(7,4) = 400
NL(7,4) = 400, AG*'s used 0
NL(7,5) = 67, AG*'s used 2767
NL(7,2) NOT POSSIBLE
NL(7,1) NOT POSSIBLE
NL(7,6) NOT POSSIBLE
Max in loop inf, 0.1390531502991904
AUD TV 0.1890531502991904, ss 50
AG*(7,4) = 569
AG*(1,4) = 7604
AG*(3,1) = 402
AG*(3,2) = 45
AG*(3,4) = 43
AG*(3,5) = 37
AG*(3,6) = 166
AG*(7,4) = 569
NL(7,4) = 569, AG*'s used 0
NL(7,5) = 73, AG*'s used 2767
NL(7,2) NOT POSSIBLE
NL(7,1) NOT POSSIBLE
NL(7,6) NOT POSSIBLE
Max in loop inf, 0.1890531502991904
AUD TV 0.2390531502991904, ss 31
AG*(7,4) = 1386
AG*(3,1) = 402
AG*(3,2) = 45
AG*(3,4) = 43
AG*(3,5) = 37
AG*(3,6) = 166
AG*(7,4) = 1386
NL(7,4) = 1386, AG*'s used 0
NL(7,5) = 80, AG*'s used 2767
NL(7,2) NOT POSSIBLE
NL(7,1) NOT POSSIBLE
NL(7,6) NOT POSSIBLE
Max in loop inf, 0.2390531502991904
AUD TV 0.2890531502991904, ss 22
AG*(7,4) = 7763
AG*(3,1) = 402
AG*(3,2) = 45
AG*(3,4) = 43
AG*(3,5) = 37
AG*(3,6) = 166
AG*(7,4) = 7763
NL(7,4) = 223, AG*'s used 7604
NL(7,5) = 104, AG*'s used 2767
NL(7,2) NOT POSSIBLE
NL(7,1) NOT POSSIBLE
NL(7,6) NOT POSSIBLE
Max in loop inf, 0.2890531502991904
AUD TV 0.33905315029919036, ss 16
AG*(3,1) = 402
AG*(3,2) = 45
AG*(3,4) = 43
AG*(3,5) = 37
AG*(3,6) = 166
NL(7,4) = 266, AG*'s used 7604
NL(7,5) = 119, AG*'s used 2767
NL(7,2) NOT POSSIBLE
NL(7,1) NOT POSSIBLE
NL(7,6) NOT POSSIBLE
Max in loop inf, 0.33905315029919036
AUD TV 0.38905315029919035, ss 12
AG*(3,1) = 402
AG*(3,2) = 45
AG*(3,4) = 43
AG*(3,5) = 37
AG*(3,6) = 166
NL(7,4) = 329, AG*'s used 7604
NL(7,5) = 138, AG*'s used 2767
NL(7,2) NOT POSSIBLE
NL(7,1) NOT POSSIBLE
NL(7,6) NOT POSSIBLE
Max in loop inf, 0.38905315029919035
AUD TV 0.43905315029919034, ss 9
AG*(3,1) = 402
AG*(3,2) = 45
AG*(3,4) = 43
AG*(3,5) = 37
AG*(3,6) = 166
NL(7,4) = 432, AG*'s used 7604
NL(7,5) = 166, AG*'s used 2767
NL(7,2) NOT POSSIBLE
NL(7,1) NOT POSSIBLE
NL(7,6) NOT POSSIBLE
Max in loop inf, 0.43905315029919034
AUD TV 0.48905315029919033, ss 7
AG*(3,1) = 402
AG*(3,2) = 45
AG*(3,4) = 43
AG*(3,5) = 37
AG*(3,6) = 166
NL(7,4) = 714, AG*'s used 7604
NL(7,5) = 208, AG*'s used 2767
NL(7,2) NOT POSSIBLE
NL(7,1) NOT POSSIBLE
NL(7,6) NOT POSSIBLE
Max in loop inf, 0.48905315029919033
AUD TV 0.5390531502991903, ss 6
AG*(3,1) = 402
AG*(3,2) = 45
AG*(3,4) = 43
AG*(3,5) = 37
AG*(3,6) = 166
NL(7,4) = 1784, AG*'s used 7604
NL(7,5) = 278, AG*'s used 2767
NL(7,2) NOT POSSIBLE
NL(7,1) NOT POSSIBLE
NL(7,6) NOT POSSIBLE
Max in loop inf, 0.5390531502991903
AUD TV 0.5890531502991904, ss 4
AG*(3,1) = 402
AG*(3,2) = 45
AG*(3,4) = 43
AG*(3,5) = 37
AG*(3,6) = 166
NL(7,4) = 7763, AG*'s used 7604
NL(7,5) = 418, AG*'s used 2767
NL(7,2) NOT POSSIBLE
NL(7,1) NOT POSSIBLE
NL(7,6) NOT POSSIBLE
Max in loop inf, 0.5890531502991904
AUD TV 0.6390531502991904, ss 3
AG*(3,1) = 402
AG*(3,2) = 45
AG*(3,4) = 43
AG*(3,5) = 37
AG*(3,6) = 166
NL(7,4) NOT POSSIBLE
NL(7,5) = 1077, AG*'s used 2767
NL(7,2) NOT POSSIBLE
NL(7,1) NOT POSSIBLE
NL(7,6) NOT POSSIBLE
Max in loop inf, 0.6390531502991904
Sample size to show min tv of 0.04452657514959521 is 134
AUD TV 0.1390531502991904, ss 108
AG*(7,4) = 390
AG*(1,4) = 1013
AG*(3,1) = 402
AG*(3,2) = 45
AG*(3,4) = 43
AG*(3,5) = 37
AG*(3,6) = 166
AG*(6,5) = 821
AG*(7,4) = 390
NL(7,4) = 390, AG*'s used 0
NL(7,5) = 67, AG*'s used 821
NL(7,2) NOT POSSIBLE
NL(7,1) NOT POSSIBLE
NL(7,6) NOT POSSIBLE
Max in loop inf, 0.1390531502991904
AUD TV 0.1890531502991904, ss 50
AG*(7,4) = 549
AG*(1,4) = 6547
AG*(3,1) = 402
AG*(3,2) = 45
AG*(3,4) = 43
AG*(3,5) = 37
AG*(3,6) = 166
AG*(6,5) = 7763
AG*(7,4) = 549
NL(7,4) = 549, AG*'s used 0
NL(7,5) = 73, AG*'s used 7763
NL(7,2) NOT POSSIBLE
NL(7,1) NOT POSSIBLE
NL(7,6) NOT POSSIBLE
Max in loop inf, 0.1890531502991904
AUD TV 0.2390531502991904, ss 31
AG*(7,4) = 1185
AG*(3,1) = 402
AG*(3,2) = 45
AG*(3,4) = 43
AG*(3,5) = 37
AG*(3,6) = 166
AG*(7,4) = 1185
NL(7,4) = 1185, AG*'s used 0
NL(7,5) = 80, AG*'s used 7763
NL(7,2) NOT POSSIBLE
NL(7,1) NOT POSSIBLE
NL(7,6) NOT POSSIBLE
Max in loop inf, 0.2390531502991904
AUD TV 0.2890531502991904, ss 22
AG*(7,4) = 7763
AG*(3,1) = 402
AG*(3,2) = 45
AG*(3,4) = 43
AG*(3,5) = 37
AG*(3,6) = 166
AG*(7,4) = 7763
NL(7,4) = 220, AG*'s used 6547
NL(7,5) = 89, AG*'s used 7763
NL(7,2) NOT POSSIBLE
NL(7,1) NOT POSSIBLE
NL(7,6) NOT POSSIBLE
Max in loop inf, 0.2890531502991904
AUD TV 0.33905315029919036, ss 16
AG*(3,1) = 402
AG*(3,2) = 45
AG*(3,4) = 43
AG*(3,5) = 37
AG*(3,6) = 166
NL(7,4) = 261, AG*'s used 6547
NL(7,5) = 99, AG*'s used 7763
NL(7,2) NOT POSSIBLE
NL(7,1) NOT POSSIBLE
NL(7,6) NOT POSSIBLE
Max in loop inf, 0.33905315029919036
AUD TV 0.38905315029919035, ss 12
AG*(3,1) = 402
AG*(3,2) = 45
AG*(3,4) = 43
AG*(3,5) = 37
AG*(3,6) = 166
NL(7,4) = 322, AG*'s used 6547
NL(7,5) = 113, AG*'s used 7763
NL(7,2) NOT POSSIBLE
NL(7,1) NOT POSSIBLE
NL(7,6) NOT POSSIBLE
Max in loop inf, 0.38905315029919035
AUD TV 0.43905315029919034, ss 9
AG*(3,1) = 402
AG*(3,2) = 45
AG*(3,4) = 43
AG*(3,5) = 37
AG*(3,6) = 166
NL(7,4) = 420, AG*'s used 6547
NL(7,5) = 131, AG*'s used 7763
NL(7,2) NOT POSSIBLE
NL(7,1) NOT POSSIBLE
NL(7,6) NOT POSSIBLE
Max in loop inf, 0.43905315029919034
AUD TV 0.48905315029919033, ss 7
AG*(3,1) = 402
AG*(3,2) = 45
AG*(3,4) = 43
AG*(3,5) = 37
AG*(3,6) = 166
NL(7,4) = 603, AG*'s used 6547
NL(7,5) = 156, AG*'s used 7763
NL(7,2) NOT POSSIBLE
NL(7,1) NOT POSSIBLE
NL(7,6) NOT POSSIBLE
Max in loop inf, 0.48905315029919033
AUD TV 0.5390531502991903, ss 6
AG*(3,1) = 402
AG*(3,2) = 45
AG*(3,4) = 43
AG*(3,5) = 37
AG*(3,6) = 166
NL(7,4) = 1649, AG*'s used 6547
NL(7,5) = 192, AG*'s used 7763
NL(7,2) NOT POSSIBLE
NL(7,1) NOT POSSIBLE
NL(7,6) NOT POSSIBLE
Max in loop inf, 0.5390531502991903
AUD TV 0.5890531502991904, ss 4
AG*(3,1) = 402
AG*(3,2) = 45
AG*(3,4) = 43
AG*(3,5) = 37
AG*(3,6) = 166
NL(7,4) = 7763, AG*'s used 6547
NL(7,5) = 250, AG*'s used 7763
NL(7,2) NOT POSSIBLE
NL(7,1) NOT POSSIBLE
NL(7,6) NOT POSSIBLE
Max in loop inf, 0.5890531502991904
AUD TV 0.6390531502991904, ss 3
AG*(3,1) = 402
AG*(3,2) = 45
AG*(3,4) = 43
AG*(3,5) = 37
AG*(3,6) = 166
NL(7,4) NOT POSSIBLE
NL(7,5) = 357, AG*'s used 7763
NL(7,2) NOT POSSIBLE
NL(7,1) NOT POSSIBLE
NL(7,6) NOT POSSIBLE
Max in loop inf, 0.6390531502991904
New mintv = 0.09452657514959521
Sample size required for audit is inf ballots
------------------------------------------------
Assertion set BEFORE filtering:
(0, 'AG', 3, 6547)
(6, 'NL', 4, 7763)
(5, 'AG', 4, 7763)
(2, 'LT', None, (0.04452657514959521, 134))
(6, 'AG*', 3, 7763)
(2, 'MT', None, (0.6390531502991904, 3))
(2, 'QT', None, 70)
------------------------------------------------
Final set of assertions AFTER filtering:
(0, 'AG', 3, 6547)
(6, 'NL', 4, 7763)
(5, 'AG', 4, 7763)
(2, 'LT', None, (0.04452657514959521, 134))
(6, 'AG*', 3, 7763)
(2, 'MT', None, (0.6390531502991904, 3))
(2, 'QT', None, 70)
------------------------------------------------
Explanations for AG* inclusion:
   Explanation for (0, 'AG', 3, 6547): []
   Explanation for (5, 'AG', 4, 7763): []
   Explanation for (6, 'AG*', 3, 7763): []
------------------------------------------------
