VALID BALLOTS 5894
30 ballot checks required to assert that first winner has a quota's worth of votes
AUD TV 0.23159100374843816, ss 86
AG*(5,1) = 195
AG*(5,4) = 50
AG*(2,1) = 22
AG*(2,3) = 33
AG*(2,4) = 15
AG*(2,5) = 35
AG*(2,6) = 27
AG*(3,1) = 129
AG*(3,4) = 449
AG*(3,6) = 45
AG*(5,1) = 195
AG*(5,4) = 50
NL(5,4) = 50, AG*'s used 0
NL(5,6) = 23, AG*'s used 45
NL(5,1) = 24, AG*'s used 129
NL(5,3) NOT POSSIBLE
Max in loop inf, 0.23159100374843816
AUD TV 0.28159100374843815, ss 40
AG*(5,1) = 248
AG*(5,4) = 53
AG*(2,1) = 22
AG*(2,3) = 33
AG*(2,4) = 15
AG*(2,5) = 35
AG*(2,6) = 27
AG*(3,1) = 156
AG*(3,4) = 5543
AG*(3,6) = 45
AG*(5,1) = 248
AG*(5,4) = 53
NL(5,4) = 53, AG*'s used 0
NL(5,6) = 23, AG*'s used 45
NL(5,1) = 25, AG*'s used 156
NL(5,3) NOT POSSIBLE
Max in loop inf, 0.28159100374843815
AUD TV 0.33159100374843814, ss 25
AG*(5,1) = 339
AG*(5,4) = 57
AG*(2,1) = 22
AG*(2,3) = 33
AG*(2,4) = 15
AG*(2,5) = 35
AG*(2,6) = 27
AG*(3,1) = 198
AG*(3,6) = 45
AG*(5,1) = 339
AG*(5,4) = 57
NL(5,4) = 57, AG*'s used 0
NL(5,6) = 23, AG*'s used 45
NL(5,1) = 25, AG*'s used 198
NL(5,3) NOT POSSIBLE
Max in loop inf, 0.33159100374843814
AUD TV 0.38159100374843813, ss 17
AG*(5,1) = 612
AG*(5,4) = 61
AG*(2,1) = 22
AG*(2,3) = 33
AG*(2,4) = 15
AG*(2,5) = 35
AG*(2,6) = 27
AG*(3,1) = 272
AG*(3,6) = 46
AG*(5,1) = 612
AG*(5,4) = 61
NL(5,4) = 61, AG*'s used 0
NL(5,6) = 23, AG*'s used 46
NL(5,1) = 26, AG*'s used 272
NL(5,3) NOT POSSIBLE
Max in loop inf, 0.38159100374843813
AUD TV 0.4315910037484381, ss 12
AG*(5,1) = 2281
AG*(5,4) = 65
AG*(2,1) = 22
AG*(2,3) = 33
AG*(2,4) = 15
AG*(2,5) = 35
AG*(2,6) = 27
AG*(3,1) = 431
AG*(3,6) = 46
AG*(5,1) = 2281
AG*(5,4) = 65
NL(5,4) = 65, AG*'s used 0
NL(5,6) = 23, AG*'s used 46
NL(5,1) = 27, AG*'s used 431
NL(5,3) NOT POSSIBLE
Max in loop inf, 0.4315910037484381
AUD TV 0.4815910037484381, ss 9
AG*(5,4) = 71
AG*(2,1) = 22
AG*(2,3) = 33
AG*(2,4) = 15
AG*(2,5) = 35
AG*(2,6) = 27
AG*(3,1) = 1609
AG*(3,6) = 47
AG*(5,4) = 71
NL(5,4) = 71, AG*'s used 0
NL(5,6) = 23, AG*'s used 47
NL(5,1) = 27, AG*'s used 1609
NL(5,3) NOT POSSIBLE
Max in loop inf, 0.4815910037484381
AUD TV 0.5315910037484382, ss 7
AG*(5,4) = 77
AG*(2,1) = 22
AG*(2,3) = 33
AG*(2,4) = 15
AG*(2,5) = 35
AG*(2,6) = 27
AG*(3,6) = 47
AG*(5,4) = 77
NL(5,4) = 77, AG*'s used 0
NL(5,6) = 23, AG*'s used 47
NL(5,1) = 28, AG*'s used 1609
NL(5,3) NOT POSSIBLE
Max in loop inf, 0.5315910037484382
AUD TV 0.5815910037484382, ss 5
AG*(5,4) = 85
AG*(2,1) = 22
AG*(2,3) = 33
AG*(2,4) = 15
AG*(2,5) = 35
AG*(2,6) = 27
AG*(3,6) = 48
AG*(5,4) = 85
NL(5,4) = 85, AG*'s used 0
NL(5,6) = 24, AG*'s used 48
NL(5,1) = 29, AG*'s used 1609
NL(5,3) NOT POSSIBLE
Max in loop inf, 0.5815910037484382
AUD TV 0.6315910037484382, ss 4
AG*(5,4) = 95
AG*(2,1) = 22
AG*(2,3) = 33
AG*(2,4) = 15
AG*(2,5) = 35
AG*(2,6) = 27
AG*(3,6) = 48
AG*(5,4) = 95
NL(5,4) = 95, AG*'s used 0
NL(5,6) = 24, AG*'s used 48
NL(5,1) = 30, AG*'s used 1609
NL(5,3) NOT POSSIBLE
Max in loop inf, 0.6315910037484382
Sample size to show min tv of 0.09079550187421907 is 56
AUD TV 0.23159100374843816, ss 86
AG*(5,1) = 122
AG*(5,4) = 43
AG*(5,6) = 391
AG*(2,1) = 22
AG*(2,3) = 33
AG*(2,4) = 15
AG*(2,5) = 35
AG*(2,6) = 27
AG*(3,1) = 114
AG*(3,4) = 314
AG*(3,6) = 43
AG*(5,1) = 122
AG*(5,4) = 43
AG*(5,6) = 391
NL(5,4) = 43, AG*'s used 0
NL(5,6) = 21, AG*'s used 43
NL(5,1) = 104, AG*'s used 43
NL(5,3) NOT POSSIBLE
Max in loop inf, 0.23159100374843816
AUD TV 0.28159100374843815, ss 40
AG*(5,1) = 140
AG*(5,4) = 46
AG*(5,6) = 554
AG*(2,1) = 22
AG*(2,3) = 33
AG*(2,4) = 15
AG*(2,5) = 35
AG*(2,6) = 27
AG*(3,1) = 136
AG*(3,4) = 877
AG*(3,6) = 43
AG*(5,1) = 140
AG*(5,4) = 46
AG*(5,6) = 554
NL(5,4) = 46, AG*'s used 0
NL(5,6) = 21, AG*'s used 43
NL(5,1) = 117, AG*'s used 46
NL(5,3) NOT POSSIBLE
Max in loop inf, 0.28159100374843815
AUD TV 0.33159100374843814, ss 25
AG*(5,1) = 166
AG*(5,4) = 48
AG*(5,6) = 825
AG*(2,1) = 22
AG*(2,3) = 33
AG*(2,4) = 15
AG*(2,5) = 35
AG*(2,6) = 27
AG*(3,1) = 167
AG*(3,6) = 44
AG*(5,1) = 166
AG*(5,4) = 48
AG*(5,6) = 825
NL(5,4) = 48, AG*'s used 0
NL(5,6) = 22, AG*'s used 44
NL(5,1) = 134, AG*'s used 48
NL(5,3) NOT POSSIBLE
Max in loop inf, 0.33159100374843814
AUD TV 0.38159100374843813, ss 17
AG*(5,1) = 202
AG*(5,4) = 51
AG*(5,6) = 1465
AG*(2,1) = 22
AG*(2,3) = 33
AG*(2,4) = 15
AG*(2,5) = 35
AG*(2,6) = 27
AG*(3,1) = 215
AG*(3,6) = 44
AG*(5,1) = 202
AG*(5,4) = 51
AG*(5,6) = 1465
NL(5,4) = 51, AG*'s used 0
NL(5,6) = 22, AG*'s used 44
NL(5,1) = 157, AG*'s used 51
NL(5,3) NOT POSSIBLE
Max in loop inf, 0.38159100374843813
AUD TV 0.4315910037484381, ss 12
AG*(5,1) = 259
AG*(5,4) = 54
AG*(5,6) = 4582
AG*(2,1) = 22
AG*(2,3) = 33
AG*(2,4) = 15
AG*(2,5) = 35
AG*(2,6) = 27
AG*(3,1) = 305
AG*(3,6) = 44
AG*(5,1) = 259
AG*(5,4) = 54
AG*(5,6) = 4582
NL(5,4) = 54, AG*'s used 0
NL(5,6) = 22, AG*'s used 44
NL(5,1) = 189, AG*'s used 54
NL(5,3) NOT POSSIBLE
Max in loop inf, 0.4315910037484381
AUD TV 0.4815910037484381, ss 9
AG*(5,1) = 359
AG*(5,4) = 58
AG*(2,1) = 22
AG*(2,3) = 33
AG*(2,4) = 15
AG*(2,5) = 35
AG*(2,6) = 27
AG*(3,1) = 594
AG*(3,6) = 45
AG*(5,1) = 359
AG*(5,4) = 58
NL(5,4) = 58, AG*'s used 0
NL(5,6) = 22, AG*'s used 45
NL(5,1) = 237, AG*'s used 58
NL(5,3) NOT POSSIBLE
Max in loop inf, 0.4815910037484381
AUD TV 0.5315910037484382, ss 7
AG*(5,1) = 672
AG*(5,4) = 62
AG*(2,1) = 22
AG*(2,3) = 33
AG*(2,4) = 15
AG*(2,5) = 35
AG*(2,6) = 27
AG*(3,1) = 4337
AG*(3,6) = 45
AG*(5,1) = 672
AG*(5,4) = 62
NL(5,4) = 62, AG*'s used 0
NL(5,6) = 22, AG*'s used 45
NL(5,1) = 320, AG*'s used 62
NL(5,3) NOT POSSIBLE
Max in loop inf, 0.5315910037484382
AUD TV 0.5815910037484382, ss 5
AG*(5,1) = 3472
AG*(5,4) = 67
AG*(2,1) = 22
AG*(2,3) = 33
AG*(2,4) = 15
AG*(2,5) = 35
AG*(2,6) = 27
AG*(3,6) = 45
AG*(5,1) = 3472
AG*(5,4) = 67
NL(5,4) = 67, AG*'s used 0
NL(5,6) = 22, AG*'s used 45
NL(5,1) = 558, AG*'s used 67
NL(5,3) NOT POSSIBLE
Max in loop inf, 0.5815910037484382
AUD TV 0.6315910037484382, ss 4
AG*(5,4) = 73
AG*(2,1) = 22
AG*(2,3) = 33
AG*(2,4) = 15
AG*(2,5) = 35
AG*(2,6) = 27
AG*(3,6) = 46
AG*(5,4) = 73
NL(5,4) = 73, AG*'s used 0
NL(5,6) = 22, AG*'s used 46
NL(5,1) = 1614, AG*'s used 73
NL(5,3) NOT POSSIBLE
Max in loop inf, 0.6315910037484382
New mintv = 0.14079550187421908
Sample size to show min tv of 0.14079550187421908 is 118
AUD TV 0.23159100374843816, ss 86
AG*(5,1) = 101
AG*(5,4) = 40
AG*(5,6) = 235
AG*(2,1) = 22
AG*(2,3) = 33
AG*(2,4) = 15
AG*(2,5) = 35
AG*(2,6) = 27
AG*(3,1) = 108
AG*(3,4) = 269
AG*(3,6) = 42
AG*(5,1) = 101
AG*(5,4) = 40
AG*(5,6) = 235
NL(5,4) = 40, AG*'s used 0
NL(5,6) = 20, AG*'s used 42
NL(5,1) = 86, AG*'s used 40
NL(5,3) = 2524, AG*'s used 235
Max in loop 2524, 0.23159100374843816
AUD TV 0.28159100374843815, ss 40
AG*(5,1) = 113
AG*(5,4) = 42
AG*(5,6) = 266
AG*(2,1) = 22
AG*(2,3) = 33
AG*(2,4) = 15
AG*(2,5) = 35
AG*(2,6) = 27
AG*(3,1) = 127
AG*(3,4) = 575
AG*(3,6) = 42
AG*(5,1) = 113
AG*(5,4) = 42
AG*(5,6) = 266
NL(5,4) = 42, AG*'s used 0
NL(5,6) = 20, AG*'s used 42
NL(5,1) = 95, AG*'s used 42
NL(5,3) NOT POSSIBLE
Max in loop inf, 0.28159100374843815
Breaking out of inner loop inf > 2524
New mintv = 0.19079550187421906
Sample size required for audit is 2524 ballots
------------------------------------------------
Assertion set BEFORE filtering:
(4, 'NL', 0, 86)
(1, 'QT', None, 30)
(4, 'AG*', 0, 101)
(1, 'MT', None, (0.23159100374843816, 86))
(4, 'NL', 3, 40)
(1, 'LT', None, (0.14079550187421908, 118))
(4, 'NL', 2, 2524)
(4, 'AG*', 3, 40)
(4, 'AG*', 5, 235)
(4, 'NL', 5, 42)
(2, 'AG', 5, 42)
------------------------------------------------
Final set of assertions AFTER filtering:
(4, 'NL', 0, 86)
(1, 'QT', None, 30)
(4, 'AG*', 0, 101)
(1, 'MT', None, (0.23159100374843816, 86))
(4, 'NL', 3, 40)
(1, 'LT', None, (0.14079550187421908, 118))
(4, 'NL', 2, 2524)
(4, 'AG*', 3, 40)
(4, 'AG*', 5, 235)
(4, 'NL', 5, 42)
(2, 'AG', 5, 42)
------------------------------------------------
Explanations for AG* inclusion:
   Explanation for (4, 'AG*', 0, 101): []
   Explanation for (4, 'AG*', 3, 40): []
   Explanation for (4, 'AG*', 5, 235): []
   Explanation for (2, 'AG', 5, 42): []
------------------------------------------------
