VALID BALLOTS 7263
Winner 3
Winner 2
Computing AG relationships
3 AG 1 = 109
3 AG 4 = 57
3 AG 7 = 73
2 AG 1 = 100
2 AG 5 = 66
Ruling out candidates: [(1, 109)]
STAGE 1 ASN (Ruling out candidates): 109
ALTERNATE OUTCOME PAIR: 5,4
   (1) can we show that 7 NL 4?
        a. margin -0.021157464775803825
      no
   (1) can we show that 7 NL 5?
        a. margin 0.04002019367570875
      yes, 114, ags used 66 = 114
   (1) can we show that 3 NL 4?
        a. margin 0.08320712286015786
      yes, 55, ags used 0 = 55
   (1) can we show that 3 NL 5?
        a. margin 0.16141172151085326
      yes, 28, ags used 66 = 66
   (1) can we show that 2 NL 4?
        a. margin 0.13479278535040562
      yes, 33, ags used 57 = 57
   (1) can we show that 2 NL 5?
        a. margin 0.07398228463903744
      yes, 61, ags used 0 = 61
   (1) can we show that 2 NL 4?
        a. margin 0.13479278535040562
      yes, 33, ags used 57 = 57
   (1) can we show that 2 NL 5?
        a. margin 0.07398228463903744
      yes, 61, ags used 0 = 61
      Best assertion(s) require sample: 55

ALTERNATE OUTCOME PAIR: 5,7
   (1) can we show that 4 NL 7?
        a. margin -0.11111111111111083
      no
   (1) can we show that 4 NL 5?
        a. margin -0.05787323879021633
      no
   (1) can we show that 3 NL 7?
        a. margin 0.06361007847996669
      yes, 55, ags used 57 = 57
   (1) can we show that 3 NL 5?
        a. margin 0.18036623984579303
      yes, 25, ags used 66 = 66
   (1) can we show that 2 NL 7?
        a. margin 0.07228418009087112
      yes, 63, ags used 73 = 73
   (1) can we show that 2 NL 5?
        a. margin 0.07747028317040594
      yes, 59, ags used 0 = 59
   (1) can we show that 2 NL 7?
        a. margin 0.07228418009087112
      yes, 63, ags used 73 = 73
   (1) can we show that 2 NL 5?
        a. margin 0.07747028317040594
      yes, 59, ags used 0 = 59
      Best assertion(s) require sample: 57

ALTERNATE OUTCOME PAIR: 5,3
   (1) can we show that 4 NL 3?
        a. margin -0.3893248887053098
      no
   (1) can we show that 4 NL 5?
        a. margin -0.0542016613887738
      no
   (1) can we show that 7 NL 3?
        a. margin -0.2257561154711093
      no
   (1) can we show that 7 NL 5?
        a. margin 0.040111983110744376
      yes, 114, ags used 66 = 114
   (1) can we show that 2 NL 3?
        a. margin -0.18885676258662643
      no
   (1) can we show that 2 NL 5?
        a. margin 0.08178438661710064
      yes, 56, ags used 0 = 56
   (1) can we show that 2 NL 3?
        a. margin -0.18885676258662643
      no
   (1) can we show that 2 NL 5?
        a. margin 0.08178438661710064
      yes, 56, ags used 0 = 56
      Best assertion(s) require sample: 56

ALTERNATE OUTCOME PAIR: 5,2
   (1) can we show that 4 NL 2?
        a. margin -0.37110468585065814
      no
   (1) can we show that 4 NL 5?
        a. margin -0.2517325255863049
      no
   (1) can we show that 7 NL 2?
        a. margin -0.25678094451328604
      no
   (1) can we show that 7 NL 5?
        a. margin -0.14649593831749952
      no
   (1) can we show that 3 NL 2?
        a. margin 0.031621460369910315
      yes, 120, ags used 109 = 120
   (1) can we show that 3 NL 5?
        a. margin 0.005094313644499637
      yes, 33, ags used 73 = 73
      Best assertion(s) require sample: 73

ALTERNATE OUTCOME PAIR: 5,2
   (1) can we show that 4 NL 2?
        a. margin -0.37110468585065814
      no
   (1) can we show that 4 NL 5?
        a. margin -0.2517325255863049
      no
   (1) can we show that 7 NL 2?
        a. margin -0.25678094451328604
      no
   (1) can we show that 7 NL 5?
        a. margin -0.14649593831749952
      no
   (1) can we show that 3 NL 2?
        a. margin 0.031621460369910315
      yes, 120, ags used 109 = 120
   (1) can we show that 3 NL 5?
        a. margin 0.005094313644499637
      yes, 33, ags used 73 = 73
      Best assertion(s) require sample: 73

ALTERNATE OUTCOME PAIR: 4,7
   (1) can we show that 5 NL 7?
        a. margin -0.11230437376657909
      no
   (1) can we show that 5 NL 4?
        a. margin -0.05998439579604531
      no
   (1) can we show that 3 NL 7?
        a. margin 0.0668227087062272
      yes, 68, ags used 0 = 68
   (1) can we show that 3 NL 4?
        a. margin 0.08238101794483366
      yes, 55, ags used 0 = 55
   (1) can we show that 2 NL 7?
        a. margin 0.10808205975492124
      yes, 42, ags used 73 = 73
   (1) can we show that 2 NL 4?
        a. margin 0.13630731102849936
      yes, 33, ags used 57 = 57
   (1) can we show that 2 NL 7?
        a. margin 0.10808205975492124
      yes, 42, ags used 73 = 73
   (1) can we show that 2 NL 4?
        a. margin 0.13630731102849936
      yes, 33, ags used 57 = 57
      Best assertion(s) require sample: 55

ALTERNATE OUTCOME PAIR: 4,3
   (1) can we show that 5 NL 3?
        a. margin -0.3907935196658868
      no
   (1) can we show that 5 NL 4?
        a. margin -0.21051906925512875
      no
   (1) can we show that 7 NL 3?
        a. margin -0.22157969617697038
      no
   (1) can we show that 7 NL 4?
        a. margin -0.05140208362017562
      no
   (1) can we show that 2 NL 3?
        a. margin -0.1448896232043685
      no
   (1) can we show that 2 NL 4?
        a. margin 0.025242094634907675
      yes, 124, ags used 100 = 124
   (1) can we show that 2 NL 3?
        a. margin -0.1448896232043685
      no
   (1) can we show that 2 NL 4?
        a. margin 0.025242094634907675
      yes, 124, ags used 100 = 124
      Best assertion(s) require sample: 124

ALTERNATE OUTCOME PAIR: 4,2
   (1) can we show that 5 NL 2?
        a. margin -0.3740419477718119
      no
   (1) can we show that 5 NL 4?
        a. margin -0.058561659552985534
      no
   (1) can we show that 7 NL 2?
        a. margin -0.2645371517738311
      no
   (1) can we show that 7 NL 4?
        a. margin -0.008674101610904872
      no
   (1) can we show that 3 NL 2?
        a. margin -0.004268208729175327
      no
   (1) can we show that 3 NL 4?
        a. margin 0.09614943320023839
      yes, 47, ags used 0 = 47
      Best assertion(s) require sample: 47

ALTERNATE OUTCOME PAIR: 4,2
   (1) can we show that 5 NL 2?
        a. margin -0.3740419477718119
      no
   (1) can we show that 5 NL 4?
        a. margin -0.058561659552985534
      no
   (1) can we show that 7 NL 2?
        a. margin -0.2645371517738311
      no
   (1) can we show that 7 NL 4?
        a. margin -0.008674101610904872
      no
   (1) can we show that 3 NL 2?
        a. margin -0.004268208729175327
      no
   (1) can we show that 3 NL 4?
        a. margin 0.09614943320023839
      yes, 47, ags used 0 = 47
      Best assertion(s) require sample: 47

ALTERNATE OUTCOME PAIR: 7,3
   (1) can we show that 5 NL 3?
        a. margin -0.35820827022809854
      no
   (1) can we show that 5 NL 7?
        a. margin -0.28555693239708024
      no
   (1) can we show that 4 NL 3?
        a. margin -0.35114048373032425
      no
   (1) can we show that 4 NL 7?
        a. margin -0.27059525448620814
      no
   (1) can we show that 2 NL 3?
        a. margin -0.11248795263665301
      no
   (1) can we show that 2 NL 7?
        a. margin -0.04773050621873465
      no
   (1) can we show that 2 NL 3?
        a. margin -0.11248795263665301
      no
   (1) can we show that 2 NL 7?
        a. margin -0.04773050621873465
      no

ALTERNATE OUTCOME PAIR: 7,2
   (1) can we show that 5 NL 2?
        a. margin -0.3683510027995779
      no
   (1) can we show that 5 NL 7?
        a. margin -0.11446142548992622
      no
   (1) can we show that 4 NL 2?
        a. margin -0.3760613153426041
      no
   (1) can we show that 4 NL 7?
        a. margin -0.10638395520675603
      no
   (1) can we show that 3 NL 2?
        a. margin -0.1061085869016487
      no
   (1) can we show that 3 NL 7?
        a. margin 0.06985176006241645
      yes, 51, ags used 57 = 57
      Best assertion(s) require sample: 57

ALTERNATE OUTCOME PAIR: 7,2
   (1) can we show that 5 NL 2?
        a. margin -0.3683510027995779
      no
   (1) can we show that 5 NL 7?
        a. margin -0.11446142548992622
      no
   (1) can we show that 4 NL 2?
        a. margin -0.3760613153426041
      no
   (1) can we show that 4 NL 7?
        a. margin -0.10638395520675603
      no
   (1) can we show that 3 NL 2?
        a. margin -0.1061085869016487
      no
   (1) can we show that 3 NL 7?
        a. margin 0.06985176006241645
      yes, 51, ags used 57 = 57
      Best assertion(s) require sample: 57

RULE OUT PAIR STAGE ASN 124
------------------------------------------------
Alternate outcome cannot be ruled out: 7,3
Full audit not possible
PARTIAL audit sample size: 124
------------------------------------------------
Final set of assertions generated:
3 NL 4 = 55 [rules out (5, 4), G = set(), O = set()]

(2, 'AG', 3, 57)
(2, 'AG', 0, 109)
2 NL 5 = 56 [rules out (5, 3), G = set(), O = set()]
3 NL 4 = 47 [rules out (4, 2), G = set(), O = set()]
3 NL 7 = 57 [rules out (7, 2), G = {3}, O = set()]
(2, 'AG', 6, 73)
3 NL 4 = 55 [rules out (4, 7), G = set(), O = set()]
3 NL 5 = 73 [rules out (5, 2), G = {3, 6}, O = set()]
(1, 'AG', 4, 66)
2 NL 4 = 124 [rules out (4, 3), G = {0, 4}, O = set()]
3 NL 7 = 57 [rules out (5, 7), G = {3}, O = set()]

(1, 'AG', 0, 100)
[3] are verified winners with these assertions.
[2, 7] remain as potential winners in this audit.
------------------------------------------------
