VALID BALLOTS 5771
Winner 2
Winner 3
Computing AG relationships
1 AG 4 = 331
2 AG 8 = 19
2 AG 10 = 21
2 AG 4 = 19
2 AG 6 = 20
2 AG 11 = 26
2 AG 5 = 28
2 AG 1 = 30
9 AG 4 = 224
3 AG 8 = 26
3 AG 10 = 27
3 AG 4 = 23
3 AG 6 = 28
3 AG 11 = 262
3 AG 5 = 52
3 AG 1 = 33
3 AG 9 = 53
Ruling out candidates: [(8, 26), (10, 27), (4, 23), (6, 28), (11, 262), (5, 52), (1, 33)]
STAGE 1 ASN (Ruling out candidates): 262
ALTERNATE OUTCOME PAIR: 2,9
   (1) can we show that 3 NL 9?
        a. margin 0.0946109859643045
      yes, 36, ags used 33 = 36
   (1) can we show that 3 NL 2?
        a. margin -0.16143938081210651
      no
   (1) can we show that 3 NL 9?
        a. margin 0.0946109859643045
      yes, 36, ags used 33 = 36
   (1) can we show that 3 NL 2?
        a. margin -0.16143938081210651
      no
      Best assertion(s) require sample: 36

ALTERNATE OUTCOME PAIR: 9,3
   (1) can we show that 2 NL 3?
        a. margin -0.04256916767747143
      no
   (1) can we show that 2 NL 9?
        a. margin 0.029168832669085765
      yes, 70, ags used 30 = 70
      Best assertion(s) require sample: 70

ALTERNATE OUTCOME PAIR: 9,3
   (1) can we show that 2 NL 3?
        a. margin -0.04256916767747143
      no
   (1) can we show that 2 NL 9?
        a. margin 0.029168832669085765
      yes, 70, ags used 30 = 70
      Best assertion(s) require sample: 70

RULE OUT PAIR STAGE ASN 70
------------------------------------------------
FULL audit sample size: 262
------------------------------------------------
Final set of assertions generated:
(2, 'AG', 5, 28)
(2, 'AG', 10, 262)
(1, 'AG', 3, 19)
2 NL 9 = 70 [rules out (9, 3), G = {0, 3, 4, 5, 7, 9, 10}, O = set()]
(2, 'AG', 9, 27)
(2, 'AG', 3, 23)
3 NL 9 = 36 [rules out (2, 9), G = {0, 3, 5, 7, 9}, O = set()]

(2, 'AG', 4, 52)
(2, 'AG', 0, 33)
(1, 'AG', 10, 26)
(1, 'AG', 7, 19)
(1, 'AG', 4, 28)
(1, 'AG', 9, 21)
(2, 'AG', 7, 26)
(1, 'AG', 0, 30)
(1, 'AG', 5, 20)
All winners are verified in audit.
------------------------------------------------
