VALID BALLOTS 4315
Winner 2
Winner 5
Computing AG relationships
2 AG 6 = 27
2 AG 8 = 67
2 AG 3 = 39
2 AG 1 = 104
2 AG 4 = 38
7 AG 6 = 48
7 AG 8 = 81
5 AG 6 = 29
5 AG 8 = 41
5 AG 1 = 2092
5 AG 4 = 203
Ruling out candidates: [(6, 29), (8, 67), (1, 2092), (4, 203)]
STAGE 1 ASN (Ruling out candidates): 2092
ALTERNATE OUTCOME PAIR: 3,2
   (1) can we show that 7 NL 2?
        a. margin -0.242796446504442
      no
   (1) can we show that 7 NL 3?
        a. margin -0.13217458478176858
      no
   (1) can we show that 5 NL 2?
        a. margin -0.1561993047508693
      no
   (1) can we show that 5 NL 3?
        a. margin -0.04565469293163338
      no

ALTERNATE OUTCOME PAIR: 3,7
   (1) can we show that 2 NL 7?
        a. margin -0.0676709154113555
      no
   (1) can we show that 2 NL 3?
        a. margin 0.12128234839706242
      yes, 37, ags used 27 = 37
   (1) can we show that 5 NL 7?
        a. margin 0.0018539976825027171
      yes, 1096, ags used 203 = 1096
   (1) can we show that 5 NL 3?
        a. margin 0.1152568559289302
      yes, 39, ags used 39 = 39
      Best assertion(s) require sample: 37

ALTERNATE OUTCOME PAIR: 3,5
   (1) can we show that 2 NL 5?
        a. margin -0.08868288914638844
      no
   (1) can we show that 2 NL 3?
        a. margin 0.12336809578988173
      yes, 36, ags used 27 = 36
   (1) can we show that 7 NL 5?
        a. margin -0.14129007338740873
      no
   (1) can we show that 7 NL 3?
        a. margin 0.056933178833526554
      yes, 79, ags used 48 = 79
      Best assertion(s) require sample: 36

ALTERNATE OUTCOME PAIR: 2,7
   (1) can we show that 3 NL 7?
        a. margin -0.34229432213209776
      no
   (1) can we show that 3 NL 2?
        a. margin -0.35689455388180635
      no
   (1) can we show that 5 NL 7?
        a. margin 0.0032444959443795884
      yes, 477, ags used 203 = 477
   (1) can we show that 5 NL 2?
        a. margin -0.17535728080339874
      no
      Best assertion(s) require sample: 477

ALTERNATE OUTCOME PAIR: 7,5
   (1) can we show that 3 NL 5?
        a. margin -0.3151023561220524
      no
   (1) can we show that 3 NL 7?
        a. margin -0.28258014677481424
      no
   (1) can we show that 2 NL 5?
        a. margin 0.005252993433760622
      yes, 103, ags used 104 = 104
   (1) can we show that 2 NL 7?
        a. margin 0.029741212823486185
      yes, 59, ags used 104 = 104
      Best assertion(s) require sample: 104

RULE OUT PAIR STAGE ASN 477
------------------------------------------------
Alternate outcome cannot be ruled out: 3,2
Full audit not possible
PARTIAL audit sample size: 2092
------------------------------------------------
Final set of assertions generated:
(1, 'AG', 2, 39)
(1, 'AG', 5, 27)
(1, 'AG', 3, 38)
(4, 'AG', 5, 29)
(1, 'AG', 7, 67)
2 NL 5 = 104 [rules out (7, 5), G = {0, 2, 3, 5, 7}, O = set()]

5 NL 7 = 477 [rules out (2, 7), G = {3, 5, 7}, O = set()]

(4, 'AG', 7, 41)
2 NL 3 = 37 [rules out (3, 7), G = {5}, O = set()]
(4, 'AG', 3, 203)
(1, 'AG', 0, 104)
(4, 'AG', 0, 2092)
2 NL 3 = 36 [rules out (3, 5), G = {5}, O = set()]
[2] are verified winners with these assertions.
[3, 5] remain as potential winners in this audit.
------------------------------------------------
