VALID BALLOTS 5424
Winner 6
Winner 1
Computing AG relationships
6 AG 2 = 67
6 AG 7 = 36
6 AG 4 = 33
1 AG 2 = 50
1 AG 4 = 45
Ruling out candidates: [(2, 67), (4, 45)]
STAGE 1 ASN (Ruling out candidates): 67
ALTERNATE OUTCOME PAIR: 7,6
   (1) can we show that 3 NL 6?
        a. margin -0.24121189773844665
      no
   (1) can we show that 3 NL 7?
        a. margin -0.12647492625368928
      no
   (1) can we show that 1 NL 6?
        a. margin -0.13096116027532057
      no
   (1) can we show that 1 NL 7?
        a. margin -0.018067846607671578
      no
   (1) can we show that 1 NL 6?
        a. margin -0.13096116027532057
      no
   (1) can we show that 1 NL 7?
        a. margin -0.018067846607671578
      no

ALTERNATE OUTCOME PAIR: 7,3
   (1) can we show that 6 NL 3?
        a. margin -0.20913225172074712
      no
   (1) can we show that 6 NL 7?
        a. margin 0.1281956735496559
      yes, 30, ags used 33 = 33
   (1) can we show that 1 NL 3?
        a. margin -0.016470009832842303
      no
   (1) can we show that 1 NL 7?
        a. margin 0.15572763028515269
      yes, 29, ags used 36 = 36
   (1) can we show that 1 NL 3?
        a. margin -0.016470009832842303
      no
   (1) can we show that 1 NL 7?
        a. margin 0.15572763028515269
      yes, 29, ags used 36 = 36
      Best assertion(s) require sample: 33

ALTERNATE OUTCOME PAIR: 7,1
   (1) can we show that 6 NL 1?
        a. margin -0.22443461160275302
      no
   (1) can we show that 6 NL 7?
        a. margin 0.13053097345132736
      yes, 29, ags used 33 = 33
   (1) can we show that 3 NL 1?
        a. margin -0.21091445427728628
      no
   (1) can we show that 3 NL 7?
        a. margin 0.05414208456243852
      yes, 84, ags used 36 = 84
      Best assertion(s) require sample: 33

ALTERNATE OUTCOME PAIR: 7,1
   (1) can we show that 6 NL 1?
        a. margin -0.22443461160275302
      no
   (1) can we show that 6 NL 7?
        a. margin 0.13053097345132736
      yes, 29, ags used 33 = 33
   (1) can we show that 3 NL 1?
        a. margin -0.21091445427728628
      no
   (1) can we show that 3 NL 7?
        a. margin 0.05414208456243852
      yes, 84, ags used 36 = 84
      Best assertion(s) require sample: 33

ALTERNATE OUTCOME PAIR: 6,3
   (1) can we show that 7 NL 3?
        a. margin -0.42533185840707977
      no
   (1) can we show that 7 NL 6?
        a. margin -0.41015240904621475
      no
   (1) can we show that 1 NL 3?
        a. margin -0.011061946902655384
      no
   (1) can we show that 1 NL 6?
        a. margin -0.150073746312684
      no
   (1) can we show that 1 NL 3?
        a. margin -0.011061946902655384
      no
   (1) can we show that 1 NL 6?
        a. margin -0.150073746312684
      no

ALTERNATE OUTCOME PAIR: 3,1
   (1) can we show that 7 NL 1?
        a. margin -0.4029621435594888
      no
   (1) can we show that 7 NL 3?
        a. margin -0.3551499508357917
      no
   (1) can we show that 6 NL 1?
        a. margin -0.1154744346116029
      no
   (1) can we show that 6 NL 3?
        a. margin -0.07184119960668633
      no

ALTERNATE OUTCOME PAIR: 3,1
   (1) can we show that 7 NL 1?
        a. margin -0.4029621435594888
      no
   (1) can we show that 7 NL 3?
        a. margin -0.3551499508357917
      no
   (1) can we show that 6 NL 1?
        a. margin -0.1154744346116029
      no
   (1) can we show that 6 NL 3?
        a. margin -0.07184119960668633
      no

RULE OUT PAIR STAGE ASN 33
------------------------------------------------
Alternate outcome cannot be ruled out: 7,6
Alternate outcome cannot be ruled out: 6,3
Alternate outcome cannot be ruled out: 3,1
Alternate outcome cannot be ruled out: 3,1
Full audit not possible
PARTIAL audit sample size: 67
------------------------------------------------
Final set of assertions generated:
(5, 'AG', 3, 33)
(5, 'AG', 1, 67)
6 NL 7 = 33 [rules out (7, 1), G = {3}, O = set()]
(0, 'AG', 1, 50)
6 NL 7 = 33 [rules out (7, 3), G = {3}, O = set()]
(0, 'AG', 3, 45)
[] are verified winners with these assertions.
[1, 3, 6, 7] remain as potential winners in this audit.
------------------------------------------------
