VALID BALLOTS 6935
Winner 1
Winner 3
Computing AG relationships
1 AG 5 = 16
1 AG 6 = 18
1 AG 7 = 24
1 AG 9 = 20
1 AG 8 = 27
1 AG 2 = 107
8 AG 5 = 77
8 AG 6 = 130
8 AG 9 = 4681
2 AG 5 = 40
2 AG 6 = 81
2 AG 7 = 77
3 AG 5 = 29
3 AG 6 = 39
3 AG 7 = 48
3 AG 4 = 58
Ruling out candidates: [(5, 29), (6, 39), (7, 48), (9, 4681)]
STAGE 1 ASN (Ruling out candidates): 4681
ALTERNATE OUTCOME PAIR: 1,4
   (1) can we show that 8 NL 4?
        a. margin 0.025426580149002787
      yes, 168, ags used 130 = 168
   (1) can we show that 8 NL 1?
        a. margin -0.27801009372746854
      no
   (1) can we show that 2 NL 4?
        a. margin 0.0981975486661848
      yes, 46, ags used 58 = 58
   (1) can we show that 2 NL 1?
        a. margin -0.28978610910838876
      no
   (1) can we show that 3 NL 4?
        a. margin 0.09170872386445517
      yes, 47, ags used 48 = 48
   (1) can we show that 3 NL 1?
        a. margin -0.24441240086517735
      no
      Best assertion(s) require sample: 48

ALTERNATE OUTCOME PAIR: 1,8
   (1) can we show that 4 NL 8?
        a. margin -0.26887767363614457
      no
   (1) can we show that 4 NL 1?
        a. margin -0.38610910838740775
      no
   (1) can we show that 2 NL 8?
        a. margin -0.13962989665945613
      no
   (1) can we show that 2 NL 1?
        a. margin -0.25633261235280325
      no
   (1) can we show that 3 NL 8?
        a. margin -0.04604662340783405
      no
   (1) can we show that 3 NL 1?
        a. margin -0.16145157414083477
      no

ALTERNATE OUTCOME PAIR: 1,2
   (1) can we show that 4 NL 2?
        a. margin -0.18553232396058628
      no
   (1) can we show that 4 NL 1?
        a. margin -0.4186974285027639
      no
   (1) can we show that 8 NL 2?
        a. margin -0.1627493391011775
      no
   (1) can we show that 8 NL 1?
        a. margin -0.2758471521268927
      no
   (1) can we show that 3 NL 2?
        a. margin 0.040519105984138326
      yes, 113, ags used 58 = 113
   (1) can we show that 3 NL 1?
        a. margin -0.1938956981494835
      no
      Best assertion(s) require sample: 113

ALTERNATE OUTCOME PAIR: 4,8
   (1) can we show that 1 NL 8?
        a. margin 0.16842105263157836
      yes, 25, ags used 24 = 25
   (1) can we show that 1 NL 4?
        a. margin 0.00019226147560647
      yes, 18, ags used 58 = 58
   (1) can we show that 2 NL 8?
        a. margin 0.06762797404469967
      yes, 67, ags used 40 = 67
   (1) can we show that 2 NL 4?
        a. margin 0.09055515501081213
      yes, 50, ags used 58 = 58
   (1) can we show that 3 NL 8?
        a. margin 0.09271809661139119
      yes, 47, ags used 48 = 48
   (1) can we show that 3 NL 4?
        a. margin 0.08339341504445907
      yes, 52, ags used 48 = 52
      Best assertion(s) require sample: 25

ALTERNATE OUTCOME PAIR: 4,2
   (1) can we show that 1 NL 2?
        a. margin 0.046863734679162716
      yes, 26, ags used 27 = 27
   (1) can we show that 1 NL 4?
        a. margin 0.021052631578943215
      yes, 30, ags used 27 = 30
   (1) can we show that 8 NL 2?
        a. margin -0.14991588560442148
      no
   (1) can we show that 8 NL 4?
        a. margin 0.028214371545303596
      yes, 152, ags used 130 = 152
   (1) can we show that 3 NL 2?
        a. margin 0.010382119682768254
      yes, 563, ags used 107 = 563
   (1) can we show that 3 NL 4?
        a. margin 0.0847873107426107
      yes, 51, ags used 48 = 51
      Best assertion(s) require sample: 27

ALTERNATE OUTCOME PAIR: 4,3
   (1) can we show that 1 NL 3?
        a. margin 0.09733237202595313
      yes, 47, ags used 27 = 47
   (1) can we show that 1 NL 4?
        a. margin 0.05979331891371786
      yes, 24, ags used 27 = 27
   (1) can we show that 8 NL 3?
        a. margin -0.2648882480173025
      no
   (1) can we show that 8 NL 4?
        a. margin -0.16361451574140584
      no
   (1) can we show that 2 NL 3?
        a. margin -0.20086517664023296
      no
   (1) can we show that 2 NL 4?
        a. margin -0.10439798125451083
      no
      Best assertion(s) require sample: 27

ALTERNATE OUTCOME PAIR: 8,2
   (1) can we show that 1 NL 2?
        a. margin 0.043162701273731896
      yes, 80, ags used 24 = 80
   (1) can we show that 1 NL 8?
        a. margin 0.1702956020187436
      yes, 24, ags used 24 = 24
   (1) can we show that 4 NL 2?
        a. margin -0.16659456861331523
      no
   (1) can we show that 4 NL 8?
        a. margin -0.07156933429464096
      no
   (1) can we show that 3 NL 2?
        a. margin 0.03672194184090238
      yes, 79, ags used 107 = 107
   (1) can we show that 3 NL 8?
        a. margin 0.09367940398942554
      yes, 46, ags used 48 = 48
      Best assertion(s) require sample: 24

ALTERNATE OUTCOME PAIR: 8,3
   (1) can we show that 1 NL 3?
        a. margin -0.019802931987503603
      no
   (1) can we show that 1 NL 8?
        a. margin 0.17197788993030305
      yes, 24, ags used 24 = 24
   (1) can we show that 4 NL 3?
        a. margin -0.3548185532323965
      no
   (1) can we show that 4 NL 8?
        a. margin -0.0718096611391491
      no
   (1) can we show that 2 NL 3?
        a. margin -0.2069214131218482
      no
   (1) can we show that 2 NL 8?
        a. margin 0.07031963470319513
      yes, 64, ags used 40 = 64
      Best assertion(s) require sample: 24

ALTERNATE OUTCOME PAIR: 2,3
   (1) can we show that 1 NL 3?
        a. margin 0.10910838740686879
      yes, 41, ags used 27 = 41
   (1) can we show that 1 NL 2?
        a. margin 0.05974525354481797
      yes, 24, ags used 27 = 27
   (1) can we show that 4 NL 3?
        a. margin -0.3366979091564507
      no
   (1) can we show that 4 NL 2?
        a. margin -0.16284546983898074
      no
   (1) can we show that 8 NL 3?
        a. margin -0.2532083633741865
      no
   (1) can we show that 8 NL 2?
        a. margin -0.1373227589521735
      no
      Best assertion(s) require sample: 27

RULE OUT PAIR STAGE ASN 113
------------------------------------------------
EXAMINING WAYS TO REDUCE COST OF AUDIT
ALTERNATE OUTCOME PAIR: 9,1
   (1) can we show that 4 NL 1?
        a. margin -0.4192742129295832
      no
   (1) can we show that 4 NL 9?
        a. margin -0.006633020908436538
      no
   (1) can we show that 8 NL 1?
        a. margin -0.28372987262677385
      no
   (1) can we show that 8 NL 9?
        a. margin 0.0063926940639273955
      yes, 717, ags used 130 = 717
   (1) can we show that 2 NL 1?
        a. margin -0.2894977168949793
      no
   (1) can we show that 2 NL 9?
        a. margin 0.1369382360009601
      yes, 33, ags used 4681 = 4681
   (1) can we show that 3 NL 1?
        a. margin -0.19413602499399374
      no
   (1) can we show that 3 NL 9?
        a. margin 0.04099975967315439
      yes, 49, ags used 58 = 58
      Best assertion(s) require sample: 58

ALTERNATE OUTCOME PAIR: 9,4
   (1) can we show that 1 NL 4?
        a. margin 0.000480653689016286
      yes, 40, ags used 27 = 40
   (1) can we show that 1 NL 9?
        a. margin 0.22619562605142862
      yes, 19, ags used 18 = 19
   (1) can we show that 8 NL 4?
        a. margin 0.023023311703916693
      yes, 184, ags used 130 = 184
   (1) can we show that 8 NL 9?
        a. margin 0.003316510454216326
      yes, 164, ags used 130 = 164
   (1) can we show that 2 NL 4?
        a. margin 0.08743090603220183
      yes, 52, ags used 58 = 58
   (1) can we show that 2 NL 9?
        a. margin 0.14554193703436513
      yes, 31, ags used 20 = 31
   (1) can we show that 3 NL 4?
        a. margin 0.08012496995914309
      yes, 54, ags used 48 = 54
   (1) can we show that 3 NL 9?
        a. margin 0.0012977649603456154
      yes, 26, ags used 20 = 26
      Best assertion(s) require sample: 19

ALTERNATE OUTCOME PAIR: 9,8
   (1) can we show that 1 NL 8?
        a. margin 0.16890170632059487
      yes, 26, ags used 24 = 26
   (1) can we show that 1 NL 9?
        a. margin 0.22436914203316616
      yes, 20, ags used 18 = 20
   (1) can we show that 4 NL 8?
        a. margin -0.07128094208123248
      no
   (1) can we show that 4 NL 9?
        a. margin 0.004133621725544545
      yes, 1689, ags used 20 = 1689
   (1) can we show that 2 NL 8?
        a. margin 0.06844508531602767
      yes, 66, ags used 40 = 66
   (1) can we show that 2 NL 9?
        a. margin 0.14419610670511607
      yes, 31, ags used 20 = 31
   (1) can we show that 3 NL 8?
        a. margin 0.09411199230953882
      yes, 46, ags used 48 = 48
   (1) can we show that 3 NL 9?
        a. margin 0.01590963710646287
      yes, 26, ags used 20 = 26
      Best assertion(s) require sample: 20

ALTERNATE OUTCOME PAIR: 9,2
   (1) can we show that 1 NL 2?
        a. margin 0.04340302811824026
      yes, 29, ags used 27 = 29
   (1) can we show that 1 NL 9?
        a. margin 0.23254025474645146
      yes, 19, ags used 18 = 19
   (1) can we show that 4 NL 2?
        a. margin -0.16645037250660932
      no
   (1) can we show that 4 NL 9?
        a. margin 0.009468877673637133
      yes, 617, ags used 20 = 617
   (1) can we show that 8 NL 2?
        a. margin -0.15823119442441758
      no
   (1) can we show that 8 NL 9?
        a. margin 0.00932468156693278
      yes, 135, ags used 130 = 135
   (1) can we show that 3 NL 2?
        a. margin 0.03542417688055699
      yes, 78, ags used 107 = 107
   (1) can we show that 3 NL 9?
        a. margin 0.007450132179765534
      yes, 26, ags used 20 = 26
      Best assertion(s) require sample: 19

ALTERNATE OUTCOME PAIR: 9,3
   (1) can we show that 1 NL 3?
        a. margin 0.06796443162701182
      yes, 67, ags used 27 = 67
   (1) can we show that 1 NL 9?
        a. margin 0.2325883201153538
      yes, 19, ags used 18 = 19
   (1) can we show that 4 NL 3?
        a. margin -0.3602980052871918
      no
   (1) can we show that 4 NL 9?
        a. margin 0.004566210045661823
      yes, 1531, ags used 20 = 1531
   (1) can we show that 8 NL 3?
        a. margin -0.2850757029560208
      no
   (1) can we show that 8 NL 9?
        a. margin 0.009661139149240494
      yes, 134, ags used 130 = 134
   (1) can we show that 2 NL 3?
        a. margin -0.21437154530161218
      no
   (1) can we show that 2 NL 9?
        a. margin 0.15054073540014135
      yes, 30, ags used 20 = 30
      Best assertion(s) require sample: 19

8 ruled out by pairs, sample size 58
STAGE 1 ASN NOW 48
NEW RULE OUT PAIR STAGE ASN 113
------------------------------------------------
Alternate outcome cannot be ruled out: 1,8
Full audit not possible
PARTIAL audit sample size: 113
------------------------------------------------
Final set of assertions generated:
1 NL 8 = 25 [rules out (4, 8), G = {8, 4, 5, 6}, O = set()]

(0, 'AG', 6, 24)
(0, 'AG', 7, 27)
(2, 'AG', 5, 39)
1 NL 9 = 19 [rules out (9, 4), G = {4, 5}, O = set()]
1 NL 2 = 27 [rules out (2, 3), G = {4, 5, 6, 7, 8}, O = set()]
3 NL 4 = 48 [rules out (1, 4), G = {4, 5, 6}, O = set()]

1 NL 8 = 24 [rules out (8, 2), G = {8, 4, 5, 6}, O = set()]
1 NL 9 = 19 [rules out (9, 2), G = {4, 5}, O = set()]
1 NL 8 = 24 [rules out (8, 3), G = {8, 4, 5, 6}, O = set()]
1 NL 9 = 19 [rules out (9, 3), G = {4, 5}, O = set()]
(2, 'AG', 6, 48)
(2, 'AG', 3, 58)
3 NL 2 = 113 [rules out (1, 2), G = {3, 4, 5, 6}, O = set()]

1 NL 2 = 27 [rules out (4, 2), G = {4, 5, 6, 7, 8}, O = set()]

1 NL 9 = 20 [rules out (9, 8), G = {4, 5}, O = set()]
1 NL 4 = 27 [rules out (4, 3), G = {4, 5, 6, 7, 8}, O = set()]
(0, 'AG', 8, 20)
3 NL 9 = 58 [rules out (9, 1), G = {3, 4, 5, 6}, O = set()]
(2, 'AG', 4, 29)
(0, 'AG', 5, 18)
(0, 'AG', 4, 16)
[1] are verified winners with these assertions.
[3, 8] remain as potential winners in this audit.
------------------------------------------------
