VALID BALLOTS 6010
Winner 1
Winner 2
Computing AG relationships
8 AG 6 = 91
8 AG 3 = 133
1 AG 6 = 23
1 AG 3 = 25
1 AG 5 = 44
1 AG 9 = 46
1 AG 8 = 85
7 AG 6 = 40
7 AG 3 = 46
7 AG 5 = 134
7 AG 9 = 215
2 AG 6 = 41
2 AG 3 = 48
2 AG 5 = 115
2 AG 4 = 100
2 AG 9 = 49
Ruling out candidates: [(6, 40), (3, 46), (5, 115), (9, 49)]
STAGE 1 ASN (Ruling out candidates): 115
ALTERNATE OUTCOME PAIR: 4,8
   (1) can we show that 1 NL 8?
        a. margin 0.05557404326123061
      yes, 74, ags used 46 = 74
   (1) can we show that 1 NL 4?
        a. margin 0.1735440931780361
      yes, 26, ags used 100 = 100
   (1) can we show that 7 NL 8?
        a. margin 0.037160288408208286
      yes, 123, ags used 85 = 123
   (1) can we show that 7 NL 4?
        a. margin 0.09589572933998758
      yes, 47, ags used 100 = 100
   (1) can we show that 2 NL 8?
        a. margin 0.07287853577371073
      yes, 62, ags used 85 = 85
   (1) can we show that 2 NL 4?
        a. margin 0.05163616195230025
      yes, 58, ags used 49 = 58
      Best assertion(s) require sample: 58

ALTERNATE OUTCOME PAIR: 4,1
   (1) can we show that 8 NL 1?
        a. margin -0.2962285080421524
      no
   (1) can we show that 8 NL 4?
        a. margin 0.028008874098724545
      yes, 160, ags used 133 = 160
   (1) can we show that 7 NL 1?
        a. margin -0.22052135330005584
      no
   (1) can we show that 7 NL 4?
        a. margin 0.09794786466999472
      yes, 46, ags used 100 = 100
   (1) can we show that 2 NL 1?
        a. margin -0.258790904048807
      no
   (1) can we show that 2 NL 4?
        a. margin 0.05596228508042134
      yes, 55, ags used 49 = 55
      Best assertion(s) require sample: 55

ALTERNATE OUTCOME PAIR: 4,7
   (1) can we show that 8 NL 7?
        a. margin -0.20049916805324364
      no
   (1) can we show that 8 NL 4?
        a. margin 0.03205768164170997
      yes, 140, ags used 133 = 140
   (1) can we show that 1 NL 7?
        a. margin 0.08546866333887815
      yes, 53, ags used 85 = 85
   (1) can we show that 1 NL 4?
        a. margin 0.10604547975595913
      yes, 43, ags used 85 = 85
   (1) can we show that 2 NL 7?
        a. margin -0.19478646699944502
      no
   (1) can we show that 2 NL 4?
        a. margin 0.05962285080421115
      yes, 53, ags used 49 = 53
      Best assertion(s) require sample: 53

ALTERNATE OUTCOME PAIR: 4,2
   (1) can we show that 8 NL 2?
        a. margin -0.24570160843039435
      no
   (1) can we show that 8 NL 4?
        a. margin -0.12301719356627827
      no
   (1) can we show that 1 NL 2?
        a. margin 0.03311148086522553
      yes, 138, ags used 85 = 138
   (1) can we show that 1 NL 4?
        a. margin 0.024403771491960935
      yes, 31, ags used 85 = 85
   (1) can we show that 7 NL 2?
        a. margin -0.15108153078203057
      no
   (1) can we show that 7 NL 4?
        a. margin -0.023405435385469575
      no
      Best assertion(s) require sample: 85

ALTERNATE OUTCOME PAIR: 8,1
   (1) can we show that 4 NL 1?
        a. margin -0.44098724348308116
      no
   (1) can we show that 4 NL 8?
        a. margin -0.35607321131447567
      no
   (1) can we show that 7 NL 1?
        a. margin -0.18635607321131298
      no
   (1) can we show that 7 NL 8?
        a. margin -0.1011092623405433
      no
   (1) can we show that 2 NL 1?
        a. margin -0.16882972823072406
      no
   (1) can we show that 2 NL 8?
        a. margin -0.08724348308374907
      no

ALTERNATE OUTCOME PAIR: 8,7
   (1) can we show that 4 NL 7?
        a. margin -0.3965612867443129
      no
   (1) can we show that 4 NL 8?
        a. margin -0.10660011092623078
      no
   (1) can we show that 1 NL 7?
        a. margin -0.028951747088187374
      no
   (1) can we show that 1 NL 8?
        a. margin 0.06805324459234208
      yes, 61, ags used 46 = 61
   (1) can we show that 2 NL 7?
        a. margin -0.11769273433167138
      no
   (1) can we show that 2 NL 8?
        a. margin 0.08435940099833572
      yes, 54, ags used 85 = 85
      Best assertion(s) require sample: 61

ALTERNATE OUTCOME PAIR: 8,2
   (1) can we show that 4 NL 2?
        a. margin -0.3698835274542409
      no
   (1) can we show that 4 NL 8?
        a. margin -0.11697171381031646
      no
   (1) can we show that 1 NL 2?
        a. margin -0.0940099833610657
      no
   (1) can we show that 1 NL 8?
        a. margin 0.06073211314475735
      yes, 68, ags used 46 = 68
   (1) can we show that 7 NL 2?
        a. margin -0.1607875762617862
      no
   (1) can we show that 7 NL 8?
        a. margin 0.03982251802551273
      yes, 114, ags used 85 = 114
      Best assertion(s) require sample: 68

ALTERNATE OUTCOME PAIR: 1,7
   (1) can we show that 4 NL 7?
        a. margin -0.3708818635607315
      no
   (1) can we show that 4 NL 1?
        a. margin -0.4402107598446994
      no
   (1) can we show that 8 NL 7?
        a. margin -0.1938990571270105
      no
   (1) can we show that 8 NL 1?
        a. margin -0.2675540765391027
      no
   (1) can we show that 2 NL 7?
        a. margin -0.09290072102052083
      no
   (1) can we show that 2 NL 1?
        a. margin -0.16910704381585862
      no

ALTERNATE OUTCOME PAIR: 7,2
   (1) can we show that 4 NL 2?
        a. margin -0.36062118691070144
      no
   (1) can we show that 4 NL 7?
        a. margin -0.41591791458680016
      no
   (1) can we show that 8 NL 2?
        a. margin -0.246256239600664
      no
   (1) can we show that 8 NL 7?
        a. margin -0.18524681087076922
      no
   (1) can we show that 1 NL 2?
        a. margin 0.031059345535219274
      yes, 147, ags used 85 = 147
   (1) can we show that 1 NL 7?
        a. margin 0.09933444259567259
      yes, 46, ags used 85 = 85
      Best assertion(s) require sample: 85

RULE OUT PAIR STAGE ASN 85
------------------------------------------------
EXAMINING WAYS TO REDUCE COST OF AUDIT
ALTERNATE OUTCOME PAIR: 5,4
   (1) can we show that 8 NL 4?
        a. margin 0.027676095396561795
      yes, 162, ags used 133 = 162
   (1) can we show that 8 NL 5?
        a. margin 0.05418746533555252
      yes, 84, ags used 115 = 115
   (1) can we show that 1 NL 4?
        a. margin 0.0941209095951201
      yes, 48, ags used 85 = 85
   (1) can we show that 1 NL 5?
        a. margin 0.1065446478092058
      yes, 42, ags used 25 = 42
   (1) can we show that 7 NL 4?
        a. margin 0.09561841375485303
      yes, 47, ags used 100 = 100
   (1) can we show that 7 NL 5?
        a. margin 0.038103161397671226
      yes, 64, ags used 46 = 64
   (1) can we show that 2 NL 4?
        a. margin 0.04714364947309946
      yes, 61, ags used 49 = 61
   (1) can we show that 2 NL 5?
        a. margin 0.04093178036605605
      yes, 31, ags used 44 = 44
      Best assertion(s) require sample: 42

ALTERNATE OUTCOME PAIR: 5,8
   (1) can we show that 4 NL 8?
        a. margin -0.11913477537437556
      no
   (1) can we show that 4 NL 5?
        a. margin 0.01203549639489454
      yes, 376, ags used 134 = 376
   (1) can we show that 1 NL 8?
        a. margin 0.05446478092068707
      yes, 78, ags used 46 = 78
   (1) can we show that 1 NL 5?
        a. margin 0.10227398779811403
      yes, 43, ags used 25 = 43
   (1) can we show that 7 NL 8?
        a. margin 0.03621741541874646
      yes, 126, ags used 85 = 126
   (1) can we show that 7 NL 5?
        a. margin 0.03677204658901667
      yes, 67, ags used 46 = 67
   (1) can we show that 2 NL 8?
        a. margin 0.07254575707154798
      yes, 63, ags used 85 = 85
   (1) can we show that 2 NL 5?
        a. margin 0.04941763727121229
      yes, 31, ags used 44 = 44
      Best assertion(s) require sample: 43

ALTERNATE OUTCOME PAIR: 5,1
   (1) can we show that 4 NL 1?
        a. margin -0.47881308929561806
      no
   (1) can we show that 4 NL 5?
        a. margin 0.00016638935108148623
      yes, 5417, ags used 134 = 5417
   (1) can we show that 8 NL 1?
        a. margin -0.2978369384359404
      no
   (1) can we show that 8 NL 5?
        a. margin 0.04597892401552972
      yes, 99, ags used 115 = 115
   (1) can we show that 7 NL 1?
        a. margin -0.2367720465890184
      no
   (1) can we show that 7 NL 5?
        a. margin 0.03926788685524141
      yes, 107, ags used 46 = 107
   (1) can we show that 2 NL 1?
        a. margin -0.22434830837493014
      no
   (1) can we show that 2 NL 5?
        a. margin 0.05501941209095951
      yes, 56, ags used 49 = 56
      Best assertion(s) require sample: 56

ALTERNATE OUTCOME PAIR: 5,7
   (1) can we show that 4 NL 7?
        a. margin -0.42068774265113607
      no
   (1) can we show that 4 NL 5?
        a. margin -0.0034941763727112107
      no
   (1) can we show that 8 NL 7?
        a. margin -0.20094287298946067
      no
   (1) can we show that 8 NL 5?
        a. margin 0.059068219633945596
      yes, 77, ags used 115 = 115
   (1) can we show that 1 NL 7?
        a. margin 0.08158624514697488
      yes, 56, ags used 85 = 85
   (1) can we show that 1 NL 5?
        a. margin 0.11048252911813283
      yes, 40, ags used 25 = 40
   (1) can we show that 2 NL 7?
        a. margin -0.1584026622296164
      no
   (1) can we show that 2 NL 5?
        a. margin 0.05496394897392709
      yes, 30, ags used 44 = 44
      Best assertion(s) require sample: 40

ALTERNATE OUTCOME PAIR: 5,2
   (1) can we show that 4 NL 2?
        a. margin -0.3794786466999447
      no
   (1) can we show that 4 NL 5?
        a. margin -5.5463117026421926e-05
      no
   (1) can we show that 8 NL 2?
        a. margin -0.2572933998890742
      no
   (1) can we show that 8 NL 5?
        a. margin 0.026067665002775575
      yes, 175, ags used 134 = 175
   (1) can we show that 1 NL 2?
        a. margin 0.018302828618969258
      yes, 248, ags used 85 = 248
   (1) can we show that 1 NL 5?
        a. margin 0.11913477537437522
      yes, 37, ags used 25 = 37
   (1) can we show that 7 NL 2?
        a. margin -0.17731558513588497
      no
   (1) can we show that 7 NL 5?
        a. margin 0.049972268441488055
      yes, 55, ags used 46 = 55
      Best assertion(s) require sample: 37

4 ruled out by pairs, sample size 56
STAGE 1 ASN NOW 49
NEW RULE OUT PAIR STAGE ASN 85
------------------------------------------------
Alternate outcome cannot be ruled out: 8,1
Alternate outcome cannot be ruled out: 1,7
Full audit not possible
PARTIAL audit sample size: 85
------------------------------------------------
Final set of assertions generated:
2 NL 5 = 56 [rules out (5, 1), G = {8, 2, 5}, O = set()]
(6, 'AG', 5, 40)
(6, 'AG', 2, 46)
2 NL 4 = 53 [rules out (4, 7), G = {8, 2, 5}, O = set()]
1 NL 4 = 85 [rules out (4, 2), G = {2, 4, 5, 7, 8}, O = set()]
(0, 'AG', 7, 85)
2 NL 4 = 55 [rules out (4, 1), G = {8, 2, 5}, O = set()]
1 NL 8 = 61 [rules out (8, 7), G = {8, 2, 4, 5}, O = set()]
(1, 'AG', 8, 49)
1 NL 5 = 37 [rules out (5, 2), G = {2, 5}, O = set()]
2 NL 4 = 58 [rules out (4, 8), G = {8, 2, 5}, O = set()]
1 NL 5 = 43 [rules out (5, 8), G = {2, 5}, O = set()]
(1, 'AG', 5, 41)
1 NL 8 = 68 [rules out (8, 2), G = {8, 2, 4, 5}, O = set()]
(0, 'AG', 4, 44)
(0, 'AG', 2, 25)
(0, 'AG', 5, 23)
(1, 'AG', 2, 48)
(0, 'AG', 8, 46)
1 NL 7 = 85 [rules out (7, 2), G = {2, 4, 5, 7, 8}, O = set()]
1 NL 5 = 42 [rules out (5, 4), G = {2, 5}, O = set()]
1 NL 5 = 40 [rules out (5, 7), G = {2, 5}, O = set()]
[1] are verified winners with these assertions.
[2, 7, 8] remain as potential winners in this audit.
------------------------------------------------
