VALID BALLOTS 5484
Winner 2
Winner 7
Computing AG relationships
1 AG 5 = 1103
2 AG 4 = 36
2 AG 5 = 37
2 AG 8 = 102
2 AG 6 = 64
2 AG 1 = 63
7 AG 4 = 153
7 AG 5 = 77
7 AG 1 = 381
Ruling out candidates: [(4, 153), (5, 77), (1, 381)]
STAGE 1 ASN (Ruling out candidates): 381
ALTERNATE OUTCOME PAIR: 8,6
   (1) can we show that 9 NL 6?
        a. margin -0.020666180403597134
      no
   (1) can we show that 9 NL 8?
        a. margin -0.06783369803063521
      no
   (1) can we show that 3 NL 6?
        a. margin -0.03987357160223781
      no
   (1) can we show that 3 NL 8?
        a. margin -0.0049841964502785885
      no
   (1) can we show that 2 NL 6?
        a. margin 0.07433746656941276
      yes, 60, ags used 37 = 60
   (1) can we show that 2 NL 8?
        a. margin 0.054096766350593795
      yes, 75, ags used 63 = 75
   (1) can we show that 7 NL 6?
        a. margin 0.03811086797957519
      yes, 108, ags used 77 = 108
   (1) can we show that 7 NL 8?
        a. margin 0.001033309020179063
      yes, 145, ags used 381 = 381
      Best assertion(s) require sample: 60

ALTERNATE OUTCOME PAIR: 8,9
   (1) can we show that 6 NL 9?
        a. margin -0.2382081205932416
      no
   (1) can we show that 6 NL 8?
        a. margin -0.07847070265013312
      no
   (1) can we show that 3 NL 9?
        a. margin -0.19237782640408496
      no
   (1) can we show that 3 NL 8?
        a. margin -0.00844882081206022
      no
   (1) can we show that 2 NL 9?
        a. margin -0.034585460734257834
      no
   (1) can we show that 2 NL 8?
        a. margin 0.04734986627765525
      yes, 59, ags used 64 = 64
   (1) can we show that 7 NL 9?
        a. margin 0.01768781911013728
      yes, 256, ags used 381 = 381
   (1) can we show that 7 NL 8?
        a. margin 0.024252370532458434
      yes, 188, ags used 381 = 381
      Best assertion(s) require sample: 64

ALTERNATE OUTCOME PAIR: 8,3
   (1) can we show that 6 NL 3?
        a. margin -0.3468271334792108
      no
   (1) can we show that 6 NL 8?
        a. margin -0.061937758327255454
      no
   (1) can we show that 9 NL 3?
        a. margin -0.3643933868222692
      no
   (1) can we show that 9 NL 8?
        a. margin -0.056892778993435256
      no
   (1) can we show that 2 NL 3?
        a. margin 0.019328956965716237
      yes, 93, ags used 64 = 93
   (1) can we show that 2 NL 8?
        a. margin 0.06418672501823552
      yes, 48, ags used 64 = 64
   (1) can we show that 7 NL 3?
        a. margin -0.2627644055433973
      no
   (1) can we show that 7 NL 8?
        a. margin 0.00954291271577934
      yes, 379, ags used 153 = 379
      Best assertion(s) require sample: 64

ALTERNATE OUTCOME PAIR: 8,2
   (1) can we show that 6 NL 2?
        a. margin -0.3577680525164101
      no
   (1) can we show that 6 NL 8?
        a. margin -0.2685995623632391
      no
   (1) can we show that 9 NL 2?
        a. margin -0.3718696814976886
      no
   (1) can we show that 9 NL 8?
        a. margin -0.28841478239727725
      no
   (1) can we show that 3 NL 2?
        a. margin -0.2183929005592018
      no
   (1) can we show that 3 NL 8?
        a. margin -0.06175540967663562
      no
   (1) can we show that 7 NL 2?
        a. margin -0.2710308777048367
      no
   (1) can we show that 7 NL 8?
        a. margin -0.18429370289326552
      no

ALTERNATE OUTCOME PAIR: 8,7
   (1) can we show that 6 NL 7?
        a. margin -0.2585703865791389
      no
   (1) can we show that 6 NL 8?
        a. margin -0.07646486749331283
      no
   (1) can we show that 9 NL 7?
        a. margin -0.21735959153902162
      no
   (1) can we show that 9 NL 8?
        a. margin -0.07403355215171437
      no
   (1) can we show that 3 NL 7?
        a. margin -0.2155361050328234
      no
   (1) can we show that 3 NL 8?
        a. margin -0.0061998541210798175
      no
   (1) can we show that 2 NL 7?
        a. margin -0.056224167274496084
      no
   (1) can we show that 2 NL 8?
        a. margin 0.04990274738633382
      yes, 57, ags used 64 = 64
      Best assertion(s) require sample: 64

ALTERNATE OUTCOME PAIR: 6,9
   (1) can we show that 8 NL 9?
        a. margin -0.222708485290541
      no
   (1) can we show that 8 NL 6?
        a. margin -0.07020423048869684
      no
   (1) can we show that 3 NL 9?
        a. margin -0.18751519572088415
      no
   (1) can we show that 3 NL 6?
        a. margin -0.03707755895939935
      no
   (1) can we show that 2 NL 9?
        a. margin -0.029175784099199298
      no
   (1) can we show that 2 NL 6?
        a. margin 0.07640408460977177
      yes, 58, ags used 37 = 58
   (1) can we show that 7 NL 9?
        a. margin 0.019389739849259513
      yes, 234, ags used 381 = 381
   (1) can we show that 7 NL 6?
        a. margin 0.0365305130075364
      yes, 112, ags used 77 = 112
      Best assertion(s) require sample: 58

ALTERNATE OUTCOME PAIR: 6,3
   (1) can we show that 8 NL 3?
        a. margin -0.2749209822513988
      no
   (1) can we show that 8 NL 6?
        a. margin -0.07233163141259358
      no
   (1) can we show that 9 NL 3?
        a. margin -0.37588135181133076
      no
   (1) can we show that 9 NL 6?
        a. margin -0.019936785801119017
      no
   (1) can we show that 2 NL 3?
        a. margin 0.010029175784100453
      yes, 114, ags used 102 = 114
   (1) can we show that 2 NL 6?
        a. margin 0.07494529540481465
      yes, 59, ags used 37 = 59
   (1) can we show that 7 NL 3?
        a. margin -0.2741308047653789
      no
   (1) can we show that 7 NL 6?
        a. margin 0.038597131047896305
      yes, 106, ags used 77 = 106
      Best assertion(s) require sample: 59

ALTERNATE OUTCOME PAIR: 6,2
   (1) can we show that 8 NL 2?
        a. margin -0.2836737174811582
      no
   (1) can we show that 8 NL 6?
        a. margin -0.09767809384877235
      no
   (1) can we show that 9 NL 2?
        a. margin -0.3831752978361296
      no
   (1) can we show that 9 NL 6?
        a. margin -0.15061998541210864
      no
   (1) can we show that 3 NL 2?
        a. margin -0.2169948942377813
      no
   (1) can we show that 3 NL 6?
        a. margin -0.054218332117675905
      no
   (1) can we show that 7 NL 2?
        a. margin -0.28233649404327776
      no
   (1) can we show that 7 NL 6?
        a. margin -0.054522246535376295
      no

ALTERNATE OUTCOME PAIR: 6,7
   (1) can we show that 8 NL 7?
        a. margin -0.2527960126428386
      no
   (1) can we show that 8 NL 6?
        a. margin -0.06582786287381326
      no
   (1) can we show that 9 NL 7?
        a. margin -0.2124969608558216
      no
   (1) can we show that 9 NL 6?
        a. margin -0.02212496960855781
      no
   (1) can we show that 3 NL 7?
        a. margin -0.21091660588378214
      no
   (1) can we show that 3 NL 6?
        a. margin -0.03245805981035921
      no
   (1) can we show that 2 NL 7?
        a. margin -0.05044979333819799
      no
   (1) can we show that 2 NL 6?
        a. margin 0.08096280087527075
      yes, 55, ags used 37 = 55
      Best assertion(s) require sample: 55

ALTERNATE OUTCOME PAIR: 9,3
   (1) can we show that 8 NL 3?
        a. margin -0.2840384147823962
      no
   (1) can we show that 8 NL 9?
        a. margin -0.2273279844395817
      no
   (1) can we show that 6 NL 3?
        a. margin -0.3696814976902496
      no
   (1) can we show that 6 NL 9?
        a. margin -0.23644541697058097
      no
   (1) can we show that 2 NL 3?
        a. margin 0.001458789204958233
      yes, 76, ags used 102 = 102
   (1) can we show that 2 NL 9?
        a. margin -0.004741064916119253
      no
   (1) can we show that 7 NL 3?
        a. margin -0.28932652565037653
      no
   (1) can we show that 7 NL 9?
        a. margin 0.019085825431559122
      yes, 238, ags used 381 = 381
      Best assertion(s) require sample: 102

ALTERNATE OUTCOME PAIR: 9,2
   (1) can we show that 8 NL 2?
        a. margin -0.29102844638949577
      no
   (1) can we show that 8 NL 9?
        a. margin -0.22617310965232207
      no
   (1) can we show that 6 NL 2?
        a. margin -0.3797714563578889
      no
   (1) can we show that 6 NL 9?
        a. margin -0.23243374665694194
      no
   (1) can we show that 3 NL 2?
        a. margin -0.222830051057622
      no
   (1) can we show that 3 NL 9?
        a. margin -0.19128373450036484
      no
   (1) can we show that 7 NL 2?
        a. margin -0.2971067347434958
      no
   (1) can we show that 7 NL 9?
        a. margin 0.021517140773157806
      yes, 211, ags used 381 = 381
      Best assertion(s) require sample: 381

ALTERNATE OUTCOME PAIR: 9,7
   (1) can we show that 8 NL 7?
        a. margin -0.23067104303428354
      no
   (1) can we show that 8 NL 9?
        a. margin -0.18617797228300315
      no
   (1) can we show that 6 NL 7?
        a. margin -0.23200826647216388
      no
   (1) can we show that 6 NL 9?
        a. margin -0.1971188913202021
      no
   (1) can we show that 3 NL 7?
        a. margin -0.18775832725504804
      no
   (1) can we show that 3 NL 9?
        a. margin -0.15019450522732936
      no
   (1) can we show that 2 NL 7?
        a. margin 0.0004254801847769496
      yes, 5484, ags used 102 = 5484
   (1) can we show that 2 NL 9?
        a. margin 0.007658643326035053
      yes, 124, ags used 102 = 124
      Best assertion(s) require sample: 124

ALTERNATE OUTCOME PAIR: 3,2
   (1) can we show that 8 NL 2?
        a. margin -0.27692681740821756
      no
   (1) can we show that 8 NL 3?
        a. margin -0.2306710430342811
      no
   (1) can we show that 6 NL 2?
        a. margin -0.34992706053975164
      no
   (1) can we show that 6 NL 3?
        a. margin -0.30026744468757605
      no
   (1) can we show that 9 NL 2?
        a. margin -0.3640286895210305
      no
   (1) can we show that 9 NL 3?
        a. margin -0.3174690007293943
      no
   (1) can we show that 7 NL 2?
        a. margin -0.2636761487964986
      no
   (1) can we show that 7 NL 3?
        a. margin -0.21663019693654229
      no

ALTERNATE OUTCOME PAIR: 3,7
   (1) can we show that 8 NL 7?
        a. margin -0.25699003160709943
      no
   (1) can we show that 8 NL 3?
        a. margin -0.2815463165572567
      no
   (1) can we show that 6 NL 7?
        a. margin -0.2568076829564794
      no
   (1) can we show that 6 NL 3?
        a. margin -0.3678580111840495
      no
   (1) can we show that 9 NL 7?
        a. margin -0.21486749331388288
      no
   (1) can we show that 9 NL 3?
        a. margin -0.39010454655968907
      no
   (1) can we show that 2 NL 7?
        a. margin -0.025711159737417333
      no
   (1) can we show that 2 NL 3?
        a. margin 0.003160709944078688
      yes, 74, ags used 102 = 102
      Best assertion(s) require sample: 102

RULE OUT PAIR STAGE ASN 381
------------------------------------------------
EXAMINING WAYS TO REDUCE COST OF AUDIT
------------------------------------------------
Alternate outcome cannot be ruled out: 8,2
Alternate outcome cannot be ruled out: 6,2
Alternate outcome cannot be ruled out: 3,2
Full audit not possible
PARTIAL audit sample size: 381
------------------------------------------------
Final set of assertions generated:
(6, 'AG', 3, 153)
2 NL 8 = 64 [rules out (8, 3), G = {0, 3, 4, 5}, O = set()]
(1, 'AG', 5, 64)
(6, 'AG', 0, 381)
(1, 'AG', 4, 37)
2 NL 6 = 55 [rules out (6, 7), G = {3, 4}, O = set()]
2 NL 6 = 60 [rules out (8, 6), G = {3, 4}, O = set()]

2 NL 8 = 64 [rules out (8, 7), G = {0, 3, 4, 5}, O = set()]
2 NL 6 = 58 [rules out (6, 9), G = {3, 4}, O = set()]
2 NL 6 = 59 [rules out (6, 3), G = {3, 4}, O = set()]
2 NL 8 = 64 [rules out (8, 9), G = {0, 3, 4, 5}, O = set()]
(1, 'AG', 7, 102)
2 NL 9 = 124 [rules out (9, 7), G = {0, 3, 4, 5, 7}, O = set()]
2 NL 3 = 102 [rules out (3, 7), G = {0, 3, 4, 5, 7}, O = set()]
(1, 'AG', 0, 63)
(1, 'AG', 3, 36)
(6, 'AG', 4, 77)
2 NL 3 = 102 [rules out (9, 3), G = {0, 3, 4, 5, 7}, O = set()]

7 NL 9 = 381 [rules out (9, 2), G = {0, 3, 4}, O = set()]
[2] are verified winners with these assertions.
[3, 6, 7, 8] remain as potential winners in this audit.
------------------------------------------------
