VALID BALLOTS 5424
Winner 6
Winner 1
Computing AG relationships
6 AG 2 = 67
6 AG 7 = 36
6 AG 4 = 33
1 AG 2 = 50
1 AG 4 = 45
Ruling out candidates: [(2, 67), (4, 45)]
STAGE 1 ASN (Ruling out candidates): 67
ALTERNATE OUTCOME PAIR: 7,6
   (1) can we show that 3 NL 6?
        a. margin -0.24121189773844665
      no
   (1) can we show that 3 NL 7?
        a. margin -0.12647492625368928
      no
   (1) can we show that 1 NL 6?
        a. margin -0.13096116027532057
      no
   (1) can we show that 1 NL 7?
        a. margin -0.018067846607671578
      no
   (1) can we show that 1 NL 6?
        a. margin -0.13096116027532057
      no
   (1) can we show that 1 NL 7?
        a. margin -0.018067846607671578
      no

ALTERNATE OUTCOME PAIR: 7,3
   (1) can we show that 6 NL 3?
        a. margin -0.20913225172074712
      no
   (1) can we show that 6 NL 7?
        a. margin 0.1281956735496559
      yes, 30, ags used 33 = 33
   (1) can we show that 1 NL 3?
        a. margin -0.016470009832842303
      no
   (1) can we show that 1 NL 7?
        a. margin 0.15572763028515269
      yes, 29, ags used 36 = 36
   (1) can we show that 1 NL 3?
        a. margin -0.016470009832842303
      no
   (1) can we show that 1 NL 7?
        a. margin 0.15572763028515269
      yes, 29, ags used 36 = 36
      Best assertion(s) require sample: 33

ALTERNATE OUTCOME PAIR: 7,1
   (1) can we show that 6 NL 1?
        a. margin -0.22443461160275302
      no
   (1) can we show that 6 NL 7?
        a. margin 0.13053097345132736
      yes, 29, ags used 33 = 33
   (1) can we show that 3 NL 1?
        a. margin -0.21091445427728628
      no
   (1) can we show that 3 NL 7?
        a. margin 0.05414208456243852
      yes, 84, ags used 36 = 84
      Best assertion(s) require sample: 33

ALTERNATE OUTCOME PAIR: 7,1
   (1) can we show that 6 NL 1?
        a. margin -0.22443461160275302
      no
   (1) can we show that 6 NL 7?
        a. margin 0.13053097345132736
      yes, 29, ags used 33 = 33
   (1) can we show that 3 NL 1?
        a. margin -0.21091445427728628
      no
   (1) can we show that 3 NL 7?
        a. margin 0.05414208456243852
      yes, 84, ags used 36 = 84
      Best assertion(s) require sample: 33

ALTERNATE OUTCOME PAIR: 6,3
   (1) can we show that 7 NL 3?
        a. margin -0.42533185840707977
      no
   (1) can we show that 7 NL 6?
        a. margin -0.41015240904621475
      no
   (1) can we show that 1 NL 3?
        a. margin -0.011061946902655384
      no
   (1) can we show that 1 NL 6?
        a. margin -0.150073746312684
      no
   (1) can we show that 1 NL 3?
        a. margin -0.011061946902655384
      no
   (1) can we show that 1 NL 6?
        a. margin -0.150073746312684
      no

ALTERNATE OUTCOME PAIR: 3,1
   (1) can we show that 7 NL 1?
        a. margin -0.4029621435594888
      no
   (1) can we show that 7 NL 3?
        a. margin -0.3551499508357917
      no
   (1) can we show that 6 NL 1?
        a. margin -0.1154744346116029
      no
   (1) can we show that 6 NL 3?
        a. margin -0.07184119960668633
      no

ALTERNATE OUTCOME PAIR: 3,1
   (1) can we show that 7 NL 1?
        a. margin -0.4029621435594888
      no
   (1) can we show that 7 NL 3?
        a. margin -0.3551499508357917
      no
   (1) can we show that 6 NL 1?
        a. margin -0.1154744346116029
      no
   (1) can we show that 6 NL 3?
        a. margin -0.07184119960668633
      no

RULE OUT PAIR STAGE ASN 33
------------------------------------------------
EXAMINING WAYS TO REDUCE COST OF AUDIT
ALTERNATE OUTCOME PAIR: 2,7
   (1) can we show that 6 NL 7?
        a. margin 0.12641347099311684
      yes, 30, ags used 33 = 33
   (1) can we show that 6 NL 2?
        a. margin 0.06846116027531912
      yes, 49, ags used 33 = 49
   (1) can we show that 3 NL 7?
        a. margin 0.05383480825958675
      yes, 85, ags used 36 = 85
   (1) can we show that 3 NL 2?
        a. margin 0.006637168141592209
      yes, 56, ags used 67 = 67
   (1) can we show that 1 NL 7?
        a. margin 0.15603490658800445
      yes, 29, ags used 36 = 36
   (1) can we show that 1 NL 2?
        a. margin 0.09709931170108077
      yes, 46, ags used 45 = 46
   (1) can we show that 1 NL 7?
        a. margin 0.15603490658800445
      yes, 29, ags used 36 = 36
   (1) can we show that 1 NL 2?
        a. margin 0.09709931170108077
      yes, 46, ags used 45 = 46
      Best assertion(s) require sample: 33

ALTERNATE OUTCOME PAIR: 2,6
   (1) can we show that 7 NL 6?
        a. margin -0.4215830875122909
      no
   (1) can we show that 7 NL 2?
        a. margin -0.004854965585053828
      no
   (1) can we show that 3 NL 6?
        a. margin -0.2591568338249757
      no
   (1) can we show that 3 NL 2?
        a. margin 0.0058997050147480135
      yes, 266, ags used 50 = 266
   (1) can we show that 1 NL 6?
        a. margin -0.1511799410029495
      no
   (1) can we show that 1 NL 2?
        a. margin 0.10766961651917262
      yes, 42, ags used 0 = 42
   (1) can we show that 1 NL 6?
        a. margin -0.1511799410029495
      no
   (1) can we show that 1 NL 2?
        a. margin 0.10766961651917262
      yes, 42, ags used 0 = 42
      Best assertion(s) require sample: 42

ALTERNATE OUTCOME PAIR: 2,3
   (1) can we show that 7 NL 3?
        a. margin -0.4269296951819076
      no
   (1) can we show that 7 NL 2?
        a. margin 0.005961160275319122
      yes, 1048, ags used 67 = 1048
   (1) can we show that 6 NL 3?
        a. margin -0.15376106194690264
      no
   (1) can we show that 6 NL 2?
        a. margin 0.07780235988200568
      yes, 27, ags used 36 = 36
   (1) can we show that 1 NL 3?
        a. margin -0.02028023598820028
      no
   (1) can we show that 1 NL 2?
        a. margin 0.0923672566371685
      yes, 48, ags used 45 = 48
   (1) can we show that 1 NL 3?
        a. margin -0.02028023598820028
      no
   (1) can we show that 1 NL 2?
        a. margin 0.0923672566371685
      yes, 48, ags used 45 = 48
      Best assertion(s) require sample: 36

ALTERNATE OUTCOME PAIR: 2,1
   (1) can we show that 7 NL 1?
        a. margin -0.4452433628318584
      no
   (1) can we show that 7 NL 2?
        a. margin -0.0821042281219273
      no
   (1) can we show that 6 NL 1?
        a. margin -0.16857177974434623
      no
   (1) can we show that 6 NL 2?
        a. margin 0.0823500491642084
      yes, 26, ags used 36 = 36
   (1) can we show that 3 NL 1?
        a. margin -0.21171337266470025
      no
   (1) can we show that 3 NL 2?
        a. margin 0.07368485742379538
      yes, 62, ags used 67 = 67
      Best assertion(s) require sample: 36

ALTERNATE OUTCOME PAIR: 2,1
   (1) can we show that 7 NL 1?
        a. margin -0.4452433628318584
      no
   (1) can we show that 7 NL 2?
        a. margin -0.0821042281219273
      no
   (1) can we show that 6 NL 1?
        a. margin -0.16857177974434623
      no
   (1) can we show that 6 NL 2?
        a. margin 0.0823500491642084
      yes, 26, ags used 36 = 36
   (1) can we show that 3 NL 1?
        a. margin -0.21171337266470025
      no
   (1) can we show that 3 NL 2?
        a. margin 0.07368485742379538
      yes, 62, ags used 67 = 67
      Best assertion(s) require sample: 36

1 ruled out by pairs, sample size 42
STAGE 1 ASN NOW 45
NEW RULE OUT PAIR STAGE ASN 42
ALTERNATE OUTCOME PAIR: 4,2
   (1) can we show that 7 NL 2?
        a. margin 0.011123402163224938
      yes, 462, ags used 67 = 462
   (1) can we show that 7 NL 4?
        a. margin -0.014257620452310715
      no
   (1) can we show that 6 NL 2?
        a. margin 0.07417649950835759
      yes, 33, ags used 36 = 36
   (1) can we show that 6 NL 4?
        a. margin 0.1394419862340215
      yes, 32, ags used 0 = 32
   (1) can we show that 3 NL 2?
        a. margin 0.009771386430679208
      yes, 53, ags used 67 = 67
   (1) can we show that 3 NL 4?
        a. margin 0.0031956735496556643
      yes, 82, ags used 45 = 82
   (1) can we show that 1 NL 2?
        a. margin 0.10041789577187887
      yes, 45, ags used 0 = 45
   (1) can we show that 1 NL 4?
        a. margin 0.10330629301868277
      yes, 29, ags used 33 = 33
   (1) can we show that 1 NL 2?
        a. margin 0.10041789577187887
      yes, 45, ags used 0 = 45
   (1) can we show that 1 NL 4?
        a. margin 0.10330629301868277
      yes, 29, ags used 33 = 33
      Best assertion(s) require sample: 32

ALTERNATE OUTCOME PAIR: 4,7
   (1) can we show that 2 NL 7?
        a. margin -0.07177974434611567
      no
   (1) can we show that 2 NL 4?
        a. margin -0.058874139626352684
      no
   (1) can we show that 6 NL 7?
        a. margin 0.12831858407079677
      yes, 35, ags used 0 = 35
   (1) can we show that 6 NL 4?
        a. margin 0.13858161258603707
      yes, 33, ags used 0 = 33
   (1) can we show that 3 NL 7?
        a. margin 0.05580137659783735
      yes, 82, ags used 36 = 82
   (1) can we show that 3 NL 4?
        a. margin 0.005100786627334486
      yes, 83, ags used 45 = 83
   (1) can we show that 1 NL 7?
        a. margin 0.15787856440511394
      yes, 28, ags used 36 = 36
   (1) can we show that 1 NL 4?
        a. margin 0.10533431661750159
      yes, 29, ags used 33 = 33
   (1) can we show that 1 NL 7?
        a. margin 0.15787856440511394
      yes, 28, ags used 36 = 36
   (1) can we show that 1 NL 4?
        a. margin 0.10533431661750159
      yes, 29, ags used 33 = 33
      Best assertion(s) require sample: 33

ALTERNATE OUTCOME PAIR: 4,6
   (1) can we show that 2 NL 6?
        a. margin -0.44714847590953744
      no
   (1) can we show that 2 NL 4?
        a. margin -0.08738938053097378
      no
   (1) can we show that 7 NL 6?
        a. margin -0.415068829891839
      no
   (1) can we show that 7 NL 4?
        a. margin -0.020710422812192486
      no
   (1) can we show that 3 NL 6?
        a. margin -0.25135201573254606
      no
   (1) can we show that 3 NL 4?
        a. margin 0.013827433628317953
      yes, 289, ags used 45 = 289
   (1) can we show that 1 NL 6?
        a. margin -0.1434365781710908
      no
   (1) can we show that 1 NL 4?
        a. margin 0.11406096361848483
      yes, 40, ags used 0 = 40
   (1) can we show that 1 NL 6?
        a. margin -0.1434365781710908
      no
   (1) can we show that 1 NL 4?
        a. margin 0.11406096361848483
      yes, 40, ags used 0 = 40
      Best assertion(s) require sample: 40

ALTERNATE OUTCOME PAIR: 4,3
   (1) can we show that 2 NL 3?
        a. margin -0.49317846607669613
      no
   (1) can we show that 2 NL 4?
        a. margin -0.0590585054080629
      no
   (1) can we show that 7 NL 3?
        a. margin -0.42742133726647
      no
   (1) can we show that 7 NL 4?
        a. margin -0.015240904621435458
      no
   (1) can we show that 6 NL 3?
        a. margin -0.1753933136676501
      no
   (1) can we show that 6 NL 4?
        a. margin 0.1394419862340217
      yes, 32, ags used 0 = 32
   (1) can we show that 1 NL 3?
        a. margin -0.020526057030481604
      no
   (1) can we show that 1 NL 4?
        a. margin 0.10164700098328439
      yes, 29, ags used 33 = 33
   (1) can we show that 1 NL 3?
        a. margin -0.020526057030481604
      no
   (1) can we show that 1 NL 4?
        a. margin 0.10164700098328439
      yes, 29, ags used 33 = 33
      Best assertion(s) require sample: 32

ALTERNATE OUTCOME PAIR: 4,1
   (1) can we show that 2 NL 1?
        a. margin -0.5117379547689282
      no
   (1) can we show that 2 NL 4?
        a. margin -0.06385201573254684
      no
   (1) can we show that 7 NL 1?
        a. margin -0.4454891838741396
      no
   (1) can we show that 7 NL 4?
        a. margin -0.026118485742379627
      no
   (1) can we show that 6 NL 1?
        a. margin -0.19026548672566368
      no
   (1) can we show that 6 NL 4?
        a. margin 0.14024090462143546
      yes, 32, ags used 0 = 32
   (1) can we show that 3 NL 1?
        a. margin -0.2116519174041298
      no
   (1) can we show that 3 NL 4?
        a. margin 0.0016592920353981633
      yes, 85, ags used 33 = 85
      Best assertion(s) require sample: 32

ALTERNATE OUTCOME PAIR: 4,1
   (1) can we show that 2 NL 1?
        a. margin -0.5117379547689282
      no
   (1) can we show that 2 NL 4?
        a. margin -0.06385201573254684
      no
   (1) can we show that 7 NL 1?
        a. margin -0.4454891838741396
      no
   (1) can we show that 7 NL 4?
        a. margin -0.026118485742379627
      no
   (1) can we show that 6 NL 1?
        a. margin -0.19026548672566368
      no
   (1) can we show that 6 NL 4?
        a. margin 0.14024090462143546
      yes, 32, ags used 0 = 32
   (1) can we show that 3 NL 1?
        a. margin -0.2116519174041298
      no
   (1) can we show that 3 NL 4?
        a. margin 0.0016592920353981633
      yes, 85, ags used 33 = 85
      Best assertion(s) require sample: 32

3 ruled out by pairs, sample size 40
STAGE 1 ASN NOW 0
NEW RULE OUT PAIR STAGE ASN 42
------------------------------------------------
Alternate outcome cannot be ruled out: 7,6
Alternate outcome cannot be ruled out: 6,3
Alternate outcome cannot be ruled out: 3,1
Alternate outcome cannot be ruled out: 3,1
Full audit not possible
PARTIAL audit sample size: 42
------------------------------------------------
Final set of assertions generated:
(5, 'AG', 3, 33)
6 NL 2 = 36 [rules out (2, 3), G = {3, 6}, O = set()]
6 NL 2 = 36 [rules out (2, 1), G = {3, 6}, O = set()]
6 NL 4 = 32 [rules out (4, 3), G = set(), O = set()]
6 NL 4 = 33 [rules out (4, 7), G = set(), O = set()]
(5, 'AG', 6, 36)
1 NL 4 = 40 [rules out (4, 6), G = set(), O = set()]
1 NL 2 = 42 [rules out (2, 6), G = set(), O = set()]
6 NL 7 = 33 [rules out (7, 3), G = {3}, O = set()]
6 NL 7 = 33 [rules out (7, 1), G = {3}, O = set()]
6 NL 4 = 32 [rules out (4, 2), G = set(), O = set()]
6 NL 7 = 33 [rules out (2, 7), G = {3}, O = set()]

6 NL 4 = 32 [rules out (4, 1), G = set(), O = set()]
[] are verified winners with these assertions.
[1, 3, 6, 7] remain as potential winners in this audit.
------------------------------------------------
