VALID BALLOTS 6572
Winner 6
Winner 1
Computing AG relationships
5 AG 9 = 1217
8 AG 9 = 574
8 AG 4 = 458
6 AG 9 = 18
6 AG 10 = 20
6 AG 4 = 18
6 AG 3 = 36
6 AG 8 = 26
6 AG 7 = 23
7 AG 4 = 325
2 AG 9 = 52
2 AG 10 = 141
2 AG 4 = 66
2 AG 3 = 158
2 AG 5 = 4962
1 AG 9 = 34
1 AG 10 = 58
1 AG 4 = 39
1 AG 3 = 63
1 AG 5 = 122
1 AG 7 = 249
Ruling out candidates: [(9, 34), (10, 58), (4, 39), (3, 63), (5, 4962), (7, 249)]
STAGE 1 ASN (Ruling out candidates): 4962
ALTERNATE OUTCOME PAIR: 8,6
   (1) can we show that 2 NL 6?
        a. margin -0.21028606208156142
      no
   (1) can we show that 2 NL 8?
        a. margin -0.09860012172855315
      no
   (1) can we show that 1 NL 6?
        a. margin -0.2016129032258096
      no
   (1) can we show that 1 NL 8?
        a. margin -0.08688374923920472
      no

ALTERNATE OUTCOME PAIR: 8,2
   (1) can we show that 6 NL 2?
        a. margin -0.07131263948062516
      no
   (1) can we show that 6 NL 8?
        a. margin 0.17513694461351204
      yes, 21, ags used 23 = 23
   (1) can we show that 1 NL 2?
        a. margin -0.04022114019070955
      no
   (1) can we show that 1 NL 8?
        a. margin 0.0904341651450602
      yes, 50, ags used 39 = 50
      Best assertion(s) require sample: 23

ALTERNATE OUTCOME PAIR: 8,1
   (1) can we show that 6 NL 1?
        a. margin -0.06695069993913616
      no
   (1) can we show that 6 NL 8?
        a. margin 0.17462974234124573
      yes, 21, ags used 23 = 23
   (1) can we show that 2 NL 1?
        a. margin -0.047068370866302556
      no
   (1) can we show that 2 NL 8?
        a. margin 0.04392371677825113
      yes, 103, ags used 52 = 103
      Best assertion(s) require sample: 23

ALTERNATE OUTCOME PAIR: 6,2
   (1) can we show that 8 NL 2?
        a. margin -0.3542300669506998
      no
   (1) can we show that 8 NL 6?
        a. margin -0.3557516737674995
      no
   (1) can we show that 1 NL 2?
        a. margin -0.03225806451613111
      no
   (1) can we show that 1 NL 6?
        a. margin -0.22032866707242793
      no

ALTERNATE OUTCOME PAIR: 2,1
   (1) can we show that 8 NL 1?
        a. margin -0.30640089267599935
      no
   (1) can we show that 8 NL 2?
        a. margin -0.2978291742747011
      no
   (1) can we show that 6 NL 1?
        a. margin 0.04498884155000993
      yes, 80, ags used 36 = 80
   (1) can we show that 6 NL 2?
        a. margin 0.056806654493811726
      yes, 66, ags used 36 = 66
      Best assertion(s) require sample: 66

RULE OUT PAIR STAGE ASN 66
------------------------------------------------
EXAMINING WAYS TO REDUCE COST OF AUDIT
ALTERNATE OUTCOME PAIR: 5,8
   (1) can we show that 6 NL 8?
        a. margin 0.17305741529722107
      yes, 22, ags used 23 = 23
   (1) can we show that 6 NL 5?
        a. margin 0.22347332116047824
      yes, 20, ags used 122 = 122
   (1) can we show that 2 NL 8?
        a. margin 0.04372083586934439
      yes, 104, ags used 52 = 104
   (1) can we show that 2 NL 5?
        a. margin 0.0044633799959412634
      yes, 90, ags used 122 = 122
   (1) can we show that 1 NL 8?
        a. margin 0.08982552241834019
      yes, 50, ags used 39 = 50
   (1) can we show that 1 NL 5?
        a. margin 0.03951105700953428
      yes, 93, ags used 63 = 93
      Best assertion(s) require sample: 23

ALTERNATE OUTCOME PAIR: 5,6
   (1) can we show that 8 NL 6?
        a. margin -0.36396835057820964
      no
   (1) can we show that 8 NL 5?
        a. margin 0.0005579224994927134
      yes, 6572, ags used 4962 = 6572
   (1) can we show that 2 NL 6?
        a. margin -0.2824609454250353
      no
   (1) can we show that 2 NL 5?
        a. margin 0.00791235544735125
      yes, 84, ags used 122 = 122
   (1) can we show that 1 NL 6?
        a. margin -0.24092107932643592
      no
   (1) can we show that 1 NL 5?
        a. margin 0.04356867518766361
      yes, 86, ags used 63 = 86
      Best assertion(s) require sample: 86

ALTERNATE OUTCOME PAIR: 5,2
   (1) can we show that 8 NL 2?
        a. margin -0.33612294583079705
      no
   (1) can we show that 8 NL 5?
        a. margin -0.039206735646175606
      no
   (1) can we show that 6 NL 2?
        a. margin 0.018462162710489283
      yes, 151, ags used 36 = 151
   (1) can we show that 6 NL 5?
        a. margin 0.0032968147697303163
      yes, 50, ags used 36 = 50
   (1) can we show that 1 NL 2?
        a. margin -0.04478596064110252
      no
   (1) can we show that 1 NL 5?
        a. margin 0.05482856563197491
      yes, 71, ags used 63 = 71
      Best assertion(s) require sample: 50

ALTERNATE OUTCOME PAIR: 5,1
   (1) can we show that 8 NL 1?
        a. margin -0.32851491174680436
      no
   (1) can we show that 8 NL 5?
        a. margin -0.030990058835463796
      no
   (1) can we show that 6 NL 1?
        a. margin 0.02333130452424448
      yes, 130, ags used 36 = 130
   (1) can we show that 6 NL 5?
        a. margin 0.01724487725705015
      yes, 43, ags used 36 = 43
   (1) can we show that 2 NL 1?
        a. margin -0.09454250355041516
      no
   (1) can we show that 2 NL 5?
        a. margin 0.017346317711502968
      yes, 161, ags used 158 = 161
      Best assertion(s) require sample: 43

4 ruled out by pairs, sample size 86
STAGE 1 ASN NOW 249
NEW RULE OUT PAIR STAGE ASN 86
ALTERNATE OUTCOME PAIR: 7,5
   (1) can we show that 8 NL 5?
        a. margin -0.0004057618178127109
      no
   (1) can we show that 8 NL 7?
        a. margin -0.03367823087847399
      no
   (1) can we show that 6 NL 5?
        a. margin 0.00867315885575115
      yes, 17, ags used 122 = 122
   (1) can we show that 6 NL 7?
        a. margin 0.19192533982552273
      yes, 23, ags used 20 = 23
   (1) can we show that 2 NL 5?
        a. margin 0.0039561777236749585
      yes, 91, ags used 122 = 122
   (1) can we show that 2 NL 7?
        a. margin 0.0371272063298842
      yes, 122, ags used 52 = 122
   (1) can we show that 1 NL 5?
        a. margin 0.03885169405558808
      yes, 95, ags used 63 = 95
   (1) can we show that 1 NL 7?
        a. margin 0.01846216271048884
      yes, 54, ags used 39 = 54
      Best assertion(s) require sample: 23

ALTERNATE OUTCOME PAIR: 7,8
   (1) can we show that 5 NL 8?
        a. margin -0.03398255224183622
      no
   (1) can we show that 5 NL 7?
        a. margin -0.04088050314465563
      no
   (1) can we show that 6 NL 8?
        a. margin 0.17589774802190972
      yes, 25, ags used 20 = 25
   (1) can we show that 6 NL 7?
        a. margin 0.19162101846216228
      yes, 23, ags used 20 = 23
   (1) can we show that 2 NL 8?
        a. margin 0.04889429904645759
      yes, 93, ags used 52 = 93
   (1) can we show that 2 NL 7?
        a. margin 0.03733008723878917
      yes, 121, ags used 52 = 121
   (1) can we show that 1 NL 8?
        a. margin 0.09494826536822654
      yes, 47, ags used 39 = 47
   (1) can we show that 1 NL 7?
        a. margin 0.021505376344084448
      yes, 54, ags used 39 = 54
      Best assertion(s) require sample: 23

ALTERNATE OUTCOME PAIR: 7,6
   (1) can we show that 5 NL 6?
        a. margin -0.3762426455670509
      no
   (1) can we show that 5 NL 7?
        a. margin -0.08825319537431642
      no
   (1) can we show that 8 NL 6?
        a. margin -0.35823696490160206
      no
   (1) can we show that 8 NL 7?
        a. margin -0.04458307973219655
      no
   (1) can we show that 2 NL 6?
        a. margin -0.22002434570907115
      no
   (1) can we show that 2 NL 7?
        a. margin 0.0005072022722627523
      yes, 87, ags used 4962 = 4962
   (1) can we show that 1 NL 6?
        a. margin -0.2133799959423841
      no
   (1) can we show that 1 NL 7?
        a. margin 0.0356055995130824
      yes, 102, ags used 63 = 102
      Best assertion(s) require sample: 102

ALTERNATE OUTCOME PAIR: 7,2
   (1) can we show that 5 NL 2?
        a. margin -0.29813349563806
      no
   (1) can we show that 5 NL 7?
        a. margin -0.0410833840535606
      no
   (1) can we show that 8 NL 2?
        a. margin -0.35747616149320316
      no
   (1) can we show that 8 NL 7?
        a. margin -0.033424629742341394
      no
   (1) can we show that 6 NL 2?
        a. margin -0.03149726110773032
      no
   (1) can we show that 6 NL 7?
        a. margin 0.1925847027794685
      yes, 23, ags used 20 = 23
   (1) can we show that 1 NL 2?
        a. margin -0.043822276323799314
      no
   (1) can we show that 1 NL 7?
        a. margin 0.01871576384662199
      yes, 54, ags used 39 = 54
      Best assertion(s) require sample: 23

ALTERNATE OUTCOME PAIR: 7,1
   (1) can we show that 5 NL 1?
        a. margin -0.27632379793061457
      no
   (1) can we show that 5 NL 7?
        a. margin -0.041692026780279945
      no
   (1) can we show that 8 NL 1?
        a. margin -0.3500710083181169
      no
   (1) can we show that 8 NL 7?
        a. margin -0.03946033678230876
      no
   (1) can we show that 6 NL 1?
        a. margin -0.026678839521201536
      no
   (1) can we show that 6 NL 7?
        a. margin 0.1922803814161087
      yes, 23, ags used 20 = 23
   (1) can we show that 2 NL 1?
        a. margin -0.048539257455874285
      no
   (1) can we show that 2 NL 7?
        a. margin 0.0371272063298842
      yes, 122, ags used 52 = 122
      Best assertion(s) require sample: 23

6 ruled out by pairs, sample size 102
STAGE 1 ASN NOW 63
NEW RULE OUT PAIR STAGE ASN 102
------------------------------------------------
Alternate outcome cannot be ruled out: 8,6
Alternate outcome cannot be ruled out: 6,2
Full audit not possible
PARTIAL audit sample size: 102
------------------------------------------------
Final set of assertions generated:
(5, 'AG', 6, 23)
6 NL 8 = 23 [rules out (5, 8), G = {8, 9, 3, 6}, O = set()]

6 NL 7 = 23 [rules out (7, 8), G = {8, 9, 3}, O = set()]
(5, 'AG', 3, 18)
6 NL 2 = 66 [rules out (2, 1), G = {2, 3, 6, 7, 8, 9}, O = set()]
6 NL 5 = 43 [rules out (5, 1), G = {2, 3, 6, 7, 8, 9}, O = set()]
1 NL 5 = 86 [rules out (5, 6), G = {8, 9, 2, 3}, O = set()]
(0, 'AG', 8, 34)
(5, 'AG', 2, 36)
(5, 'AG', 7, 26)
6 NL 5 = 50 [rules out (5, 2), G = {2, 3, 6, 7, 8, 9}, O = set()]
6 NL 7 = 23 [rules out (7, 5), G = {8, 9, 3}, O = set()]
(0, 'AG', 3, 39)
(0, 'AG', 9, 58)
6 NL 7 = 23 [rules out (7, 2), G = {8, 9, 3}, O = set()]
6 NL 8 = 23 [rules out (8, 1), G = {8, 9, 3, 6}, O = set()]
(5, 'AG', 9, 20)
6 NL 8 = 23 [rules out (8, 2), G = {8, 9, 3, 6}, O = set()]
(5, 'AG', 8, 18)
(0, 'AG', 2, 63)
1 NL 7 = 102 [rules out (7, 6), G = {8, 9, 2, 3}, O = set()]
6 NL 7 = 23 [rules out (7, 1), G = {8, 9, 3}, O = set()]
[6] are verified winners with these assertions.
[1, 2, 8] remain as potential winners in this audit.
------------------------------------------------
