VALID BALLOTS 7556
Winner 9
Winner 4
Computing AG relationships
6 AG 3 = 112
6 AG 8 = 111
6 AG 2 = 143
6 AG 11 = 1117
12 AG 3 = 84
12 AG 8 = 87
12 AG 2 = 102
12 AG 10 = 175
12 AG 11 = 114
9 AG 3 = 24
9 AG 8 = 24
9 AG 2 = 25
9 AG 10 = 26
9 AG 11 = 24
9 AG 1 = 46
9 AG 12 = 72
5 AG 3 = 94
5 AG 8 = 95
5 AG 2 = 117
5 AG 11 = 435
4 AG 3 = 36
4 AG 8 = 36
4 AG 2 = 38
4 AG 10 = 64
4 AG 11 = 51
4 AG 1 = 55
Ruling out candidates: [(3, 36), (8, 36), (2, 38), (10, 64), (11, 51), (1, 55)]
STAGE 1 ASN (Ruling out candidates): 64
ALTERNATE OUTCOME PAIR: 6,12
   (1) can we show that 9 NL 12?
        a. margin 0.06617257808364285
      yes, 62, ags used 46 = 62
   (1) can we show that 9 NL 6?
        a. margin -0.10706723133933294
      no
   (1) can we show that 5 NL 12?
        a. margin -0.051791071113463705
      no
   (1) can we show that 5 NL 6?
        a. margin -0.0538203635080291
      no
   (1) can we show that 4 NL 12?
        a. margin 0.03771836950767593
      yes, 121, ags used 72 = 121
   (1) can we show that 4 NL 6?
        a. margin 0.006220222339862191
      yes, 581, ags used 64 = 581
   (1) can we show that 4 NL 12?
        a. margin 0.03771836950767593
      yes, 121, ags used 72 = 121
   (1) can we show that 4 NL 6?
        a. margin 0.006220222339862191
      yes, 581, ags used 64 = 581
      Best assertion(s) require sample: 62

ALTERNATE OUTCOME PAIR: 6,9
   (1) can we show that 12 NL 9?
        a. margin -0.24545614963825835
      no
   (1) can we show that 12 NL 6?
        a. margin -0.24770601729310116
      no
   (1) can we show that 5 NL 9?
        a. margin -0.32918651844009206
      no
   (1) can we show that 5 NL 6?
        a. margin -0.05121757543674055
      no
   (1) can we show that 4 NL 9?
        a. margin -0.2370301746956065
      no
   (1) can we show that 4 NL 6?
        a. margin 0.008823010411150412
      yes, 437, ags used 64 = 437
   (1) can we show that 4 NL 9?
        a. margin -0.2370301746956065
      no
   (1) can we show that 4 NL 6?
        a. margin 0.008823010411150412
      yes, 437, ags used 64 = 437
      Best assertion(s) require sample: 437

ALTERNATE OUTCOME PAIR: 6,5
   (1) can we show that 12 NL 5?
        a. margin -0.226927827774835
      no
   (1) can we show that 12 NL 6?
        a. margin -0.22013410975824754
      no
   (1) can we show that 9 NL 5?
        a. margin 0.011381683430385703
      yes, 400, ags used 72 = 400
   (1) can we show that 9 NL 6?
        a. margin 0.019542968060701327
      yes, 234, ags used 72 = 234
   (1) can we show that 4 NL 5?
        a. margin 0.0042791600494063164
      yes, 983, ags used 64 = 983
   (1) can we show that 4 NL 6?
        a. margin 0.01032292218104569
      yes, 185, ags used 64 = 185
   (1) can we show that 4 NL 5?
        a. margin 0.0042791600494063164
      yes, 983, ags used 64 = 983
   (1) can we show that 4 NL 6?
        a. margin 0.01032292218104569
      yes, 185, ags used 64 = 185
      Best assertion(s) require sample: 185

ALTERNATE OUTCOME PAIR: 6,4
   (1) can we show that 12 NL 4?
        a. margin -0.23553026292570844
      no
   (1) can we show that 12 NL 6?
        a. margin -0.19767954826186307
      no
   (1) can we show that 9 NL 4?
        a. margin 0.005867301923415447
      yes, 983, ags used 72 = 983
   (1) can we show that 9 NL 6?
        a. margin 0.04160049408858124
      yes, 110, ags used 72 = 110
   (1) can we show that 5 NL 4?
        a. margin -0.14046232574554374
      no
   (1) can we show that 5 NL 6?
        a. margin -0.04512969825304303
      no
      Best assertion(s) require sample: 110

ALTERNATE OUTCOME PAIR: 6,4
   (1) can we show that 12 NL 4?
        a. margin -0.23553026292570844
      no
   (1) can we show that 12 NL 6?
        a. margin -0.19767954826186307
      no
   (1) can we show that 9 NL 4?
        a. margin 0.005867301923415447
      yes, 983, ags used 72 = 983
   (1) can we show that 9 NL 6?
        a. margin 0.04160049408858124
      yes, 110, ags used 72 = 110
   (1) can we show that 5 NL 4?
        a. margin -0.14046232574554374
      no
   (1) can we show that 5 NL 6?
        a. margin -0.04512969825304303
      no
      Best assertion(s) require sample: 110

ALTERNATE OUTCOME PAIR: 12,9
   (1) can we show that 6 NL 9?
        a. margin -0.3079230633492144
      no
   (1) can we show that 6 NL 12?
        a. margin -0.23253043938592322
      no
   (1) can we show that 5 NL 9?
        a. margin -0.2983500970531141
      no
   (1) can we show that 5 NL 12?
        a. margin -0.2228251279336556
      no
   (1) can we show that 4 NL 9?
        a. margin -0.20588494794423828
      no
   (1) can we show that 4 NL 12?
        a. margin -0.13283042173990223
      no
   (1) can we show that 4 NL 9?
        a. margin -0.20588494794423828
      no
   (1) can we show that 4 NL 12?
        a. margin -0.13283042173990223
      no

ALTERNATE OUTCOME PAIR: 12,5
   (1) can we show that 6 NL 5?
        a. margin -0.1930474677960119
      no
   (1) can we show that 6 NL 12?
        a. margin -0.06008470089994722
      no
   (1) can we show that 9 NL 5?
        a. margin -0.11324333862713964
      no
   (1) can we show that 9 NL 12?
        a. margin 0.06754014469737091
      yes, 61, ags used 46 = 61
   (1) can we show that 4 NL 5?
        a. margin -0.014955002646903193
      no
   (1) can we show that 4 NL 12?
        a. margin 0.03860067054879157
      yes, 118, ags used 72 = 118
   (1) can we show that 4 NL 5?
        a. margin -0.014955002646903193
      no
   (1) can we show that 4 NL 12?
        a. margin 0.03860067054879157
      yes, 118, ags used 72 = 118
      Best assertion(s) require sample: 61

ALTERNATE OUTCOME PAIR: 12,4
   (1) can we show that 6 NL 4?
        a. margin -0.17191635786130233
      no
   (1) can we show that 6 NL 12?
        a. margin -0.05999647079583559
      no
   (1) can we show that 9 NL 4?
        a. margin -0.11902241044644446
      no
   (1) can we show that 9 NL 12?
        a. margin 0.06833421563437403
      yes, 60, ags used 46 = 60
   (1) can we show that 5 NL 4?
        a. margin -0.14297688371272277
      no
   (1) can we show that 5 NL 12?
        a. margin -0.051041115228516176
      no
      Best assertion(s) require sample: 60

ALTERNATE OUTCOME PAIR: 12,4
   (1) can we show that 6 NL 4?
        a. margin -0.17191635786130233
      no
   (1) can we show that 6 NL 12?
        a. margin -0.05999647079583559
      no
   (1) can we show that 9 NL 4?
        a. margin -0.11902241044644446
      no
   (1) can we show that 9 NL 12?
        a. margin 0.06833421563437403
      yes, 60, ags used 46 = 60
   (1) can we show that 5 NL 4?
        a. margin -0.14297688371272277
      no
   (1) can we show that 5 NL 12?
        a. margin -0.051041115228516176
      no
      Best assertion(s) require sample: 60

ALTERNATE OUTCOME PAIR: 9,5
   (1) can we show that 6 NL 5?
        a. margin -0.19075348508911494
      no
   (1) can we show that 6 NL 9?
        a. margin -0.33823010411152266
      no
   (1) can we show that 12 NL 5?
        a. margin -0.25299982353979267
      no
   (1) can we show that 12 NL 9?
        a. margin -0.24452973354508456
      no
   (1) can we show that 4 NL 5?
        a. margin -0.013763896241399398
      no
   (1) can we show that 4 NL 9?
        a. margin -0.23623610375860205
      no
   (1) can we show that 4 NL 5?
        a. margin -0.013763896241399398
      no
   (1) can we show that 4 NL 9?
        a. margin -0.23623610375860205
      no

ALTERNATE OUTCOME PAIR: 5,4
   (1) can we show that 6 NL 4?
        a. margin -0.16304923239809466
      no
   (1) can we show that 6 NL 5?
        a. margin -0.15193223928004407
      no
   (1) can we show that 12 NL 4?
        a. margin -0.23447150167637
      no
   (1) can we show that 12 NL 5?
        a. margin -0.2027527792482755
      no
   (1) can we show that 9 NL 4?
        a. margin 0.006970178224809276
      yes, 831, ags used 72 = 831
   (1) can we show that 9 NL 5?
        a. margin 0.035556731956941645
      yes, 128, ags used 72 = 128
      Best assertion(s) require sample: 128

ALTERNATE OUTCOME PAIR: 5,4
   (1) can we show that 6 NL 4?
        a. margin -0.16304923239809466
      no
   (1) can we show that 6 NL 5?
        a. margin -0.15193223928004407
      no
   (1) can we show that 12 NL 4?
        a. margin -0.23447150167637
      no
   (1) can we show that 12 NL 5?
        a. margin -0.2027527792482755
      no
   (1) can we show that 9 NL 4?
        a. margin 0.006970178224809276
      yes, 831, ags used 72 = 831
   (1) can we show that 9 NL 5?
        a. margin 0.035556731956941645
      yes, 128, ags used 72 = 128
      Best assertion(s) require sample: 128

RULE OUT PAIR STAGE ASN 437
------------------------------------------------
Alternate outcome cannot be ruled out: 12,9
Alternate outcome cannot be ruled out: 9,5
Full audit not possible
PARTIAL audit sample size: 437
------------------------------------------------
Final set of assertions generated:
9 NL 6 = 110 [rules out (6, 4), G = {0, 1, 2, 7, 9, 10, 11}, O = set()]
(8, 'AG', 10, 24)
9 NL 12 = 62 [rules out (6, 12), G = {0, 1, 2, 7, 9, 10}, O = set()]

4 NL 6 = 185 [rules out (6, 5), G = {0, 1, 2, 7, 9, 10}, O = set()]
9 NL 12 = 60 [rules out (12, 4), G = {0, 1, 2, 7, 9, 10}, O = set()]
(3, 'AG', 10, 51)
(8, 'AG', 1, 25)
4 NL 6 = 437 [rules out (6, 9), G = {0, 1, 2, 7, 9, 10}, O = set()]
(8, 'AG', 2, 24)
(8, 'AG', 7, 24)
(8, 'AG', 11, 72)
(8, 'AG', 0, 46)
(3, 'AG', 2, 36)
(8, 'AG', 9, 26)
9 NL 12 = 61 [rules out (12, 5), G = {0, 1, 2, 7, 9, 10}, O = set()]
(3, 'AG', 0, 55)
(3, 'AG', 9, 64)
(3, 'AG', 7, 36)
9 NL 5 = 128 [rules out (5, 4), G = {0, 1, 2, 7, 9, 10, 11}, O = set()]
(3, 'AG', 1, 38)
[9] are verified winners with these assertions.
[4, 12, 5] remain as potential winners in this audit.
------------------------------------------------
