VALID BALLOTS 8520
Winner 5
Winner 1
Computing AG relationships
9 AG 10 = 2576
9 AG 6 = 910
5 AG 10 = 20
5 AG 6 = 19
5 AG 7 = 24
5 AG 4 = 23
5 AG 2 = 22
5 AG 9 = 24
3 AG 10 = 195
3 AG 6 = 126
3 AG 7 = 412
3 AG 4 = 733
1 AG 10 = 28
1 AG 6 = 26
1 AG 7 = 29
1 AG 4 = 30
1 AG 2 = 72
1 AG 3 = 95
Ruling out candidates: [(10, 28), (6, 26), (7, 29), (4, 30), (2, 72)]
STAGE 1 ASN (Ruling out candidates): 72
ALTERNATE OUTCOME PAIR: 9,5
   (1) can we show that 3 NL 5?
        a. margin -0.28384194053208556
      no
   (1) can we show that 3 NL 9?
        a. margin -0.16948356807512743
      no
   (1) can we show that 1 NL 5?
        a. margin -0.03763693270735968
      no
   (1) can we show that 1 NL 9?
        a. margin 0.07476525821595281
      yes, 61, ags used 95 = 95
   (1) can we show that 1 NL 5?
        a. margin -0.03763693270735968
      no
   (1) can we show that 1 NL 9?
        a. margin 0.07476525821595281
      yes, 61, ags used 95 = 95
      Best assertion(s) require sample: 95

ALTERNATE OUTCOME PAIR: 9,3
   (1) can we show that 5 NL 3?
        a. margin 0.17030516431924836
      yes, 26, ags used 95 = 95
   (1) can we show that 5 NL 9?
        a. margin 0.18591549295774668
      yes, 23, ags used 23 = 23
   (1) can we show that 1 NL 3?
        a. margin 0.05328638497653038
      yes, 73, ags used 72 = 73
   (1) can we show that 1 NL 9?
        a. margin 0.15363849765258197
      yes, 29, ags used 29 = 29
   (1) can we show that 1 NL 3?
        a. margin 0.05328638497653038
      yes, 73, ags used 72 = 73
   (1) can we show that 1 NL 9?
        a. margin 0.15363849765258197
      yes, 29, ags used 29 = 29
      Best assertion(s) require sample: 23

ALTERNATE OUTCOME PAIR: 9,1
   (1) can we show that 5 NL 1?
        a. margin -0.09730046948356819
      no
   (1) can we show that 5 NL 9?
        a. margin 0.18740219092331745
      yes, 22, ags used 23 = 23
   (1) can we show that 3 NL 1?
        a. margin -0.25978090766823314
      no
   (1) can we show that 3 NL 9?
        a. margin 0.015023474178403884
      yes, 333, ags used 195 = 333
      Best assertion(s) require sample: 23

ALTERNATE OUTCOME PAIR: 9,1
   (1) can we show that 5 NL 1?
        a. margin -0.09730046948356819
      no
   (1) can we show that 5 NL 9?
        a. margin 0.18740219092331745
      yes, 22, ags used 23 = 23
   (1) can we show that 3 NL 1?
        a. margin -0.25978090766823314
      no
   (1) can we show that 3 NL 9?
        a. margin 0.015023474178403884
      yes, 333, ags used 195 = 333
      Best assertion(s) require sample: 23

ALTERNATE OUTCOME PAIR: 5,3
   (1) can we show that 9 NL 3?
        a. margin -0.0641627543035993
      no
   (1) can we show that 9 NL 5?
        a. margin -0.3163536776212821
      no
   (1) can we show that 1 NL 3?
        a. margin 0.0608372456963957
      yes, 68, ags used 30 = 68
   (1) can we show that 1 NL 5?
        a. margin -0.16330203442879576
      no
   (1) can we show that 1 NL 3?
        a. margin 0.0608372456963957
      yes, 68, ags used 30 = 68
   (1) can we show that 1 NL 5?
        a. margin -0.16330203442879576
      no
      Best assertion(s) require sample: 68

ALTERNATE OUTCOME PAIR: 3,1
   (1) can we show that 9 NL 1?
        a. margin -0.3180751173708918
      no
   (1) can we show that 9 NL 3?
        a. margin -0.2582942097026598
      no
   (1) can we show that 5 NL 1?
        a. margin 0.027073552425665337
      yes, 169, ags used 24 = 169
   (1) can we show that 5 NL 3?
        a. margin 0.0835680751173713
      yes, 54, ags used 24 = 54
      Best assertion(s) require sample: 54

ALTERNATE OUTCOME PAIR: 3,1
   (1) can we show that 9 NL 1?
        a. margin -0.3180751173708918
      no
   (1) can we show that 9 NL 3?
        a. margin -0.2582942097026598
      no
   (1) can we show that 5 NL 1?
        a. margin 0.027073552425665337
      yes, 169, ags used 24 = 169
   (1) can we show that 5 NL 3?
        a. margin 0.0835680751173713
      yes, 54, ags used 24 = 54
      Best assertion(s) require sample: 54

RULE OUT PAIR STAGE ASN 95
------------------------------------------------
EXAMINING WAYS TO REDUCE COST OF AUDIT
------------------------------------------------
FULL audit sample size: 95
------------------------------------------------
Final set of assertions generated:
5 NL 9 = 23 [rules out (9, 3), G = {9, 3, 5, 1}, O = set()]
(0, 'AG', 1, 72)
(0, 'AG', 2, 95)
(4, 'AG', 9, 20)
1 NL 9 = 95 [rules out (9, 5), G = {1, 2, 3, 5, 6, 9}, O = set()]
(4, 'AG', 1, 22)
5 NL 9 = 23 [rules out (9, 1), G = {9, 3, 5, 1}, O = set()]
(0, 'AG', 6, 29)
(4, 'AG', 5, 19)
(4, 'AG', 6, 24)
1 NL 3 = 68 [rules out (5, 3), G = {9, 3, 5, 6}, O = set()]

(4, 'AG', 8, 24)
5 NL 3 = 54 [rules out (3, 1), G = {1, 3, 5, 6, 8, 9}, O = set()]
(0, 'AG', 3, 30)
(0, 'AG', 5, 26)
(4, 'AG', 3, 23)
(0, 'AG', 9, 28)
All winners are verified in audit.
------------------------------------------------
