VALID BALLOTS 7255
Winner 9
Winner 6
Computing AG relationships
5 AG 3 = 412
5 AG 2 = 276
7 AG 3 = 90
7 AG 10 = 388
7 AG 2 = 104
8 AG 3 = 66
8 AG 10 = 111
8 AG 2 = 41
8 AG 4 = 68
9 AG 3 = 50
9 AG 10 = 70
9 AG 2 = 36
9 AG 4 = 53
1 AG 3 = 45
1 AG 10 = 93
1 AG 2 = 42
1 AG 4 = 92
6 AG 3 = 42
6 AG 10 = 75
6 AG 2 = 41
6 AG 4 = 86
Ruling out candidates: [(3, 45), (10, 75), (2, 41), (4, 68)]
STAGE 1 ASN (Ruling out candidates): 75
ALTERNATE OUTCOME PAIR: 5,7
   (1) can we show that 8 NL 7?
        a. margin -0.11325522628072648
      no
   (1) can we show that 8 NL 5?
        a. margin -0.25371008499885306
      no
   (1) can we show that 9 NL 7?
        a. margin -0.10328509074201742
      no
   (1) can we show that 9 NL 5?
        a. margin -0.22035377900298792
      no
   (1) can we show that 1 NL 7?
        a. margin -0.047461520790259226
      no
   (1) can we show that 1 NL 5?
        a. margin -0.1074201699977051
      no
   (1) can we show that 6 NL 7?
        a. margin -0.03018607856650557
      no
   (1) can we show that 6 NL 5?
        a. margin -0.0685044796691957
      no

ALTERNATE OUTCOME PAIR: 5,8
   (1) can we show that 7 NL 8?
        a. margin -0.23992648747989875
      no
   (1) can we show that 7 NL 5?
        a. margin -0.29092579830002196
      no
   (1) can we show that 9 NL 8?
        a. margin -0.09391224442912971
      no
   (1) can we show that 9 NL 5?
        a. margin -0.2386400183781301
      no
   (1) can we show that 1 NL 8?
        a. margin -0.18451642545370983
      no
   (1) can we show that 1 NL 5?
        a. margin -0.11881461061337184
      no
   (1) can we show that 6 NL 8?
        a. margin -0.1736733287388006
      no
   (1) can we show that 6 NL 5?
        a. margin -0.07277739490007051
      no

ALTERNATE OUTCOME PAIR: 5,9
   (1) can we show that 7 NL 9?
        a. margin -0.2612451183092116
      no
   (1) can we show that 7 NL 5?
        a. margin -0.27796921663221097
      no
   (1) can we show that 8 NL 9?
        a. margin -0.10636342752124905
      no
   (1) can we show that 8 NL 5?
        a. margin -0.26524236158971004
      no
   (1) can we show that 1 NL 9?
        a. margin -0.21010797151389804
      no
   (1) can we show that 1 NL 5?
        a. margin -0.10470939581897931
      no
   (1) can we show that 6 NL 9?
        a. margin -0.20055134390075757
      no
   (1) can we show that 6 NL 5?
        a. margin -0.06000459453250939
      no

ALTERNATE OUTCOME PAIR: 5,1
   (1) can we show that 7 NL 1?
        a. margin -0.27172065242361576
      no
   (1) can we show that 7 NL 5?
        a. margin -0.2532506317482197
      no
   (1) can we show that 8 NL 1?
        a. margin -0.2548587181254305
      no
   (1) can we show that 8 NL 5?
        a. margin -0.23078336779232722
      no
   (1) can we show that 9 NL 1?
        a. margin -0.24158051918217283
      no
   (1) can we show that 9 NL 5?
        a. margin -0.1958189754192513
      no
   (1) can we show that 6 NL 1?
        a. margin -0.060464047783138075
      no
   (1) can we show that 6 NL 5?
        a. margin -0.0488858258672179
      no

ALTERNATE OUTCOME PAIR: 5,6
   (1) can we show that 7 NL 6?
        a. margin -0.2790719044337244
      no
   (1) can we show that 7 NL 5?
        a. margin -0.24971284171835662
      no
   (1) can we show that 8 NL 6?
        a. margin -0.2609235010337705
      no
   (1) can we show that 8 NL 5?
        a. margin -0.2245807489088001
      no
   (1) can we show that 9 NL 6?
        a. margin -0.24360211348495353
      no
   (1) can we show that 9 NL 5?
        a. margin -0.19002986446129266
      no
   (1) can we show that 1 NL 6?
        a. margin -0.15630599586491978
      no
   (1) can we show that 1 NL 5?
        a. margin -0.0896393291982519
      no

ALTERNATE OUTCOME PAIR: 7,8
   (1) can we show that 5 NL 8?
        a. margin -0.26606937744084824
      no
   (1) can we show that 5 NL 7?
        a. margin -0.1452331725246987
      no
   (1) can we show that 9 NL 8?
        a. margin -0.0889960946473678
      no
   (1) can we show that 9 NL 7?
        a. margin -0.10608775557087002
      no
   (1) can we show that 1 NL 8?
        a. margin -0.17932460372157422
      no
   (1) can we show that 1 NL 7?
        a. margin -0.04084539398116538
      no
   (1) can we show that 6 NL 8?
        a. margin -0.1695841948081801
      no
   (1) can we show that 6 NL 7?
        a. margin -0.02338617045715896
      no

ALTERNATE OUTCOME PAIR: 7,9
   (1) can we show that 5 NL 9?
        a. margin -0.2874798989202889
      no
   (1) can we show that 5 NL 7?
        a. margin -0.14417643004824576
      no
   (1) can we show that 8 NL 9?
        a. margin -0.10241212956581391
      no
   (1) can we show that 8 NL 7?
        a. margin -0.11440385940730702
      no
   (1) can we show that 1 NL 9?
        a. margin -0.20721341603492271
      no
   (1) can we show that 1 NL 7?
        a. margin -0.03914541695382845
      no
   (1) can we show that 6 NL 9?
        a. margin -0.19848380427291834
      no
   (1) can we show that 6 NL 7?
        a. margin -0.022145646680453268
      no

ALTERNATE OUTCOME PAIR: 7,1
   (1) can we show that 5 NL 1?
        a. margin -0.2128187456926235
      no
   (1) can we show that 5 NL 7?
        a. margin -0.147852056053297
      no
   (1) can we show that 8 NL 1?
        a. margin -0.2524236158970842
      no
   (1) can we show that 8 NL 7?
        a. margin -0.0985527222605096
      no
   (1) can we show that 9 NL 1?
        a. margin -0.23896163565357365
      no
   (1) can we show that 9 NL 7?
        a. margin -0.08789340684585312
      no
   (1) can we show that 6 NL 1?
        a. margin -0.05779921892947326
      no
   (1) can we show that 6 NL 7?
        a. margin -0.026923960487020615
      no

ALTERNATE OUTCOME PAIR: 7,6
   (1) can we show that 5 NL 6?
        a. margin -0.24323455088444446
      no
   (1) can we show that 5 NL 7?
        a. margin -0.14486560992418906
      no
   (1) can we show that 8 NL 6?
        a. margin -0.2560532965770753
      no
   (1) can we show that 8 NL 7?
        a. margin -0.09087985297495715
      no
   (1) can we show that 9 NL 6?
        a. margin -0.23900758097863717
      no
   (1) can we show that 9 NL 7?
        a. margin -0.08017459223523737
      no
   (1) can we show that 1 NL 6?
        a. margin -0.15184929933378943
      no
   (1) can we show that 1 NL 7?
        a. margin -0.041672409832301804
      no

ALTERNATE OUTCOME PAIR: 8,9
   (1) can we show that 5 NL 9?
        a. margin -0.2538479209740456
      no
   (1) can we show that 5 NL 8?
        a. margin -0.23363197794624901
      no
   (1) can we show that 7 NL 9?
        a. margin -0.22752124971284626
      no
   (1) can we show that 7 NL 8?
        a. margin -0.20137835975190044
      no
   (1) can we show that 1 NL 9?
        a. margin -0.17362738341374218
      no
   (1) can we show that 1 NL 8?
        a. margin -0.1440385940730584
      no
   (1) can we show that 6 NL 9?
        a. margin -0.16393291982541225
      no
   (1) can we show that 6 NL 8?
        a. margin -0.1338387319090334
      no

ALTERNATE OUTCOME PAIR: 8,1
   (1) can we show that 5 NL 1?
        a. margin -0.21952676315184927
      no
   (1) can we show that 5 NL 8?
        a. margin -0.26937744084539417
      no
   (1) can we show that 7 NL 1?
        a. margin -0.28467723409143
      no
   (1) can we show that 7 NL 8?
        a. margin -0.2369859866758558
      no
   (1) can we show that 9 NL 1?
        a. margin -0.25688031242821063
      no
   (1) can we show that 9 NL 8?
        a. margin -0.08536641396737865
      no
   (1) can we show that 6 NL 1?
        a. margin -0.061337008959340134
      no
   (1) can we show that 6 NL 8?
        a. margin -0.17197335171146355
      no

ALTERNATE OUTCOME PAIR: 8,6
   (1) can we show that 5 NL 6?
        a. margin -0.2570181484034001
      no
   (1) can we show that 5 NL 8?
        a. margin -0.2698368940960264
      no
   (1) can we show that 7 NL 6?
        a. margin -0.2924419940271067
      no
   (1) can we show that 7 NL 8?
        a. margin -0.23767516655180243
      no
   (1) can we show that 9 NL 6?
        a. margin -0.25968297725706435
      no
   (1) can we show that 9 NL 8?
        a. margin -0.08573397656788251
      no
   (1) can we show that 1 NL 6?
        a. margin -0.16696531127957837
      no
   (1) can we show that 1 NL 8?
        a. margin -0.18345968297725823
      no

ALTERNATE OUTCOME PAIR: 9,1
   (1) can we show that 5 NL 1?
        a. margin -0.2217780840799467
      no
   (1) can we show that 5 NL 9?
        a. margin -0.2938203537790032
      no
   (1) can we show that 7 NL 1?
        a. margin -0.28385021824029677
      no
   (1) can we show that 7 NL 9?
        a. margin -0.26487479898920296
      no
   (1) can we show that 8 NL 1?
        a. margin -0.270066620721342
      no
   (1) can we show that 8 NL 9?
        a. margin -0.10925798300022982
      no
   (1) can we show that 6 NL 1?
        a. margin -0.06184240753503534
      no
   (1) can we show that 6 NL 9?
        a. margin -0.20339995405467515
      no

ALTERNATE OUTCOME PAIR: 1,6
   (1) can we show that 5 NL 6?
        a. margin -0.24194808178267824
      no
   (1) can we show that 5 NL 1?
        a. margin -0.20243510222834693
      no
   (1) can we show that 7 NL 6?
        a. margin -0.2549965541006204
      no
   (1) can we show that 7 NL 1?
        a. margin -0.2419480817826799
      no
   (1) can we show that 8 NL 6?
        a. margin -0.23556168159889757
      no
   (1) can we show that 8 NL 1?
        a. margin -0.22136457615437788
      no
   (1) can we show that 9 NL 6?
        a. margin -0.2166322076728695
      no
   (1) can we show that 9 NL 1?
        a. margin -0.20638640018378285
      no

RULE OUT PAIR STAGE ASN 0
------------------------------------------------
EXAMINING WAYS TO REDUCE COST OF AUDIT
ALTERNATE OUTCOME PAIR: 10,5
   (1) can we show that 7 NL 5?
        a. margin -0.2986446129106364
      no
   (1) can we show that 7 NL 10?
        a. margin 0.012497128417183756
      yes, 67, ags used 70 = 70
   (1) can we show that 8 NL 5?
        a. margin -0.2800827015851137
      no
   (1) can we show that 8 NL 10?
        a. margin 0.04286698828394231
      yes, 56, ags used 70 = 70
   (1) can we show that 9 NL 5?
        a. margin -0.243877785435332
      no
   (1) can we show that 9 NL 10?
        a. margin 0.06629910406616135
      yes, 63, ags used 53 = 63
   (1) can we show that 1 NL 5?
        a. margin -0.1227199632437398
      no
   (1) can we show that 1 NL 10?
        a. margin 0.049529060418102455
      yes, 39, ags used 70 = 70
   (1) can we show that 6 NL 5?
        a. margin -0.07672869285550188
      no
   (1) can we show that 6 NL 10?
        a. margin 0.061199172984148786
      yes, 36, ags used 70 = 70
      Best assertion(s) require sample: 63

ALTERNATE OUTCOME PAIR: 10,7
   (1) can we show that 5 NL 7?
        a. margin -0.15166551803354045
      no
   (1) can we show that 5 NL 10?
        a. margin 0.029634734665744844
      yes, 96, ags used 111 = 111
   (1) can we show that 8 NL 7?
        a. margin -0.1230875258442452
      no
   (1) can we show that 8 NL 10?
        a. margin 0.05127498277050546
      yes, 63, ags used 68 = 68
   (1) can we show that 9 NL 7?
        a. margin -0.11104985067769346
      no
   (1) can we show that 9 NL 10?
        a. margin 0.0736503560762709
      yes, 57, ags used 53 = 57
   (1) can we show that 1 NL 7?
        a. margin -0.048058810016080256
      no
   (1) can we show that 1 NL 10?
        a. margin 0.055134390075807005
      yes, 37, ags used 70 = 70
   (1) can we show that 6 NL 7?
        a. margin -0.030461750516885155
      no
   (1) can we show that 6 NL 10?
        a. margin 0.06588559614059042
      yes, 68, ags used 42 = 68
      Best assertion(s) require sample: 57

ALTERNATE OUTCOME PAIR: 10,8
   (1) can we show that 5 NL 8?
        a. margin -0.2705720192970368
      no
   (1) can we show that 5 NL 10?
        a. margin 0.027107741787270268
      yes, 121, ags used 93 = 121
   (1) can we show that 7 NL 8?
        a. margin -0.2447507466115324
      no
   (1) can we show that 7 NL 10?
        a. margin 0.022145646680447495
      yes, 66, ags used 70 = 70
   (1) can we show that 9 NL 8?
        a. margin -0.0992419021364579
      no
   (1) can we show that 9 NL 10?
        a. margin 0.06685044796691919
      yes, 62, ags used 53 = 62
   (1) can we show that 1 NL 8?
        a. margin -0.18465426142889907
      no
   (1) can we show that 1 NL 10?
        a. margin 0.06041810245807189
      yes, 38, ags used 70 = 70
   (1) can we show that 6 NL 8?
        a. margin -0.17367332873880104
      no
   (1) can we show that 6 NL 10?
        a. margin 0.07185848839880271
      yes, 62, ags used 42 = 62
      Best assertion(s) require sample: 62

ALTERNATE OUTCOME PAIR: 10,9
   (1) can we show that 5 NL 9?
        a. margin -0.29437169767976124
      no
   (1) can we show that 5 NL 10?
        a. margin 0.040248104755338465
      yes, 113, ags used 111 = 113
   (1) can we show that 7 NL 9?
        a. margin -0.2720422696990583
      no
   (1) can we show that 7 NL 10?
        a. margin 0.01810245807488875
      yes, 53, ags used 111 = 111
   (1) can we show that 8 NL 9?
        a. margin -0.11968757178957046
      no
   (1) can we show that 8 NL 10?
        a. margin 0.04300482425913055
      yes, 71, ags used 68 = 71
   (1) can we show that 1 NL 9?
        a. margin -0.21488628532046827
      no
   (1) can we show that 1 NL 10?
        a. margin 0.05733976567883925
      yes, 66, ags used 75 = 75
   (1) can we show that 6 NL 9?
        a. margin -0.2047783138065703
      no
   (1) can we show that 6 NL 10?
        a. margin 0.06855042499425434
      yes, 65, ags used 42 = 65
      Best assertion(s) require sample: 65

ALTERNATE OUTCOME PAIR: 10,1
   (1) can we show that 5 NL 1?
        a. margin -0.2242591316333563
      no
   (1) can we show that 5 NL 10?
        a. margin 0.02609694463588319
      yes, 108, ags used 111 = 111
   (1) can we show that 7 NL 1?
        a. margin -0.2932690098782449
      no
   (1) can we show that 7 NL 10?
        a. margin 0.013691706868826037
      yes, 66, ags used 70 = 70
   (1) can we show that 8 NL 1?
        a. margin -0.2786583965081554
      no
   (1) can we show that 8 NL 10?
        a. margin 0.04792097404089146
      yes, 66, ags used 68 = 68
   (1) can we show that 9 NL 1?
        a. margin -0.2625775327360441
      no
   (1) can we show that 9 NL 10?
        a. margin 0.07162876177348965
      yes, 59, ags used 53 = 59
   (1) can we show that 6 NL 1?
        a. margin -0.06616126809097178
      no
   (1) can we show that 6 NL 10?
        a. margin 0.0616126809097175
      yes, 36, ags used 70 = 70
      Best assertion(s) require sample: 59

ALTERNATE OUTCOME PAIR: 10,6
   (1) can we show that 5 NL 6?
        a. margin -0.26243969676085455
      no
   (1) can we show that 5 NL 10?
        a. margin 0.02618883528600957
      yes, 110, ags used 111 = 111
   (1) can we show that 7 NL 6?
        a. margin -0.3019067309901219
      no
   (1) can we show that 7 NL 10?
        a. margin 0.0135998162187001
      yes, 66, ags used 70 = 70
   (1) can we show that 8 NL 6?
        a. margin -0.28619342981851603
      no
   (1) can we show that 8 NL 10?
        a. margin 0.04998851366873591
      yes, 64, ags used 68 = 68
   (1) can we show that 9 NL 6?
        a. margin -0.26602343211578217
      no
   (1) can we show that 9 NL 10?
        a. margin 0.0736503560762709
      yes, 57, ags used 53 = 57
   (1) can we show that 1 NL 6?
        a. margin -0.17293820353778966
      no
   (1) can we show that 1 NL 10?
        a. margin 0.049850677693544565
      yes, 38, ags used 70 = 70
      Best assertion(s) require sample: 57

9 ruled out by pairs, sample size 65
STAGE 1 ASN NOW 68
NEW RULE OUT PAIR STAGE ASN 65
ALTERNATE OUTCOME PAIR: 4,10
   (1) can we show that 5 NL 10?
        a. margin 0.03082931311738979
      yes, 110, ags used 93 = 110
   (1) can we show that 5 NL 4?
        a. margin 0.0025729382035375448
      yes, 616, ags used 412 = 616
   (1) can we show that 7 NL 10?
        a. margin 0.017872731449574575
      yes, 63, ags used 70 = 70
   (1) can we show that 7 NL 4?
        a. margin 0.024029405008040294
      yes, 113, ags used 104 = 113
   (1) can we show that 8 NL 10?
        a. margin 0.04603721571330088
      yes, 68, ags used 70 = 70
   (1) can we show that 8 NL 4?
        a. margin 0.06822880771881445
      yes, 59, ags used 53 = 59
   (1) can we show that 9 NL 10?
        a. margin 0.07057201929703605
      yes, 63, ags used 50 = 63
   (1) can we show that 9 NL 4?
        a. margin 0.08619342981851585
      yes, 52, ags used 50 = 52
   (1) can we show that 1 NL 10?
        a. margin 0.056328968527453505
      yes, 37, ags used 70 = 70
   (1) can we show that 1 NL 4?
        a. margin 0.05044796691936648
      yes, 52, ags used 53 = 53
   (1) can we show that 6 NL 10?
        a. margin 0.06795313576843509
      yes, 66, ags used 42 = 66
   (1) can we show that 6 NL 4?
        a. margin 0.054169538249482896
      yes, 50, ags used 53 = 53
      Best assertion(s) require sample: 52

ALTERNATE OUTCOME PAIR: 4,5
   (1) can we show that 10 NL 5?
        a. margin -0.4893177119228118
      no
   (1) can we show that 10 NL 4?
        a. margin -0.06216402481047556
      no
   (1) can we show that 7 NL 5?
        a. margin -0.29464736963014004
      no
   (1) can we show that 7 NL 4?
        a. margin 0.023478061107282233
      yes, 114, ags used 104 = 114
   (1) can we show that 8 NL 5?
        a. margin -0.2944635883298874
      no
   (1) can we show that 8 NL 4?
        a. margin 0.06753962784286704
      yes, 59, ags used 53 = 59
   (1) can we show that 9 NL 5?
        a. margin -0.24576154376292214
      no
   (1) can we show that 9 NL 4?
        a. margin 0.08536641396737887
      yes, 53, ags used 50 = 53
   (1) can we show that 1 NL 5?
        a. margin -0.12354697909487689
      no
   (1) can we show that 1 NL 4?
        a. margin 0.049437169767976075
      yes, 53, ags used 53 = 53
   (1) can we show that 6 NL 5?
        a. margin -0.07668274753043902
      no
   (1) can we show that 6 NL 4?
        a. margin 0.053158741098093154
      yes, 51, ags used 53 = 53
      Best assertion(s) require sample: 53

ALTERNATE OUTCOME PAIR: 4,7
   (1) can we show that 10 NL 7?
        a. margin -0.33181713760624887
      no
   (1) can we show that 10 NL 4?
        a. margin -0.06161268090971739
      no
   (1) can we show that 5 NL 7?
        a. margin -0.1497817597059503
      no
   (1) can we show that 5 NL 4?
        a. margin 0.0027567195037896397
      yes, 604, ags used 412 = 604
   (1) can we show that 8 NL 7?
        a. margin -0.13576843556168183
      no
   (1) can we show that 8 NL 4?
        a. margin 0.06850447966919404
      yes, 59, ags used 53 = 59
   (1) can we show that 9 NL 7?
        a. margin -0.11132552262807294
      no
   (1) can we show that 9 NL 4?
        a. margin 0.08642315644383225
      yes, 52, ags used 50 = 52
   (1) can we show that 1 NL 7?
        a. margin -0.04718584883987964
      no
   (1) can we show that 1 NL 4?
        a. margin 0.05053985756949153
      yes, 52, ags used 53 = 53
   (1) can we show that 6 NL 7?
        a. margin -0.028761773489547893
      no
   (1) can we show that 6 NL 4?
        a. margin 0.05426142889960861
      yes, 50, ags used 53 = 53
      Best assertion(s) require sample: 52

ALTERNATE OUTCOME PAIR: 4,8
   (1) can we show that 10 NL 8?
        a. margin -0.403583735354928
      no
   (1) can we show that 10 NL 4?
        a. margin -0.06611532276591026
      no
   (1) can we show that 5 NL 8?
        a. margin -0.26459912703882427
      no
   (1) can we show that 5 NL 4?
        a. margin 0.0016999770273347092
      yes, 6244, ags used 412 = 6244
   (1) can we show that 7 NL 8?
        a. margin -0.23528600964851865
      no
   (1) can we show that 7 NL 4?
        a. margin 0.02513209280955442
      yes, 128, ags used 104 = 128
   (1) can we show that 9 NL 8?
        a. margin -0.09588789340684623
      no
   (1) can we show that 9 NL 4?
        a. margin 0.08715828164484152
      yes, 51, ags used 50 = 51
   (1) can we show that 1 NL 8?
        a. margin -0.17969216632207574
      no
   (1) can we show that 1 NL 4?
        a. margin 0.0568343671031446
      yes, 52, ags used 53 = 53
   (1) can we show that 6 NL 8?
        a. margin -0.16793016310590447
      no
   (1) can we show that 6 NL 4?
        a. margin 0.06050999310819871
      yes, 50, ags used 53 = 53
      Best assertion(s) require sample: 51

ALTERNATE OUTCOME PAIR: 4,9
   (1) can we show that 10 NL 9?
        a. margin -0.43868596370319346
      no
   (1) can we show that 10 NL 4?
        a. margin -0.06528830691477305
      no
   (1) can we show that 5 NL 9?
        a. margin -0.2905582356995181
      no
   (1) can we show that 5 NL 4?
        a. margin 0.0003216172754409996
      yes, 1917, ags used 412 = 1917
   (1) can we show that 7 NL 9?
        a. margin -0.26455318171376097
      no
   (1) can we show that 7 NL 4?
        a. margin 0.026510452561450126
      yes, 125, ags used 104 = 125
   (1) can we show that 8 NL 9?
        a. margin -0.13319549735814407
      no
   (1) can we show that 8 NL 4?
        a. margin 0.06887204226969867
      yes, 64, ags used 41 = 64
   (1) can we show that 1 NL 9?
        a. margin -0.21203767516655092
      no
   (1) can we show that 1 NL 4?
        a. margin 0.05426142889960772
      yes, 51, ags used 68 = 68
   (1) can we show that 6 NL 9?
        a. margin -0.201194578451643
      no
   (1) can we show that 6 NL 4?
        a. margin 0.05793705490466183
      yes, 49, ags used 68 = 68
      Best assertion(s) require sample: 64

ALTERNATE OUTCOME PAIR: 4,1
   (1) can we show that 10 NL 1?
        a. margin -0.4779692166322077
      no
   (1) can we show that 10 NL 4?
        a. margin -0.06423156443831846
      no
   (1) can we show that 5 NL 1?
        a. margin -0.22338617045715592
      no
   (1) can we show that 5 NL 4?
        a. margin 0.002756719503790528
      yes, 1335, ags used 412 = 1335
   (1) can we show that 7 NL 1?
        a. margin -0.28885825867218007
      no
   (1) can we show that 7 NL 4?
        a. margin 0.024948311509303878
      yes, 120, ags used 104 = 120
   (1) can we show that 8 NL 1?
        a. margin -0.29262577532736045
      no
   (1) can we show that 8 NL 4?
        a. margin 0.0693314955203308
      yes, 58, ags used 53 = 58
   (1) can we show that 9 NL 1?
        a. margin -0.26404778313806565
      no
   (1) can we show that 9 NL 4?
        a. margin 0.08734206294509539
      yes, 51, ags used 50 = 51
   (1) can we show that 6 NL 1?
        a. margin -0.06570181484033988
      no
   (1) can we show that 6 NL 4?
        a. margin 0.054261428899609276
      yes, 50, ags used 53 = 53
      Best assertion(s) require sample: 51

ALTERNATE OUTCOME PAIR: 4,6
   (1) can we show that 10 NL 6?
        a. margin -0.4909257983000229
      no
   (1) can we show that 10 NL 4?
        a. margin -0.06289915001148583
      no
   (1) can we show that 5 NL 6?
        a. margin -0.2624396967608549
      no
   (1) can we show that 5 NL 4?
        a. margin 0.0023432115782222596
      yes, 928, ags used 412 = 928
   (1) can we show that 7 NL 6?
        a. margin -0.29795543303468863
      no
   (1) can we show that 7 NL 4?
        a. margin 0.0242131863082935
      yes, 116, ags used 104 = 116
   (1) can we show that 8 NL 6?
        a. margin -0.3004824259131633
      no
   (1) can we show that 8 NL 4?
        a. margin 0.06887204226969978
      yes, 58, ags used 53 = 58
   (1) can we show that 9 NL 6?
        a. margin -0.2679531357684356
      no
   (1) can we show that 9 NL 4?
        a. margin 0.08674477371927458
      yes, 52, ags used 50 = 52
   (1) can we show that 1 NL 6?
        a. margin -0.1739949460142426
      no
   (1) can we show that 1 NL 4?
        a. margin 0.049758787043418407
      yes, 53, ags used 53 = 53
      Best assertion(s) require sample: 52

3 ruled out by pairs, sample size 64
STAGE 1 ASN NOW 45
NEW RULE OUT PAIR STAGE ASN 65
------------------------------------------------
Alternate outcome cannot be ruled out: 5,7
Alternate outcome cannot be ruled out: 5,8
Alternate outcome cannot be ruled out: 5,9
Alternate outcome cannot be ruled out: 5,1
Alternate outcome cannot be ruled out: 5,6
Alternate outcome cannot be ruled out: 7,8
Alternate outcome cannot be ruled out: 7,9
Alternate outcome cannot be ruled out: 7,1
Alternate outcome cannot be ruled out: 7,6
Alternate outcome cannot be ruled out: 8,9
Alternate outcome cannot be ruled out: 8,1
Alternate outcome cannot be ruled out: 8,6
Alternate outcome cannot be ruled out: 9,1
Alternate outcome cannot be ruled out: 1,6
Full audit not possible
PARTIAL audit sample size: 65
------------------------------------------------
Final set of assertions generated:
9 NL 10 = 63 [rules out (10, 5), G = {1, 2, 3}, O = set()]
(0, 'AG', 2, 45)
8 NL 4 = 64 [rules out (4, 9), G = {1}, O = set()]
9 NL 10 = 57 [rules out (10, 7), G = {1, 2, 3}, O = set()]
9 NL 10 = 57 [rules out (10, 6), G = {1, 2, 3}, O = set()]
9 NL 4 = 51 [rules out (4, 1), G = {1, 2}, O = set()]
9 NL 10 = 59 [rules out (10, 1), G = {1, 2, 3}, O = set()]
6 NL 10 = 65 [rules out (10, 9), G = {1, 2}, O = set()]
(8, 'AG', 3, 53)
(5, 'AG', 1, 41)
9 NL 4 = 52 [rules out (4, 6), G = {1, 2}, O = set()]
9 NL 4 = 52 [rules out (4, 10), G = {1, 2}, O = set()]
(8, 'AG', 1, 36)
(8, 'AG', 2, 50)
9 NL 10 = 62 [rules out (10, 8), G = {1, 2, 3}, O = set()]
9 NL 4 = 53 [rules out (4, 5), G = {1, 2}, O = set()]
(7, 'AG', 1, 41)
9 NL 4 = 51 [rules out (4, 8), G = {1, 2}, O = set()]
9 NL 4 = 52 [rules out (4, 7), G = {1, 2}, O = set()]
(5, 'AG', 2, 42)
[] are verified winners with these assertions.
[1, 5, 6, 7, 8, 9] remain as potential winners in this audit.
------------------------------------------------
