VALID BALLOTS 6572
Winner 6
Winner 1
Computing AG relationships
5 AG 9 = 1217
8 AG 9 = 574
8 AG 4 = 458
6 AG 9 = 18
6 AG 10 = 20
6 AG 4 = 18
6 AG 3 = 36
6 AG 8 = 26
6 AG 7 = 23
7 AG 4 = 325
2 AG 9 = 52
2 AG 10 = 141
2 AG 4 = 66
2 AG 3 = 158
2 AG 5 = 4962
1 AG 9 = 34
1 AG 10 = 58
1 AG 4 = 39
1 AG 3 = 63
1 AG 5 = 122
1 AG 7 = 249
Ruling out candidates: [(9, 34), (10, 58), (4, 39), (3, 63), (5, 4962), (7, 249)]
STAGE 1 ASN (Ruling out candidates): 4962
ALTERNATE OUTCOME PAIR: 8,6
   (1) can we show that 2 NL 6?
        a. margin -0.21028606208156142
      no
   (1) can we show that 2 NL 8?
        a. margin -0.09860012172855315
      no
   (1) can we show that 1 NL 6?
        a. margin -0.2016129032258096
      no
   (1) can we show that 1 NL 8?
        a. margin -0.08688374923920472
      no

ALTERNATE OUTCOME PAIR: 8,2
   (1) can we show that 6 NL 2?
        a. margin -0.07131263948062516
      no
   (1) can we show that 6 NL 8?
        a. margin 0.17513694461351204
      yes, 21, ags used 23 = 23
   (1) can we show that 1 NL 2?
        a. margin -0.04022114019070955
      no
   (1) can we show that 1 NL 8?
        a. margin 0.0904341651450602
      yes, 50, ags used 39 = 50
      Best assertion(s) require sample: 23

ALTERNATE OUTCOME PAIR: 8,1
   (1) can we show that 6 NL 1?
        a. margin -0.06695069993913616
      no
   (1) can we show that 6 NL 8?
        a. margin 0.17462974234124573
      yes, 21, ags used 23 = 23
   (1) can we show that 2 NL 1?
        a. margin -0.047068370866302556
      no
   (1) can we show that 2 NL 8?
        a. margin 0.04392371677825113
      yes, 103, ags used 52 = 103
      Best assertion(s) require sample: 23

ALTERNATE OUTCOME PAIR: 6,2
   (1) can we show that 8 NL 2?
        a. margin -0.3542300669506998
      no
   (1) can we show that 8 NL 6?
        a. margin -0.3557516737674995
      no
   (1) can we show that 1 NL 2?
        a. margin -0.03225806451613111
      no
   (1) can we show that 1 NL 6?
        a. margin -0.22032866707242793
      no

ALTERNATE OUTCOME PAIR: 2,1
   (1) can we show that 8 NL 1?
        a. margin -0.30640089267599935
      no
   (1) can we show that 8 NL 2?
        a. margin -0.2978291742747011
      no
   (1) can we show that 6 NL 1?
        a. margin 0.04498884155000993
      yes, 80, ags used 36 = 80
   (1) can we show that 6 NL 2?
        a. margin 0.056806654493811726
      yes, 66, ags used 36 = 66
      Best assertion(s) require sample: 66

RULE OUT PAIR STAGE ASN 66
------------------------------------------------
Alternate outcome cannot be ruled out: 8,6
Alternate outcome cannot be ruled out: 6,2
Full audit not possible
PARTIAL audit sample size: 4962
------------------------------------------------
Final set of assertions generated:
(5, 'AG', 2, 36)
(5, 'AG', 6, 23)
(0, 'AG', 6, 249)
(5, 'AG', 9, 20)
(5, 'AG', 7, 26)
(0, 'AG', 4, 122)
(0, 'AG', 9, 58)
(0, 'AG', 8, 34)
(5, 'AG', 8, 18)
6 NL 8 = 23 [rules out (8, 1), G = {8, 9, 3, 6}, O = set()]
6 NL 2 = 66 [rules out (2, 1), G = {2, 3, 6, 7, 8, 9}, O = set()]
(0, 'AG', 2, 63)
6 NL 8 = 23 [rules out (8, 2), G = {8, 9, 3, 6}, O = set()]
(0, 'AG', 3, 39)
(1, 'AG', 4, 4962)
(5, 'AG', 3, 18)
[6] are verified winners with these assertions.
[1, 2, 8] remain as potential winners in this audit.
------------------------------------------------
