VALID BALLOTS 5244
68 ballot checks required to assert that first winner has a quota's worth of votes
AUD TV 0.14095634095634096, ss 108
AG*(4,2) = 312
AG*(4,2) = 312
AG*(5,2) = 83
AG*(5,3) = 137
AG*(5,6) = 98
AG*(7,1) = 27
AG*(7,2) = 16
AG*(7,3) = 18
AG*(7,4) = 32
AG*(7,5) = 37
AG*(7,6) = 17
AG*(7,8) = 26
AG*(7,9) = 20
AG*(8,2) = 177
AG*(8,6) = 79
NL(4,2) = 93, AG*'s used 83
NL(4,6) = 86, AG*'s used 79
NL(4,3) = 258, AG*'s used 137
NL(4,9) NOT POSSIBLE
NL(4,1) NOT POSSIBLE
NL(4,8) NOT POSSIBLE
NL(4,5) NOT POSSIBLE
Max in loop inf, 0.14095634095634096
AUD TV 0.19095634095634095, ss 50
AG*(4,2) = 369
AG*(4,2) = 369
AG*(5,2) = 86
AG*(5,3) = 148
AG*(5,6) = 102
AG*(7,1) = 27
AG*(7,2) = 16
AG*(7,3) = 18
AG*(7,4) = 32
AG*(7,5) = 37
AG*(7,6) = 17
AG*(7,8) = 26
AG*(7,9) = 20
AG*(8,2) = 200
AG*(8,6) = 82
NL(4,2) = 96, AG*'s used 86
NL(4,6) = 89, AG*'s used 82
NL(4,3) = 287, AG*'s used 148
NL(4,9) NOT POSSIBLE
NL(4,1) NOT POSSIBLE
NL(4,8) NOT POSSIBLE
NL(4,5) NOT POSSIBLE
Max in loop inf, 0.19095634095634095
AUD TV 0.24095634095634094, ss 31
AG*(4,2) = 513
AG*(4,2) = 513
AG*(5,2) = 90
AG*(5,3) = 160
AG*(5,6) = 106
AG*(7,1) = 27
AG*(7,2) = 16
AG*(7,3) = 18
AG*(7,4) = 32
AG*(7,5) = 37
AG*(7,6) = 17
AG*(7,8) = 26
AG*(7,9) = 20
AG*(8,2) = 231
AG*(8,6) = 85
NL(4,2) = 99, AG*'s used 90
NL(4,6) = 91, AG*'s used 85
NL(4,3) = 324, AG*'s used 160
NL(4,9) NOT POSSIBLE
NL(4,1) NOT POSSIBLE
NL(4,8) NOT POSSIBLE
NL(4,5) NOT POSSIBLE
Max in loop inf, 0.24095634095634094
AUD TV 0.29095634095634093, ss 22
AG*(4,2) = 736
AG*(4,2) = 736
AG*(5,2) = 95
AG*(5,3) = 175
AG*(5,6) = 110
AG*(7,1) = 27
AG*(7,2) = 16
AG*(7,3) = 18
AG*(7,4) = 32
AG*(7,5) = 37
AG*(7,6) = 17
AG*(7,8) = 26
AG*(7,9) = 20
AG*(8,2) = 272
AG*(8,6) = 88
NL(4,2) = 102, AG*'s used 95
NL(4,6) = 94, AG*'s used 88
NL(4,3) = 371, AG*'s used 175
NL(4,9) NOT POSSIBLE
NL(4,1) NOT POSSIBLE
NL(4,8) NOT POSSIBLE
NL(4,5) NOT POSSIBLE
Max in loop inf, 0.29095634095634093
AUD TV 0.3409563409563409, ss 16
AG*(4,2) = 1128
AG*(4,2) = 1128
AG*(5,2) = 100
AG*(5,3) = 194
AG*(5,6) = 115
AG*(7,1) = 27
AG*(7,2) = 16
AG*(7,3) = 18
AG*(7,4) = 32
AG*(7,5) = 37
AG*(7,6) = 17
AG*(7,8) = 26
AG*(7,9) = 20
AG*(8,2) = 332
AG*(8,6) = 92
NL(4,2) = 106, AG*'s used 100
NL(4,6) = 96, AG*'s used 92
NL(4,3) = 496, AG*'s used 194
NL(4,9) NOT POSSIBLE
NL(4,1) NOT POSSIBLE
NL(4,8) NOT POSSIBLE
NL(4,5) NOT POSSIBLE
Max in loop inf, 0.3409563409563409
AUD TV 0.3909563409563409, ss 12
AG*(4,2) = 2641
AG*(4,2) = 2641
AG*(5,2) = 105
AG*(5,3) = 216
AG*(5,6) = 121
AG*(7,1) = 27
AG*(7,2) = 16
AG*(7,3) = 18
AG*(7,4) = 32
AG*(7,5) = 37
AG*(7,6) = 17
AG*(7,8) = 26
AG*(7,9) = 20
AG*(8,2) = 486
AG*(8,6) = 96
NL(4,2) = 109, AG*'s used 105
NL(4,6) = 99, AG*'s used 96
NL(4,3) = 598, AG*'s used 216
NL(4,9) NOT POSSIBLE
NL(4,1) NOT POSSIBLE
NL(4,8) NOT POSSIBLE
NL(4,5) NOT POSSIBLE
Max in loop inf, 0.3909563409563409
AUD TV 0.4409563409563409, ss 9
AG*(4,2) = 5244
AG*(4,2) = 5244
AG*(5,2) = 111
AG*(5,3) = 245
AG*(5,6) = 126
AG*(7,1) = 27
AG*(7,2) = 16
AG*(7,3) = 18
AG*(7,4) = 32
AG*(7,5) = 37
AG*(7,6) = 17
AG*(7,8) = 26
AG*(7,9) = 20
AG*(8,2) = 759
AG*(8,6) = 101
NL(4,2) = 113, AG*'s used 111
NL(4,6) = 102, AG*'s used 101
NL(4,3) = 845, AG*'s used 245
NL(4,9) NOT POSSIBLE
NL(4,1) NOT POSSIBLE
NL(4,8) NOT POSSIBLE
NL(4,5) NOT POSSIBLE
Max in loop inf, 0.4409563409563409
AUD TV 0.4909563409563409, ss 7
AG*(5,2) = 118
AG*(5,3) = 281
AG*(5,6) = 133
AG*(7,1) = 27
AG*(7,2) = 16
AG*(7,3) = 18
AG*(7,4) = 32
AG*(7,5) = 37
AG*(7,6) = 17
AG*(7,8) = 26
AG*(7,9) = 20
AG*(8,2) = 1530
AG*(8,6) = 105
NL(4,2) = 117, AG*'s used 118
NL(4,6) = 105, AG*'s used 105
NL(4,3) = 1389, AG*'s used 281
NL(4,9) NOT POSSIBLE
NL(4,1) NOT POSSIBLE
NL(4,8) NOT POSSIBLE
NL(4,5) NOT POSSIBLE
Max in loop inf, 0.4909563409563409
AUD TV 0.5409563409563409, ss 6
AG*(5,2) = 126
AG*(5,3) = 332
AG*(5,6) = 140
AG*(7,1) = 27
AG*(7,2) = 16
AG*(7,3) = 18
AG*(7,4) = 32
AG*(7,5) = 37
AG*(7,6) = 17
AG*(7,8) = 26
AG*(7,9) = 20
AG*(8,2) = 5244
AG*(8,6) = 111
NL(4,2) = 122, AG*'s used 126
NL(4,6) = 109, AG*'s used 111
NL(4,3) = 2774, AG*'s used 332
NL(4,9) NOT POSSIBLE
NL(4,1) NOT POSSIBLE
NL(4,8) NOT POSSIBLE
NL(4,5) NOT POSSIBLE
Max in loop inf, 0.5409563409563409
AUD TV 0.590956340956341, ss 4
AG*(5,2) = 134
AG*(5,3) = 460
AG*(5,6) = 148
AG*(7,1) = 27
AG*(7,2) = 16
AG*(7,3) = 18
AG*(7,4) = 32
AG*(7,5) = 37
AG*(7,6) = 17
AG*(7,8) = 26
AG*(7,9) = 20
AG*(8,6) = 117
NL(4,2) = 127, AG*'s used 134
NL(4,6) = 113, AG*'s used 117
NL(4,3) = 2699, AG*'s used 5244
NL(4,9) NOT POSSIBLE
NL(4,1) NOT POSSIBLE
NL(4,8) NOT POSSIBLE
NL(4,5) NOT POSSIBLE
Max in loop inf, 0.590956340956341
AUD TV 0.640956340956341, ss 3
AG*(5,2) = 144
AG*(5,3) = 587
AG*(5,6) = 157
AG*(7,1) = 27
AG*(7,2) = 16
AG*(7,3) = 18
AG*(7,4) = 32
AG*(7,5) = 37
AG*(7,6) = 17
AG*(7,8) = 26
AG*(7,9) = 20
AG*(8,6) = 123
NL(4,2) = 132, AG*'s used 144
NL(4,6) = 116, AG*'s used 123
NL(4,3) = 5244, AG*'s used 5244
NL(4,9) NOT POSSIBLE
NL(4,1) NOT POSSIBLE
NL(4,8) NOT POSSIBLE
NL(4,5) NOT POSSIBLE
Max in loop inf, 0.640956340956341
Sample size to show min tv of 0.04547817047817048 is 130
AUD TV 0.14095634095634096, ss 108
AG*(4,2) = 273
AG*(4,2) = 273
AG*(5,2) = 77
AG*(5,3) = 122
AG*(5,6) = 90
AG*(7,1) = 27
AG*(7,2) = 16
AG*(7,3) = 18
AG*(7,4) = 32
AG*(7,5) = 37
AG*(7,6) = 17
AG*(7,8) = 26
AG*(7,9) = 20
AG*(8,2) = 168
AG*(8,6) = 77
NL(4,2) = 89, AG*'s used 77
NL(4,6) = 83, AG*'s used 77
NL(4,3) = 230, AG*'s used 122
NL(4,9) NOT POSSIBLE
NL(4,1) NOT POSSIBLE
NL(4,8) NOT POSSIBLE
NL(4,5) NOT POSSIBLE
Max in loop inf, 0.14095634095634096
AUD TV 0.19095634095634095, ss 50
AG*(4,2) = 315
AG*(4,2) = 315
AG*(5,2) = 80
AG*(5,3) = 131
AG*(5,6) = 93
AG*(7,1) = 27
AG*(7,2) = 16
AG*(7,3) = 18
AG*(7,4) = 32
AG*(7,5) = 37
AG*(7,6) = 17
AG*(7,8) = 26
AG*(7,9) = 20
AG*(8,2) = 189
AG*(8,6) = 80
NL(4,2) = 92, AG*'s used 80
NL(4,6) = 85, AG*'s used 80
NL(4,3) = 253, AG*'s used 131
NL(4,9) NOT POSSIBLE
NL(4,1) NOT POSSIBLE
NL(4,8) NOT POSSIBLE
NL(4,5) NOT POSSIBLE
Max in loop inf, 0.19095634095634095
AUD TV 0.24095634095634094, ss 31
AG*(4,2) = 372
AG*(4,2) = 372
AG*(5,2) = 84
AG*(5,3) = 140
AG*(5,6) = 97
AG*(7,1) = 27
AG*(7,2) = 16
AG*(7,3) = 18
AG*(7,4) = 32
AG*(7,5) = 37
AG*(7,6) = 17
AG*(7,8) = 26
AG*(7,9) = 20
AG*(8,2) = 217
AG*(8,6) = 83
NL(4,2) = 95, AG*'s used 84
NL(4,6) = 87, AG*'s used 83
NL(4,3) = 282, AG*'s used 140
NL(4,9) NOT POSSIBLE
NL(4,1) NOT POSSIBLE
NL(4,8) NOT POSSIBLE
NL(4,5) NOT POSSIBLE
Max in loop inf, 0.24095634095634094
AUD TV 0.29095634095634093, ss 22
AG*(4,2) = 519
AG*(4,2) = 519
AG*(5,2) = 88
AG*(5,3) = 152
AG*(5,6) = 101
AG*(7,1) = 27
AG*(7,2) = 16
AG*(7,3) = 18
AG*(7,4) = 32
AG*(7,5) = 37
AG*(7,6) = 17
AG*(7,8) = 26
AG*(7,9) = 20
AG*(8,2) = 253
AG*(8,6) = 86
NL(4,2) = 98, AG*'s used 88
NL(4,6) = 90, AG*'s used 86
NL(4,3) = 317, AG*'s used 152
NL(4,9) NOT POSSIBLE
NL(4,1) NOT POSSIBLE
NL(4,8) NOT POSSIBLE
NL(4,5) NOT POSSIBLE
Max in loop inf, 0.29095634095634093
AUD TV 0.3409563409563409, ss 16
AG*(4,2) = 748
AG*(4,2) = 748
AG*(5,2) = 92
AG*(5,3) = 166
AG*(5,6) = 105
AG*(7,1) = 27
AG*(7,2) = 16
AG*(7,3) = 18
AG*(7,4) = 32
AG*(7,5) = 37
AG*(7,6) = 17
AG*(7,8) = 26
AG*(7,9) = 20
AG*(8,2) = 304
AG*(8,6) = 90
NL(4,2) = 101, AG*'s used 92
NL(4,6) = 92, AG*'s used 90
NL(4,3) = 362, AG*'s used 166
NL(4,9) NOT POSSIBLE
NL(4,1) NOT POSSIBLE
NL(4,8) NOT POSSIBLE
NL(4,5) NOT POSSIBLE
Max in loop inf, 0.3409563409563409
AUD TV 0.3909563409563409, ss 12
AG*(4,2) = 1153
AG*(4,2) = 1153
AG*(5,2) = 96
AG*(5,3) = 182
AG*(5,6) = 109
AG*(7,1) = 27
AG*(7,2) = 16
AG*(7,3) = 18
AG*(7,4) = 32
AG*(7,5) = 37
AG*(7,6) = 17
AG*(7,8) = 26
AG*(7,9) = 20
AG*(8,2) = 381
AG*(8,6) = 94
NL(4,2) = 104, AG*'s used 96
NL(4,6) = 95, AG*'s used 94
NL(4,3) = 482, AG*'s used 182
NL(4,9) NOT POSSIBLE
NL(4,1) NOT POSSIBLE
NL(4,8) NOT POSSIBLE
NL(4,5) NOT POSSIBLE
Max in loop inf, 0.3909563409563409
AUD TV 0.4409563409563409, ss 9
AG*(4,2) = 2736
AG*(4,2) = 2736
AG*(5,2) = 101
AG*(5,3) = 201
AG*(5,6) = 114
AG*(7,1) = 27
AG*(7,2) = 16
AG*(7,3) = 18
AG*(7,4) = 32
AG*(7,5) = 37
AG*(7,6) = 17
AG*(7,8) = 26
AG*(7,9) = 20
AG*(8,2) = 582
AG*(8,6) = 98
NL(4,2) = 108, AG*'s used 101
NL(4,6) = 98, AG*'s used 98
NL(4,3) = 578, AG*'s used 201
NL(4,9) NOT POSSIBLE
NL(4,1) NOT POSSIBLE
NL(4,8) NOT POSSIBLE
NL(4,5) NOT POSSIBLE
Max in loop inf, 0.4409563409563409
AUD TV 0.4909563409563409, ss 7
AG*(4,2) = 5244
AG*(4,2) = 5244
AG*(5,2) = 107
AG*(5,3) = 226
AG*(5,6) = 119
AG*(7,1) = 27
AG*(7,2) = 16
AG*(7,3) = 18
AG*(7,4) = 32
AG*(7,5) = 37
AG*(7,6) = 17
AG*(7,8) = 26
AG*(7,9) = 20
AG*(8,2) = 1085
AG*(8,6) = 102
NL(4,2) = 111, AG*'s used 107
NL(4,6) = 101, AG*'s used 102
NL(4,3) = 809, AG*'s used 226
NL(4,9) NOT POSSIBLE
NL(4,1) NOT POSSIBLE
NL(4,8) NOT POSSIBLE
NL(4,5) NOT POSSIBLE
Max in loop inf, 0.4909563409563409
AUD TV 0.5409563409563409, ss 6
AG*(5,2) = 113
AG*(5,3) = 257
AG*(5,6) = 125
AG*(7,1) = 27
AG*(7,2) = 16
AG*(7,3) = 18
AG*(7,4) = 32
AG*(7,5) = 37
AG*(7,6) = 17
AG*(7,8) = 26
AG*(7,9) = 20
AG*(8,2) = 3137
AG*(8,6) = 107
NL(4,2) = 115, AG*'s used 113
NL(4,6) = 104, AG*'s used 107
NL(4,3) = 1189, AG*'s used 257
NL(4,9) NOT POSSIBLE
NL(4,1) NOT POSSIBLE
NL(4,8) NOT POSSIBLE
NL(4,5) NOT POSSIBLE
Max in loop inf, 0.5409563409563409
AUD TV 0.590956340956341, ss 4
AG*(5,2) = 120
AG*(5,3) = 298
AG*(5,6) = 131
AG*(7,1) = 27
AG*(7,2) = 16
AG*(7,3) = 18
AG*(7,4) = 32
AG*(7,5) = 37
AG*(7,6) = 17
AG*(7,8) = 26
AG*(7,9) = 20
AG*(8,6) = 113
NL(4,2) = 120, AG*'s used 120
NL(4,6) = 107, AG*'s used 113
NL(4,3) = 2414, AG*'s used 298
NL(4,9) NOT POSSIBLE
NL(4,1) NOT POSSIBLE
NL(4,8) NOT POSSIBLE
NL(4,5) NOT POSSIBLE
Max in loop inf, 0.590956340956341
AUD TV 0.640956340956341, ss 3
AG*(5,2) = 128
AG*(5,3) = 355
AG*(5,6) = 138
AG*(7,1) = 27
AG*(7,2) = 16
AG*(7,3) = 18
AG*(7,4) = 32
AG*(7,5) = 37
AG*(7,6) = 17
AG*(7,8) = 26
AG*(7,9) = 20
AG*(8,6) = 119
NL(4,2) = 124, AG*'s used 128
NL(4,6) = 110, AG*'s used 119
NL(4,3) = 2280, AG*'s used 5244
NL(4,9) NOT POSSIBLE
NL(4,1) NOT POSSIBLE
NL(4,8) NOT POSSIBLE
NL(4,5) NOT POSSIBLE
Max in loop inf, 0.640956340956341
New mintv = 0.09547817047817048
Sample size required for audit is inf ballots
------------------------------------------------
Assertion set BEFORE filtering:
(4, 'AG', 5, 138)
(7, 'AG', 1, 3137)
(4, 'AG', 1, 128)
(6, 'LT', None, (0.04547817047817048, 130))
(6, 'MT', None, (0.640956340956341, 3))
(4, 'AG', 2, 355)
(3, 'AG*', 1, 5244)
(3, 'NL', 2, 5244)
(3, 'NL', 5, 119)
(6, 'QT', None, 68)
(3, 'NL', 1, 128)
(7, 'AG', 5, 119)
------------------------------------------------
Final set of assertions AFTER filtering:
(4, 'AG', 5, 138)
(7, 'AG', 1, 3137)
(4, 'AG', 1, 128)
(6, 'LT', None, (0.04547817047817048, 130))
(6, 'MT', None, (0.640956340956341, 3))
(4, 'AG', 2, 355)
(3, 'AG*', 1, 5244)
(3, 'NL', 2, 5244)
(3, 'NL', 5, 119)
(6, 'QT', None, 68)
(3, 'NL', 1, 128)
(7, 'AG', 5, 119)
------------------------------------------------
Explanations for AG* inclusion:
   Explanation for (4, 'AG', 5, 138): []
   Explanation for (7, 'AG', 1, 3137): []
   Explanation for (4, 'AG', 1, 128): []
   Explanation for (4, 'AG', 2, 355): []
   Explanation for (3, 'AG*', 1, 5244): []
   Explanation for (7, 'AG', 5, 119): []
------------------------------------------------
