VALID BALLOTS 4427
Winner 6
Winner 4
Computing AG relationships
5 AG 1 = 145
7 AG 1 = 41
7 AG 2 = 154
6 AG 1 = 54
6 AG 2 = 77
4 AG 1 = 27
4 AG 2 = 41
Ruling out candidates: [(1, 41), (2, 77)]
STAGE 1 ASN (Ruling out candidates): 77
ALTERNATE OUTCOME PAIR: 5,3
   (1) can we show that 7 NL 3?
        a. margin -0.028461712220465785
      no
   (1) can we show that 7 NL 5?
        a. margin -0.10639259091935871
      no
   (1) can we show that 6 NL 3?
        a. margin 0.006174233867931367
      yes, 904, ags used 77 = 904
   (1) can we show that 6 NL 5?
        a. margin -0.11836458098034797
      no
   (1) can we show that 4 NL 3?
        a. margin 0.004291845493562985
      yes, 342, ags used 41 = 342
   (1) can we show that 4 NL 5?
        a. margin -0.06535652435810568
      no
      Best assertion(s) require sample: 342

ALTERNATE OUTCOME PAIR: 5,7
   (1) can we show that 3 NL 7?
        a. margin -0.37271289812513964
      no
   (1) can we show that 3 NL 5?
        a. margin -0.2794970258263658
      no
   (1) can we show that 6 NL 7?
        a. margin -0.18643174459754575
      no
   (1) can we show that 6 NL 5?
        a. margin -0.11075973194789379
      no
   (1) can we show that 4 NL 7?
        a. margin -0.13349898351027656
      no
   (1) can we show that 4 NL 5?
        a. margin -0.05925758602514786
      no

ALTERNATE OUTCOME PAIR: 5,6
   (1) can we show that 3 NL 6?
        a. margin -0.36571041337248544
      no
   (1) can we show that 3 NL 5?
        a. margin -0.2837135757849537
      no
   (1) can we show that 7 NL 6?
        a. margin -0.19817784805361116
      no
   (1) can we show that 7 NL 5?
        a. margin -0.10300429184549464
      no
   (1) can we show that 4 NL 6?
        a. margin -0.12627061215269797
      no
   (1) can we show that 4 NL 5?
        a. margin -0.058730517280322414
      no

ALTERNATE OUTCOME PAIR: 5,4
   (1) can we show that 3 NL 4?
        a. margin -0.3099917174911535
      no
   (1) can we show that 3 NL 5?
        a. margin -0.2688803553949254
      no
   (1) can we show that 7 NL 4?
        a. margin -0.15925005647165102
      no
   (1) can we show that 7 NL 5?
        a. margin -0.09961599277162891
      no
   (1) can we show that 6 NL 4?
        a. margin -0.15616293953768534
      no
   (1) can we show that 6 NL 5?
        a. margin -0.10420902040509028
      no

ALTERNATE OUTCOME PAIR: 3,7
   (1) can we show that 5 NL 7?
        a. margin -0.30825992018673276
      no
   (1) can we show that 5 NL 3?
        a. margin -0.10428431594006382
      no
   (1) can we show that 6 NL 7?
        a. margin -0.1858293803177471
      no
   (1) can we show that 6 NL 3?
        a. margin 0.007454257962503652
      yes, 755, ags used 77 = 755
   (1) can we show that 4 NL 7?
        a. margin -0.13410134779007588
      no
   (1) can we show that 4 NL 3?
        a. margin 0.005797756193057113
      yes, 308, ags used 41 = 308
      Best assertion(s) require sample: 308

ALTERNATE OUTCOME PAIR: 3,6
   (1) can we show that 5 NL 6?
        a. margin -0.2966644078006174
      no
   (1) can we show that 5 NL 3?
        a. margin -0.09683005797756017
      no
   (1) can we show that 7 NL 6?
        a. margin -0.19780137037873669
      no
   (1) can we show that 7 NL 3?
        a. margin -0.02138393193283583
      no
   (1) can we show that 4 NL 6?
        a. margin -0.1246894059182293
      no
   (1) can we show that 4 NL 3?
        a. margin 0.011444921316168255
      yes, 223, ags used 41 = 223
      Best assertion(s) require sample: 223

ALTERNATE OUTCOME PAIR: 3,4
   (1) can we show that 5 NL 4?
        a. margin -0.2745275205180332
      no
   (1) can we show that 5 NL 3?
        a. margin -0.10797379715382882
      no
   (1) can we show that 7 NL 4?
        a. margin -0.16233717340561704
      no
   (1) can we show that 7 NL 3?
        a. margin -0.03079587380468307
      no
   (1) can we show that 6 NL 4?
        a. margin -0.15992771628642422
      no
   (1) can we show that 6 NL 3?
        a. margin 0.0015059106994956828
      yes, 4427, ags used 77 = 4427
      Best assertion(s) require sample: 4427

ALTERNATE OUTCOME PAIR: 7,6
   (1) can we show that 5 NL 6?
        a. margin -0.2904148783977091
      no
   (1) can we show that 5 NL 7?
        a. margin -0.29410435961147297
      no
   (1) can we show that 3 NL 6?
        a. margin -0.3553196295459654
      no
   (1) can we show that 3 NL 7?
        a. margin -0.3629244785784178
      no
   (1) can we show that 4 NL 6?
        a. margin -0.12032226488969
      no
   (1) can we show that 4 NL 7?
        a. margin -0.12258113093893264
      no

ALTERNATE OUTCOME PAIR: 7,4
   (1) can we show that 5 NL 4?
        a. margin -0.25886604924327794
      no
   (1) can we show that 5 NL 7?
        a. margin -0.2849935998795279
      no
   (1) can we show that 3 NL 4?
        a. margin -0.2957608613809174
      no
   (1) can we show that 3 NL 7?
        a. margin -0.3448535501844735
      no
   (1) can we show that 6 NL 4?
        a. margin -0.14494390482644204
      no
   (1) can we show that 6 NL 7?
        a. margin -0.1619606957307438
      no

RULE OUT PAIR STAGE ASN 4427
------------------------------------------------
EXAMINING WAYS TO REDUCE COST OF AUDIT
------------------------------------------------
Alternate outcome cannot be ruled out: 5,7
Alternate outcome cannot be ruled out: 5,6
Alternate outcome cannot be ruled out: 5,4
Alternate outcome cannot be ruled out: 7,6
Alternate outcome cannot be ruled out: 7,4
Full audit not possible
PARTIAL audit sample size: 4427
------------------------------------------------
Final set of assertions generated:
(3, 'AG', 0, 27)
(5, 'AG', 0, 54)
4 NL 3 = 223 [rules out (3, 6), G = {0, 1}, O = set()]
4 NL 3 = 308 [rules out (3, 7), G = {0, 1}, O = set()]
(6, 'AG', 0, 41)
6 NL 3 = 4427 [rules out (3, 4), G = {0, 1}, O = set()]
(5, 'AG', 1, 77)
(3, 'AG', 1, 41)
4 NL 3 = 342 [rules out (5, 3), G = {0, 1}, O = set()]

[] are verified winners with these assertions.
[4, 5, 6, 7] remain as potential winners in this audit.
------------------------------------------------
