VALID BALLOTS 2807
Winner 4
Winner 3
Computing AG relationships
2 AG 5 = 1295
4 AG 6 = 918
3 AG 5 = 187
3 AG 6 = 264
Ruling out candidates: [(5, 1295), (6, 918)]
STAGE 1 ASN (Ruling out candidates): 1295
ALTERNATE OUTCOME PAIR: 7,1
   (1) can we show that 8 NL 1?
        a. margin -0.14986343664647983
      no
   (1) can we show that 8 NL 7?
        a. margin -0.09666310414440082
      no
   (1) can we show that 2 NL 1?
        a. margin -0.11708823180144923
      no
   (1) can we show that 2 NL 7?
        a. margin -0.05795036218976368
      no
   (1) can we show that 4 NL 1?
        a. margin -0.11506946918418304
      no
   (1) can we show that 4 NL 7?
        a. margin -0.02576891105569401
      no
   (1) can we show that 3 NL 1?
        a. margin -0.09274432965206092
      no
   (1) can we show that 3 NL 7?
        a. margin -0.04441277757985995
      no

ALTERNATE OUTCOME PAIR: 7,8
   (1) can we show that 1 NL 8?
        a. margin -0.19344495903099312
      no
   (1) can we show that 1 NL 7?
        a. margin -0.12955705973162202
      no
   (1) can we show that 2 NL 8?
        a. margin -0.1358508490678061
      no
   (1) can we show that 2 NL 7?
        a. margin -0.04797529984562188
      no
   (1) can we show that 4 NL 8?
        a. margin -0.09226932668329091
      no
   (1) can we show that 4 NL 7?
        a. margin -0.021137632110199478
      no
   (1) can we show that 3 NL 8?
        a. margin -0.09796936230851383
      no
   (1) can we show that 3 NL 7?
        a. margin -0.036456477852985225
      no

ALTERNATE OUTCOME PAIR: 7,2
   (1) can we show that 1 NL 2?
        a. margin -0.16399477496734405
      no
   (1) can we show that 1 NL 7?
        a. margin -0.12884455527847094
      no
   (1) can we show that 8 NL 2?
        a. margin -0.11993824961406085
      no
   (1) can we show that 8 NL 7?
        a. margin -0.07825673910461883
      no
   (1) can we show that 4 NL 2?
        a. margin -0.09215057594110021
      no
   (1) can we show that 4 NL 7?
        a. margin -0.019475121719510158
      no
   (1) can we show that 3 NL 2?
        a. margin -0.08348177176107419
      no
   (1) can we show that 3 NL 7?
        a. margin -0.037287733048330995
      no

ALTERNATE OUTCOME PAIR: 7,4
   (1) can we show that 1 NL 4?
        a. margin -0.3024581403633777
      no
   (1) can we show that 1 NL 7?
        a. margin -0.12872580453627958
      no
   (1) can we show that 8 NL 4?
        a. margin -0.2383327395796221
      no
   (1) can we show that 8 NL 7?
        a. margin -0.09155682223014028
      no
   (1) can we show that 2 NL 4?
        a. margin -0.21683885524284574
      no
   (1) can we show that 2 NL 7?
        a. margin -0.04809405058781535
      no
   (1) can we show that 3 NL 4?
        a. margin -0.18168863555397285
      no
   (1) can we show that 3 NL 7?
        a. margin -0.03657522859517903
      no

ALTERNATE OUTCOME PAIR: 7,3
   (1) can we show that 1 NL 3?
        a. margin -0.27110794442465314
      no
   (1) can we show that 1 NL 7?
        a. margin -0.13371333570834876
      no
   (1) can we show that 8 NL 3?
        a. margin -0.23857024106400626
      no
   (1) can we show that 8 NL 7?
        a. margin -0.09238807742548316
      no
   (1) can we show that 2 NL 3?
        a. margin -0.20033250207813857
      no
   (1) can we show that 2 NL 7?
        a. margin -0.053081581759886975
      no
   (1) can we show that 4 NL 3?
        a. margin -0.18798242489015604
      no
   (1) can we show that 4 NL 7?
        a. margin -0.023868899180620184
      no

ALTERNATE OUTCOME PAIR: 1,8
   (1) can we show that 7 NL 8?
        a. margin -0.20722004512528214
      no
   (1) can we show that 7 NL 1?
        a. margin -0.25424533903337
      no
   (1) can we show that 2 NL 8?
        a. margin -0.1365633535209596
      no
   (1) can we show that 2 NL 1?
        a. margin -0.10426315164469502
      no
   (1) can we show that 4 NL 8?
        a. margin -0.09393183707398178
      no
   (1) can we show that 4 NL 1?
        a. margin -0.10889443059018988
      no
   (1) can we show that 3 NL 8?
        a. margin -0.10153188457427864
      no
   (1) can we show that 3 NL 1?
        a. margin -0.08490678066737778
      no

ALTERNATE OUTCOME PAIR: 1,2
   (1) can we show that 7 NL 2?
        a. margin -0.19237620235126474
      no
   (1) can we show that 7 NL 1?
        a. margin -0.24593278707991928
      no
   (1) can we show that 8 NL 2?
        a. margin -0.11696948105925653
      no
   (1) can we show that 8 NL 1?
        a. margin -0.1276570478565493
      no
   (1) can we show that 4 NL 2?
        a. margin -0.09013181332383324
      no
   (1) can we show that 4 NL 1?
        a. margin -0.09761311008193796
      no
   (1) can we show that 3 NL 2?
        a. margin -0.08146300914380711
      no
   (1) can we show that 3 NL 1?
        a. margin -0.0802755017218858
      no

ALTERNATE OUTCOME PAIR: 1,4
   (1) can we show that 7 NL 4?
        a. margin -0.3531647072794204
      no
   (1) can we show that 7 NL 1?
        a. margin -0.25460159125994486
      no
   (1) can we show that 8 NL 4?
        a. margin -0.23358270989193675
      no
   (1) can we show that 8 NL 1?
        a. margin -0.14012587578672286
      no
   (1) can we show that 2 NL 4?
        a. margin -0.21422633891461806
      no
   (1) can we show that 2 NL 1?
        a. margin -0.10533190832442896
      no
   (1) can we show that 3 NL 4?
        a. margin -0.18240114000712493
      no
   (1) can we show that 3 NL 1?
        a. margin -0.08585678660491747
      no

ALTERNATE OUTCOME PAIR: 1,3
   (1) can we show that 7 NL 3?
        a. margin -0.3474646716541978
      no
   (1) can we show that 7 NL 1?
        a. margin -0.2519890749317182
      no
   (1) can we show that 8 NL 3?
        a. margin -0.22930768317301997
      no
   (1) can we show that 8 NL 1?
        a. margin -0.1390571191069946
      no
   (1) can we show that 2 NL 3?
        a. margin -0.19249495309345677
      no
   (1) can we show that 2 NL 1?
        a. margin -0.10592566203538922
      no
   (1) can we show that 4 NL 3?
        a. margin -0.1806198788742429
      no
   (1) can we show that 4 NL 1?
        a. margin -0.10675691723073266
      no

ALTERNATE OUTCOME PAIR: 8,2
   (1) can we show that 7 NL 2?
        a. margin -0.20080750504690648
      no
   (1) can we show that 7 NL 8?
        a. margin -0.21197007481296737
      no
   (1) can we show that 1 NL 2?
        a. margin -0.16993231207695048
      no
   (1) can we show that 1 NL 8?
        a. margin -0.1991449946562167
      no
   (1) can we show that 4 NL 2?
        a. margin -0.09701935637097703
      no
   (1) can we show that 4 NL 8?
        a. margin -0.09701935637097725
      no
   (1) can we show that 3 NL 2?
        a. margin -0.0897755610972567
      no
   (1) can we show that 3 NL 8?
        a. margin -0.10366939793373697
      no

ALTERNATE OUTCOME PAIR: 8,4
   (1) can we show that 7 NL 4?
        a. margin -0.3452084075525482
      no
   (1) can we show that 7 NL 8?
        a. margin -0.20033250207813913
      no
   (1) can we show that 1 NL 4?
        a. margin -0.2904643154019724
      no
   (1) can we show that 1 NL 8?
        a. margin -0.18762617266358028
      no
   (1) can we show that 2 NL 4?
        a. margin -0.20128250801567216
      no
   (1) can we show that 2 NL 8?
        a. margin -0.12753829711435605
      no
   (1) can we show that 3 NL 4?
        a. margin -0.17040731504571693
      no
   (1) can we show that 3 NL 8?
        a. margin -0.09357558484740391
      no

ALTERNATE OUTCOME PAIR: 8,3
   (1) can we show that 7 NL 3?
        a. margin -0.34817717610735166
      no
   (1) can we show that 7 NL 8?
        a. margin -0.2037762736017107
      no
   (1) can we show that 1 NL 3?
        a. margin -0.2644579028618933
      no
   (1) can we show that 1 NL 8?
        a. margin -0.1929699560622261
      no
   (1) can we show that 2 NL 3?
        a. margin -0.18715116969480772
      no
   (1) can we show that 2 NL 8?
        a. margin -0.13276332977081218
      no
   (1) can we show that 4 NL 3?
        a. margin -0.18216363852273998
      no
   (1) can we show that 4 NL 8?
        a. margin -0.09203182519890774
      no

ALTERNATE OUTCOME PAIR: 2,4
   (1) can we show that 7 NL 4?
        a. margin -0.34318964493528126
      no
   (1) can we show that 7 NL 2?
        a. margin -0.19344495903099346
      no
   (1) can we show that 1 NL 4?
        a. margin -0.2961643510271935
      no
   (1) can we show that 1 NL 2?
        a. margin -0.16328227051419153
      no
   (1) can we show that 8 NL 4?
        a. margin -0.21802636266476694
      no
   (1) can we show that 8 NL 2?
        a. margin -0.11803823773898547
      no
   (1) can we show that 3 NL 4?
        a. margin -0.17741360883505475
      no
   (1) can we show that 3 NL 2?
        a. margin -0.08419427621422704
      no

ALTERNATE OUTCOME PAIR: 2,3
   (1) can we show that 7 NL 3?
        a. margin -0.3366583541147137
      no
   (1) can we show that 7 NL 2?
        a. margin -0.19071369196057497
      no
   (1) can we show that 1 NL 3?
        a. margin -0.25780786129913225
      no
   (1) can we show that 1 NL 2?
        a. margin -0.16150100938130818
      no
   (1) can we show that 8 NL 3?
        a. margin -0.21458259114119516
      no
   (1) can we show that 8 NL 2?
        a. margin -0.1150694691841826
      no
   (1) can we show that 4 NL 3?
        a. margin -0.16910105688160548
      no
   (1) can we show that 4 NL 2?
        a. margin -0.08989431183944907
      no

RULE OUT PAIR STAGE ASN 0
------------------------------------------------
Alternate outcome cannot be ruled out: 7,1
Alternate outcome cannot be ruled out: 7,8
Alternate outcome cannot be ruled out: 7,2
Alternate outcome cannot be ruled out: 7,4
Alternate outcome cannot be ruled out: 7,3
Alternate outcome cannot be ruled out: 1,8
Alternate outcome cannot be ruled out: 1,2
Alternate outcome cannot be ruled out: 1,4
Alternate outcome cannot be ruled out: 1,3
Alternate outcome cannot be ruled out: 8,2
Alternate outcome cannot be ruled out: 8,4
Alternate outcome cannot be ruled out: 8,3
Alternate outcome cannot be ruled out: 2,4
Alternate outcome cannot be ruled out: 2,3
Full audit not possible
PARTIAL audit sample size: 1295
------------------------------------------------
Final set of assertions generated:
(1, 'AG', 4, 1295)
(2, 'AG', 4, 187)
(2, 'AG', 5, 264)
(3, 'AG', 5, 918)
[] are verified winners with these assertions.
[1, 2, 3, 4, 7, 8] remain as potential winners in this audit.
------------------------------------------------
