VALID BALLOTS 3242
Winner 2
Winner 7
Computing AG relationships
2 AG 6 = 22
2 AG 1 = 40
2 AG 5 = 28
2 AG 4 = 59
3 AG 6 = 51
3 AG 1 = 922
3 AG 5 = 109
7 AG 6 = 35
7 AG 1 = 103
7 AG 5 = 51
Ruling out candidates: [(6, 35), (1, 103), (5, 51)]
STAGE 1 ASN (Ruling out candidates): 103
ALTERNATE OUTCOME PAIR: 4,2
   (1) can we show that 3 NL 2?
        a. margin -0.2881965864692584
      no
   (1) can we show that 3 NL 4?
        a. margin -0.03691137158132818
      no
   (1) can we show that 7 NL 2?
        a. margin -0.1986428130783463
      no
   (1) can we show that 7 NL 4?
        a. margin 0.005038042360682615
      yes, 304, ags used 103 = 304
      Best assertion(s) require sample: 304

ALTERNATE OUTCOME PAIR: 4,3
   (1) can we show that 2 NL 3?
        a. margin 0.006169031462061048
      yes, 187, ags used 40 = 187
   (1) can we show that 2 NL 4?
        a. margin 0.09017067653711908
      yes, 34, ags used 40 = 40
   (1) can we show that 7 NL 3?
        a. margin -0.05469874563026955
      no
   (1) can we show that 7 NL 4?
        a. margin 0.09592843923503946
      yes, 47, ags used 59 = 59
      Best assertion(s) require sample: 40

ALTERNATE OUTCOME PAIR: 4,7
   (1) can we show that 2 NL 7?
        a. margin -0.04102405922270147
      no
   (1) can we show that 2 NL 4?
        a. margin 0.086366440468848
      yes, 35, ags used 40 = 40
   (1) can we show that 3 NL 7?
        a. margin -0.21920625128521343
      no
   (1) can we show that 3 NL 4?
        a. margin 0.0910960312564284
      yes, 50, ags used 59 = 59
      Best assertion(s) require sample: 40

ALTERNATE OUTCOME PAIR: 2,3
   (1) can we show that 4 NL 3?
        a. margin -0.2809993830968538
      no
   (1) can we show that 4 NL 2?
        a. margin -0.4840633353896774
      no
   (1) can we show that 7 NL 3?
        a. margin -0.041024059222702025
      no
   (1) can we show that 7 NL 2?
        a. margin -0.185379395434917
      no

ALTERNATE OUTCOME PAIR: 3,7
   (1) can we show that 4 NL 7?
        a. margin -0.4102405922270206
      no
   (1) can we show that 4 NL 3?
        a. margin -0.28079374871478413
      no
   (1) can we show that 2 NL 7?
        a. margin 0.0357803824799523
      yes, 126, ags used 59 = 126
   (1) can we show that 2 NL 3?
        a. margin 0.016347933374461388
      yes, 50, ags used 59 = 59
      Best assertion(s) require sample: 59

RULE OUT PAIR STAGE ASN 304
------------------------------------------------
EXAMINING WAYS TO REDUCE COST OF AUDIT
------------------------------------------------
Alternate outcome cannot be ruled out: 2,3
Full audit not possible
PARTIAL audit sample size: 304
------------------------------------------------
Final set of assertions generated:
(6, 'AG', 0, 103)
(6, 'AG', 4, 51)
7 NL 4 = 304 [rules out (4, 2), G = {0, 4, 5}, O = set()]
(1, 'AG', 4, 28)
2 NL 4 = 40 [rules out (4, 7), G = {0, 4, 5}, O = set()]
2 NL 4 = 40 [rules out (4, 3), G = {0, 4, 5}, O = set()]
(1, 'AG', 3, 59)
2 NL 3 = 59 [rules out (3, 7), G = {0, 3, 4, 5}, O = set()]
(1, 'AG', 0, 40)
(6, 'AG', 5, 35)
(1, 'AG', 5, 22)
[2] are verified winners with these assertions.
[3, 7] remain as potential winners in this audit.
------------------------------------------------
