VALID BALLOTS 3486
Winner 4
Winner 1
Computing AG relationships
4 AG 2 = 66
4 AG 3 = 40
4 AG 6 = 41
7 AG 3 = 512
1 AG 5 = 201
Ruling out candidates: [(3, 512)]
STAGE 1 ASN (Ruling out candidates): 512
ALTERNATE OUTCOME PAIR: 2,5
   (1) can we show that 6 NL 5?
        a. margin -0.03480589022757685
      no
   (1) can we show that 6 NL 2?
        a. margin -0.048670873972079365
      no
   (1) can we show that 4 NL 5?
        a. margin 0.0434117422069229
      yes, 104, ags used 41 = 104
   (1) can we show that 4 NL 2?
        a. margin 0.07860011474469375
      yes, 29, ags used 41 = 41
   (1) can we show that 7 NL 5?
        a. margin 0.08844903423216688
      yes, 51, ags used 201 = 201
   (1) can we show that 7 NL 2?
        a. margin 0.007267163893669659
      yes, 51, ags used 66 = 66
   (1) can we show that 1 NL 5?
        a. margin 0.024765729585006335
      yes, 182, ags used 0 = 182
   (1) can we show that 1 NL 2?
        a. margin 0.09514247466054737
      yes, 48, ags used 66 = 66
      Best assertion(s) require sample: 41

ALTERNATE OUTCOME PAIR: 2,6
   (1) can we show that 5 NL 6?
        a. margin -0.06703002486135001
      no
   (1) can we show that 5 NL 2?
        a. margin -0.024478867852361308
      no
   (1) can we show that 4 NL 6?
        a. margin 0.11225855804169083
      yes, 32, ags used 40 = 40
   (1) can we show that 4 NL 2?
        a. margin 0.07611397972843803
      yes, 44, ags used 40 = 44
   (1) can we show that 7 NL 6?
        a. margin 0.07267163893669926
      yes, 62, ags used 41 = 62
   (1) can we show that 7 NL 2?
        a. margin 0.004589787722317773
      yes, 53, ags used 66 = 66
   (1) can we show that 1 NL 6?
        a. margin 0.05565117613310355
      yes, 81, ags used 41 = 81
   (1) can we show that 1 NL 2?
        a. margin 0.10145343277873442
      yes, 45, ags used 66 = 66
      Best assertion(s) require sample: 40

ALTERNATE OUTCOME PAIR: 2,4
   (1) can we show that 5 NL 4?
        a. margin -0.44635685599541
      no
   (1) can we show that 5 NL 2?
        a. margin -0.14467393383056104
      no
   (1) can we show that 6 NL 4?
        a. margin -0.4544846050870148
      no
   (1) can we show that 6 NL 2?
        a. margin -0.18320902658252036
      no
   (1) can we show that 7 NL 4?
        a. margin -0.23331420921782342
      no
   (1) can we show that 7 NL 2?
        a. margin 0.014725568942436373
      yes, 302, ags used 0 = 302
   (1) can we show that 1 NL 4?
        a. margin -0.24000764964620447
      no
   (1) can we show that 1 NL 2?
        a. margin 0.04924459743736831
      yes, 92, ags used 201 = 201
      Best assertion(s) require sample: 201

ALTERNATE OUTCOME PAIR: 2,7
   (1) can we show that 5 NL 7?
        a. margin -0.378083763625932
      no
   (1) can we show that 5 NL 2?
        a. margin -0.019315356664751926
      no
   (1) can we show that 6 NL 7?
        a. margin -0.3842991011665712
      no
   (1) can we show that 6 NL 2?
        a. margin -0.045324153757886565
      no
   (1) can we show that 4 NL 7?
        a. margin -0.00784088735895938
      no
   (1) can we show that 4 NL 2?
        a. margin 0.0832855230445606
      yes, 28, ags used 41 = 41
   (1) can we show that 1 NL 7?
        a. margin -0.18053165041116892
      no
   (1) can we show that 1 NL 2?
        a. margin 0.10652132338879516
      yes, 42, ags used 66 = 66
      Best assertion(s) require sample: 41

ALTERNATE OUTCOME PAIR: 2,1
   (1) can we show that 5 NL 1?
        a. margin -0.22767259514247462
      no
   (1) can we show that 5 NL 2?
        a. margin -0.029259896729776247
      no
   (1) can we show that 6 NL 1?
        a. margin -0.2863836297571237
      no
   (1) can we show that 6 NL 2?
        a. margin -0.03930005737234654
      no
   (1) can we show that 4 NL 1?
        a. margin 0.01702046280359526
      yes, 263, ags used 41 = 263
   (1) can we show that 4 NL 2?
        a. margin 0.08797093134442546
      yes, 39, ags used 40 = 40
   (1) can we show that 7 NL 1?
        a. margin -0.12401988908012995
      no
   (1) can we show that 7 NL 2?
        a. margin 0.01721170395869187
      yes, 47, ags used 66 = 66
      Best assertion(s) require sample: 40

ALTERNATE OUTCOME PAIR: 5,6
   (1) can we show that 2 NL 6?
        a. margin -0.1126410403518836
      no
   (1) can we show that 2 NL 5?
        a. margin -0.11158921399885269
      no
   (1) can we show that 4 NL 6?
        a. margin 0.11168483457640122
      yes, 32, ags used 40 = 40
   (1) can we show that 4 NL 5?
        a. margin 0.002868617326448941
      yes, 22, ags used 201 = 201
   (1) can we show that 7 NL 6?
        a. margin 0.07257601835915062
      yes, 62, ags used 41 = 62
   (1) can we show that 7 NL 5?
        a. margin 0.08806655192197343
      yes, 51, ags used 201 = 201
   (1) can we show that 1 NL 6?
        a. margin 0.05431248804742794
      yes, 83, ags used 41 = 83
   (1) can we show that 1 NL 5?
        a. margin 0.024956970740103612
      yes, 181, ags used 0 = 181
      Best assertion(s) require sample: 40

ALTERNATE OUTCOME PAIR: 5,4
   (1) can we show that 2 NL 4?
        a. margin -0.5119525721935365
      no
   (1) can we show that 2 NL 5?
        a. margin -0.10298336201950664
      no
   (1) can we show that 6 NL 4?
        a. margin -0.44635685599541
      no
   (1) can we show that 6 NL 5?
        a. margin -0.02696500286861725
      no
   (1) can we show that 7 NL 4?
        a. margin -0.22891566265060215
      no
   (1) can we show that 7 NL 5?
        a. margin 0.09323006310958148
      yes, 49, ags used 201 = 201
   (1) can we show that 1 NL 4?
        a. margin -0.31162746222987203
      no
   (1) can we show that 1 NL 5?
        a. margin 0.03557085484796518
      yes, 127, ags used 0 = 127
      Best assertion(s) require sample: 127

ALTERNATE OUTCOME PAIR: 5,7
   (1) can we show that 2 NL 7?
        a. margin -0.43383056033658485
      no
   (1) can we show that 2 NL 5?
        a. margin -0.10432205010518181
      no
   (1) can we show that 6 NL 7?
        a. margin -0.37789252247083616
      no
   (1) can we show that 6 NL 5?
        a. margin -0.02782558806655011
      no
   (1) can we show that 4 NL 7?
        a. margin 0.008127749091605185
      yes, 681, ags used 66 = 681
   (1) can we show that 4 NL 5?
        a. margin 0.0020080321285149694
      yes, 73, ags used 66 = 73
   (1) can we show that 1 NL 7?
        a. margin -0.25415949512335023
      no
   (1) can we show that 1 NL 5?
        a. margin 0.03337158156435405
      yes, 135, ags used 0 = 135
      Best assertion(s) require sample: 73

ALTERNATE OUTCOME PAIR: 5,1
   (1) can we show that 2 NL 1?
        a. margin -0.3195639701663803
      no
   (1) can we show that 2 NL 5?
        a. margin -0.26362593230063114
      no
   (1) can we show that 6 NL 1?
        a. margin -0.266016446739339
      no
   (1) can we show that 6 NL 5?
        a. margin -0.20797475616752725
      no
   (1) can we show that 4 NL 1?
        a. margin 0.037387645821381765
      yes, 91, ags used 66 = 91
   (1) can we show that 4 NL 5?
        a. margin 0.02266207687894428
      yes, 47, ags used 41 = 47
   (1) can we show that 7 NL 1?
        a. margin -0.1030789825970555
      no
   (1) can we show that 7 NL 5?
        a. margin -0.04302925989672979
      no
      Best assertion(s) require sample: 47

ALTERNATE OUTCOME PAIR: 6,4
   (1) can we show that 2 NL 4?
        a. margin -0.5015299292407729
      no
   (1) can we show that 2 NL 6?
        a. margin -0.19650028686173315
      no
   (1) can we show that 5 NL 4?
        a. margin -0.4301969783897498
      no
   (1) can we show that 5 NL 6?
        a. margin -0.17087397207879218
      no
   (1) can we show that 7 NL 4?
        a. margin -0.22011856951616005
      no
   (1) can we show that 7 NL 6?
        a. margin 0.014534327787339096
      yes, 306, ags used 0 = 306
   (1) can we show that 1 NL 4?
        a. margin -0.22375215146299443
      no
   (1) can we show that 1 NL 6?
        a. margin 0.020749665327979727
      yes, 216, ags used 201 = 216
      Best assertion(s) require sample: 216

ALTERNATE OUTCOME PAIR: 6,7
   (1) can we show that 2 NL 7?
        a. margin -0.427997705106139
      no
   (1) can we show that 2 NL 6?
        a. margin -0.10747752916427478
      no
   (1) can we show that 5 NL 7?
        a. margin -0.36660929432013756
      no
   (1) can we show that 5 NL 6?
        a. margin -0.06129279020845113
      no
   (1) can we show that 4 NL 7?
        a. margin -0.03949129852744282
      no
   (1) can we show that 4 NL 6?
        a. margin 0.11799579269458893
      yes, 38, ags used 0 = 38
   (1) can we show that 1 NL 7?
        a. margin -0.16857907821763196
      no
   (1) can we show that 1 NL 6?
        a. margin 0.061484031363551406
      yes, 74, ags used 41 = 74
      Best assertion(s) require sample: 38

ALTERNATE OUTCOME PAIR: 6,1
   (1) can we show that 2 NL 1?
        a. margin -0.34222604704532444
      no
   (1) can we show that 2 NL 6?
        a. margin -0.11168483457640066
      no
   (1) can we show that 5 NL 1?
        a. margin -0.2285331803404096
      no
   (1) can we show that 5 NL 6?
        a. margin -0.06798623063683296
      no
   (1) can we show that 4 NL 1?
        a. margin -0.024000764964620114
      no
   (1) can we show that 4 NL 6?
        a. margin 0.11254541977433563
      yes, 32, ags used 40 = 40
   (1) can we show that 7 NL 1?
        a. margin -0.12602792120864426
      no
   (1) can we show that 7 NL 6?
        a. margin 0.07343660355708548
      yes, 62, ags used 41 = 62
      Best assertion(s) require sample: 40

ALTERNATE OUTCOME PAIR: 4,7
   (1) can we show that 2 NL 7?
        a. margin -0.3960604322050114
      no
   (1) can we show that 2 NL 4?
        a. margin -0.4821189519984711
      no
   (1) can we show that 5 NL 7?
        a. margin -0.3334289539108828
      no
   (1) can we show that 5 NL 4?
        a. margin -0.4091604513291267
      no
   (1) can we show that 6 NL 7?
        a. margin -0.3460508701472559
      no
   (1) can we show that 6 NL 4?
        a. margin -0.4181487856186664
      no
   (1) can we show that 1 NL 7?
        a. margin -0.13606808185121355
      no
   (1) can we show that 1 NL 4?
        a. margin -0.20348058902275556
      no

ALTERNATE OUTCOME PAIR: 7,1
   (1) can we show that 2 NL 1?
        a. margin -0.3302734748517874
      no
   (1) can we show that 2 NL 7?
        a. margin -0.4246509848919485
      no
   (1) can we show that 5 NL 1?
        a. margin -0.21820615796519227
      no
   (1) can we show that 5 NL 7?
        a. margin -0.38143048384012224
      no
   (1) can we show that 6 NL 1?
        a. margin -0.27500478102887616
      no
   (1) can we show that 6 NL 7?
        a. margin -0.36316695352839934
      no
   (1) can we show that 4 NL 1?
        a. margin 0.023235800344235447
      yes, 127, ags used 66 = 127
   (1) can we show that 4 NL 7?
        a. margin 0.0062153375406388545
      yes, 242, ags used 66 = 242
      Best assertion(s) require sample: 127

RULE OUT PAIR STAGE ASN 216
------------------------------------------------
Alternate outcome cannot be ruled out: 4,7
Full audit not possible
PARTIAL audit sample size: 512
------------------------------------------------
Final set of assertions generated:
(3, 'AG', 5, 41)
4 NL 6 = 40 [rules out (6, 1), G = {2}, O = set()]
(6, 'AG', 2, 512)
4 NL 5 = 47 [rules out (5, 1), G = {2, 5}, O = set()]
1 NL 5 = 127 [rules out (5, 4), G = set(), O = set()]
4 NL 2 = 41 [rules out (2, 5), G = {2, 5}, O = set()]
4 NL 6 = 40 [rules out (5, 6), G = {2}, O = set()]

4 NL 6 = 38 [rules out (6, 7), G = set(), O = set()]
(0, 'AG', 4, 201)
(3, 'AG', 1, 66)
(3, 'AG', 2, 40)
1 NL 6 = 216 [rules out (6, 4), G = {4}, O = set()]
4 NL 2 = 40 [rules out (2, 1), G = {2}, O = set()]
4 NL 5 = 73 [rules out (5, 7), G = {1, 2, 5}, O = set()]
4 NL 1 = 127 [rules out (7, 1), G = {1, 2, 5}, O = set()]

4 NL 2 = 41 [rules out (2, 7), G = {2, 5}, O = set()]
1 NL 2 = 201 [rules out (2, 4), G = {4}, O = set()]
4 NL 6 = 40 [rules out (2, 6), G = {2}, O = set()]

[4] are verified winners with these assertions.
[1, 7] remain as potential winners in this audit.
------------------------------------------------
