VALID BALLOTS 5085
Winner 5
Winner 2
Computing AG relationships
3 AG 1 = 744
5 AG 1 = 39
5 AG 6 = 35
8 AG 1 = 206
7 AG 1 = 62
2 AG 1 = 83
Ruling out candidates: [(1, 62)]
STAGE 1 ASN (Ruling out candidates): 62
ALTERNATE OUTCOME PAIR: 6,4
   (1) can we show that 3 NL 4?
        a. margin -0.13661094723041545
      no
   (1) can we show that 3 NL 6?
        a. margin 0.004981973123566519
      yes, 630, ags used 744 = 744
   (1) can we show that 5 NL 4?
        a. margin -0.004654211733857605
      no
   (1) can we show that 5 NL 6?
        a. margin 0.13202228777449965
      yes, 34, ags used 0 = 34
   (1) can we show that 8 NL 4?
        a. margin -0.11891183218616763
      no
   (1) can we show that 8 NL 6?
        a. margin 0.023008849557521804
      yes, 197, ags used 35 = 197
   (1) can we show that 7 NL 4?
        a. margin -0.05709603408718378
      no
   (1) can we show that 7 NL 6?
        a. margin 0.09898393969190367
      yes, 46, ags used 35 = 46
   (1) can we show that 2 NL 4?
        a. margin -0.0334316617502447
      no
   (1) can we show that 2 NL 6?
        a. margin 0.0660766961651924
      yes, 69, ags used 35 = 69
      Best assertion(s) require sample: 34

ALTERNATE OUTCOME PAIR: 6,3
   (1) can we show that 4 NL 3?
        a. margin -0.32743362831858325
      no
   (1) can we show that 4 NL 6?
        a. margin -0.020190101606030852
      no
   (1) can we show that 5 NL 3?
        a. margin -0.11825630940675169
      no
   (1) can we show that 5 NL 6?
        a. margin 0.13123566043919999
      yes, 34, ags used 0 = 34
   (1) can we show that 8 NL 3?
        a. margin -0.1980334316617497
      no
   (1) can we show that 8 NL 6?
        a. margin 0.02163225172074723
      yes, 178, ags used 206 = 206
   (1) can we show that 7 NL 3?
        a. margin -0.1501147164863984
      no
   (1) can we show that 7 NL 6?
        a. margin 0.09786955096689609
      yes, 46, ags used 35 = 46
   (1) can we show that 2 NL 3?
        a. margin -0.16991150442477787
      no
   (1) can we show that 2 NL 6?
        a. margin 0.06515896427400869
      yes, 70, ags used 35 = 70
      Best assertion(s) require sample: 34

ALTERNATE OUTCOME PAIR: 6,5
   (1) can we show that 4 NL 5?
        a. margin -0.29098656178302085
      no
   (1) can we show that 4 NL 6?
        a. margin -0.19305145853818173
      no
   (1) can we show that 3 NL 5?
        a. margin -0.25316289741068343
      no
   (1) can we show that 3 NL 6?
        a. margin -0.15994755817764428
      no
   (1) can we show that 8 NL 5?
        a. margin -0.24156014421501226
      no
   (1) can we show that 8 NL 6?
        a. margin -0.14454277286135764
      no
   (1) can we show that 7 NL 5?
        a. margin -0.1811209439528031
      no
   (1) can we show that 7 NL 6?
        a. margin -0.08528351360209863
      no
   (1) can we show that 2 NL 5?
        a. margin -0.18826614224844185
      no
   (1) can we show that 2 NL 6?
        a. margin -0.09734513274336032
      no

ALTERNATE OUTCOME PAIR: 6,8
   (1) can we show that 4 NL 8?
        a. margin -0.3365453949524737
      no
   (1) can we show that 4 NL 6?
        a. margin -0.01848574237954681
      no
   (1) can we show that 3 NL 8?
        a. margin -0.20412979351032368
      no
   (1) can we show that 3 NL 6?
        a. margin 0.005178629957391934
      yes, 617, ags used 744 = 744
   (1) can we show that 5 NL 8?
        a. margin -0.11687971156997679
      no
   (1) can we show that 5 NL 6?
        a. margin 0.13339888561127333
      yes, 34, ags used 0 = 34
   (1) can we show that 7 NL 8?
        a. margin -0.15765322844968777
      no
   (1) can we show that 7 NL 6?
        a. margin 0.09990167158308694
      yes, 45, ags used 35 = 45
   (1) can we show that 2 NL 8?
        a. margin -0.17666338905276868
      no
   (1) can we show that 2 NL 6?
        a. margin 0.06692887577843276
      yes, 68, ags used 35 = 68
      Best assertion(s) require sample: 34

ALTERNATE OUTCOME PAIR: 6,7
   (1) can we show that 4 NL 7?
        a. margin -0.2794493608652896
      no
   (1) can we show that 4 NL 6?
        a. margin -0.020780072107505432
      no
   (1) can we show that 3 NL 7?
        a. margin -0.20242543428384097
      no
   (1) can we show that 3 NL 6?
        a. margin 0.0036053752867917233
      yes, 738, ags used 744 = 744
   (1) can we show that 5 NL 7?
        a. margin -0.11871517535234333
      no
   (1) can we show that 5 NL 6?
        a. margin 0.13162897410684882
      yes, 34, ags used 0 = 34
   (1) can we show that 8 NL 7?
        a. margin -0.20065552277941612
      no
   (1) can we show that 8 NL 6?
        a. margin 0.02169780399868948
      yes, 177, ags used 206 = 206
   (1) can we show that 2 NL 7?
        a. margin -0.13523434939364098
      no
   (1) can we show that 2 NL 6?
        a. margin 0.06496230744018372
      yes, 70, ags used 35 = 70
      Best assertion(s) require sample: 34

ALTERNATE OUTCOME PAIR: 6,2
   (1) can we show that 4 NL 2?
        a. margin -0.355948869223205
      no
   (1) can we show that 4 NL 6?
        a. margin -0.018944608325139112
      no
   (1) can we show that 3 NL 2?
        a. margin -0.26601114388724956
      no
   (1) can we show that 3 NL 6?
        a. margin 0.005768600458865958
      yes, 581, ags used 744 = 744
   (1) can we show that 5 NL 2?
        a. margin -0.15404785316289715
      no
   (1) can we show that 5 NL 6?
        a. margin 0.1334644378892167
      yes, 34, ags used 0 = 34
   (1) can we show that 8 NL 2?
        a. margin -0.25624385447394327
      no
   (1) can we show that 8 NL 6?
        a. margin 0.023271058669288802
      yes, 195, ags used 35 = 195
   (1) can we show that 7 NL 2?
        a. margin -0.17692559816453668
      no
   (1) can we show that 7 NL 6?
        a. margin 0.09983611930514602
      yes, 45, ags used 35 = 45
      Best assertion(s) require sample: 34

ALTERNATE OUTCOME PAIR: 4,3
   (1) can we show that 6 NL 3?
        a. margin -0.30521140609636144
      no
   (1) can we show that 6 NL 4?
        a. margin -0.18938053097345098
      no
   (1) can we show that 5 NL 3?
        a. margin -0.04215011471648611
      no
   (1) can we show that 5 NL 4?
        a. margin 0.001114388725008686
      yes, 66, ags used 39 = 66
   (1) can we show that 8 NL 3?
        a. margin -0.19593575876761682
      no
   (1) can we show that 8 NL 4?
        a. margin -0.12120616191412625
      no
   (1) can we show that 7 NL 3?
        a. margin -0.14978695509668927
      no
   (1) can we show that 7 NL 4?
        a. margin -0.06076696165191742
      no
   (1) can we show that 2 NL 3?
        a. margin -0.16997705670272067
      no
   (1) can we show that 2 NL 4?
        a. margin -0.03474270730907891
      no
      Best assertion(s) require sample: 66

ALTERNATE OUTCOME PAIR: 4,5
   (1) can we show that 6 NL 5?
        a. margin -0.2779416584726324
      no
   (1) can we show that 6 NL 4?
        a. margin -0.19324811537200903
      no
   (1) can we show that 3 NL 5?
        a. margin -0.27151753523434896
      no
   (1) can we show that 3 NL 4?
        a. margin -0.1257292690920997
      no
   (1) can we show that 8 NL 5?
        a. margin -0.2601769911504428
      no
   (1) can we show that 8 NL 4?
        a. margin -0.10868567682727037
      no
   (1) can we show that 7 NL 5?
        a. margin -0.19908226810881724
      no
   (1) can we show that 7 NL 4?
        a. margin -0.040839069157653785
      no
   (1) can we show that 2 NL 5?
        a. margin -0.20714519829564026
      no
   (1) can we show that 2 NL 4?
        a. margin -0.022156669944279006
      no

ALTERNATE OUTCOME PAIR: 4,8
   (1) can we show that 6 NL 8?
        a. margin -0.30914454277286096
      no
   (1) can we show that 6 NL 4?
        a. margin -0.18597181252048445
      no
   (1) can we show that 3 NL 8?
        a. margin -0.2041953457882666
      no
   (1) can we show that 3 NL 4?
        a. margin -0.13575876761717576
      no
   (1) can we show that 5 NL 8?
        a. margin -0.04129793510324453
      no
   (1) can we show that 5 NL 4?
        a. margin 0.004916420845620273
      yes, 62, ags used 39 = 62
   (1) can we show that 7 NL 8?
        a. margin -0.15843985578498876
      no
   (1) can we show that 7 NL 4?
        a. margin -0.05571943625041309
      no
   (1) can we show that 2 NL 8?
        a. margin -0.17758112094395206
      no
   (1) can we show that 2 NL 4?
        a. margin -0.03153064568994013
      no
      Best assertion(s) require sample: 62

ALTERNATE OUTCOME PAIR: 4,7
   (1) can we show that 6 NL 7?
        a. margin -0.2983284169124879
      no
   (1) can we show that 6 NL 4?
        a. margin -0.17718780727630068
      no
   (1) can we show that 3 NL 7?
        a. margin -0.19842674532940052
      no
   (1) can we show that 3 NL 4?
        a. margin -0.13038348082595785
      no
   (1) can we show that 5 NL 7?
        a. margin -0.045624385447394444
      no
   (1) can we show that 5 NL 4?
        a. margin 0.013438216978036044
      yes, 56, ags used 39 = 56
   (1) can we show that 8 NL 7?
        a. margin -0.19639462471320923
      no
   (1) can we show that 8 NL 4?
        a. margin -0.11156997705670157
      no
   (1) can we show that 2 NL 7?
        a. margin -0.13182563094067457
      no
   (1) can we show that 2 NL 4?
        a. margin -0.030088495575222973
      no
      Best assertion(s) require sample: 56

ALTERNATE OUTCOME PAIR: 4,2
   (1) can we show that 6 NL 2?
        a. margin -0.34172402490986564
      no
   (1) can we show that 6 NL 4?
        a. margin -0.17600786627335296
      no
   (1) can we show that 3 NL 2?
        a. margin -0.2626679777122263
      no
   (1) can we show that 3 NL 4?
        a. margin -0.12540150770239267
      no
   (1) can we show that 5 NL 2?
        a. margin -0.07715503113733191
      no
   (1) can we show that 5 NL 4?
        a. margin 0.014487053425106478
      yes, 55, ags used 39 = 55
   (1) can we show that 8 NL 2?
        a. margin -0.25309734513274296
      no
   (1) can we show that 8 NL 4?
        a. margin -0.10724352671255333
      no
   (1) can we show that 7 NL 2?
        a. margin -0.17646673221894438
      no
   (1) can we show that 7 NL 4?
        a. margin -0.050016388069485496
      no
      Best assertion(s) require sample: 55

ALTERNATE OUTCOME PAIR: 3,5
   (1) can we show that 6 NL 5?
        a. margin -0.27656506063585706
      no
   (1) can we show that 6 NL 3?
        a. margin -0.31012782694198626
      no
   (1) can we show that 4 NL 5?
        a. margin -0.3084234677155031
      no
   (1) can we show that 4 NL 3?
        a. margin -0.31025893149786954
      no
   (1) can we show that 8 NL 5?
        a. margin -0.2605703048180923
      no
   (1) can we show that 8 NL 3?
        a. margin -0.1842674532940023
      no
   (1) can we show that 7 NL 5?
        a. margin -0.19868895444116674
      no
   (1) can we show that 7 NL 3?
        a. margin -0.12966240576860089
      no
   (1) can we show that 2 NL 5?
        a. margin -0.2065552277941658
      no
   (1) can we show that 2 NL 3?
        a. margin -0.15411340544083718
      no

ALTERNATE OUTCOME PAIR: 3,8
   (1) can we show that 6 NL 8?
        a. margin -0.2966896099639458
      no
   (1) can we show that 6 NL 3?
        a. margin -0.293477548344803
      no
   (1) can we show that 4 NL 8?
        a. margin -0.32218944608325084
      no
   (1) can we show that 4 NL 3?
        a. margin -0.31288102261553397
      no
   (1) can we show that 5 NL 8?
        a. margin -0.029367420517862453
      no
   (1) can we show that 5 NL 3?
        a. margin -0.03067846607670044
      no
   (1) can we show that 7 NL 8?
        a. margin -0.1494591937069809
      no
   (1) can we show that 7 NL 3?
        a. margin -0.13831530645690204
      no
   (1) can we show that 2 NL 8?
        a. margin -0.16630612913798815
      no
   (1) can we show that 2 NL 3?
        a. margin -0.1580465421173406
      no

ALTERNATE OUTCOME PAIR: 3,7
   (1) can we show that 6 NL 7?
        a. margin -0.28869223205506345
      no
   (1) can we show that 6 NL 3?
        a. margin -0.2816781383153042
      no
   (1) can we show that 4 NL 7?
        a. margin -0.26555227794165803
      no
   (1) can we show that 4 NL 3?
        a. margin -0.30488364470665197
      no
   (1) can we show that 5 NL 7?
        a. margin -0.036119305145853375
      no
   (1) can we show that 5 NL 3?
        a. margin -0.018682399213375556
      no
   (1) can we show that 8 NL 7?
        a. margin -0.19167486070140904
      no
   (1) can we show that 8 NL 3?
        a. margin -0.18039986889544246
      no
   (1) can we show that 2 NL 7?
        a. margin -0.12533595542445108
      no
   (1) can we show that 2 NL 3?
        a. margin -0.15332677810553763
      no

ALTERNATE OUTCOME PAIR: 3,2
   (1) can we show that 6 NL 2?
        a. margin -0.3357587676171747
      no
   (1) can we show that 6 NL 3?
        a. margin -0.2921009505080301
      no
   (1) can we show that 4 NL 2?
        a. margin -0.3467715503113733
      no
   (1) can we show that 4 NL 3?
        a. margin -0.3153720091773188
      no
   (1) can we show that 5 NL 2?
        a. margin -0.07118977384464109
      no
   (1) can we show that 5 NL 3?
        a. margin -0.029564077351687867
      no
   (1) can we show that 8 NL 2?
        a. margin -0.25211406096361844
      no
   (1) can we show that 8 NL 3?
        a. margin -0.18695509668961008
      no
   (1) can we show that 7 NL 2?
        a. margin -0.17417240249098642
      no
   (1) can we show that 7 NL 3?
        a. margin -0.1401507702392657
      no

ALTERNATE OUTCOME PAIR: 5,8
   (1) can we show that 6 NL 8?
        a. margin -0.3130121271714188
      no
   (1) can we show that 6 NL 5?
        a. margin -0.2761717469682059
      no
   (1) can we show that 4 NL 8?
        a. margin -0.3177318911832173
      no
   (1) can we show that 4 NL 5?
        a. margin -0.3078990494919692
      no
   (1) can we show that 3 NL 8?
        a. margin -0.18879056047197484
      no
   (1) can we show that 3 NL 5?
        a. margin -0.2710586692887572
      no
   (1) can we show that 7 NL 8?
        a. margin -0.13621763356276673
      no
   (1) can we show that 7 NL 5?
        a. margin -0.19646017699114926
      no
   (1) can we show that 2 NL 8?
        a. margin -0.15883316945263692
      no
   (1) can we show that 2 NL 5?
        a. margin -0.20517862995739045
      no

ALTERNATE OUTCOME PAIR: 5,7
   (1) can we show that 6 NL 7?
        a. margin -0.302851524090462
      no
   (1) can we show that 6 NL 5?
        a. margin -0.27781055391674736
      no
   (1) can we show that 4 NL 7?
        a. margin -0.27610619469026454
      no
   (1) can we show that 4 NL 5?
        a. margin -0.31209439528023564
      no
   (1) can we show that 3 NL 7?
        a. margin -0.19934447722058235
      no
   (1) can we show that 3 NL 5?
        a. margin -0.274008521796132
      no
   (1) can we show that 8 NL 7?
        a. margin -0.1973779088823332
      no
   (1) can we show that 8 NL 5?
        a. margin -0.2622746640445752
      no
   (1) can we show that 2 NL 7?
        a. margin -0.13228449688626576
      no
   (1) can we show that 2 NL 5?
        a. margin -0.20943952802359844
      no

ALTERNATE OUTCOME PAIR: 8,7
   (1) can we show that 6 NL 7?
        a. margin -0.2925598164536205
      no
   (1) can we show that 6 NL 8?
        a. margin -0.28849557522123725
      no
   (1) can we show that 4 NL 7?
        a. margin -0.269682071451982
      no
   (1) can we show that 4 NL 8?
        a. margin -0.317469682071451
      no
   (1) can we show that 3 NL 7?
        a. margin -0.19600131104555807
      no
   (1) can we show that 3 NL 8?
        a. margin -0.19337921992789153
      no
   (1) can we show that 5 NL 7?
        a. margin -0.03985578498853093
      no
   (1) can we show that 5 NL 8?
        a. margin -0.02071451982956729
      no
   (1) can we show that 2 NL 7?
        a. margin -0.1282858079318272
      no
   (1) can we show that 2 NL 8?
        a. margin -0.1634873811864972
      no

ALTERNATE OUTCOME PAIR: 8,2
   (1) can we show that 6 NL 2?
        a. margin -0.3337921992789228
      no
   (1) can we show that 6 NL 8?
        a. margin -0.29524745984922984
      no
   (1) can we show that 4 NL 2?
        a. margin -0.34519829564077165
      no
   (1) can we show that 4 NL 8?
        a. margin -0.32533595542445093
      no
   (1) can we show that 3 NL 2?
        a. margin -0.2606358570960329
      no
   (1) can we show that 3 NL 8?
        a. margin -0.1948869223205506
      no
   (1) can we show that 5 NL 2?
        a. margin -0.06955096689610163
      no
   (1) can we show that 5 NL 8?
        a. margin -0.028056374959029906
      no
   (1) can we show that 7 NL 2?
        a. margin -0.16997705670271912
      no
   (1) can we show that 7 NL 8?
        a. margin -0.1484103572599148
      no

ALTERNATE OUTCOME PAIR: 7,2
   (1) can we show that 6 NL 2?
        a. margin -0.31897738446410806
      no
   (1) can we show that 6 NL 7?
        a. margin -0.2843657817109144
      no
   (1) can we show that 4 NL 2?
        a. margin -0.33372664700098187
      no
   (1) can we show that 4 NL 7?
        a. margin -0.26312684365781713
      no
   (1) can we show that 3 NL 2?
        a. margin -0.2482464765650596
      no
   (1) can we show that 3 NL 7?
        a. margin -0.18800393313667652
      no
   (1) can we show that 5 NL 2?
        a. margin -0.05427728613569183
      no
   (1) can we show that 5 NL 7?
        a. margin -0.03179285480170424
      no
   (1) can we show that 8 NL 2?
        a. margin -0.2365126188135026
      no
   (1) can we show that 8 NL 7?
        a. margin -0.18616846935431008
      no

RULE OUT PAIR STAGE ASN 66
------------------------------------------------
EXAMINING WAYS TO REDUCE COST OF AUDIT
------------------------------------------------
Alternate outcome cannot be ruled out: 6,5
Alternate outcome cannot be ruled out: 4,5
Alternate outcome cannot be ruled out: 3,5
Alternate outcome cannot be ruled out: 3,8
Alternate outcome cannot be ruled out: 3,7
Alternate outcome cannot be ruled out: 3,2
Alternate outcome cannot be ruled out: 5,8
Alternate outcome cannot be ruled out: 5,7
Alternate outcome cannot be ruled out: 8,7
Alternate outcome cannot be ruled out: 8,2
Alternate outcome cannot be ruled out: 7,2
Full audit not possible
PARTIAL audit sample size: 66
------------------------------------------------
Final set of assertions generated:
(4, 'AG', 0, 39)
5 NL 4 = 62 [rules out (4, 8), G = {0, 5}, O = set()]
5 NL 4 = 66 [rules out (4, 3), G = {0, 5}, O = set()]
5 NL 6 = 34 [rules out (6, 2), G = set(), O = set()]
5 NL 6 = 34 [rules out (6, 3), G = set(), O = set()]
(4, 'AG', 5, 35)
5 NL 6 = 34 [rules out (6, 4), G = set(), O = set()]
5 NL 6 = 34 [rules out (6, 7), G = set(), O = set()]
5 NL 4 = 55 [rules out (4, 2), G = {0, 5}, O = set()]
(6, 'AG', 0, 62)
5 NL 4 = 56 [rules out (4, 7), G = {0, 5}, O = set()]
5 NL 6 = 34 [rules out (6, 8), G = set(), O = set()]
[] are verified winners with these assertions.
[2, 3, 4, 5, 6, 7, 8] remain as potential winners in this audit.
------------------------------------------------
