VALID BALLOTS 5169
Winner 1
Winner 7
Computing AG relationships
1 AG 5 = 219
1 AG 6 = 2043
1 AG 3 = 100
Ruling out candidates: []
STAGE 1 ASN (Ruling out candidates): 0
ALTERNATE OUTCOME PAIR: 5,6
   (1) can we show that 3 NL 6?
        a. margin -0.12497581737279873
      no
   (1) can we show that 3 NL 5?
        a. margin -0.10369510543625371
      no
   (1) can we show that 1 NL 6?
        a. margin 0.01031792093892947
      yes, 52, ags used 100 = 100
   (1) can we show that 1 NL 5?
        a. margin 0.028309795576189956
      yes, 43, ags used 100 = 100
   (1) can we show that 4 NL 6?
        a. margin 0.0051589604694664
      yes, 1324, ags used 2043 = 2043
   (1) can we show that 4 NL 5?
        a. margin 0.00335332430515356
      yes, 2576, ags used 219 = 2576
   (1) can we show that 2 NL 6?
        a. margin 0.017411491584444994
      yes, 260, ags used 2043 = 2043
   (1) can we show that 2 NL 5?
        a. margin 0.05229896175920379
      yes, 87, ags used 219 = 219
   (1) can we show that 7 NL 6?
        a. margin 0.023344296124331754
      yes, 195, ags used 2043 = 2043
   (1) can we show that 7 NL 5?
        a. margin 0.01650867350229035
      yes, 274, ags used 219 = 274
      Best assertion(s) require sample: 100

ALTERNATE OUTCOME PAIR: 5,3
   (1) can we show that 6 NL 3?
        a. margin -0.08351067259947165
      no
   (1) can we show that 6 NL 5?
        a. margin -0.08222093248210516
      no
   (1) can we show that 1 NL 3?
        a. margin 0.04862320242471019
      yes, 94, ags used 0 = 94
   (1) can we show that 1 NL 5?
        a. margin 0.02250596504804303
      yes, 202, ags used 0 = 202
   (1) can we show that 4 NL 3?
        a. margin 0.014380602308635693
      yes, 314, ags used 100 = 314
   (1) can we show that 4 NL 5?
        a. margin -0.0020635841877864047
      no
   (1) can we show that 2 NL 3?
        a. margin 0.021603146965887055
      yes, 210, ags used 100 = 210
   (1) can we show that 2 NL 5?
        a. margin 0.04855871541884382
      yes, 94, ags used 219 = 219
   (1) can we show that 7 NL 3?
        a. margin 0.025536854323853442
      yes, 178, ags used 100 = 178
   (1) can we show that 7 NL 5?
        a. margin 0.011543174050428595
      yes, 445, ags used 219 = 445
      Best assertion(s) require sample: 94

ALTERNATE OUTCOME PAIR: 5,1
   (1) can we show that 6 NL 1?
        a. margin -0.3973044431547047
      no
   (1) can we show that 6 NL 5?
        a. margin -0.17069710453343623
      no
   (1) can we show that 3 NL 1?
        a. margin -0.30934416715031865
      no
   (1) can we show that 3 NL 5?
        a. margin -0.13568066034694037
      no
   (1) can we show that 4 NL 1?
        a. margin -0.28458115689688435
      no
   (1) can we show that 4 NL 5?
        a. margin -0.0842845166698909
      no
   (1) can we show that 2 NL 1?
        a. margin -0.2887728122783251
      no
   (1) can we show that 2 NL 5?
        a. margin -0.039852969626620216
      no
   (1) can we show that 7 NL 1?
        a. margin -0.27136132069388064
      no
   (1) can we show that 7 NL 5?
        a. margin -0.07203198555491042
      no

ALTERNATE OUTCOME PAIR: 5,4
   (1) can we show that 6 NL 4?
        a. margin -0.28703166311988104
      no
   (1) can we show that 6 NL 5?
        a. margin -0.07893209518281996
      no
   (1) can we show that 3 NL 4?
        a. margin -0.23324950022570423
      no
   (1) can we show that 3 NL 5?
        a. margin -0.10143806023086288
      no
   (1) can we show that 1 NL 4?
        a. margin 0.013413297220609355
      yes, 336, ags used 2043 = 2043
   (1) can we show that 1 NL 5?
        a. margin 0.030953762816791963
      yes, 42, ags used 100 = 100
   (1) can we show that 2 NL 4?
        a. margin -0.1782420842200294
      no
   (1) can we show that 2 NL 5?
        a. margin 0.05694202618172528
      yes, 80, ags used 219 = 219
   (1) can we show that 7 NL 4?
        a. margin -0.06300380473334577
      no
   (1) can we show that 7 NL 5?
        a. margin 0.011285226026955586
      yes, 455, ags used 219 = 455
      Best assertion(s) require sample: 100

ALTERNATE OUTCOME PAIR: 5,2
   (1) can we show that 6 NL 2?
        a. margin -0.22454375443348107
      no
   (1) can we show that 6 NL 5?
        a. margin -0.0648094408976595
      no
   (1) can we show that 3 NL 2?
        a. margin -0.17611401302637464
      no
   (1) can we show that 3 NL 5?
        a. margin -0.08866963306893705
      no
   (1) can we show that 1 NL 2?
        a. margin 0.0676468691558656
      yes, 67, ags used 100 = 100
   (1) can we show that 1 NL 5?
        a. margin 0.04404462500806172
      yes, 37, ags used 100 = 100
   (1) can we show that 4 NL 2?
        a. margin -0.16586057909331198
      no
   (1) can we show that 4 NL 5?
        a. margin 0.019152640742890137
      yes, 237, ags used 219 = 237
   (1) can we show that 7 NL 2?
        a. margin -0.15180241181401866
      no
   (1) can we show that 7 NL 5?
        a. margin 0.032501450957631794
      yes, 140, ags used 219 = 219
      Best assertion(s) require sample: 100

ALTERNATE OUTCOME PAIR: 5,7
   (1) can we show that 6 NL 7?
        a. margin -0.2913522925130583
      no
   (1) can we show that 6 NL 5?
        a. margin -0.07751338105371708
      no
   (1) can we show that 3 NL 7?
        a. margin -0.24098794092990228
      no
   (1) can we show that 3 NL 5?
        a. margin -0.09872960598439551
      no
   (1) can we show that 1 NL 7?
        a. margin 0.005739343522279672
      yes, 1083, ags used 2043 = 2043
   (1) can we show that 1 NL 5?
        a. margin 0.03321080802218179
      yes, 41, ags used 100 = 100
   (1) can we show that 4 NL 7?
        a. margin -0.07673953698329883
      no
   (1) can we show that 4 NL 5?
        a. margin -0.0022570452053913836
      no
   (1) can we show that 2 NL 7?
        a. margin -0.18546462887728077
      no
   (1) can we show that 2 NL 5?
        a. margin 0.0587476623460359
      yes, 77, ags used 219 = 219
      Best assertion(s) require sample: 100

ALTERNATE OUTCOME PAIR: 6,3
   (1) can we show that 5 NL 3?
        a. margin -0.09486038563229449
      no
   (1) can we show that 5 NL 6?
        a. margin -0.13039272586573736
      no
   (1) can we show that 1 NL 3?
        a. margin 0.04868768943057833
      yes, 93, ags used 0 = 93
   (1) can we show that 1 NL 6?
        a. margin 0.005158960469465734
      yes, 335, ags used 219 = 335
   (1) can we show that 4 NL 3?
        a. margin 0.014251628296899188
      yes, 317, ags used 100 = 317
   (1) can we show that 4 NL 6?
        a. margin -6.448700586847433e-05
      no
   (1) can we show that 2 NL 3?
        a. margin 0.021280711936545904
      yes, 213, ags used 100 = 213
   (1) can we show that 2 NL 6?
        a. margin 0.013929193267557372
      yes, 324, ags used 2043 = 2043
   (1) can we show that 7 NL 3?
        a. margin 0.025407880312117825
      yes, 179, ags used 100 = 179
   (1) can we show that 7 NL 6?
        a. margin 0.018507770684206726
      yes, 245, ags used 2043 = 2043
      Best assertion(s) require sample: 93

ALTERNATE OUTCOME PAIR: 6,1
   (1) can we show that 5 NL 1?
        a. margin -0.40736441607016116
      no
   (1) can we show that 5 NL 6?
        a. margin -0.1958470368220805
      no
   (1) can we show that 3 NL 1?
        a. margin -0.30728058296253213
      no
   (1) can we show that 3 NL 6?
        a. margin -0.15483330108983073
      no
   (1) can we show that 4 NL 1?
        a. margin -0.28271103372670314
      no
   (1) can we show that 4 NL 6?
        a. margin -0.07744889404784949
      no
   (1) can we show that 2 NL 1?
        a. margin -0.28658025407880217
      no
   (1) can we show that 2 NL 6?
        a. margin -0.06732443412652367
      no
   (1) can we show that 7 NL 1?
        a. margin -0.26974914554717266
      no
   (1) can we show that 7 NL 6?
        a. margin -0.06094022054556003
      no

ALTERNATE OUTCOME PAIR: 6,4
   (1) can we show that 5 NL 4?
        a. margin -0.3032823885986967
      no
   (1) can we show that 5 NL 6?
        a. margin -0.11930096085638675
      no
   (1) can we show that 3 NL 4?
        a. margin -0.23073450699683962
      no
   (1) can we show that 3 NL 6?
        a. margin -0.11768878570967911
      no
   (1) can we show that 1 NL 4?
        a. margin 0.001354227123233409
      yes, 320, ags used 219 = 320
   (1) can we show that 1 NL 6?
        a. margin 0.017669439607918447
      yes, 48, ags used 100 = 100
   (1) can we show that 2 NL 4?
        a. margin -0.17540465596182375
      no
   (1) can we show that 2 NL 6?
        a. margin 0.026246211388406104
      yes, 173, ags used 2043 = 2043
   (1) can we show that 7 NL 4?
        a. margin -0.062036499645320986
      no
   (1) can we show that 7 NL 6?
        a. margin 0.018314309666602524
      yes, 247, ags used 2043 = 2043
      Best assertion(s) require sample: 100

ALTERNATE OUTCOME PAIR: 6,2
   (1) can we show that 5 NL 2?
        a. margin -0.23034758496162955
      no
   (1) can we show that 5 NL 6?
        a. margin -0.11955890887986076
      no
   (1) can we show that 3 NL 2?
        a. margin -0.17430837686206158
      no
   (1) can we show that 3 NL 6?
        a. margin -0.1132391823047657
      no
   (1) can we show that 1 NL 2?
        a. margin 0.06829173921454679
      yes, 67, ags used 100 = 100
   (1) can we show that 1 NL 6?
        a. margin 0.02244147804217489
      yes, 46, ags used 100 = 100
   (1) can we show that 4 NL 2?
        a. margin -0.1650222480170237
      no
   (1) can we show that 4 NL 6?
        a. margin 0.016831108531630612
      yes, 269, ags used 2043 = 2043
   (1) can we show that 7 NL 2?
        a. margin -0.15102856774359885
      no
   (1) can we show that 7 NL 6?
        a. margin 0.035661314245179376
      yes, 128, ags used 2043 = 2043
      Best assertion(s) require sample: 100

ALTERNATE OUTCOME PAIR: 6,7
   (1) can we show that 5 NL 7?
        a. margin -0.3047011027277996
      no
   (1) can we show that 5 NL 6?
        a. margin -0.11678596762752347
      no
   (1) can we show that 3 NL 7?
        a. margin -0.23802153865995923
      no
   (1) can we show that 3 NL 6?
        a. margin -0.11407751338105465
      no
   (1) can we show that 1 NL 7?
        a. margin 0.006642161604435426
      yes, 853, ags used 219 = 853
   (1) can we show that 1 NL 6?
        a. margin 0.021409685948279966
      yes, 46, ags used 100 = 100
   (1) can we show that 4 NL 7?
        a. margin -0.07428903076030369
      no
   (1) can we show that 4 NL 6?
        a. margin 0.0018056361643123964
      yes, 5169, ags used 2043 = 5169
   (1) can we show that 2 NL 7?
        a. margin -0.1823692525956031
      no
   (1) can we show that 2 NL 6?
        a. margin 0.029728509705292838
      yes, 153, ags used 2043 = 2043
      Best assertion(s) require sample: 100

ALTERNATE OUTCOME PAIR: 3,1
   (1) can we show that 5 NL 1?
        a. margin -0.3864706261688269
      no
   (1) can we show that 5 NL 3?
        a. margin -0.2861933320435932
      no
   (1) can we show that 6 NL 1?
        a. margin -0.374733991100793
      no
   (1) can we show that 6 NL 3?
        a. margin -0.27645579415747723
      no
   (1) can we show that 4 NL 1?
        a. margin -0.26355839298381356
      no
   (1) can we show that 4 NL 3?
        a. margin -0.16831108531630856
      no
   (1) can we show that 2 NL 1?
        a. margin -0.2665247952537553
      no
   (1) can we show that 2 NL 3?
        a. margin -0.16850454633391354
      no
   (1) can we show that 7 NL 1?
        a. margin -0.25040304378667677
      no
   (1) can we show that 7 NL 3?
        a. margin -0.15509124911330352
      no

ALTERNATE OUTCOME PAIR: 3,4
   (1) can we show that 5 NL 4?
        a. margin -0.30167021345198886
      no
   (1) can we show that 5 NL 3?
        a. margin -0.09105565228606471
      no
   (1) can we show that 6 NL 4?
        a. margin -0.28322692977365005
      no
   (1) can we show that 6 NL 3?
        a. margin -0.08086670535887053
      no
   (1) can we show that 1 NL 4?
        a. margin -0.05242793577094196
      no
   (1) can we show that 1 NL 3?
        a. margin 0.054556006964597614
      yes, 83, ags used 0 = 83
   (1) can we show that 2 NL 4?
        a. margin -0.17469529889727164
      no
   (1) can we show that 2 NL 3?
        a. margin 0.02772941252337735
      yes, 164, ags used 100 = 164
   (1) can we show that 7 NL 4?
        a. margin -0.06016637647513956
      no
   (1) can we show that 7 NL 3?
        a. margin 0.024698523247565385
      yes, 184, ags used 100 = 184
      Best assertion(s) require sample: 83

ALTERNATE OUTCOME PAIR: 3,2
   (1) can we show that 5 NL 2?
        a. margin -0.23350744824917802
      no
   (1) can we show that 5 NL 3?
        a. margin -0.09195847036822069
      no
   (1) can we show that 6 NL 2?
        a. margin -0.22686528664474137
      no
   (1) can we show that 6 NL 3?
        a. margin -0.0802218353001869
      no
   (1) can we show that 1 NL 2?
        a. margin 0.01089830399174585
      yes, 471, ags used 2043 = 2043
   (1) can we show that 1 NL 3?
        a. margin 0.05242793577094251
      yes, 87, ags used 0 = 87
   (1) can we show that 4 NL 2?
        a. margin -0.1689559553749922
      no
   (1) can we show that 4 NL 3?
        a. margin 0.01844328367833903
      yes, 246, ags used 100 = 246
   (1) can we show that 7 NL 2?
        a. margin -0.15476881408396248
      no
   (1) can we show that 7 NL 3?
        a. margin 0.029792996711162756
      yes, 153, ags used 100 = 153
      Best assertion(s) require sample: 87

ALTERNATE OUTCOME PAIR: 3,7
   (1) can we show that 5 NL 7?
        a. margin -0.30392725865738
      no
   (1) can we show that 5 NL 3?
        a. margin -0.09144257432127378
      no
   (1) can we show that 6 NL 7?
        a. margin -0.2882569162313787
      no
   (1) can we show that 6 NL 3?
        a. margin -0.08060875733539608
      no
   (1) can we show that 1 NL 7?
        a. margin -0.060617785516218214
      no
   (1) can we show that 1 NL 3?
        a. margin 0.055652286064357126
      yes, 82, ags used 0 = 82
   (1) can we show that 4 NL 7?
        a. margin -0.07519184884245778
      no
   (1) can we show that 4 NL 3?
        a. margin 0.012510479138454267
      yes, 360, ags used 100 = 360
   (1) can we show that 2 NL 7?
        a. margin -0.1821113045721281
      no
   (1) can we show that 2 NL 3?
        a. margin 0.02843876958792868
      yes, 160, ags used 100 = 160
      Best assertion(s) require sample: 82

ALTERNATE OUTCOME PAIR: 1,4
   (1) can we show that 5 NL 4?
        a. margin -0.2954794608886312
      no
   (1) can we show that 5 NL 1?
        a. margin -0.40046430644225184
      no
   (1) can we show that 6 NL 4?
        a. margin -0.2769072031985558
      no
   (1) can we show that 6 NL 1?
        a. margin -0.3895660024505063
      no
   (1) can we show that 3 NL 4?
        a. margin -0.2300896369381572
      no
   (1) can we show that 3 NL 1?
        a. margin -0.3016702134519892
      no
   (1) can we show that 2 NL 4?
        a. margin -0.16734378022828433
      no
   (1) can we show that 2 NL 1?
        a. margin -0.2749725930225051
      no
   (1) can we show that 7 NL 4?
        a. margin -0.05191203972399561
      no
   (1) can we show that 7 NL 1?
        a. margin -0.274585670987296
      no

ALTERNATE OUTCOME PAIR: 1,2
   (1) can we show that 5 NL 2?
        a. margin -0.22164183916940738
      no
   (1) can we show that 5 NL 1?
        a. margin -0.4007222544657252
      no
   (1) can we show that 6 NL 2?
        a. margin -0.21287160637131608
      no
   (1) can we show that 6 NL 1?
        a. margin -0.38730895724511516
      no
   (1) can we show that 3 NL 2?
        a. margin -0.17469529889727242
      no
   (1) can we show that 3 NL 1?
        a. margin -0.29876829818791506
      no
   (1) can we show that 4 NL 2?
        a. margin -0.1545108660604887
      no
   (1) can we show that 4 NL 1?
        a. margin -0.271941703746695
      no
   (1) can we show that 7 NL 2?
        a. margin -0.1405816727929321
      no
   (1) can we show that 7 NL 1?
        a. margin -0.25891532856129484
      no

ALTERNATE OUTCOME PAIR: 4,2
   (1) can we show that 5 NL 2?
        a. margin -0.23608692848391055
      no
   (1) can we show that 5 NL 4?
        a. margin -0.30502353775714186
      no
   (1) can we show that 6 NL 2?
        a. margin -0.22918681885600078
      no
   (1) can we show that 6 NL 4?
        a. margin -0.2857419230025151
      no
   (1) can we show that 3 NL 2?
        a. margin -0.18069259044302521
      no
   (1) can we show that 3 NL 4?
        a. margin -0.23228219513767978
      no
   (1) can we show that 1 NL 2?
        a. margin 0.06287483072161004
      yes, 72, ags used 100 = 100
   (1) can we show that 1 NL 4?
        a. margin 0.012510479138454267
      yes, 360, ags used 219 = 360
   (1) can we show that 7 NL 2?
        a. margin -0.15966982652995432
      no
   (1) can we show that 7 NL 4?
        a. margin -0.06042432449861379
      no
      Best assertion(s) require sample: 100

ALTERNATE OUTCOME PAIR: 4,7
   (1) can we show that 5 NL 7?
        a. margin -0.2641387760366276
      no
   (1) can we show that 5 NL 4?
        a. margin -0.2589798155671621
      no
   (1) can we show that 6 NL 7?
        a. margin -0.24795253756367996
      no
   (1) can we show that 6 NL 4?
        a. margin -0.24137486296511157
      no
   (1) can we show that 3 NL 7?
        a. margin -0.19823305603920727
      no
   (1) can we show that 3 NL 4?
        a. margin -0.18668988198877923
      no
   (1) can we show that 1 NL 7?
        a. margin 0.033081834010445066
      yes, 138, ags used 100 = 138
   (1) can we show that 1 NL 4?
        a. margin 0.04456052105500574
      yes, 102, ags used 100 = 102
   (1) can we show that 2 NL 7?
        a. margin -0.1420003869220342
      no
   (1) can we show that 2 NL 4?
        a. margin -0.13142451795963317
      no
      Best assertion(s) require sample: 102

ALTERNATE OUTCOME PAIR: 2,7
   (1) can we show that 5 NL 7?
        a. margin -0.3076030179918745
      no
   (1) can we show that 5 NL 2?
        a. margin -0.23486167537241187
      no
   (1) can we show that 6 NL 7?
        a. margin -0.29115883149545363
      no
   (1) can we show that 6 NL 2?
        a. margin -0.22879989682078994
      no
   (1) can we show that 3 NL 7?
        a. margin -0.2403430708712193
      no
   (1) can we show that 3 NL 2?
        a. margin -0.17959631134326448
      no
   (1) can we show that 1 NL 7?
        a. margin 0.004514090410782767
      yes, 1513, ags used 219 = 1513
   (1) can we show that 1 NL 2?
        a. margin 0.06422905784484323
      yes, 71, ags used 100 = 100
   (1) can we show that 4 NL 7?
        a. margin -0.07590120590700955
      no
   (1) can we show that 4 NL 2?
        a. margin -0.17340555877990582
      no
      Best assertion(s) require sample: 100

RULE OUT PAIR STAGE ASN 102
------------------------------------------------
Alternate outcome cannot be ruled out: 5,1
Alternate outcome cannot be ruled out: 6,1
Alternate outcome cannot be ruled out: 3,1
Alternate outcome cannot be ruled out: 1,4
Alternate outcome cannot be ruled out: 1,2
Full audit not possible
PARTIAL audit sample size: 102
------------------------------------------------
Final set of assertions generated:
1 NL 2 = 100 [rules out (5, 2), G = {2}, O = set()]

1 NL 3 = 94 [rules out (5, 3), G = set(), O = set()]

1 NL 6 = 100 [rules out (6, 4), G = {2}, O = set()]
1 NL 3 = 87 [rules out (3, 2), G = set(), O = set()]
1 NL 3 = 93 [rules out (6, 3), G = set(), O = set()]

1 NL 2 = 100 [rules out (6, 2), G = {2}, O = set()]

1 NL 2 = 100 [rules out (2, 7), G = {2}, O = set()]
1 NL 6 = 100 [rules out (6, 7), G = {2}, O = set()]
1 NL 5 = 100 [rules out (5, 4), G = {2}, O = set()]
1 NL 3 = 82 [rules out (3, 7), G = set(), O = set()]
1 NL 4 = 102 [rules out (4, 7), G = {2}, O = set()]
1 NL 3 = 83 [rules out (3, 4), G = set(), O = set()]
(0, 'AG', 2, 100)
1 NL 6 = 100 [rules out (5, 6), G = {2}, O = set()]

1 NL 2 = 100 [rules out (4, 2), G = {2}, O = set()]

1 NL 5 = 100 [rules out (5, 7), G = {2}, O = set()]
[1] are verified winners with these assertions.
[2, 3, 4, 5, 6, 7] remain as potential winners in this audit.
------------------------------------------------
