VALID BALLOTS 3690
Winner 3
Winner 5
Computing AG relationships
3 AG 1 = 37
3 AG 6 = 34
3 AG 2 = 143
5 AG 1 = 23
5 AG 2 = 38
5 AG 4 = 389
Ruling out candidates: [(1, 37), (2, 143)]
STAGE 1 ASN (Ruling out candidates): 143
ALTERNATE OUTCOME PAIR: 6,3
   (1) can we show that 5 NL 3?
        a. margin 0.03757904245709143
      yes, 121, ags used 389 = 389
   (1) can we show that 5 NL 6?
        a. margin 0.04688346883468841
      yes, 50, ags used 38 = 50
   (1) can we show that 4 NL 3?
        a. margin -0.2786811201445346
      no
   (1) can we show that 4 NL 6?
        a. margin -0.15564588979223115
      no
      Best assertion(s) require sample: 50

ALTERNATE OUTCOME PAIR: 6,5
   (1) can we show that 3 NL 5?
        a. margin -0.14390243902439004
      no
   (1) can we show that 3 NL 6?
        a. margin 0.1395663956639559
      yes, 32, ags used 0 = 32
   (1) can we show that 4 NL 5?
        a. margin -0.3298102981029807
      no
   (1) can we show that 4 NL 6?
        a. margin 0.015266485998194135
      yes, 293, ags used 34 = 293
      Best assertion(s) require sample: 32

ALTERNATE OUTCOME PAIR: 6,4
   (1) can we show that 3 NL 4?
        a. margin 0.10614272809394776
      yes, 43, ags used 389 = 389
   (1) can we show that 3 NL 6?
        a. margin 0.13721770551038892
      yes, 33, ags used 0 = 33
   (1) can we show that 5 NL 4?
        a. margin 0.02448057813911486
      yes, 66, ags used 38 = 66
   (1) can we show that 5 NL 6?
        a. margin 0.21598915989159884
      yes, 21, ags used 34 = 34
      Best assertion(s) require sample: 33

ALTERNATE OUTCOME PAIR: 3,4
   (1) can we show that 6 NL 4?
        a. margin -0.10415537488708226
      no
   (1) can we show that 6 NL 3?
        a. margin -0.30352303523035207
      no
   (1) can we show that 5 NL 4?
        a. margin 0.04101174345076797
      yes, 53, ags used 38 = 53
   (1) can we show that 5 NL 3?
        a. margin -0.03640469738030705
      no
      Best assertion(s) require sample: 53

ALTERNATE OUTCOME PAIR: 5,4
   (1) can we show that 6 NL 4?
        a. margin -0.19810298102980983
      no
   (1) can we show that 6 NL 5?
        a. margin -0.3563685636856372
      no
   (1) can we show that 3 NL 4?
        a. margin 0.01960252935862772
      yes, 45, ags used 37 = 45
   (1) can we show that 3 NL 5?
        a. margin -0.04905149051490454
      no
      Best assertion(s) require sample: 45

RULE OUT PAIR STAGE ASN 53
------------------------------------------------
FULL audit sample size: 143
------------------------------------------------
Final set of assertions generated:
(2, 'AG', 1, 143)
3 NL 4 = 45 [rules out (5, 4), G = {0, 5}, O = set()]

(4, 'AG', 0, 23)
(4, 'AG', 1, 38)
(2, 'AG', 5, 34)
(2, 'AG', 0, 37)
5 NL 4 = 53 [rules out (3, 4), G = {0, 1}, O = set()]

3 NL 6 = 33 [rules out (6, 4), G = set(), O = set()]
5 NL 6 = 50 [rules out (6, 3), G = {0, 1}, O = set()]
3 NL 6 = 32 [rules out (6, 5), G = set(), O = set()]
All winners are verified in audit.
------------------------------------------------
