VALID BALLOTS 4096
Winner 4
Winner 7
Computing AG relationships
4 AG 2 = 76
4 AG 6 = 762
4 AG 5 = 42
Ruling out candidates: []
STAGE 1 ASN (Ruling out candidates): 0
ALTERNATE OUTCOME PAIR: 2,6
   (1) can we show that 5 NL 6?
        a. margin -0.14485677083333304
      no
   (1) can we show that 5 NL 2?
        a. margin -0.09073893229166541
      no
   (1) can we show that 4 NL 6?
        a. margin 0.013753255208333481
      yes, 51, ags used 42 = 51
   (1) can we show that 4 NL 2?
        a. margin 0.0673014322916674
      yes, 32, ags used 42 = 42
   (1) can we show that 3 NL 6?
        a. margin -0.006347656249999778
      no
   (1) can we show that 3 NL 2?
        a. margin 0.029215494791668073
      yes, 155, ags used 76 = 155
   (1) can we show that 1 NL 6?
        a. margin 0.020914713541666075
      yes, 216, ags used 762 = 762
   (1) can we show that 1 NL 2?
        a. margin 0.06998697916666785
      yes, 65, ags used 76 = 76
   (1) can we show that 7 NL 6?
        a. margin 0.04321289062500022
      yes, 105, ags used 762 = 762
   (1) can we show that 7 NL 2?
        a. margin 0.07958984375000089
      yes, 57, ags used 76 = 76
      Best assertion(s) require sample: 42

ALTERNATE OUTCOME PAIR: 2,5
   (1) can we show that 6 NL 5?
        a. margin -0.05550130208333304
      no
   (1) can we show that 6 NL 2?
        a. margin -0.050374348958332815
      no
   (1) can we show that 4 NL 5?
        a. margin 0.11140950520833348
      yes, 41, ags used 0 = 41
   (1) can we show that 4 NL 2?
        a. margin 0.06160481770833348
      yes, 74, ags used 0 = 74
   (1) can we show that 3 NL 5?
        a. margin 0.01961263020833348
      yes, 230, ags used 42 = 230
   (1) can we show that 3 NL 2?
        a. margin 0.024576822916667407
      yes, 184, ags used 76 = 184
   (1) can we show that 1 NL 5?
        a. margin 0.0709635416666663
      yes, 64, ags used 42 = 64
   (1) can we show that 1 NL 2?
        a. margin 0.06469726562500044
      yes, 70, ags used 76 = 76
   (1) can we show that 7 NL 5?
        a. margin 0.07560221354166674
      yes, 60, ags used 42 = 60
   (1) can we show that 7 NL 2?
        a. margin 0.07511393229166718
      yes, 60, ags used 76 = 76
      Best assertion(s) require sample: 41

ALTERNATE OUTCOME PAIR: 2,4
   (1) can we show that 6 NL 4?
        a. margin -0.3559570312499999
      no
   (1) can we show that 6 NL 2?
        a. margin -0.10799153645833337
      no
   (1) can we show that 5 NL 4?
        a. margin -0.2887369791666665
      no
   (1) can we show that 5 NL 2?
        a. margin -0.11100260416666641
      no
   (1) can we show that 3 NL 4?
        a. margin -0.2985839843749998
      no
   (1) can we show that 3 NL 2?
        a. margin -0.07731119791666519
      no
   (1) can we show that 1 NL 4?
        a. margin -0.21582031250000033
      no
   (1) can we show that 1 NL 2?
        a. margin -0.01000976562499889
      no
   (1) can we show that 7 NL 4?
        a. margin -0.21549479166666652
      no
   (1) can we show that 7 NL 2?
        a. margin 0.008300781249999556
      yes, 676, ags used 0 = 676
      Best assertion(s) require sample: 676

ALTERNATE OUTCOME PAIR: 2,3
   (1) can we show that 6 NL 3?
        a. margin -0.18880208333333326
      no
   (1) can we show that 6 NL 2?
        a. margin -0.04589843749999989
      no
   (1) can we show that 5 NL 3?
        a. margin -0.18627929687499978
      no
   (1) can we show that 5 NL 2?
        a. margin -0.084716796875
      no
   (1) can we show that 4 NL 3?
        a. margin 0.06022135416666696
      yes, 75, ags used 42 = 75
   (1) can we show that 4 NL 2?
        a. margin 0.0732421875
      yes, 30, ags used 42 = 42
   (1) can we show that 1 NL 3?
        a. margin -0.03450520833333359
      no
   (1) can we show that 1 NL 2?
        a. margin 0.07348632812499978
      yes, 62, ags used 76 = 76
   (1) can we show that 7 NL 3?
        a. margin -0.01953124999999989
      no
   (1) can we show that 7 NL 2?
        a. margin 0.08194986979166674
      yes, 55, ags used 76 = 76
      Best assertion(s) require sample: 42

ALTERNATE OUTCOME PAIR: 2,1
   (1) can we show that 6 NL 1?
        a. margin -0.32503255208333337
      no
   (1) can we show that 6 NL 2?
        a. margin -0.04248046874999989
      no
   (1) can we show that 5 NL 1?
        a. margin -0.27880859375
      no
   (1) can we show that 5 NL 2?
        a. margin -0.08471679687499989
      no
   (1) can we show that 4 NL 1?
        a. margin -0.00764973958333337
      no
   (1) can we show that 4 NL 2?
        a. margin 0.07381184895833348
      yes, 30, ags used 42 = 42
   (1) can we show that 3 NL 1?
        a. margin -0.25862630208333337
      no
   (1) can we show that 3 NL 2?
        a. margin 0.03377278645833326
      yes, 134, ags used 76 = 134
   (1) can we show that 7 NL 1?
        a. margin -0.12801106770833337
      no
   (1) can we show that 7 NL 2?
        a. margin 0.08138020833333326
      yes, 56, ags used 76 = 76
      Best assertion(s) require sample: 42

ALTERNATE OUTCOME PAIR: 2,7
   (1) can we show that 6 NL 7?
        a. margin -0.34700520833333326
      no
   (1) can we show that 6 NL 2?
        a. margin -0.04435221354166485
      no
   (1) can we show that 5 NL 7?
        a. margin -0.3077799479166665
      no
   (1) can we show that 5 NL 2?
        a. margin -0.08487955729166474
      no
   (1) can we show that 4 NL 7?
        a. margin -0.03255208333333326
      no
   (1) can we show that 4 NL 2?
        a. margin 0.07348632812499956
      yes, 30, ags used 42 = 42
   (1) can we show that 3 NL 7?
        a. margin -0.2797851562499999
      no
   (1) can we show that 3 NL 2?
        a. margin 0.03263346354166896
      yes, 139, ags used 76 = 139
   (1) can we show that 1 NL 7?
        a. margin -0.18872070312500044
      no
   (1) can we show that 1 NL 2?
        a. margin 0.07185872395833481
      yes, 63, ags used 76 = 76
      Best assertion(s) require sample: 42

ALTERNATE OUTCOME PAIR: 6,5
   (1) can we show that 2 NL 5?
        a. margin -0.0823567708333337
      no
   (1) can we show that 2 NL 6?
        a. margin -0.15096028645833293
      no
   (1) can we show that 4 NL 5?
        a. margin 0.11124674479166718
      yes, 41, ags used 0 = 41
   (1) can we show that 4 NL 6?
        a. margin 0.009033203125000444
      yes, 311, ags used 76 = 311
   (1) can we show that 3 NL 5?
        a. margin 0.019449869791668073
      yes, 232, ags used 42 = 232
   (1) can we show that 3 NL 6?
        a. margin -0.010416666666666075
      no
   (1) can we show that 1 NL 5?
        a. margin 0.07063802083333437
      yes, 64, ags used 42 = 64
   (1) can we show that 1 NL 6?
        a. margin 0.016682942708333925
      yes, 269, ags used 762 = 762
   (1) can we show that 7 NL 5?
        a. margin 0.07584635416666607
      yes, 60, ags used 42 = 60
   (1) can we show that 7 NL 6?
        a. margin 0.039143880208333925
      yes, 116, ags used 762 = 762
      Best assertion(s) require sample: 41

ALTERNATE OUTCOME PAIR: 6,4
   (1) can we show that 2 NL 4?
        a. margin -0.3912760416666674
      no
   (1) can we show that 2 NL 6?
        a. margin -0.22330729166666596
      no
   (1) can we show that 5 NL 4?
        a. margin -0.2857259114583318
      no
   (1) can we show that 5 NL 6?
        a. margin -0.16666666666666607
      no
   (1) can we show that 3 NL 4?
        a. margin -0.29565429687499833
      no
   (1) can we show that 3 NL 6?
        a. margin -0.11376953124999811
      no
   (1) can we show that 1 NL 4?
        a. margin -0.21297200520833193
      no
   (1) can we show that 1 NL 6?
        a. margin -0.06087239583333204
      no
   (1) can we show that 7 NL 4?
        a. margin -0.2128092447916673
      no
   (1) can we show that 7 NL 6?
        a. margin -0.03328450520833337
      no

ALTERNATE OUTCOME PAIR: 6,3
   (1) can we show that 2 NL 3?
        a. margin -0.2178548177083326
      no
   (1) can we show that 2 NL 6?
        a. margin -0.13688151041666696
      no
   (1) can we show that 5 NL 3?
        a. margin -0.18424479166666574
      no
   (1) can we show that 5 NL 6?
        a. margin -0.13175455729166674
      no
   (1) can we show that 4 NL 3?
        a. margin 0.06209309895833415
      yes, 73, ags used 42 = 73
   (1) can we show that 4 NL 6?
        a. margin 0.02677408854166652
      yes, 45, ags used 42 = 45
   (1) can we show that 1 NL 3?
        a. margin -0.03190104166666585
      no
   (1) can we show that 1 NL 6?
        a. margin 0.031005859374999778
      yes, 146, ags used 762 = 762
   (1) can we show that 7 NL 3?
        a. margin -0.017740885416665964
      no
   (1) can we show that 7 NL 6?
        a. margin 0.04980468749999978
      yes, 91, ags used 762 = 762
      Best assertion(s) require sample: 45

ALTERNATE OUTCOME PAIR: 6,1
   (1) can we show that 2 NL 1?
        a. margin -0.35937499999999956
      no
   (1) can we show that 2 NL 6?
        a. margin -0.14200846354166663
      no
   (1) can we show that 5 NL 1?
        a. margin -0.2761230468749988
      no
   (1) can we show that 5 NL 6?
        a. margin -0.13728841145833326
      no
   (1) can we show that 4 NL 1?
        a. margin -0.013671874999999
      no
   (1) can we show that 4 NL 6?
        a. margin 0.021484375
      yes, 47, ags used 42 = 47
   (1) can we show that 3 NL 1?
        a. margin -0.2567545572916654
      no
   (1) can we show that 3 NL 6?
        a. margin -0.0006510416666667407
      no
   (1) can we show that 7 NL 1?
        a. margin -0.12744140625000044
      no
   (1) can we show that 7 NL 6?
        a. margin 0.04581705729166652
      yes, 99, ags used 762 = 762
      Best assertion(s) require sample: 47

ALTERNATE OUTCOME PAIR: 6,7
   (1) can we show that 2 NL 7?
        a. margin -0.39363606770833204
      no
   (1) can we show that 2 NL 6?
        a. margin -0.13631184895833204
      no
   (1) can we show that 5 NL 7?
        a. margin -0.30371093749999867
      no
   (1) can we show that 5 NL 6?
        a. margin -0.13297526041666485
      no
   (1) can we show that 4 NL 7?
        a. margin -0.03743489583333226
      no
   (1) can we show that 4 NL 6?
        a. margin 0.026123046874999778
      yes, 45, ags used 42 = 45
   (1) can we show that 3 NL 7?
        a. margin -0.2754720052083318
      no
   (1) can we show that 3 NL 6?
        a. margin 0.0020345052083352577
      yes, 4032, ags used 762 = 4032
   (1) can we show that 1 NL 7?
        a. margin -0.1844889322916654
      no
   (1) can we show that 1 NL 6?
        a. margin 0.027506510416668073
      yes, 165, ags used 762 = 762
      Best assertion(s) require sample: 45

ALTERNATE OUTCOME PAIR: 5,4
   (1) can we show that 2 NL 4?
        a. margin -0.37255859375000044
      no
   (1) can we show that 2 NL 5?
        a. margin -0.2762044270833337
      no
   (1) can we show that 6 NL 4?
        a. margin -0.33414713541666696
      no
   (1) can we show that 6 NL 5?
        a. margin -0.2421875000000009
      no
   (1) can we show that 3 NL 4?
        a. margin -0.2768554687499992
      no
   (1) can we show that 3 NL 5?
        a. margin -0.18741861979166474
      no
   (1) can we show that 1 NL 4?
        a. margin -0.19409179687499922
      no
   (1) can we show that 1 NL 5?
        a. margin -0.10807291666666496
      no
   (1) can we show that 7 NL 4?
        a. margin -0.19352213541666707
      no
   (1) can we show that 7 NL 5?
        a. margin -0.10742187500000078
      no

ALTERNATE OUTCOME PAIR: 5,3
   (1) can we show that 2 NL 3?
        a. margin -0.2204589843749999
      no
   (1) can we show that 2 NL 5?
        a. margin -0.08471679687500022
      no
   (1) can we show that 6 NL 3?
        a. margin -0.18929036458333337
      no
   (1) can we show that 6 NL 5?
        a. margin -0.057373046875
      no
   (1) can we show that 4 NL 3?
        a. margin 0.0023600260416667407
      yes, 3769, ags used 762 = 3769
   (1) can we show that 4 NL 5?
        a. margin 0.10921223958333326
      yes, 41, ags used 0 = 41
   (1) can we show that 1 NL 3?
        a. margin -0.03540039062499989
      no
   (1) can we show that 1 NL 5?
        a. margin 0.06868489583333348
      yes, 66, ags used 42 = 66
   (1) can we show that 7 NL 3?
        a. margin -0.02058919270833337
      no
   (1) can we show that 7 NL 5?
        a. margin 0.073486328125
      yes, 62, ags used 42 = 62
      Best assertion(s) require sample: 41

ALTERNATE OUTCOME PAIR: 5,1
   (1) can we show that 2 NL 1?
        a. margin -0.3583984375000002
      no
   (1) can we show that 2 NL 5?
        a. margin -0.080810546875
      no
   (1) can we show that 6 NL 1?
        a. margin -0.32169596354166696
      no
   (1) can we show that 6 NL 5?
        a. margin -0.05379231770833326
      no
   (1) can we show that 4 NL 1?
        a. margin -0.08447265624999956
      no
   (1) can we show that 4 NL 5?
        a. margin 0.11328125
      yes, 40, ags used 0 = 40
   (1) can we show that 3 NL 1?
        a. margin -0.25284830729166585
      no
   (1) can we show that 3 NL 5?
        a. margin 0.02099609375
      yes, 215, ags used 42 = 215
   (1) can we show that 7 NL 1?
        a. margin -0.12613932291666696
      no
   (1) can we show that 7 NL 5?
        a. margin 0.07649739583333326
      yes, 59, ags used 42 = 59
      Best assertion(s) require sample: 40

ALTERNATE OUTCOME PAIR: 5,7
   (1) can we show that 2 NL 7?
        a. margin -0.3941243489583328
      no
   (1) can we show that 2 NL 5?
        a. margin -0.08024088541666541
      no
   (1) can we show that 6 NL 7?
        a. margin -0.3435058593749998
      no
   (1) can we show that 6 NL 5?
        a. margin -0.05273437499999889
      no
   (1) can we show that 4 NL 7?
        a. margin -0.10953776041666641
      no
   (1) can we show that 4 NL 5?
        a. margin 0.1153157552083317
      yes, 39, ags used 0 = 39
   (1) can we show that 3 NL 7?
        a. margin -0.2739257812499992
      no
   (1) can we show that 3 NL 5?
        a. margin 0.022054036458334814
      yes, 205, ags used 42 = 205
   (1) can we show that 1 NL 7?
        a. margin -0.18473307291666596
      no
   (1) can we show that 1 NL 5?
        a. margin 0.07283528645833437
      yes, 62, ags used 42 = 62
      Best assertion(s) require sample: 39

ALTERNATE OUTCOME PAIR: 4,3
   (1) can we show that 2 NL 3?
        a. margin -0.21842447916666696
      no
   (1) can we show that 2 NL 4?
        a. margin -0.39615885416666674
      no
   (1) can we show that 6 NL 3?
        a. margin -0.18815104166666674
      no
   (1) can we show that 6 NL 4?
        a. margin -0.35774739583333337
      no
   (1) can we show that 5 NL 3?
        a. margin -0.18717447916666674
      no
   (1) can we show that 5 NL 4?
        a. margin -0.2879231770833336
      no
   (1) can we show that 1 NL 3?
        a. margin -0.033447265624999445
      no
   (1) can we show that 1 NL 4?
        a. margin -0.21834309895833304
      no
   (1) can we show that 7 NL 3?
        a. margin -0.01839192708333348
      no
   (1) can we show that 7 NL 4?
        a. margin -0.218505859375
      no

ALTERNATE OUTCOME PAIR: 4,1
   (1) can we show that 2 NL 1?
        a. margin -0.34521484375000067
      no
   (1) can we show that 2 NL 4?
        a. margin -0.38557942708333337
      no
   (1) can we show that 6 NL 1?
        a. margin -0.3094075520833338
      no
   (1) can we show that 6 NL 4?
        a. margin -0.34716796875
      no
   (1) can we show that 5 NL 1?
        a. margin -0.2780761718750002
      no
   (1) can we show that 5 NL 4?
        a. margin -0.278564453125
      no
   (1) can we show that 3 NL 1?
        a. margin -0.23510742187499978
      no
   (1) can we show that 3 NL 4?
        a. margin -0.28987630208333337
      no
   (1) can we show that 7 NL 1?
        a. margin -0.11376953125000044
      no
   (1) can we show that 7 NL 4?
        a. margin -0.20906575520833337
      no

ALTERNATE OUTCOME PAIR: 3,1
   (1) can we show that 2 NL 1?
        a. margin -0.3502604166666665
      no
   (1) can we show that 2 NL 3?
        a. margin -0.20963541666666652
      no
   (1) can we show that 6 NL 1?
        a. margin -0.31429036458333326
      no
   (1) can we show that 6 NL 3?
        a. margin -0.17879231770833326
      no
   (1) can we show that 5 NL 1?
        a. margin -0.26521809895833326
      no
   (1) can we show that 5 NL 3?
        a. margin -0.17521158854166663
      no
   (1) can we show that 4 NL 1?
        a. margin 0.01969401041666674
      yes, 229, ags used 762 = 762
   (1) can we show that 4 NL 3?
        a. margin 0.07145182291666674
      yes, 63, ags used 42 = 63
   (1) can we show that 7 NL 1?
        a. margin -0.12263997395833337
      no
   (1) can we show that 7 NL 3?
        a. margin -0.01350911458333337
      no
      Best assertion(s) require sample: 63

ALTERNATE OUTCOME PAIR: 3,7
   (1) can we show that 2 NL 7?
        a. margin -0.37931315104166696
      no
   (1) can we show that 2 NL 3?
        a. margin -0.20393880208333248
      no
   (1) can we show that 6 NL 7?
        a. margin -0.3304036458333335
      no
   (1) can we show that 6 NL 3?
        a. margin -0.17325846354166552
      no
   (1) can we show that 5 NL 7?
        a. margin -0.28792317708333315
      no
   (1) can we show that 5 NL 3?
        a. margin -0.16902669270833193
      no
   (1) can we show that 4 NL 7?
        a. margin 0.000976562500000222
      yes, 4096, ags used 762 = 4096
   (1) can we show that 4 NL 3?
        a. margin 0.0030110677083348136
      yes, 59, ags used 42 = 59
   (1) can we show that 1 NL 7?
        a. margin -0.17342122395833293
      no
   (1) can we show that 1 NL 3?
        a. margin -0.02237955729166574
      no
      Best assertion(s) require sample: 59

ALTERNATE OUTCOME PAIR: 1,7
   (1) can we show that 2 NL 7?
        a. margin -0.3732910156249999
      no
   (1) can we show that 2 NL 1?
        a. margin -0.3379720052083316
      no
   (1) can we show that 6 NL 7?
        a. margin -0.3227539062499999
      no
   (1) can we show that 6 NL 1?
        a. margin -0.30143229166666496
      no
   (1) can we show that 5 NL 7?
        a. margin -0.28377278645833326
      no
   (1) can we show that 5 NL 1?
        a. margin -0.2544759114583315
      no
   (1) can we show that 4 NL 7?
        a. margin 0.004638671875
      yes, 1178, ags used 762 = 1178
   (1) can we show that 4 NL 1?
        a. margin 0.008219401041668295
      yes, 682, ags used 76 = 682
   (1) can we show that 3 NL 7?
        a. margin -0.25667317708333326
      no
   (1) can we show that 3 NL 1?
        a. margin -0.23811848958333126
      no
      Best assertion(s) require sample: 682

RULE OUT PAIR STAGE ASN 682
------------------------------------------------
EXAMINING WAYS TO REDUCE COST OF AUDIT
------------------------------------------------
Alternate outcome cannot be ruled out: 6,4
Alternate outcome cannot be ruled out: 5,4
Alternate outcome cannot be ruled out: 4,3
Alternate outcome cannot be ruled out: 4,1
Full audit not possible
PARTIAL audit sample size: 682
------------------------------------------------
Final set of assertions generated:
4 NL 5 = 41 [rules out (5, 3), G = set(), O = set()]
4 NL 2 = 42 [rules out (2, 6), G = {4}, O = set()]
4 NL 6 = 45 [rules out (6, 3), G = {4}, O = set()]
7 NL 2 = 676 [rules out (2, 4), G = set(), O = set()]
4 NL 2 = 42 [rules out (2, 7), G = {4}, O = set()]
(3, 'AG', 1, 76)
4 NL 6 = 45 [rules out (6, 7), G = {4}, O = set()]
4 NL 5 = 41 [rules out (6, 5), G = set(), O = set()]

4 NL 1 = 682 [rules out (1, 7), G = {1, 4}, O = set()]
4 NL 6 = 47 [rules out (6, 1), G = {4}, O = set()]
4 NL 3 = 59 [rules out (3, 7), G = {4}, O = set()]
4 NL 3 = 63 [rules out (3, 1), G = {4}, O = set()]
4 NL 5 = 40 [rules out (5, 1), G = set(), O = set()]
4 NL 2 = 42 [rules out (2, 1), G = {4}, O = set()]
4 NL 5 = 41 [rules out (2, 5), G = set(), O = set()]

4 NL 5 = 39 [rules out (5, 7), G = set(), O = set()]
(3, 'AG', 4, 42)
4 NL 2 = 42 [rules out (2, 3), G = {4}, O = set()]
[4] are verified winners with these assertions.
[1, 3, 5, 6, 7] remain as potential winners in this audit.
------------------------------------------------
