VALID BALLOTS 4198
Winner 2
Winner 3
Computing AG relationships
2 AG 7 = 23
2 AG 5 = 41
2 AG 1 = 77
2 AG 6 = 1208
3 AG 5 = 262
3 AG 1 = 149
3 AG 6 = 231
Ruling out candidates: [(5, 262), (1, 149), (6, 1208)]
STAGE 1 ASN (Ruling out candidates): 1208
ALTERNATE OUTCOME PAIR: 7,2
   (1) can we show that 4 NL 2?
        a. margin -0.15936160076226713
      no
   (1) can we show that 4 NL 7?
        a. margin -0.03557249483881186
      no
   (1) can we show that 3 NL 2?
        a. margin -0.06320470065110306
      no
   (1) can we show that 3 NL 7?
        a. margin 0.0038113387327300963
      yes, 92, ags used 231 = 231
      Best assertion(s) require sample: 231

ALTERNATE OUTCOME PAIR: 7,4
   (1) can we show that 2 NL 4?
        a. margin -0.17508337303477817
      no
   (1) can we show that 2 NL 7?
        a. margin 0.19612513895505757
      yes, 23, ags used 0 = 23
   (1) can we show that 3 NL 4?
        a. margin -0.014610131808797555
      no
   (1) can we show that 3 NL 7?
        a. margin 0.17690963951087846
      yes, 25, ags used 23 = 25
      Best assertion(s) require sample: 23

ALTERNATE OUTCOME PAIR: 7,3
   (1) can we show that 2 NL 3?
        a. margin -0.1765126250595519
      no
   (1) can we show that 2 NL 7?
        a. margin 0.19707797363824087
      yes, 23, ags used 0 = 23
   (1) can we show that 4 NL 3?
        a. margin -0.18659679212323277
      no
   (1) can we show that 4 NL 7?
        a. margin 0.13744640304907096
      yes, 33, ags used 23 = 33
      Best assertion(s) require sample: 23

ALTERNATE OUTCOME PAIR: 2,4
   (1) can we show that 7 NL 4?
        a. margin -0.46172780689217097
      no
   (1) can we show that 7 NL 2?
        a. margin -0.34500555820231915
      no
   (1) can we show that 3 NL 4?
        a. margin -0.0019850722566302492
      no
   (1) can we show that 3 NL 2?
        a. margin -0.06923932031125901
      no

ALTERNATE OUTCOME PAIR: 4,3
   (1) can we show that 7 NL 3?
        a. margin -0.41575353342861765
      no
   (1) can we show that 7 NL 4?
        a. margin -0.40566936636493633
      no
   (1) can we show that 2 NL 3?
        a. margin -0.08591392726695102
      no
   (1) can we show that 2 NL 4?
        a. margin -0.07408289661743572
      no

RULE OUT PAIR STAGE ASN 231
------------------------------------------------
EXAMINING WAYS TO REDUCE COST OF AUDIT
ALTERNATE OUTCOME PAIR: 6,7
   (1) can we show that 2 NL 7?
        a. margin 0.1955693187232006
      yes, 23, ags used 0 = 23
   (1) can we show that 2 NL 6?
        a. margin 0.005478799428299208
      yes, 161, ags used 77 = 161
   (1) can we show that 4 NL 7?
        a. margin 0.13800222328092748
      yes, 33, ags used 23 = 33
   (1) can we show that 4 NL 6?
        a. margin 0.0050023820867080016
      yes, 1324, ags used 1208 = 1324
   (1) can we show that 3 NL 7?
        a. margin 0.17714784818167417
      yes, 25, ags used 23 = 25
   (1) can we show that 3 NL 6?
        a. margin 0.019691916785770758
      yes, 160, ags used 149 = 160
      Best assertion(s) require sample: 23

ALTERNATE OUTCOME PAIR: 6,2
   (1) can we show that 7 NL 2?
        a. margin -0.35246942988724717
      no
   (1) can we show that 7 NL 6?
        a. margin -0.16134667301889793
      no
   (1) can we show that 4 NL 2?
        a. margin -0.16722248689852282
      no
   (1) can we show that 4 NL 6?
        a. margin -0.005955216769890415
      no
   (1) can we show that 3 NL 2?
        a. margin -0.11259329839606125
      no
   (1) can we show that 3 NL 6?
        a. margin 0.024297284421152643
      yes, 138, ags used 149 = 149
      Best assertion(s) require sample: 149

ALTERNATE OUTCOME PAIR: 6,4
   (1) can we show that 7 NL 4?
        a. margin -0.44695886930284323
      no
   (1) can we show that 7 NL 6?
        a. margin -0.15515324757821103
      no
   (1) can we show that 2 NL 4?
        a. margin -0.12458313482610661
      no
   (1) can we show that 2 NL 6?
        a. margin 0.01778624741940682
      yes, 73, ags used 41 = 73
   (1) can we show that 3 NL 4?
        a. margin -0.04510084167063633
      no
   (1) can we show that 3 NL 6?
        a. margin 0.02255042083531844
      yes, 146, ags used 149 = 149
      Best assertion(s) require sample: 73

ALTERNATE OUTCOME PAIR: 6,3
   (1) can we show that 7 NL 3?
        a. margin -0.44727648086390404
      no
   (1) can we show that 7 NL 6?
        a. margin -0.21478481816738137
      no
   (1) can we show that 2 NL 3?
        a. margin -0.12664760997300195
      no
   (1) can we show that 2 NL 6?
        a. margin 0.018262664760998026
      yes, 72, ags used 41 = 72
   (1) can we show that 4 NL 3?
        a. margin -0.1757185961568991
      no
   (1) can we show that 4 NL 6?
        a. margin -0.00015880578053029115
      no
      Best assertion(s) require sample: 72

5 ruled out by pairs, sample size 149
STAGE 1 ASN NOW 262
NEW RULE OUT PAIR STAGE ASN 231
ALTERNATE OUTCOME PAIR: 5,7
   (1) can we show that 6 NL 7?
        a. margin 0.10362077179609308
      yes, 44, ags used 23 = 44
   (1) can we show that 6 NL 5?
        a. margin 0.06066380816261763
      yes, 75, ags used 41 = 75
   (1) can we show that 2 NL 7?
        a. margin 0.19596633317452605
      yes, 23, ags used 0 = 23
   (1) can we show that 2 NL 5?
        a. margin 0.1104494203589006
      yes, 41, ags used 0 = 41
   (1) can we show that 4 NL 7?
        a. margin 0.138955057964111
      yes, 32, ags used 23 = 32
   (1) can we show that 4 NL 5?
        a. margin 0.10822613943147497
      yes, 42, ags used 41 = 42
   (1) can we show that 3 NL 7?
        a. margin 0.17833889153565297
      yes, 25, ags used 23 = 25
   (1) can we show that 3 NL 5?
        a. margin 0.023265046847704696
      yes, 30, ags used 41 = 41
      Best assertion(s) require sample: 23

ALTERNATE OUTCOME PAIR: 5,6
   (1) can we show that 7 NL 6?
        a. margin -0.15674130538351572
      no
   (1) can we show that 7 NL 5?
        a. margin -0.03485786882642439
      no
   (1) can we show that 2 NL 6?
        a. margin 0.00698745434333814
      yes, 91, ags used 77 = 91
   (1) can we show that 2 NL 5?
        a. margin 0.12172463077655848
      yes, 30, ags used 23 = 30
   (1) can we show that 4 NL 6?
        a. margin 0.005955216769890637
      yes, 931, ags used 1208 = 1208
   (1) can we show that 4 NL 5?
        a. margin 0.11505478799428359
      yes, 39, ags used 41 = 41
   (1) can we show that 3 NL 6?
        a. margin 0.020882960139749107
      yes, 154, ags used 149 = 154
   (1) can we show that 3 NL 5?
        a. margin 0.025329521994599924
      yes, 29, ags used 41 = 41
      Best assertion(s) require sample: 30

ALTERNATE OUTCOME PAIR: 5,2
   (1) can we show that 7 NL 2?
        a. margin -0.3534222645704309
      no
   (1) can we show that 7 NL 5?
        a. margin -0.0559790376369701
      no
   (1) can we show that 6 NL 2?
        a. margin -0.23836747657614799
      no
   (1) can we show that 6 NL 5?
        a. margin 0.019850722566301604
      yes, 227, ags used 262 = 262
   (1) can we show that 4 NL 2?
        a. margin -0.16476099730030092
      no
   (1) can we show that 4 NL 5?
        a. margin 0.014530728918532798
      yes, 179, ags used 262 = 262
   (1) can we show that 3 NL 2?
        a. margin -0.07876766714308314
      no
   (1) can we show that 3 NL 5?
        a. margin 0.05335874225821846
      yes, 85, ags used 0 = 85
      Best assertion(s) require sample: 85

ALTERNATE OUTCOME PAIR: 5,4
   (1) can we show that 7 NL 4?
        a. margin -0.46498332539304466
      no
   (1) can we show that 7 NL 5?
        a. margin -0.04065427981578418
      no
   (1) can we show that 6 NL 4?
        a. margin -0.35064316341114876
      no
   (1) can we show that 6 NL 5?
        a. margin 0.06868350007940349
      yes, 66, ags used 41 = 66
   (1) can we show that 2 NL 4?
        a. margin -0.15221534063839848
      no
   (1) can we show that 2 NL 5?
        a. margin 0.12085119898364383
      yes, 30, ags used 23 = 30
   (1) can we show that 3 NL 4?
        a. margin -0.022709226615848066
      no
   (1) can we show that 3 NL 5?
        a. margin 0.019850722566301826
      yes, 30, ags used 41 = 41
      Best assertion(s) require sample: 30

ALTERNATE OUTCOME PAIR: 5,3
   (1) can we show that 7 NL 3?
        a. margin -0.46538033984437066
      no
   (1) can we show that 7 NL 5?
        a. margin -0.10679688740670157
      no
   (1) can we show that 6 NL 3?
        a. margin -0.3528664443385745
      no
   (1) can we show that 6 NL 5?
        a. margin 0.06892170875019832
      yes, 66, ags used 41 = 66
   (1) can we show that 2 NL 3?
        a. margin -0.15404160711449844
      no
   (1) can we show that 2 NL 5?
        a. margin 0.12061299031284789
      yes, 30, ags used 23 = 30
   (1) can we show that 4 NL 3?
        a. margin -0.18572336033031522
      no
   (1) can we show that 4 NL 5?
        a. margin 0.10894076544386211
      yes, 41, ags used 41 = 41
      Best assertion(s) require sample: 30

4 ruled out by pairs, sample size 85
STAGE 1 ASN NOW 149
NEW RULE OUT PAIR STAGE ASN 231
------------------------------------------------
Alternate outcome cannot be ruled out: 2,4
Alternate outcome cannot be ruled out: 4,3
Full audit not possible
PARTIAL audit sample size: 231
------------------------------------------------
Final set of assertions generated:
(2, 'AG', 5, 231)
(1, 'AG', 4, 41)
(1, 'AG', 0, 77)
2 NL 7 = 23 [rules out (7, 3), G = set(), O = set()]
2 NL 5 = 30 [rules out (5, 4), G = {6}, O = set()]
(2, 'AG', 0, 149)
3 NL 7 = 231 [rules out (7, 2), G = {0, 5}, O = set()]
2 NL 6 = 73 [rules out (6, 4), G = {4, 6}, O = set()]
2 NL 5 = 30 [rules out (5, 3), G = {6}, O = set()]
3 NL 6 = 149 [rules out (6, 2), G = {0}, O = set()]
2 NL 6 = 72 [rules out (6, 3), G = {4, 6}, O = set()]
3 NL 5 = 85 [rules out (5, 2), G = set(), O = set()]
2 NL 5 = 30 [rules out (5, 6), G = {6}, O = set()]
2 NL 7 = 23 [rules out (6, 7), G = set(), O = set()]

2 NL 7 = 23 [rules out (5, 7), G = set(), O = set()]

2 NL 7 = 23 [rules out (7, 4), G = set(), O = set()]
(1, 'AG', 6, 23)
[] are verified winners with these assertions.
[2, 3, 4] remain as potential winners in this audit.
------------------------------------------------
