VALID BALLOTS 5652
Winner 4
Winner 6
Computing AG relationships
Ruling out candidates: []
STAGE 1 ASN (Ruling out candidates): 0
ALTERNATE OUTCOME PAIR: 1,3
   (1) can we show that 5 NL 3?
        a. margin -0.11128803963198863
      no
   (1) can we show that 5 NL 1?
        a. margin -0.044703939608398136
      no
   (1) can we show that 2 NL 3?
        a. margin -0.05101439018636478
      no
   (1) can we show that 2 NL 1?
        a. margin -0.06221986317527706
      no
   (1) can we show that 4 NL 3?
        a. margin -0.08775654635527252
      no
   (1) can we show that 4 NL 1?
        a. margin 0.004541165369190914
      yes, 1503, ags used 0 = 1503
   (1) can we show that 6 NL 3?
        a. margin -0.08911299834866715
      no
   (1) can we show that 6 NL 1?
        a. margin 0.008374616654871492
      yes, 687, ags used 0 = 687
      Best assertion(s) require sample: 687

ALTERNATE OUTCOME PAIR: 1,5
   (1) can we show that 3 NL 5?
        a. margin -0.3325666430761972
      no
   (1) can we show that 3 NL 1?
        a. margin -0.09907997169143634
      no
   (1) can we show that 2 NL 5?
        a. margin -0.285798537390894
      no
   (1) can we show that 2 NL 1?
        a. margin -0.05172210426987489
      no
   (1) can we show that 4 NL 5?
        a. margin -0.15198159943382872
      no
   (1) can we show that 4 NL 1?
        a. margin -0.002123142250530674
      no
   (1) can we show that 6 NL 5?
        a. margin -0.1358221278603443
      no
   (1) can we show that 6 NL 1?
        a. margin 0.0033616418966737616
      yes, 2945, ags used 0 = 2945
      Best assertion(s) require sample: 2945

ALTERNATE OUTCOME PAIR: 1,2
   (1) can we show that 3 NL 2?
        a. margin -0.13187072422741208
      no
   (1) can we show that 3 NL 1?
        a. margin -0.10863411181882521
      no
   (1) can we show that 5 NL 2?
        a. margin -0.10981363529134214
      no
   (1) can we show that 5 NL 1?
        a. margin -0.03898325076669018
      no
   (1) can we show that 4 NL 2?
        a. margin -0.08392309506959184
      no
   (1) can we show that 4 NL 1?
        a. margin 0.011323425336164261
      yes, 512, ags used 0 = 512
   (1) can we show that 6 NL 2?
        a. margin -0.08280254777070062
      no
   (1) can we show that 6 NL 1?
        a. margin 0.01580561453172935
      yes, 287, ags used 0 = 287
      Best assertion(s) require sample: 287

ALTERNATE OUTCOME PAIR: 1,4
   (1) can we show that 3 NL 4?
        a. margin -0.3325076669025713
      no
   (1) can we show that 3 NL 1?
        a. margin -0.09023354564755803
      no
   (1) can we show that 5 NL 4?
        a. margin -0.19603680113234256
      no
   (1) can we show that 5 NL 1?
        a. margin -0.045942439254541334
      no
   (1) can we show that 2 NL 4?
        a. margin -0.2877447511205472
      no
   (1) can we show that 2 NL 1?
        a. margin -0.04399622552488769
      no
   (1) can we show that 6 NL 4?
        a. margin -0.1463788629393724
      no
   (1) can we show that 6 NL 1?
        a. margin 0.006192498230714438
      yes, 923, ags used 0 = 923
      Best assertion(s) require sample: 923

ALTERNATE OUTCOME PAIR: 1,6
   (1) can we show that 3 NL 6?
        a. margin -0.2827317763623496
      no
   (1) can we show that 3 NL 1?
        a. margin -0.09064637886293947
      no
   (1) can we show that 5 NL 6?
        a. margin -0.14944562396791705
      no
   (1) can we show that 5 NL 1?
        a. margin -0.04983486671384785
      no
   (1) can we show that 2 NL 6?
        a. margin -0.23720217032318947
      no
   (1) can we show that 2 NL 1?
        a. margin -0.04387827317763626
      no
   (1) can we show that 4 NL 6?
        a. margin -0.09194385468270827
      no
   (1) can we show that 4 NL 1?
        a. margin 0.0001179523472516486
      yes, 3015, ags used 0 = 3015
      Best assertion(s) require sample: 3015

ALTERNATE OUTCOME PAIR: 3,5
   (1) can we show that 1 NL 5?
        a. margin -0.39384288747346086
      no
   (1) can we show that 1 NL 3?
        a. margin -0.2656286860108511
      no
   (1) can we show that 2 NL 5?
        a. margin -0.2899268695447037
      no
   (1) can we show that 2 NL 3?
        a. margin -0.04287567822599636
      no
   (1) can we show that 4 NL 5?
        a. margin -0.14537626798773318
      no
   (1) can we show that 4 NL 3?
        a. margin -0.07967681056852982
      no
   (1) can we show that 6 NL 5?
        a. margin -0.12827317763623514
      no
   (1) can we show that 6 NL 3?
        a. margin -0.07902807265864609
      no

ALTERNATE OUTCOME PAIR: 3,2
   (1) can we show that 1 NL 2?
        a. margin -0.24687426279782965
      no
   (1) can we show that 1 NL 3?
        a. margin -0.23737909884406694
      no
   (1) can we show that 5 NL 2?
        a. margin -0.08545647558386416
      no
   (1) can we show that 5 NL 3?
        a. margin -0.07313045529606055
      no
   (1) can we show that 4 NL 2?
        a. margin -0.05874026893135176
      no
   (1) can we show that 4 NL 3?
        a. margin -0.048301486199575416
      no
   (1) can we show that 6 NL 2?
        a. margin -0.058681292757725934
      no
   (1) can we show that 6 NL 3?
        a. margin -0.050601556970983674
      no

ALTERNATE OUTCOME PAIR: 3,4
   (1) can we show that 1 NL 4?
        a. margin -0.3997994810096721
      no
   (1) can we show that 1 NL 3?
        a. margin -0.2738263741448457
      no
   (1) can we show that 5 NL 4?
        a. margin -0.19485727765982552
      no
   (1) can we show that 5 NL 3?
        a. margin -0.10851615947157356
      no
   (1) can we show that 2 NL 4?
        a. margin -0.29299363057324845
      no
   (1) can we show that 2 NL 3?
        a. margin -0.04676810568530265
      no
   (1) can we show that 6 NL 4?
        a. margin -0.1426633640009437
      no
   (1) can we show that 6 NL 3?
        a. margin -0.08551545175748976
      no

ALTERNATE OUTCOME PAIR: 3,6
   (1) can we show that 1 NL 6?
        a. margin -0.33716678461901406
      no
   (1) can we show that 1 NL 3?
        a. margin -0.2806086341118187
      no
   (1) can we show that 5 NL 6?
        a. margin -0.1502123142250531
      no
   (1) can we show that 5 NL 3?
        a. margin -0.11618306204293483
      no
   (1) can we show that 2 NL 6?
        a. margin -0.2394432649209719
      no
   (1) can we show that 2 NL 3?
        a. margin -0.051427223401746214
      no
   (1) can we show that 4 NL 6?
        a. margin -0.09235668789808937
      no
   (1) can we show that 4 NL 3?
        a. margin -0.09217975937721212
      no

ALTERNATE OUTCOME PAIR: 5,2
   (1) can we show that 1 NL 2?
        a. margin -0.26226704411417734
      no
   (1) can we show that 1 NL 5?
        a. margin -0.3911299834866717
      no
   (1) can we show that 3 NL 2?
        a. margin -0.12597310686482632
      no
   (1) can we show that 3 NL 5?
        a. margin -0.336400094361878
      no
   (1) can we show that 4 NL 2?
        a. margin -0.07596131163010111
      no
   (1) can we show that 4 NL 5?
        a. margin -0.14230950695918831
      no
   (1) can we show that 6 NL 2?
        a. margin -0.07372021703231912
      no
   (1) can we show that 6 NL 5?
        a. margin -0.12432177400330258
      no

ALTERNATE OUTCOME PAIR: 5,4
   (1) can we show that 1 NL 4?
        a. margin -0.3811630101439015
      no
   (1) can we show that 1 NL 5?
        a. margin -0.37172682236376464
      no
   (1) can we show that 3 NL 4?
        a. margin -0.31446095777305927
      no
   (1) can we show that 3 NL 5?
        a. margin -0.30561453172918096
      no
   (1) can we show that 2 NL 4?
        a. margin -0.27040575607454553
      no
   (1) can we show that 2 NL 5?
        a. margin -0.2592002830856329
      no
   (1) can we show that 6 NL 4?
        a. margin -0.13116301014390197
      no
   (1) can we show that 6 NL 5?
        a. margin -0.1158881811748057
      no

ALTERNATE OUTCOME PAIR: 5,6
   (1) can we show that 1 NL 6?
        a. margin -0.3241920264213253
      no
   (1) can we show that 1 NL 5?
        a. margin -0.36223165841000227
      no
   (1) can we show that 3 NL 6?
        a. margin -0.27099551781080466
      no
   (1) can we show that 3 NL 5?
        a. margin -0.2945859872611464
      no
   (1) can we show that 2 NL 6?
        a. margin -0.22564284029252213
      no
   (1) can we show that 2 NL 5?
        a. margin -0.24811276244397296
      no
   (1) can we show that 4 NL 6?
        a. margin -0.08297947629157898
      no
   (1) can we show that 4 NL 5?
        a. margin -0.126680820948337
      no

ALTERNATE OUTCOME PAIR: 2,4
   (1) can we show that 1 NL 4?
        a. margin -0.3972045293701346
      no
   (1) can we show that 1 NL 2?
        a. margin -0.2691082802547772
      no
   (1) can we show that 3 NL 4?
        a. margin -0.33698985609813636
      no
   (1) can we show that 3 NL 2?
        a. margin -0.12821420146260898
      no
   (1) can we show that 5 NL 4?
        a. margin -0.19155461193677747
      no
   (1) can we show that 5 NL 2?
        a. margin -0.1069238027836753
      no
   (1) can we show that 6 NL 4?
        a. margin -0.1359990563812219
      no
   (1) can we show that 6 NL 2?
        a. margin -0.07991271526303367
      no

ALTERNATE OUTCOME PAIR: 2,6
   (1) can we show that 1 NL 6?
        a. margin -0.3364590705355037
      no
   (1) can we show that 1 NL 2?
        a. margin -0.2752418023118659
      no
   (1) can we show that 3 NL 6?
        a. margin -0.28520877565463565
      no
   (1) can we show that 3 NL 2?
        a. margin -0.13092710544939845
      no
   (1) can we show that 5 NL 6?
        a. margin -0.14920971927341364
      no
   (1) can we show that 5 NL 2?
        a. margin -0.1140009436187781
      no
   (1) can we show that 4 NL 6?
        a. margin -0.09188487850908245
      no
   (1) can we show that 4 NL 2?
        a. margin -0.08793347487615022
      no

RULE OUT PAIR STAGE ASN 3015
------------------------------------------------
EXAMINING WAYS TO REDUCE COST OF AUDIT
------------------------------------------------
Alternate outcome cannot be ruled out: 3,5
Alternate outcome cannot be ruled out: 3,2
Alternate outcome cannot be ruled out: 3,4
Alternate outcome cannot be ruled out: 3,6
Alternate outcome cannot be ruled out: 5,2
Alternate outcome cannot be ruled out: 5,4
Alternate outcome cannot be ruled out: 5,6
Alternate outcome cannot be ruled out: 2,4
Alternate outcome cannot be ruled out: 2,6
Full audit not possible
PARTIAL audit sample size: 3015
------------------------------------------------
Final set of assertions generated:
6 NL 1 = 687 [rules out (1, 3), G = set(), O = set()]
6 NL 1 = 923 [rules out (1, 4), G = set(), O = set()]
6 NL 1 = 287 [rules out (1, 2), G = set(), O = set()]
6 NL 1 = 2945 [rules out (1, 5), G = set(), O = set()]
4 NL 1 = 3015 [rules out (1, 6), G = set(), O = set()]
[] are verified winners with these assertions.
[2, 3, 4, 5, 6] remain as potential winners in this audit.
------------------------------------------------
