VALID BALLOTS 3639
88 ballot checks required to assert that first winner has a quota's worth of votes
AUD TV 0.12115531752104056, ss 113
NL(2,1) NOT POSSIBLE
Max in loop inf, 0.12115531752104056
AUD TV 0.17115531752104057, ss 53
NL(2,1) NOT POSSIBLE
Max in loop inf, 0.17115531752104057
AUD TV 0.22115531752104056, ss 33
NL(2,1) NOT POSSIBLE
Max in loop inf, 0.22115531752104056
AUD TV 0.27115531752104055, ss 23
NL(2,1) NOT POSSIBLE
Max in loop inf, 0.27115531752104055
AUD TV 0.32115531752104054, ss 17
NL(2,1) NOT POSSIBLE
Max in loop inf, 0.32115531752104054
AUD TV 0.37115531752104053, ss 13
NL(2,1) NOT POSSIBLE
Max in loop inf, 0.37115531752104053
AUD TV 0.4211553175210405, ss 10
NL(2,1) NOT POSSIBLE
Max in loop inf, 0.4211553175210405
AUD TV 0.4711553175210405, ss 8
NL(2,1) NOT POSSIBLE
Max in loop inf, 0.4711553175210405
AUD TV 0.5211553175210405, ss 6
NL(2,1) NOT POSSIBLE
Max in loop inf, 0.5211553175210405
AUD TV 0.5711553175210405, ss 5
NL(2,1) NOT POSSIBLE
Max in loop inf, 0.5711553175210405
AUD TV 0.6211553175210406, ss 4
NL(2,1) NOT POSSIBLE
Max in loop inf, 0.6211553175210406
Sample size to show min tv of 0.03557765876052028 is 170
AUD TV 0.12115531752104056, ss 113
NL(2,1) NOT POSSIBLE
Max in loop inf, 0.12115531752104056
AUD TV 0.17115531752104057, ss 53
NL(2,1) NOT POSSIBLE
Max in loop inf, 0.17115531752104057
AUD TV 0.22115531752104056, ss 33
NL(2,1) NOT POSSIBLE
Max in loop inf, 0.22115531752104056
AUD TV 0.27115531752104055, ss 23
NL(2,1) NOT POSSIBLE
Max in loop inf, 0.27115531752104055
AUD TV 0.32115531752104054, ss 17
NL(2,1) NOT POSSIBLE
Max in loop inf, 0.32115531752104054
AUD TV 0.37115531752104053, ss 13
NL(2,1) NOT POSSIBLE
Max in loop inf, 0.37115531752104053
AUD TV 0.4211553175210405, ss 10
NL(2,1) NOT POSSIBLE
Max in loop inf, 0.4211553175210405
AUD TV 0.4711553175210405, ss 8
NL(2,1) NOT POSSIBLE
Max in loop inf, 0.4711553175210405
AUD TV 0.5211553175210405, ss 6
NL(2,1) NOT POSSIBLE
Max in loop inf, 0.5211553175210405
AUD TV 0.5711553175210405, ss 5
NL(2,1) NOT POSSIBLE
Max in loop inf, 0.5711553175210405
AUD TV 0.6211553175210406, ss 4
NL(2,1) NOT POSSIBLE
Max in loop inf, 0.6211553175210406
New mintv = 0.08557765876052029
Sample size required for audit is inf ballots
------------------------------------------------
Assertion set BEFORE filtering:
(3, 'MT', None, (0.6211553175210406, 4))
(3, 'LT', None, (0.03557765876052028, 170))
(3, 'QT', None, 88)
------------------------------------------------
Final set of assertions AFTER filtering:
(3, 'MT', None, (0.6211553175210406, 4))
(3, 'LT', None, (0.03557765876052028, 170))
(3, 'QT', None, 88)
------------------------------------------------
Explanations for AG* inclusion:
------------------------------------------------
