VALID BALLOTS 4089
24 ballot checks required to assert that first winner has a quota's worth of votes
AUD TV 0.2692329708070979, ss 79
AG*(6,2) = 188
AG*(6,3) = 258
AG*(6,4) = 109
AG*(6,7) = 104
AG*(6,8) = 740
AG*(1,2) = 140
AG*(1,3) = 169
AG*(1,4) = 101
AG*(1,7) = 93
AG*(1,8) = 334
AG*(5,1) = 60
AG*(5,2) = 19
AG*(5,3) = 18
AG*(5,4) = 18
AG*(5,6) = 70
AG*(5,7) = 17
AG*(5,8) = 19
AG*(6,2) = 188
AG*(6,3) = 258
AG*(6,4) = 109
AG*(6,7) = 104
AG*(6,8) = 740
NL(6,4) = 93, AG*'s used 101
NL(6,3) = 136, AG*'s used 169
NL(6,7) = 94, AG*'s used 93
NL(6,2) = 113, AG*'s used 140
NL(6,8) = 237, AG*'s used 188
NL(6,1) NOT POSSIBLE
Max in loop inf, 0.2692329708070979
AUD TV 0.3192329708070979, ss 36
AG*(6,2) = 255
AG*(6,3) = 427
AG*(6,4) = 125
AG*(6,7) = 114
AG*(6,8) = 4089
AG*(1,2) = 174
AG*(1,3) = 229
AG*(1,4) = 114
AG*(1,7) = 101
AG*(1,8) = 754
AG*(5,1) = 60
AG*(5,2) = 19
AG*(5,3) = 18
AG*(5,4) = 18
AG*(5,6) = 70
AG*(5,7) = 17
AG*(5,8) = 19
AG*(6,2) = 255
AG*(6,3) = 427
AG*(6,4) = 125
AG*(6,7) = 114
AG*(6,8) = 4089
NL(6,4) = 92, AG*'s used 114
NL(6,3) = 172, AG*'s used 229
NL(6,7) = 102, AG*'s used 101
NL(6,2) = 134, AG*'s used 174
NL(6,8) = 341, AG*'s used 255
NL(6,1) NOT POSSIBLE
Max in loop inf, 0.3192329708070979
AUD TV 0.3692329708070979, ss 22
AG*(6,2) = 397
AG*(6,3) = 2284
AG*(6,4) = 146
AG*(6,7) = 127
AG*(1,2) = 230
AG*(1,3) = 353
AG*(1,4) = 131
AG*(1,7) = 111
AG*(1,8) = 4089
AG*(5,1) = 60
AG*(5,2) = 19
AG*(5,3) = 18
AG*(5,4) = 18
AG*(5,6) = 70
AG*(5,7) = 17
AG*(5,8) = 19
AG*(6,2) = 397
AG*(6,3) = 2284
AG*(6,4) = 146
AG*(6,7) = 127
NL(6,4) = 124, AG*'s used 127
NL(6,3) = 233, AG*'s used 353
NL(6,7) = 113, AG*'s used 111
NL(6,2) = 164, AG*'s used 230
NL(6,8) = 781, AG*'s used 397
NL(6,1) NOT POSSIBLE
Max in loop inf, 0.3692329708070979
AUD TV 0.41923297080709787, ss 15
AG*(6,2) = 1126
AG*(6,4) = 176
AG*(6,7) = 144
AG*(1,2) = 338
AG*(1,3) = 979
AG*(1,4) = 155
AG*(1,7) = 123
AG*(5,1) = 60
AG*(5,2) = 19
AG*(5,3) = 18
AG*(5,4) = 18
AG*(5,6) = 70
AG*(5,7) = 17
AG*(5,8) = 19
AG*(6,2) = 1126
AG*(6,4) = 176
AG*(6,7) = 144
NL(6,4) = 145, AG*'s used 144
NL(6,3) = 361, AG*'s used 979
NL(6,7) = 125, AG*'s used 123
NL(6,2) = 212, AG*'s used 338
NL(6,8) = 741, AG*'s used 2284
NL(6,1) NOT POSSIBLE
Max in loop inf, 0.41923297080709787
AUD TV 0.46923297080709786, ss 11
AG*(6,4) = 220
AG*(6,7) = 165
AG*(1,2) = 810
AG*(1,4) = 189
AG*(1,7) = 138
AG*(5,1) = 60
AG*(5,2) = 19
AG*(5,3) = 18
AG*(5,4) = 18
AG*(5,6) = 70
AG*(5,7) = 17
AG*(5,8) = 19
AG*(6,4) = 220
AG*(6,7) = 165
NL(6,4) = 173, AG*'s used 165
NL(6,3) = 1016, AG*'s used 979
NL(6,7) = 141, AG*'s used 138
NL(6,2) = 299, AG*'s used 810
NL(6,8) = 842, AG*'s used 4089
NL(6,1) NOT POSSIBLE
Max in loop inf, 0.46923297080709786
AUD TV 0.5192329708070978, ss 8
AG*(6,4) = 295
AG*(6,7) = 193
AG*(1,2) = 4089
AG*(1,4) = 242
AG*(1,7) = 157
AG*(5,1) = 60
AG*(5,2) = 19
AG*(5,3) = 18
AG*(5,4) = 18
AG*(5,6) = 70
AG*(5,7) = 17
AG*(5,8) = 19
AG*(6,4) = 295
AG*(6,7) = 193
NL(6,4) = 216, AG*'s used 193
NL(6,3) = 2452, AG*'s used 1126
NL(6,7) = 161, AG*'s used 157
NL(6,2) = 1767, AG*'s used 2284
NL(6,8) = 4089, AG*'s used 4089
NL(6,1) NOT POSSIBLE
Max in loop inf, 0.5192329708070978
AUD TV 0.5692329708070979, ss 6
AG*(6,4) = 444
AG*(6,7) = 234
AG*(1,4) = 335
AG*(1,7) = 183
AG*(5,1) = 60
AG*(5,2) = 19
AG*(5,3) = 18
AG*(5,4) = 18
AG*(5,6) = 70
AG*(5,7) = 17
AG*(5,8) = 19
AG*(6,4) = 444
AG*(6,7) = 234
NL(6,4) = 288, AG*'s used 234
NL(6,3) = 1820, AG*'s used 4089
NL(6,7) = 188, AG*'s used 183
NL(6,2) = 301, AG*'s used 4089
NL(6,8) NOT POSSIBLE
NL(6,1) NOT POSSIBLE
Max in loop inf, 0.5692329708070979
AUD TV 0.6192329708070979, ss 4
AG*(6,4) = 1147
AG*(6,7) = 295
AG*(1,4) = 697
AG*(1,7) = 219
AG*(5,1) = 60
AG*(5,2) = 19
AG*(5,3) = 18
AG*(5,4) = 18
AG*(5,6) = 70
AG*(5,7) = 17
AG*(5,8) = 19
AG*(6,4) = 1147
AG*(6,7) = 295
NL(6,4) = 429, AG*'s used 295
NL(6,3) NOT POSSIBLE
NL(6,7) = 225, AG*'s used 219
NL(6,2) = 655, AG*'s used 4089
NL(6,8) NOT POSSIBLE
NL(6,1) NOT POSSIBLE
Max in loop inf, 0.6192329708070979
Sample size to show min tv of 0.10961648540354894 is 43
AUD TV 0.2692329708070979, ss 79
AG*(6,2) = 179
AG*(6,3) = 240
AG*(6,4) = 106
AG*(6,7) = 101
AG*(6,8) = 635
AG*(1,2) = 137
AG*(1,3) = 165
AG*(1,4) = 99
AG*(1,7) = 91
AG*(1,8) = 317
AG*(5,1) = 60
AG*(5,2) = 19
AG*(5,3) = 18
AG*(5,4) = 18
AG*(5,6) = 70
AG*(5,7) = 17
AG*(5,8) = 19
AG*(6,2) = 179
AG*(6,3) = 240
AG*(6,4) = 106
AG*(6,7) = 101
AG*(6,8) = 635
NL(6,4) = 91, AG*'s used 99
NL(6,3) = 130, AG*'s used 165
NL(6,7) = 91, AG*'s used 91
NL(6,2) = 109, AG*'s used 137
NL(6,8) = 217, AG*'s used 179
NL(6,1) NOT POSSIBLE
Max in loop inf, 0.2692329708070979
AUD TV 0.3192329708070979, ss 36
AG*(6,2) = 238
AG*(6,3) = 381
AG*(6,4) = 121
AG*(6,7) = 111
AG*(6,8) = 2700
AG*(1,2) = 169
AG*(1,3) = 221
AG*(1,4) = 112
AG*(1,7) = 99
AG*(1,8) = 690
AG*(5,1) = 60
AG*(5,2) = 19
AG*(5,3) = 18
AG*(5,4) = 18
AG*(5,6) = 70
AG*(5,7) = 17
AG*(5,8) = 19
AG*(6,2) = 238
AG*(6,3) = 381
AG*(6,4) = 121
AG*(6,7) = 111
AG*(6,8) = 2700
NL(6,4) = 105, AG*'s used 111
NL(6,3) = 162, AG*'s used 221
NL(6,7) = 99, AG*'s used 99
NL(6,2) = 128, AG*'s used 169
NL(6,8) = 302, AG*'s used 238
NL(6,1) NOT POSSIBLE
Max in loop inf, 0.3192329708070979
AUD TV 0.3692329708070979, ss 22
AG*(6,2) = 356
AG*(6,3) = 1179
AG*(6,4) = 140
AG*(6,7) = 123
AG*(1,2) = 222
AG*(1,3) = 335
AG*(1,4) = 129
AG*(1,7) = 109
AG*(1,8) = 3964
AG*(5,1) = 60
AG*(5,2) = 19
AG*(5,3) = 18
AG*(5,4) = 18
AG*(5,6) = 70
AG*(5,7) = 17
AG*(5,8) = 19
AG*(6,2) = 356
AG*(6,3) = 1179
AG*(6,4) = 140
AG*(6,7) = 123
NL(6,4) = 119, AG*'s used 123
NL(6,3) = 216, AG*'s used 335
NL(6,7) = 109, AG*'s used 109
NL(6,2) = 155, AG*'s used 222
NL(6,8) = 634, AG*'s used 356
NL(6,1) NOT POSSIBLE
Max in loop inf, 0.3692329708070979
AUD TV 0.41923297080709787, ss 15
AG*(6,2) = 900
AG*(6,4) = 167
AG*(6,7) = 138
AG*(1,2) = 321
AG*(1,3) = 874
AG*(1,4) = 151
AG*(1,7) = 121
AG*(5,1) = 60
AG*(5,2) = 19
AG*(5,3) = 18
AG*(5,4) = 18
AG*(5,6) = 70
AG*(5,7) = 17
AG*(5,8) = 19
AG*(6,2) = 900
AG*(6,4) = 167
AG*(6,7) = 138
NL(6,4) = 138, AG*'s used 138
NL(6,3) = 321, AG*'s used 874
NL(6,7) = 121, AG*'s used 121
NL(6,2) = 198, AG*'s used 321
NL(6,8) = 462, AG*'s used 1179
NL(6,1) NOT POSSIBLE
Max in loop inf, 0.41923297080709787
AUD TV 0.46923297080709786, ss 11
AG*(6,4) = 207
AG*(6,7) = 157
AG*(1,2) = 737
AG*(1,4) = 183
AG*(1,7) = 135
AG*(5,1) = 60
AG*(5,2) = 19
AG*(5,3) = 18
AG*(5,4) = 18
AG*(5,6) = 70
AG*(5,7) = 17
AG*(5,8) = 19
AG*(6,4) = 207
AG*(6,7) = 157
NL(6,4) = 164, AG*'s used 157
NL(6,3) = 800, AG*'s used 874
NL(6,7) = 135, AG*'s used 135
NL(6,2) = 271, AG*'s used 737
NL(6,8) = 1728, AG*'s used 1179
NL(6,1) NOT POSSIBLE
Max in loop inf, 0.46923297080709786
AUD TV 0.5192329708070978, ss 8
AG*(6,4) = 272
AG*(6,7) = 183
AG*(1,2) = 4089
AG*(1,4) = 233
AG*(1,7) = 154
AG*(5,1) = 60
AG*(5,2) = 19
AG*(5,3) = 18
AG*(5,4) = 18
AG*(5,6) = 70
AG*(5,7) = 17
AG*(5,8) = 19
AG*(6,4) = 272
AG*(6,7) = 183
NL(6,4) = 202, AG*'s used 183
NL(6,3) = 1131, AG*'s used 900
NL(6,7) = 154, AG*'s used 154
NL(6,2) = 1047, AG*'s used 1179
NL(6,8) = 2884, AG*'s used 3964
NL(6,1) NOT POSSIBLE
Max in loop inf, 0.5192329708070978
AUD TV 0.5692329708070979, ss 6
AG*(6,4) = 394
AG*(6,7) = 219
AG*(1,4) = 319
AG*(1,7) = 178
AG*(5,1) = 60
AG*(5,2) = 19
AG*(5,3) = 18
AG*(5,4) = 18
AG*(5,6) = 70
AG*(5,7) = 17
AG*(5,8) = 19
AG*(6,4) = 394
AG*(6,7) = 219
NL(6,4) = 263, AG*'s used 219
NL(6,3) = 992, AG*'s used 2700
NL(6,7) = 178, AG*'s used 178
NL(6,2) = 787, AG*'s used 2700
NL(6,8) NOT POSSIBLE
NL(6,1) NOT POSSIBLE
Max in loop inf, 0.5692329708070979
AUD TV 0.6192329708070979, ss 4
AG*(6,4) = 913
AG*(6,7) = 272
AG*(1,4) = 642
AG*(1,7) = 211
AG*(5,1) = 60
AG*(5,2) = 19
AG*(5,3) = 18
AG*(5,4) = 18
AG*(5,6) = 70
AG*(5,7) = 17
AG*(5,8) = 19
AG*(6,4) = 913
AG*(6,7) = 272
NL(6,4) = 377, AG*'s used 272
NL(6,3) NOT POSSIBLE
NL(6,7) = 211, AG*'s used 211
NL(6,2) = 415, AG*'s used 4089
NL(6,8) NOT POSSIBLE
NL(6,1) NOT POSSIBLE
Max in loop inf, 0.6192329708070979
New mintv = 0.15961648540354895
Sample size to show min tv of 0.15961648540354895 is 75
AUD TV 0.2692329708070979, ss 79
AG*(6,2) = 175
AG*(6,3) = 233
AG*(6,4) = 105
AG*(6,7) = 99
AG*(6,8) = 467
AG*(1,2) = 136
AG*(1,3) = 163
AG*(1,4) = 98
AG*(1,7) = 91
AG*(1,8) = 310
AG*(5,1) = 60
AG*(5,2) = 19
AG*(5,3) = 18
AG*(5,4) = 18
AG*(5,6) = 70
AG*(5,7) = 17
AG*(5,8) = 19
AG*(6,2) = 175
AG*(6,3) = 233
AG*(6,4) = 105
AG*(6,7) = 99
AG*(6,8) = 467
NL(6,4) = 90, AG*'s used 98
NL(6,3) = 127, AG*'s used 163
NL(6,7) = 90, AG*'s used 91
NL(6,2) = 107, AG*'s used 136
NL(6,8) = 209, AG*'s used 175
NL(6,1) NOT POSSIBLE
Max in loop inf, 0.2692329708070979
AUD TV 0.3192329708070979, ss 36
AG*(6,2) = 231
AG*(6,3) = 363
AG*(6,4) = 119
AG*(6,7) = 109
AG*(6,8) = 1777
AG*(1,2) = 167
AG*(1,3) = 218
AG*(1,4) = 111
AG*(1,7) = 99
AG*(1,8) = 664
AG*(5,1) = 60
AG*(5,2) = 19
AG*(5,3) = 18
AG*(5,4) = 18
AG*(5,6) = 70
AG*(5,7) = 17
AG*(5,8) = 19
AG*(6,2) = 231
AG*(6,3) = 363
AG*(6,4) = 119
AG*(6,7) = 109
AG*(6,8) = 1777
NL(6,4) = 103, AG*'s used 109
NL(6,3) = 158, AG*'s used 218
NL(6,7) = 98, AG*'s used 99
NL(6,2) = 125, AG*'s used 167
NL(6,8) = 287, AG*'s used 231
NL(6,1) NOT POSSIBLE
Max in loop inf, 0.3192329708070979
AUD TV 0.3692329708070979, ss 22
AG*(6,2) = 340
AG*(6,3) = 1045
AG*(6,4) = 138
AG*(6,7) = 121
AG*(1,2) = 218
AG*(1,3) = 327
AG*(1,4) = 128
AG*(1,7) = 108
AG*(1,8) = 3683
AG*(5,1) = 60
AG*(5,2) = 19
AG*(5,3) = 18
AG*(5,4) = 18
AG*(5,6) = 70
AG*(5,7) = 17
AG*(5,8) = 19
AG*(6,2) = 340
AG*(6,3) = 1045
AG*(6,4) = 138
AG*(6,7) = 121
NL(6,4) = 117, AG*'s used 121
NL(6,3) = 209, AG*'s used 327
NL(6,7) = 108, AG*'s used 108
NL(6,2) = 152, AG*'s used 218
NL(6,8) = 458, AG*'s used 340
NL(6,1) NOT POSSIBLE
Max in loop inf, 0.3692329708070979
AUD TV 0.41923297080709787, ss 15
AG*(6,2) = 824
AG*(6,4) = 164
AG*(6,7) = 136
AG*(1,2) = 313
AG*(1,3) = 833
AG*(1,4) = 150
AG*(1,7) = 120
AG*(5,1) = 60
AG*(5,2) = 19
AG*(5,3) = 18
AG*(5,4) = 18
AG*(5,6) = 70
AG*(5,7) = 17
AG*(5,8) = 19
AG*(6,2) = 824
AG*(6,4) = 164
AG*(6,7) = 136
NL(6,4) = 135, AG*'s used 136
NL(6,3) = 431, AG*'s used 824
NL(6,7) = 119, AG*'s used 120
NL(6,2) = 192, AG*'s used 313
NL(6,8) = 423, AG*'s used 1045
NL(6,1) NOT POSSIBLE
Max in loop inf, 0.41923297080709787
AUD TV 0.46923297080709786, ss 11
AG*(6,2) = 4089
AG*(6,4) = 202
AG*(6,7) = 154
AG*(1,2) = 707
AG*(1,4) = 181
AG*(1,7) = 134
AG*(5,1) = 60
AG*(5,2) = 19
AG*(5,3) = 18
AG*(5,4) = 18
AG*(5,6) = 70
AG*(5,7) = 17
AG*(5,8) = 19
AG*(6,2) = 4089
AG*(6,4) = 202
AG*(6,7) = 154
NL(6,4) = 160, AG*'s used 154
NL(6,3) = 730, AG*'s used 833
NL(6,7) = 133, AG*'s used 134
NL(6,2) = 261, AG*'s used 707
NL(6,8) = 2879, AG*'s used 3683
NL(6,1) NOT POSSIBLE
Max in loop inf, 0.46923297080709786
AUD TV 0.5192329708070978, ss 8
AG*(6,4) = 262
AG*(6,7) = 179
AG*(1,2) = 4089
AG*(1,4) = 229
AG*(1,7) = 152
AG*(5,1) = 60
AG*(5,2) = 19
AG*(5,3) = 18
AG*(5,4) = 18
AG*(5,6) = 70
AG*(5,7) = 17
AG*(5,8) = 19
AG*(6,4) = 262
AG*(6,7) = 179
NL(6,4) = 196, AG*'s used 179
NL(6,3) = 725, AG*'s used 1777
NL(6,7) = 151, AG*'s used 152
NL(6,2) = 921, AG*'s used 1045
NL(6,8) = 1731, AG*'s used 4089
NL(6,1) NOT POSSIBLE
Max in loop inf, 0.5192329708070978
AUD TV 0.5692329708070979, ss 6
AG*(6,4) = 375
AG*(6,7) = 213
AG*(1,4) = 311
AG*(1,7) = 176
AG*(5,1) = 60
AG*(5,2) = 19
AG*(5,3) = 18
AG*(5,4) = 18
AG*(5,6) = 70
AG*(5,7) = 17
AG*(5,8) = 19
AG*(6,4) = 375
AG*(6,7) = 213
NL(6,4) = 254, AG*'s used 213
NL(6,3) = 853, AG*'s used 4089
NL(6,7) = 174, AG*'s used 176
NL(6,2) = 696, AG*'s used 1777
NL(6,8) NOT POSSIBLE
NL(6,1) NOT POSSIBLE
Max in loop inf, 0.5692329708070979
AUD TV 0.6192329708070979, ss 4
AG*(6,4) = 836
AG*(6,7) = 263
AG*(1,4) = 486
AG*(1,7) = 208
AG*(5,1) = 60
AG*(5,2) = 19
AG*(5,3) = 18
AG*(5,4) = 18
AG*(5,6) = 70
AG*(5,7) = 17
AG*(5,8) = 19
AG*(6,4) = 836
AG*(6,7) = 263
NL(6,4) = 357, AG*'s used 263
NL(6,3) NOT POSSIBLE
NL(6,7) = 205, AG*'s used 208
NL(6,2) = 382, AG*'s used 4089
NL(6,8) NOT POSSIBLE
NL(6,1) NOT POSSIBLE
Max in loop inf, 0.6192329708070979
New mintv = 0.20961648540354894
Sample size to show min tv of 0.20961648540354894 is 427
AUD TV 0.2692329708070979, ss 79
AG*(6,2) = 171
AG*(6,3) = 226
AG*(6,4) = 103
AG*(6,7) = 98
AG*(6,8) = 441
AG*(1,2) = 134
AG*(1,3) = 161
AG*(1,4) = 98
AG*(1,7) = 90
AG*(1,8) = 303
AG*(5,1) = 60
AG*(5,2) = 19
AG*(5,3) = 18
AG*(5,4) = 18
AG*(5,6) = 70
AG*(5,7) = 17
AG*(5,8) = 19
AG*(6,2) = 171
AG*(6,3) = 226
AG*(6,4) = 103
AG*(6,7) = 98
AG*(6,8) = 441
NL(6,4) = 79, AG*'s used 98
NL(6,3) = 125, AG*'s used 161
NL(6,7) = 89, AG*'s used 90
NL(6,2) = 105, AG*'s used 134
NL(6,8) = 202, AG*'s used 171
NL(6,1) NOT POSSIBLE
Max in loop inf, 0.2692329708070979
AUD TV 0.3192329708070979, ss 36
AG*(6,2) = 224
AG*(6,3) = 346
AG*(6,4) = 117
AG*(6,7) = 107
AG*(6,8) = 1434
AG*(1,2) = 165
AG*(1,3) = 214
AG*(1,4) = 110
AG*(1,7) = 98
AG*(1,8) = 640
AG*(5,1) = 60
AG*(5,2) = 19
AG*(5,3) = 18
AG*(5,4) = 18
AG*(5,6) = 70
AG*(5,7) = 17
AG*(5,8) = 19
AG*(6,2) = 224
AG*(6,3) = 346
AG*(6,4) = 117
AG*(6,7) = 107
AG*(6,8) = 1434
NL(6,4) = 102, AG*'s used 107
NL(6,3) = 155, AG*'s used 214
NL(6,7) = 97, AG*'s used 98
NL(6,2) = 123, AG*'s used 165
NL(6,8) = 274, AG*'s used 224
NL(6,1) NOT POSSIBLE
Max in loop inf, 0.3192329708070979
AUD TV 0.3692329708070979, ss 22
AG*(6,2) = 326
AG*(6,3) = 944
AG*(6,4) = 135
AG*(6,7) = 119
AG*(1,2) = 215
AG*(1,3) = 319
AG*(1,4) = 126
AG*(1,7) = 107
AG*(1,8) = 2805
AG*(5,1) = 60
AG*(5,2) = 19
AG*(5,3) = 18
AG*(5,4) = 18
AG*(5,6) = 70
AG*(5,7) = 17
AG*(5,8) = 19
AG*(6,2) = 326
AG*(6,3) = 944
AG*(6,4) = 135
AG*(6,7) = 119
NL(6,4) = 115, AG*'s used 119
NL(6,3) = 202, AG*'s used 319
NL(6,7) = 106, AG*'s used 107
NL(6,2) = 214, AG*'s used 135
NL(6,8) = 424, AG*'s used 326
NL(6,1) NOT POSSIBLE
Max in loop inf, 0.3692329708070979
AUD TV 0.41923297080709787, ss 15
AG*(6,2) = 760
AG*(6,4) = 160
AG*(6,7) = 133
AG*(1,2) = 306
AG*(1,3) = 796
AG*(1,4) = 148
AG*(1,7) = 119
AG*(5,1) = 60
AG*(5,2) = 19
AG*(5,3) = 18
AG*(5,4) = 18
AG*(5,6) = 70
AG*(5,7) = 17
AG*(5,8) = 19
AG*(6,2) = 760
AG*(6,4) = 160
AG*(6,7) = 133
NL(6,4) = 133, AG*'s used 133
NL(6,3) = 401, AG*'s used 760
NL(6,7) = 117, AG*'s used 119
NL(6,2) = 186, AG*'s used 306
NL(6,8) = 389, AG*'s used 944
NL(6,1) NOT POSSIBLE
Max in loop inf, 0.41923297080709787
AUD TV 0.46923297080709786, ss 11
AG*(6,2) = 4089
AG*(6,4) = 197
AG*(6,7) = 151
AG*(1,2) = 680
AG*(1,4) = 179
AG*(1,7) = 133
AG*(5,1) = 60
AG*(5,2) = 19
AG*(5,3) = 18
AG*(5,4) = 18
AG*(5,6) = 70
AG*(5,7) = 17
AG*(5,8) = 19
AG*(6,2) = 4089
AG*(6,4) = 197
AG*(6,7) = 151
NL(6,4) = 157, AG*'s used 151
NL(6,3) = 671, AG*'s used 796
NL(6,7) = 131, AG*'s used 133
NL(6,2) = 250, AG*'s used 680
NL(6,8) = 1799, AG*'s used 2805
NL(6,1) NOT POSSIBLE
Max in loop inf, 0.46923297080709786
AUD TV 0.5192329708070978, ss 8
AG*(6,4) = 254
AG*(6,7) = 175
AG*(1,2) = 4079
AG*(1,4) = 225
AG*(1,7) = 150
AG*(5,1) = 60
AG*(5,2) = 19
AG*(5,3) = 18
AG*(5,4) = 18
AG*(5,6) = 70
AG*(5,7) = 17
AG*(5,8) = 19
AG*(6,4) = 254
AG*(6,7) = 175
NL(6,4) = 191, AG*'s used 175
NL(6,3) = 657, AG*'s used 1434
NL(6,7) = 148, AG*'s used 150
NL(6,2) = 822, AG*'s used 944
NL(6,8) = 1200, AG*'s used 4089
NL(6,1) NOT POSSIBLE
Max in loop inf, 0.5192329708070978
AUD TV 0.5692329708070979, ss 6
AG*(6,4) = 357
AG*(6,7) = 207
AG*(1,4) = 305
AG*(1,7) = 173
AG*(5,1) = 60
AG*(5,2) = 19
AG*(5,3) = 18
AG*(5,4) = 18
AG*(5,6) = 70
AG*(5,7) = 17
AG*(5,8) = 19
AG*(6,4) = 357
AG*(6,7) = 207
NL(6,4) = 244, AG*'s used 207
NL(6,3) = 748, AG*'s used 4089
NL(6,7) = 170, AG*'s used 173
NL(6,2) = 490, AG*'s used 1434
NL(6,8) NOT POSSIBLE
NL(6,1) NOT POSSIBLE
Max in loop inf, 0.5692329708070979
AUD TV 0.6192329708070979, ss 4
AG*(6,4) = 770
AG*(6,7) = 254
AG*(1,4) = 469
AG*(1,7) = 205
AG*(5,1) = 60
AG*(5,2) = 19
AG*(5,3) = 18
AG*(5,4) = 18
AG*(5,6) = 70
AG*(5,7) = 17
AG*(5,8) = 19
AG*(6,4) = 770
AG*(6,7) = 254
NL(6,4) = 339, AG*'s used 254
NL(6,3) = 4089, AG*'s used 4089
NL(6,7) = 200, AG*'s used 205
NL(6,2) = 2991, AG*'s used 1434
NL(6,8) NOT POSSIBLE
NL(6,1) NOT POSSIBLE
Max in loop inf, 0.6192329708070979
New mintv = 0.2596164854035489
Sample size required for audit is inf ballots
------------------------------------------------
Assertion set BEFORE filtering:
(5, 'NL', 3, 339)
(0, 'AG', 7, 2805)
(5, 'AG*', 3, 770)
(5, 'NL', 1, 2991)
(4, 'QT', None, 24)
(4, 'LT', None, (0.20961648540354894, 427))
(5, 'AG*', 1, 4089)
(5, 'AG*', 7, 1434)
(5, 'NL', 2, 4089)
(0, 'AG', 2, 796)
(0, 'AG', 6, 205)
(4, 'MT', None, (0.6192329708070979, 4))
(5, 'NL', 6, 205)
(5, 'AG*', 6, 254)
(5, 'AG*', 2, 944)
------------------------------------------------
Final set of assertions AFTER filtering:
(5, 'NL', 3, 339)
(0, 'AG', 7, 2805)
(5, 'AG*', 3, 770)
(5, 'NL', 1, 2991)
(4, 'QT', None, 24)
(4, 'LT', None, (0.20961648540354894, 427))
(5, 'AG*', 1, 4089)
(5, 'AG*', 7, 1434)
(5, 'NL', 2, 4089)
(0, 'AG', 2, 796)
(0, 'AG', 6, 205)
(4, 'MT', None, (0.6192329708070979, 4))
(5, 'NL', 6, 205)
(5, 'AG*', 6, 254)
(5, 'AG*', 2, 944)
------------------------------------------------
Explanations for AG* inclusion:
   Explanation for (0, 'AG', 7, 2805): []
   Explanation for (5, 'AG*', 3, 770): []
   Explanation for (5, 'AG*', 1, 4089): []
   Explanation for (5, 'AG*', 7, 1434): []
   Explanation for (0, 'AG', 2, 796): []
   Explanation for (0, 'AG', 6, 205): []
   Explanation for (5, 'AG*', 6, 254): []
   Explanation for (5, 'AG*', 2, 944): []
------------------------------------------------
