VALID BALLOTS 3985
2617 ballot checks required to assert that first winner has a quota's worth of votes
AUD TV 0.05374812593703149, ss 129
AG*(3,2) = 94
AG*(3,6) = 77
AG*(1,2) = 25
AG*(1,6) = 19
AG*(3,2) = 94
AG*(3,6) = 77
AG*(4,2) = 241
AG*(4,6) = 142
AG*(5,2) = 34
AG*(5,6) = 32
NL(3,2) = 55, AG*'s used 34
NL(3,6) = 66, AG*'s used 32
NL(3,4) NOT POSSIBLE
NL(3,5) NOT POSSIBLE
Max in loop inf, 0.05374812593703149
AUD TV 0.10374812593703149, ss 61
AG*(3,2) = 110
AG*(3,6) = 101
AG*(1,2) = 25
AG*(1,6) = 19
AG*(3,2) = 110
AG*(3,6) = 101
AG*(4,2) = 394
AG*(4,6) = 252
AG*(5,2) = 36
AG*(5,6) = 36
NL(3,2) = 60, AG*'s used 36
NL(3,6) = 82, AG*'s used 36
NL(3,4) NOT POSSIBLE
NL(3,5) NOT POSSIBLE
Max in loop inf, 0.10374812593703149
AUD TV 0.1537481259370315, ss 38
AG*(3,2) = 134
AG*(3,6) = 145
AG*(1,2) = 25
AG*(1,6) = 19
AG*(3,2) = 134
AG*(3,6) = 145
AG*(4,2) = 1496
AG*(4,6) = 1656
AG*(5,2) = 39
AG*(5,6) = 40
NL(3,2) = 66, AG*'s used 39
NL(3,6) = 110, AG*'s used 40
NL(3,4) NOT POSSIBLE
NL(3,5) NOT POSSIBLE
Max in loop inf, 0.1537481259370315
AUD TV 0.2037481259370315, ss 27
AG*(3,2) = 170
AG*(3,6) = 261
AG*(1,2) = 25
AG*(1,6) = 19
AG*(3,2) = 170
AG*(3,6) = 261
AG*(5,2) = 42
AG*(5,6) = 46
NL(3,2) = 74, AG*'s used 42
NL(3,6) = 165, AG*'s used 46
NL(3,4) NOT POSSIBLE
NL(3,5) NOT POSSIBLE
Max in loop inf, 0.2037481259370315
AUD TV 0.2537481259370315, ss 20
AG*(3,2) = 234
AG*(3,6) = 2189
AG*(1,2) = 25
AG*(1,6) = 19
AG*(3,2) = 234
AG*(3,6) = 2189
AG*(5,2) = 45
AG*(5,6) = 54
NL(3,2) = 83, AG*'s used 45
NL(3,6) = 233, AG*'s used 234
NL(3,4) NOT POSSIBLE
NL(3,5) NOT POSSIBLE
Max in loop inf, 0.2537481259370315
AUD TV 0.3037481259370315, ss 15
AG*(3,2) = 371
AG*(1,2) = 25
AG*(1,6) = 19
AG*(3,2) = 371
AG*(5,2) = 50
AG*(5,6) = 66
NL(3,2) = 96, AG*'s used 50
NL(3,6) = 994, AG*'s used 371
NL(3,4) NOT POSSIBLE
NL(3,5) NOT POSSIBLE
Max in loop inf, 0.3037481259370315
AUD TV 0.3537481259370315, ss 12
AG*(3,2) = 1262
AG*(1,2) = 25
AG*(1,6) = 19
AG*(3,2) = 1262
AG*(5,2) = 55
AG*(5,6) = 83
NL(3,2) = 113, AG*'s used 55
NL(3,6) NOT POSSIBLE
NL(3,4) NOT POSSIBLE
NL(3,5) NOT POSSIBLE
Max in loop inf, 0.3537481259370315
AUD TV 0.40374812593703147, ss 10
AG*(1,2) = 25
AG*(1,6) = 19
AG*(5,2) = 61
AG*(5,6) = 113
NL(3,2) = 137, AG*'s used 61
NL(3,6) NOT POSSIBLE
NL(3,4) NOT POSSIBLE
NL(3,5) NOT POSSIBLE
Max in loop inf, 0.40374812593703147
AUD TV 0.45374812593703145, ss 8
AG*(1,2) = 25
AG*(1,6) = 19
AG*(5,2) = 68
AG*(5,6) = 176
NL(3,2) = 173, AG*'s used 68
NL(3,6) NOT POSSIBLE
NL(3,4) NOT POSSIBLE
NL(3,5) NOT POSSIBLE
Max in loop inf, 0.45374812593703145
AUD TV 0.5037481259370314, ss 6
AG*(1,2) = 25
AG*(1,6) = 19
AG*(5,2) = 78
AG*(5,6) = 392
NL(3,2) = 236, AG*'s used 78
NL(3,6) NOT POSSIBLE
NL(3,4) NOT POSSIBLE
NL(3,5) NOT POSSIBLE
Max in loop inf, 0.5037481259370314
AUD TV 0.5537481259370315, ss 5
AG*(1,2) = 25
AG*(1,6) = 19
AG*(5,2) = 91
NL(3,2) = 372, AG*'s used 91
NL(3,6) NOT POSSIBLE
NL(3,4) NOT POSSIBLE
NL(3,5) NOT POSSIBLE
Max in loop inf, 0.5537481259370315
AUD TV 0.6037481259370315, ss 4
AG*(1,2) = 25
AG*(1,6) = 19
AG*(5,2) = 109
NL(3,2) = 1120, AG*'s used 109
NL(3,6) NOT POSSIBLE
NL(3,4) NOT POSSIBLE
NL(3,5) NOT POSSIBLE
Max in loop inf, 0.6037481259370315
AUD TV 0.6537481259370316, ss 3
AG*(1,2) = 25
AG*(1,6) = 19
AG*(5,2) = 135
NL(3,2) = 1097, AG*'s used 1496
NL(3,6) NOT POSSIBLE
NL(3,4) NOT POSSIBLE
NL(3,5) NOT POSSIBLE
Max in loop inf, 0.6537481259370316
Sample size to show min tv of 0.0018740629685157421 is 3985
AUD TV 0.05374812593703149, ss 129
AG*(3,2) = 94
AG*(3,6) = 77
AG*(1,2) = 25
AG*(1,6) = 19
AG*(3,2) = 94
AG*(3,6) = 77
AG*(4,2) = 241
AG*(4,6) = 142
AG*(5,2) = 34
AG*(5,6) = 32
NL(3,2) = 55, AG*'s used 34
NL(3,6) = 66, AG*'s used 32
NL(3,4) NOT POSSIBLE
NL(3,5) NOT POSSIBLE
Max in loop inf, 0.05374812593703149
AUD TV 0.10374812593703149, ss 61
AG*(3,2) = 110
AG*(3,6) = 101
AG*(1,2) = 25
AG*(1,6) = 19
AG*(3,2) = 110
AG*(3,6) = 101
AG*(4,2) = 393
AG*(4,6) = 252
AG*(5,2) = 36
AG*(5,6) = 36
NL(3,2) = 60, AG*'s used 36
NL(3,6) = 82, AG*'s used 36
NL(3,4) NOT POSSIBLE
NL(3,5) NOT POSSIBLE
Max in loop inf, 0.10374812593703149
AUD TV 0.1537481259370315, ss 38
AG*(3,2) = 134
AG*(3,6) = 145
AG*(1,2) = 25
AG*(1,6) = 19
AG*(3,2) = 134
AG*(3,6) = 145
AG*(4,2) = 1490
AG*(4,6) = 1532
AG*(5,2) = 39
AG*(5,6) = 40
NL(3,2) = 66, AG*'s used 39
NL(3,6) = 110, AG*'s used 40
NL(3,4) NOT POSSIBLE
NL(3,5) NOT POSSIBLE
Max in loop inf, 0.1537481259370315
AUD TV 0.2037481259370315, ss 27
AG*(3,2) = 170
AG*(3,6) = 260
AG*(1,2) = 25
AG*(1,6) = 19
AG*(3,2) = 170
AG*(3,6) = 260
AG*(5,2) = 42
AG*(5,6) = 46
NL(3,2) = 74, AG*'s used 42
NL(3,6) = 165, AG*'s used 46
NL(3,4) NOT POSSIBLE
NL(3,5) NOT POSSIBLE
Max in loop inf, 0.2037481259370315
AUD TV 0.2537481259370315, ss 20
AG*(3,2) = 233
AG*(3,6) = 2170
AG*(1,2) = 25
AG*(1,6) = 19
AG*(3,2) = 233
AG*(3,6) = 2170
AG*(5,2) = 45
AG*(5,6) = 54
NL(3,2) = 83, AG*'s used 45
NL(3,6) = 232, AG*'s used 233
NL(3,4) NOT POSSIBLE
NL(3,5) NOT POSSIBLE
Max in loop inf, 0.2537481259370315
AUD TV 0.3037481259370315, ss 15
AG*(3,2) = 370
AG*(1,2) = 25
AG*(1,6) = 19
AG*(3,2) = 370
AG*(5,2) = 50
AG*(5,6) = 66
NL(3,2) = 96, AG*'s used 50
NL(3,6) = 987, AG*'s used 370
NL(3,4) NOT POSSIBLE
NL(3,5) NOT POSSIBLE
Max in loop inf, 0.3037481259370315
AUD TV 0.3537481259370315, ss 12
AG*(3,2) = 1254
AG*(1,2) = 25
AG*(1,6) = 19
AG*(3,2) = 1254
AG*(5,2) = 55
AG*(5,6) = 83
NL(3,2) = 113, AG*'s used 55
NL(3,6) NOT POSSIBLE
NL(3,4) NOT POSSIBLE
NL(3,5) NOT POSSIBLE
Max in loop inf, 0.3537481259370315
AUD TV 0.40374812593703147, ss 10
AG*(1,2) = 25
AG*(1,6) = 19
AG*(5,2) = 61
AG*(5,6) = 113
NL(3,2) = 136, AG*'s used 61
NL(3,6) NOT POSSIBLE
NL(3,4) NOT POSSIBLE
NL(3,5) NOT POSSIBLE
Max in loop inf, 0.40374812593703147
AUD TV 0.45374812593703145, ss 8
AG*(1,2) = 25
AG*(1,6) = 19
AG*(5,2) = 68
AG*(5,6) = 176
NL(3,2) = 173, AG*'s used 68
NL(3,6) NOT POSSIBLE
NL(3,4) NOT POSSIBLE
NL(3,5) NOT POSSIBLE
Max in loop inf, 0.45374812593703145
AUD TV 0.5037481259370314, ss 6
AG*(1,2) = 25
AG*(1,6) = 19
AG*(5,2) = 78
AG*(5,6) = 392
NL(3,2) = 236, AG*'s used 78
NL(3,6) NOT POSSIBLE
NL(3,4) NOT POSSIBLE
NL(3,5) NOT POSSIBLE
Max in loop inf, 0.5037481259370314
AUD TV 0.5537481259370315, ss 5
AG*(1,2) = 25
AG*(1,6) = 19
AG*(5,2) = 91
NL(3,2) = 371, AG*'s used 91
NL(3,6) NOT POSSIBLE
NL(3,4) NOT POSSIBLE
NL(3,5) NOT POSSIBLE
Max in loop inf, 0.5537481259370315
AUD TV 0.6037481259370315, ss 4
AG*(1,2) = 25
AG*(1,6) = 19
AG*(5,2) = 109
NL(3,2) = 1103, AG*'s used 109
NL(3,6) NOT POSSIBLE
NL(3,4) NOT POSSIBLE
NL(3,5) NOT POSSIBLE
Max in loop inf, 0.6037481259370315
AUD TV 0.6537481259370316, ss 3
AG*(1,2) = 25
AG*(1,6) = 19
AG*(5,2) = 135
NL(3,2) = 1090, AG*'s used 1490
NL(3,6) NOT POSSIBLE
NL(3,4) NOT POSSIBLE
NL(3,5) NOT POSSIBLE
Max in loop inf, 0.6537481259370316
New mintv = 0.051874062968515745
Sample size required for audit is inf ballots
------------------------------------------------
Assertion set BEFORE filtering:
(0, 'LT', None, (0.0018740629685157421, 3985))
(2, 'AG*', 5, 2170)
(2, 'NL', 1, 1490)
(2, 'AG*', 1, 1254)
(3, 'AG', 5, 1532)
(4, 'AG', 5, 392)
(3, 'AG', 1, 1490)
(0, 'MT', None, (0.6537481259370316, 3))
(4, 'AG', 1, 135)
(0, 'QT', None, 2617)
------------------------------------------------
Final set of assertions AFTER filtering:
(0, 'LT', None, (0.0018740629685157421, 3985))
(2, 'AG*', 5, 2170)
(2, 'NL', 1, 1490)
(2, 'AG*', 1, 1254)
(3, 'AG', 5, 1532)
(4, 'AG', 5, 392)
(3, 'AG', 1, 1490)
(0, 'MT', None, (0.6537481259370316, 3))
(4, 'AG', 1, 135)
(0, 'QT', None, 2617)
------------------------------------------------
Explanations for AG* inclusion:
   Explanation for (2, 'AG*', 5, 2170): []
   Explanation for (2, 'AG*', 1, 1254): []
   Explanation for (3, 'AG', 5, 1532): []
   Explanation for (4, 'AG', 5, 392): []
   Explanation for (3, 'AG', 1, 1490): []
   Explanation for (4, 'AG', 1, 135): []
------------------------------------------------
