VALID BALLOTS 4505
Winner 1
Winner 6
Computing AG relationships
1 AG 2 = 25
1 AG 3 = 45
1 AG 7 = 56
1 AG 4 = 290
5 AG 3 = 172
6 AG 2 = 109
6 AG 3 = 59
4 AG 2 = 210
Ruling out candidates: [(2, 109), (3, 59)]
STAGE 1 ASN (Ruling out candidates): 109
ALTERNATE OUTCOME PAIR: 7,1
   (1) can we show that 5 NL 1?
        a. margin -0.29352571217166024
      no
   (1) can we show that 5 NL 7?
        a. margin -0.1754347021827598
      no
   (1) can we show that 6 NL 1?
        a. margin -0.24335923048464592
      no
   (1) can we show that 6 NL 7?
        a. margin -0.12401035886052536
      no
   (1) can we show that 4 NL 1?
        a. margin -0.22079171291157873
      no
   (1) can we show that 4 NL 7?
        a. margin -0.11483536810950801
      no

ALTERNATE OUTCOME PAIR: 7,5
   (1) can we show that 1 NL 5?
        a. margin 0.017906030336662493
      yes, 252, ags used 290 = 290
   (1) can we show that 1 NL 7?
        a. margin 0.08938216796152343
      yes, 46, ags used 45 = 46
   (1) can we show that 6 NL 5?
        a. margin -0.011838697743249416
      no
   (1) can we show that 6 NL 7?
        a. margin 0.06674065852756184
      yes, 65, ags used 59 = 65
   (1) can we show that 4 NL 5?
        a. margin -0.15567887532371372
      no
   (1) can we show that 4 NL 7?
        a. margin 0.07399186089530252
      yes, 61, ags used 56 = 61
      Best assertion(s) require sample: 46

ALTERNATE OUTCOME PAIR: 7,6
   (1) can we show that 1 NL 6?
        a. margin 0.0022197558268595152
      yes, 4353, ags used 290 = 4353
   (1) can we show that 1 NL 7?
        a. margin 0.09123196448390569
      yes, 45, ags used 45 = 45
   (1) can we show that 5 NL 6?
        a. margin -0.09404365519792757
      no
   (1) can we show that 5 NL 7?
        a. margin 0.018423973362930335
      yes, 202, ags used 172 = 202
   (1) can we show that 4 NL 6?
        a. margin -0.17661857195708386
      no
   (1) can we show that 4 NL 7?
        a. margin 0.07524972253052264
      yes, 60, ags used 56 = 60
      Best assertion(s) require sample: 45

ALTERNATE OUTCOME PAIR: 7,4
   (1) can we show that 1 NL 4?
        a. margin 0.018423973362929447
      yes, 166, ags used 45 = 166
   (1) can we show that 1 NL 7?
        a. margin 0.0902700702922683
      yes, 46, ags used 45 = 46
   (1) can we show that 5 NL 4?
        a. margin -0.07983721790602982
      no
   (1) can we show that 5 NL 7?
        a. margin 0.025749167591564426
      yes, 153, ags used 172 = 172
   (1) can we show that 6 NL 4?
        a. margin -0.03240843507214164
      no
   (1) can we show that 6 NL 7?
        a. margin 0.0753237143914165
      yes, 58, ags used 59 = 59
      Best assertion(s) require sample: 46

ALTERNATE OUTCOME PAIR: 1,5
   (1) can we show that 7 NL 5?
        a. margin -0.26651868294487613
      no
   (1) can we show that 7 NL 1?
        a. margin -0.3431742508324086
      no
   (1) can we show that 6 NL 5?
        a. margin -0.005179430262671203
      no
   (1) can we show that 6 NL 1?
        a. margin -0.26629670736219013
      no
   (1) can we show that 4 NL 5?
        a. margin -0.14998150203477623
      no
   (1) can we show that 4 NL 1?
        a. margin -0.22885682574916655
      no

ALTERNATE OUTCOME PAIR: 1,4
   (1) can we show that 7 NL 4?
        a. margin -0.17787643359230487
      no
   (1) can we show that 7 NL 1?
        a. margin -0.3256381798002218
      no
   (1) can we show that 5 NL 4?
        a. margin -0.15286718460969295
      no
   (1) can we show that 5 NL 1?
        a. margin -0.28442471328153884
      no
   (1) can we show that 6 NL 4?
        a. margin -0.1046244913059563
      no
   (1) can we show that 6 NL 1?
        a. margin -0.2343322234554197
      no

ALTERNATE OUTCOME PAIR: 5,6
   (1) can we show that 7 NL 6?
        a. margin -0.24143544210136736
      no
   (1) can we show that 7 NL 5?
        a. margin -0.21309655937846672
      no
   (1) can we show that 1 NL 6?
        a. margin 0.032704402515724595
      yes, 139, ags used 56 = 139
   (1) can we show that 1 NL 5?
        a. margin 0.0598594154643004
      yes, 76, ags used 56 = 76
   (1) can we show that 4 NL 6?
        a. margin -0.13229744728079762
      no
   (1) can we show that 4 NL 5?
        a. margin -0.10003699593044602
      no
      Best assertion(s) require sample: 76

ALTERNATE OUTCOME PAIR: 5,4
   (1) can we show that 7 NL 4?
        a. margin -0.1510173880873107
      no
   (1) can we show that 7 NL 5?
        a. margin -0.26896041435442075
      no
   (1) can we show that 1 NL 4?
        a. margin 0.017462079171291833
      yes, 47, ags used 56 = 56
   (1) can we show that 1 NL 5?
        a. margin 0.0040695523492417784
      yes, 1863, ags used 56 = 1863
   (1) can we show that 6 NL 4?
        a. margin -0.034776174620791744
      no
   (1) can we show that 6 NL 5?
        a. margin -0.010580836108027958
      no
      Best assertion(s) require sample: 56

ALTERNATE OUTCOME PAIR: 6,4
   (1) can we show that 7 NL 4?
        a. margin -0.14894561598224165
      no
   (1) can we show that 7 NL 6?
        a. margin -0.28649648538660744
      no
   (1) can we show that 1 NL 4?
        a. margin 0.0197558268590452
      yes, 46, ags used 56 = 56
   (1) can we show that 1 NL 6?
        a. margin -0.011986681465038895
      no
   (1) can we show that 5 NL 4?
        a. margin -0.08198298187199382
      no
   (1) can we show that 5 NL 6?
        a. margin -0.09352571217166095
      no
      Best assertion(s) require sample: 56

RULE OUT PAIR STAGE ASN 76
------------------------------------------------
Alternate outcome cannot be ruled out: 7,1
Alternate outcome cannot be ruled out: 1,5
Alternate outcome cannot be ruled out: 1,4
Full audit not possible
PARTIAL audit sample size: 109
------------------------------------------------
Final set of assertions generated:
1 NL 4 = 56 [rules out (6, 4), G = {1, 2, 6}, O = set()]

(5, 'AG', 1, 109)
1 NL 7 = 45 [rules out (7, 6), G = {1, 2}, O = set()]
(0, 'AG', 6, 56)
1 NL 5 = 76 [rules out (5, 6), G = {1, 2, 6}, O = set()]
(0, 'AG', 1, 25)
1 NL 7 = 46 [rules out (7, 5), G = {1, 2}, O = set()]
1 NL 4 = 56 [rules out (5, 4), G = {1, 2, 6}, O = set()]

(0, 'AG', 2, 45)
(5, 'AG', 2, 59)
1 NL 7 = 46 [rules out (7, 4), G = {1, 2}, O = set()]
[1] are verified winners with these assertions.
[4, 5, 6, 7] remain as potential winners in this audit.
------------------------------------------------
