VALID BALLOTS 3357
Winner 5
Winner 1
Computing AG relationships
6 AG 4 = 149
7 AG 4 = 53
7 AG 3 = 102
5 AG 4 = 43
5 AG 3 = 68
1 AG 4 = 40
1 AG 3 = 68
Ruling out candidates: [(4, 43), (3, 68)]
STAGE 1 ASN (Ruling out candidates): 68
ALTERNATE OUTCOME PAIR: 6,7
   (1) can we show that 5 NL 7?
        a. margin -0.005659815311289451
      no
   (1) can we show that 5 NL 6?
        a. margin -0.17317048952437653
      no
   (1) can we show that 1 NL 7?
        a. margin -0.1931287856220828
      no
   (1) can we show that 1 NL 6?
        a. margin -0.04795948763777136
      no
   (1) can we show that 1 NL 7?
        a. margin -0.1931287856220828
      no
   (1) can we show that 1 NL 6?
        a. margin -0.04795948763777136
      no

ALTERNATE OUTCOME PAIR: 6,5
   (1) can we show that 7 NL 5?
        a. margin -0.09174858504617267
      no
   (1) can we show that 7 NL 6?
        a. margin -0.2034554661900504
      no
   (1) can we show that 1 NL 5?
        a. margin -0.21954125707476857
      no
   (1) can we show that 1 NL 6?
        a. margin -0.04805878264323182
      no
   (1) can we show that 1 NL 5?
        a. margin -0.21954125707476857
      no
   (1) can we show that 1 NL 6?
        a. margin -0.04805878264323182
      no

ALTERNATE OUTCOME PAIR: 6,1
   (1) can we show that 7 NL 1?
        a. margin -0.18170985999404288
      no
   (1) can we show that 7 NL 6?
        a. margin -0.15331148843213194
      no
   (1) can we show that 5 NL 1?
        a. margin -0.14884321318637583
      no
   (1) can we show that 5 NL 6?
        a. margin -0.1213384966736174
      no

ALTERNATE OUTCOME PAIR: 6,1
   (1) can we show that 7 NL 1?
        a. margin -0.18170985999404288
      no
   (1) can we show that 7 NL 6?
        a. margin -0.15331148843213194
      no
   (1) can we show that 5 NL 1?
        a. margin -0.14884321318637583
      no
   (1) can we show that 5 NL 6?
        a. margin -0.1213384966736174
      no

ALTERNATE OUTCOME PAIR: 7,5
   (1) can we show that 6 NL 5?
        a. margin -0.23880448813424615
      no
   (1) can we show that 6 NL 7?
        a. margin -0.21070400158872105
      no
   (1) can we show that 1 NL 5?
        a. margin -0.15966636878164964
      no
   (1) can we show that 1 NL 7?
        a. margin -0.13434614238903608
      no
   (1) can we show that 1 NL 5?
        a. margin -0.15966636878164964
      no
   (1) can we show that 1 NL 7?
        a. margin -0.13434614238903608
      no

ALTERNATE OUTCOME PAIR: 7,1
   (1) can we show that 6 NL 1?
        a. margin -0.2040512362228173
      no
   (1) can we show that 6 NL 7?
        a. margin -0.26879157978353685
      no
   (1) can we show that 5 NL 1?
        a. margin -0.1815112699831195
      no
   (1) can we show that 5 NL 7?
        a. margin -0.004766160262138719
      no

ALTERNATE OUTCOME PAIR: 7,1
   (1) can we show that 6 NL 1?
        a. margin -0.2040512362228173
      no
   (1) can we show that 6 NL 7?
        a. margin -0.26879157978353685
      no
   (1) can we show that 5 NL 1?
        a. margin -0.1815112699831195
      no
   (1) can we show that 5 NL 7?
        a. margin -0.004766160262138719
      no

RULE OUT PAIR STAGE ASN 0
------------------------------------------------
EXAMINING WAYS TO REDUCE COST OF AUDIT
ALTERNATE OUTCOME PAIR: 3,6
   (1) can we show that 7 NL 6?
        a. margin -0.20673220137027093
      no
   (1) can we show that 7 NL 3?
        a. margin 0.05103763280707052
      yes, 34, ags used 68 = 68
   (1) can we show that 5 NL 6?
        a. margin -0.17714228974282575
      no
   (1) can we show that 5 NL 3?
        a. margin 0.07357759904676886
      yes, 59, ags used 43 = 59
   (1) can we show that 1 NL 6?
        a. margin -0.0649389335716416
      no
   (1) can we show that 1 NL 3?
        a. margin 0.06742130870817231
      yes, 66, ags used 40 = 66
   (1) can we show that 1 NL 6?
        a. margin -0.0649389335716416
      no
   (1) can we show that 1 NL 3?
        a. margin 0.06742130870817231
      yes, 66, ags used 40 = 66
      Best assertion(s) require sample: 59

ALTERNATE OUTCOME PAIR: 3,7
   (1) can we show that 6 NL 7?
        a. margin -0.2706781848873002
      no
   (1) can we show that 6 NL 3?
        a. margin 0.06255585344057213
      yes, 72, ags used 68 = 72
   (1) can we show that 5 NL 7?
        a. margin -0.011220335617118549
      no
   (1) can we show that 5 NL 3?
        a. margin 0.0676198987190948
      yes, 64, ags used 43 = 64
   (1) can we show that 1 NL 7?
        a. margin -0.19859001092245054
      no
   (1) can we show that 1 NL 3?
        a. margin 0.07615926918875981
      yes, 58, ags used 40 = 58
   (1) can we show that 1 NL 7?
        a. margin -0.19859001092245054
      no
   (1) can we show that 1 NL 3?
        a. margin 0.07615926918875981
      yes, 58, ags used 40 = 58
      Best assertion(s) require sample: 58

ALTERNATE OUTCOME PAIR: 3,5
   (1) can we show that 6 NL 5?
        a. margin -0.2995730314765168
      no
   (1) can we show that 6 NL 3?
        a. margin 0.015192135835566889
      yes, 75, ags used 102 = 102
   (1) can we show that 7 NL 5?
        a. margin -0.09681263032469489
      no
   (1) can we show that 7 NL 3?
        a. margin 0.04617217753946945
      yes, 35, ags used 68 = 68
   (1) can we show that 1 NL 5?
        a. margin -0.22500248237513631
      no
   (1) can we show that 1 NL 3?
        a. margin 0.07635785919968274
      yes, 58, ags used 40 = 58
   (1) can we show that 1 NL 5?
        a. margin -0.22500248237513631
      no
   (1) can we show that 1 NL 3?
        a. margin 0.07635785919968274
      yes, 58, ags used 40 = 58
      Best assertion(s) require sample: 58

ALTERNATE OUTCOME PAIR: 3,1
   (1) can we show that 6 NL 1?
        a. margin -0.2112997716214874
      no
   (1) can we show that 6 NL 3?
        a. margin 0.051136927812530875
      yes, 89, ags used 68 = 89
   (1) can we show that 7 NL 1?
        a. margin -0.2139807367689407
      no
   (1) can we show that 7 NL 3?
        a. margin 0.05808757819481669
      yes, 65, ags used 68 = 68
   (1) can we show that 5 NL 1?
        a. margin -0.18369576010326694
      no
   (1) can we show that 5 NL 3?
        a. margin 0.0803296594181313
      yes, 54, ags used 43 = 54
      Best assertion(s) require sample: 54

ALTERNATE OUTCOME PAIR: 3,1
   (1) can we show that 6 NL 1?
        a. margin -0.2112997716214874
      no
   (1) can we show that 6 NL 3?
        a. margin 0.051136927812530875
      yes, 89, ags used 68 = 89
   (1) can we show that 7 NL 1?
        a. margin -0.2139807367689407
      no
   (1) can we show that 7 NL 3?
        a. margin 0.05808757819481669
      yes, 65, ags used 68 = 68
   (1) can we show that 5 NL 1?
        a. margin -0.18369576010326694
      no
   (1) can we show that 5 NL 3?
        a. margin 0.0803296594181313
      yes, 54, ags used 43 = 54
      Best assertion(s) require sample: 54

2 ruled out by pairs, sample size 59
STAGE 1 ASN NOW 43
NEW RULE OUT PAIR STAGE ASN 59
------------------------------------------------
Alternate outcome cannot be ruled out: 6,7
Alternate outcome cannot be ruled out: 6,5
Alternate outcome cannot be ruled out: 6,1
Alternate outcome cannot be ruled out: 6,1
Alternate outcome cannot be ruled out: 7,5
Alternate outcome cannot be ruled out: 7,1
Alternate outcome cannot be ruled out: 7,1
Full audit not possible
PARTIAL audit sample size: 59
------------------------------------------------
Final set of assertions generated:
5 NL 3 = 54 [rules out (3, 1), G = {3}, O = set()]
1 NL 3 = 58 [rules out (3, 7), G = {3}, O = set()]
(0, 'AG', 3, 40)
5 NL 3 = 59 [rules out (3, 6), G = {3}, O = set()]
1 NL 3 = 58 [rules out (3, 5), G = {3}, O = set()]
(4, 'AG', 3, 43)
[] are verified winners with these assertions.
[1, 5, 6, 7] remain as potential winners in this audit.
------------------------------------------------
