VALID BALLOTS 4887
Winner 3
Winner 5
Computing AG relationships
3 AG 8 = 48
3 AG 1 = 43
3 AG 4 = 38
3 AG 7 = 91
3 AG 2 = 60
6 AG 8 = 65
5 AG 8 = 65
Ruling out candidates: [(8, 65)]
STAGE 1 ASN (Ruling out candidates): 65
ALTERNATE OUTCOME PAIR: 1,4
   (1) can we show that 3 NL 4?
        a. margin 0.11956892435713806
      yes, 38, ags used 0 = 38
   (1) can we show that 3 NL 1?
        a. margin 0.10490416751926901
      yes, 43, ags used 0 = 43
   (1) can we show that 7 NL 4?
        a. margin -0.03369483664142969
      no
   (1) can we show that 7 NL 1?
        a. margin -0.03267171407134595
      no
   (1) can we show that 2 NL 4?
        a. margin 0.013641634267785419
      yes, 330, ags used 38 = 330
   (1) can we show that 2 NL 1?
        a. margin 0.023872859968625093
      yes, 190, ags used 43 = 190
   (1) can we show that 6 NL 4?
        a. margin 0.0777573153263762
      yes, 58, ags used 38 = 58
   (1) can we show that 6 NL 1?
        a. margin 0.004569947479707848
      yes, 62, ags used 43 = 62
   (1) can we show that 5 NL 4?
        a. margin 0.08109951572198337
      yes, 56, ags used 38 = 56
   (1) can we show that 5 NL 1?
        a. margin 0.005320237364435876
      yes, 59, ags used 43 = 59
      Best assertion(s) require sample: 38

ALTERNATE OUTCOME PAIR: 1,3
   (1) can we show that 4 NL 3?
        a. margin -0.3896050746879476
      no
   (1) can we show that 4 NL 1?
        a. margin -0.11677238933224188
      no
   (1) can we show that 7 NL 3?
        a. margin -0.40283745992769937
      no
   (1) can we show that 7 NL 1?
        a. margin -0.09262669667826229
      no
   (1) can we show that 2 NL 3?
        a. margin -0.3370165745856354
      no
   (1) can we show that 2 NL 1?
        a. margin -0.04808676079394203
      no
   (1) can we show that 6 NL 3?
        a. margin -0.2744014732965009
      no
   (1) can we show that 6 NL 1?
        a. margin 0.015346838551258069
      yes, 260, ags used 65 = 260
   (1) can we show that 5 NL 3?
        a. margin -0.2725598526703499
      no
   (1) can we show that 5 NL 1?
        a. margin 0.01650637746401995
      yes, 202, ags used 65 = 202
      Best assertion(s) require sample: 202

ALTERNATE OUTCOME PAIR: 1,7
   (1) can we show that 4 NL 7?
        a. margin -0.14016779210149377
      no
   (1) can we show that 4 NL 1?
        a. margin -0.08812495736989356
      no
   (1) can we show that 3 NL 7?
        a. margin 0.055112202441852665
      yes, 42, ags used 38 = 42
   (1) can we show that 3 NL 1?
        a. margin 0.11056544574039862
      yes, 27, ags used 38 = 38
   (1) can we show that 2 NL 7?
        a. margin -0.028374599276993262
      no
   (1) can we show that 2 NL 1?
        a. margin 0.02885205647636413
      yes, 157, ags used 43 = 157
   (1) can we show that 6 NL 7?
        a. margin 0.04617693199645334
      yes, 98, ags used 91 = 98
   (1) can we show that 6 NL 1?
        a. margin 0.008116772389331173
      yes, 58, ags used 43 = 58
   (1) can we show that 5 NL 7?
        a. margin 0.04910988336402711
      yes, 93, ags used 91 = 93
   (1) can we show that 5 NL 1?
        a. margin 0.008867062274058979
      yes, 55, ags used 43 = 55
      Best assertion(s) require sample: 38

ALTERNATE OUTCOME PAIR: 1,2
   (1) can we show that 4 NL 2?
        a. margin -0.12216083486801721
      no
   (1) can we show that 4 NL 1?
        a. margin -0.08382784257554066
      no
   (1) can we show that 3 NL 2?
        a. margin 0.07837118886842642
      yes, 34, ags used 38 = 38
   (1) can we show that 3 NL 1?
        a. margin 0.11486256053475197
      yes, 27, ags used 38 = 38
   (1) can we show that 7 NL 2?
        a. margin -0.09897005661278213
      no
   (1) can we show that 7 NL 1?
        a. margin -0.025168815224064
      no
   (1) can we show that 6 NL 2?
        a. margin -0.0003410408566945078
      no
   (1) can we show that 6 NL 1?
        a. margin 0.015483254893936094
      yes, 55, ags used 43 = 55
   (1) can we show that 5 NL 2?
        a. margin 0.0019780369688289223
      yes, 718, ags used 65 = 718
   (1) can we show that 5 NL 1?
        a. margin 0.015892503921969725
      yes, 52, ags used 43 = 52
      Best assertion(s) require sample: 38

ALTERNATE OUTCOME PAIR: 1,6
   (1) can we show that 4 NL 6?
        a. margin -0.32835413682559167
      no
   (1) can we show that 4 NL 1?
        a. margin -0.08437350794625098
      no
   (1) can we show that 3 NL 6?
        a. margin 0.008594229588704705
      yes, 121, ags used 91 = 121
   (1) can we show that 3 NL 1?
        a. margin 0.11472614419207261
      yes, 27, ags used 38 = 38
   (1) can we show that 7 NL 6?
        a. margin -0.3377668644703635
      no
   (1) can we show that 7 NL 1?
        a. margin -0.027351476706908295
      no
   (1) can we show that 2 NL 6?
        a. margin -0.28088124957369887
      no
   (1) can we show that 2 NL 1?
        a. margin 0.03335379578473563
      yes, 136, ags used 43 = 136
   (1) can we show that 5 NL 6?
        a. margin -0.05702203123934235
      no
   (1) can we show that 5 NL 1?
        a. margin 0.003615033080963448
      yes, 58, ags used 43 = 58
      Best assertion(s) require sample: 38

ALTERNATE OUTCOME PAIR: 1,5
   (1) can we show that 4 NL 5?
        a. margin -0.30605006479776276
      no
   (1) can we show that 4 NL 1?
        a. margin -0.08225905463474437
      no
   (1) can we show that 3 NL 5?
        a. margin 0.030284428074483394
      yes, 77, ags used 91 = 91
   (1) can we show that 3 NL 1?
        a. margin 0.11649955664688538
      yes, 26, ags used 38 = 38
   (1) can we show that 7 NL 5?
        a. margin -0.3147125025578065
      no
   (1) can we show that 7 NL 1?
        a. margin -0.0255780642520963
      no
   (1) can we show that 2 NL 5?
        a. margin -0.2544164790941954
      no
   (1) can we show that 2 NL 1?
        a. margin 0.03492258372553181
      yes, 130, ags used 43 = 130
   (1) can we show that 6 NL 5?
        a. margin -0.09160357410817821
      no
   (1) can we show that 6 NL 1?
        a. margin 0.0017734124548118846
      yes, 62, ags used 43 = 62
      Best assertion(s) require sample: 38

ALTERNATE OUTCOME PAIR: 4,3
   (1) can we show that 1 NL 3?
        a. margin -0.44410340358775036
      no
   (1) can we show that 1 NL 4?
        a. margin -0.29220380601596185
      no
   (1) can we show that 7 NL 3?
        a. margin -0.3887865766318802
      no
   (1) can we show that 7 NL 4?
        a. margin -0.23668235454607556
      no
   (1) can we show that 2 NL 3?
        a. margin -0.323033899461156
      no
   (1) can we show that 2 NL 4?
        a. margin -0.18197940113225353
      no
   (1) can we show that 6 NL 3?
        a. margin -0.26075983902871536
      no
   (1) can we show that 6 NL 4?
        a. margin -0.11506718504876967
      no
   (1) can we show that 5 NL 3?
        a. margin -0.25898642657390325
      no
   (1) can we show that 5 NL 4?
        a. margin -0.11206602550985689
      no

ALTERNATE OUTCOME PAIR: 4,7
   (1) can we show that 1 NL 7?
        a. margin -0.13082327262805982
      no
   (1) can we show that 1 NL 4?
        a. margin -0.07878043789645928
      no
   (1) can we show that 3 NL 7?
        a. margin 0.051292544846872845
      yes, 37, ags used 60 = 60
   (1) can we show that 3 NL 4?
        a. margin 0.1229111247527439
      yes, 37, ags used 0 = 37
   (1) can we show that 2 NL 7?
        a. margin -0.03158038332992208
      no
   (1) can we show that 2 NL 4?
        a. margin 0.017052042834732495
      yes, 265, ags used 38 = 265
   (1) can we show that 6 NL 7?
        a. margin 0.04303935611486254
      yes, 106, ags used 91 = 106
   (1) can we show that 6 NL 4?
        a. margin 0.08041743400859502
      yes, 56, ags used 38 = 56
   (1) can we show that 5 NL 7?
        a. margin 0.04610872382511433
      yes, 99, ags used 91 = 99
   (1) can we show that 5 NL 4?
        a. margin 0.08423709160357484
      yes, 54, ags used 38 = 54
      Best assertion(s) require sample: 37

ALTERNATE OUTCOME PAIR: 4,2
   (1) can we show that 1 NL 2?
        a. margin -0.13437009753768525
      no
   (1) can we show that 1 NL 4?
        a. margin -0.08103130755064458
      no
   (1) can we show that 3 NL 2?
        a. margin 0.0761885273855809
      yes, 51, ags used 48 = 51
   (1) can we show that 3 NL 4?
        a. margin 0.12059204692722192
      yes, 37, ags used 0 = 37
   (1) can we show that 7 NL 2?
        a. margin -0.10060705272491666
      no
   (1) can we show that 7 NL 4?
        a. margin -0.03280813041402353
      no
   (1) can we show that 6 NL 2?
        a. margin -0.002319077825523763
      no
   (1) can we show that 6 NL 4?
        a. margin 0.07918968692449369
      yes, 57, ags used 38 = 57
   (1) can we show that 5 NL 2?
        a. margin 0.005934110906486323
      yes, 947, ags used 65 = 947
   (1) can we show that 5 NL 4?
        a. margin 0.08246367914876229
      yes, 55, ags used 38 = 55
      Best assertion(s) require sample: 37

ALTERNATE OUTCOME PAIR: 4,6
   (1) can we show that 1 NL 6?
        a. margin -0.377395812018279
      no
   (1) can we show that 1 NL 4?
        a. margin -0.07659777641361265
      no
   (1) can we show that 3 NL 6?
        a. margin -0.002455494168201011
      no
   (1) can we show that 3 NL 4?
        a. margin 0.12686719869040086
      yes, 36, ags used 0 = 36
   (1) can we show that 7 NL 6?
        a. margin -0.3371529909283124
      no
   (1) can we show that 7 NL 4?
        a. margin -0.029465930018415465
      no
   (1) can we show that 2 NL 6?
        a. margin -0.28060841688834237
      no
   (1) can we show that 2 NL 4?
        a. margin 0.021008116772391228
      yes, 216, ags used 38 = 216
   (1) can we show that 5 NL 6?
        a. margin -0.05668099038264707
      no
   (1) can we show that 5 NL 4?
        a. margin 0.08123593206466184
      yes, 56, ags used 38 = 56
      Best assertion(s) require sample: 36

ALTERNATE OUTCOME PAIR: 4,5
   (1) can we show that 1 NL 5?
        a. margin -0.3533865357069771
      no
   (1) can we show that 1 NL 4?
        a. margin -0.07584748652888618
      no
   (1) can we show that 3 NL 5?
        a. margin 0.01868903894686591
      yes, 242, ags used 91 = 242
   (1) can we show that 3 NL 4?
        a. margin 0.1275492804037921
      yes, 35, ags used 0 = 35
   (1) can we show that 7 NL 5?
        a. margin -0.31546279244253417
      no
   (1) can we show that 7 NL 4?
        a. margin -0.02878384830502756
      no
   (1) can we show that 2 NL 5?
        a. margin -0.2553031853216009
      no
   (1) can we show that 2 NL 4?
        a. margin 0.021485573971763428
      yes, 211, ags used 38 = 211
   (1) can we show that 6 NL 5?
        a. margin -0.09249028033558382
      no
   (1) can we show that 6 NL 4?
        a. margin 0.07762089898369795
      yes, 58, ags used 38 = 58
      Best assertion(s) require sample: 35

ALTERNATE OUTCOME PAIR: 3,7
   (1) can we show that 1 NL 7?
        a. margin -0.19903144396698635
      no
   (1) can we show that 1 NL 3?
        a. margin -0.45331150671850384
      no
   (1) can we show that 4 NL 7?
        a. margin -0.16820135052179275
      no
   (1) can we show that 4 NL 3?
        a. margin -0.3859218334356448
      no
   (1) can we show that 2 NL 7?
        a. margin -0.10708682900211286
      no
   (1) can we show that 2 NL 3?
        a. margin -0.33142350453584224
      no
   (1) can we show that 6 NL 7?
        a. margin -0.01971216151695021
      no
   (1) can we show that 6 NL 3?
        a. margin -0.2696269013027752
      no
   (1) can we show that 5 NL 7?
        a. margin -0.019575745174272297
      no
   (1) can we show that 5 NL 3?
        a. margin -0.26717140713457377
      no

ALTERNATE OUTCOME PAIR: 3,2
   (1) can we show that 1 NL 2?
        a. margin -0.18852738558079285
      no
   (1) can we show that 1 NL 3?
        a. margin -0.4438987790737329
      no
   (1) can we show that 4 NL 2?
        a. margin -0.14241866175567852
      no
   (1) can we show that 4 NL 3?
        a. margin -0.373371529909283
      no
   (1) can we show that 7 NL 2?
        a. margin -0.151012891344383
      no
   (1) can we show that 7 NL 3?
        a. margin -0.3870131641770682
      no
   (1) can we show that 6 NL 2?
        a. margin -0.049791965077416345
      no
   (1) can we show that 6 NL 3?
        a. margin -0.25694018143373565
      no
   (1) can we show that 5 NL 2?
        a. margin -0.044812768569674644
      no
   (1) can we show that 5 NL 3?
        a. margin -0.25550780983561816
      no

ALTERNATE OUTCOME PAIR: 3,6
   (1) can we show that 1 NL 6?
        a. margin -0.36573221471932216
      no
   (1) can we show that 1 NL 3?
        a. margin -0.4490826000954906
      no
   (1) can we show that 4 NL 6?
        a. margin -0.32412523020257755
      no
   (1) can we show that 4 NL 3?
        a. margin -0.38271604938271486
      no
   (1) can we show that 7 NL 6?
        a. margin -0.3253529772866798
      no
   (1) can we show that 7 NL 3?
        a. margin -0.39451606302435105
      no
   (1) can we show that 2 NL 6?
        a. margin -0.26798990519064003
      no
   (1) can we show that 2 NL 3?
        a. margin -0.32337494031784786
      no
   (1) can we show that 5 NL 6?
        a. margin -0.04938271604938249
      no
   (1) can we show that 5 NL 3?
        a. margin -0.27296910169838273
      no

ALTERNATE OUTCOME PAIR: 7,2
   (1) can we show that 1 NL 2?
        a. margin -0.13286951776822797
      no
   (1) can we show that 1 NL 7?
        a. margin -0.1261851169770143
      no
   (1) can we show that 4 NL 2?
        a. margin -0.12195621035399962
      no
   (1) can we show that 4 NL 7?
        a. margin -0.13539322010776877
      no
   (1) can we show that 3 NL 2?
        a. margin 0.07864402155378114
      yes, 34, ags used 38 = 38
   (1) can we show that 3 NL 7?
        a. margin 0.059682149921560734
      yes, 40, ags used 38 = 40
   (1) can we show that 6 NL 2?
        a. margin -1.4432899320127035e-15
      no
   (1) can we show that 6 NL 7?
        a. margin 0.05115612850419504
      yes, 89, ags used 91 = 91
   (1) can we show that 5 NL 2?
        a. margin 0.002319077825521987
      yes, 689, ags used 65 = 689
   (1) can we show that 5 NL 7?
        a. margin 0.05415728804310782
      yes, 84, ags used 91 = 91
      Best assertion(s) require sample: 38

ALTERNATE OUTCOME PAIR: 7,6
   (1) can we show that 1 NL 6?
        a. margin -0.37575881590614457
      no
   (1) can we show that 1 NL 7?
        a. margin -0.11956892435713662
      no
   (1) can we show that 4 NL 6?
        a. margin -0.32603505900006735
      no
   (1) can we show that 4 NL 7?
        a. margin -0.13055043994270388
      no
   (1) can we show that 3 NL 6?
        a. margin 0.028238182934313905
      yes, 161, ags used 60 = 161
   (1) can we show that 3 NL 7?
        a. margin 0.06500238728599461
      yes, 38, ags used 38 = 38
   (1) can we show that 2 NL 6?
        a. margin -0.2784939635768354
      no
   (1) can we show that 2 NL 7?
        a. margin -0.018211581747495043
      no
   (1) can we show that 5 NL 6?
        a. margin -0.05449832889980366
      no
   (1) can we show that 5 NL 7?
        a. margin 0.04829138530795962
      yes, 94, ags used 91 = 94
      Best assertion(s) require sample: 38

ALTERNATE OUTCOME PAIR: 7,5
   (1) can we show that 1 NL 5?
        a. margin -0.3524316213082318
      no
   (1) can we show that 1 NL 7?
        a. margin -0.1214787531546263
      no
   (1) can we show that 4 NL 5?
        a. margin -0.30591364845508406
      no
   (1) can we show that 4 NL 7?
        a. margin -0.1315735625127875
      no
   (1) can we show that 3 NL 5?
        a. margin 0.04760930359456905
      yes, 96, ags used 60 = 96
   (1) can we show that 3 NL 7?
        a. margin 0.06391105654457196
      yes, 39, ags used 38 = 39
   (1) can we show that 2 NL 5?
        a. margin -0.2542800627515166
      no
   (1) can we show that 2 NL 7?
        a. margin -0.019575745174269743
      no
   (1) can we show that 6 NL 5?
        a. margin -0.09235386399290813
      no
   (1) can we show that 6 NL 7?
        a. margin 0.04256189891549034
      yes, 107, ags used 91 = 107
      Best assertion(s) require sample: 39

ALTERNATE OUTCOME PAIR: 2,6
   (1) can we show that 1 NL 6?
        a. margin -0.3793738489871088
      no
   (1) can we show that 1 NL 2?
        a. margin -0.13266489325421127
      no
   (1) can we show that 4 NL 6?
        a. margin -0.32978650842370916
      no
   (1) can we show that 4 NL 2?
        a. margin -0.12229725121069435
      no
   (1) can we show that 3 NL 6?
        a. margin -0.006138735420503361
      no
   (1) can we show that 3 NL 2?
        a. margin 0.07830298069708697
      yes, 34, ags used 38 = 38
   (1) can we show that 7 NL 6?
        a. margin -0.3387899870404474
      no
   (1) can we show that 7 NL 2?
        a. margin -0.09890184844144267
      no
   (1) can we show that 5 NL 6?
        a. margin -0.05756769661005379
      no
   (1) can we show that 5 NL 2?
        a. margin 0.000477457199372866
      yes, 879, ags used 65 = 879
      Best assertion(s) require sample: 38

ALTERNATE OUTCOME PAIR: 2,5
   (1) can we show that 1 NL 5?
        a. margin -0.354205033763045
      no
   (1) can we show that 1 NL 2?
        a. margin -0.13273310142555028
      no
   (1) can we show that 4 NL 5?
        a. margin -0.30761885273855805
      no
   (1) can we show that 4 NL 2?
        a. margin -0.121615169497305
      no
   (1) can we show that 3 NL 5?
        a. margin 0.015483254893936316
      yes, 292, ags used 91 = 292
   (1) can we show that 3 NL 2?
        a. margin 0.07912147875315534
      yes, 34, ags used 38 = 38
   (1) can we show that 7 NL 5?
        a. margin -0.31607666598458484
      no
   (1) can we show that 7 NL 2?
        a. margin -0.09856080758474872
      no
   (1) can we show that 6 NL 5?
        a. margin -0.09119432508014447
      no
   (1) can we show that 6 NL 2?
        a. margin -0.0022508696541845286
      no
      Best assertion(s) require sample: 38

ALTERNATE OUTCOME PAIR: 6,5
   (1) can we show that 1 NL 5?
        a. margin -0.30830093445194506
      no
   (1) can we show that 1 NL 6?
        a. margin -0.3261032671714046
      no
   (1) can we show that 4 NL 5?
        a. margin -0.26205579428415293
      no
   (1) can we show that 4 NL 6?
        a. margin -0.2769251756360388
      no
   (1) can we show that 3 NL 5?
        a. margin 0.014323715981170881
      yes, 50, ags used 60 = 60
   (1) can we show that 3 NL 6?
        a. margin 0.0005456653707092141
      yes, 59, ags used 60 = 60
   (1) can we show that 7 NL 5?
        a. margin -0.271400313757586
      no
   (1) can we show that 7 NL 6?
        a. margin -0.285860446081438
      no
   (1) can we show that 2 NL 5?
        a. margin -0.21008116772389096
      no
   (1) can we show that 2 NL 6?
        a. margin -0.22924766387012907
      no
      Best assertion(s) require sample: 60

RULE OUT PAIR STAGE ASN 202
------------------------------------------------
Alternate outcome cannot be ruled out: 4,3
Alternate outcome cannot be ruled out: 3,7
Alternate outcome cannot be ruled out: 3,2
Alternate outcome cannot be ruled out: 3,6
Full audit not possible
PARTIAL audit sample size: 202
------------------------------------------------
Final set of assertions generated:
(2, 'AG', 0, 43)
3 NL 4 = 37 [rules out (4, 2), G = set(), O = set()]
(4, 'AG', 7, 65)
3 NL 5 = 60 [rules out (6, 5), G = {0, 1, 3, 7}, O = set()]

3 NL 1 = 38 [rules out (1, 7), G = {3}, O = set()]
(2, 'AG', 7, 48)
3 NL 2 = 38 [rules out (2, 6), G = {3}, O = set()]
3 NL 4 = 36 [rules out (4, 6), G = set(), O = set()]
(2, 'AG', 3, 38)
3 NL 1 = 38 [rules out (1, 6), G = {3}, O = set()]
3 NL 2 = 38 [rules out (2, 5), G = {3}, O = set()]
3 NL 4 = 38 [rules out (1, 4), G = set(), O = set()]

3 NL 4 = 37 [rules out (4, 7), G = set(), O = set()]
(2, 'AG', 1, 60)
3 NL 2 = 38 [rules out (7, 2), G = {3}, O = set()]

3 NL 2 = 38 [rules out (1, 2), G = {3}, O = set()]

3 NL 4 = 35 [rules out (4, 5), G = set(), O = set()]
3 NL 7 = 39 [rules out (7, 5), G = {3}, O = set()]
3 NL 7 = 38 [rules out (7, 6), G = {3}, O = set()]
5 NL 1 = 202 [rules out (1, 3), G = {7}, O = set()]
3 NL 1 = 38 [rules out (1, 5), G = {3}, O = set()]
[3] are verified winners with these assertions.
[2, 4, 5, 6, 7] remain as potential winners in this audit.
------------------------------------------------
