VALID BALLOTS 5939
Winner 6
Winner 2
Computing AG relationships
8 AG 5 = 130
3 AG 5 = 46
6 AG 5 = 47
6 AG 4 = 293
1 AG 5 = 51
1 AG 4 = 257
2 AG 5 = 44
2 AG 4 = 42
2 AG 7 = 49
Ruling out candidates: [(5, 46), (4, 257)]
STAGE 1 ASN (Ruling out candidates): 257
ALTERNATE OUTCOME PAIR: 7,8
   (1) can we show that 3 NL 8?
        a. margin -0.20368187685918082
      no
   (1) can we show that 3 NL 7?
        a. margin 0.08317898636133791
      yes, 55, ags used 49 = 55
   (1) can we show that 6 NL 8?
        a. margin -0.042431385755178574
      no
   (1) can we show that 6 NL 7?
        a. margin 0.1059100858730413
      yes, 43, ags used 49 = 49
   (1) can we show that 1 NL 8?
        a. margin -0.16669472975248445
      no
   (1) can we show that 1 NL 7?
        a. margin 0.09692989841162736
      yes, 47, ags used 49 = 49
   (1) can we show that 2 NL 8?
        a. margin -0.1475557052253469
      no
   (1) can we show that 2 NL 7?
        a. margin 0.09642476286692281
      yes, 44, ags used 44 = 44
      Best assertion(s) require sample: 44

ALTERNATE OUTCOME PAIR: 7,3
   (1) can we show that 8 NL 3?
        a. margin -0.13565695683897394
      no
   (1) can we show that 8 NL 7?
        a. margin 0.042487511926811106
      yes, 107, ags used 49 = 107
   (1) can we show that 6 NL 3?
        a. margin -0.07481618678789947
      no
   (1) can we show that 6 NL 7?
        a. margin 0.10568558118650717
      yes, 43, ags used 49 = 49
   (1) can we show that 1 NL 3?
        a. margin -0.0760509625638437
      no
   (1) can we show that 1 NL 7?
        a. margin 0.095246113262615
      yes, 48, ags used 49 = 49
   (1) can we show that 2 NL 3?
        a. margin -0.07930628051860578
      no
   (1) can we show that 2 NL 7?
        a. margin 0.09625638435202233
      yes, 44, ags used 44 = 44
      Best assertion(s) require sample: 44

ALTERNATE OUTCOME PAIR: 7,6
   (1) can we show that 8 NL 6?
        a. margin -0.2457203794129197
      no
   (1) can we show that 8 NL 7?
        a. margin 0.04276814278498131
      yes, 107, ags used 49 = 107
   (1) can we show that 3 NL 6?
        a. margin -0.26244597855980345
      no
   (1) can we show that 3 NL 7?
        a. margin 0.08424538362238265
      yes, 54, ags used 49 = 54
   (1) can we show that 1 NL 6?
        a. margin -0.22343828927428988
      no
   (1) can we show that 1 NL 7?
        a. margin 0.09681764606836096
      yes, 47, ags used 49 = 49
   (1) can we show that 2 NL 6?
        a. margin -0.2085648537913234
      no
   (1) can we show that 2 NL 7?
        a. margin 0.09692989841162736
      yes, 44, ags used 44 = 44
      Best assertion(s) require sample: 44

ALTERNATE OUTCOME PAIR: 7,1
   (1) can we show that 8 NL 1?
        a. margin -0.22832126620643156
      no
   (1) can we show that 8 NL 7?
        a. margin 0.04692147948588454
      yes, 97, ags used 49 = 97
   (1) can we show that 3 NL 1?
        a. margin -0.18443059998877565
      no
   (1) can we show that 3 NL 7?
        a. margin 0.08654655665937061
      yes, 52, ags used 49 = 52
   (1) can we show that 6 NL 1?
        a. margin -0.1405399337711184
      no
   (1) can we show that 6 NL 7?
        a. margin 0.10927765617107266
      yes, 41, ags used 49 = 49
   (1) can we show that 2 NL 1?
        a. margin -0.13105461076500025
      no
   (1) can we show that 2 NL 7?
        a. margin 0.10018521636639188
      yes, 43, ags used 42 = 43
      Best assertion(s) require sample: 43

ALTERNATE OUTCOME PAIR: 7,2
   (1) can we show that 8 NL 2?
        a. margin -0.20631980692596863
      no
   (1) can we show that 8 NL 7?
        a. margin -0.11691081551327487
      no
   (1) can we show that 3 NL 2?
        a. margin -0.18931357692091744
      no
   (1) can we show that 3 NL 7?
        a. margin -0.09109277656171177
      no
   (1) can we show that 6 NL 2?
        a. margin -0.12774316663860552
      no
   (1) can we show that 6 NL 7?
        a. margin -0.04114048380760049
      no
   (1) can we show that 1 NL 2?
        a. margin -0.1378458775326954
      no
   (1) can we show that 1 NL 7?
        a. margin -0.04473255879216176
      no

ALTERNATE OUTCOME PAIR: 8,3
   (1) can we show that 7 NL 3?
        a. margin -0.24487848683841373
      no
   (1) can we show that 7 NL 8?
        a. margin -0.3051018690015137
      no
   (1) can we show that 6 NL 3?
        a. margin -0.07206600437784227
      no
   (1) can we show that 6 NL 8?
        a. margin -0.03384408149520024
      no
   (1) can we show that 1 NL 3?
        a. margin -0.06594825166975582
      no
   (1) can we show that 1 NL 8?
        a. margin -0.15457147667957505
      no
   (1) can we show that 2 NL 3?
        a. margin -0.019980917101646734
      no
   (1) can we show that 2 NL 8?
        a. margin -0.07986754223494441
      no

ALTERNATE OUTCOME PAIR: 8,6
   (1) can we show that 7 NL 6?
        a. margin -0.36274344726945995
      no
   (1) can we show that 7 NL 8?
        a. margin -0.2846719425267983
      no
   (1) can we show that 3 NL 6?
        a. margin -0.23494415445922812
      no
   (1) can we show that 3 NL 8?
        a. margin -0.16815401021496756
      no
   (1) can we show that 1 NL 6?
        a. margin -0.19313015659202248
      no
   (1) can we show that 1 NL 8?
        a. margin -0.1316719986529754
      no
   (1) can we show that 2 NL 6?
        a. margin -0.1267328955491982
      no
   (1) can we show that 2 NL 8?
        a. margin -0.06039176067800778
      no

ALTERNATE OUTCOME PAIR: 8,1
   (1) can we show that 7 NL 1?
        a. margin -0.30257619127799174
      no
   (1) can we show that 7 NL 8?
        a. margin -0.309816467418757
      no
   (1) can we show that 3 NL 1?
        a. margin -0.1829713195262973
      no
   (1) can we show that 3 NL 8?
        a. margin -0.19256889487568007
      no
   (1) can we show that 6 NL 1?
        a. margin -0.14351462086771183
      no
   (1) can we show that 6 NL 8?
        a. margin -0.03530336195768058
      no
   (1) can we show that 2 NL 1?
        a. margin -0.07403042038502794
      no
   (1) can we show that 2 NL 8?
        a. margin -0.08413313127911504
      no

ALTERNATE OUTCOME PAIR: 8,2
   (1) can we show that 7 NL 2?
        a. margin -0.27614076443845714
      no
   (1) can we show that 7 NL 8?
        a. margin -0.3223326036931017
      no
   (1) can we show that 3 NL 2?
        a. margin -0.1997530448448137
      no
   (1) can we show that 3 NL 8?
        a. margin -0.18852781051804535
      no
   (1) can we show that 6 NL 2?
        a. margin -0.14160633103216147
      no
   (1) can we show that 6 NL 8?
        a. margin -0.03580849750238524
      no
   (1) can we show that 1 NL 2?
        a. margin -0.14733120053881354
      no
   (1) can we show that 1 NL 8?
        a. margin -0.15451535050793996
      no

ALTERNATE OUTCOME PAIR: 3,6
   (1) can we show that 7 NL 6?
        a. margin -0.3746421956558327
      no
   (1) can we show that 7 NL 3?
        a. margin -0.24751641690520187
      no
   (1) can we show that 8 NL 6?
        a. margin -0.23404613571308175
      no
   (1) can we show that 8 NL 3?
        a. margin -0.13335578380198643
      no
   (1) can we show that 1 NL 6?
        a. margin -0.2107537744850414
      no
   (1) can we show that 1 NL 3?
        a. margin -0.06982095751248907
      no
   (1) can we show that 2 NL 6?
        a. margin -0.13880002245046752
      no
   (1) can we show that 2 NL 3?
        a. margin -0.02261884716843554
      no

ALTERNATE OUTCOME PAIR: 3,1
   (1) can we show that 7 NL 1?
        a. margin -0.2888814053993385
      no
   (1) can we show that 7 NL 3?
        a. margin -0.23786271538418358
      no
   (1) can we show that 8 NL 1?
        a. margin -0.21400909243980548
      no
   (1) can we show that 8 NL 3?
        a. margin -0.11966099792333174
      no
   (1) can we show that 6 NL 1?
        a. margin -0.12701352640736452
      no
   (1) can we show that 6 NL 3?
        a. margin -0.05943761576022899
      no
   (1) can we show that 2 NL 1?
        a. margin -0.06011112981983313
      no
   (1) can we show that 2 NL 3?
        a. margin -0.01324577650558445
      no

ALTERNATE OUTCOME PAIR: 3,2
   (1) can we show that 7 NL 2?
        a. margin -0.27765617107257157
      no
   (1) can we show that 7 NL 3?
        a. margin -0.2545321883594319
      no
   (1) can we show that 8 NL 2?
        a. margin -0.21979008811808975
      no
   (1) can we show that 8 NL 3?
        a. margin -0.13139136779480298
      no
   (1) can we show that 6 NL 2?
        a. margin -0.14138182634562535
      no
   (1) can we show that 6 NL 3?
        a. margin -0.07083122860189728
      no
   (1) can we show that 1 NL 2?
        a. margin -0.15097940169500979
      no
   (1) can we show that 1 NL 3?
        a. margin -0.07043834540045879
      no

ALTERNATE OUTCOME PAIR: 6,1
   (1) can we show that 7 NL 1?
        a. margin -0.2930347421002396
      no
   (1) can we show that 7 NL 6?
        a. margin -0.3760453499466797
      no
   (1) can we show that 8 NL 1?
        a. margin -0.22349441544592252
      no
   (1) can we show that 8 NL 6?
        a. margin -0.23051018690015124
      no
   (1) can we show that 3 NL 1?
        a. margin -0.17152158051299127
      no
   (1) can we show that 3 NL 6?
        a. margin -0.24762866924847016
      no
   (1) can we show that 2 NL 1?
        a. margin -0.06594825166975393
      no
   (1) can we show that 2 NL 6?
        a. margin -0.14070831228601854
      no

ALTERNATE OUTCOME PAIR: 1,2
   (1) can we show that 7 NL 2?
        a. margin -0.2674412078352133
      no
   (1) can we show that 7 NL 1?
        a. margin -0.3087500701577146
      no
   (1) can we show that 8 NL 2?
        a. margin -0.2080035920749843
      no
   (1) can we show that 8 NL 1?
        a. margin -0.2152438682157488
      no
   (1) can we show that 3 NL 2?
        a. margin -0.18981871246562232
      no
   (1) can we show that 3 NL 1?
        a. margin -0.16837851490149824
      no
   (1) can we show that 6 NL 2?
        a. margin -0.13066172756356276
      no
   (1) can we show that 6 NL 1?
        a. margin -0.1283044283549417
      no

RULE OUT PAIR STAGE ASN 44
------------------------------------------------
EXAMINING WAYS TO REDUCE COST OF AUDIT
ALTERNATE OUTCOME PAIR: 4,7
   (1) can we show that 8 NL 7?
        a. margin 0.04209462872537517
      yes, 108, ags used 49 = 108
   (1) can we show that 8 NL 4?
        a. margin 0.0736936633552232
      yes, 62, ags used 42 = 62
   (1) can we show that 3 NL 7?
        a. margin 0.08127069652579033
      yes, 56, ags used 49 = 56
   (1) can we show that 3 NL 4?
        a. margin 0.11410450693158047
      yes, 40, ags used 42 = 42
   (1) can we show that 6 NL 7?
        a. margin 0.10518044564180329
      yes, 43, ags used 49 = 49
   (1) can we show that 6 NL 4?
        a. margin 0.023909749116011403
      yes, 33, ags used 42 = 42
   (1) can we show that 1 NL 7?
        a. margin 0.09457259920300909
      yes, 48, ags used 49 = 49
   (1) can we show that 1 NL 4?
        a. margin 0.024976146377054587
      yes, 35, ags used 42 = 42
   (1) can we show that 2 NL 7?
        a. margin 0.09333782342706343
      yes, 48, ags used 44 = 48
   (1) can we show that 2 NL 4?
        a. margin 0.10989504405904427
      yes, 41, ags used 0 = 41
      Best assertion(s) require sample: 41

ALTERNATE OUTCOME PAIR: 4,8
   (1) can we show that 7 NL 8?
        a. margin -0.32480215524499034
      no
   (1) can we show that 7 NL 4?
        a. margin 0.013526407363751769
      yes, 133, ags used 293 = 293
   (1) can we show that 3 NL 8?
        a. margin -0.20704944715720874
      no
   (1) can we show that 3 NL 4?
        a. margin 0.11545153505079209
      yes, 39, ags used 42 = 42
   (1) can we show that 6 NL 8?
        a. margin -0.04596733456810875
      no
   (1) can we show that 6 NL 4?
        a. margin 0.016613346803613593
      yes, 33, ags used 42 = 42
   (1) can we show that 1 NL 8?
        a. margin -0.17152158051299282
      no
   (1) can we show that 1 NL 4?
        a. margin 0.021889206937192984
      yes, 35, ags used 42 = 42
   (1) can we show that 2 NL 8?
        a. margin -0.10742549250715683
      no
   (1) can we show that 2 NL 4?
        a. margin 0.11337486670034025
      yes, 40, ags used 0 = 40
      Best assertion(s) require sample: 40

ALTERNATE OUTCOME PAIR: 4,3
   (1) can we show that 7 NL 3?
        a. margin -0.25576696413537603
      no
   (1) can we show that 7 NL 4?
        a. margin 0.01492956165460102
      yes, 123, ags used 293 = 293
   (1) can we show that 8 NL 3?
        a. margin -0.13604984004041087
      no
   (1) can we show that 8 NL 4?
        a. margin 0.0770051074816196
      yes, 59, ags used 42 = 59
   (1) can we show that 6 NL 3?
        a. margin -0.07694898130998484
      no
   (1) can we show that 6 NL 4?
        a. margin 0.020710557332885404
      yes, 32, ags used 42 = 42
   (1) can we show that 1 NL 3?
        a. margin -0.07902564966043635
      no
   (1) can we show that 1 NL 4?
        a. margin 0.022338216310266334
      yes, 35, ags used 42 = 42
   (1) can we show that 2 NL 3?
        a. margin -0.03883931077061209
      no
   (1) can we show that 2 NL 4?
        a. margin 0.11618117528203253
      yes, 39, ags used 0 = 39
      Best assertion(s) require sample: 39

ALTERNATE OUTCOME PAIR: 4,6
   (1) can we show that 7 NL 6?
        a. margin -0.3959140147050567
      no
   (1) can we show that 7 NL 4?
        a. margin 0.015322444856036732
      yes, 296, ags used 257 = 296
   (1) can we show that 8 NL 6?
        a. margin -0.24847056182297766
      no
   (1) can we show that 8 NL 4?
        a. margin 0.07335690632542025
      yes, 62, ags used 42 = 62
   (1) can we show that 3 NL 6?
        a. margin -0.2661503058876349
      no
   (1) can we show that 3 NL 4?
        a. margin 0.11803333894594736
      yes, 38, ags used 42 = 42
   (1) can we show that 1 NL 6?
        a. margin -0.22854577089296702
      no
   (1) can we show that 1 NL 4?
        a. margin 0.02385362294437643
      yes, 34, ags used 42 = 42
   (1) can we show that 2 NL 6?
        a. margin -0.16776112701352652
      no
   (1) can we show that 2 NL 4?
        a. margin 0.11550766122242528
      yes, 39, ags used 0 = 39
      Best assertion(s) require sample: 39

ALTERNATE OUTCOME PAIR: 4,1
   (1) can we show that 7 NL 1?
        a. margin -0.31183700959757554
      no
   (1) can we show that 7 NL 4?
        a. margin 0.016669472975248567
      yes, 273, ags used 293 = 293
   (1) can we show that 8 NL 1?
        a. margin -0.23286748610877284
      no
   (1) can we show that 8 NL 4?
        a. margin 0.07936240669023986
      yes, 57, ags used 42 = 57
   (1) can we show that 3 NL 1?
        a. margin -0.1896503339507205
      no
   (1) can we show that 3 NL 4?
        a. margin 0.1196048717516982
      yes, 38, ags used 42 = 42
   (1) can we show that 6 NL 1?
        a. margin -0.14688219116574086
      no
   (1) can we show that 6 NL 4?
        a. margin 0.02643542683953548
      yes, 32, ags used 42 = 42
   (1) can we show that 2 NL 1?
        a. margin -0.09092439804680863
      no
   (1) can we show that 2 NL 4?
        a. margin 0.11780883425941546
      yes, 38, ags used 0 = 38
      Best assertion(s) require sample: 38

ALTERNATE OUTCOME PAIR: 4,2
   (1) can we show that 7 NL 2?
        a. margin -0.2795644609081217
      no
   (1) can we show that 7 NL 4?
        a. margin 0.02419037997418161
      yes, 188, ags used 293 = 293
   (1) can we show that 8 NL 2?
        a. margin -0.2202952236627942
      no
   (1) can we show that 8 NL 4?
        a. margin 0.035359488129314
      yes, 129, ags used 257 = 257
   (1) can we show that 3 NL 2?
        a. margin -0.20334511982937575
      no
   (1) can we show that 3 NL 4?
        a. margin 0.001739911320647769
      yes, 64, ags used 257 = 257
   (1) can we show that 6 NL 2?
        a. margin -0.14368299938261242
      no
   (1) can we show that 6 NL 4?
        a. margin 0.043104899814782716
      yes, 104, ags used 47 = 104
   (1) can we show that 1 NL 2?
        a. margin -0.1545153505079413
      no
   (1) can we show that 1 NL 4?
        a. margin 0.04467643262053356
      yes, 98, ags used 51 = 98
      Best assertion(s) require sample: 98

3 ruled out by pairs, sample size 98
STAGE 1 ASN NOW 46
NEW RULE OUT PAIR STAGE ASN 98
------------------------------------------------
Alternate outcome cannot be ruled out: 7,2
Alternate outcome cannot be ruled out: 8,3
Alternate outcome cannot be ruled out: 8,6
Alternate outcome cannot be ruled out: 8,1
Alternate outcome cannot be ruled out: 8,2
Alternate outcome cannot be ruled out: 3,6
Alternate outcome cannot be ruled out: 3,1
Alternate outcome cannot be ruled out: 3,2
Alternate outcome cannot be ruled out: 6,1
Alternate outcome cannot be ruled out: 1,2
Full audit not possible
PARTIAL audit sample size: 98
------------------------------------------------
Final set of assertions generated:
(1, 'AG', 3, 42)
2 NL 7 = 44 [rules out (7, 3), G = {3, 4}, O = set()]
(0, 'AG', 4, 51)
2 NL 4 = 41 [rules out (4, 7), G = set(), O = set()]
(1, 'AG', 4, 44)
2 NL 7 = 44 [rules out (7, 8), G = {3, 4}, O = set()]
2 NL 4 = 39 [rules out (4, 3), G = set(), O = set()]
2 NL 4 = 40 [rules out (4, 8), G = set(), O = set()]
2 NL 4 = 39 [rules out (4, 6), G = set(), O = set()]
(2, 'AG', 4, 46)
2 NL 7 = 43 [rules out (7, 1), G = {3}, O = set()]
1 NL 4 = 98 [rules out (4, 2), G = {4}, O = set()]
2 NL 7 = 44 [rules out (7, 6), G = {3, 4}, O = set()]
2 NL 4 = 38 [rules out (4, 1), G = set(), O = set()]
[] are verified winners with these assertions.
[1, 2, 3, 6, 7, 8] remain as potential winners in this audit.
------------------------------------------------
