VALID BALLOTS 4647
Winner 4
Winner 3
Computing AG relationships
4 AG 6 = 262
4 AG 8 = 133
4 AG 5 = 52
4 AG 1 = 312
4 AG 2 = 63
3 AG 6 = 41
3 AG 8 = 32
3 AG 1 = 46
3 AG 2 = 39
Ruling out candidates: [(6, 262), (8, 133), (1, 312), (2, 63)]
STAGE 1 ASN (Ruling out candidates): 312
ALTERNATE OUTCOME PAIR: 5,4
   (1) can we show that 3 NL 4?
        a. margin -0.038591205795852734
      no
   (1) can we show that 3 NL 5?
        a. margin 0.015206943547810381
      yes, 106, ags used 46 = 106
   (1) can we show that 3 NL 4?
        a. margin -0.038591205795852734
      no
   (1) can we show that 3 NL 5?
        a. margin 0.015206943547810381
      yes, 106, ags used 46 = 106
      Best assertion(s) require sample: 106

ALTERNATE OUTCOME PAIR: 5,3
   (1) can we show that 4 NL 3?
        a. margin -0.14288788465676738
      no
   (1) can we show that 4 NL 5?
        a. margin 0.0971235922817586
      yes, 47, ags used 0 = 47
      Best assertion(s) require sample: 47

ALTERNATE OUTCOME PAIR: 5,3
   (1) can we show that 4 NL 3?
        a. margin -0.14288788465676738
      no
   (1) can we show that 4 NL 5?
        a. margin 0.0971235922817586
      yes, 47, ags used 0 = 47
      Best assertion(s) require sample: 47

RULE OUT PAIR STAGE ASN 106
------------------------------------------------
EXAMINING WAYS TO REDUCE COST OF AUDIT
ALTERNATE OUTCOME PAIR: 1,5
   (1) can we show that 4 NL 5?
        a. margin 0.09016569829997856
      yes, 50, ags used 0 = 50
   (1) can we show that 4 NL 1?
        a. margin 0.015422136145183618
      yes, 46, ags used 46 = 46
   (1) can we show that 3 NL 5?
        a. margin 0.22028548884585053
      yes, 20, ags used 52 = 52
   (1) can we show that 3 NL 1?
        a. margin 0.10365110106878905
      yes, 40, ags used 39 = 40
   (1) can we show that 3 NL 5?
        a. margin 0.22028548884585053
      yes, 20, ags used 52 = 52
   (1) can we show that 3 NL 1?
        a. margin 0.10365110106878905
      yes, 40, ags used 39 = 40
      Best assertion(s) require sample: 40

ALTERNATE OUTCOME PAIR: 1,4
   (1) can we show that 5 NL 4?
        a. margin -0.3666881859264042
      no
   (1) can we show that 5 NL 1?
        a. margin -0.06498816440714439
      no
   (1) can we show that 3 NL 4?
        a. margin -0.061114697654400696
      no
   (1) can we show that 3 NL 1?
        a. margin 0.11412380747435691
      yes, 38, ags used 32 = 38
   (1) can we show that 3 NL 4?
        a. margin -0.061114697654400696
      no
   (1) can we show that 3 NL 1?
        a. margin 0.11412380747435691
      yes, 38, ags used 32 = 38
      Best assertion(s) require sample: 38

ALTERNATE OUTCOME PAIR: 1,3
   (1) can we show that 5 NL 3?
        a. margin -0.39200918155082143
      no
   (1) can we show that 5 NL 1?
        a. margin -0.1212968940535114
      no
   (1) can we show that 4 NL 3?
        a. margin -0.12000573846926343
      no
   (1) can we show that 4 NL 1?
        a. margin 0.032852736532529736
      yes, 56, ags used 52 = 56
      Best assertion(s) require sample: 56

ALTERNATE OUTCOME PAIR: 1,3
   (1) can we show that 5 NL 3?
        a. margin -0.39200918155082143
      no
   (1) can we show that 5 NL 1?
        a. margin -0.1212968940535114
      no
   (1) can we show that 4 NL 3?
        a. margin -0.12000573846926343
      no
   (1) can we show that 4 NL 1?
        a. margin 0.032852736532529736
      yes, 56, ags used 52 = 56
      Best assertion(s) require sample: 56

0 ruled out by pairs, sample size 56
STAGE 1 ASN NOW 262
NEW RULE OUT PAIR STAGE ASN 106
ALTERNATE OUTCOME PAIR: 6,5
   (1) can we show that 1 NL 5?
        a. margin -0.04138870956172391
      no
   (1) can we show that 1 NL 6?
        a. margin -0.00509289147119929
      no
   (1) can we show that 4 NL 5?
        a. margin 0.08908973531310438
      yes, 51, ags used 0 = 51
   (1) can we show that 4 NL 6?
        a. margin 0.0187217559715942
      yes, 40, ags used 41 = 41
   (1) can we show that 3 NL 5?
        a. margin 0.2227960691485551
      yes, 20, ags used 52 = 52
   (1) can we show that 3 NL 6?
        a. margin 0.11405207660856287
      yes, 38, ags used 32 = 38
   (1) can we show that 3 NL 5?
        a. margin 0.2227960691485551
      yes, 20, ags used 52 = 52
   (1) can we show that 3 NL 6?
        a. margin 0.11405207660856287
      yes, 38, ags used 32 = 38
      Best assertion(s) require sample: 38

ALTERNATE OUTCOME PAIR: 6,1
   (1) can we show that 5 NL 1?
        a. margin -0.050928914711999895
      no
   (1) can we show that 5 NL 6?
        a. margin -0.03220715874040603
      no
   (1) can we show that 4 NL 1?
        a. margin 0.022164837529589088
      yes, 43, ags used 46 = 46
   (1) can we show that 4 NL 6?
        a. margin 0.02819023025607925
      yes, 37, ags used 41 = 41
   (1) can we show that 3 NL 1?
        a. margin 0.10673552829782529
      yes, 39, ags used 39 = 39
   (1) can we show that 3 NL 6?
        a. margin 0.12251631877196778
      yes, 36, ags used 32 = 36
   (1) can we show that 3 NL 1?
        a. margin 0.10673552829782529
      yes, 39, ags used 39 = 39
   (1) can we show that 3 NL 6?
        a. margin 0.12251631877196778
      yes, 36, ags used 32 = 36
      Best assertion(s) require sample: 36

ALTERNATE OUTCOME PAIR: 6,4
   (1) can we show that 5 NL 4?
        a. margin -0.37113549960547976
      no
   (1) can we show that 5 NL 6?
        a. margin -0.05150276163833267
      no
   (1) can we show that 1 NL 4?
        a. margin -0.3707768452765221
      no
   (1) can we show that 1 NL 6?
        a. margin -0.03521985510365022
      no
   (1) can we show that 3 NL 4?
        a. margin -0.0625493149702312
      no
   (1) can we show that 3 NL 6?
        a. margin 0.1260311311957527
      yes, 35, ags used 32 = 35
   (1) can we show that 3 NL 4?
        a. margin -0.0625493149702312
      no
   (1) can we show that 3 NL 6?
        a. margin 0.1260311311957527
      yes, 35, ags used 32 = 35
      Best assertion(s) require sample: 35

ALTERNATE OUTCOME PAIR: 6,3
   (1) can we show that 5 NL 3?
        a. margin -0.39308514453769405
      no
   (1) can we show that 5 NL 6?
        a. margin -0.11441073093752285
      no
   (1) can we show that 1 NL 3?
        a. margin -0.4168280611146974
      no
   (1) can we show that 1 NL 6?
        a. margin -0.05881930994907025
      no
   (1) can we show that 4 NL 3?
        a. margin -0.11046553331898645
      no
   (1) can we show that 4 NL 6?
        a. margin 0.03751524280898044
      yes, 53, ags used 52 = 53
      Best assertion(s) require sample: 53

ALTERNATE OUTCOME PAIR: 6,3
   (1) can we show that 5 NL 3?
        a. margin -0.39308514453769405
      no
   (1) can we show that 5 NL 6?
        a. margin -0.11441073093752285
      no
   (1) can we show that 1 NL 3?
        a. margin -0.4168280611146974
      no
   (1) can we show that 1 NL 6?
        a. margin -0.05881930994907025
      no
   (1) can we show that 4 NL 3?
        a. margin -0.11046553331898645
      no
   (1) can we show that 4 NL 6?
        a. margin 0.03751524280898044
      yes, 53, ags used 52 = 53
      Best assertion(s) require sample: 53

5 ruled out by pairs, sample size 53
STAGE 1 ASN NOW 133
NEW RULE OUT PAIR STAGE ASN 106
ALTERNATE OUTCOME PAIR: 8,6
   (1) can we show that 5 NL 6?
        a. margin -0.03765870454056264
      no
   (1) can we show that 5 NL 8?
        a. margin -0.021590990603255977
      no
   (1) can we show that 1 NL 6?
        a. margin -0.002151925973745472
      no
   (1) can we show that 1 NL 8?
        a. margin -0.0017932716447882635
      no
   (1) can we show that 4 NL 6?
        a. margin 0.02238003012696166
      yes, 39, ags used 41 = 41
   (1) can we show that 4 NL 8?
        a. margin 0.03873466752743582
      yes, 34, ags used 32 = 34
   (1) can we show that 3 NL 6?
        a. margin 0.11548669392439348
      yes, 38, ags used 39 = 39
   (1) can we show that 3 NL 8?
        a. margin 0.1448963488989301
      yes, 31, ags used 0 = 31
   (1) can we show that 3 NL 6?
        a. margin 0.11548669392439348
      yes, 38, ags used 39 = 39
   (1) can we show that 3 NL 8?
        a. margin 0.1448963488989301
      yes, 31, ags used 0 = 31
      Best assertion(s) require sample: 31

ALTERNATE OUTCOME PAIR: 8,5
   (1) can we show that 6 NL 5?
        a. margin -0.06111469765439992
      no
   (1) can we show that 6 NL 8?
        a. margin -0.021017143676923644
      no
   (1) can we show that 1 NL 5?
        a. margin -0.04160390215909837
      no
   (1) can we show that 1 NL 8?
        a. margin -0.003945197618534624
      no
   (1) can we show that 4 NL 5?
        a. margin 0.08908973531310416
      yes, 51, ags used 0 = 51
   (1) can we show that 4 NL 8?
        a. margin 0.035076393372067916
      yes, 34, ags used 32 = 34
   (1) can we show that 3 NL 5?
        a. margin 0.2246610716591333
      yes, 20, ags used 52 = 52
   (1) can we show that 3 NL 8?
        a. margin 0.1429596155225581
      yes, 31, ags used 0 = 31
   (1) can we show that 3 NL 5?
        a. margin 0.2246610716591333
      yes, 20, ags used 52 = 52
   (1) can we show that 3 NL 8?
        a. margin 0.1429596155225581
      yes, 31, ags used 0 = 31
      Best assertion(s) require sample: 31

ALTERNATE OUTCOME PAIR: 8,1
   (1) can we show that 6 NL 1?
        a. margin -0.047198909690839286
      no
   (1) can we show that 6 NL 8?
        a. margin -0.020084642421634213
      no
   (1) can we show that 5 NL 1?
        a. margin -0.05322430241732912
      no
   (1) can we show that 5 NL 8?
        a. margin -0.02058675848217495
      no
   (1) can we show that 4 NL 1?
        a. margin 0.0201563732874237
      yes, 44, ags used 46 = 46
   (1) can we show that 4 NL 8?
        a. margin 0.039738899648518844
      yes, 33, ags used 32 = 33
   (1) can we show that 3 NL 1?
        a. margin 0.10465533318986942
      yes, 40, ags used 41 = 41
   (1) can we show that 3 NL 8?
        a. margin 0.1467613514095114
      yes, 31, ags used 0 = 31
   (1) can we show that 3 NL 1?
        a. margin 0.10465533318986942
      yes, 40, ags used 41 = 41
   (1) can we show that 3 NL 8?
        a. margin 0.1467613514095114
      yes, 31, ags used 0 = 31
      Best assertion(s) require sample: 31

ALTERNATE OUTCOME PAIR: 8,4
   (1) can we show that 6 NL 4?
        a. margin -0.4025536188221782
      no
   (1) can we show that 6 NL 8?
        a. margin -0.04805968008033812
      no
   (1) can we show that 5 NL 4?
        a. margin -0.3710637687396875
      no
   (1) can we show that 5 NL 8?
        a. margin -0.03263754393515517
      no
   (1) can we show that 1 NL 4?
        a. margin -0.37092030700810463
      no
   (1) can we show that 1 NL 8?
        a. margin -0.03263754393515461
      no
   (1) can we show that 3 NL 4?
        a. margin -0.060684312459653555
      no
   (1) can we show that 3 NL 8?
        a. margin 0.15307366759916707
      yes, 29, ags used 0 = 29
   (1) can we show that 3 NL 4?
        a. margin -0.060684312459653555
      no
   (1) can we show that 3 NL 8?
        a. margin 0.15307366759916707
      yes, 29, ags used 0 = 29
      Best assertion(s) require sample: 29

ALTERNATE OUTCOME PAIR: 8,3
   (1) can we show that 6 NL 3?
        a. margin -0.440284054228534
      no
   (1) can we show that 6 NL 8?
        a. margin -0.07251990531525776
      no
   (1) can we show that 5 NL 3?
        a. margin -0.3923678358797782
      no
   (1) can we show that 5 NL 8?
        a. margin -0.0988451330607566
      no
   (1) can we show that 1 NL 3?
        a. margin -0.41575209812782377
      no
   (1) can we show that 1 NL 8?
        a. margin -0.06247758410443871
      no
   (1) can we show that 4 NL 3?
        a. margin -0.10243167635033279
      no
   (1) can we show that 4 NL 8?
        a. margin 0.05551969012265934
      yes, 44, ags used 52 = 52
      Best assertion(s) require sample: 52

ALTERNATE OUTCOME PAIR: 8,3
   (1) can we show that 6 NL 3?
        a. margin -0.440284054228534
      no
   (1) can we show that 6 NL 8?
        a. margin -0.07251990531525776
      no
   (1) can we show that 5 NL 3?
        a. margin -0.3923678358797782
      no
   (1) can we show that 5 NL 8?
        a. margin -0.0988451330607566
      no
   (1) can we show that 1 NL 3?
        a. margin -0.41575209812782377
      no
   (1) can we show that 1 NL 8?
        a. margin -0.06247758410443871
      no
   (1) can we show that 4 NL 3?
        a. margin -0.10243167635033279
      no
   (1) can we show that 4 NL 8?
        a. margin 0.05551969012265934
      yes, 44, ags used 52 = 52
      Best assertion(s) require sample: 52

7 ruled out by pairs, sample size 52
STAGE 1 ASN NOW 63
NEW RULE OUT PAIR STAGE ASN 106
------------------------------------------------
FULL audit sample size: 106
------------------------------------------------
Final set of assertions generated:
3 NL 8 = 31 [rules out (8, 5), G = set(), O = set()]
4 NL 5 = 47 [rules out (5, 3), G = set(), O = set()]
4 NL 8 = 52 [rules out (8, 3), G = {4}, O = set()]
(3, 'AG', 1, 63)
3 NL 5 = 106 [rules out (5, 4), G = {0, 1, 5, 7}, O = set()]
3 NL 8 = 31 [rules out (8, 1), G = set(), O = set()]
4 NL 1 = 56 [rules out (1, 3), G = {4}, O = set()]
3 NL 6 = 36 [rules out (6, 1), G = {7}, O = set()]
(2, 'AG', 1, 39)
3 NL 8 = 31 [rules out (8, 6), G = set(), O = set()]
4 NL 6 = 53 [rules out (6, 3), G = {4}, O = set()]
(2, 'AG', 7, 32)
(2, 'AG', 5, 41)
3 NL 6 = 35 [rules out (6, 4), G = {7}, O = set()]
(3, 'AG', 4, 52)
3 NL 6 = 38 [rules out (6, 5), G = {7}, O = set()]
3 NL 8 = 29 [rules out (8, 4), G = set(), O = set()]
(2, 'AG', 0, 46)
3 NL 1 = 40 [rules out (1, 5), G = {1, 7}, O = set()]
3 NL 1 = 38 [rules out (1, 4), G = {7}, O = set()]
All winners are verified in audit.
------------------------------------------------
