VALID BALLOTS 4339
Winner 3
Winner 2
Computing AG relationships
3 AG 1 = 26
3 AG 6 = 27
3 AG 7 = 60
3 AG 4 = 72
4 AG 1 = 157
2 AG 1 = 23
2 AG 7 = 62
2 AG 4 = 44
Ruling out candidates: [(1, 26), (7, 62), (4, 72)]
STAGE 1 ASN (Ruling out candidates): 72
ALTERNATE OUTCOME PAIR: 6,3
   (1) can we show that 2 NL 3?
        a. margin -0.015057232849350122
      no
   (1) can we show that 2 NL 6?
        a. margin 0.027118383652149136
      yes, 53, ags used 62 = 62
   (1) can we show that 2 NL 3?
        a. margin -0.015057232849350122
      no
   (1) can we show that 2 NL 6?
        a. margin 0.027118383652149136
      yes, 53, ags used 62 = 62
      Best assertion(s) require sample: 62

ALTERNATE OUTCOME PAIR: 6,2
   (1) can we show that 3 NL 2?
        a. margin -0.18168548820772779
      no
   (1) can we show that 3 NL 6?
        a. margin 0.17469463009910124
      yes, 25, ags used 26 = 26
      Best assertion(s) require sample: 26

ALTERNATE OUTCOME PAIR: 6,2
   (1) can we show that 3 NL 2?
        a. margin -0.18168548820772779
      no
   (1) can we show that 3 NL 6?
        a. margin 0.17469463009910124
      yes, 25, ags used 26 = 26
      Best assertion(s) require sample: 26

RULE OUT PAIR STAGE ASN 62
------------------------------------------------
FULL audit sample size: 72
------------------------------------------------
Final set of assertions generated:
(1, 'AG', 6, 62)
(2, 'AG', 3, 72)
(2, 'AG', 0, 26)
(1, 'AG', 0, 23)
2 NL 6 = 62 [rules out (6, 3), G = {0, 3, 6}, O = set()]
(1, 'AG', 3, 44)
3 NL 6 = 26 [rules out (6, 2), G = {0}, O = set()]
(2, 'AG', 6, 60)
All winners are verified in audit.
------------------------------------------------
