VALID BALLOTS 4559
Winner 1
Winner 6
Computing AG relationships
1 AG 3 = 24
1 AG 5 = 2547
Ruling out candidates: []
STAGE 1 ASN (Ruling out candidates): 0
ALTERNATE OUTCOME PAIR: 3,5
   (1) can we show that 1 NL 5?
        a. margin 0.004094465160488614
      yes, 1621, ags used 0 = 1621
   (1) can we show that 1 NL 3?
        a. margin 0.18849162828105515
      yes, 24, ags used 0 = 24
   (1) can we show that 4 NL 5?
        a. margin 0.006653505885793498
      yes, 844, ags used 2547 = 2547
   (1) can we show that 4 NL 3?
        a. margin 0.10762594136141024
      yes, 42, ags used 24 = 42
   (1) can we show that 6 NL 5?
        a. margin 0.037215763690867654
      yes, 122, ags used 2547 = 2547
   (1) can we show that 6 NL 3?
        a. margin 0.13285077136799028
      yes, 34, ags used 24 = 34
   (1) can we show that 2 NL 5?
        a. margin 0.030416026906485705
      yes, 149, ags used 2547 = 2547
   (1) can we show that 2 NL 3?
        a. margin 0.1433793960663894
      yes, 31, ags used 24 = 31
      Best assertion(s) require sample: 24

ALTERNATE OUTCOME PAIR: 3,1
   (1) can we show that 5 NL 1?
        a. margin -0.3041602690648533
      no
   (1) can we show that 5 NL 3?
        a. margin -0.1737954229728741
      no
   (1) can we show that 4 NL 1?
        a. margin -0.20611245156101476
      no
   (1) can we show that 4 NL 3?
        a. margin -0.08379030489142358
      no
   (1) can we show that 6 NL 1?
        a. margin -0.1697009578123856
      no
   (1) can we show that 6 NL 3?
        a. margin -0.052131315346932716
      no
   (1) can we show that 2 NL 1?
        a. margin -0.211669225707392
      no
   (1) can we show that 2 NL 3?
        a. margin -0.07830664619434091
      no

ALTERNATE OUTCOME PAIR: 3,4
   (1) can we show that 5 NL 4?
        a. margin -0.37968852818600596
      no
   (1) can we show that 5 NL 3?
        a. margin 0.02763763983329648
      yes, 164, ags used 24 = 164
   (1) can we show that 1 NL 4?
        a. margin -0.13299700226657862
      no
   (1) can we show that 1 NL 3?
        a. margin 0.1897345909190613
      yes, 24, ags used 0 = 24
   (1) can we show that 6 NL 4?
        a. margin -0.13475177304964547
      no
   (1) can we show that 6 NL 3?
        a. margin 0.1319733859764567
      yes, 34, ags used 24 = 34
   (1) can we show that 2 NL 4?
        a. margin -0.255172918037581
      no
   (1) can we show that 2 NL 3?
        a. margin 0.14367185786356695
      yes, 31, ags used 24 = 31
      Best assertion(s) require sample: 24

ALTERNATE OUTCOME PAIR: 3,6
   (1) can we show that 5 NL 6?
        a. margin -0.39891789135044253
      no
   (1) can we show that 5 NL 3?
        a. margin 0.02771075528259148
      yes, 164, ags used 24 = 164
   (1) can we show that 1 NL 6?
        a. margin -0.16048841120128654
      no
   (1) can we show that 1 NL 3?
        a. margin 0.1900270527162382
      yes, 24, ags used 0 = 24
   (1) can we show that 4 NL 6?
        a. margin -0.18220369964173444
      no
   (1) can we show that 4 NL 3?
        a. margin 0.10660232507128797
      yes, 42, ags used 24 = 42
   (1) can we show that 2 NL 6?
        a. margin -0.2838341741609999
      no
   (1) can we show that 2 NL 3?
        a. margin 0.14403743511003952
      yes, 31, ags used 24 = 31
      Best assertion(s) require sample: 24

ALTERNATE OUTCOME PAIR: 3,2
   (1) can we show that 5 NL 2?
        a. margin -0.21554434451999716
      no
   (1) can we show that 5 NL 3?
        a. margin 0.02632156174599687
      yes, 172, ags used 24 = 172
   (1) can we show that 1 NL 2?
        a. margin -0.018571324120786548
      no
   (1) can we show that 1 NL 3?
        a. margin 0.1892227827740005
      yes, 24, ags used 0 = 24
   (1) can we show that 4 NL 2?
        a. margin -0.09636616217006666
      no
   (1) can we show that 4 NL 3?
        a. margin 0.10660232507128775
      yes, 42, ags used 24 = 42
   (1) can we show that 6 NL 2?
        a. margin -0.06624259706075897
      no
   (1) can we show that 6 NL 3?
        a. margin 0.13197338597645691
      yes, 34, ags used 24 = 34
      Best assertion(s) require sample: 24

ALTERNATE OUTCOME PAIR: 5,1
   (1) can we show that 3 NL 1?
        a. margin -0.3519046574541198
      no
   (1) can we show that 3 NL 5?
        a. margin -0.23952621188857204
      no
   (1) can we show that 4 NL 1?
        a. margin -0.21188857205527467
      no
   (1) can we show that 4 NL 5?
        a. margin -0.07684433720845207
      no
   (1) can we show that 6 NL 1?
        a. margin -0.17672004094465188
      no
   (1) can we show that 6 NL 5?
        a. margin -0.04708634934561662
      no
   (1) can we show that 2 NL 1?
        a. margin -0.2174453462016519
      no
   (1) can we show that 2 NL 5?
        a. margin -0.09088250347298377
      no

ALTERNATE OUTCOME PAIR: 5,4
   (1) can we show that 3 NL 4?
        a. margin -0.39855231410396974
      no
   (1) can we show that 3 NL 5?
        a. margin -0.20903706953279177
      no
   (1) can we show that 1 NL 4?
        a. margin -0.09936389559113801
      no
   (1) can we show that 1 NL 5?
        a. margin 0.021057249396797983
      yes, 69, ags used 24 = 69
   (1) can we show that 6 NL 4?
        a. margin -0.1332163486144623
      no
   (1) can we show that 6 NL 5?
        a. margin 0.03904364992322851
      yes, 116, ags used 2547 = 2547
   (1) can we show that 2 NL 4?
        a. margin -0.2515171455728592
      no
   (1) can we show that 2 NL 5?
        a. margin 0.04481977041748997
      yes, 101, ags used 2547 = 2547
      Best assertion(s) require sample: 69

ALTERNATE OUTCOME PAIR: 5,6
   (1) can we show that 3 NL 6?
        a. margin -0.4235577977626668
      no
   (1) can we show that 3 NL 5?
        a. margin -0.20720918330043114
      no
   (1) can we show that 1 NL 6?
        a. margin -0.1244424946991296
      no
   (1) can we show that 1 NL 5?
        a. margin 0.022519558382686045
      yes, 68, ags used 24 = 68
   (1) can we show that 4 NL 6?
        a. margin -0.1754770783066456
      no
   (1) can we show that 4 NL 5?
        a. margin 0.010528624698399103
      yes, 483, ags used 2547 = 2547
   (1) can we show that 2 NL 6?
        a. margin -0.27856986181180043
      no
   (1) can we show that 2 NL 5?
        a. margin 0.04547780946113944
      yes, 100, ags used 2547 = 2547
      Best assertion(s) require sample: 68

ALTERNATE OUTCOME PAIR: 5,2
   (1) can we show that 3 NL 2?
        a. margin -0.2719163559260067
      no
   (1) can we show that 3 NL 5?
        a. margin -0.2012137164582879
      no
   (1) can we show that 1 NL 2?
        a. margin 0.015061782554653957
      yes, 299, ags used 24 = 299
   (1) can we show that 1 NL 5?
        a. margin 0.028441909775535734
      yes, 62, ags used 24 = 62
   (1) can we show that 4 NL 2?
        a. margin -0.09007823353074451
      no
   (1) can we show that 4 NL 5?
        a. margin 0.023689405571396982
      yes, 191, ags used 2547 = 2547
   (1) can we show that 6 NL 2?
        a. margin -0.06061270746508696
      no
   (1) can we show that 6 NL 5?
        a. margin 0.054617240622943264
      yes, 83, ags used 2547 = 2547
      Best assertion(s) require sample: 62

ALTERNATE OUTCOME PAIR: 1,4
   (1) can we show that 3 NL 4?
        a. margin -0.40337793375740316
      no
   (1) can we show that 3 NL 1?
        a. margin -0.3482488849893983
      no
   (1) can we show that 5 NL 4?
        a. margin -0.35855816333991375
      no
   (1) can we show that 5 NL 1?
        a. margin -0.30759669518169186
      no
   (1) can we show that 6 NL 4?
        a. margin -0.11544929443591423
      no
   (1) can we show that 6 NL 1?
        a. margin -0.1812531988009065
      no
   (1) can we show that 2 NL 4?
        a. margin -0.22629231556627905
      no
   (1) can we show that 2 NL 1?
        a. margin -0.21400892008481376
      no

ALTERNATE OUTCOME PAIR: 1,2
   (1) can we show that 3 NL 2?
        a. margin -0.279081669956862
      no
   (1) can we show that 3 NL 1?
        a. margin -0.35526796812166406
      no
   (1) can we show that 5 NL 2?
        a. margin -0.2112305330116253
      no
   (1) can we show that 5 NL 1?
        a. margin -0.31607808729984643
      no
   (1) can we show that 4 NL 2?
        a. margin -0.0924910433574615
      no
   (1) can we show that 4 NL 1?
        a. margin -0.21795715434671348
      no
   (1) can we show that 6 NL 2?
        a. margin -0.06214813190027069
      no
   (1) can we show that 6 NL 1?
        a. margin -0.18139942969949552
      no

ALTERNATE OUTCOME PAIR: 4,6
   (1) can we show that 3 NL 6?
        a. margin -0.3878774585069823
      no
   (1) can we show that 3 NL 4?
        a. margin -0.35651093075966944
      no
   (1) can we show that 5 NL 6?
        a. margin -0.3555604299188415
      no
   (1) can we show that 5 NL 4?
        a. margin -0.33238283249250544
      no
   (1) can we show that 1 NL 6?
        a. margin -0.06536521166922549
      no
   (1) can we show that 1 NL 4?
        a. margin -0.034218030269795974
      no
   (1) can we show that 2 NL 6?
        a. margin -0.2434744461504711
      no
   (1) can we show that 2 NL 4?
        a. margin -0.2098413394750308
      no

ALTERNATE OUTCOME PAIR: 4,2
   (1) can we show that 3 NL 2?
        a. margin -0.2671638517218691
      no
   (1) can we show that 3 NL 4?
        a. margin -0.3780068728522338
      no
   (1) can we show that 5 NL 2?
        a. margin -0.20391898808218178
      no
   (1) can we show that 5 NL 4?
        a. margin -0.35790012429626394
      no
   (1) can we show that 1 NL 2?
        a. margin 0.019887402208086824
      yes, 227, ags used 24 = 227
   (1) can we show that 1 NL 4?
        a. margin -0.054397894275060144
      no
   (1) can we show that 6 NL 2?
        a. margin -0.06426847992980922
      no
   (1) can we show that 6 NL 4?
        a. margin -0.11778898881333644
      no
      Best assertion(s) require sample: 227

ALTERNATE OUTCOME PAIR: 6,2
   (1) can we show that 3 NL 2?
        a. margin -0.26687138992469117
      no
   (1) can we show that 3 NL 6?
        a. margin -0.40513270454046957
      no
   (1) can we show that 5 NL 2?
        a. margin -0.20406521898077057
      no
   (1) can we show that 5 NL 6?
        a. margin -0.37903048914235593
      no
   (1) can we show that 1 NL 2?
        a. margin 0.019594940410909256
      yes, 231, ags used 24 = 231
   (1) can we show that 1 NL 6?
        a. margin -0.08152372596329593
      no
   (1) can we show that 4 NL 2?
        a. margin -0.09402646779264445
      no
   (1) can we show that 4 NL 6?
        a. margin -0.17065145865321363
      no
      Best assertion(s) require sample: 231

RULE OUT PAIR STAGE ASN 231
------------------------------------------------
EXAMINING WAYS TO REDUCE COST OF AUDIT
------------------------------------------------
Alternate outcome cannot be ruled out: 3,1
Alternate outcome cannot be ruled out: 5,1
Alternate outcome cannot be ruled out: 1,4
Alternate outcome cannot be ruled out: 1,2
Alternate outcome cannot be ruled out: 4,6
Full audit not possible
PARTIAL audit sample size: 231
------------------------------------------------
Final set of assertions generated:
1 NL 3 = 24 [rules out (3, 5), G = set(), O = set()]
1 NL 5 = 62 [rules out (5, 2), G = {2}, O = set()]
1 NL 5 = 69 [rules out (5, 4), G = {2}, O = set()]
1 NL 2 = 227 [rules out (4, 2), G = {2}, O = set()]

1 NL 5 = 68 [rules out (5, 6), G = {2}, O = set()]
1 NL 3 = 24 [rules out (3, 6), G = set(), O = set()]
1 NL 2 = 231 [rules out (6, 2), G = {2}, O = set()]

(0, 'AG', 2, 24)
1 NL 3 = 24 [rules out (3, 4), G = set(), O = set()]
1 NL 3 = 24 [rules out (3, 2), G = set(), O = set()]
[] are verified winners with these assertions.
[1, 2, 3, 4, 5, 6] remain as potential winners in this audit.
------------------------------------------------
