VALID BALLOTS 4439
765 ballot checks required to assert that first winner has a quota's worth of votes
AUD TV 0.060695187165775405, ss 127
AG*(5,1) = 328
AG*(5,3) = 38
AG*(5,4) = 47
AG*(2,1) = 22
AG*(2,3) = 19
AG*(2,4) = 25
AG*(2,6) = 70
AG*(5,1) = 328
AG*(5,3) = 38
AG*(5,4) = 47
AG*(6,1) = 105
AG*(6,3) = 58
AG*(6,4) = 261
AG*(7,1) = 591
AG*(7,3) = 41
AG*(7,4) = 51
NL(5,3) = 38, AG*'s used 0
NL(5,4) = 44, AG*'s used 38
NL(5,1) = 68, AG*'s used 105
NL(5,7) NOT POSSIBLE
Max in loop inf, 0.060695187165775405
AUD TV 0.11069518716577541, ss 60
AG*(5,1) = 485
AG*(5,3) = 38
AG*(5,4) = 48
AG*(2,1) = 22
AG*(2,3) = 19
AG*(2,4) = 25
AG*(2,6) = 70
AG*(5,1) = 485
AG*(5,3) = 38
AG*(5,4) = 48
AG*(6,1) = 107
AG*(6,3) = 58
AG*(6,4) = 268
AG*(7,1) = 1029
AG*(7,3) = 41
AG*(7,4) = 52
NL(5,3) = 38, AG*'s used 0
NL(5,4) = 45, AG*'s used 38
NL(5,1) = 69, AG*'s used 107
NL(5,7) NOT POSSIBLE
Max in loop inf, 0.11069518716577541
AUD TV 0.1606951871657754, ss 38
AG*(5,1) = 772
AG*(5,3) = 39
AG*(5,4) = 49
AG*(2,1) = 22
AG*(2,3) = 19
AG*(2,4) = 25
AG*(2,6) = 70
AG*(5,1) = 772
AG*(5,3) = 39
AG*(5,4) = 49
AG*(6,1) = 108
AG*(6,3) = 59
AG*(6,4) = 275
AG*(7,1) = 4146
AG*(7,3) = 42
AG*(7,4) = 53
NL(5,3) = 39, AG*'s used 0
NL(5,4) = 46, AG*'s used 39
NL(5,1) = 70, AG*'s used 108
NL(5,7) NOT POSSIBLE
Max in loop inf, 0.1606951871657754
AUD TV 0.2106951871657754, ss 26
AG*(5,1) = 1593
AG*(5,3) = 39
AG*(5,4) = 50
AG*(2,1) = 22
AG*(2,3) = 19
AG*(2,4) = 25
AG*(2,6) = 70
AG*(5,1) = 1593
AG*(5,3) = 39
AG*(5,4) = 50
AG*(6,1) = 110
AG*(6,3) = 59
AG*(6,4) = 282
AG*(7,3) = 42
AG*(7,4) = 55
NL(5,3) = 39, AG*'s used 0
NL(5,4) = 47, AG*'s used 39
NL(5,1) = 70, AG*'s used 110
NL(5,7) NOT POSSIBLE
Max in loop inf, 0.2106951871657754
AUD TV 0.2606951871657754, ss 20
AG*(5,1) = 4439
AG*(5,3) = 40
AG*(5,4) = 51
AG*(2,1) = 22
AG*(2,3) = 19
AG*(2,4) = 25
AG*(2,6) = 70
AG*(5,1) = 4439
AG*(5,3) = 40
AG*(5,4) = 51
AG*(6,1) = 111
AG*(6,3) = 59
AG*(6,4) = 290
AG*(7,3) = 43
AG*(7,4) = 56
NL(5,3) = 40, AG*'s used 0
NL(5,4) = 48, AG*'s used 40
NL(5,1) = 71, AG*'s used 111
NL(5,7) NOT POSSIBLE
Max in loop inf, 0.2606951871657754
AUD TV 0.3106951871657754, ss 15
AG*(5,3) = 40
AG*(5,4) = 52
AG*(2,1) = 22
AG*(2,3) = 19
AG*(2,4) = 25
AG*(2,6) = 70
AG*(5,3) = 40
AG*(5,4) = 52
AG*(6,1) = 113
AG*(6,3) = 59
AG*(6,4) = 299
AG*(7,3) = 44
AG*(7,4) = 58
NL(5,3) = 40, AG*'s used 0
NL(5,4) = 49, AG*'s used 40
NL(5,1) = 71, AG*'s used 113
NL(5,7) NOT POSSIBLE
Max in loop inf, 0.3106951871657754
AUD TV 0.36069518716577537, ss 12
AG*(5,3) = 41
AG*(5,4) = 54
AG*(2,1) = 22
AG*(2,3) = 19
AG*(2,4) = 25
AG*(2,6) = 70
AG*(5,3) = 41
AG*(5,4) = 54
AG*(6,1) = 115
AG*(6,3) = 60
AG*(6,4) = 307
AG*(7,3) = 44
AG*(7,4) = 59
NL(5,3) = 41, AG*'s used 0
NL(5,4) = 50, AG*'s used 41
NL(5,1) = 72, AG*'s used 115
NL(5,7) NOT POSSIBLE
Max in loop inf, 0.36069518716577537
AUD TV 0.41069518716577535, ss 9
AG*(5,3) = 41
AG*(5,4) = 55
AG*(2,1) = 22
AG*(2,3) = 19
AG*(2,4) = 25
AG*(2,6) = 70
AG*(5,3) = 41
AG*(5,4) = 55
AG*(6,1) = 116
AG*(6,3) = 60
AG*(6,4) = 317
AG*(7,3) = 45
AG*(7,4) = 61
NL(5,3) = 41, AG*'s used 0
NL(5,4) = 52, AG*'s used 41
NL(5,1) = 73, AG*'s used 116
NL(5,7) NOT POSSIBLE
Max in loop inf, 0.41069518716577535
AUD TV 0.46069518716577534, ss 7
AG*(5,3) = 42
AG*(5,4) = 56
AG*(2,1) = 22
AG*(2,3) = 19
AG*(2,4) = 25
AG*(2,6) = 70
AG*(5,3) = 42
AG*(5,4) = 56
AG*(6,1) = 118
AG*(6,3) = 60
AG*(6,4) = 327
AG*(7,3) = 46
AG*(7,4) = 63
NL(5,3) = 42, AG*'s used 0
NL(5,4) = 53, AG*'s used 42
NL(5,1) = 73, AG*'s used 118
NL(5,7) NOT POSSIBLE
Max in loop inf, 0.46069518716577534
AUD TV 0.5106951871657753, ss 6
AG*(5,3) = 42
AG*(5,4) = 58
AG*(2,1) = 22
AG*(2,3) = 19
AG*(2,4) = 25
AG*(2,6) = 70
AG*(5,3) = 42
AG*(5,4) = 58
AG*(6,1) = 120
AG*(6,3) = 60
AG*(6,4) = 337
AG*(7,3) = 46
AG*(7,4) = 64
NL(5,3) = 42, AG*'s used 0
NL(5,4) = 54, AG*'s used 42
NL(5,1) = 74, AG*'s used 120
NL(5,7) NOT POSSIBLE
Max in loop inf, 0.5106951871657753
AUD TV 0.5606951871657754, ss 5
AG*(5,3) = 43
AG*(5,4) = 59
AG*(2,1) = 22
AG*(2,3) = 19
AG*(2,4) = 25
AG*(2,6) = 70
AG*(5,3) = 43
AG*(5,4) = 59
AG*(6,1) = 122
AG*(6,3) = 61
AG*(6,4) = 348
AG*(7,3) = 47
AG*(7,4) = 66
NL(5,3) = 43, AG*'s used 0
NL(5,4) = 55, AG*'s used 43
NL(5,1) = 75, AG*'s used 122
NL(5,7) NOT POSSIBLE
Max in loop inf, 0.5606951871657754
AUD TV 0.6106951871657754, ss 4
AG*(5,3) = 44
AG*(5,4) = 61
AG*(2,1) = 22
AG*(2,3) = 19
AG*(2,4) = 25
AG*(2,6) = 70
AG*(5,3) = 44
AG*(5,4) = 61
AG*(6,1) = 124
AG*(6,3) = 61
AG*(6,4) = 360
AG*(7,3) = 48
AG*(7,4) = 68
NL(5,3) = 44, AG*'s used 0
NL(5,4) = 57, AG*'s used 44
NL(5,1) = 75, AG*'s used 124
NL(5,7) NOT POSSIBLE
Max in loop inf, 0.6106951871657754
AUD TV 0.6606951871657755, ss 3
AG*(5,3) = 44
AG*(5,4) = 63
AG*(2,1) = 22
AG*(2,3) = 19
AG*(2,4) = 25
AG*(2,6) = 70
AG*(5,3) = 44
AG*(5,4) = 63
AG*(6,1) = 126
AG*(6,3) = 61
AG*(6,4) = 373
AG*(7,3) = 48
AG*(7,4) = 71
NL(5,3) = 44, AG*'s used 0
NL(5,4) = 58, AG*'s used 44
NL(5,1) = 76, AG*'s used 126
NL(5,7) NOT POSSIBLE
Max in loop inf, 0.6606951871657755
Sample size to show min tv of 0.0053475935828877 is 1904
AUD TV 0.060695187165775405, ss 127
AG*(5,1) = 326
AG*(5,3) = 38
AG*(5,4) = 47
AG*(2,1) = 22
AG*(2,3) = 19
AG*(2,4) = 25
AG*(2,6) = 70
AG*(5,1) = 326
AG*(5,3) = 38
AG*(5,4) = 47
AG*(6,1) = 102
AG*(6,3) = 57
AG*(6,4) = 241
AG*(7,1) = 588
AG*(7,3) = 41
AG*(7,4) = 51
NL(5,3) = 38, AG*'s used 0
NL(5,4) = 44, AG*'s used 38
NL(5,1) = 68, AG*'s used 102
NL(5,7) NOT POSSIBLE
Max in loop inf, 0.060695187165775405
AUD TV 0.11069518716577541, ss 60
AG*(5,1) = 481
AG*(5,3) = 38
AG*(5,4) = 48
AG*(2,1) = 22
AG*(2,3) = 19
AG*(2,4) = 25
AG*(2,6) = 70
AG*(5,1) = 481
AG*(5,3) = 38
AG*(5,4) = 48
AG*(6,1) = 103
AG*(6,3) = 57
AG*(6,4) = 247
AG*(7,1) = 1021
AG*(7,3) = 41
AG*(7,4) = 52
NL(5,3) = 38, AG*'s used 0
NL(5,4) = 45, AG*'s used 38
NL(5,1) = 69, AG*'s used 103
NL(5,7) NOT POSSIBLE
Max in loop inf, 0.11069518716577541
AUD TV 0.1606951871657754, ss 38
AG*(5,1) = 763
AG*(5,3) = 39
AG*(5,4) = 49
AG*(2,1) = 22
AG*(2,3) = 19
AG*(2,4) = 25
AG*(2,6) = 70
AG*(5,1) = 763
AG*(5,3) = 39
AG*(5,4) = 49
AG*(6,1) = 104
AG*(6,3) = 57
AG*(6,4) = 253
AG*(7,1) = 4107
AG*(7,3) = 42
AG*(7,4) = 53
NL(5,3) = 39, AG*'s used 0
NL(5,4) = 46, AG*'s used 39
NL(5,1) = 69, AG*'s used 104
NL(5,7) NOT POSSIBLE
Max in loop inf, 0.1606951871657754
AUD TV 0.2106951871657754, ss 26
AG*(5,1) = 1563
AG*(5,3) = 39
AG*(5,4) = 50
AG*(2,1) = 22
AG*(2,3) = 19
AG*(2,4) = 25
AG*(2,6) = 70
AG*(5,1) = 1563
AG*(5,3) = 39
AG*(5,4) = 50
AG*(6,1) = 106
AG*(6,3) = 58
AG*(6,4) = 259
AG*(7,3) = 42
AG*(7,4) = 55
NL(5,3) = 39, AG*'s used 0
NL(5,4) = 47, AG*'s used 39
NL(5,1) = 70, AG*'s used 106
NL(5,7) NOT POSSIBLE
Max in loop inf, 0.2106951871657754
AUD TV 0.2606951871657754, ss 20
AG*(5,1) = 4439
AG*(5,3) = 40
AG*(5,4) = 51
AG*(2,1) = 22
AG*(2,3) = 19
AG*(2,4) = 25
AG*(2,6) = 70
AG*(5,1) = 4439
AG*(5,3) = 40
AG*(5,4) = 51
AG*(6,1) = 107
AG*(6,3) = 58
AG*(6,4) = 265
AG*(7,3) = 43
AG*(7,4) = 56
NL(5,3) = 40, AG*'s used 0
NL(5,4) = 48, AG*'s used 40
NL(5,1) = 71, AG*'s used 107
NL(5,7) NOT POSSIBLE
Max in loop inf, 0.2606951871657754
AUD TV 0.3106951871657754, ss 15
AG*(5,3) = 40
AG*(5,4) = 52
AG*(2,1) = 22
AG*(2,3) = 19
AG*(2,4) = 25
AG*(2,6) = 70
AG*(5,3) = 40
AG*(5,4) = 52
AG*(6,1) = 109
AG*(6,3) = 58
AG*(6,4) = 272
AG*(7,3) = 44
AG*(7,4) = 58
NL(5,3) = 40, AG*'s used 0
NL(5,4) = 49, AG*'s used 40
NL(5,1) = 71, AG*'s used 109
NL(5,7) NOT POSSIBLE
Max in loop inf, 0.3106951871657754
AUD TV 0.36069518716577537, ss 12
AG*(5,3) = 41
AG*(5,4) = 53
AG*(2,1) = 22
AG*(2,3) = 19
AG*(2,4) = 25
AG*(2,6) = 70
AG*(5,3) = 41
AG*(5,4) = 53
AG*(6,1) = 111
AG*(6,3) = 58
AG*(6,4) = 280
AG*(7,3) = 44
AG*(7,4) = 59
NL(5,3) = 41, AG*'s used 0
NL(5,4) = 50, AG*'s used 41
NL(5,1) = 72, AG*'s used 111
NL(5,7) NOT POSSIBLE
Max in loop inf, 0.36069518716577537
AUD TV 0.41069518716577535, ss 9
AG*(5,3) = 41
AG*(5,4) = 55
AG*(2,1) = 22
AG*(2,3) = 19
AG*(2,4) = 25
AG*(2,6) = 70
AG*(5,3) = 41
AG*(5,4) = 55
AG*(6,1) = 112
AG*(6,3) = 59
AG*(6,4) = 287
AG*(7,3) = 45
AG*(7,4) = 61
NL(5,3) = 41, AG*'s used 0
NL(5,4) = 52, AG*'s used 41
NL(5,1) = 73, AG*'s used 112
NL(5,7) NOT POSSIBLE
Max in loop inf, 0.41069518716577535
AUD TV 0.46069518716577534, ss 7
AG*(5,3) = 42
AG*(5,4) = 56
AG*(2,1) = 22
AG*(2,3) = 19
AG*(2,4) = 25
AG*(2,6) = 70
AG*(5,3) = 42
AG*(5,4) = 56
AG*(6,1) = 114
AG*(6,3) = 59
AG*(6,4) = 295
AG*(7,3) = 46
AG*(7,4) = 63
NL(5,3) = 42, AG*'s used 0
NL(5,4) = 53, AG*'s used 42
NL(5,1) = 73, AG*'s used 114
NL(5,7) NOT POSSIBLE
Max in loop inf, 0.46069518716577534
AUD TV 0.5106951871657753, ss 6
AG*(5,3) = 42
AG*(5,4) = 58
AG*(2,1) = 22
AG*(2,3) = 19
AG*(2,4) = 25
AG*(2,6) = 70
AG*(5,3) = 42
AG*(5,4) = 58
AG*(6,1) = 116
AG*(6,3) = 59
AG*(6,4) = 304
AG*(7,3) = 46
AG*(7,4) = 64
NL(5,3) = 42, AG*'s used 0
NL(5,4) = 54, AG*'s used 42
NL(5,1) = 74, AG*'s used 116
NL(5,7) NOT POSSIBLE
Max in loop inf, 0.5106951871657753
AUD TV 0.5606951871657754, ss 5
AG*(5,3) = 43
AG*(5,4) = 59
AG*(2,1) = 22
AG*(2,3) = 19
AG*(2,4) = 25
AG*(2,6) = 70
AG*(5,3) = 43
AG*(5,4) = 59
AG*(6,1) = 117
AG*(6,3) = 59
AG*(6,4) = 313
AG*(7,3) = 47
AG*(7,4) = 66
NL(5,3) = 43, AG*'s used 0
NL(5,4) = 55, AG*'s used 43
NL(5,1) = 75, AG*'s used 117
NL(5,7) NOT POSSIBLE
Max in loop inf, 0.5606951871657754
AUD TV 0.6106951871657754, ss 4
AG*(5,3) = 43
AG*(5,4) = 61
AG*(2,1) = 22
AG*(2,3) = 19
AG*(2,4) = 25
AG*(2,6) = 70
AG*(5,3) = 43
AG*(5,4) = 61
AG*(6,1) = 119
AG*(6,3) = 60
AG*(6,4) = 323
AG*(7,3) = 48
AG*(7,4) = 68
NL(5,3) = 43, AG*'s used 0
NL(5,4) = 57, AG*'s used 43
NL(5,1) = 75, AG*'s used 119
NL(5,7) NOT POSSIBLE
Max in loop inf, 0.6106951871657754
AUD TV 0.6606951871657755, ss 3
AG*(5,3) = 44
AG*(5,4) = 62
AG*(2,1) = 22
AG*(2,3) = 19
AG*(2,4) = 25
AG*(2,6) = 70
AG*(5,3) = 44
AG*(5,4) = 62
AG*(6,1) = 121
AG*(6,3) = 60
AG*(6,4) = 333
AG*(7,3) = 48
AG*(7,4) = 71
NL(5,3) = 44, AG*'s used 0
NL(5,4) = 58, AG*'s used 44
NL(5,1) = 76, AG*'s used 121
NL(5,7) NOT POSSIBLE
Max in loop inf, 0.6606951871657755
New mintv = 0.055347593582887704
Sample size required for audit is inf ballots
------------------------------------------------
Assertion set BEFORE filtering:
(6, 'AG', 0, 4107)
(1, 'LT', None, (0.0053475935828877, 1904))
(4, 'NL', 2, 44)
(4, 'AG*', 3, 62)
(1, 'QT', None, 765)
(4, 'NL', 0, 121)
(4, 'AG*', 0, 4439)
(1, 'MT', None, (0.6606951871657755, 3))
(5, 'AG', 0, 121)
(4, 'AG*', 2, 44)
(4, 'NL', 3, 58)
------------------------------------------------
Final set of assertions AFTER filtering:
(6, 'AG', 0, 4107)
(1, 'LT', None, (0.0053475935828877, 1904))
(4, 'NL', 2, 44)
(4, 'AG*', 3, 62)
(1, 'QT', None, 765)
(4, 'NL', 0, 121)
(4, 'AG*', 0, 4439)
(1, 'MT', None, (0.6606951871657755, 3))
(5, 'AG', 0, 121)
(4, 'AG*', 2, 44)
(4, 'NL', 3, 58)
------------------------------------------------
Explanations for AG* inclusion:
   Explanation for (6, 'AG', 0, 4107): []
   Explanation for (4, 'AG*', 3, 62): []
   Explanation for (4, 'AG*', 0, 4439): []
   Explanation for (5, 'AG', 0, 121): []
   Explanation for (4, 'AG*', 2, 44): []
------------------------------------------------
