VALID BALLOTS 4684
2915 ballot checks required to assert that first winner has a quota's worth of votes
AUD TV 0.0538265306122449, ss 130
AG*(1,3) = 63
AG*(1,4) = 27
AG*(1,5) = 20
AG*(1,3) = 63
AG*(1,4) = 27
AG*(1,5) = 20
AG*(2,3) = 72
AG*(2,4) = 22
AG*(2,5) = 436
AG*(3,4) = 129
NL(1,5) = 20, AG*'s used 0
NL(1,3) = 30, AG*'s used 27
Max in loop 2915, 0.0538265306122449
AUD TV 0.1038265306122449, ss 61
AG*(1,3) = 78
AG*(1,4) = 28
AG*(1,5) = 21
AG*(1,3) = 78
AG*(1,4) = 28
AG*(1,5) = 21
AG*(2,3) = 72
AG*(2,4) = 22
AG*(2,5) = 436
AG*(3,4) = 132
NL(1,5) = 21, AG*'s used 0
NL(1,3) = 33, AG*'s used 28
Max in loop 2915, 0.1038265306122449
AUD TV 0.15382653061224488, ss 38
AG*(1,3) = 102
AG*(1,4) = 29
AG*(1,5) = 21
AG*(1,3) = 102
AG*(1,4) = 29
AG*(1,5) = 21
AG*(2,3) = 72
AG*(2,4) = 22
AG*(2,5) = 436
AG*(3,4) = 135
NL(1,5) = 21, AG*'s used 0
NL(1,3) = 37, AG*'s used 29
Max in loop 2915, 0.15382653061224488
AUD TV 0.20382653061224487, ss 27
AG*(1,3) = 149
AG*(1,4) = 30
AG*(1,5) = 21
AG*(1,3) = 149
AG*(1,4) = 30
AG*(1,5) = 21
AG*(2,3) = 72
AG*(2,4) = 22
AG*(2,5) = 436
AG*(3,4) = 138
NL(1,5) = 21, AG*'s used 0
NL(1,3) = 42, AG*'s used 30
Max in loop 2915, 0.20382653061224487
AUD TV 0.25382653061224486, ss 20
AG*(1,3) = 272
AG*(1,4) = 31
AG*(1,5) = 21
AG*(1,3) = 272
AG*(1,4) = 31
AG*(1,5) = 21
AG*(2,3) = 72
AG*(2,4) = 22
AG*(2,5) = 436
AG*(3,4) = 141
NL(1,5) = 21, AG*'s used 0
NL(1,3) = 49, AG*'s used 31
Max in loop 2915, 0.25382653061224486
AUD TV 0.30382653061224485, ss 15
AG*(1,3) = 3709
AG*(1,4) = 31
AG*(1,5) = 21
AG*(1,3) = 3709
AG*(1,4) = 31
AG*(1,5) = 21
AG*(2,3) = 72
AG*(2,4) = 22
AG*(2,5) = 436
AG*(3,4) = 144
NL(1,5) = 21, AG*'s used 0
NL(1,3) = 57, AG*'s used 31
Max in loop 2915, 0.30382653061224485
AUD TV 0.35382653061224484, ss 12
AG*(1,4) = 32
AG*(1,5) = 21
AG*(1,4) = 32
AG*(1,5) = 21
AG*(2,3) = 72
AG*(2,4) = 22
AG*(2,5) = 436
AG*(3,4) = 147
NL(1,5) = 21, AG*'s used 0
NL(1,3) = 70, AG*'s used 32
Max in loop 2915, 0.35382653061224484
AUD TV 0.4038265306122448, ss 10
AG*(1,4) = 33
AG*(1,5) = 21
AG*(1,4) = 33
AG*(1,5) = 21
AG*(2,3) = 72
AG*(2,4) = 22
AG*(2,5) = 436
AG*(3,4) = 151
NL(1,5) = 21, AG*'s used 0
NL(1,3) = 89, AG*'s used 33
Max in loop 2915, 0.4038265306122448
AUD TV 0.4538265306122448, ss 8
AG*(1,4) = 34
AG*(1,5) = 21
AG*(1,4) = 34
AG*(1,5) = 21
AG*(2,3) = 72
AG*(2,4) = 22
AG*(2,5) = 436
AG*(3,4) = 155
NL(1,5) = 21, AG*'s used 0
NL(1,3) = 122, AG*'s used 34
Max in loop 2915, 0.4538265306122448
AUD TV 0.5038265306122448, ss 6
AG*(1,4) = 36
AG*(1,5) = 21
AG*(1,4) = 36
AG*(1,5) = 21
AG*(2,3) = 72
AG*(2,4) = 22
AG*(2,5) = 436
AG*(3,4) = 158
NL(1,5) = 21, AG*'s used 0
NL(1,3) = 194, AG*'s used 36
Max in loop 2915, 0.5038265306122448
AUD TV 0.5538265306122448, ss 5
AG*(1,4) = 37
AG*(1,5) = 22
AG*(1,4) = 37
AG*(1,5) = 22
AG*(2,3) = 72
AG*(2,4) = 22
AG*(2,5) = 436
AG*(3,4) = 162
NL(1,5) = 22, AG*'s used 0
NL(1,3) = 541, AG*'s used 37
Max in loop 2915, 0.5538265306122448
AUD TV 0.6038265306122449, ss 4
AG*(1,4) = 38
AG*(1,5) = 22
AG*(1,4) = 38
AG*(1,5) = 22
AG*(2,3) = 72
AG*(2,4) = 22
AG*(2,5) = 436
AG*(3,4) = 167
NL(1,5) = 22, AG*'s used 0
NL(1,3) NOT POSSIBLE
Max in loop inf, 0.6038265306122449
Breaking out of inner loop inf > 2915
Sample size to show min tv of 0.001913265306122449 is 4684
Sample size required for audit is 2915 ballots
------------------------------------------------
Assertion set BEFORE filtering:
(0, 'AG*', 4, 22)
(0, 'NL', 2, 541)
(1, 'QT', None, 2915)
(1, 'MT', None, (0.5538265306122448, 5))
(0, 'AG*', 3, 37)
(0, 'NL', 4, 22)
------------------------------------------------
Final set of assertions AFTER filtering:
(0, 'AG*', 4, 22)
(0, 'NL', 2, 541)
(1, 'QT', None, 2915)
(1, 'MT', None, (0.5538265306122448, 5))
(0, 'AG*', 3, 37)
(0, 'NL', 4, 22)
------------------------------------------------
Explanations for AG* inclusion:
   Explanation for (0, 'AG*', 4, 22): []
   Explanation for (0, 'AG*', 3, 37): []
------------------------------------------------
