VALID BALLOTS 5939
Winner 6
Winner 2
Computing AG relationships
8 AG 5 = 130
3 AG 5 = 46
6 AG 5 = 47
6 AG 4 = 293
1 AG 5 = 51
1 AG 4 = 257
2 AG 5 = 44
2 AG 4 = 42
2 AG 7 = 49
Ruling out candidates: [(5, 46), (4, 257)]
STAGE 1 ASN (Ruling out candidates): 257
ALTERNATE OUTCOME PAIR: 7,8
   (1) can we show that 3 NL 8?
        a. margin -0.20368187685918082
      no
   (1) can we show that 3 NL 7?
        a. margin 0.08317898636133791
      yes, 55, ags used 49 = 55
   (1) can we show that 6 NL 8?
        a. margin -0.042431385755178574
      no
   (1) can we show that 6 NL 7?
        a. margin 0.1059100858730413
      yes, 43, ags used 49 = 49
   (1) can we show that 1 NL 8?
        a. margin -0.16669472975248445
      no
   (1) can we show that 1 NL 7?
        a. margin 0.09692989841162736
      yes, 47, ags used 49 = 49
   (1) can we show that 2 NL 8?
        a. margin -0.1475557052253469
      no
   (1) can we show that 2 NL 7?
        a. margin 0.09642476286692281
      yes, 44, ags used 44 = 44
      Best assertion(s) require sample: 44

ALTERNATE OUTCOME PAIR: 7,3
   (1) can we show that 8 NL 3?
        a. margin -0.13565695683897394
      no
   (1) can we show that 8 NL 7?
        a. margin 0.042487511926811106
      yes, 107, ags used 49 = 107
   (1) can we show that 6 NL 3?
        a. margin -0.07481618678789947
      no
   (1) can we show that 6 NL 7?
        a. margin 0.10568558118650717
      yes, 43, ags used 49 = 49
   (1) can we show that 1 NL 3?
        a. margin -0.0760509625638437
      no
   (1) can we show that 1 NL 7?
        a. margin 0.095246113262615
      yes, 48, ags used 49 = 49
   (1) can we show that 2 NL 3?
        a. margin -0.07930628051860578
      no
   (1) can we show that 2 NL 7?
        a. margin 0.09625638435202233
      yes, 44, ags used 44 = 44
      Best assertion(s) require sample: 44

ALTERNATE OUTCOME PAIR: 7,6
   (1) can we show that 8 NL 6?
        a. margin -0.2457203794129197
      no
   (1) can we show that 8 NL 7?
        a. margin 0.04276814278498131
      yes, 107, ags used 49 = 107
   (1) can we show that 3 NL 6?
        a. margin -0.26244597855980345
      no
   (1) can we show that 3 NL 7?
        a. margin 0.08424538362238265
      yes, 54, ags used 49 = 54
   (1) can we show that 1 NL 6?
        a. margin -0.22343828927428988
      no
   (1) can we show that 1 NL 7?
        a. margin 0.09681764606836096
      yes, 47, ags used 49 = 49
   (1) can we show that 2 NL 6?
        a. margin -0.2085648537913234
      no
   (1) can we show that 2 NL 7?
        a. margin 0.09692989841162736
      yes, 44, ags used 44 = 44
      Best assertion(s) require sample: 44

ALTERNATE OUTCOME PAIR: 7,1
   (1) can we show that 8 NL 1?
        a. margin -0.22832126620643156
      no
   (1) can we show that 8 NL 7?
        a. margin 0.04692147948588454
      yes, 97, ags used 49 = 97
   (1) can we show that 3 NL 1?
        a. margin -0.18443059998877565
      no
   (1) can we show that 3 NL 7?
        a. margin 0.08654655665937061
      yes, 52, ags used 49 = 52
   (1) can we show that 6 NL 1?
        a. margin -0.1405399337711184
      no
   (1) can we show that 6 NL 7?
        a. margin 0.10927765617107266
      yes, 41, ags used 49 = 49
   (1) can we show that 2 NL 1?
        a. margin -0.13105461076500025
      no
   (1) can we show that 2 NL 7?
        a. margin 0.10018521636639188
      yes, 43, ags used 42 = 43
      Best assertion(s) require sample: 43

ALTERNATE OUTCOME PAIR: 7,2
   (1) can we show that 8 NL 2?
        a. margin -0.20631980692596863
      no
   (1) can we show that 8 NL 7?
        a. margin -0.11691081551327487
      no
   (1) can we show that 3 NL 2?
        a. margin -0.18931357692091744
      no
   (1) can we show that 3 NL 7?
        a. margin -0.09109277656171177
      no
   (1) can we show that 6 NL 2?
        a. margin -0.12774316663860552
      no
   (1) can we show that 6 NL 7?
        a. margin -0.04114048380760049
      no
   (1) can we show that 1 NL 2?
        a. margin -0.1378458775326954
      no
   (1) can we show that 1 NL 7?
        a. margin -0.04473255879216176
      no

ALTERNATE OUTCOME PAIR: 8,3
   (1) can we show that 7 NL 3?
        a. margin -0.24487848683841373
      no
   (1) can we show that 7 NL 8?
        a. margin -0.3051018690015137
      no
   (1) can we show that 6 NL 3?
        a. margin -0.07206600437784227
      no
   (1) can we show that 6 NL 8?
        a. margin -0.03384408149520024
      no
   (1) can we show that 1 NL 3?
        a. margin -0.06594825166975582
      no
   (1) can we show that 1 NL 8?
        a. margin -0.15457147667957505
      no
   (1) can we show that 2 NL 3?
        a. margin -0.019980917101646734
      no
   (1) can we show that 2 NL 8?
        a. margin -0.07986754223494441
      no

ALTERNATE OUTCOME PAIR: 8,6
   (1) can we show that 7 NL 6?
        a. margin -0.36274344726945995
      no
   (1) can we show that 7 NL 8?
        a. margin -0.2846719425267983
      no
   (1) can we show that 3 NL 6?
        a. margin -0.23494415445922812
      no
   (1) can we show that 3 NL 8?
        a. margin -0.16815401021496756
      no
   (1) can we show that 1 NL 6?
        a. margin -0.19313015659202248
      no
   (1) can we show that 1 NL 8?
        a. margin -0.1316719986529754
      no
   (1) can we show that 2 NL 6?
        a. margin -0.1267328955491982
      no
   (1) can we show that 2 NL 8?
        a. margin -0.06039176067800778
      no

ALTERNATE OUTCOME PAIR: 8,1
   (1) can we show that 7 NL 1?
        a. margin -0.30257619127799174
      no
   (1) can we show that 7 NL 8?
        a. margin -0.309816467418757
      no
   (1) can we show that 3 NL 1?
        a. margin -0.1829713195262973
      no
   (1) can we show that 3 NL 8?
        a. margin -0.19256889487568007
      no
   (1) can we show that 6 NL 1?
        a. margin -0.14351462086771183
      no
   (1) can we show that 6 NL 8?
        a. margin -0.03530336195768058
      no
   (1) can we show that 2 NL 1?
        a. margin -0.07403042038502794
      no
   (1) can we show that 2 NL 8?
        a. margin -0.08413313127911504
      no

ALTERNATE OUTCOME PAIR: 8,2
   (1) can we show that 7 NL 2?
        a. margin -0.27614076443845714
      no
   (1) can we show that 7 NL 8?
        a. margin -0.3223326036931017
      no
   (1) can we show that 3 NL 2?
        a. margin -0.1997530448448137
      no
   (1) can we show that 3 NL 8?
        a. margin -0.18852781051804535
      no
   (1) can we show that 6 NL 2?
        a. margin -0.14160633103216147
      no
   (1) can we show that 6 NL 8?
        a. margin -0.03580849750238524
      no
   (1) can we show that 1 NL 2?
        a. margin -0.14733120053881354
      no
   (1) can we show that 1 NL 8?
        a. margin -0.15451535050793996
      no

ALTERNATE OUTCOME PAIR: 3,6
   (1) can we show that 7 NL 6?
        a. margin -0.3746421956558327
      no
   (1) can we show that 7 NL 3?
        a. margin -0.24751641690520187
      no
   (1) can we show that 8 NL 6?
        a. margin -0.23404613571308175
      no
   (1) can we show that 8 NL 3?
        a. margin -0.13335578380198643
      no
   (1) can we show that 1 NL 6?
        a. margin -0.2107537744850414
      no
   (1) can we show that 1 NL 3?
        a. margin -0.06982095751248907
      no
   (1) can we show that 2 NL 6?
        a. margin -0.13880002245046752
      no
   (1) can we show that 2 NL 3?
        a. margin -0.02261884716843554
      no

ALTERNATE OUTCOME PAIR: 3,1
   (1) can we show that 7 NL 1?
        a. margin -0.2888814053993385
      no
   (1) can we show that 7 NL 3?
        a. margin -0.23786271538418358
      no
   (1) can we show that 8 NL 1?
        a. margin -0.21400909243980548
      no
   (1) can we show that 8 NL 3?
        a. margin -0.11966099792333174
      no
   (1) can we show that 6 NL 1?
        a. margin -0.12701352640736452
      no
   (1) can we show that 6 NL 3?
        a. margin -0.05943761576022899
      no
   (1) can we show that 2 NL 1?
        a. margin -0.06011112981983313
      no
   (1) can we show that 2 NL 3?
        a. margin -0.01324577650558445
      no

ALTERNATE OUTCOME PAIR: 3,2
   (1) can we show that 7 NL 2?
        a. margin -0.27765617107257157
      no
   (1) can we show that 7 NL 3?
        a. margin -0.2545321883594319
      no
   (1) can we show that 8 NL 2?
        a. margin -0.21979008811808975
      no
   (1) can we show that 8 NL 3?
        a. margin -0.13139136779480298
      no
   (1) can we show that 6 NL 2?
        a. margin -0.14138182634562535
      no
   (1) can we show that 6 NL 3?
        a. margin -0.07083122860189728
      no
   (1) can we show that 1 NL 2?
        a. margin -0.15097940169500979
      no
   (1) can we show that 1 NL 3?
        a. margin -0.07043834540045879
      no

ALTERNATE OUTCOME PAIR: 6,1
   (1) can we show that 7 NL 1?
        a. margin -0.2930347421002396
      no
   (1) can we show that 7 NL 6?
        a. margin -0.3760453499466797
      no
   (1) can we show that 8 NL 1?
        a. margin -0.22349441544592252
      no
   (1) can we show that 8 NL 6?
        a. margin -0.23051018690015124
      no
   (1) can we show that 3 NL 1?
        a. margin -0.17152158051299127
      no
   (1) can we show that 3 NL 6?
        a. margin -0.24762866924847016
      no
   (1) can we show that 2 NL 1?
        a. margin -0.06594825166975393
      no
   (1) can we show that 2 NL 6?
        a. margin -0.14070831228601854
      no

ALTERNATE OUTCOME PAIR: 1,2
   (1) can we show that 7 NL 2?
        a. margin -0.2674412078352133
      no
   (1) can we show that 7 NL 1?
        a. margin -0.3087500701577146
      no
   (1) can we show that 8 NL 2?
        a. margin -0.2080035920749843
      no
   (1) can we show that 8 NL 1?
        a. margin -0.2152438682157488
      no
   (1) can we show that 3 NL 2?
        a. margin -0.18981871246562232
      no
   (1) can we show that 3 NL 1?
        a. margin -0.16837851490149824
      no
   (1) can we show that 6 NL 2?
        a. margin -0.13066172756356276
      no
   (1) can we show that 6 NL 1?
        a. margin -0.1283044283549417
      no

RULE OUT PAIR STAGE ASN 44
------------------------------------------------
Alternate outcome cannot be ruled out: 7,2
Alternate outcome cannot be ruled out: 8,3
Alternate outcome cannot be ruled out: 8,6
Alternate outcome cannot be ruled out: 8,1
Alternate outcome cannot be ruled out: 8,2
Alternate outcome cannot be ruled out: 3,6
Alternate outcome cannot be ruled out: 3,1
Alternate outcome cannot be ruled out: 3,2
Alternate outcome cannot be ruled out: 6,1
Alternate outcome cannot be ruled out: 1,2
Full audit not possible
PARTIAL audit sample size: 257
------------------------------------------------
Final set of assertions generated:
2 NL 7 = 44 [rules out (7, 8), G = {3, 4}, O = set()]
2 NL 7 = 43 [rules out (7, 1), G = {3}, O = set()]
(1, 'AG', 4, 44)
(2, 'AG', 4, 46)
(1, 'AG', 3, 42)
2 NL 7 = 44 [rules out (7, 3), G = {3, 4}, O = set()]
(0, 'AG', 3, 257)
2 NL 7 = 44 [rules out (7, 6), G = {3, 4}, O = set()]
[] are verified winners with these assertions.
[1, 2, 3, 6, 7, 8] remain as potential winners in this audit.
------------------------------------------------
