VALID BALLOTS 3773
71 ballot checks required to assert that first winner has a quota's worth of votes
AUD TV 0.13708272859216256, ss 108
AG*(4,2) = 26
AG*(4,3) = 20
AG*(4,5) = 19
AG*(1,2) = 27
AG*(1,3) = 18
AG*(4,2) = 26
AG*(4,3) = 20
AG*(4,5) = 19
NL(4,2) = 17, AG*'s used 19
NL(4,3) = 14, AG*'s used 19
Max in loop 108, 0.13708272859216256
AUD TV 0.18708272859216257, ss 50
AG*(4,2) = 29
AG*(4,3) = 20
AG*(4,5) = 19
AG*(1,2) = 27
AG*(1,3) = 18
AG*(4,2) = 29
AG*(4,3) = 20
AG*(4,5) = 19
NL(4,2) = 18, AG*'s used 19
NL(4,3) = 14, AG*'s used 19
Max in loop 71, 0.18708272859216257
AUD TV 0.23708272859216256, ss 31
AG*(4,2) = 32
AG*(4,3) = 20
AG*(4,5) = 19
AG*(1,2) = 27
AG*(1,3) = 18
AG*(4,2) = 32
AG*(4,3) = 20
AG*(4,5) = 19
NL(4,2) = 19, AG*'s used 19
NL(4,3) = 14, AG*'s used 19
Max in loop 71, 0.23708272859216256
AUD TV 0.28708272859216255, ss 22
AG*(4,2) = 36
AG*(4,3) = 21
AG*(4,5) = 19
AG*(1,2) = 27
AG*(1,3) = 18
AG*(4,2) = 36
AG*(4,3) = 21
AG*(4,5) = 19
NL(4,2) = 20, AG*'s used 21
NL(4,3) = 14, AG*'s used 19
Max in loop 71, 0.28708272859216255
AUD TV 0.33708272859216254, ss 16
AG*(4,2) = 40
AG*(4,3) = 21
AG*(4,5) = 19
AG*(1,2) = 27
AG*(1,3) = 18
AG*(4,2) = 40
AG*(4,3) = 21
AG*(4,5) = 19
NL(4,2) = 21, AG*'s used 21
NL(4,3) = 14, AG*'s used 19
Max in loop 71, 0.33708272859216254
AUD TV 0.38708272859216253, ss 12
AG*(4,2) = 46
AG*(4,3) = 21
AG*(4,5) = 19
AG*(1,2) = 27
AG*(1,3) = 18
AG*(4,2) = 46
AG*(4,3) = 21
AG*(4,5) = 19
NL(4,2) = 23, AG*'s used 21
NL(4,3) = 15, AG*'s used 19
Max in loop 71, 0.38708272859216253
AUD TV 0.4370827285921625, ss 9
AG*(4,2) = 54
AG*(4,3) = 21
AG*(4,5) = 20
AG*(1,2) = 27
AG*(1,3) = 18
AG*(4,2) = 54
AG*(4,3) = 21
AG*(4,5) = 20
NL(4,2) = 25, AG*'s used 21
NL(4,3) = 15, AG*'s used 20
Max in loop 71, 0.4370827285921625
AUD TV 0.4870827285921625, ss 7
AG*(4,2) = 66
AG*(4,3) = 22
AG*(4,5) = 20
AG*(1,2) = 27
AG*(1,3) = 18
AG*(4,2) = 66
AG*(4,3) = 22
AG*(4,5) = 20
NL(4,2) = 27, AG*'s used 22
NL(4,3) = 15, AG*'s used 20
Max in loop 71, 0.4870827285921625
AUD TV 0.5370827285921626, ss 6
AG*(4,2) = 84
AG*(4,3) = 22
AG*(4,5) = 20
AG*(1,2) = 27
AG*(1,3) = 18
AG*(4,2) = 84
AG*(4,3) = 22
AG*(4,5) = 20
NL(4,2) = 30, AG*'s used 22
NL(4,3) = 15, AG*'s used 20
Max in loop 71, 0.5370827285921626
AUD TV 0.5870827285921626, ss 4
AG*(4,2) = 115
AG*(4,3) = 22
AG*(4,5) = 20
AG*(1,2) = 27
AG*(1,3) = 18
AG*(4,2) = 115
AG*(4,3) = 22
AG*(4,5) = 20
NL(4,2) = 33, AG*'s used 22
NL(4,3) = 15, AG*'s used 20
Max in loop 71, 0.5870827285921626
AUD TV 0.6370827285921626, ss 3
AG*(4,2) = 181
AG*(4,3) = 23
AG*(4,5) = 20
AG*(1,2) = 27
AG*(1,3) = 18
AG*(4,2) = 181
AG*(4,3) = 23
AG*(4,5) = 20
NL(4,2) = 37, AG*'s used 23
NL(4,3) = 15, AG*'s used 20
Max in loop 71, 0.6370827285921626
Sample size to show min tv of 0.04354136429608128 is 136
Sample size required for audit is 71 ballots
------------------------------------------------
Assertion set BEFORE filtering:
(3, 'AG*', 4, 20)
(0, 'QT', None, 71)
(0, 'MT', None, (0.6370827285921626, 3))
(3, 'NL', 2, 20)
(3, 'NL', 1, 37)
(3, 'AG*', 2, 23)
------------------------------------------------
Final set of assertions AFTER filtering:
(3, 'AG*', 4, 20)
(0, 'QT', None, 71)
(0, 'MT', None, (0.6370827285921626, 3))
(3, 'NL', 2, 20)
(3, 'NL', 1, 37)
(3, 'AG*', 2, 23)
------------------------------------------------
Explanations for AG* inclusion:
   Explanation for (3, 'AG*', 4, 20): []
   Explanation for (3, 'AG*', 2, 23): []
------------------------------------------------
