VALID BALLOTS 4339
Winner 3
Winner 2
Computing AG relationships
3 AG 1 = 26
3 AG 6 = 27
3 AG 7 = 60
3 AG 4 = 72
4 AG 1 = 157
2 AG 1 = 23
2 AG 7 = 62
2 AG 4 = 44
Ruling out candidates: [(1, 26), (7, 62), (4, 72)]
STAGE 1 ASN (Ruling out candidates): 72
ALTERNATE OUTCOME PAIR: 6,3
   (1) can we show that 2 NL 3?
        a. margin -0.015057232849350122
      no
   (1) can we show that 2 NL 6?
        a. margin 0.027118383652149136
      yes, 53, ags used 62 = 62
   (1) can we show that 2 NL 3?
        a. margin -0.015057232849350122
      no
   (1) can we show that 2 NL 6?
        a. margin 0.027118383652149136
      yes, 53, ags used 62 = 62
      Best assertion(s) require sample: 62

ALTERNATE OUTCOME PAIR: 6,2
   (1) can we show that 3 NL 2?
        a. margin -0.18168548820772779
      no
   (1) can we show that 3 NL 6?
        a. margin 0.17469463009910124
      yes, 25, ags used 26 = 26
      Best assertion(s) require sample: 26

ALTERNATE OUTCOME PAIR: 6,2
   (1) can we show that 3 NL 2?
        a. margin -0.18168548820772779
      no
   (1) can we show that 3 NL 6?
        a. margin 0.17469463009910124
      yes, 25, ags used 26 = 26
      Best assertion(s) require sample: 26

RULE OUT PAIR STAGE ASN 62
------------------------------------------------
EXAMINING WAYS TO REDUCE COST OF AUDIT
ALTERNATE OUTCOME PAIR: 4,6
   (1) can we show that 3 NL 6?
        a. margin 0.1702389183375579
      yes, 26, ags used 26 = 26
   (1) can we show that 3 NL 4?
        a. margin 0.06353230391027065
      yes, 37, ags used 44 = 44
   (1) can we show that 2 NL 6?
        a. margin 0.20841975877698404
      yes, 21, ags used 27 = 27
   (1) can we show that 2 NL 4?
        a. margin 0.10378735499731029
      yes, 43, ags used 23 = 43
   (1) can we show that 2 NL 6?
        a. margin 0.20841975877698404
      yes, 21, ags used 27 = 27
   (1) can we show that 2 NL 4?
        a. margin 0.10378735499731029
      yes, 43, ags used 23 = 43
      Best assertion(s) require sample: 26

ALTERNATE OUTCOME PAIR: 4,3
   (1) can we show that 6 NL 3?
        a. margin -0.3393254974264427
      no
   (1) can we show that 6 NL 4?
        a. margin -0.10240454789890152
      no
   (1) can we show that 2 NL 3?
        a. margin -0.07712990704463352
      no
   (1) can we show that 2 NL 4?
        a. margin 0.10662979181070975
      yes, 41, ags used 23 = 41
   (1) can we show that 2 NL 3?
        a. margin -0.07712990704463352
      no
   (1) can we show that 2 NL 4?
        a. margin 0.10662979181070975
      yes, 41, ags used 23 = 41
      Best assertion(s) require sample: 41

ALTERNATE OUTCOME PAIR: 4,2
   (1) can we show that 6 NL 2?
        a. margin -0.4242144887454872
      no
   (1) can we show that 6 NL 4?
        a. margin -0.14081585618806192
      no
   (1) can we show that 3 NL 2?
        a. margin -0.11446569870169687
      no
   (1) can we show that 3 NL 4?
        a. margin 0.07582392256280257
      yes, 36, ags used 27 = 36
      Best assertion(s) require sample: 36

ALTERNATE OUTCOME PAIR: 4,2
   (1) can we show that 6 NL 2?
        a. margin -0.4242144887454872
      no
   (1) can we show that 6 NL 4?
        a. margin -0.14081585618806192
      no
   (1) can we show that 3 NL 2?
        a. margin -0.11446569870169687
      no
   (1) can we show that 3 NL 4?
        a. margin 0.07582392256280257
      yes, 36, ags used 27 = 36
      Best assertion(s) require sample: 36

3 ruled out by pairs, sample size 41
STAGE 1 ASN NOW 62
NEW RULE OUT PAIR STAGE ASN 62
------------------------------------------------
FULL audit sample size: 62
------------------------------------------------
Final set of assertions generated:
3 NL 4 = 36 [rules out (4, 2), G = {0, 5}, O = set()]
3 NL 6 = 26 [rules out (6, 2), G = {0}, O = set()]
3 NL 6 = 26 [rules out (4, 6), G = {0}, O = set()]

2 NL 6 = 62 [rules out (6, 3), G = {0, 3, 6}, O = set()]
(1, 'AG', 0, 23)
(1, 'AG', 6, 62)
(2, 'AG', 0, 26)
(2, 'AG', 6, 60)
2 NL 4 = 41 [rules out (4, 3), G = {0}, O = set()]
(1, 'AG', 3, 44)
(2, 'AG', 5, 27)
All winners are verified in audit.
------------------------------------------------
