VALID BALLOTS 1424
92 ballot checks required to assert that first winner has a quota's worth of votes
AUD TV 0.11679764243614932, ss 111
AG*(2,1) = 64
AG*(2,3) = 31
AG*(2,4) = 44
AG*(2,5) = 66
NL(1,3) NOT POSSIBLE
NL(1,4) NOT POSSIBLE
NL(1,5) NOT POSSIBLE
Max in loop inf, 0.11679764243614932
AUD TV 0.1667976424361493, ss 53
AG*(2,1) = 64
AG*(2,3) = 31
AG*(2,4) = 44
AG*(2,5) = 66
NL(1,3) NOT POSSIBLE
NL(1,4) NOT POSSIBLE
NL(1,5) NOT POSSIBLE
Max in loop inf, 0.1667976424361493
AUD TV 0.2167976424361493, ss 33
AG*(2,1) = 64
AG*(2,3) = 31
AG*(2,4) = 44
AG*(2,5) = 66
NL(1,3) NOT POSSIBLE
NL(1,4) NOT POSSIBLE
NL(1,5) NOT POSSIBLE
Max in loop inf, 0.2167976424361493
AUD TV 0.2667976424361493, ss 23
AG*(2,1) = 64
AG*(2,3) = 31
AG*(2,4) = 44
AG*(2,5) = 66
NL(1,3) NOT POSSIBLE
NL(1,4) NOT POSSIBLE
NL(1,5) NOT POSSIBLE
Max in loop inf, 0.2667976424361493
AUD TV 0.3167976424361493, ss 17
AG*(2,1) = 64
AG*(2,3) = 31
AG*(2,4) = 44
AG*(2,5) = 66
NL(1,3) NOT POSSIBLE
NL(1,4) NOT POSSIBLE
NL(1,5) NOT POSSIBLE
Max in loop inf, 0.3167976424361493
AUD TV 0.36679764243614926, ss 13
AG*(2,1) = 64
AG*(2,3) = 31
AG*(2,4) = 44
AG*(2,5) = 66
NL(1,3) NOT POSSIBLE
NL(1,4) NOT POSSIBLE
NL(1,5) NOT POSSIBLE
Max in loop inf, 0.36679764243614926
AUD TV 0.41679764243614925, ss 10
AG*(2,1) = 64
AG*(2,3) = 31
AG*(2,4) = 44
AG*(2,5) = 66
NL(1,3) NOT POSSIBLE
NL(1,4) NOT POSSIBLE
NL(1,5) NOT POSSIBLE
Max in loop inf, 0.41679764243614925
AUD TV 0.46679764243614924, ss 8
AG*(2,1) = 64
AG*(2,3) = 31
AG*(2,4) = 44
AG*(2,5) = 66
NL(1,3) NOT POSSIBLE
NL(1,4) NOT POSSIBLE
NL(1,5) NOT POSSIBLE
Max in loop inf, 0.46679764243614924
AUD TV 0.5167976424361492, ss 6
AG*(2,1) = 64
AG*(2,3) = 31
AG*(2,4) = 44
AG*(2,5) = 66
NL(1,3) NOT POSSIBLE
NL(1,4) NOT POSSIBLE
NL(1,5) NOT POSSIBLE
Max in loop inf, 0.5167976424361492
AUD TV 0.5667976424361493, ss 5
AG*(2,1) = 64
AG*(2,3) = 31
AG*(2,4) = 44
AG*(2,5) = 66
NL(1,3) NOT POSSIBLE
NL(1,4) NOT POSSIBLE
NL(1,5) NOT POSSIBLE
Max in loop inf, 0.5667976424361493
AUD TV 0.6167976424361493, ss 4
AG*(2,1) = 64
AG*(2,3) = 31
AG*(2,4) = 44
AG*(2,5) = 66
NL(1,3) NOT POSSIBLE
NL(1,4) NOT POSSIBLE
NL(1,5) NOT POSSIBLE
Max in loop inf, 0.6167976424361493
Sample size to show min tv of 0.03339882121807466 is 176
AUD TV 0.11679764243614932, ss 111
AG*(2,1) = 64
AG*(2,3) = 31
AG*(2,4) = 44
AG*(2,5) = 66
NL(1,3) NOT POSSIBLE
NL(1,4) NOT POSSIBLE
NL(1,5) NOT POSSIBLE
Max in loop inf, 0.11679764243614932
AUD TV 0.1667976424361493, ss 53
AG*(2,1) = 64
AG*(2,3) = 31
AG*(2,4) = 44
AG*(2,5) = 66
NL(1,3) NOT POSSIBLE
NL(1,4) NOT POSSIBLE
NL(1,5) NOT POSSIBLE
Max in loop inf, 0.1667976424361493
AUD TV 0.2167976424361493, ss 33
AG*(2,1) = 64
AG*(2,3) = 31
AG*(2,4) = 44
AG*(2,5) = 66
NL(1,3) NOT POSSIBLE
NL(1,4) NOT POSSIBLE
NL(1,5) NOT POSSIBLE
Max in loop inf, 0.2167976424361493
AUD TV 0.2667976424361493, ss 23
AG*(2,1) = 64
AG*(2,3) = 31
AG*(2,4) = 44
AG*(2,5) = 66
NL(1,3) NOT POSSIBLE
NL(1,4) NOT POSSIBLE
NL(1,5) NOT POSSIBLE
Max in loop inf, 0.2667976424361493
AUD TV 0.3167976424361493, ss 17
AG*(2,1) = 64
AG*(2,3) = 31
AG*(2,4) = 44
AG*(2,5) = 66
NL(1,3) NOT POSSIBLE
NL(1,4) NOT POSSIBLE
NL(1,5) NOT POSSIBLE
Max in loop inf, 0.3167976424361493
AUD TV 0.36679764243614926, ss 13
AG*(2,1) = 64
AG*(2,3) = 31
AG*(2,4) = 44
AG*(2,5) = 66
NL(1,3) NOT POSSIBLE
NL(1,4) NOT POSSIBLE
NL(1,5) NOT POSSIBLE
Max in loop inf, 0.36679764243614926
AUD TV 0.41679764243614925, ss 10
AG*(2,1) = 64
AG*(2,3) = 31
AG*(2,4) = 44
AG*(2,5) = 66
NL(1,3) NOT POSSIBLE
NL(1,4) NOT POSSIBLE
NL(1,5) NOT POSSIBLE
Max in loop inf, 0.41679764243614925
AUD TV 0.46679764243614924, ss 8
AG*(2,1) = 64
AG*(2,3) = 31
AG*(2,4) = 44
AG*(2,5) = 66
NL(1,3) NOT POSSIBLE
NL(1,4) NOT POSSIBLE
NL(1,5) NOT POSSIBLE
Max in loop inf, 0.46679764243614924
AUD TV 0.5167976424361492, ss 6
AG*(2,1) = 64
AG*(2,3) = 31
AG*(2,4) = 44
AG*(2,5) = 66
NL(1,3) NOT POSSIBLE
NL(1,4) NOT POSSIBLE
NL(1,5) NOT POSSIBLE
Max in loop inf, 0.5167976424361492
AUD TV 0.5667976424361493, ss 5
AG*(2,1) = 64
AG*(2,3) = 31
AG*(2,4) = 44
AG*(2,5) = 66
NL(1,3) NOT POSSIBLE
NL(1,4) NOT POSSIBLE
NL(1,5) NOT POSSIBLE
Max in loop inf, 0.5667976424361493
AUD TV 0.6167976424361493, ss 4
AG*(2,1) = 64
AG*(2,3) = 31
AG*(2,4) = 44
AG*(2,5) = 66
NL(1,3) NOT POSSIBLE
NL(1,4) NOT POSSIBLE
NL(1,5) NOT POSSIBLE
Max in loop inf, 0.6167976424361493
New mintv = 0.08339882121807465
Sample size required for audit is inf ballots
------------------------------------------------
Assertion set BEFORE filtering:
(1, 'LT', None, (0.03339882121807466, 176))
(1, 'QT', None, 92)
(1, 'MT', None, (0.6167976424361493, 4))
------------------------------------------------
Final set of assertions AFTER filtering:
(1, 'LT', None, (0.03339882121807466, 176))
(1, 'QT', None, 92)
(1, 'MT', None, (0.6167976424361493, 4))
------------------------------------------------
Explanations for AG* inclusion:
------------------------------------------------
