VALID BALLOTS 1627
Winner 4
Winner 8
Computing AG relationships
2 AG 3 = 46
4 AG 3 = 19
4 AG 1 = 39
4 AG 5 = 51
4 AG 6 = 91
8 AG 3 = 26
8 AG 1 = 74
8 AG 5 = 110
7 AG 3 = 37
Ruling out candidates: [(3, 26), (1, 74), (5, 110)]
STAGE 1 ASN (Ruling out candidates): 110
ALTERNATE OUTCOME PAIR: 6,2
   (1) can we show that 4 NL 2?
        a. margin -0.0086047940995706
      no
   (1) can we show that 4 NL 6?
        a. margin 0.063101823396845
      yes, 56, ags used 51 = 56
   (1) can we show that 8 NL 2?
        a. margin -0.08686744519565681
      no
   (1) can we show that 8 NL 6?
        a. margin 0.0012292562999385304
      yes, 55, ags used 91 = 91
   (1) can we show that 7 NL 2?
        a. margin -0.2085638188895721
      no
   (1) can we show that 7 NL 6?
        a. margin 0.02212661339889377
      yes, 196, ags used 91 = 196
      Best assertion(s) require sample: 56

ALTERNATE OUTCOME PAIR: 6,4
   (1) can we show that 2 NL 4?
        a. margin -0.3355869698832199
      no
   (1) can we show that 2 NL 6?
        a. margin -0.10202827289489791
      no
   (1) can we show that 8 NL 4?
        a. margin -0.20938332308953111
      no
   (1) can we show that 8 NL 6?
        a. margin 0.0012292562999383083
      yes, 178, ags used 110 = 178
   (1) can we show that 7 NL 4?
        a. margin -0.3007580413849624
      no
   (1) can we show that 7 NL 6?
        a. margin -0.09342347879532886
      no
      Best assertion(s) require sample: 178

ALTERNATE OUTCOME PAIR: 6,8
   (1) can we show that 2 NL 8?
        a. margin -0.35832821143208304
      no
   (1) can we show that 2 NL 6?
        a. margin 0.002253636549885085
      yes, 1627, ags used 91 = 1627
   (1) can we show that 4 NL 8?
        a. margin -0.10448678549477652
      no
   (1) can we show that 4 NL 6?
        a. margin 0.06965785699651517
      yes, 52, ags used 51 = 52
   (1) can we show that 7 NL 8?
        a. margin -0.3296455644335181
      no
   (1) can we show that 7 NL 6?
        a. margin 0.02745339069862518
      yes, 160, ags used 91 = 160
      Best assertion(s) require sample: 52

ALTERNATE OUTCOME PAIR: 6,7
   (1) can we show that 2 NL 7?
        a. margin -0.21573448063921297
      no
   (1) can we show that 2 NL 6?
        a. margin -1.6653345369377348e-15
      no
   (1) can we show that 4 NL 7?
        a. margin -0.013726695349314366
      no
   (1) can we show that 4 NL 6?
        a. margin 0.06433107969678198
      yes, 55, ags used 51 = 55
   (1) can we show that 8 NL 7?
        a. margin -0.10469166154476495
      no
   (1) can we show that 8 NL 6?
        a. margin 0.0014341323499287295
      yes, 54, ags used 91 = 91
      Best assertion(s) require sample: 55

ALTERNATE OUTCOME PAIR: 2,4
   (1) can we show that 6 NL 4?
        a. margin -0.45318582257734064
      no
   (1) can we show that 6 NL 2?
        a. margin -0.33210407703339506
      no
   (1) can we show that 8 NL 4?
        a. margin -0.20098340503995082
      no
   (1) can we show that 8 NL 2?
        a. margin -0.06740422044662975
      no
   (1) can we show that 7 NL 4?
        a. margin -0.2896947346855152
      no
   (1) can we show that 7 NL 2?
        a. margin -0.17906166769104725
      no

ALTERNATE OUTCOME PAIR: 2,8
   (1) can we show that 6 NL 8?
        a. margin -0.5017414464249128
      no
   (1) can we show that 6 NL 2?
        a. margin -0.34562589633271823
      no
   (1) can we show that 4 NL 8?
        a. margin -0.076213890596189
      no
   (1) can we show that 4 NL 2?
        a. margin 0.001843884449905575
      yes, 174, ags used 91 = 174
   (1) can we show that 7 NL 8?
        a. margin -0.3171481253841426
      no
   (1) can we show that 7 NL 2?
        a. margin -0.19053472649047565
      no
      Best assertion(s) require sample: 174

ALTERNATE OUTCOME PAIR: 2,7
   (1) can we show that 6 NL 7?
        a. margin -0.3486990370825649
      no
   (1) can we show that 6 NL 2?
        a. margin -0.3523868059823799
      no
   (1) can we show that 4 NL 7?
        a. margin 0.011882810899406016
      yes, 350, ags used 91 = 350
   (1) can we show that 4 NL 2?
        a. margin 0.001229256299937198
      yes, 241, ags used 91 = 241
   (1) can we show that 8 NL 7?
        a. margin -0.09547223929522619
      no
   (1) can we show that 8 NL 2?
        a. margin -0.07805777504609657
      no
      Best assertion(s) require sample: 241

ALTERNATE OUTCOME PAIR: 4,7
   (1) can we show that 6 NL 7?
        a. margin -0.33026019258348704
      no
   (1) can we show that 6 NL 4?
        a. margin -0.4519565662774011
      no
   (1) can we show that 2 NL 7?
        a. margin -0.18889571809055405
      no
   (1) can we show that 2 NL 4?
        a. margin -0.3212456463839365
      no
   (1) can we show that 8 NL 7?
        a. margin -0.08358942839582095
      no
   (1) can we show that 8 NL 4?
        a. margin -0.19913952059004347
      no

ALTERNATE OUTCOME PAIR: 8,7
   (1) can we show that 6 NL 7?
        a. margin -0.3454210202827297
      no
   (1) can we show that 6 NL 8?
        a. margin -0.49825855357508575
      no
   (1) can we show that 2 NL 7?
        a. margin -0.20262241343987142
      no
   (1) can we show that 2 NL 8?
        a. margin -0.34193812743290386
      no
   (1) can we show that 4 NL 7?
        a. margin 0.01618520794918843
      yes, 264, ags used 91 = 264
   (1) can we show that 4 NL 8?
        a. margin -0.07416513009629389
      no
      Best assertion(s) require sample: 264

RULE OUT PAIR STAGE ASN 264
------------------------------------------------
Alternate outcome cannot be ruled out: 2,4
Alternate outcome cannot be ruled out: 4,7
Full audit not possible
PARTIAL audit sample size: 264
------------------------------------------------
Final set of assertions generated:
(3, 'AG', 0, 39)
(3, 'AG', 5, 91)
(7, 'AG', 4, 110)
8 NL 6 = 178 [rules out (6, 4), G = {0, 2, 4}, O = set()]
4 NL 7 = 264 [rules out (8, 7), G = {0, 2, 4, 5}, O = set()]

(3, 'AG', 2, 19)
4 NL 2 = 174 [rules out (2, 8), G = {0, 2, 4, 5}, O = set()]
(7, 'AG', 0, 74)
(7, 'AG', 2, 26)
(3, 'AG', 4, 51)
4 NL 2 = 241 [rules out (2, 7), G = {0, 2, 4, 5}, O = set()]
4 NL 6 = 56 [rules out (6, 2), G = {0, 2, 4}, O = set()]
4 NL 6 = 55 [rules out (6, 7), G = {0, 2, 4}, O = set()]
4 NL 6 = 52 [rules out (6, 8), G = {0, 2, 4}, O = set()]
[4] are verified winners with these assertions.
[2, 7, 8] remain as potential winners in this audit.
------------------------------------------------
