VALID BALLOTS 5383
Winner 1
Winner 3
Computing AG relationships
1 AG 8 = 19
1 AG 7 = 23
1 AG 5 = 46
1 AG 4 = 59
6 AG 8 = 120
3 AG 8 = 46
3 AG 7 = 83
3 AG 5 = 93
3 AG 6 = 1507
2 AG 8 = 40
2 AG 7 = 62
2 AG 5 = 977
Ruling out candidates: [(8, 40), (7, 62), (5, 93)]
STAGE 1 ASN (Ruling out candidates): 93
ALTERNATE OUTCOME PAIR: 1,4
   (1) can we show that 6 NL 4?
        a. margin -0.1103473899312658
      no
   (1) can we show that 6 NL 1?
        a. margin -0.30113319710198827
      no
   (1) can we show that 3 NL 4?
        a. margin 0.10607467954672045
      yes, 43, ags used 1507 = 1507
   (1) can we show that 3 NL 1?
        a. margin -0.09610502198278437
      no
   (1) can we show that 2 NL 4?
        a. margin 0.00024769335562524475
      yes, 711, ags used 977 = 977
   (1) can we show that 2 NL 1?
        a. margin -0.15623258406093188
      no
      Best assertion(s) require sample: 977

ALTERNATE OUTCOME PAIR: 1,6
   (1) can we show that 4 NL 6?
        a. margin -0.07659917022725882
      no
   (1) can we show that 4 NL 1?
        a. margin -0.34361260759180057
      no
   (1) can we show that 3 NL 6?
        a. margin 0.00842157409127453
      yes, 256, ags used 93 = 256
   (1) can we show that 3 NL 1?
        a. margin -0.2348752244721033
      no
   (1) can we show that 2 NL 6?
        a. margin 0.04117902037277821
      yes, 111, ags used 1507 = 1507
   (1) can we show that 2 NL 1?
        a. margin -0.15790451421140628
      no
      Best assertion(s) require sample: 256

ALTERNATE OUTCOME PAIR: 1,2
   (1) can we show that 4 NL 2?
        a. margin -0.29351662641649656
      no
   (1) can we show that 4 NL 1?
        a. margin -0.32001981546845015
      no
   (1) can we show that 6 NL 2?
        a. margin -0.2252151836027
      no
   (1) can we show that 6 NL 1?
        a. margin -0.2767354015728528
      no
   (1) can we show that 3 NL 2?
        a. margin -0.016905071521456483
      no
   (1) can we show that 3 NL 1?
        a. margin -0.07201684314818257
      no

ALTERNATE OUTCOME PAIR: 4,6
   (1) can we show that 1 NL 6?
        a. margin 0.16131029785125817
      yes, 28, ags used 1507 = 1507
   (1) can we show that 1 NL 4?
        a. margin 0.08978884141432641
      yes, 47, ags used 46 = 47
   (1) can we show that 3 NL 6?
        a. margin 0.008669267446899331
      yes, 253, ags used 93 = 253
   (1) can we show that 3 NL 4?
        a. margin 0.0565360084215738
      yes, 80, ags used 59 = 80
   (1) can we show that 2 NL 6?
        a. margin 0.04260325716762514
      yes, 107, ags used 1507 = 1507
   (1) can we show that 2 NL 4?
        a. margin 0.039630936900115765
      yes, 105, ags used 62 = 105
      Best assertion(s) require sample: 47

ALTERNATE OUTCOME PAIR: 4,3
   (1) can we show that 1 NL 3?
        a. margin -0.06012756207814918
      no
   (1) can we show that 1 NL 4?
        a. margin 0.09616694532168735
      yes, 44, ags used 46 = 46
   (1) can we show that 6 NL 3?
        a. margin -0.1380890457613465
      no
   (1) can we show that 6 NL 4?
        a. margin -0.011393894358784129
      no
   (1) can we show that 2 NL 3?
        a. margin -0.16527339154127296
      no
   (1) can we show that 2 NL 4?
        a. margin 0.045080190723882696
      yes, 94, ags used 62 = 94
      Best assertion(s) require sample: 46

ALTERNATE OUTCOME PAIR: 4,2
   (1) can we show that 1 NL 2?
        a. margin -0.002167316861727775
      no
   (1) can we show that 1 NL 4?
        a. margin 0.09338039507089912
      yes, 46, ags used 46 = 46
   (1) can we show that 6 NL 2?
        a. margin -0.27023345098767626
      no
   (1) can we show that 6 NL 4?
        a. margin -0.0006811567279716435
      no
   (1) can we show that 3 NL 2?
        a. margin -0.061613722211900424
      no
   (1) can we show that 3 NL 4?
        a. margin 0.0694160629141114
      yes, 65, ags used 59 = 65
      Best assertion(s) require sample: 46

ALTERNATE OUTCOME PAIR: 6,3
   (1) can we show that 1 NL 3?
        a. margin -0.010960430986442282
      no
   (1) can we show that 1 NL 6?
        a. margin 0.0006811567279654263
      yes, 247, ags used 59 = 247
   (1) can we show that 4 NL 3?
        a. margin -0.2599541767292075
      no
   (1) can we show that 4 NL 6?
        a. margin -0.21914669638986706
      no
   (1) can we show that 2 NL 3?
        a. margin -0.12669515140256704
      no
   (1) can we show that 2 NL 6?
        a. margin -0.09567155861044174
      no
      Best assertion(s) require sample: 247

ALTERNATE OUTCOME PAIR: 6,2
   (1) can we show that 1 NL 2?
        a. margin 0.011641587714406487
      yes, 387, ags used 59 = 387
   (1) can we show that 1 NL 6?
        a. margin 0.17388073564926465
      yes, 26, ags used 1507 = 1507
   (1) can we show that 4 NL 2?
        a. margin -0.3319090965384842
      no
   (1) can we show that 4 NL 6?
        a. margin -0.07455570004334577
      no
   (1) can we show that 3 NL 2?
        a. margin -0.20595702520279902
      no
   (1) can we show that 3 NL 6?
        a. margin 0.010403120936281818
      yes, 231, ags used 93 = 231
      Best assertion(s) require sample: 231

ALTERNATE OUTCOME PAIR: 3,2
   (1) can we show that 1 NL 2?
        a. margin 0.0003715400334376451
      yes, 257, ags used 59 = 257
   (1) can we show that 1 NL 3?
        a. margin -0.04489442070716643
      no
   (1) can we show that 4 NL 2?
        a. margin -0.32788407950956777
      no
   (1) can we show that 4 NL 3?
        a. margin -0.29395008978884063
      no
   (1) can we show that 6 NL 2?
        a. margin -0.2786550250789521
      no
   (1) can we show that 6 NL 3?
        a. margin -0.13356864202117658
      no
      Best assertion(s) require sample: 257

RULE OUT PAIR STAGE ASN 977
------------------------------------------------
EXAMINING WAYS TO REDUCE COST OF AUDIT
------------------------------------------------
Alternate outcome cannot be ruled out: 1,2
Full audit not possible
PARTIAL audit sample size: 977
------------------------------------------------
Final set of assertions generated:
(0, 'AG', 4, 46)
(1, 'AG', 7, 40)
1 NL 2 = 257 [rules out (3, 2), G = {3, 4, 6, 7}, O = set()]

1 NL 4 = 47 [rules out (4, 6), G = {4, 6, 7}, O = set()]
(1, 'AG', 4, 977)
(2, 'AG', 6, 83)
(0, 'AG', 7, 19)
(0, 'AG', 6, 23)
(0, 'AG', 3, 59)
1 NL 4 = 46 [rules out (4, 3), G = {4, 6, 7}, O = set()]
(2, 'AG', 7, 46)
(1, 'AG', 6, 62)
3 NL 6 = 256 [rules out (1, 6), G = {4, 6, 7}, O = set()]

(2, 'AG', 4, 93)
3 NL 6 = 231 [rules out (6, 2), G = {4, 6, 7}, O = set()]
1 NL 4 = 46 [rules out (4, 2), G = {4, 6, 7}, O = set()]
2 NL 4 = 977 [rules out (1, 4), G = {4, 6, 7}, O = set()]

1 NL 6 = 247 [rules out (6, 3), G = {3, 4, 6, 7}, O = set()]
[1] are verified winners with these assertions.
[2, 3] remain as potential winners in this audit.
------------------------------------------------
