VALID BALLOTS 3647
111 ballot checks required to assert that first winner has a quota's worth of votes
AUD TV 0.10736434108527132, ss 115
AG*(2,1) = 32
AG*(2,4) = 31
AG*(2,5) = 28
AG*(2,6) = 225
AG*(2,7) = 35
AG*(2,8) = 106
AG*(2,1) = 32
AG*(2,4) = 31
AG*(2,5) = 28
AG*(2,6) = 225
AG*(2,7) = 35
AG*(2,8) = 106
AG*(3,1) = 25
AG*(3,2) = 147
AG*(3,4) = 21
AG*(3,5) = 18
AG*(3,6) = 66
AG*(3,7) = 22
AG*(3,8) = 24
AG*(6,1) = 125
AG*(6,4) = 130
AG*(6,5) = 76
AG*(6,7) = 143
AG*(8,5) = 163
NL(2,5) = 28, AG*'s used 0
NL(2,4) = 31, AG*'s used 28
NL(2,1) = 31, AG*'s used 31
NL(2,7) = 32, AG*'s used 32
NL(2,8) = 72, AG*'s used 35
NL(2,6) = 107, AG*'s used 106
Max in loop 115, 0.10736434108527132
AUD TV 0.1573643410852713, ss 54
AG*(2,1) = 33
AG*(2,4) = 32
AG*(2,5) = 29
AG*(2,6) = 304
AG*(2,7) = 36
AG*(2,8) = 167
AG*(2,1) = 33
AG*(2,4) = 32
AG*(2,5) = 29
AG*(2,6) = 304
AG*(2,7) = 36
AG*(2,8) = 167
AG*(3,1) = 25
AG*(3,2) = 147
AG*(3,4) = 21
AG*(3,5) = 18
AG*(3,6) = 66
AG*(3,7) = 22
AG*(3,8) = 24
AG*(6,1) = 132
AG*(6,4) = 141
AG*(6,5) = 78
AG*(6,7) = 156
AG*(8,5) = 164
NL(2,5) = 29, AG*'s used 0
NL(2,4) = 32, AG*'s used 29
NL(2,1) = 32, AG*'s used 32
NL(2,7) = 32, AG*'s used 33
NL(2,8) = 95, AG*'s used 36
NL(2,6) = 128, AG*'s used 36
Max in loop 128, 0.1573643410852713
Breaking out of inner loop 128 > 115
Sample size to show min tv of 0.02868217054263566 is 215
Sample size required for audit is 115 ballots
------------------------------------------------
Assertion set BEFORE filtering:
(2, 'QT', None, 111)
(2, 'MT', None, (0.10736434108527132, 115))
(1, 'NL', 4, 28)
(1, 'NL', 3, 31)
(1, 'AG*', 7, 106)
(1, 'AG*', 0, 32)
(1, 'NL', 5, 107)
(1, 'NL', 7, 72)
(1, 'AG*', 6, 35)
(1, 'AG*', 4, 28)
(1, 'AG*', 3, 31)
(1, 'NL', 6, 32)
(1, 'NL', 0, 31)
------------------------------------------------
Final set of assertions AFTER filtering:
(2, 'QT', None, 111)
(2, 'MT', None, (0.10736434108527132, 115))
(1, 'NL', 4, 28)
(1, 'NL', 3, 31)
(1, 'AG*', 7, 106)
(1, 'AG*', 0, 32)
(1, 'NL', 5, 107)
(1, 'NL', 7, 72)
(1, 'AG*', 6, 35)
(1, 'AG*', 4, 28)
(1, 'AG*', 3, 31)
(1, 'NL', 6, 32)
(1, 'NL', 0, 31)
------------------------------------------------
Explanations for AG* inclusion:
   Explanation for (1, 'AG*', 7, 106): []
   Explanation for (1, 'AG*', 0, 32): []
   Explanation for (1, 'AG*', 6, 35): []
   Explanation for (1, 'AG*', 4, 28): []
   Explanation for (1, 'AG*', 3, 31): []
------------------------------------------------
