VALID BALLOTS 4241
18 ballot checks required to assert that first winner has a quota's worth of votes
AUD TV 0.3162169174883238, ss 69
AG*(6,4) = 67
AG*(6,5) = 102
AG*(1,2) = 66
AG*(1,3) = 25
AG*(1,4) = 20
AG*(1,5) = 16
AG*(1,6) = 77
AG*(2,4) = 93
AG*(2,5) = 184
AG*(6,4) = 67
AG*(6,5) = 102
NL(6,4) = 67, AG*'s used 0
NL(6,5) = 87, AG*'s used 67
NL(6,3) NOT POSSIBLE
NL(6,2) NOT POSSIBLE
Max in loop inf, 0.3162169174883238
AUD TV 0.3662169174883238, ss 31
AG*(6,4) = 71
AG*(6,5) = 124
AG*(1,2) = 66
AG*(1,3) = 25
AG*(1,4) = 20
AG*(1,5) = 16
AG*(1,6) = 77
AG*(2,4) = 101
AG*(2,5) = 276
AG*(6,4) = 71
AG*(6,5) = 124
NL(6,4) = 71, AG*'s used 0
NL(6,5) = 103, AG*'s used 71
NL(6,3) NOT POSSIBLE
NL(6,2) NOT POSSIBLE
Max in loop inf, 0.3662169174883238
AUD TV 0.4162169174883238, ss 19
AG*(6,4) = 75
AG*(6,5) = 160
AG*(1,2) = 66
AG*(1,3) = 25
AG*(1,4) = 20
AG*(1,5) = 16
AG*(1,6) = 77
AG*(2,4) = 110
AG*(2,5) = 703
AG*(6,4) = 75
AG*(6,5) = 160
NL(6,4) = 75, AG*'s used 0
NL(6,5) = 127, AG*'s used 75
NL(6,3) NOT POSSIBLE
NL(6,2) NOT POSSIBLE
Max in loop inf, 0.4162169174883238
AUD TV 0.4662169174883238, ss 13
AG*(6,4) = 79
AG*(6,5) = 225
AG*(1,2) = 66
AG*(1,3) = 25
AG*(1,4) = 20
AG*(1,5) = 16
AG*(1,6) = 77
AG*(2,4) = 120
AG*(6,4) = 79
AG*(6,5) = 225
NL(6,4) = 79, AG*'s used 0
NL(6,5) = 164, AG*'s used 79
NL(6,3) NOT POSSIBLE
NL(6,2) NOT POSSIBLE
Max in loop inf, 0.4662169174883238
AUD TV 0.5162169174883238, ss 9
AG*(6,4) = 85
AG*(6,5) = 377
AG*(1,2) = 66
AG*(1,3) = 25
AG*(1,4) = 20
AG*(1,5) = 16
AG*(1,6) = 77
AG*(2,4) = 133
AG*(6,4) = 85
AG*(6,5) = 377
NL(6,4) = 85, AG*'s used 0
NL(6,5) = 233, AG*'s used 85
NL(6,3) NOT POSSIBLE
NL(6,2) NOT POSSIBLE
Max in loop inf, 0.5162169174883238
AUD TV 0.5662169174883238, ss 7
AG*(6,4) = 91
AG*(6,5) = 2068
AG*(1,2) = 66
AG*(1,3) = 25
AG*(1,4) = 20
AG*(1,5) = 16
AG*(1,6) = 77
AG*(2,4) = 149
AG*(6,4) = 91
AG*(6,5) = 2068
NL(6,4) = 91, AG*'s used 0
NL(6,5) = 399, AG*'s used 91
NL(6,3) NOT POSSIBLE
NL(6,2) NOT POSSIBLE
Max in loop inf, 0.5662169174883238
AUD TV 0.6162169174883239, ss 5
AG*(6,4) = 98
AG*(1,2) = 66
AG*(1,3) = 25
AG*(1,4) = 20
AG*(1,5) = 16
AG*(1,6) = 77
AG*(2,4) = 170
AG*(6,4) = 98
NL(6,4) = 98, AG*'s used 0
NL(6,5) = 309, AG*'s used 703
NL(6,3) NOT POSSIBLE
NL(6,2) NOT POSSIBLE
Max in loop inf, 0.6162169174883239
AUD TV 0.6662169174883239, ss 3
AG*(6,4) = 106
AG*(1,2) = 66
AG*(1,3) = 25
AG*(1,4) = 20
AG*(1,5) = 16
AG*(1,6) = 77
AG*(2,4) = 197
AG*(6,4) = 106
NL(6,4) = 106, AG*'s used 0
NL(6,5) = 866, AG*'s used 703
NL(6,3) NOT POSSIBLE
NL(6,2) NOT POSSIBLE
Max in loop inf, 0.6662169174883239
Sample size to show min tv of 0.1331084587441619 is 32
AUD TV 0.3162169174883238, ss 69
AG*(6,4) = 65
AG*(6,5) = 97
AG*(1,2) = 66
AG*(1,3) = 25
AG*(1,4) = 20
AG*(1,5) = 16
AG*(1,6) = 77
AG*(2,4) = 90
AG*(2,5) = 172
AG*(6,4) = 65
AG*(6,5) = 97
NL(6,4) = 65, AG*'s used 0
NL(6,5) = 84, AG*'s used 65
NL(6,3) NOT POSSIBLE
NL(6,2) NOT POSSIBLE
Max in loop inf, 0.3162169174883238
AUD TV 0.3662169174883238, ss 31
AG*(6,4) = 68
AG*(6,5) = 118
AG*(1,2) = 66
AG*(1,3) = 25
AG*(1,4) = 20
AG*(1,5) = 16
AG*(1,6) = 77
AG*(2,4) = 97
AG*(2,5) = 251
AG*(6,4) = 68
AG*(6,5) = 118
NL(6,4) = 68, AG*'s used 0
NL(6,5) = 98, AG*'s used 68
NL(6,3) NOT POSSIBLE
NL(6,2) NOT POSSIBLE
Max in loop inf, 0.3662169174883238
AUD TV 0.4162169174883238, ss 19
AG*(6,4) = 72
AG*(6,5) = 150
AG*(1,2) = 66
AG*(1,3) = 25
AG*(1,4) = 20
AG*(1,5) = 16
AG*(1,6) = 77
AG*(2,4) = 105
AG*(2,5) = 523
AG*(6,4) = 72
AG*(6,5) = 150
NL(6,4) = 72, AG*'s used 0
NL(6,5) = 120, AG*'s used 72
NL(6,3) NOT POSSIBLE
NL(6,2) NOT POSSIBLE
Max in loop inf, 0.4162169174883238
AUD TV 0.4662169174883238, ss 13
AG*(6,4) = 77
AG*(6,5) = 205
AG*(1,2) = 66
AG*(1,3) = 25
AG*(1,4) = 20
AG*(1,5) = 16
AG*(1,6) = 77
AG*(2,4) = 115
AG*(2,5) = 4241
AG*(6,4) = 77
AG*(6,5) = 205
NL(6,4) = 77, AG*'s used 0
NL(6,5) = 153, AG*'s used 77
NL(6,3) NOT POSSIBLE
NL(6,2) NOT POSSIBLE
Max in loop inf, 0.4662169174883238
AUD TV 0.5162169174883238, ss 9
AG*(6,4) = 82
AG*(6,5) = 324
AG*(1,2) = 66
AG*(1,3) = 25
AG*(1,4) = 20
AG*(1,5) = 16
AG*(1,6) = 77
AG*(2,4) = 127
AG*(6,4) = 82
AG*(6,5) = 324
NL(6,4) = 82, AG*'s used 0
NL(6,5) = 210, AG*'s used 82
NL(6,3) NOT POSSIBLE
NL(6,2) NOT POSSIBLE
Max in loop inf, 0.5162169174883238
AUD TV 0.5662169174883238, ss 7
AG*(6,4) = 87
AG*(6,5) = 982
AG*(1,2) = 66
AG*(1,3) = 25
AG*(1,4) = 20
AG*(1,5) = 16
AG*(1,6) = 77
AG*(2,4) = 142
AG*(6,4) = 87
AG*(6,5) = 982
NL(6,4) = 87, AG*'s used 0
NL(6,5) = 338, AG*'s used 87
NL(6,3) NOT POSSIBLE
NL(6,2) NOT POSSIBLE
Max in loop inf, 0.5662169174883238
AUD TV 0.6162169174883239, ss 5
AG*(6,4) = 94
AG*(1,2) = 66
AG*(1,3) = 25
AG*(1,4) = 20
AG*(1,5) = 16
AG*(1,6) = 77
AG*(2,4) = 160
AG*(6,4) = 94
NL(6,4) = 94, AG*'s used 0
NL(6,5) = 1311, AG*'s used 94
NL(6,3) NOT POSSIBLE
NL(6,2) NOT POSSIBLE
Max in loop inf, 0.6162169174883239
AUD TV 0.6662169174883239, ss 3
AG*(6,4) = 102
AG*(1,2) = 66
AG*(1,3) = 25
AG*(1,4) = 20
AG*(1,5) = 16
AG*(1,6) = 77
AG*(2,4) = 184
AG*(6,4) = 102
NL(6,4) = 102, AG*'s used 0
NL(6,5) = 661, AG*'s used 4241
NL(6,3) NOT POSSIBLE
NL(6,2) NOT POSSIBLE
Max in loop inf, 0.6662169174883239
New mintv = 0.18310845874416193
Sample size to show min tv of 0.18310845874416193 is 49
AUD TV 0.3162169174883238, ss 69
AG*(6,4) = 64
AG*(6,5) = 96
AG*(1,2) = 66
AG*(1,3) = 25
AG*(1,4) = 20
AG*(1,5) = 16
AG*(1,6) = 77
AG*(2,4) = 89
AG*(2,5) = 168
AG*(3,5) = 4241
AG*(6,4) = 64
AG*(6,5) = 96
NL(6,4) = 64, AG*'s used 0
NL(6,5) = 82, AG*'s used 64
NL(6,3) NOT POSSIBLE
NL(6,2) NOT POSSIBLE
Max in loop inf, 0.3162169174883238
AUD TV 0.3662169174883238, ss 31
AG*(6,4) = 68
AG*(6,5) = 116
AG*(1,2) = 66
AG*(1,3) = 25
AG*(1,4) = 20
AG*(1,5) = 16
AG*(1,6) = 77
AG*(2,4) = 96
AG*(2,5) = 242
AG*(6,4) = 68
AG*(6,5) = 116
NL(6,4) = 68, AG*'s used 0
NL(6,5) = 97, AG*'s used 68
NL(6,3) NOT POSSIBLE
NL(6,2) NOT POSSIBLE
Max in loop inf, 0.3662169174883238
AUD TV 0.4162169174883238, ss 19
AG*(6,4) = 71
AG*(6,5) = 146
AG*(1,2) = 66
AG*(1,3) = 25
AG*(1,4) = 20
AG*(1,5) = 16
AG*(1,6) = 77
AG*(2,4) = 104
AG*(2,5) = 492
AG*(6,4) = 71
AG*(6,5) = 146
NL(6,4) = 71, AG*'s used 0
NL(6,5) = 117, AG*'s used 71
NL(6,3) NOT POSSIBLE
NL(6,2) NOT POSSIBLE
Max in loop inf, 0.4162169174883238
AUD TV 0.4662169174883238, ss 13
AG*(6,4) = 76
AG*(6,5) = 198
AG*(1,2) = 66
AG*(1,3) = 25
AG*(1,4) = 20
AG*(1,5) = 16
AG*(1,6) = 77
AG*(2,4) = 113
AG*(2,5) = 4241
AG*(6,4) = 76
AG*(6,5) = 198
NL(6,4) = 76, AG*'s used 0
NL(6,5) = 149, AG*'s used 76
NL(6,3) NOT POSSIBLE
NL(6,2) NOT POSSIBLE
Max in loop inf, 0.4662169174883238
AUD TV 0.5162169174883238, ss 9
AG*(6,4) = 81
AG*(6,5) = 307
AG*(1,2) = 66
AG*(1,3) = 25
AG*(1,4) = 20
AG*(1,5) = 16
AG*(1,6) = 77
AG*(2,4) = 125
AG*(6,4) = 81
AG*(6,5) = 307
NL(6,4) = 81, AG*'s used 0
NL(6,5) = 203, AG*'s used 81
NL(6,3) NOT POSSIBLE
NL(6,2) NOT POSSIBLE
Max in loop inf, 0.5162169174883238
AUD TV 0.5662169174883238, ss 7
AG*(6,4) = 86
AG*(6,5) = 873
AG*(1,2) = 66
AG*(1,3) = 25
AG*(1,4) = 20
AG*(1,5) = 16
AG*(1,6) = 77
AG*(2,4) = 139
AG*(6,4) = 86
AG*(6,5) = 873
NL(6,4) = 86, AG*'s used 0
NL(6,5) = 319, AG*'s used 86
NL(6,3) NOT POSSIBLE
NL(6,2) NOT POSSIBLE
Max in loop inf, 0.5662169174883238
AUD TV 0.6162169174883239, ss 5
AG*(6,4) = 93
AG*(1,2) = 66
AG*(1,3) = 25
AG*(1,4) = 20
AG*(1,5) = 16
AG*(1,6) = 77
AG*(2,4) = 156
AG*(6,4) = 93
NL(6,4) = 93, AG*'s used 0
NL(6,5) = 949, AG*'s used 93
NL(6,3) NOT POSSIBLE
NL(6,2) NOT POSSIBLE
Max in loop inf, 0.6162169174883239
AUD TV 0.6662169174883239, ss 3
AG*(6,4) = 100
AG*(1,2) = 66
AG*(1,3) = 25
AG*(1,4) = 20
AG*(1,5) = 16
AG*(1,6) = 77
AG*(2,4) = 179
AG*(6,4) = 100
NL(6,4) = 100, AG*'s used 0
NL(6,5) = 51, AG*'s used 4241
NL(6,3) NOT POSSIBLE
NL(6,2) NOT POSSIBLE
Max in loop inf, 0.6662169174883239
New mintv = 0.23310845874416192
Sample size to show min tv of 0.23310845874416192 is 116
AUD TV 0.3162169174883238, ss 69
AG*(6,4) = 63
AG*(6,5) = 94
AG*(1,2) = 66
AG*(1,3) = 25
AG*(1,4) = 20
AG*(1,5) = 16
AG*(1,6) = 77
AG*(2,4) = 88
AG*(2,5) = 165
AG*(3,5) = 717
AG*(6,4) = 63
AG*(6,5) = 94
NL(6,4) = 63, AG*'s used 0
NL(6,5) = 81, AG*'s used 63
NL(6,3) NOT POSSIBLE
NL(6,2) NOT POSSIBLE
Max in loop inf, 0.3162169174883238
AUD TV 0.3662169174883238, ss 31
AG*(6,4) = 67
AG*(6,5) = 113
AG*(1,2) = 66
AG*(1,3) = 25
AG*(1,4) = 20
AG*(1,5) = 16
AG*(1,6) = 77
AG*(2,4) = 95
AG*(2,5) = 235
AG*(3,5) = 3649
AG*(6,4) = 67
AG*(6,5) = 113
NL(6,4) = 67, AG*'s used 0
NL(6,5) = 95, AG*'s used 67
NL(6,3) NOT POSSIBLE
NL(6,2) NOT POSSIBLE
Max in loop inf, 0.3662169174883238
AUD TV 0.4162169174883238, ss 19
AG*(6,4) = 71
AG*(6,5) = 143
AG*(1,2) = 66
AG*(1,3) = 25
AG*(1,4) = 20
AG*(1,5) = 16
AG*(1,6) = 77
AG*(2,4) = 102
AG*(2,5) = 408
AG*(6,4) = 71
AG*(6,5) = 143
NL(6,4) = 71, AG*'s used 0
NL(6,5) = 115, AG*'s used 71
NL(6,3) NOT POSSIBLE
NL(6,2) NOT POSSIBLE
Max in loop inf, 0.4162169174883238
AUD TV 0.4662169174883238, ss 13
AG*(6,4) = 75
AG*(6,5) = 192
AG*(1,2) = 66
AG*(1,3) = 25
AG*(1,4) = 20
AG*(1,5) = 16
AG*(1,6) = 77
AG*(2,4) = 112
AG*(2,5) = 2872
AG*(6,4) = 75
AG*(6,5) = 192
NL(6,4) = 75, AG*'s used 0
NL(6,5) = 145, AG*'s used 75
NL(6,3) NOT POSSIBLE
NL(6,2) NOT POSSIBLE
Max in loop inf, 0.4662169174883238
AUD TV 0.5162169174883238, ss 9
AG*(6,4) = 80
AG*(6,5) = 293
AG*(1,2) = 66
AG*(1,3) = 25
AG*(1,4) = 20
AG*(1,5) = 16
AG*(1,6) = 77
AG*(2,4) = 123
AG*(6,4) = 80
AG*(6,5) = 293
NL(6,4) = 80, AG*'s used 0
NL(6,5) = 196, AG*'s used 80
NL(6,3) NOT POSSIBLE
NL(6,2) NOT POSSIBLE
Max in loop inf, 0.5162169174883238
AUD TV 0.5662169174883238, ss 7
AG*(6,4) = 85
AG*(6,5) = 785
AG*(1,2) = 66
AG*(1,3) = 25
AG*(1,4) = 20
AG*(1,5) = 16
AG*(1,6) = 77
AG*(2,4) = 136
AG*(6,4) = 85
AG*(6,5) = 785
NL(6,4) = 85, AG*'s used 0
NL(6,5) = 302, AG*'s used 85
NL(6,3) NOT POSSIBLE
NL(6,2) NOT POSSIBLE
Max in loop inf, 0.5662169174883238
AUD TV 0.6162169174883239, ss 5
AG*(6,4) = 91
AG*(1,2) = 66
AG*(1,3) = 25
AG*(1,4) = 20
AG*(1,5) = 16
AG*(1,6) = 77
AG*(2,4) = 153
AG*(6,4) = 91
NL(6,4) = 91, AG*'s used 0
NL(6,5) = 842, AG*'s used 91
NL(6,3) NOT POSSIBLE
NL(6,2) NOT POSSIBLE
Max in loop inf, 0.6162169174883239
AUD TV 0.6662169174883239, ss 3
AG*(6,4) = 98
AG*(1,2) = 66
AG*(1,3) = 25
AG*(1,4) = 20
AG*(1,5) = 16
AG*(1,6) = 77
AG*(2,4) = 175
AG*(6,4) = 98
NL(6,4) = 98, AG*'s used 0
NL(6,5) = 501, AG*'s used 2872
NL(6,3) NOT POSSIBLE
NL(6,2) NOT POSSIBLE
Max in loop inf, 0.6662169174883239
New mintv = 0.2831084587441619
Sample size required for audit is inf ballots
------------------------------------------------
Assertion set BEFORE filtering:
(0, 'LT', None, (0.23310845874416192, 116))
(0, 'QT', None, 18)
(1, 'AG', 4, 2872)
(2, 'AG', 4, 3649)
(5, 'AG*', 4, 785)
(5, 'NL', 3, 98)
(0, 'MT', None, (0.6662169174883239, 3))
(5, 'NL', 4, 2872)
(5, 'AG*', 3, 98)
------------------------------------------------
Final set of assertions AFTER filtering:
(0, 'LT', None, (0.23310845874416192, 116))
(0, 'QT', None, 18)
(1, 'AG', 4, 2872)
(2, 'AG', 4, 3649)
(5, 'AG*', 4, 785)
(5, 'NL', 3, 98)
(0, 'MT', None, (0.6662169174883239, 3))
(5, 'NL', 4, 2872)
(5, 'AG*', 3, 98)
------------------------------------------------
Explanations for AG* inclusion:
   Explanation for (1, 'AG', 4, 2872): []
   Explanation for (2, 'AG', 4, 3649): []
   Explanation for (5, 'AG*', 4, 785): []
   Explanation for (5, 'AG*', 3, 98): []
------------------------------------------------
