VALID BALLOTS 6973
172 ballot checks required to assert that first winner has a quota's worth of votes
AUD TV 0.08806371534960696, ss 121
AG*(4,2) = 41
AG*(4,3) = 36
AG*(4,6) = 54
AG*(4,7) = 62
AG*(1,2) = 301
AG*(1,3) = 130
AG*(1,7) = 87
AG*(4,2) = 41
AG*(4,3) = 36
AG*(4,6) = 54
AG*(4,7) = 62
AG*(5,7) = 589
AG*(8,1) = 67
AG*(8,2) = 20
AG*(8,3) = 18
AG*(8,4) = 72
AG*(8,5) = 59
AG*(8,6) = 23
AG*(8,7) = 24
NL(4,3) = 36, AG*'s used 0
NL(4,7) = 50, AG*'s used 54
NL(4,2) = 41, AG*'s used 36
NL(4,6) = 49, AG*'s used 41
NL(4,5) NOT POSSIBLE
NL(4,1) NOT POSSIBLE
Max in loop inf, 0.08806371534960696
AUD TV 0.13806371534960696, ss 57
AG*(4,2) = 43
AG*(4,3) = 36
AG*(4,6) = 57
AG*(4,7) = 65
AG*(1,2) = 536
AG*(1,3) = 143
AG*(1,7) = 92
AG*(4,2) = 43
AG*(4,3) = 36
AG*(4,6) = 57
AG*(4,7) = 65
AG*(5,7) = 842
AG*(8,1) = 67
AG*(8,2) = 20
AG*(8,3) = 18
AG*(8,4) = 72
AG*(8,5) = 59
AG*(8,6) = 23
AG*(8,7) = 24
NL(4,3) = 36, AG*'s used 0
NL(4,7) = 52, AG*'s used 57
NL(4,2) = 42, AG*'s used 36
NL(4,6) = 50, AG*'s used 43
NL(4,5) NOT POSSIBLE
NL(4,1) NOT POSSIBLE
Max in loop inf, 0.13806371534960696
AUD TV 0.18806371534960697, ss 35
AG*(4,2) = 44
AG*(4,3) = 37
AG*(4,6) = 59
AG*(4,7) = 67
AG*(1,2) = 873
AG*(1,3) = 160
AG*(1,7) = 98
AG*(4,2) = 44
AG*(4,3) = 37
AG*(4,6) = 59
AG*(4,7) = 67
AG*(5,7) = 1797
AG*(8,1) = 67
AG*(8,2) = 20
AG*(8,3) = 18
AG*(8,4) = 72
AG*(8,5) = 59
AG*(8,6) = 23
AG*(8,7) = 24
NL(4,3) = 37, AG*'s used 0
NL(4,7) = 54, AG*'s used 59
NL(4,2) = 43, AG*'s used 37
NL(4,6) = 52, AG*'s used 44
NL(4,5) NOT POSSIBLE
NL(4,1) NOT POSSIBLE
Max in loop inf, 0.18806371534960697
AUD TV 0.23806371534960696, ss 25
AG*(4,2) = 45
AG*(4,3) = 37
AG*(4,6) = 62
AG*(4,7) = 70
AG*(1,2) = 5497
AG*(1,3) = 180
AG*(1,7) = 105
AG*(4,2) = 45
AG*(4,3) = 37
AG*(4,6) = 62
AG*(4,7) = 70
AG*(5,7) = 6973
AG*(8,1) = 67
AG*(8,2) = 20
AG*(8,3) = 18
AG*(8,4) = 72
AG*(8,5) = 59
AG*(8,6) = 23
AG*(8,7) = 24
NL(4,3) = 37, AG*'s used 0
NL(4,7) = 61, AG*'s used 45
NL(4,2) = 45, AG*'s used 37
NL(4,6) = 55, AG*'s used 45
NL(4,5) NOT POSSIBLE
NL(4,1) NOT POSSIBLE
Max in loop inf, 0.23806371534960696
AUD TV 0.28806371534960695, ss 18
AG*(4,2) = 47
AG*(4,3) = 38
AG*(4,6) = 65
AG*(4,7) = 73
AG*(1,3) = 207
AG*(1,7) = 112
AG*(4,2) = 47
AG*(4,3) = 38
AG*(4,6) = 65
AG*(4,7) = 73
AG*(8,1) = 67
AG*(8,2) = 20
AG*(8,3) = 18
AG*(8,4) = 72
AG*(8,5) = 59
AG*(8,6) = 23
AG*(8,7) = 24
NL(4,3) = 38, AG*'s used 0
NL(4,7) = 63, AG*'s used 47
NL(4,2) = 46, AG*'s used 38
NL(4,6) = 57, AG*'s used 47
NL(4,5) NOT POSSIBLE
NL(4,1) NOT POSSIBLE
Max in loop inf, 0.28806371534960695
AUD TV 0.33806371534960694, ss 14
AG*(4,2) = 49
AG*(4,3) = 39
AG*(4,6) = 68
AG*(4,7) = 77
AG*(1,3) = 244
AG*(1,7) = 121
AG*(4,2) = 49
AG*(4,3) = 39
AG*(4,6) = 68
AG*(4,7) = 77
AG*(8,1) = 67
AG*(8,2) = 20
AG*(8,3) = 18
AG*(8,4) = 72
AG*(8,5) = 59
AG*(8,6) = 23
AG*(8,7) = 24
NL(4,3) = 39, AG*'s used 0
NL(4,7) = 66, AG*'s used 49
NL(4,2) = 48, AG*'s used 39
NL(4,6) = 59, AG*'s used 49
NL(4,5) NOT POSSIBLE
NL(4,1) NOT POSSIBLE
Max in loop inf, 0.33806371534960694
AUD TV 0.38806371534960693, ss 11
AG*(4,2) = 50
AG*(4,3) = 40
AG*(4,6) = 72
AG*(4,7) = 81
AG*(1,3) = 296
AG*(1,7) = 131
AG*(4,2) = 50
AG*(4,3) = 40
AG*(4,6) = 72
AG*(4,7) = 81
AG*(8,1) = 67
AG*(8,2) = 20
AG*(8,3) = 18
AG*(8,4) = 72
AG*(8,5) = 59
AG*(8,6) = 23
AG*(8,7) = 24
NL(4,3) = 40, AG*'s used 0
NL(4,7) = 69, AG*'s used 50
NL(4,2) = 49, AG*'s used 40
NL(4,6) = 62, AG*'s used 50
NL(4,5) NOT POSSIBLE
NL(4,1) NOT POSSIBLE
Max in loop inf, 0.38806371534960693
AUD TV 0.4380637153496069, ss 9
AG*(4,2) = 52
AG*(4,3) = 40
AG*(4,6) = 76
AG*(4,7) = 85
AG*(1,3) = 429
AG*(1,7) = 143
AG*(4,2) = 52
AG*(4,3) = 40
AG*(4,6) = 76
AG*(4,7) = 85
AG*(8,1) = 67
AG*(8,2) = 20
AG*(8,3) = 18
AG*(8,4) = 72
AG*(8,5) = 59
AG*(8,6) = 23
AG*(8,7) = 24
NL(4,3) = 40, AG*'s used 0
NL(4,7) = 72, AG*'s used 52
NL(4,2) = 51, AG*'s used 40
NL(4,6) = 65, AG*'s used 52
NL(4,5) NOT POSSIBLE
NL(4,1) NOT POSSIBLE
Max in loop inf, 0.4380637153496069
AUD TV 0.4880637153496069, ss 7
AG*(4,2) = 54
AG*(4,3) = 41
AG*(4,6) = 81
AG*(4,7) = 90
AG*(1,3) = 660
AG*(1,7) = 158
AG*(4,2) = 54
AG*(4,3) = 41
AG*(4,6) = 81
AG*(4,7) = 90
AG*(8,1) = 67
AG*(8,2) = 20
AG*(8,3) = 18
AG*(8,4) = 72
AG*(8,5) = 59
AG*(8,6) = 23
AG*(8,7) = 24
NL(4,3) = 41, AG*'s used 0
NL(4,7) = 75, AG*'s used 54
NL(4,2) = 53, AG*'s used 41
NL(4,6) = 69, AG*'s used 54
NL(4,5) NOT POSSIBLE
NL(4,1) NOT POSSIBLE
Max in loop inf, 0.4880637153496069
AUD TV 0.538063715349607, ss 5
AG*(4,2) = 56
AG*(4,3) = 42
AG*(4,6) = 86
AG*(4,7) = 95
AG*(1,3) = 1047
AG*(1,7) = 175
AG*(4,2) = 56
AG*(4,3) = 42
AG*(4,6) = 86
AG*(4,7) = 95
AG*(8,1) = 67
AG*(8,2) = 20
AG*(8,3) = 18
AG*(8,4) = 72
AG*(8,5) = 59
AG*(8,6) = 23
AG*(8,7) = 24
NL(4,3) = 42, AG*'s used 0
NL(4,7) = 79, AG*'s used 56
NL(4,2) = 55, AG*'s used 42
NL(4,6) = 72, AG*'s used 56
NL(4,5) NOT POSSIBLE
NL(4,1) NOT POSSIBLE
Max in loop inf, 0.538063715349607
AUD TV 0.588063715349607, ss 4
AG*(4,2) = 59
AG*(4,3) = 43
AG*(4,6) = 92
AG*(4,7) = 101
AG*(1,3) = 6231
AG*(1,7) = 198
AG*(4,2) = 59
AG*(4,3) = 43
AG*(4,6) = 92
AG*(4,7) = 101
AG*(8,1) = 67
AG*(8,2) = 20
AG*(8,3) = 18
AG*(8,4) = 72
AG*(8,5) = 59
AG*(8,6) = 23
AG*(8,7) = 24
NL(4,3) = 43, AG*'s used 0
NL(4,7) = 83, AG*'s used 59
NL(4,2) = 57, AG*'s used 43
NL(4,6) = 77, AG*'s used 59
NL(4,5) NOT POSSIBLE
NL(4,1) NOT POSSIBLE
Max in loop inf, 0.588063715349607
AUD TV 0.638063715349607, ss 3
AG*(4,2) = 61
AG*(4,3) = 44
AG*(4,6) = 98
AG*(4,7) = 108
AG*(1,7) = 226
AG*(4,2) = 61
AG*(4,3) = 44
AG*(4,6) = 98
AG*(4,7) = 108
AG*(8,1) = 67
AG*(8,2) = 20
AG*(8,3) = 18
AG*(8,4) = 72
AG*(8,5) = 59
AG*(8,6) = 23
AG*(8,7) = 24
NL(4,3) = 44, AG*'s used 0
NL(4,7) = 88, AG*'s used 61
NL(4,2) = 60, AG*'s used 44
NL(4,6) = 81, AG*'s used 61
NL(4,5) NOT POSSIBLE
NL(4,1) NOT POSSIBLE
Max in loop inf, 0.638063715349607
Sample size to show min tv of 0.019031857674803476 is 387
AUD TV 0.08806371534960696, ss 121
AG*(4,2) = 40
AG*(4,3) = 35
AG*(4,6) = 53
AG*(4,7) = 60
AG*(1,2) = 288
AG*(1,3) = 127
AG*(1,7) = 86
AG*(4,2) = 40
AG*(4,3) = 35
AG*(4,6) = 53
AG*(4,7) = 60
AG*(5,7) = 565
AG*(8,1) = 67
AG*(8,2) = 20
AG*(8,3) = 18
AG*(8,4) = 72
AG*(8,5) = 59
AG*(8,6) = 23
AG*(8,7) = 24
NL(4,3) = 35, AG*'s used 0
NL(4,7) = 49, AG*'s used 53
NL(4,2) = 40, AG*'s used 35
NL(4,6) = 47, AG*'s used 40
NL(4,5) NOT POSSIBLE
NL(4,1) NOT POSSIBLE
Max in loop inf, 0.08806371534960696
AUD TV 0.13806371534960696, ss 57
AG*(4,2) = 42
AG*(4,3) = 35
AG*(4,6) = 55
AG*(4,7) = 63
AG*(1,2) = 506
AG*(1,3) = 140
AG*(1,7) = 91
AG*(4,2) = 42
AG*(4,3) = 35
AG*(4,6) = 55
AG*(4,7) = 63
AG*(5,7) = 793
AG*(8,1) = 67
AG*(8,2) = 20
AG*(8,3) = 18
AG*(8,4) = 72
AG*(8,5) = 59
AG*(8,6) = 23
AG*(8,7) = 24
NL(4,3) = 35, AG*'s used 0
NL(4,7) = 50, AG*'s used 55
NL(4,2) = 41, AG*'s used 35
NL(4,6) = 49, AG*'s used 42
NL(4,5) NOT POSSIBLE
NL(4,1) NOT POSSIBLE
Max in loop inf, 0.13806371534960696
AUD TV 0.18806371534960697, ss 35
AG*(4,2) = 43
AG*(4,3) = 36
AG*(4,6) = 57
AG*(4,7) = 65
AG*(1,2) = 796
AG*(1,3) = 156
AG*(1,7) = 97
AG*(4,2) = 43
AG*(4,3) = 36
AG*(4,6) = 57
AG*(4,7) = 65
AG*(5,7) = 1621
AG*(8,1) = 67
AG*(8,2) = 20
AG*(8,3) = 18
AG*(8,4) = 72
AG*(8,5) = 59
AG*(8,6) = 23
AG*(8,7) = 24
NL(4,3) = 36, AG*'s used 0
NL(4,7) = 52, AG*'s used 57
NL(4,2) = 42, AG*'s used 36
NL(4,6) = 51, AG*'s used 43
NL(4,5) NOT POSSIBLE
NL(4,1) NOT POSSIBLE
Max in loop inf, 0.18806371534960697
AUD TV 0.23806371534960696, ss 25
AG*(4,2) = 44
AG*(4,3) = 37
AG*(4,6) = 60
AG*(4,7) = 68
AG*(1,2) = 2950
AG*(1,3) = 176
AG*(1,7) = 103
AG*(4,2) = 44
AG*(4,3) = 37
AG*(4,6) = 60
AG*(4,7) = 68
AG*(5,7) = 6973
AG*(8,1) = 67
AG*(8,2) = 20
AG*(8,3) = 18
AG*(8,4) = 72
AG*(8,5) = 59
AG*(8,6) = 23
AG*(8,7) = 24
NL(4,3) = 37, AG*'s used 0
NL(4,7) = 59, AG*'s used 44
NL(4,2) = 44, AG*'s used 37
NL(4,6) = 53, AG*'s used 44
NL(4,5) NOT POSSIBLE
NL(4,1) NOT POSSIBLE
Max in loop inf, 0.23806371534960696
AUD TV 0.28806371534960695, ss 18
AG*(4,2) = 46
AG*(4,3) = 37
AG*(4,6) = 63
AG*(4,7) = 71
AG*(1,3) = 201
AG*(1,7) = 110
AG*(4,2) = 46
AG*(4,3) = 37
AG*(4,6) = 63
AG*(4,7) = 71
AG*(8,1) = 67
AG*(8,2) = 20
AG*(8,3) = 18
AG*(8,4) = 72
AG*(8,5) = 59
AG*(8,6) = 23
AG*(8,7) = 24
NL(4,3) = 37, AG*'s used 0
NL(4,7) = 61, AG*'s used 46
NL(4,2) = 45, AG*'s used 37
NL(4,6) = 55, AG*'s used 46
NL(4,5) NOT POSSIBLE
NL(4,1) NOT POSSIBLE
Max in loop inf, 0.28806371534960695
AUD TV 0.33806371534960694, ss 14
AG*(4,2) = 47
AG*(4,3) = 38
AG*(4,6) = 66
AG*(4,7) = 74
AG*(1,3) = 235
AG*(1,7) = 119
AG*(4,2) = 47
AG*(4,3) = 38
AG*(4,6) = 66
AG*(4,7) = 74
AG*(8,1) = 67
AG*(8,2) = 20
AG*(8,3) = 18
AG*(8,4) = 72
AG*(8,5) = 59
AG*(8,6) = 23
AG*(8,7) = 24
NL(4,3) = 38, AG*'s used 0
NL(4,7) = 64, AG*'s used 47
NL(4,2) = 46, AG*'s used 38
NL(4,6) = 58, AG*'s used 47
NL(4,5) NOT POSSIBLE
NL(4,1) NOT POSSIBLE
Max in loop inf, 0.33806371534960694
AUD TV 0.38806371534960693, ss 11
AG*(4,2) = 49
AG*(4,3) = 39
AG*(4,6) = 69
AG*(4,7) = 78
AG*(1,3) = 283
AG*(1,7) = 129
AG*(4,2) = 49
AG*(4,3) = 39
AG*(4,6) = 69
AG*(4,7) = 78
AG*(8,1) = 67
AG*(8,2) = 20
AG*(8,3) = 18
AG*(8,4) = 72
AG*(8,5) = 59
AG*(8,6) = 23
AG*(8,7) = 24
NL(4,3) = 39, AG*'s used 0
NL(4,7) = 66, AG*'s used 49
NL(4,2) = 48, AG*'s used 39
NL(4,6) = 60, AG*'s used 49
NL(4,5) NOT POSSIBLE
NL(4,1) NOT POSSIBLE
Max in loop inf, 0.38806371534960693
AUD TV 0.4380637153496069, ss 9
AG*(4,2) = 51
AG*(4,3) = 39
AG*(4,6) = 73
AG*(4,7) = 82
AG*(1,3) = 407
AG*(1,7) = 140
AG*(4,2) = 51
AG*(4,3) = 39
AG*(4,6) = 73
AG*(4,7) = 82
AG*(8,1) = 67
AG*(8,2) = 20
AG*(8,3) = 18
AG*(8,4) = 72
AG*(8,5) = 59
AG*(8,6) = 23
AG*(8,7) = 24
NL(4,3) = 39, AG*'s used 0
NL(4,7) = 69, AG*'s used 51
NL(4,2) = 50, AG*'s used 39
NL(4,6) = 63, AG*'s used 51
NL(4,5) NOT POSSIBLE
NL(4,1) NOT POSSIBLE
Max in loop inf, 0.4380637153496069
AUD TV 0.4880637153496069, ss 7
AG*(4,2) = 53
AG*(4,3) = 40
AG*(4,6) = 78
AG*(4,7) = 86
AG*(1,3) = 615
AG*(1,7) = 154
AG*(4,2) = 53
AG*(4,3) = 40
AG*(4,6) = 78
AG*(4,7) = 86
AG*(8,1) = 67
AG*(8,2) = 20
AG*(8,3) = 18
AG*(8,4) = 72
AG*(8,5) = 59
AG*(8,6) = 23
AG*(8,7) = 24
NL(4,3) = 40, AG*'s used 0
NL(4,7) = 72, AG*'s used 53
NL(4,2) = 52, AG*'s used 40
NL(4,6) = 66, AG*'s used 53
NL(4,5) NOT POSSIBLE
NL(4,1) NOT POSSIBLE
Max in loop inf, 0.4880637153496069
AUD TV 0.538063715349607, ss 5
AG*(4,2) = 55
AG*(4,3) = 41
AG*(4,6) = 82
AG*(4,7) = 91
AG*(1,3) = 936
AG*(1,7) = 171
AG*(4,2) = 55
AG*(4,3) = 41
AG*(4,6) = 82
AG*(4,7) = 91
AG*(8,1) = 67
AG*(8,2) = 20
AG*(8,3) = 18
AG*(8,4) = 72
AG*(8,5) = 59
AG*(8,6) = 23
AG*(8,7) = 24
NL(4,3) = 41, AG*'s used 0
NL(4,7) = 76, AG*'s used 55
NL(4,2) = 54, AG*'s used 41
NL(4,6) = 70, AG*'s used 55
NL(4,5) NOT POSSIBLE
NL(4,1) NOT POSSIBLE
Max in loop inf, 0.538063715349607
AUD TV 0.588063715349607, ss 4
AG*(4,2) = 57
AG*(4,3) = 42
AG*(4,6) = 88
AG*(4,7) = 96
AG*(1,3) = 3101
AG*(1,7) = 192
AG*(4,2) = 57
AG*(4,3) = 42
AG*(4,6) = 88
AG*(4,7) = 96
AG*(8,1) = 67
AG*(8,2) = 20
AG*(8,3) = 18
AG*(8,4) = 72
AG*(8,5) = 59
AG*(8,6) = 23
AG*(8,7) = 24
NL(4,3) = 42, AG*'s used 0
NL(4,7) = 79, AG*'s used 57
NL(4,2) = 56, AG*'s used 42
NL(4,6) = 73, AG*'s used 57
NL(4,5) NOT POSSIBLE
NL(4,1) NOT POSSIBLE
Max in loop inf, 0.588063715349607
AUD TV 0.638063715349607, ss 3
AG*(4,2) = 60
AG*(4,3) = 43
AG*(4,6) = 94
AG*(4,7) = 103
AG*(1,7) = 219
AG*(4,2) = 60
AG*(4,3) = 43
AG*(4,6) = 94
AG*(4,7) = 103
AG*(8,1) = 67
AG*(8,2) = 20
AG*(8,3) = 18
AG*(8,4) = 72
AG*(8,5) = 59
AG*(8,6) = 23
AG*(8,7) = 24
NL(4,3) = 43, AG*'s used 0
NL(4,7) = 84, AG*'s used 60
NL(4,2) = 58, AG*'s used 43
NL(4,6) = 78, AG*'s used 60
NL(4,5) NOT POSSIBLE
NL(4,1) NOT POSSIBLE
Max in loop inf, 0.638063715349607
New mintv = 0.06903185767480348
Sample size required for audit is inf ballots
------------------------------------------------
Assertion set BEFORE filtering:
(3, 'AG*', 2, 43)
(7, 'QT', None, 172)
(3, 'NL', 5, 78)
(3, 'AG*', 5, 94)
(3, 'NL', 6, 84)
(3, 'NL', 1, 58)
(3, 'AG*', 6, 103)
(3, 'NL', 2, 43)
(7, 'LT', None, (0.019031857674803476, 387))
(7, 'MT', None, (0.638063715349607, 3))
(3, 'AG*', 1, 60)
------------------------------------------------
Final set of assertions AFTER filtering:
(3, 'AG*', 2, 43)
(7, 'QT', None, 172)
(3, 'NL', 5, 78)
(3, 'AG*', 5, 94)
(3, 'NL', 6, 84)
(3, 'NL', 1, 58)
(3, 'AG*', 6, 103)
(3, 'NL', 2, 43)
(7, 'LT', None, (0.019031857674803476, 387))
(7, 'MT', None, (0.638063715349607, 3))
(3, 'AG*', 1, 60)
------------------------------------------------
Explanations for AG* inclusion:
   Explanation for (3, 'AG*', 2, 43): []
   Explanation for (3, 'AG*', 5, 94): []
   Explanation for (3, 'AG*', 6, 103): []
   Explanation for (3, 'AG*', 1, 60): []
------------------------------------------------
