VALID BALLOTS 5471
44 ballot checks required to assert that first winner has a quota's worth of votes
AUD TV 0.1834916864608076, ss 97
AG*(2,1) = 34
AG*(2,3) = 169
AG*(2,5) = 35
AG*(2,7) = 81
AG*(2,8) = 67
AG*(2,9) = 32
AG*(2,1) = 34
AG*(2,3) = 169
AG*(2,5) = 35
AG*(2,7) = 81
AG*(2,8) = 67
AG*(2,9) = 32
AG*(4,1) = 14
AG*(4,2) = 95
AG*(4,3) = 18
AG*(4,5) = 14
AG*(4,6) = 27
AG*(4,7) = 28
AG*(4,8) = 58
AG*(4,9) = 16
AG*(6,1) = 238
AG*(6,5) = 225
AG*(6,9) = 214
AG*(7,9) = 844
AG*(8,1) = 295
AG*(8,5) = 411
AG*(8,9) = 193
NL(2,9) = 32, AG*'s used 0
NL(2,1) = 34, AG*'s used 32
NL(2,5) = 35, AG*'s used 34
NL(2,7) = 32, AG*'s used 67
NL(2,8) = 64, AG*'s used 35
NL(2,3) = 41, AG*'s used 67
Max in loop 97, 0.1834916864608076
AUD TV 0.2334916864608076, ss 45
AG*(2,1) = 35
AG*(2,3) = 224
AG*(2,5) = 36
AG*(2,7) = 88
AG*(2,8) = 69
AG*(2,9) = 33
AG*(2,1) = 35
AG*(2,3) = 224
AG*(2,5) = 36
AG*(2,7) = 88
AG*(2,8) = 69
AG*(2,9) = 33
AG*(4,1) = 14
AG*(4,2) = 95
AG*(4,3) = 18
AG*(4,5) = 14
AG*(4,6) = 27
AG*(4,7) = 28
AG*(4,8) = 58
AG*(4,9) = 16
AG*(6,1) = 260
AG*(6,5) = 253
AG*(6,9) = 220
AG*(7,9) = 1053
AG*(8,1) = 350
AG*(8,5) = 648
AG*(8,9) = 204
NL(2,9) = 33, AG*'s used 0
NL(2,1) = 35, AG*'s used 33
NL(2,5) = 35, AG*'s used 35
NL(2,7) = 33, AG*'s used 69
NL(2,8) = 65, AG*'s used 36
NL(2,3) = 44, AG*'s used 69
Max in loop 69, 0.2334916864608076
AUD TV 0.2834916864608076, ss 28
AG*(2,1) = 36
AG*(2,3) = 331
AG*(2,5) = 37
AG*(2,7) = 96
AG*(2,8) = 70
AG*(2,9) = 33
AG*(2,1) = 36
AG*(2,3) = 331
AG*(2,5) = 37
AG*(2,7) = 96
AG*(2,8) = 70
AG*(2,9) = 33
AG*(4,1) = 14
AG*(4,2) = 95
AG*(4,3) = 18
AG*(4,5) = 14
AG*(4,6) = 27
AG*(4,7) = 28
AG*(4,8) = 58
AG*(4,9) = 16
AG*(6,1) = 288
AG*(6,5) = 289
AG*(6,9) = 228
AG*(7,9) = 1337
AG*(8,1) = 490
AG*(8,5) = 1427
AG*(8,9) = 216
NL(2,9) = 33, AG*'s used 0
NL(2,1) = 36, AG*'s used 33
NL(2,5) = 36, AG*'s used 36
NL(2,7) = 34, AG*'s used 70
NL(2,8) = 67, AG*'s used 37
NL(2,3) = 47, AG*'s used 70
Max in loop 70, 0.2834916864608076
Breaking out of inner loop 70 > 69
Sample size to show min tv of 0.0667458432304038 is 83
Sample size required for audit is 69 ballots
------------------------------------------------
Assertion set BEFORE filtering:
(1, 'NL', 0, 35)
(1, 'NL', 2, 69)
(3, 'MT', None, (0.2334916864608076, 45))
(1, 'NL', 6, 69)
(1, 'NL', 7, 65)
(1, 'AG*', 7, 69)
(1, 'AG*', 8, 33)
(1, 'NL', 4, 35)
(1, 'AG*', 0, 35)
(3, 'QT', None, 44)
(1, 'AG*', 4, 36)
(1, 'NL', 8, 33)
------------------------------------------------
Final set of assertions AFTER filtering:
(1, 'NL', 0, 35)
(1, 'NL', 2, 69)
(3, 'MT', None, (0.2334916864608076, 45))
(1, 'NL', 6, 69)
(1, 'NL', 7, 65)
(1, 'AG*', 7, 69)
(1, 'AG*', 8, 33)
(1, 'NL', 4, 35)
(1, 'AG*', 0, 35)
(3, 'QT', None, 44)
(1, 'AG*', 4, 36)
(1, 'NL', 8, 33)
------------------------------------------------
Explanations for AG* inclusion:
   Explanation for (1, 'AG*', 7, 69): []
   Explanation for (1, 'AG*', 8, 33): []
   Explanation for (1, 'AG*', 0, 35): []
   Explanation for (1, 'AG*', 4, 36): []
------------------------------------------------
