VALID BALLOTS 4577
Winner 1
Winner 5
Computing AG relationships
1 AG 6 = 45
1 AG 4 = 162
1 AG 2 = 32
5 AG 6 = 34
5 AG 4 = 38
3 AG 6 = 75
3 AG 4 = 103
Ruling out candidates: [(6, 45), (4, 103)]
STAGE 1 ASN (Ruling out candidates): 103
ALTERNATE OUTCOME PAIR: 2,1
   (1) can we show that 5 NL 1?
        a. margin -0.018862428082441318
      no
   (1) can we show that 5 NL 2?
        a. margin 0.03495739567402234
      yes, 78, ags used 38 = 78
   (1) can we show that 3 NL 1?
        a. margin -0.10472653120675834
      no
   (1) can we show that 3 NL 2?
        a. margin -0.02279513509576858
      no
      Best assertion(s) require sample: 78

ALTERNATE OUTCOME PAIR: 2,5
   (1) can we show that 1 NL 5?
        a. margin -0.28177117471415014
      no
   (1) can we show that 1 NL 2?
        a. margin 0.14594712693904266
      yes, 31, ags used 0 = 31
   (1) can we show that 3 NL 5?
        a. margin -0.12905105236326586
      no
   (1) can we show that 3 NL 2?
        a. margin 0.1424513873716413
      yes, 32, ags used 32 = 32
      Best assertion(s) require sample: 31

ALTERNATE OUTCOME PAIR: 2,3
   (1) can we show that 1 NL 3?
        a. margin -0.2426625883038379
      no
   (1) can we show that 1 NL 2?
        a. margin 0.14354380598645422
      yes, 31, ags used 0 = 31
   (1) can we show that 5 NL 3?
        a. margin 0.001747869783701006
      yes, 184, ags used 38 = 184
   (1) can we show that 5 NL 2?
        a. margin 0.20741388099919877
      yes, 22, ags used 32 = 32
      Best assertion(s) require sample: 31

ALTERNATE OUTCOME PAIR: 1,3
   (1) can we show that 2 NL 3?
        a. margin -0.44191974364576536
      no
   (1) can we show that 2 NL 1?
        a. margin -0.2551161605127086
      no
   (1) can we show that 5 NL 3?
        a. margin 0.009103488456776443
      yes, 142, ags used 38 = 142
   (1) can we show that 5 NL 1?
        a. margin -0.04384240040783638
      no
      Best assertion(s) require sample: 142

ALTERNATE OUTCOME PAIR: 5,3
   (1) can we show that 2 NL 3?
        a. margin -0.35896875682761586
      no
   (1) can we show that 2 NL 5?
        a. margin -0.4102396038161821
      no
   (1) can we show that 1 NL 3?
        a. margin -0.07574102396038107
      no
   (1) can we show that 1 NL 5?
        a. margin -0.1254824848882089
      no

RULE OUT PAIR STAGE ASN 142
------------------------------------------------
Alternate outcome cannot be ruled out: 5,3
Full audit not possible
PARTIAL audit sample size: 142
------------------------------------------------
Final set of assertions generated:
1 NL 2 = 31 [rules out (2, 3), G = set(), O = set()]
(2, 'AG', 3, 103)
1 NL 2 = 31 [rules out (2, 5), G = set(), O = set()]
(4, 'AG', 3, 38)
(4, 'AG', 5, 34)
(0, 'AG', 5, 45)
5 NL 3 = 142 [rules out (1, 3), G = {3, 5}, O = set()]

5 NL 2 = 78 [rules out (2, 1), G = {3, 5}, O = set()]
[5] are verified winners with these assertions.
[1, 3] remain as potential winners in this audit.
------------------------------------------------
