VALID BALLOTS 5802
Winner 9
Winner 4
Computing AG relationships
10 AG 8 = 126
10 AG 3 = 193
10 AG 2 = 115
10 AG 6 = 115
9 AG 8 = 24
9 AG 3 = 26
9 AG 2 = 24
9 AG 6 = 24
9 AG 1 = 70
9 AG 7 = 46
9 AG 10 = 37
5 AG 8 = 144
5 AG 3 = 222
5 AG 2 = 391
4 AG 8 = 81
4 AG 3 = 99
4 AG 2 = 107
4 AG 7 = 5483
Ruling out candidates: [(8, 81), (3, 99), (2, 107), (6, 115), (7, 5483)]
STAGE 1 ASN (Ruling out candidates): 5483
ALTERNATE OUTCOME PAIR: 1,10
   (1) can we show that 9 NL 10?
        a. margin 0.12357807652533603
      yes, 33, ags used 26 = 33
   (1) can we show that 9 NL 1?
        a. margin 0.06629897736412738
      yes, 56, ags used 46 = 56
   (1) can we show that 5 NL 10?
        a. margin -0.01407560611283476
      no
   (1) can we show that 5 NL 1?
        a. margin -0.012754222681833904
      no
   (1) can we show that 4 NL 10?
        a. margin 0.0071814316902216735
      yes, 300, ags used 107 = 300
   (1) can we show that 4 NL 1?
        a. margin 0.011949902332529128
      yes, 229, ags used 107 = 229
      Best assertion(s) require sample: 33

ALTERNATE OUTCOME PAIR: 1,9
   (1) can we show that 10 NL 9?
        a. margin -0.2298632655406182
      no
   (1) can we show that 10 NL 1?
        a. margin -0.07876594277835258
      no
   (1) can we show that 5 NL 9?
        a. margin -0.3255199356543721
      no
   (1) can we show that 5 NL 1?
        a. margin -0.08399402504883713
      no
   (1) can we show that 4 NL 9?
        a. margin -0.28128231644260604
      no
   (1) can we show that 4 NL 1?
        a. margin -0.03969895438355009
      no

ALTERNATE OUTCOME PAIR: 1,5
   (1) can we show that 10 NL 5?
        a. margin -0.19998850970929571
      no
   (1) can we show that 10 NL 1?
        a. margin -0.06015167183729575
      no
   (1) can we show that 9 NL 5?
        a. margin 0.09617373319544975
      yes, 45, ags used 46 = 46
   (1) can we show that 9 NL 1?
        a. margin 0.07681259335861212
      yes, 20, ags used 37 = 37
   (1) can we show that 4 NL 5?
        a. margin -0.05814087096403553
      no
   (1) can we show that 4 NL 1?
        a. margin 0.013903251752269918
      yes, 208, ags used 107 = 208
      Best assertion(s) require sample: 37

ALTERNATE OUTCOME PAIR: 1,4
   (1) can we show that 10 NL 4?
        a. margin -0.19763300011490292
      no
   (1) can we show that 10 NL 1?
        a. margin -0.05900264276686096
      no
   (1) can we show that 9 NL 4?
        a. margin 0.09680569918418946
      yes, 45, ags used 46 = 46
   (1) can we show that 9 NL 1?
        a. margin 0.07801907388256857
      yes, 20, ags used 37 = 37
   (1) can we show that 5 NL 4?
        a. margin -0.1601746524187061
      no
   (1) can we show that 5 NL 1?
        a. margin -0.009594392738136337
      no
      Best assertion(s) require sample: 37

ALTERNATE OUTCOME PAIR: 10,9
   (1) can we show that 1 NL 9?
        a. margin -0.34154889118694864
      no
   (1) can we show that 1 NL 10?
        a. margin -0.26737906469033956
      no
   (1) can we show that 5 NL 9?
        a. margin -0.28685510743421727
      no
   (1) can we show that 5 NL 10?
        a. margin -0.21038722279674538
      no
   (1) can we show that 4 NL 9?
        a. margin -0.24301964839710366
      no
   (1) can we show that 4 NL 10?
        a. margin -0.16976904515685176
      no

ALTERNATE OUTCOME PAIR: 10,5
   (1) can we show that 1 NL 5?
        a. margin -0.2782373894059529
      no
   (1) can we show that 1 NL 10?
        a. margin -0.057451453521772944
      no
   (1) can we show that 9 NL 5?
        a. margin -0.030679076180627374
      no
   (1) can we show that 9 NL 10?
        a. margin 0.12392278524646683
      yes, 33, ags used 26 = 33
   (1) can we show that 4 NL 5?
        a. margin -0.0581983224175574
      no
   (1) can we show that 4 NL 10?
        a. margin 0.006549465701482626
      yes, 313, ags used 107 = 313
      Best assertion(s) require sample: 33

ALTERNATE OUTCOME PAIR: 10,4
   (1) can we show that 1 NL 4?
        a. margin -0.27639894289325606
      no
   (1) can we show that 1 NL 10?
        a. margin -0.05762380788233923
      no
   (1) can we show that 9 NL 4?
        a. margin -0.03021946455245328
      no
   (1) can we show that 9 NL 10?
        a. margin 0.12386533379294495
      yes, 33, ags used 26 = 33
   (1) can we show that 5 NL 4?
        a. margin -0.16132368148914167
      no
   (1) can we show that 5 NL 10?
        a. margin -0.014765023555096013
      no
      Best assertion(s) require sample: 33

ALTERNATE OUTCOME PAIR: 9,5
   (1) can we show that 1 NL 5?
        a. margin -0.26944731701712255
      no
   (1) can we show that 1 NL 9?
        a. margin -0.38050097667470884
      no
   (1) can we show that 10 NL 5?
        a. margin -0.21015741698265045
      no
   (1) can we show that 10 NL 9?
        a. margin -0.23095484315753034
      no
   (1) can we show that 4 NL 5?
        a. margin -0.05337240032173152
      no
   (1) can we show that 4 NL 9?
        a. margin -0.28507411237504265
      no

ALTERNATE OUTCOME PAIR: 5,4
   (1) can we show that 1 NL 4?
        a. margin -0.24979891991267134
      no
   (1) can we show that 1 NL 5?
        a. margin -0.24497299781684234
      no
   (1) can we show that 10 NL 4?
        a. margin -0.17453751579914722
      no
   (1) can we show that 10 NL 5?
        a. margin -0.16976904515684
      no
   (1) can we show that 9 NL 4?
        a. margin 0.11984373204641963
      yes, 38, ags used 37 = 38
   (1) can we show that 9 NL 5?
        a. margin 0.12599103757324936
      yes, 36, ags used 37 = 37
      Best assertion(s) require sample: 37

RULE OUT PAIR STAGE ASN 37
------------------------------------------------
Alternate outcome cannot be ruled out: 1,9
Alternate outcome cannot be ruled out: 10,9
Alternate outcome cannot be ruled out: 9,5
Full audit not possible
PARTIAL audit sample size: 5483
------------------------------------------------
Final set of assertions generated:
9 NL 5 = 37 [rules out (5, 4), G = {1, 2, 5, 7, 9}, O = set()]
(9, 'AG', 5, 115)
(8, 'AG', 7, 24)
(3, 'AG', 1, 107)
(8, 'AG', 1, 24)
9 NL 1 = 37 [rules out (1, 4), G = {1, 2, 5, 7, 9}, O = set()]
(8, 'AG', 2, 26)
(8, 'AG', 6, 46)
(3, 'AG', 6, 5483)
(3, 'AG', 2, 99)
9 NL 10 = 33 [rules out (1, 10), G = {1, 2, 5, 7}, O = set()]

9 NL 1 = 37 [rules out (1, 5), G = {1, 2, 5, 7, 9}, O = set()]
(8, 'AG', 9, 37)
(8, 'AG', 5, 24)
9 NL 10 = 33 [rules out (10, 5), G = {1, 2, 5, 7}, O = set()]
(3, 'AG', 7, 81)
9 NL 10 = 33 [rules out (10, 4), G = {1, 2, 5, 7}, O = set()]
[9] are verified winners with these assertions.
[1, 10, 4, 5] remain as potential winners in this audit.
------------------------------------------------
