VALID BALLOTS 8975
Winner 7
Winner 2
Computing AG relationships
8 AG 9 = 194
7 AG 4 = 20
7 AG 9 = 16
7 AG 1 = 41
7 AG 8 = 20
7 AG 5 = 97
6 AG 4 = 74
6 AG 9 = 93
5 AG 4 = 82
5 AG 9 = 83
3 AG 4 = 46
3 AG 9 = 43
2 AG 4 = 36
2 AG 9 = 41
2 AG 1 = 79
Ruling out candidates: [(4, 36), (9, 41), (1, 79)]
STAGE 1 ASN (Ruling out candidates): 79
ALTERNATE OUTCOME PAIR: 8,7
   (1) can we show that 6 NL 7?
        a. margin -0.35186629526462543
      no
   (1) can we show that 6 NL 8?
        a. margin -0.22102135561745984
      no
   (1) can we show that 5 NL 7?
        a. margin -0.328282265552462
      no
   (1) can we show that 5 NL 8?
        a. margin -0.20159702878366215
      no
   (1) can we show that 3 NL 7?
        a. margin -0.24519962859795863
      no
   (1) can we show that 3 NL 8?
        a. margin -0.12085422469823937
      no
   (1) can we show that 2 NL 7?
        a. margin -0.28081708449396625
      no
   (1) can we show that 2 NL 8?
        a. margin -0.1538718662952685
      no

ALTERNATE OUTCOME PAIR: 8,6
   (1) can we show that 7 NL 6?
        a. margin -0.008987929433611819
      no
   (1) can we show that 7 NL 8?
        a. margin 0.22035283194057498
      yes, 20, ags used 20 = 20
   (1) can we show that 5 NL 6?
        a. margin -0.2041225626740949
      no
   (1) can we show that 5 NL 8?
        a. margin 0.03294336118848595
      yes, 132, ags used 83 = 132
   (1) can we show that 3 NL 6?
        a. margin -0.1541689879294338
      no
   (1) can we show that 3 NL 8?
        a. margin 0.0813370473537598
      yes, 55, ags used 46 = 55
   (1) can we show that 2 NL 6?
        a. margin 0.0025255338904370817
      yes, 589, ags used 79 = 589
   (1) can we show that 2 NL 8?
        a. margin 0.09132776230269246
      yes, 49, ags used 41 = 49
      Best assertion(s) require sample: 20

ALTERNATE OUTCOME PAIR: 8,5
   (1) can we show that 7 NL 5?
        a. margin 0.04709377901578482
      yes, 93, ags used 41 = 93
   (1) can we show that 7 NL 8?
        a. margin 0.2193871866295265
      yes, 20, ags used 20 = 20
   (1) can we show that 6 NL 5?
        a. margin -0.05975858867223893
      no
   (1) can we show that 6 NL 8?
        a. margin 0.03298050139275843
      yes, 136, ags used 93 = 136
   (1) can we show that 3 NL 5?
        a. margin -0.019758588672236788
      no
   (1) can we show that 3 NL 8?
        a. margin 0.0812627669452175
      yes, 55, ags used 46 = 55
   (1) can we show that 2 NL 5?
        a. margin 0.012441968430825012
      yes, 421, ags used 97 = 421
   (1) can we show that 2 NL 8?
        a. margin 0.0920705663881134
      yes, 49, ags used 41 = 49
      Best assertion(s) require sample: 20

ALTERNATE OUTCOME PAIR: 8,3
   (1) can we show that 7 NL 3?
        a. margin 0.017418755803157326
      yes, 263, ags used 97 = 263
   (1) can we show that 7 NL 8?
        a. margin 0.2223584029712169
      yes, 20, ags used 20 = 20
   (1) can we show that 6 NL 3?
        a. margin -0.257641597028785
      no
   (1) can we show that 6 NL 8?
        a. margin 0.03584029712163561
      yes, 125, ags used 93 = 125
   (1) can we show that 5 NL 3?
        a. margin -0.2578644382544114
      no
   (1) can we show that 5 NL 8?
        a. margin 0.03532033426183934
      yes, 123, ags used 83 = 123
   (1) can we show that 2 NL 3?
        a. margin -0.18280408542247106
      no
   (1) can we show that 2 NL 8?
        a. margin 0.09485608170844806
      yes, 48, ags used 41 = 48
      Best assertion(s) require sample: 20

ALTERNATE OUTCOME PAIR: 8,2
   (1) can we show that 7 NL 2?
        a. margin -0.024029712163416872
      no
   (1) can we show that 7 NL 8?
        a. margin 0.2199814298978644
      yes, 20, ags used 20 = 20
   (1) can we show that 6 NL 2?
        a. margin -0.1347075208913654
      no
   (1) can we show that 6 NL 8?
        a. margin 0.032163416898792985
      yes, 139, ags used 93 = 139
   (1) can we show that 5 NL 2?
        a. margin -0.2233240482822657
      no
   (1) can we show that 5 NL 8?
        a. margin 0.032757660167130664
      yes, 132, ags used 83 = 132
   (1) can we show that 3 NL 2?
        a. margin -0.17348189415041793
      no
   (1) can we show that 3 NL 8?
        a. margin 0.08126276694521817
      yes, 55, ags used 46 = 55
      Best assertion(s) require sample: 20

ALTERNATE OUTCOME PAIR: 7,6
   (1) can we show that 8 NL 6?
        a. margin -0.2814113277623024
      no
   (1) can we show that 8 NL 7?
        a. margin -0.4014113277623018
      no
   (1) can we show that 5 NL 6?
        a. margin -0.2019312906220987
      no
   (1) can we show that 5 NL 7?
        a. margin -0.34848653667595253
      no
   (1) can we show that 3 NL 6?
        a. margin -0.15238625812442053
      no
   (1) can we show that 3 NL 7?
        a. margin -0.2651067780872801
      no
   (1) can we show that 2 NL 6?
        a. margin 0.005236768802227232
      yes, 412, ags used 79 = 412
   (1) can we show that 2 NL 7?
        a. margin -0.3028412256267411
      no
      Best assertion(s) require sample: 412

ALTERNATE OUTCOME PAIR: 7,5
   (1) can we show that 8 NL 5?
        a. margin -0.21359331476323085
      no
   (1) can we show that 8 NL 7?
        a. margin -0.3985143918291536
      no
   (1) can we show that 6 NL 5?
        a. margin -0.13530176415970618
      no
   (1) can we show that 6 NL 7?
        a. margin -0.364531104921076
      no
   (1) can we show that 3 NL 5?
        a. margin -0.05611884865366912
      no
   (1) can we show that 3 NL 7?
        a. margin -0.26064995357474596
      no
   (1) can we show that 2 NL 5?
        a. margin -0.06276694521820181
      no
   (1) can we show that 2 NL 7?
        a. margin -0.2935561745589621
      no

ALTERNATE OUTCOME PAIR: 7,3
   (1) can we show that 8 NL 3?
        a. margin -0.2696750232126274
      no
   (1) can we show that 8 NL 7?
        a. margin -0.3867409470752081
      no
   (1) can we show that 6 NL 3?
        a. margin -0.22406685236769153
      no
   (1) can we show that 6 NL 7?
        a. margin -0.35138347260909775
      no
   (1) can we show that 5 NL 3?
        a. margin -0.22874651810585245
      no
   (1) can we show that 5 NL 7?
        a. margin -0.33125348189414927
      no
   (1) can we show that 2 NL 3?
        a. margin -0.1491179201485643
      no
   (1) can we show that 2 NL 7?
        a. margin -0.28070566388115326
      no

ALTERNATE OUTCOME PAIR: 6,5
   (1) can we show that 8 NL 5?
        a. margin -0.1863695450324967
      no
   (1) can we show that 8 NL 6?
        a. margin -0.2756545961002784
      no
   (1) can we show that 7 NL 5?
        a. margin 0.05875580315691842
      yes, 36, ags used 20 = 36
   (1) can we show that 7 NL 6?
        a. margin 0.04627669452182004
      yes, 97, ags used 41 = 97
   (1) can we show that 3 NL 5?
        a. margin -0.013593314763232667
      no
   (1) can we show that 3 NL 6?
        a. margin -0.1494521819870004
      no
   (1) can we show that 2 NL 5?
        a. margin 0.013519034354688708
      yes, 339, ags used 97 = 339
   (1) can we show that 2 NL 6?
        a. margin 0.00646239554317396
      yes, 329, ags used 79 = 329
      Best assertion(s) require sample: 36

ALTERNATE OUTCOME PAIR: 6,3
   (1) can we show that 8 NL 3?
        a. margin -0.2646610956360248
      no
   (1) can we show that 8 NL 6?
        a. margin -0.2726462395543173
      no
   (1) can we show that 7 NL 3?
        a. margin 0.01021355617455999
      yes, 57, ags used 41 = 57
   (1) can we show that 7 NL 6?
        a. margin 0.04895078922934104
      yes, 91, ags used 41 = 91
   (1) can we show that 5 NL 3?
        a. margin -0.25582172701949957
      no
   (1) can we show that 5 NL 6?
        a. margin -0.19710306406685252
      no
   (1) can we show that 2 NL 3?
        a. margin -0.19067780872794837
      no
   (1) can we show that 2 NL 6?
        a. margin 0.008727948003713015
      yes, 283, ags used 79 = 283
      Best assertion(s) require sample: 57

ALTERNATE OUTCOME PAIR: 6,2
   (1) can we show that 8 NL 2?
        a. margin -0.2616527390900635
      no
   (1) can we show that 8 NL 6?
        a. margin -0.22800371402042674
      no
   (1) can we show that 7 NL 2?
        a. margin 0.062135561745591206
      yes, 72, ags used 41 = 72
   (1) can we show that 7 NL 6?
        a. margin 0.025181058495822084
      yes, 48, ags used 41 = 48
   (1) can we show that 5 NL 2?
        a. margin -0.18681522748374968
      no
   (1) can we show that 5 NL 6?
        a. margin -0.15134633240482787
      no
   (1) can we show that 3 NL 2?
        a. margin -0.13682451253482153
      no
   (1) can we show that 3 NL 6?
        a. margin -0.10187558031569144
      no
      Best assertion(s) require sample: 48

ALTERNATE OUTCOME PAIR: 5,3
   (1) can we show that 8 NL 3?
        a. margin -0.2617270194986081
      no
   (1) can we show that 8 NL 5?
        a. margin -0.18128133704735472
      no
   (1) can we show that 7 NL 3?
        a. margin 0.012367688022283385
      yes, 56, ags used 41 = 56
   (1) can we show that 7 NL 5?
        a. margin 0.06402971216341613
      yes, 34, ags used 20 = 34
   (1) can we show that 6 NL 3?
        a. margin -0.25028783658310005
      no
   (1) can we show that 6 NL 5?
        a. margin -0.045273909006498414
      no
   (1) can we show that 2 NL 3?
        a. margin -0.17548746518105773
      no
   (1) can we show that 2 NL 5?
        a. margin 0.026406685236768812
      yes, 173, ags used 97 = 173
      Best assertion(s) require sample: 34

ALTERNATE OUTCOME PAIR: 5,2
   (1) can we show that 8 NL 2?
        a. margin -0.2918477251624889
      no
   (1) can we show that 8 NL 5?
        a. margin -0.1815784586815231
      no
   (1) can we show that 7 NL 2?
        a. margin 0.03160631383472556
      yes, 140, ags used 41 = 140
   (1) can we show that 7 NL 5?
        a. margin 0.06354688950789189
      yes, 34, ags used 20 = 34
   (1) can we show that 6 NL 2?
        a. margin -0.129285051067781
      no
   (1) can we show that 6 NL 5?
        a. margin -0.05719591457753026
      no
   (1) can we show that 3 NL 2?
        a. margin -0.16854224698235798
      no
   (1) can we show that 3 NL 5?
        a. margin -0.009396471680594765
      no
      Best assertion(s) require sample: 34

ALTERNATE OUTCOME PAIR: 3,2
   (1) can we show that 8 NL 2?
        a. margin -0.2884679665738161
      no
   (1) can we show that 8 NL 3?
        a. margin -0.2590900649953577
      no
   (1) can we show that 7 NL 2?
        a. margin 0.03450324976787389
      yes, 84, ags used 97 = 97
   (1) can we show that 7 NL 3?
        a. margin 0.015450324976787
      yes, 54, ags used 41 = 54
   (1) can we show that 6 NL 2?
        a. margin -0.12675951717734446
      no
   (1) can we show that 6 NL 3?
        a. margin -0.26332404828226563
      no
   (1) can we show that 5 NL 2?
        a. margin -0.2154503249767874
      no
   (1) can we show that 5 NL 3?
        a. margin -0.25125348189415075
      no
      Best assertion(s) require sample: 54

RULE OUT PAIR STAGE ASN 412
------------------------------------------------
EXAMINING WAYS TO REDUCE COST OF AUDIT
------------------------------------------------
Alternate outcome cannot be ruled out: 8,7
Alternate outcome cannot be ruled out: 7,5
Alternate outcome cannot be ruled out: 7,3
Full audit not possible
PARTIAL audit sample size: 412
------------------------------------------------
Final set of assertions generated:
7 NL 5 = 34 [rules out (5, 2), G = {8, 3, 7}, O = set()]
7 NL 3 = 54 [rules out (3, 2), G = {8, 0, 3, 7}, O = set()]
(1, 'AG', 0, 79)
7 NL 5 = 34 [rules out (5, 3), G = {8, 3, 7}, O = set()]
(6, 'AG', 7, 20)
(1, 'AG', 3, 36)
7 NL 8 = 20 [rules out (8, 5), G = {8, 3}, O = set()]
7 NL 8 = 20 [rules out (8, 3), G = {8, 3}, O = set()]
7 NL 3 = 57 [rules out (6, 3), G = {8, 0, 3, 7}, O = set()]

7 NL 6 = 48 [rules out (6, 2), G = {8, 0, 3, 7}, O = set()]
7 NL 8 = 20 [rules out (8, 6), G = {8, 3}, O = set()]
7 NL 8 = 20 [rules out (8, 2), G = {8, 3}, O = set()]
2 NL 6 = 412 [rules out (7, 6), G = {8, 0, 3}, O = set()]

(6, 'AG', 3, 20)
(1, 'AG', 8, 41)
7 NL 5 = 36 [rules out (6, 5), G = {8, 3, 7}, O = set()]

(6, 'AG', 0, 41)
(6, 'AG', 8, 16)
[7] are verified winners with these assertions.
[2, 3, 5, 8] remain as potential winners in this audit.
------------------------------------------------
