VALID BALLOTS 5515
30 ballot checks required to assert that first winner has a quota's worth of votes
AUD TV 0.23556244464127546, ss 85
AG*(1,3) = 143
AG*(4,1) = 167
AG*(4,2) = 72
AG*(4,3) = 30
AG*(4,5) = 85
NL(5,3) = 53, AG*'s used 143
NL(5,2) NOT POSSIBLE
NL(5,1) NOT POSSIBLE
Max in loop inf, 0.23556244464127546
AUD TV 0.28556244464127545, ss 40
AG*(1,3) = 156
AG*(4,1) = 167
AG*(4,2) = 72
AG*(4,3) = 30
AG*(4,5) = 85
NL(5,3) = 55, AG*'s used 156
NL(5,2) NOT POSSIBLE
NL(5,1) NOT POSSIBLE
Max in loop inf, 0.28556244464127545
AUD TV 0.33556244464127544, ss 24
AG*(1,3) = 172
AG*(4,1) = 167
AG*(4,2) = 72
AG*(4,3) = 30
AG*(4,5) = 85
NL(5,3) = 57, AG*'s used 172
NL(5,2) NOT POSSIBLE
NL(5,1) NOT POSSIBLE
Max in loop inf, 0.33556244464127544
AUD TV 0.3855624446412754, ss 17
AG*(1,3) = 191
AG*(4,1) = 167
AG*(4,2) = 72
AG*(4,3) = 30
AG*(4,5) = 85
NL(5,3) = 58, AG*'s used 191
NL(5,2) NOT POSSIBLE
NL(5,1) NOT POSSIBLE
Max in loop inf, 0.3855624446412754
AUD TV 0.4355624446412754, ss 12
AG*(1,3) = 215
AG*(4,1) = 167
AG*(4,2) = 72
AG*(4,3) = 30
AG*(4,5) = 85
NL(5,3) = 60, AG*'s used 215
NL(5,2) NOT POSSIBLE
NL(5,1) NOT POSSIBLE
Max in loop inf, 0.4355624446412754
AUD TV 0.4855624446412754, ss 9
AG*(1,3) = 245
AG*(4,1) = 167
AG*(4,2) = 72
AG*(4,3) = 30
AG*(4,5) = 85
NL(5,3) = 62, AG*'s used 245
NL(5,2) NOT POSSIBLE
NL(5,1) NOT POSSIBLE
Max in loop inf, 0.4855624446412754
AUD TV 0.5355624446412754, ss 7
AG*(1,3) = 285
AG*(4,1) = 167
AG*(4,2) = 72
AG*(4,3) = 30
AG*(4,5) = 85
NL(5,3) = 64, AG*'s used 285
NL(5,2) NOT POSSIBLE
NL(5,1) NOT POSSIBLE
Max in loop inf, 0.5355624446412754
AUD TV 0.5855624446412755, ss 5
AG*(1,3) = 341
AG*(4,1) = 167
AG*(4,2) = 72
AG*(4,3) = 30
AG*(4,5) = 85
NL(5,3) = 67, AG*'s used 341
NL(5,2) NOT POSSIBLE
NL(5,1) NOT POSSIBLE
Max in loop inf, 0.5855624446412755
AUD TV 0.6355624446412755, ss 4
AG*(1,3) = 546
AG*(4,1) = 167
AG*(4,2) = 72
AG*(4,3) = 30
AG*(4,5) = 85
NL(5,3) = 69, AG*'s used 546
NL(5,2) NOT POSSIBLE
NL(5,1) NOT POSSIBLE
Max in loop inf, 0.6355624446412755
Sample size to show min tv of 0.09278122232063774 is 54
AUD TV 0.23556244464127546, ss 85
AG*(1,3) = 87
AG*(4,1) = 167
AG*(4,2) = 72
AG*(4,3) = 30
AG*(4,5) = 85
NL(5,3) = 52, AG*'s used 87
NL(5,2) NOT POSSIBLE
NL(5,1) NOT POSSIBLE
Max in loop inf, 0.23556244464127546
AUD TV 0.28556244464127545, ss 40
AG*(1,3) = 92
AG*(4,1) = 167
AG*(4,2) = 72
AG*(4,3) = 30
AG*(4,5) = 85
NL(5,3) = 54, AG*'s used 92
NL(5,2) NOT POSSIBLE
NL(5,1) NOT POSSIBLE
Max in loop inf, 0.28556244464127545
AUD TV 0.33556244464127544, ss 24
AG*(1,3) = 97
AG*(4,1) = 167
AG*(4,2) = 72
AG*(4,3) = 30
AG*(4,5) = 85
NL(5,3) = 56, AG*'s used 97
NL(5,2) NOT POSSIBLE
NL(5,1) NOT POSSIBLE
Max in loop inf, 0.33556244464127544
AUD TV 0.3855624446412754, ss 17
AG*(1,3) = 103
AG*(4,1) = 167
AG*(4,2) = 72
AG*(4,3) = 30
AG*(4,5) = 85
NL(5,3) = 57, AG*'s used 103
NL(5,2) NOT POSSIBLE
NL(5,1) NOT POSSIBLE
Max in loop inf, 0.3855624446412754
AUD TV 0.4355624446412754, ss 12
AG*(1,3) = 110
AG*(4,1) = 167
AG*(4,2) = 72
AG*(4,3) = 30
AG*(4,5) = 85
NL(5,3) = 59, AG*'s used 110
NL(5,2) NOT POSSIBLE
NL(5,1) NOT POSSIBLE
Max in loop inf, 0.4355624446412754
AUD TV 0.4855624446412754, ss 9
AG*(1,3) = 117
AG*(4,1) = 167
AG*(4,2) = 72
AG*(4,3) = 30
AG*(4,5) = 85
NL(5,3) = 61, AG*'s used 117
NL(5,2) NOT POSSIBLE
NL(5,1) NOT POSSIBLE
Max in loop inf, 0.4855624446412754
AUD TV 0.5355624446412754, ss 7
AG*(1,3) = 126
AG*(4,1) = 167
AG*(4,2) = 72
AG*(4,3) = 30
AG*(4,5) = 85
NL(5,3) = 63, AG*'s used 126
NL(5,2) NOT POSSIBLE
NL(5,1) NOT POSSIBLE
Max in loop inf, 0.5355624446412754
AUD TV 0.5855624446412755, ss 5
AG*(1,3) = 136
AG*(4,1) = 167
AG*(4,2) = 72
AG*(4,3) = 30
AG*(4,5) = 85
NL(5,3) = 65, AG*'s used 136
NL(5,2) NOT POSSIBLE
NL(5,1) NOT POSSIBLE
Max in loop inf, 0.5855624446412755
AUD TV 0.6355624446412755, ss 4
AG*(1,3) = 147
AG*(4,1) = 167
AG*(4,2) = 72
AG*(4,3) = 30
AG*(4,5) = 85
NL(5,3) = 68, AG*'s used 147
NL(5,2) NOT POSSIBLE
NL(5,1) NOT POSSIBLE
Max in loop inf, 0.6355624446412755
New mintv = 0.14278122232063772
Sample size to show min tv of 0.14278122232063772 is 111
AUD TV 0.23556244464127546, ss 85
AG*(1,3) = 72
AG*(4,1) = 167
AG*(4,2) = 72
AG*(4,3) = 30
AG*(4,5) = 85
NL(5,3) = 52, AG*'s used 72
NL(5,2) NOT POSSIBLE
NL(5,1) NOT POSSIBLE
Max in loop inf, 0.23556244464127546
AUD TV 0.28556244464127545, ss 40
AG*(1,3) = 75
AG*(4,1) = 167
AG*(4,2) = 72
AG*(4,3) = 30
AG*(4,5) = 85
NL(5,3) = 53, AG*'s used 75
NL(5,2) NOT POSSIBLE
NL(5,1) NOT POSSIBLE
Max in loop inf, 0.28556244464127545
AUD TV 0.33556244464127544, ss 24
AG*(1,3) = 79
AG*(4,1) = 167
AG*(4,2) = 72
AG*(4,3) = 30
AG*(4,5) = 85
NL(5,3) = 55, AG*'s used 79
NL(5,2) NOT POSSIBLE
NL(5,1) NOT POSSIBLE
Max in loop inf, 0.33556244464127544
AUD TV 0.3855624446412754, ss 17
AG*(1,3) = 83
AG*(4,1) = 167
AG*(4,2) = 72
AG*(4,3) = 30
AG*(4,5) = 85
NL(5,3) = 57, AG*'s used 83
NL(5,2) NOT POSSIBLE
NL(5,1) NOT POSSIBLE
Max in loop inf, 0.3855624446412754
AUD TV 0.4355624446412754, ss 12
AG*(1,3) = 87
AG*(4,1) = 167
AG*(4,2) = 72
AG*(4,3) = 30
AG*(4,5) = 85
NL(5,3) = 58, AG*'s used 87
NL(5,2) NOT POSSIBLE
NL(5,1) NOT POSSIBLE
Max in loop inf, 0.4355624446412754
AUD TV 0.4855624446412754, ss 9
AG*(1,3) = 91
AG*(4,1) = 167
AG*(4,2) = 72
AG*(4,3) = 30
AG*(4,5) = 85
NL(5,3) = 60, AG*'s used 91
NL(5,2) NOT POSSIBLE
NL(5,1) NOT POSSIBLE
Max in loop inf, 0.4855624446412754
AUD TV 0.5355624446412754, ss 7
AG*(1,3) = 97
AG*(4,1) = 167
AG*(4,2) = 72
AG*(4,3) = 30
AG*(4,5) = 85
NL(5,3) = 62, AG*'s used 97
NL(5,2) NOT POSSIBLE
NL(5,1) NOT POSSIBLE
Max in loop inf, 0.5355624446412754
AUD TV 0.5855624446412755, ss 5
AG*(1,3) = 102
AG*(4,1) = 167
AG*(4,2) = 72
AG*(4,3) = 30
AG*(4,5) = 85
NL(5,3) = 64, AG*'s used 102
NL(5,2) NOT POSSIBLE
NL(5,1) NOT POSSIBLE
Max in loop inf, 0.5855624446412755
AUD TV 0.6355624446412755, ss 4
AG*(1,3) = 109
AG*(4,1) = 167
AG*(4,2) = 72
AG*(4,3) = 30
AG*(4,5) = 85
NL(5,3) = 67, AG*'s used 109
NL(5,2) NOT POSSIBLE
NL(5,1) NOT POSSIBLE
Max in loop inf, 0.6355624446412755
New mintv = 0.1927812223206377
Sample size required for audit is inf ballots
------------------------------------------------
Assertion set BEFORE filtering:
(4, 'NL', 2, 109)
(0, 'AG', 2, 109)
(3, 'LT', None, (0.14278122232063772, 111))
(3, 'MT', None, (0.6355624446412755, 4))
(3, 'QT', None, 30)
------------------------------------------------
Final set of assertions AFTER filtering:
(4, 'NL', 2, 109)
(0, 'AG', 2, 109)
(3, 'LT', None, (0.14278122232063772, 111))
(3, 'MT', None, (0.6355624446412755, 4))
(3, 'QT', None, 30)
------------------------------------------------
Explanations for AG* inclusion:
   Explanation for (0, 'AG', 2, 109): []
------------------------------------------------
