VALID BALLOTS 4211
Winner 4
Winner 3
Computing AG relationships
5 AG 1 = 325
5 AG 6 = 134
4 AG 1 = 37
4 AG 6 = 41
4 AG 7 = 74
2 AG 7 = 113
3 AG 1 = 137
3 AG 6 = 151
Ruling out candidates: [(1, 137), (6, 134), (7, 113)]
STAGE 1 ASN (Ruling out candidates): 137
ALTERNATE OUTCOME PAIR: 5,4
   (1) can we show that 2 NL 4?
        a. margin -0.22100846988047052
      no
   (1) can we show that 2 NL 5?
        a. margin -0.20984722552046142
      no
   (1) can we show that 3 NL 4?
        a. margin -0.1447003878730302
      no
   (1) can we show that 3 NL 5?
        a. margin -0.10425077178817332
      no

ALTERNATE OUTCOME PAIR: 5,2
   (1) can we show that 4 NL 2?
        a. margin 0.0007124198527679315
      yes, 376, ags used 74 = 376
   (1) can we show that 4 NL 5?
        a. margin -0.07306261378928192
      no
   (1) can we show that 3 NL 2?
        a. margin -0.07369587588062942
      no
   (1) can we show that 3 NL 5?
        a. margin -0.1108208659859099
      no
      Best assertion(s) require sample: 376

ALTERNATE OUTCOME PAIR: 5,3
   (1) can we show that 4 NL 3?
        a. margin -0.05691443045990474
      no
   (1) can we show that 4 NL 5?
        a. margin -0.05944747882529855
      no
   (1) can we show that 2 NL 3?
        a. margin -0.2247288846671398
      no
   (1) can we show that 2 NL 5?
        a. margin -0.21317185150004003
      no

ALTERNATE OUTCOME PAIR: 4,2
   (1) can we show that 5 NL 2?
        a. margin -0.07504155782474486
      no
   (1) can we show that 5 NL 4?
        a. margin -0.18989946964299842
      no
   (1) can we show that 3 NL 2?
        a. margin -0.07955355022559918
      no
   (1) can we show that 3 NL 4?
        a. margin -0.150320588933745
      no

ALTERNATE OUTCOME PAIR: 2,3
   (1) can we show that 5 NL 3?
        a. margin -0.20050660967307832
      no
   (1) can we show that 5 NL 2?
        a. margin -0.07432913797197804
      no
   (1) can we show that 4 NL 3?
        a. margin -0.0664925195915459
      no
   (1) can we show that 4 NL 2?
        a. margin 0.0004749465685112142
      yes, 786, ags used 74 = 786
      Best assertion(s) require sample: 786

RULE OUT PAIR STAGE ASN 786
------------------------------------------------
EXAMINING WAYS TO REDUCE COST OF AUDIT
------------------------------------------------
Alternate outcome cannot be ruled out: 5,4
Alternate outcome cannot be ruled out: 5,3
Alternate outcome cannot be ruled out: 4,2
Full audit not possible
PARTIAL audit sample size: 786
------------------------------------------------
Final set of assertions generated:
(3, 'AG', 6, 74)
(4, 'AG', 5, 134)
(3, 'AG', 5, 41)
(1, 'AG', 6, 113)
4 NL 2 = 786 [rules out (2, 3), G = {0, 5, 6}, O = set()]
(3, 'AG', 0, 37)
4 NL 2 = 376 [rules out (5, 2), G = {0, 5, 6}, O = set()]

(2, 'AG', 0, 137)
[] are verified winners with these assertions.
[2, 3, 4, 5] remain as potential winners in this audit.
------------------------------------------------
