VALID BALLOTS 6095
Winner 1
Winner 6
Computing AG relationships
1 AG 4 = 22
1 AG 7 = 35
1 AG 5 = 31
1 AG 3 = 257
2 AG 4 = 941
6 AG 4 = 87
6 AG 7 = 124
Ruling out candidates: [(4, 87), (7, 124)]
STAGE 1 ASN (Ruling out candidates): 124
ALTERNATE OUTCOME PAIR: 5,1
   (1) can we show that 3 NL 1?
        a. margin -0.3248564397046749
      no
   (1) can we show that 3 NL 5?
        a. margin -0.21060978944489983
      no
   (1) can we show that 2 NL 1?
        a. margin -0.3219578889800372
      no
   (1) can we show that 2 NL 5?
        a. margin -0.20546896363139155
      no
   (1) can we show that 6 NL 1?
        a. margin -0.2457752255947504
      no
   (1) can we show that 6 NL 5?
        a. margin -0.13836477987421358
      no

ALTERNATE OUTCOME PAIR: 5,3
   (1) can we show that 1 NL 3?
        a. margin 0.018922614164615048
      yes, 207, ags used 35 = 207
   (1) can we show that 1 NL 5?
        a. margin 0.15149029258955204
      yes, 29, ags used 22 = 29
   (1) can we show that 2 NL 3?
        a. margin -0.07744052502050791
      no
   (1) can we show that 2 NL 5?
        a. margin 0.0006562756357677557
      yes, 6095, ags used 941 = 6095
   (1) can we show that 6 NL 3?
        a. margin 0.002515723270440695
      yes, 4452, ags used 257 = 4452
   (1) can we show that 6 NL 5?
        a. margin 0.05758818703855573
      yes, 79, ags used 31 = 79
      Best assertion(s) require sample: 29

ALTERNATE OUTCOME PAIR: 5,2
   (1) can we show that 1 NL 2?
        a. margin 0.01875854525567333
      yes, 243, ags used 257 = 257
   (1) can we show that 1 NL 5?
        a. margin 0.15028712059064642
      yes, 30, ags used 22 = 30
   (1) can we show that 3 NL 2?
        a. margin -0.23418102269619845
      no
   (1) can we show that 3 NL 5?
        a. margin -0.0009297238173364697
      no
   (1) can we show that 6 NL 2?
        a. margin -0.1437243642329773
      no
   (1) can we show that 6 NL 5?
        a. margin 0.056931911402789304
      yes, 80, ags used 31 = 80
      Best assertion(s) require sample: 30

ALTERNATE OUTCOME PAIR: 5,6
   (1) can we show that 1 NL 6?
        a. margin -0.00027344818157004624
      no
   (1) can we show that 1 NL 5?
        a. margin 0.15296691277002816
      yes, 29, ags used 22 = 29
   (1) can we show that 3 NL 6?
        a. margin -0.2255947497949149
      no
   (1) can we show that 3 NL 5?
        a. margin 0.0010391030899652431
      yes, 6095, ags used 31 = 6095
   (1) can we show that 2 NL 6?
        a. margin -0.19846869018321123
      no
   (1) can we show that 2 NL 5?
        a. margin 0.002132895816243874
      yes, 5584, ags used 941 = 5584
      Best assertion(s) require sample: 29

ALTERNATE OUTCOME PAIR: 1,3
   (1) can we show that 5 NL 3?
        a. margin -0.205468963631392
      no
   (1) can we show that 5 NL 1?
        a. margin -0.3097074104457206
      no
   (1) can we show that 2 NL 3?
        a. margin -0.13918512441892283
      no
   (1) can we show that 2 NL 1?
        a. margin -0.3464588460486736
      no
   (1) can we show that 6 NL 3?
        a. margin -0.08241728192507525
      no
   (1) can we show that 6 NL 1?
        a. margin -0.2684167350287121
      no

ALTERNATE OUTCOME PAIR: 1,2
   (1) can we show that 5 NL 2?
        a. margin -0.2360404703308724
      no
   (1) can we show that 5 NL 1?
        a. margin -0.312059064807219
      no
   (1) can we show that 3 NL 2?
        a. margin -0.21214109926169022
      no
   (1) can we show that 3 NL 1?
        a. margin -0.35017774131802026
      no
   (1) can we show that 6 NL 2?
        a. margin -0.12387202625102545
      no
   (1) can we show that 6 NL 1?
        a. margin -0.2716434235712333
      no

ALTERNATE OUTCOME PAIR: 3,2
   (1) can we show that 5 NL 2?
        a. margin -0.22543068088597096
      no
   (1) can we show that 5 NL 3?
        a. margin -0.16560021875854436
      no
   (1) can we show that 1 NL 2?
        a. margin 0.011812961443803172
      yes, 39, ags used 35 = 39
   (1) can we show that 1 NL 3?
        a. margin 0.03582171178561455
      yes, 32, ags used 31 = 32
   (1) can we show that 6 NL 2?
        a. margin -0.13951326223680682
      no
   (1) can we show that 6 NL 3?
        a. margin 0.014328684714246531
      yes, 317, ags used 257 = 317
      Best assertion(s) require sample: 32

ALTERNATE OUTCOME PAIR: 3,6
   (1) can we show that 5 NL 6?
        a. margin -0.2356029532403593
      no
   (1) can we show that 5 NL 3?
        a. margin -0.16319387476073532
      no
   (1) can we show that 1 NL 6?
        a. margin 0.09253486464314697
      yes, 48, ags used 35 = 48
   (1) can we show that 1 NL 3?
        a. margin 0.03861088323762374
      yes, 32, ags used 31 = 32
   (1) can we show that 2 NL 6?
        a. margin -0.19174186491659706
      no
   (1) can we show that 2 NL 3?
        a. margin -0.06420563303254312
      no
      Best assertion(s) require sample: 32

ALTERNATE OUTCOME PAIR: 2,6
   (1) can we show that 5 NL 6?
        a. margin -0.23150123051681648
      no
   (1) can we show that 5 NL 2?
        a. margin -0.21766475252939732
      no
   (1) can we show that 1 NL 6?
        a. margin 0.09619907027618058
      yes, 46, ags used 35 = 46
   (1) can we show that 1 NL 2?
        a. margin 0.019250751982496928
      yes, 36, ags used 35 = 36
   (1) can we show that 3 NL 6?
        a. margin -0.21520371889526957
      no
   (1) can we show that 3 NL 2?
        a. margin -0.22368061252392668
      no
      Best assertion(s) require sample: 36

RULE OUT PAIR STAGE ASN 36
------------------------------------------------
EXAMINING WAYS TO REDUCE COST OF AUDIT
ALTERNATE OUTCOME PAIR: 7,5
   (1) can we show that 1 NL 5?
        a. margin 0.14793546622914855
      yes, 30, ags used 22 = 30
   (1) can we show that 1 NL 7?
        a. margin 0.1310363686081486
      yes, 34, ags used 22 = 34
   (1) can we show that 3 NL 5?
        a. margin -0.0031719989062073406
      no
   (1) can we show that 3 NL 7?
        a. margin 0.0067268252666112804
      yes, 148, ags used 124 = 148
   (1) can we show that 2 NL 5?
        a. margin -0.0019141372709875482
      no
   (1) can we show that 2 NL 7?
        a. margin 0.0006015859994521477
      yes, 171, ags used 124 = 171
   (1) can we show that 6 NL 5?
        a. margin 0.054416188132348386
      yes, 84, ags used 31 = 84
   (1) can we show that 6 NL 7?
        a. margin 0.03833743505605702
      yes, 85, ags used 35 = 85
      Best assertion(s) require sample: 30

ALTERNATE OUTCOME PAIR: 7,1
   (1) can we show that 5 NL 1?
        a. margin -0.32026251025430663
      no
   (1) can we show that 5 NL 7?
        a. margin -0.02471971561389119
      no
   (1) can we show that 3 NL 1?
        a. margin -0.3584358764014217
      no
   (1) can we show that 3 NL 7?
        a. margin 0.024227508887065596
      yes, 188, ags used 124 = 188
   (1) can we show that 2 NL 1?
        a. margin -0.3551544982225866
      no
   (1) can we show that 2 NL 7?
        a. margin 0.019852337981952184
      yes, 229, ags used 124 = 229
   (1) can we show that 6 NL 1?
        a. margin -0.29882417281925056
      no
   (1) can we show that 6 NL 7?
        a. margin 0.04036095159967146
      yes, 101, ags used 87 = 101
      Best assertion(s) require sample: 101

ALTERNATE OUTCOME PAIR: 7,3
   (1) can we show that 5 NL 3?
        a. margin -0.16904566584632352
      no
   (1) can we show that 5 NL 7?
        a. margin -0.014711512168442908
      no
   (1) can we show that 1 NL 3?
        a. margin 0.03199343724364079
      yes, 33, ags used 31 = 33
   (1) can we show that 1 NL 7?
        a. margin 0.14284933005195266
      yes, 18, ags used 31 = 31
   (1) can we show that 2 NL 3?
        a. margin -0.06825266611977132
      no
   (1) can we show that 2 NL 7?
        a. margin 0.008367514356028671
      yes, 141, ags used 124 = 141
   (1) can we show that 6 NL 3?
        a. margin -0.007109652720810211
      no
   (1) can we show that 6 NL 7?
        a. margin 0.04544708777686712
      yes, 74, ags used 35 = 74
      Best assertion(s) require sample: 31

ALTERNATE OUTCOME PAIR: 7,2
   (1) can we show that 5 NL 2?
        a. margin -0.23210281651627152
      no
   (1) can we show that 5 NL 7?
        a. margin -0.015477167076838327
      no
   (1) can we show that 1 NL 2?
        a. margin 0.00530489472244855
      yes, 42, ags used 31 = 42
   (1) can we show that 1 NL 7?
        a. margin 0.14159146841673365
      yes, 18, ags used 31 = 31
   (1) can we show that 3 NL 2?
        a. margin -0.23779053869291855
      no
   (1) can we show that 3 NL 7?
        a. margin 0.013234891987968789
      yes, 129, ags used 124 = 129
   (1) can we show that 6 NL 2?
        a. margin -0.1666940114848242
      no
   (1) can we show that 6 NL 7?
        a. margin 0.04413453650533272
      yes, 75, ags used 35 = 75
      Best assertion(s) require sample: 31

ALTERNATE OUTCOME PAIR: 7,6
   (1) can we show that 5 NL 6?
        a. margin -0.24096253759912667
      no
   (1) can we show that 5 NL 7?
        a. margin -0.06464315012305333
      no
   (1) can we show that 1 NL 6?
        a. margin 0.08783155592015146
      yes, 52, ags used 31 = 52
   (1) can we show that 1 NL 7?
        a. margin 0.14055236532676885
      yes, 18, ags used 31 = 31
   (1) can we show that 3 NL 6?
        a. margin -0.22439157779600893
      no
   (1) can we show that 3 NL 7?
        a. margin 0.012469237079572482
      yes, 363, ags used 35 = 363
   (1) can we show that 2 NL 6?
        a. margin -0.1956248290948881
      no
   (1) can we show that 2 NL 7?
        a. margin 0.006726825266610836
      yes, 852, ags used 35 = 852
      Best assertion(s) require sample: 31

6 ruled out by pairs, sample size 101
STAGE 1 ASN NOW 87
NEW RULE OUT PAIR STAGE ASN 101
------------------------------------------------
Alternate outcome cannot be ruled out: 5,1
Alternate outcome cannot be ruled out: 1,3
Alternate outcome cannot be ruled out: 1,2
Full audit not possible
PARTIAL audit sample size: 101
------------------------------------------------
Final set of assertions generated:
(0, 'AG', 3, 22)
1 NL 7 = 31 [rules out (7, 3), G = {3, 4}, O = set()]
1 NL 7 = 31 [rules out (7, 6), G = {3, 4}, O = set()]
1 NL 2 = 36 [rules out (2, 6), G = {3, 4, 6}, O = set()]
(0, 'AG', 6, 35)
1 NL 5 = 29 [rules out (5, 6), G = {3}, O = set()]
(0, 'AG', 4, 31)
1 NL 7 = 31 [rules out (7, 2), G = {3, 4}, O = set()]
1 NL 3 = 32 [rules out (3, 2), G = {3, 4}, O = set()]
1 NL 3 = 32 [rules out (3, 6), G = {3, 4}, O = set()]
6 NL 7 = 101 [rules out (7, 1), G = {3}, O = set()]
(5, 'AG', 3, 87)
1 NL 5 = 30 [rules out (5, 2), G = {3}, O = set()]
1 NL 5 = 30 [rules out (7, 5), G = {3}, O = set()]

1 NL 5 = 29 [rules out (5, 3), G = {3}, O = set()]
[1] are verified winners with these assertions.
[2, 3, 5, 6] remain as potential winners in this audit.
------------------------------------------------
