VALID BALLOTS 4257
24 ballot checks required to assert that first winner has a quota's worth of votes
AUD TV 0.2650359314538419, ss 79
AG*(1,3) = 140
AG*(1,4) = 4257
AG*(1,6) = 275
AG*(1,3) = 140
AG*(1,4) = 4257
AG*(1,6) = 275
AG*(2,1) = 64
AG*(2,3) = 56
AG*(2,4) = 40
AG*(2,5) = 53
AG*(2,6) = 21
AG*(5,6) = 115
NL(1,6) = 35, AG*'s used 115
NL(1,4) = 51, AG*'s used 140
NL(1,3) = 140, AG*'s used 0
NL(1,5) = 177, AG*'s used 4257
Max in loop 4257, 0.2650359314538419
AUD TV 0.3150359314538419, ss 37
AG*(1,3) = 147
AG*(1,6) = 618
AG*(1,3) = 147
AG*(1,6) = 618
AG*(2,1) = 64
AG*(2,3) = 56
AG*(2,4) = 40
AG*(2,5) = 53
AG*(2,6) = 21
AG*(5,6) = 122
NL(1,6) = 36, AG*'s used 122
NL(1,4) = 54, AG*'s used 147
NL(1,3) = 147, AG*'s used 0
NL(1,5) = 333, AG*'s used 4257
Max in loop 4257, 0.3150359314538419
AUD TV 0.3650359314538419, ss 22
AG*(1,3) = 154
AG*(1,6) = 4253
AG*(1,3) = 154
AG*(1,6) = 4253
AG*(2,1) = 64
AG*(2,3) = 56
AG*(2,4) = 40
AG*(2,5) = 53
AG*(2,6) = 21
AG*(5,6) = 130
NL(1,6) = 36, AG*'s used 130
NL(1,4) = 57, AG*'s used 154
NL(1,3) = 154, AG*'s used 0
NL(1,5) = 4257, AG*'s used 4257
Max in loop 4257, 0.3650359314538419
AUD TV 0.4150359314538419, ss 15
AG*(1,3) = 163
AG*(1,3) = 163
AG*(2,1) = 64
AG*(2,3) = 56
AG*(2,4) = 40
AG*(2,5) = 53
AG*(2,6) = 21
AG*(5,6) = 138
NL(1,6) = 37, AG*'s used 138
NL(1,4) = 61, AG*'s used 163
NL(1,3) = 163, AG*'s used 0
NL(1,5) NOT POSSIBLE
Max in loop inf, 0.4150359314538419
Breaking out of inner loop inf > 4257
Sample size to show min tv of 0.10751796572692095 is 44
AUD TV 0.2650359314538419, ss 79
AG*(1,3) = 136
AG*(1,4) = 2740
AG*(1,6) = 258
AG*(1,3) = 136
AG*(1,4) = 2740
AG*(1,6) = 258
AG*(2,1) = 64
AG*(2,3) = 56
AG*(2,4) = 40
AG*(2,5) = 53
AG*(2,6) = 21
AG*(5,6) = 75
NL(1,6) = 35, AG*'s used 75
NL(1,4) = 50, AG*'s used 136
NL(1,3) = 136, AG*'s used 0
NL(1,5) = 165, AG*'s used 2740
Max in loop 2740, 0.2650359314538419
AUD TV 0.3150359314538419, ss 37
AG*(1,3) = 142
AG*(1,6) = 553
AG*(1,3) = 142
AG*(1,6) = 553
AG*(2,1) = 64
AG*(2,3) = 56
AG*(2,4) = 40
AG*(2,5) = 53
AG*(2,6) = 21
AG*(5,6) = 78
NL(1,6) = 35, AG*'s used 78
NL(1,4) = 53, AG*'s used 142
NL(1,3) = 142, AG*'s used 0
NL(1,5) = 294, AG*'s used 2740
Max in loop 2740, 0.3150359314538419
AUD TV 0.3650359314538419, ss 22
AG*(1,3) = 149
AG*(1,6) = 2546
AG*(1,3) = 149
AG*(1,6) = 2546
AG*(2,1) = 64
AG*(2,3) = 56
AG*(2,4) = 40
AG*(2,5) = 53
AG*(2,6) = 21
AG*(5,6) = 81
NL(1,6) = 36, AG*'s used 81
NL(1,4) = 56, AG*'s used 149
NL(1,3) = 149, AG*'s used 0
NL(1,5) = 2711, AG*'s used 2740
Max in loop 2740, 0.3650359314538419
AUD TV 0.4150359314538419, ss 15
AG*(1,3) = 156
AG*(1,3) = 156
AG*(2,1) = 64
AG*(2,3) = 56
AG*(2,4) = 40
AG*(2,5) = 53
AG*(2,6) = 21
AG*(5,6) = 84
NL(1,6) = 37, AG*'s used 84
NL(1,4) = 60, AG*'s used 156
NL(1,3) = 156, AG*'s used 0
NL(1,5) NOT POSSIBLE
Max in loop inf, 0.4150359314538419
Breaking out of inner loop inf > 2740
New mintv = 0.15751796572692095
Sample size to show min tv of 0.15751796572692095 is 78
AUD TV 0.2650359314538419, ss 79
AG*(1,3) = 134
AG*(1,4) = 2089
AG*(1,6) = 251
AG*(1,3) = 134
AG*(1,4) = 2089
AG*(1,6) = 251
AG*(2,1) = 64
AG*(2,3) = 56
AG*(2,4) = 40
AG*(2,5) = 53
AG*(2,6) = 21
AG*(5,6) = 64
NL(1,6) = 35, AG*'s used 64
NL(1,4) = 50, AG*'s used 134
NL(1,3) = 134, AG*'s used 0
NL(1,5) = 160, AG*'s used 2089
Max in loop 2089, 0.2650359314538419
AUD TV 0.3150359314538419, ss 37
AG*(1,3) = 140
AG*(1,6) = 528
AG*(1,3) = 140
AG*(1,6) = 528
AG*(2,1) = 64
AG*(2,3) = 56
AG*(2,4) = 40
AG*(2,5) = 53
AG*(2,6) = 21
AG*(5,6) = 66
NL(1,6) = 35, AG*'s used 66
NL(1,4) = 53, AG*'s used 140
NL(1,3) = 140, AG*'s used 0
NL(1,5) = 279, AG*'s used 2089
Max in loop 2089, 0.3150359314538419
AUD TV 0.3650359314538419, ss 22
AG*(1,3) = 146
AG*(1,6) = 2044
AG*(1,3) = 146
AG*(1,6) = 2044
AG*(2,1) = 64
AG*(2,3) = 56
AG*(2,4) = 40
AG*(2,5) = 53
AG*(2,6) = 21
AG*(5,6) = 69
NL(1,6) = 36, AG*'s used 69
NL(1,4) = 56, AG*'s used 146
NL(1,3) = 146, AG*'s used 0
NL(1,5) = 1914, AG*'s used 2089
Max in loop 2089, 0.3650359314538419
AUD TV 0.4150359314538419, ss 15
AG*(1,3) = 154
AG*(1,3) = 154
AG*(2,1) = 64
AG*(2,3) = 56
AG*(2,4) = 40
AG*(2,5) = 53
AG*(2,6) = 21
AG*(5,6) = 71
NL(1,6) = 37, AG*'s used 71
NL(1,4) = 59, AG*'s used 154
NL(1,3) = 154, AG*'s used 0
NL(1,5) NOT POSSIBLE
Max in loop inf, 0.4150359314538419
Breaking out of inner loop inf > 2089
New mintv = 0.20751796572692094
Sample size to show min tv of 0.20751796572692094 is 701
AUD TV 0.2650359314538419, ss 79
AG*(1,3) = 132
AG*(1,4) = 1849
AG*(1,6) = 244
AG*(1,3) = 132
AG*(1,4) = 1849
AG*(1,6) = 244
AG*(2,1) = 64
AG*(2,3) = 56
AG*(2,4) = 40
AG*(2,5) = 53
AG*(2,6) = 21
AG*(5,6) = 56
NL(1,6) = 35, AG*'s used 56
NL(1,4) = 50, AG*'s used 132
NL(1,3) = 132, AG*'s used 0
NL(1,5) = 155, AG*'s used 1849
Max in loop 1849, 0.2650359314538419
AUD TV 0.3150359314538419, ss 37
AG*(1,3) = 138
AG*(1,6) = 448
AG*(1,3) = 138
AG*(1,6) = 448
AG*(2,1) = 64
AG*(2,3) = 56
AG*(2,4) = 40
AG*(2,5) = 53
AG*(2,6) = 21
AG*(5,6) = 58
NL(1,6) = 35, AG*'s used 58
NL(1,4) = 52, AG*'s used 138
NL(1,3) = 138, AG*'s used 0
NL(1,5) = 265, AG*'s used 1849
Max in loop 1849, 0.3150359314538419
AUD TV 0.3650359314538419, ss 22
AG*(1,3) = 144
AG*(1,6) = 1814
AG*(1,3) = 144
AG*(1,6) = 1814
AG*(2,1) = 64
AG*(2,3) = 56
AG*(2,4) = 40
AG*(2,5) = 53
AG*(2,6) = 21
AG*(5,6) = 60
NL(1,6) = 36, AG*'s used 60
NL(1,4) = 55, AG*'s used 144
NL(1,3) = 144, AG*'s used 0
NL(1,5) = 1375, AG*'s used 1849
Max in loop 1849, 0.3650359314538419
AUD TV 0.4150359314538419, ss 15
AG*(1,3) = 151
AG*(1,3) = 151
AG*(2,1) = 64
AG*(2,3) = 56
AG*(2,4) = 40
AG*(2,5) = 53
AG*(2,6) = 21
AG*(5,6) = 62
NL(1,6) = 36, AG*'s used 62
NL(1,4) = 59, AG*'s used 151
NL(1,3) = 151, AG*'s used 0
NL(1,5) NOT POSSIBLE
Max in loop inf, 0.4150359314538419
Breaking out of inner loop inf > 1849
New mintv = 0.2575179657269209
Sample size required for audit is 1849 ballots
------------------------------------------------
Assertion set BEFORE filtering:
(1, 'MT', None, (0.3650359314538419, 22))
(0, 'AG*', 2, 144)
(0, 'AG*', 5, 1814)
(0, 'NL', 4, 1849)
(0, 'NL', 5, 60)
(0, 'NL', 3, 144)
(0, 'AG*', 3, 1849)
(1, 'QT', None, 24)
(1, 'LT', None, (0.20751796572692094, 701))
(0, 'NL', 2, 144)
(4, 'AG', 5, 60)
------------------------------------------------
Final set of assertions AFTER filtering:
(1, 'MT', None, (0.3650359314538419, 22))
(0, 'AG*', 2, 144)
(0, 'AG*', 5, 1814)
(0, 'NL', 4, 1849)
(0, 'NL', 5, 60)
(0, 'NL', 3, 144)
(0, 'AG*', 3, 1849)
(1, 'QT', None, 24)
(1, 'LT', None, (0.20751796572692094, 701))
(0, 'NL', 2, 144)
(4, 'AG', 5, 60)
------------------------------------------------
Explanations for AG* inclusion:
   Explanation for (0, 'AG*', 2, 144): []
   Explanation for (0, 'AG*', 5, 1814): []
   Explanation for (0, 'AG*', 3, 1849): []
   Explanation for (4, 'AG', 5, 60): []
------------------------------------------------
