VALID BALLOTS 5996
841 ballot checks required to assert that first winner has a quota's worth of votes
AUD TV 0.05990589400693413, ss 128
AG*(7,3) = 36
AG*(7,5) = 90
AG*(7,6) = 26
AG*(1,6) = 63
AG*(2,6) = 237
AG*(4,1) = 88
AG*(4,2) = 93
AG*(4,3) = 28
AG*(4,5) = 36
AG*(4,6) = 18
AG*(5,6) = 100
AG*(7,3) = 36
AG*(7,5) = 90
AG*(7,6) = 26
NL(7,6) = 26, AG*'s used 0
NL(7,3) = 35, AG*'s used 26
NL(7,2) = 241, AG*'s used 90
NL(7,5) = 61, AG*'s used 36
NL(7,1) = 233, AG*'s used 90
Max in loop 841, 0.05990589400693413
AUD TV 0.10990589400693412, ss 60
AG*(7,3) = 37
AG*(7,5) = 126
AG*(7,6) = 26
AG*(1,6) = 65
AG*(2,6) = 267
AG*(4,1) = 88
AG*(4,2) = 93
AG*(4,3) = 28
AG*(4,5) = 36
AG*(4,6) = 18
AG*(5,6) = 100
AG*(7,3) = 37
AG*(7,5) = 126
AG*(7,6) = 26
NL(7,6) = 26, AG*'s used 0
NL(7,3) = 35, AG*'s used 26
NL(7,2) = 249, AG*'s used 126
NL(7,5) = 76, AG*'s used 37
NL(7,1) = 240, AG*'s used 126
Max in loop 841, 0.10990589400693412
AUD TV 0.1599058940069341, ss 38
AG*(7,3) = 37
AG*(7,5) = 211
AG*(7,6) = 26
AG*(1,6) = 67
AG*(2,6) = 304
AG*(4,1) = 88
AG*(4,2) = 93
AG*(4,3) = 28
AG*(4,5) = 36
AG*(4,6) = 18
AG*(5,6) = 101
AG*(7,3) = 37
AG*(7,5) = 211
AG*(7,6) = 26
NL(7,6) = 26, AG*'s used 0
NL(7,3) = 36, AG*'s used 26
NL(7,2) = 256, AG*'s used 211
NL(7,5) = 100, AG*'s used 37
NL(7,1) = 247, AG*'s used 211
Max in loop 841, 0.1599058940069341
AUD TV 0.2099058940069341, ss 26
AG*(7,3) = 38
AG*(7,5) = 722
AG*(7,6) = 26
AG*(1,6) = 70
AG*(2,6) = 353
AG*(4,1) = 88
AG*(4,2) = 93
AG*(4,3) = 28
AG*(4,5) = 36
AG*(4,6) = 18
AG*(5,6) = 101
AG*(7,3) = 38
AG*(7,5) = 722
AG*(7,6) = 26
NL(7,6) = 26, AG*'s used 0
NL(7,3) = 36, AG*'s used 26
NL(7,2) = 265, AG*'s used 722
NL(7,5) = 147, AG*'s used 38
NL(7,1) = 721, AG*'s used 38
Max in loop 841, 0.2099058940069341
AUD TV 0.2599058940069341, ss 20
AG*(7,3) = 38
AG*(7,6) = 26
AG*(1,6) = 72
AG*(2,6) = 422
AG*(4,1) = 88
AG*(4,2) = 93
AG*(4,3) = 28
AG*(4,5) = 36
AG*(4,6) = 18
AG*(5,6) = 101
AG*(7,3) = 38
AG*(7,6) = 26
NL(7,6) = 26, AG*'s used 0
NL(7,3) = 36, AG*'s used 26
NL(7,2) = 274, AG*'s used 722
NL(7,5) = 277, AG*'s used 38
NL(7,1) = 262, AG*'s used 722
Max in loop 841, 0.2599058940069341
AUD TV 0.3099058940069341, ss 15
AG*(7,3) = 38
AG*(7,6) = 27
AG*(1,6) = 75
AG*(2,6) = 523
AG*(4,1) = 88
AG*(4,2) = 93
AG*(4,3) = 28
AG*(4,5) = 36
AG*(4,6) = 18
AG*(5,6) = 101
AG*(7,3) = 38
AG*(7,6) = 27
NL(7,6) = 27, AG*'s used 0
NL(7,3) = 37, AG*'s used 27
NL(7,2) = 283, AG*'s used 722
NL(7,5) = 5942, AG*'s used 38
NL(7,1) = 270, AG*'s used 722
Max in loop 5942, 0.3099058940069341
Breaking out of inner loop 5942 > 841
Sample size to show min tv of 0.004952947003467063 is 2323
Sample size required for audit is 841 ballots
------------------------------------------------
Assertion set BEFORE filtering:
(6, 'NL', 1, 722)
(3, 'MT', None, (0.2599058940069341, 20))
(6, 'NL', 5, 26)
(6, 'AG*', 4, 722)
(6, 'AG*', 5, 26)
(6, 'NL', 2, 36)
(6, 'AG*', 2, 38)
(6, 'NL', 4, 277)
(3, 'QT', None, 841)
(6, 'NL', 0, 722)
------------------------------------------------
Final set of assertions AFTER filtering:
(6, 'NL', 1, 722)
(3, 'MT', None, (0.2599058940069341, 20))
(6, 'NL', 5, 26)
(6, 'AG*', 4, 722)
(6, 'AG*', 5, 26)
(6, 'NL', 2, 36)
(6, 'AG*', 2, 38)
(6, 'NL', 4, 277)
(3, 'QT', None, 841)
(6, 'NL', 0, 722)
------------------------------------------------
Explanations for AG* inclusion:
   Explanation for (6, 'AG*', 4, 722): []
   Explanation for (6, 'AG*', 5, 26): []
   Explanation for (6, 'AG*', 2, 38): []
------------------------------------------------
