VALID BALLOTS 3826
Winner 5
Winner 2
Computing AG relationships
5 AG 4 = 22
5 AG 8 = 20
5 AG 6 = 19
5 AG 1 = 30
5 AG 3 = 27
2 AG 4 = 28
2 AG 8 = 31
2 AG 6 = 53
2 AG 1 = 65
2 AG 3 = 31
Ruling out candidates: [(4, 28), (8, 31), (6, 53), (1, 65), (3, 31)]
STAGE 1 ASN (Ruling out candidates): 65
RULE OUT PAIR STAGE ASN 0
------------------------------------------------
FULL audit sample size: 65
------------------------------------------------
Final set of assertions generated:
(4, 'AG', 5, 19)
(1, 'AG', 3, 28)
(4, 'AG', 2, 27)
(4, 'AG', 7, 20)
(4, 'AG', 3, 22)
(1, 'AG', 7, 31)
(1, 'AG', 5, 53)
(4, 'AG', 0, 30)
(1, 'AG', 2, 31)
(1, 'AG', 0, 65)
All winners are verified in audit.
------------------------------------------------
