VALID BALLOTS 3687
62 ballot checks required to assert that first winner has a quota's worth of votes
AUD TV 0.14824046920821116, ss 106
AG*(6,2) = 174
AG*(6,4) = 540
AG*(6,5) = 57
AG*(3,1) = 88
AG*(3,2) = 47
AG*(3,5) = 26
AG*(4,5) = 414
AG*(6,2) = 174
AG*(6,4) = 540
AG*(6,5) = 57
NL(6,5) = 57, AG*'s used 0
NL(6,2) = 153, AG*'s used 57
NL(6,4) = 240, AG*'s used 174
NL(6,1) = 33, AG*'s used 540
Max in loop 540, 0.14824046920821116
AUD TV 0.19824046920821115, ss 49
AG*(6,2) = 242
AG*(6,4) = 698
AG*(6,5) = 63
AG*(3,1) = 88
AG*(3,2) = 47
AG*(3,5) = 26
AG*(4,5) = 1732
AG*(6,2) = 242
AG*(6,4) = 698
AG*(6,5) = 63
NL(6,5) = 63, AG*'s used 0
NL(6,2) = 204, AG*'s used 63
NL(6,4) = 257, AG*'s used 242
NL(6,1) = 35, AG*'s used 698
Max in loop 698, 0.19824046920821115
Breaking out of inner loop 698 > 540
Sample size to show min tv of 0.04912023460410557 is 119
AUD TV 0.14824046920821116, ss 106
AG*(6,2) = 170
AG*(6,4) = 510
AG*(6,5) = 57
AG*(3,1) = 88
AG*(3,2) = 47
AG*(3,5) = 26
AG*(4,5) = 403
AG*(6,2) = 170
AG*(6,4) = 510
AG*(6,5) = 57
NL(6,5) = 57, AG*'s used 0
NL(6,2) = 149, AG*'s used 57
NL(6,4) = 227, AG*'s used 170
NL(6,1) = 32, AG*'s used 510
Max in loop 510, 0.14824046920821116
AUD TV 0.19824046920821115, ss 49
AG*(6,2) = 235
AG*(6,4) = 652
AG*(6,5) = 62
AG*(3,1) = 88
AG*(3,2) = 47
AG*(3,5) = 26
AG*(4,5) = 1496
AG*(6,2) = 235
AG*(6,4) = 652
AG*(6,5) = 62
NL(6,5) = 62, AG*'s used 0
NL(6,2) = 196, AG*'s used 62
NL(6,4) = 242, AG*'s used 235
NL(6,1) = 34, AG*'s used 652
Max in loop 652, 0.19824046920821115
Breaking out of inner loop 652 > 510
New mintv = 0.09912023460410557
Sample size required for audit is 510 ballots
------------------------------------------------
Assertion set BEFORE filtering:
(2, 'LT', None, (0.04912023460410557, 119))
(2, 'QT', None, 62)
(5, 'NL', 4, 57)
(5, 'AG*', 1, 170)
(5, 'AG*', 4, 57)
(5, 'AG*', 3, 510)
(5, 'NL', 3, 227)
(2, 'MT', None, (0.14824046920821116, 106))
(5, 'NL', 0, 510)
(5, 'NL', 1, 149)
------------------------------------------------
Final set of assertions AFTER filtering:
(2, 'LT', None, (0.04912023460410557, 119))
(2, 'QT', None, 62)
(5, 'NL', 4, 57)
(5, 'AG*', 1, 170)
(5, 'AG*', 4, 57)
(5, 'AG*', 3, 510)
(5, 'NL', 3, 227)
(2, 'MT', None, (0.14824046920821116, 106))
(5, 'NL', 0, 510)
(5, 'NL', 1, 149)
------------------------------------------------
Explanations for AG* inclusion:
   Explanation for (5, 'AG*', 1, 170): []
   Explanation for (5, 'AG*', 4, 57): []
   Explanation for (5, 'AG*', 3, 510): []
------------------------------------------------
