VALID BALLOTS 5538
Winner 3
Winner 2
Computing AG relationships
3 AG 6 = 96
3 AG 7 = 46
3 AG 1 = 86
2 AG 6 = 39
2 AG 1 = 142
2 AG 5 = 64
Ruling out candidates: [(6, 96), (1, 142)]
STAGE 1 ASN (Ruling out candidates): 142
ALTERNATE OUTCOME PAIR: 7,3
   (1) can we show that 5 NL 3?
        a. margin -0.3333333333333327
      no
   (1) can we show that 5 NL 7?
        a. margin -0.20518839532924016
      no
   (1) can we show that 2 NL 3?
        a. margin -0.05098110027687652
      no
   (1) can we show that 2 NL 7?
        a. margin 0.05284699650896951
      yes, 86, ags used 64 = 86
   (1) can we show that 2 NL 3?
        a. margin -0.05098110027687652
      no
   (1) can we show that 2 NL 7?
        a. margin 0.05284699650896951
      yes, 86, ags used 64 = 86
      Best assertion(s) require sample: 86

ALTERNATE OUTCOME PAIR: 7,5
   (1) can we show that 3 NL 5?
        a. margin 0.13109425785482065
      yes, 34, ags used 64 = 64
   (1) can we show that 3 NL 7?
        a. margin 0.10376790658480717
      yes, 44, ags used 0 = 44
   (1) can we show that 2 NL 5?
        a. margin 0.07493680028891192
      yes, 55, ags used 39 = 55
   (1) can we show that 2 NL 7?
        a. margin 0.14409534127843915
      yes, 31, ags used 46 = 46
   (1) can we show that 2 NL 5?
        a. margin 0.07493680028891192
      yes, 55, ags used 39 = 55
   (1) can we show that 2 NL 7?
        a. margin 0.14409534127843915
      yes, 31, ags used 46 = 46
      Best assertion(s) require sample: 44

ALTERNATE OUTCOME PAIR: 7,2
   (1) can we show that 3 NL 2?
        a. margin -0.1005778259299388
      no
   (1) can we show that 3 NL 7?
        a. margin 0.10762007945106533
      yes, 42, ags used 0 = 42
   (1) can we show that 5 NL 2?
        a. margin -0.2145178764897081
      no
   (1) can we show that 5 NL 7?
        a. margin 0.0006620922113877992
      yes, 5538, ags used 46 = 5538
      Best assertion(s) require sample: 42

ALTERNATE OUTCOME PAIR: 7,2
   (1) can we show that 3 NL 2?
        a. margin -0.1005778259299388
      no
   (1) can we show that 3 NL 7?
        a. margin 0.10762007945106533
      yes, 42, ags used 0 = 42
   (1) can we show that 5 NL 2?
        a. margin -0.2145178764897081
      no
   (1) can we show that 5 NL 7?
        a. margin 0.0006620922113877992
      yes, 5538, ags used 46 = 5538
      Best assertion(s) require sample: 42

ALTERNATE OUTCOME PAIR: 3,5
   (1) can we show that 7 NL 5?
        a. margin -0.05621764776694349
      no
   (1) can we show that 7 NL 3?
        a. margin -0.3885879378837118
      no
   (1) can we show that 2 NL 5?
        a. margin 0.08035391838208783
      yes, 52, ags used 39 = 52
   (1) can we show that 2 NL 3?
        a. margin -0.18556638979174267
      no
   (1) can we show that 2 NL 5?
        a. margin 0.08035391838208783
      yes, 52, ags used 39 = 52
   (1) can we show that 2 NL 3?
        a. margin -0.18556638979174267
      no
      Best assertion(s) require sample: 52

ALTERNATE OUTCOME PAIR: 5,2
   (1) can we show that 7 NL 2?
        a. margin -0.30179366799085017
      no
   (1) can we show that 7 NL 5?
        a. margin -0.23775129408932216
      no
   (1) can we show that 3 NL 2?
        a. margin 0.006139400505596138
      yes, 929, ags used 96 = 929
   (1) can we show that 3 NL 5?
        a. margin 0.02834958468761295
      yes, 73, ags used 86 = 86
      Best assertion(s) require sample: 86

ALTERNATE OUTCOME PAIR: 5,2
   (1) can we show that 7 NL 2?
        a. margin -0.30179366799085017
      no
   (1) can we show that 7 NL 5?
        a. margin -0.23775129408932216
      no
   (1) can we show that 3 NL 2?
        a. margin 0.006139400505596138
      yes, 929, ags used 96 = 929
   (1) can we show that 3 NL 5?
        a. margin 0.02834958468761295
      yes, 73, ags used 86 = 86
      Best assertion(s) require sample: 86

RULE OUT PAIR STAGE ASN 86
------------------------------------------------
EXAMINING WAYS TO REDUCE COST OF AUDIT
ALTERNATE OUTCOME PAIR: 1,7
   (1) can we show that 3 NL 7?
        a. margin 0.10142048874443232
      yes, 45, ags used 0 = 45
   (1) can we show that 3 NL 1?
        a. margin 0.053689659323461925
      yes, 85, ags used 0 = 85
   (1) can we show that 5 NL 7?
        a. margin 0.002708559046587178
      yes, 3764, ags used 46 = 3764
   (1) can we show that 5 NL 1?
        a. margin -0.016311544480559492
      no
   (1) can we show that 2 NL 7?
        a. margin 0.14644275911881555
      yes, 31, ags used 46 = 46
   (1) can we show that 2 NL 1?
        a. margin 0.03707716383772608
      yes, 29, ags used 64 = 64
   (1) can we show that 2 NL 7?
        a. margin 0.14644275911881555
      yes, 31, ags used 46 = 46
   (1) can we show that 2 NL 1?
        a. margin 0.03707716383772608
      yes, 29, ags used 64 = 64
      Best assertion(s) require sample: 45

ALTERNATE OUTCOME PAIR: 1,3
   (1) can we show that 7 NL 3?
        a. margin -0.38395329240399656
      no
   (1) can we show that 7 NL 1?
        a. margin -0.06590827013362244
      no
   (1) can we show that 5 NL 3?
        a. margin -0.34109786926688335
      no
   (1) can we show that 5 NL 1?
        a. margin -0.08125677139761645
      no
   (1) can we show that 2 NL 3?
        a. margin -0.0748766100878776
      no
   (1) can we show that 2 NL 1?
        a. margin 0.05037919826652293
      yes, 27, ags used 64 = 64
   (1) can we show that 2 NL 3?
        a. margin -0.0748766100878776
      no
   (1) can we show that 2 NL 1?
        a. margin 0.05037919826652293
      yes, 27, ags used 64 = 64
      Best assertion(s) require sample: 64

ALTERNATE OUTCOME PAIR: 1,5
   (1) can we show that 7 NL 5?
        a. margin -0.05766221259179005
      no
   (1) can we show that 7 NL 1?
        a. margin -0.0514626218851566
      no
   (1) can we show that 3 NL 5?
        a. margin 0.19501625135427947
      yes, 23, ags used 64 = 64
   (1) can we show that 3 NL 1?
        a. margin 0.060792103045623325
      yes, 36, ags used 46 = 46
   (1) can we show that 2 NL 5?
        a. margin 0.07403394727338397
      yes, 56, ags used 39 = 56
   (1) can we show that 2 NL 1?
        a. margin 0.0326832791621523
      yes, 36, ags used 86 = 86
   (1) can we show that 2 NL 5?
        a. margin 0.07403394727338397
      yes, 56, ags used 39 = 56
   (1) can we show that 2 NL 1?
        a. margin 0.0326832791621523
      yes, 36, ags used 86 = 86
      Best assertion(s) require sample: 46

ALTERNATE OUTCOME PAIR: 1,2
   (1) can we show that 7 NL 2?
        a. margin -0.33200914891055744
      no
   (1) can we show that 7 NL 1?
        a. margin -0.10798122065727678
      no
   (1) can we show that 3 NL 2?
        a. margin -0.06115324425183588
      no
   (1) can we show that 3 NL 1?
        a. margin 0.06819549777296263
      yes, 34, ags used 46 = 46
   (1) can we show that 5 NL 2?
        a. margin -0.21132779583483818
      no
   (1) can we show that 5 NL 1?
        a. margin -0.021909233176838794
      no
      Best assertion(s) require sample: 46

ALTERNATE OUTCOME PAIR: 1,2
   (1) can we show that 7 NL 2?
        a. margin -0.33200914891055744
      no
   (1) can we show that 7 NL 1?
        a. margin -0.10798122065727678
      no
   (1) can we show that 3 NL 2?
        a. margin -0.06115324425183588
      no
   (1) can we show that 3 NL 1?
        a. margin 0.06819549777296263
      yes, 34, ags used 46 = 46
   (1) can we show that 5 NL 2?
        a. margin -0.21132779583483818
      no
   (1) can we show that 5 NL 1?
        a. margin -0.021909233176838794
      no
      Best assertion(s) require sample: 46

0 ruled out by pairs, sample size 64
STAGE 1 ASN NOW 96
NEW RULE OUT PAIR STAGE ASN 86
ALTERNATE OUTCOME PAIR: 6,7
   (1) can we show that 1 NL 7?
        a. margin -0.04442036836402963
      no
   (1) can we show that 1 NL 6?
        a. margin 0.04411941735885261
      yes, 103, ags used 96 = 103
   (1) can we show that 3 NL 7?
        a. margin 0.10075839653304297
      yes, 45, ags used 0 = 45
   (1) can we show that 3 NL 6?
        a. margin 0.04803178042614609
      yes, 22, ags used 39 = 39
   (1) can we show that 5 NL 7?
        a. margin 0.0015047550258824316
      yes, 5538, ags used 46 = 5538
   (1) can we show that 5 NL 6?
        a. margin 0.061875526664257885
      yes, 74, ags used 96 = 96
   (1) can we show that 2 NL 7?
        a. margin 0.13819670157698205
      yes, 33, ags used 46 = 46
   (1) can we show that 2 NL 6?
        a. margin 0.12068135307571803
      yes, 37, ags used 0 = 37
   (1) can we show that 2 NL 7?
        a. margin 0.13819670157698205
      yes, 33, ags used 46 = 46
   (1) can we show that 2 NL 6?
        a. margin 0.12068135307571803
      yes, 37, ags used 0 = 37
      Best assertion(s) require sample: 37

ALTERNATE OUTCOME PAIR: 6,1
   (1) can we show that 7 NL 1?
        a. margin -0.05049957866859245
      no
   (1) can we show that 7 NL 6?
        a. margin 0.01444564824846517
      yes, 177, ags used 96 = 177
   (1) can we show that 3 NL 1?
        a. margin 0.05573612615866064
      yes, 38, ags used 46 = 46
   (1) can we show that 3 NL 6?
        a. margin 0.0517635728903334
      yes, 22, ags used 39 = 39
   (1) can we show that 5 NL 1?
        a. margin -0.015408691465030211
      no
   (1) can we show that 5 NL 6?
        a. margin 0.06470446611291703
      yes, 70, ags used 96 = 96
   (1) can we show that 2 NL 1?
        a. margin 0.03412784398699853
      yes, 32, ags used 64 = 64
   (1) can we show that 2 NL 6?
        a. margin 0.1215842060912482
      yes, 37, ags used 0 = 37
   (1) can we show that 2 NL 1?
        a. margin 0.03412784398699853
      yes, 32, ags used 64 = 64
   (1) can we show that 2 NL 6?
        a. margin 0.1215842060912482
      yes, 37, ags used 0 = 37
      Best assertion(s) require sample: 37

ALTERNATE OUTCOME PAIR: 6,3
   (1) can we show that 7 NL 3?
        a. margin -0.395389430600698
      no
   (1) can we show that 7 NL 6?
        a. margin 0.013061273624653591
      yes, 346, ags used 39 = 346
   (1) can we show that 1 NL 3?
        a. margin -0.40664499819429345
      no
   (1) can we show that 1 NL 6?
        a. margin 0.004995786685928483
      yes, 1373, ags used 39 = 1373
   (1) can we show that 5 NL 3?
        a. margin -0.35367762128325453
      no
   (1) can we show that 5 NL 6?
        a. margin 0.0036716022631522183
      yes, 2624, ags used 39 = 2624
   (1) can we show that 2 NL 3?
        a. margin -0.08775731310942692
      no
   (1) can we show that 2 NL 6?
        a. margin 0.12995064403515122
      yes, 35, ags used 0 = 35
   (1) can we show that 2 NL 3?
        a. margin -0.08775731310942692
      no
   (1) can we show that 2 NL 6?
        a. margin 0.12995064403515122
      yes, 35, ags used 0 = 35
      Best assertion(s) require sample: 35

ALTERNATE OUTCOME PAIR: 6,5
   (1) can we show that 7 NL 5?
        a. margin -0.05766221259178972
      no
   (1) can we show that 7 NL 6?
        a. margin 0.01191765980498416
      yes, 192, ags used 96 = 192
   (1) can we show that 1 NL 5?
        a. margin -0.0660286505356924
      no
   (1) can we show that 1 NL 6?
        a. margin 0.044841699771275945
      yes, 102, ags used 96 = 102
   (1) can we show that 3 NL 5?
        a. margin 0.19573853376670214
      yes, 23, ags used 64 = 64
   (1) can we show that 3 NL 6?
        a. margin 0.06410256410256321
      yes, 22, ags used 39 = 39
   (1) can we show that 2 NL 5?
        a. margin 0.073552425665101
      yes, 62, ags used 0 = 62
   (1) can we show that 2 NL 6?
        a. margin 0.1173107018177435
      yes, 39, ags used 0 = 39
   (1) can we show that 2 NL 5?
        a. margin 0.073552425665101
      yes, 62, ags used 0 = 62
   (1) can we show that 2 NL 6?
        a. margin 0.1173107018177435
      yes, 39, ags used 0 = 39
      Best assertion(s) require sample: 39

ALTERNATE OUTCOME PAIR: 6,2
   (1) can we show that 7 NL 2?
        a. margin -0.3336944745395446
      no
   (1) can we show that 7 NL 6?
        a. margin -0.09522089803779954
      no
   (1) can we show that 1 NL 2?
        a. margin -0.3343565667509324
      no
   (1) can we show that 1 NL 6?
        a. margin -0.06524617792223475
      no
   (1) can we show that 3 NL 2?
        a. margin -0.03322499097147047
      no
   (1) can we show that 3 NL 6?
        a. margin 0.08149753220175726
      yes, 31, ags used 46 = 46
   (1) can we show that 5 NL 2?
        a. margin -0.21415673528349555
      no
   (1) can we show that 5 NL 6?
        a. margin 0.054050800529673815
      yes, 84, ags used 96 = 96
      Best assertion(s) require sample: 46

ALTERNATE OUTCOME PAIR: 6,2
   (1) can we show that 7 NL 2?
        a. margin -0.3336944745395446
      no
   (1) can we show that 7 NL 6?
        a. margin -0.09522089803779954
      no
   (1) can we show that 1 NL 2?
        a. margin -0.3343565667509324
      no
   (1) can we show that 1 NL 6?
        a. margin -0.06524617792223475
      no
   (1) can we show that 3 NL 2?
        a. margin -0.03322499097147047
      no
   (1) can we show that 3 NL 6?
        a. margin 0.08149753220175726
      yes, 31, ags used 46 = 46
   (1) can we show that 5 NL 2?
        a. margin -0.21415673528349555
      no
   (1) can we show that 5 NL 6?
        a. margin 0.054050800529673815
      yes, 84, ags used 96 = 96
      Best assertion(s) require sample: 46

5 ruled out by pairs, sample size 46
STAGE 1 ASN NOW 0
NEW RULE OUT PAIR STAGE ASN 86
------------------------------------------------
FULL audit sample size: 86
------------------------------------------------
Final set of assertions generated:
2 NL 6 = 37 [rules out (6, 1), G = set(), O = set()]
3 NL 7 = 44 [rules out (7, 5), G = set(), O = set()]
2 NL 6 = 37 [rules out (6, 7), G = set(), O = set()]
2 NL 7 = 86 [rules out (7, 3), G = {4, 5}, O = set()]
2 NL 5 = 52 [rules out (3, 5), G = {5}, O = set()]

3 NL 5 = 86 [rules out (5, 2), G = {0, 6}, O = set()]
(1, 'AG', 4, 64)
3 NL 6 = 46 [rules out (6, 2), G = {6}, O = set()]
(2, 'AG', 0, 86)
3 NL 1 = 46 [rules out (1, 5), G = {6}, O = set()]
2 NL 6 = 35 [rules out (6, 3), G = set(), O = set()]
(1, 'AG', 5, 39)
3 NL 7 = 42 [rules out (7, 2), G = set(), O = set()]
3 NL 1 = 46 [rules out (1, 2), G = {6}, O = set()]
3 NL 7 = 45 [rules out (1, 7), G = set(), O = set()]

3 NL 6 = 39 [rules out (6, 5), G = set(), O = {1}]
2 NL 1 = 64 [rules out (1, 3), G = {4, 5}, O = set()]
(2, 'AG', 6, 46)
All winners are verified in audit.
------------------------------------------------
