VALID BALLOTS 5614
Winner 2
Winner 7
Computing AG relationships
2 AG 4 = 970
7 AG 4 = 68
7 AG 3 = 90
Ruling out candidates: [(4, 970)]
STAGE 1 ASN (Ruling out candidates): 970
ALTERNATE OUTCOME PAIR: 6,3
   (1) can we show that 1 NL 3?
        a. margin -0.06044412777579833
      no
   (1) can we show that 1 NL 6?
        a. margin -0.10064125400783708
      no
   (1) can we show that 2 NL 3?
        a. margin -0.008550053437833771
      no
   (1) can we show that 2 NL 6?
        a. margin 0.0011875074219218629
      yes, 773, ags used 970 = 970
   (1) can we show that 5 NL 3?
        a. margin 0.029747060919130375
      yes, 153, ags used 90 = 153
   (1) can we show that 5 NL 6?
        a. margin -0.21778886118038232
      no
   (1) can we show that 7 NL 3?
        a. margin 0.05201282508015703
      yes, 81, ags used 68 = 81
   (1) can we show that 7 NL 6?
        a. margin -0.12053200332502068
      no
      Best assertion(s) require sample: 81

ALTERNATE OUTCOME PAIR: 6,1
   (1) can we show that 3 NL 1?
        a. margin -0.2793017456359096
      no
   (1) can we show that 3 NL 6?
        a. margin -0.26273601710010686
      no
   (1) can we show that 2 NL 1?
        a. margin -0.02974706091913004
      no
   (1) can we show that 2 NL 6?
        a. margin 0.00380002375014854
      yes, 512, ags used 970 = 970
   (1) can we show that 5 NL 1?
        a. margin -0.19861061631635146
      no
   (1) can we show that 5 NL 6?
        a. margin -0.1834105213157583
      no
   (1) can we show that 7 NL 1?
        a. margin -0.07030043937774622
      no
   (1) can we show that 7 NL 6?
        a. margin -0.05248782804892538
      no
      Best assertion(s) require sample: 970

ALTERNATE OUTCOME PAIR: 6,2
   (1) can we show that 3 NL 2?
        a. margin -0.31492696829355116
      no
   (1) can we show that 3 NL 6?
        a. margin -0.25097969362308514
      no
   (1) can we show that 1 NL 2?
        a. margin -0.18251989074931674
      no
   (1) can we show that 1 NL 6?
        a. margin -0.08270989193682443
      no
   (1) can we show that 5 NL 2?
        a. margin -0.22889205557534675
      no
   (1) can we show that 5 NL 6?
        a. margin -0.17212920080750505
      no
   (1) can we show that 7 NL 2?
        a. margin -0.09410996318727016
      no
   (1) can we show that 7 NL 6?
        a. margin -0.04067212920080765
      no

ALTERNATE OUTCOME PAIR: 6,5
   (1) can we show that 3 NL 5?
        a. margin -0.2690298064362894
      no
   (1) can we show that 3 NL 6?
        a. margin -0.2911768198551232
      no
   (1) can we show that 1 NL 5?
        a. margin -0.26659541622135097
      no
   (1) can we show that 1 NL 6?
        a. margin -0.09737560859755301
      no
   (1) can we show that 2 NL 5?
        a. margin -0.20769504809405026
      no
   (1) can we show that 2 NL 6?
        a. margin 0.004037525234532158
      yes, 500, ags used 970 = 970
   (1) can we show that 7 NL 5?
        a. margin -0.022562641016505958
      no
   (1) can we show that 7 NL 6?
        a. margin -0.0807505046906547
      no
      Best assertion(s) require sample: 970

ALTERNATE OUTCOME PAIR: 6,7
   (1) can we show that 3 NL 7?
        a. margin -0.3092863080394246
      no
   (1) can we show that 3 NL 6?
        a. margin -0.2851205320033233
      no
   (1) can we show that 1 NL 7?
        a. margin -0.2941455884099272
      no
   (1) can we show that 1 NL 6?
        a. margin -0.09131932074575733
      no
   (1) can we show that 2 NL 7?
        a. margin -0.236729604560029
      no
   (1) can we show that 2 NL 6?
        a. margin 0.009143807148791927
      yes, 630, ags used 0 = 630
   (1) can we show that 5 NL 7?
        a. margin -0.20045125282033116
      no
   (1) can we show that 5 NL 6?
        a. margin -0.20745754660966664
      no
      Best assertion(s) require sample: 630

ALTERNATE OUTCOME PAIR: 3,1
   (1) can we show that 6 NL 1?
        a. margin -0.1923168269801685
      no
   (1) can we show that 6 NL 3?
        a. margin -0.09185369908561913
      no
   (1) can we show that 2 NL 1?
        a. margin -0.035684598028737136
      no
   (1) can we show that 2 NL 3?
        a. margin -0.008193801211257568
      no
   (1) can we show that 5 NL 1?
        a. margin -0.22574516090725583
      no
   (1) can we show that 5 NL 3?
        a. margin 0.030934568341052238
      yes, 147, ags used 90 = 147
   (1) can we show that 7 NL 1?
        a. margin -0.13104144400902495
      no
   (1) can we show that 7 NL 3?
        a. margin 0.05320033250207823
      yes, 79, ags used 68 = 79
      Best assertion(s) require sample: 79

ALTERNATE OUTCOME PAIR: 3,2
   (1) can we show that 6 NL 2?
        a. margin -0.27413608835055214
      no
   (1) can we show that 6 NL 3?
        a. margin -0.09203182519890751
      no
   (1) can we show that 1 NL 2?
        a. margin -0.20157938487115568
      no
   (1) can we show that 1 NL 3?
        a. margin -0.060087875549222236
      no
   (1) can we show that 5 NL 2?
        a. margin -0.25638285239282743
      no
   (1) can we show that 5 NL 3?
        a. margin 0.030518940743379686
      yes, 149, ags used 90 = 149
   (1) can we show that 7 NL 2?
        a. margin -0.15520722004512544
      no
   (1) can we show that 7 NL 3?
        a. margin 0.05320033250207801
      yes, 79, ags used 68 = 79
      Best assertion(s) require sample: 79

ALTERNATE OUTCOME PAIR: 3,5
   (1) can we show that 6 NL 5?
        a. margin -0.27550172188576216
      no
   (1) can we show that 6 NL 3?
        a. margin -0.07611922574516006
      no
   (1) can we show that 1 NL 5?
        a. margin -0.24213276332976996
      no
   (1) can we show that 1 NL 3?
        a. margin -0.044175276095475
      no
   (1) can we show that 2 NL 5?
        a. margin -0.18299489371808486
      no
   (1) can we show that 2 NL 3?
        a. margin 0.00172188576178689
      yes, 722, ags used 970 = 970
   (1) can we show that 7 NL 5?
        a. margin -0.043819023868899465
      no
   (1) can we show that 7 NL 3?
        a. margin 0.06810355064719187
      yes, 67, ags used 0 = 67
      Best assertion(s) require sample: 67

ALTERNATE OUTCOME PAIR: 3,7
   (1) can we show that 6 NL 7?
        a. margin -0.30809880061750383
      no
   (1) can we show that 6 NL 3?
        a. margin -0.15900724379527487
      no
   (1) can we show that 1 NL 7?
        a. margin -0.2751454696591846
      no
   (1) can we show that 1 NL 3?
        a. margin -0.12688516803230188
      no
   (1) can we show that 2 NL 7?
        a. margin -0.2179669872936698
      no
   (1) can we show that 2 NL 3?
        a. margin -0.07505046906543322
      no
   (1) can we show that 5 NL 7?
        a. margin -0.1950480940505881
      no
   (1) can we show that 5 NL 3?
        a. margin -0.0021968887305560125
      no

ALTERNATE OUTCOME PAIR: 1,2
   (1) can we show that 6 NL 2?
        a. margin -0.24260776629853942
      no
   (1) can we show that 6 NL 1?
        a. margin -0.16393539959624748
      no
   (1) can we show that 3 NL 2?
        a. margin -0.30560503503146896
      no
   (1) can we show that 3 NL 1?
        a. margin -0.2583422396389977
      no
   (1) can we show that 5 NL 2?
        a. margin -0.21951074694216832
      no
   (1) can we show that 5 NL 1?
        a. margin -0.1783042394014963
      no
   (1) can we show that 7 NL 2?
        a. margin -0.08490678066737911
      no
   (1) can we show that 7 NL 1?
        a. margin -0.0502909393183707
      no

ALTERNATE OUTCOME PAIR: 1,5
   (1) can we show that 6 NL 5?
        a. margin -0.298836242726517
      no
   (1) can we show that 6 NL 1?
        a. margin -0.18744804655029124
      no
   (1) can we show that 3 NL 5?
        a. margin -0.2651110319439496
      no
   (1) can we show that 3 NL 1?
        a. margin -0.29931124569528533
      no
   (1) can we show that 2 NL 5?
        a. margin -0.20751692198076233
      no
   (1) can we show that 2 NL 1?
        a. margin -0.031409571309819806
      no
   (1) can we show that 7 NL 5?
        a. margin -0.018881368008550004
      no
   (1) can we show that 7 NL 1?
        a. margin -0.09066619166369827
      no

ALTERNATE OUTCOME PAIR: 1,7
   (1) can we show that 6 NL 7?
        a. margin -0.3256739104619403
      no
   (1) can we show that 6 NL 1?
        a. margin -0.1837667735423344
      no
   (1) can we show that 3 NL 7?
        a. margin -0.3054862842892768
      no
   (1) can we show that 3 NL 1?
        a. margin -0.29408621303882987
      no
   (1) can we show that 2 NL 7?
        a. margin -0.23613585084906774
      no
   (1) can we show that 2 NL 1?
        a. margin -0.028797054981595682
      no
   (1) can we show that 5 NL 7?
        a. margin -0.19813561334758323
      no
   (1) can we show that 5 NL 1?
        a. margin -0.215295095594347
      no

ALTERNATE OUTCOME PAIR: 2,5
   (1) can we show that 6 NL 5?
        a. margin -0.2978862367889802
      no
   (1) can we show that 6 NL 2?
        a. margin -0.2675454221588891
      no
   (1) can we show that 3 NL 5?
        a. margin -0.2615485096781853
      no
   (1) can we show that 3 NL 2?
        a. margin -0.3337489609310055
      no
   (1) can we show that 1 NL 5?
        a. margin -0.26528915805723796
      no
   (1) can we show that 1 NL 2?
        a. margin -0.19605747535922002
      no
   (1) can we show that 7 NL 5?
        a. margin -0.017634485215532902
      no
   (1) can we show that 7 NL 2?
        a. margin -0.11364446027787711
      no

ALTERNATE OUTCOME PAIR: 5,7
   (1) can we show that 6 NL 7?
        a. margin -0.3035268970431054
      no
   (1) can we show that 6 NL 5?
        a. margin -0.26344852155325826
      no
   (1) can we show that 3 NL 7?
        a. margin -0.2983018643866513
      no
   (1) can we show that 3 NL 5?
        a. margin -0.24248901555634816
      no
   (1) can we show that 1 NL 7?
        a. margin -0.27045481534259475
      no
   (1) can we show that 1 NL 5?
        a. margin -0.23043581522384649
      no
   (1) can we show that 2 NL 7?
        a. margin -0.21262320389502332
      no
   (1) can we show that 2 NL 5?
        a. margin -0.17117919486997057
      no

RULE OUT PAIR STAGE ASN 970
------------------------------------------------
Alternate outcome cannot be ruled out: 6,2
Alternate outcome cannot be ruled out: 3,7
Alternate outcome cannot be ruled out: 1,2
Alternate outcome cannot be ruled out: 1,5
Alternate outcome cannot be ruled out: 1,7
Alternate outcome cannot be ruled out: 2,5
Alternate outcome cannot be ruled out: 5,7
Full audit not possible
PARTIAL audit sample size: 970
------------------------------------------------
Final set of assertions generated:
7 NL 3 = 81 [rules out (6, 3), G = {3}, O = set()]

(1, 'AG', 3, 970)
2 NL 6 = 970 [rules out (6, 5), G = {3}, O = set()]
2 NL 6 = 630 [rules out (6, 7), G = set(), O = set()]
(6, 'AG', 3, 68)
7 NL 3 = 79 [rules out (3, 1), G = {3}, O = set()]
7 NL 3 = 79 [rules out (3, 2), G = {3}, O = set()]
7 NL 3 = 67 [rules out (3, 5), G = set(), O = set()]
2 NL 6 = 970 [rules out (6, 1), G = {3}, O = set()]
[] are verified winners with these assertions.
[1, 2, 3, 5, 6, 7] remain as potential winners in this audit.
------------------------------------------------
