VALID BALLOTS 6952
123 ballot checks required to assert that first winner has a quota's worth of votes
AUD TV 0.10233033524121014, ss 117
AG*(2,4) = 153
AG*(1,2) = 838
AG*(1,3) = 1621
AG*(1,4) = 47
AG*(1,5) = 39
AG*(1,6) = 59
AG*(2,4) = 153
AG*(3,4) = 279
NL(2,4) = 153, AG*'s used 0
NL(2,6) NOT POSSIBLE
NL(2,3) NOT POSSIBLE
Max in loop inf, 0.10233033524121014
AUD TV 0.15233033524121015, ss 55
AG*(2,4) = 173
AG*(1,2) = 838
AG*(1,3) = 1621
AG*(1,4) = 47
AG*(1,5) = 39
AG*(1,6) = 59
AG*(2,4) = 173
AG*(3,4) = 349
NL(2,4) = 173, AG*'s used 0
NL(2,6) NOT POSSIBLE
NL(2,3) NOT POSSIBLE
Max in loop inf, 0.15233033524121015
AUD TV 0.20233033524121014, ss 34
AG*(2,4) = 197
AG*(1,2) = 838
AG*(1,3) = 1621
AG*(1,4) = 47
AG*(1,5) = 39
AG*(1,6) = 59
AG*(2,4) = 197
AG*(3,4) = 600
NL(2,4) = 197, AG*'s used 0
NL(2,6) NOT POSSIBLE
NL(2,3) NOT POSSIBLE
Max in loop inf, 0.20233033524121014
AUD TV 0.2523303352412101, ss 24
AG*(2,4) = 230
AG*(1,2) = 838
AG*(1,3) = 1621
AG*(1,4) = 47
AG*(1,5) = 39
AG*(1,6) = 59
AG*(2,4) = 230
AG*(3,4) = 904
NL(2,4) = 230, AG*'s used 0
NL(2,6) NOT POSSIBLE
NL(2,3) NOT POSSIBLE
Max in loop inf, 0.2523303352412101
AUD TV 0.3023303352412101, ss 18
AG*(2,4) = 276
AG*(1,2) = 838
AG*(1,3) = 1621
AG*(1,4) = 47
AG*(1,5) = 39
AG*(1,6) = 59
AG*(2,4) = 276
AG*(3,4) = 2924
NL(2,4) = 276, AG*'s used 0
NL(2,6) NOT POSSIBLE
NL(2,3) NOT POSSIBLE
Max in loop inf, 0.3023303352412101
AUD TV 0.3523303352412101, ss 13
AG*(2,4) = 344
AG*(1,2) = 838
AG*(1,3) = 1621
AG*(1,4) = 47
AG*(1,5) = 39
AG*(1,6) = 59
AG*(2,4) = 344
NL(2,4) = 344, AG*'s used 0
NL(2,6) NOT POSSIBLE
NL(2,3) NOT POSSIBLE
Max in loop inf, 0.3523303352412101
AUD TV 0.4023303352412101, ss 10
AG*(2,4) = 587
AG*(1,2) = 838
AG*(1,3) = 1621
AG*(1,4) = 47
AG*(1,5) = 39
AG*(1,6) = 59
AG*(2,4) = 587
NL(2,4) = 587, AG*'s used 0
NL(2,6) NOT POSSIBLE
NL(2,3) NOT POSSIBLE
Max in loop inf, 0.4023303352412101
AUD TV 0.4523303352412101, ss 8
AG*(2,4) = 875
AG*(1,2) = 838
AG*(1,3) = 1621
AG*(1,4) = 47
AG*(1,5) = 39
AG*(1,6) = 59
AG*(2,4) = 875
NL(2,4) = 875, AG*'s used 0
NL(2,6) NOT POSSIBLE
NL(2,3) NOT POSSIBLE
Max in loop inf, 0.4523303352412101
AUD TV 0.5023303352412101, ss 7
AG*(2,4) = 2588
AG*(1,2) = 838
AG*(1,3) = 1621
AG*(1,4) = 47
AG*(1,5) = 39
AG*(1,6) = 59
AG*(2,4) = 2588
NL(2,4) = 2588, AG*'s used 0
NL(2,6) NOT POSSIBLE
NL(2,3) NOT POSSIBLE
Max in loop inf, 0.5023303352412101
AUD TV 0.5523303352412101, ss 5
AG*(1,2) = 838
AG*(1,3) = 1621
AG*(1,4) = 47
AG*(1,5) = 39
AG*(1,6) = 59
NL(2,4) = 435, AG*'s used 2924
NL(2,6) NOT POSSIBLE
NL(2,3) NOT POSSIBLE
Max in loop inf, 0.5523303352412101
AUD TV 0.6023303352412102, ss 4
AG*(1,2) = 838
AG*(1,3) = 1621
AG*(1,4) = 47
AG*(1,5) = 39
AG*(1,6) = 59
NL(2,4) = 670, AG*'s used 2924
NL(2,6) NOT POSSIBLE
NL(2,3) NOT POSSIBLE
Max in loop inf, 0.6023303352412102
AUD TV 0.6523303352412102, ss 3
AG*(1,2) = 838
AG*(1,3) = 1621
AG*(1,4) = 47
AG*(1,5) = 39
AG*(1,6) = 59
NL(2,4) = 1059, AG*'s used 2924
NL(2,6) NOT POSSIBLE
NL(2,3) NOT POSSIBLE
Max in loop inf, 0.6523303352412102
Sample size to show min tv of 0.02616516762060507 is 241
AUD TV 0.10233033524121014, ss 117
AG*(2,4) = 152
AG*(1,2) = 838
AG*(1,3) = 1621
AG*(1,4) = 47
AG*(1,5) = 39
AG*(1,6) = 59
AG*(2,4) = 152
AG*(3,4) = 277
NL(2,4) = 152, AG*'s used 0
NL(2,6) NOT POSSIBLE
NL(2,3) NOT POSSIBLE
Max in loop inf, 0.10233033524121014
AUD TV 0.15233033524121015, ss 55
AG*(2,4) = 171
AG*(1,2) = 838
AG*(1,3) = 1621
AG*(1,4) = 47
AG*(1,5) = 39
AG*(1,6) = 59
AG*(2,4) = 171
AG*(3,4) = 346
NL(2,4) = 171, AG*'s used 0
NL(2,6) NOT POSSIBLE
NL(2,3) NOT POSSIBLE
Max in loop inf, 0.15233033524121015
AUD TV 0.20233033524121014, ss 34
AG*(2,4) = 196
AG*(1,2) = 838
AG*(1,3) = 1621
AG*(1,4) = 47
AG*(1,5) = 39
AG*(1,6) = 59
AG*(2,4) = 196
AG*(3,4) = 594
NL(2,4) = 196, AG*'s used 0
NL(2,6) NOT POSSIBLE
NL(2,3) NOT POSSIBLE
Max in loop inf, 0.20233033524121014
AUD TV 0.2523303352412101, ss 24
AG*(2,4) = 228
AG*(1,2) = 838
AG*(1,3) = 1621
AG*(1,4) = 47
AG*(1,5) = 39
AG*(1,6) = 59
AG*(2,4) = 228
AG*(3,4) = 891
NL(2,4) = 228, AG*'s used 0
NL(2,6) NOT POSSIBLE
NL(2,3) NOT POSSIBLE
Max in loop inf, 0.2523303352412101
AUD TV 0.3023303352412101, ss 18
AG*(2,4) = 273
AG*(1,2) = 838
AG*(1,3) = 1621
AG*(1,4) = 47
AG*(1,5) = 39
AG*(1,6) = 59
AG*(2,4) = 273
AG*(3,4) = 2839
NL(2,4) = 273, AG*'s used 0
NL(2,6) NOT POSSIBLE
NL(2,3) NOT POSSIBLE
Max in loop inf, 0.3023303352412101
AUD TV 0.3523303352412101, ss 13
AG*(2,4) = 340
AG*(1,2) = 838
AG*(1,3) = 1621
AG*(1,4) = 47
AG*(1,5) = 39
AG*(1,6) = 59
AG*(2,4) = 340
NL(2,4) = 340, AG*'s used 0
NL(2,6) NOT POSSIBLE
NL(2,3) NOT POSSIBLE
Max in loop inf, 0.3523303352412101
AUD TV 0.4023303352412101, ss 10
AG*(2,4) = 514
AG*(1,2) = 838
AG*(1,3) = 1621
AG*(1,4) = 47
AG*(1,5) = 39
AG*(1,6) = 59
AG*(2,4) = 514
NL(2,4) = 514, AG*'s used 0
NL(2,6) NOT POSSIBLE
NL(2,3) NOT POSSIBLE
Max in loop inf, 0.4023303352412101
AUD TV 0.4523303352412101, ss 8
AG*(2,4) = 853
AG*(1,2) = 838
AG*(1,3) = 1621
AG*(1,4) = 47
AG*(1,5) = 39
AG*(1,6) = 59
AG*(2,4) = 853
NL(2,4) = 853, AG*'s used 0
NL(2,6) NOT POSSIBLE
NL(2,3) NOT POSSIBLE
Max in loop inf, 0.4523303352412101
AUD TV 0.5023303352412101, ss 7
AG*(2,4) = 2448
AG*(1,2) = 838
AG*(1,3) = 1621
AG*(1,4) = 47
AG*(1,5) = 39
AG*(1,6) = 59
AG*(2,4) = 2448
NL(2,4) = 2448, AG*'s used 0
NL(2,6) NOT POSSIBLE
NL(2,3) NOT POSSIBLE
Max in loop inf, 0.5023303352412101
AUD TV 0.5523303352412101, ss 5
AG*(2,4) = 6360
AG*(1,2) = 838
AG*(1,3) = 1621
AG*(1,4) = 47
AG*(1,5) = 39
AG*(1,6) = 59
AG*(2,4) = 6360
NL(2,4) = 376, AG*'s used 2839
NL(2,6) NOT POSSIBLE
NL(2,3) NOT POSSIBLE
Max in loop inf, 0.5523303352412101
AUD TV 0.6023303352412102, ss 4
AG*(1,2) = 838
AG*(1,3) = 1621
AG*(1,4) = 47
AG*(1,5) = 39
AG*(1,6) = 59
NL(2,4) = 656, AG*'s used 2839
NL(2,6) NOT POSSIBLE
NL(2,3) NOT POSSIBLE
Max in loop inf, 0.6023303352412102
AUD TV 0.6523303352412102, ss 3
AG*(1,2) = 838
AG*(1,3) = 1621
AG*(1,4) = 47
AG*(1,5) = 39
AG*(1,6) = 59
NL(2,4) = 1026, AG*'s used 2839
NL(2,6) NOT POSSIBLE
NL(2,3) NOT POSSIBLE
Max in loop inf, 0.6523303352412102
New mintv = 0.07616516762060507
Sample size required for audit is inf ballots
------------------------------------------------
Assertion set BEFORE filtering:
(1, 'NL', 3, 2839)
(2, 'AG', 3, 2839)
(0, 'MT', None, (0.6523303352412102, 3))
(0, 'LT', None, (0.02616516762060507, 241))
(1, 'AG*', 3, 6360)
(0, 'QT', None, 123)
------------------------------------------------
Final set of assertions AFTER filtering:
(1, 'NL', 3, 2839)
(2, 'AG', 3, 2839)
(0, 'MT', None, (0.6523303352412102, 3))
(0, 'LT', None, (0.02616516762060507, 241))
(1, 'AG*', 3, 6360)
(0, 'QT', None, 123)
------------------------------------------------
Explanations for AG* inclusion:
   Explanation for (2, 'AG', 3, 2839): []
   Explanation for (1, 'AG*', 3, 6360): []
------------------------------------------------
