VALID BALLOTS 6722
Winner 1
Winner 2
Computing AG relationships
1 AG 6 = 54
2 AG 3 = 130
2 AG 4 = 312
Ruling out candidates: []
STAGE 1 ASN (Ruling out candidates): 0
ALTERNATE OUTCOME PAIR: 3,6
   (1) can we show that 4 NL 6?
        a. margin 0.029703461271447074
      yes, 154, ags used 54 = 154
   (1) can we show that 4 NL 3?
        a. margin -0.04993553505901038
      no
   (1) can we show that 1 NL 6?
        a. margin 0.08930873747892454
      yes, 51, ags used 0 = 51
   (1) can we show that 1 NL 3?
        a. margin 0.0899533868888227
      yes, 50, ags used 130 = 130
   (1) can we show that 2 NL 6?
        a. margin 0.18744421303183545
      yes, 24, ags used 54 = 54
   (1) can we show that 2 NL 3?
        a. margin 0.04745611425171048
      yes, 96, ags used 0 = 96
   (1) can we show that 2 NL 6?
        a. margin 0.18744421303183545
      yes, 24, ags used 54 = 54
   (1) can we show that 2 NL 3?
        a. margin 0.04745611425171048
      yes, 96, ags used 0 = 96
      Best assertion(s) require sample: 51

ALTERNATE OUTCOME PAIR: 3,4
   (1) can we show that 6 NL 4?
        a. margin -0.07983734999504066
      no
   (1) can we show that 6 NL 3?
        a. margin -0.04160468114648408
      no
   (1) can we show that 1 NL 4?
        a. margin 0.014479817514627902
      yes, 31, ags used 312 = 312
   (1) can we show that 1 NL 3?
        a. margin 0.029802638103738843
      yes, 25, ags used 130 = 130
   (1) can we show that 2 NL 4?
        a. margin 0.024199147079241756
      yes, 189, ags used 0 = 189
   (1) can we show that 2 NL 3?
        a. margin 0.049241297232965886
      yes, 93, ags used 0 = 93
   (1) can we show that 2 NL 4?
        a. margin 0.024199147079241756
      yes, 189, ags used 0 = 189
   (1) can we show that 2 NL 3?
        a. margin 0.049241297232965886
      yes, 93, ags used 0 = 93
      Best assertion(s) require sample: 93

ALTERNATE OUTCOME PAIR: 3,1
   (1) can we show that 6 NL 1?
        a. margin -0.21392442725379324
      no
   (1) can we show that 6 NL 3?
        a. margin -0.04973718139442618
      no
   (1) can we show that 4 NL 1?
        a. margin -0.20807299414856684
      no
   (1) can we show that 4 NL 3?
        a. margin -0.03729048894178322
      no
   (1) can we show that 2 NL 1?
        a. margin -0.04239809580482079
      no
   (1) can we show that 2 NL 3?
        a. margin 0.06382029157988689
      yes, 71, ags used 0 = 71
   (1) can we show that 2 NL 1?
        a. margin -0.04239809580482079
      no
   (1) can we show that 2 NL 3?
        a. margin 0.06382029157988689
      yes, 71, ags used 0 = 71
      Best assertion(s) require sample: 71

ALTERNATE OUTCOME PAIR: 3,2
   (1) can we show that 6 NL 2?
        a. margin -0.41490627789348433
      no
   (1) can we show that 6 NL 3?
        a. margin -0.17445204800158676
      no
   (1) can we show that 4 NL 2?
        a. margin -0.348358623425568
      no
   (1) can we show that 4 NL 3?
        a. margin -0.14861648318952692
      no
   (1) can we show that 1 NL 2?
        a. margin -0.19567589011206954
      no
   (1) can we show that 1 NL 3?
        a. margin 0.05008430030744826
      yes, 91, ags used 54 = 91
      Best assertion(s) require sample: 91

ALTERNATE OUTCOME PAIR: 3,2
   (1) can we show that 6 NL 2?
        a. margin -0.41490627789348433
      no
   (1) can we show that 6 NL 3?
        a. margin -0.17445204800158676
      no
   (1) can we show that 4 NL 2?
        a. margin -0.348358623425568
      no
   (1) can we show that 4 NL 3?
        a. margin -0.14861648318952692
      no
   (1) can we show that 1 NL 2?
        a. margin -0.19567589011206954
      no
   (1) can we show that 1 NL 3?
        a. margin 0.05008430030744826
      yes, 91, ags used 54 = 91
      Best assertion(s) require sample: 91

ALTERNATE OUTCOME PAIR: 6,4
   (1) can we show that 3 NL 4?
        a. margin -0.11792125359516104
      no
   (1) can we show that 3 NL 6?
        a. margin -0.014331052266191024
      no
   (1) can we show that 1 NL 4?
        a. margin 0.05905980362987173
      yes, 77, ags used 312 = 312
   (1) can we show that 1 NL 6?
        a. margin 0.08950709114350852
      yes, 51, ags used 0 = 51
   (1) can we show that 2 NL 4?
        a. margin 0.02588515322820517
      yes, 97, ags used 130 = 130
   (1) can we show that 2 NL 6?
        a. margin 0.1877913319448572
      yes, 24, ags used 54 = 54
   (1) can we show that 2 NL 4?
        a. margin 0.02588515322820517
      yes, 97, ags used 130 = 130
   (1) can we show that 2 NL 6?
        a. margin 0.1877913319448572
      yes, 24, ags used 54 = 54
      Best assertion(s) require sample: 51

ALTERNATE OUTCOME PAIR: 6,1
   (1) can we show that 3 NL 1?
        a. margin -0.23728057125855506
      no
   (1) can we show that 3 NL 6?
        a. margin -0.16557572151145494
      no
   (1) can we show that 4 NL 1?
        a. margin -0.18848556977090236
      no
   (1) can we show that 4 NL 6?
        a. margin -0.11797084201130614
      no
   (1) can we show that 2 NL 1?
        a. margin 0.007438262421897379
      yes, 776, ags used 312 = 776
   (1) can we show that 2 NL 6?
        a. margin 0.024992561737578134
      yes, 99, ags used 130 = 130
   (1) can we show that 2 NL 1?
        a. margin 0.007438262421897379
      yes, 776, ags used 312 = 776
   (1) can we show that 2 NL 6?
        a. margin 0.024992561737578134
      yes, 99, ags used 130 = 130
      Best assertion(s) require sample: 130

ALTERNATE OUTCOME PAIR: 6,2
   (1) can we show that 3 NL 2?
        a. margin -0.39383120103143876
      no
   (1) can we show that 3 NL 6?
        a. margin -0.016512942576613954
      no
   (1) can we show that 4 NL 2?
        a. margin -0.3564415352573641
      no
   (1) can we show that 4 NL 6?
        a. margin 0.02811663195477543
      yes, 162, ags used 54 = 162
   (1) can we show that 1 NL 2?
        a. margin -0.2857780422493308
      no
   (1) can we show that 1 NL 6?
        a. margin 0.0878210849945451
      yes, 52, ags used 0 = 52
      Best assertion(s) require sample: 52

ALTERNATE OUTCOME PAIR: 6,2
   (1) can we show that 3 NL 2?
        a. margin -0.39383120103143876
      no
   (1) can we show that 3 NL 6?
        a. margin -0.016512942576613954
      no
   (1) can we show that 4 NL 2?
        a. margin -0.3564415352573641
      no
   (1) can we show that 4 NL 6?
        a. margin 0.02811663195477543
      yes, 162, ags used 54 = 162
   (1) can we show that 1 NL 2?
        a. margin -0.2857780422493308
      no
   (1) can we show that 1 NL 6?
        a. margin 0.0878210849945451
      yes, 52, ags used 0 = 52
      Best assertion(s) require sample: 52

ALTERNATE OUTCOME PAIR: 4,1
   (1) can we show that 3 NL 1?
        a. margin -0.2557770504810072
      no
   (1) can we show that 3 NL 4?
        a. margin -0.10562332639095506
      no
   (1) can we show that 6 NL 1?
        a. margin -0.21179212535951564
      no
   (1) can we show that 6 NL 4?
        a. margin -0.08251512446692455
      no
   (1) can we show that 2 NL 1?
        a. margin -0.036100366954280205
      no
   (1) can we show that 2 NL 4?
        a. margin 0.0416046811464843
      yes, 110, ags used 0 = 110
   (1) can we show that 2 NL 1?
        a. margin -0.036100366954280205
      no
   (1) can we show that 2 NL 4?
        a. margin 0.0416046811464843
      yes, 110, ags used 0 = 110
      Best assertion(s) require sample: 110

ALTERNATE OUTCOME PAIR: 4,2
   (1) can we show that 3 NL 2?
        a. margin -0.38788059109392026
      no
   (1) can we show that 3 NL 4?
        a. margin -0.19919666765843502
      no
   (1) can we show that 6 NL 2?
        a. margin -0.41540216205494374
      no
   (1) can we show that 6 NL 4?
        a. margin -0.19468412178914996
      no
   (1) can we show that 1 NL 2?
        a. margin -0.19607259744123762
      no
   (1) can we show that 1 NL 4?
        a. margin 0.033670534563126076
      yes, 136, ags used 54 = 136
      Best assertion(s) require sample: 136

ALTERNATE OUTCOME PAIR: 4,2
   (1) can we show that 3 NL 2?
        a. margin -0.38788059109392026
      no
   (1) can we show that 3 NL 4?
        a. margin -0.19919666765843502
      no
   (1) can we show that 6 NL 2?
        a. margin -0.41540216205494374
      no
   (1) can we show that 6 NL 4?
        a. margin -0.19468412178914996
      no
   (1) can we show that 1 NL 2?
        a. margin -0.19607259744123762
      no
   (1) can we show that 1 NL 4?
        a. margin 0.033670534563126076
      yes, 136, ags used 54 = 136
      Best assertion(s) require sample: 136

RULE OUT PAIR STAGE ASN 136
------------------------------------------------
EXAMINING WAYS TO REDUCE COST OF AUDIT
------------------------------------------------
FULL audit sample size: 136
------------------------------------------------
Final set of assertions generated:
1 NL 6 = 51 [rules out (3, 6), G = set(), O = set()]

(1, 'AG', 2, 130)
2 NL 6 = 130 [rules out (6, 1), G = {2}, O = set()]
(0, 'AG', 5, 54)
1 NL 3 = 91 [rules out (3, 2), G = {5}, O = set()]
2 NL 3 = 93 [rules out (3, 4), G = set(), O = set()]
2 NL 3 = 71 [rules out (3, 1), G = set(), O = set()]
1 NL 6 = 51 [rules out (6, 4), G = set(), O = set()]
1 NL 6 = 52 [rules out (6, 2), G = set(), O = set()]
2 NL 4 = 110 [rules out (4, 1), G = set(), O = set()]
1 NL 4 = 136 [rules out (4, 2), G = {5}, O = set()]
All winners are verified in audit.
------------------------------------------------
