VALID BALLOTS 5204
31 ballot checks required to assert that first winner has a quota's worth of votes
AUD TV 0.22772511848341231, ss 87
AG*(2,1) = 81
AG*(2,5) = 159
AG*(2,1) = 81
AG*(2,5) = 159
AG*(3,1) = 27
AG*(3,2) = 1609
AG*(3,4) = 63
AG*(3,5) = 5204
NL(2,1) = 81, AG*'s used 0
NL(2,5) = 119, AG*'s used 81
Max in loop 119, 0.22772511848341231
AUD TV 0.2777251184834123, ss 40
AG*(2,1) = 95
AG*(2,5) = 166
AG*(2,1) = 95
AG*(2,5) = 166
AG*(3,1) = 27
AG*(3,2) = 1609
AG*(3,4) = 63
AG*(3,5) = 5204
NL(2,1) = 95, AG*'s used 0
NL(2,5) = 123, AG*'s used 95
Max in loop 123, 0.2777251184834123
Breaking out of inner loop 123 > 119
Sample size to show min tv of 0.08886255924170616 is 57
AUD TV 0.22772511848341231, ss 87
AG*(2,1) = 80
AG*(2,5) = 155
AG*(2,1) = 80
AG*(2,5) = 155
AG*(3,1) = 27
AG*(3,2) = 1609
AG*(3,4) = 63
AG*(3,5) = 5204
AG*(4,1) = 635
NL(2,1) = 80, AG*'s used 0
NL(2,5) = 116, AG*'s used 80
Max in loop 116, 0.22772511848341231
AUD TV 0.2777251184834123, ss 40
AG*(2,1) = 93
AG*(2,5) = 161
AG*(2,1) = 93
AG*(2,5) = 161
AG*(3,1) = 27
AG*(3,2) = 1609
AG*(3,4) = 63
AG*(3,5) = 5204
AG*(4,1) = 3175
NL(2,1) = 93, AG*'s used 0
NL(2,5) = 120, AG*'s used 93
Max in loop 120, 0.2777251184834123
Breaking out of inner loop 120 > 116
New mintv = 0.13886255924170615
Sample size to show min tv of 0.13886255924170615 is 124
Sample size required for audit is 116 ballots
------------------------------------------------
Assertion set BEFORE filtering:
(2, 'QT', None, 31)
(1, 'NL', 4, 116)
(2, 'LT', None, (0.08886255924170616, 57))
(1, 'NL', 0, 80)
(2, 'MT', None, (0.22772511848341231, 87))
(1, 'AG*', 0, 80)
------------------------------------------------
Final set of assertions AFTER filtering:
(2, 'QT', None, 31)
(1, 'NL', 4, 116)
(2, 'LT', None, (0.08886255924170616, 57))
(1, 'NL', 0, 80)
(2, 'MT', None, (0.22772511848341231, 87))
(1, 'AG*', 0, 80)
------------------------------------------------
Explanations for AG* inclusion:
   Explanation for (1, 'AG*', 0, 80): []
------------------------------------------------
