VALID BALLOTS 4541
132 ballot checks required to assert that first winner has a quota's worth of votes
AUD TV 0.09899497487437187, ss 117
AG*(4,5) = 63
AG*(4,6) = 194
AG*(1,2) = 74
AG*(1,3) = 65
AG*(1,4) = 116
AG*(1,5) = 25
AG*(1,6) = 35
AG*(2,5) = 52
AG*(2,6) = 55
AG*(4,5) = 63
AG*(4,6) = 194
NL(4,5) = 27, AG*'s used 52
NL(4,6) = 28, AG*'s used 55
NL(4,3) NOT POSSIBLE
NL(4,2) NOT POSSIBLE
Max in loop inf, 0.09899497487437187
AUD TV 0.14899497487437185, ss 55
AG*(4,5) = 64
AG*(4,6) = 199
AG*(1,2) = 74
AG*(1,3) = 65
AG*(1,4) = 116
AG*(1,5) = 25
AG*(1,6) = 35
AG*(2,5) = 53
AG*(2,6) = 57
AG*(4,5) = 64
AG*(4,6) = 199
NL(4,5) = 27, AG*'s used 53
NL(4,6) = 28, AG*'s used 57
NL(4,3) NOT POSSIBLE
NL(4,2) NOT POSSIBLE
Max in loop inf, 0.14899497487437185
AUD TV 0.19899497487437184, ss 34
AG*(4,5) = 64
AG*(4,6) = 204
AG*(1,2) = 74
AG*(1,3) = 65
AG*(1,4) = 116
AG*(1,5) = 25
AG*(1,6) = 35
AG*(2,5) = 55
AG*(2,6) = 59
AG*(4,5) = 64
AG*(4,6) = 204
NL(4,5) = 27, AG*'s used 55
NL(4,6) = 28, AG*'s used 59
NL(4,3) NOT POSSIBLE
NL(4,2) NOT POSSIBLE
Max in loop inf, 0.19899497487437184
AUD TV 0.24899497487437183, ss 24
AG*(4,5) = 65
AG*(4,6) = 209
AG*(1,2) = 74
AG*(1,3) = 65
AG*(1,4) = 116
AG*(1,5) = 25
AG*(1,6) = 35
AG*(2,5) = 57
AG*(2,6) = 60
AG*(4,5) = 65
AG*(4,6) = 209
NL(4,5) = 27, AG*'s used 57
NL(4,6) = 28, AG*'s used 60
NL(4,3) NOT POSSIBLE
NL(4,2) NOT POSSIBLE
Max in loop inf, 0.24899497487437183
AUD TV 0.2989949748743718, ss 18
AG*(4,5) = 65
AG*(4,6) = 215
AG*(1,2) = 74
AG*(1,3) = 65
AG*(1,4) = 116
AG*(1,5) = 25
AG*(1,6) = 35
AG*(2,5) = 59
AG*(2,6) = 62
AG*(4,5) = 65
AG*(4,6) = 215
NL(4,5) = 28, AG*'s used 59
NL(4,6) = 28, AG*'s used 62
NL(4,3) NOT POSSIBLE
NL(4,2) NOT POSSIBLE
Max in loop inf, 0.2989949748743718
AUD TV 0.3489949748743718, ss 14
AG*(4,5) = 66
AG*(4,6) = 220
AG*(1,2) = 74
AG*(1,3) = 65
AG*(1,4) = 116
AG*(1,5) = 25
AG*(1,6) = 35
AG*(2,5) = 61
AG*(2,6) = 64
AG*(4,5) = 66
AG*(4,6) = 220
NL(4,5) = 28, AG*'s used 61
NL(4,6) = 28, AG*'s used 64
NL(4,3) NOT POSSIBLE
NL(4,2) NOT POSSIBLE
Max in loop inf, 0.3489949748743718
AUD TV 0.3989949748743718, ss 11
AG*(4,5) = 66
AG*(4,6) = 227
AG*(1,2) = 74
AG*(1,3) = 65
AG*(1,4) = 116
AG*(1,5) = 25
AG*(1,6) = 35
AG*(2,5) = 63
AG*(2,6) = 67
AG*(4,5) = 66
AG*(4,6) = 227
NL(4,5) = 28, AG*'s used 63
NL(4,6) = 28, AG*'s used 67
NL(4,3) NOT POSSIBLE
NL(4,2) NOT POSSIBLE
Max in loop inf, 0.3989949748743718
AUD TV 0.4489949748743718, ss 8
AG*(4,5) = 67
AG*(4,6) = 233
AG*(1,2) = 74
AG*(1,3) = 65
AG*(1,4) = 116
AG*(1,5) = 25
AG*(1,6) = 35
AG*(2,5) = 65
AG*(2,6) = 69
AG*(4,5) = 67
AG*(4,6) = 233
NL(4,5) = 28, AG*'s used 65
NL(4,6) = 28, AG*'s used 69
NL(4,3) NOT POSSIBLE
NL(4,2) NOT POSSIBLE
Max in loop inf, 0.4489949748743718
AUD TV 0.4989949748743718, ss 7
AG*(4,5) = 68
AG*(4,6) = 240
AG*(1,2) = 74
AG*(1,3) = 65
AG*(1,4) = 116
AG*(1,5) = 25
AG*(1,6) = 35
AG*(2,5) = 68
AG*(2,6) = 71
AG*(4,5) = 68
AG*(4,6) = 240
NL(4,5) = 28, AG*'s used 68
NL(4,6) = 28, AG*'s used 71
NL(4,3) NOT POSSIBLE
NL(4,2) NOT POSSIBLE
Max in loop inf, 0.4989949748743718
AUD TV 0.5489949748743718, ss 5
AG*(4,5) = 68
AG*(4,6) = 247
AG*(1,2) = 74
AG*(1,3) = 65
AG*(1,4) = 116
AG*(1,5) = 25
AG*(1,6) = 35
AG*(2,5) = 71
AG*(2,6) = 74
AG*(4,5) = 68
AG*(4,6) = 247
NL(4,5) = 68, AG*'s used 0
NL(4,6) = 28, AG*'s used 74
NL(4,3) NOT POSSIBLE
NL(4,2) NOT POSSIBLE
Max in loop inf, 0.5489949748743718
AUD TV 0.5989949748743718, ss 4
AG*(4,5) = 69
AG*(4,6) = 255
AG*(1,2) = 74
AG*(1,3) = 65
AG*(1,4) = 116
AG*(1,5) = 25
AG*(1,6) = 35
AG*(2,5) = 74
AG*(2,6) = 77
AG*(4,5) = 69
AG*(4,6) = 255
NL(4,5) = 69, AG*'s used 0
NL(4,6) = 28, AG*'s used 77
NL(4,3) NOT POSSIBLE
NL(4,2) NOT POSSIBLE
Max in loop inf, 0.5989949748743718
AUD TV 0.6489949748743719, ss 3
AG*(4,5) = 69
AG*(4,6) = 263
AG*(1,2) = 74
AG*(1,3) = 65
AG*(1,4) = 116
AG*(1,5) = 25
AG*(1,6) = 35
AG*(2,5) = 77
AG*(2,6) = 80
AG*(4,5) = 69
AG*(4,6) = 263
NL(4,5) = 69, AG*'s used 0
NL(4,6) = 28, AG*'s used 80
NL(4,3) NOT POSSIBLE
NL(4,2) NOT POSSIBLE
Max in loop inf, 0.6489949748743719
Sample size to show min tv of 0.024497487437185928 is 256
AUD TV 0.09899497487437187, ss 117
AG*(4,5) = 58
AG*(4,6) = 153
AG*(1,2) = 74
AG*(1,3) = 65
AG*(1,4) = 116
AG*(1,5) = 25
AG*(1,6) = 35
AG*(2,5) = 51
AG*(2,6) = 55
AG*(3,5) = 2444
AG*(4,5) = 58
AG*(4,6) = 153
NL(4,5) = 26, AG*'s used 51
NL(4,6) = 27, AG*'s used 55
NL(4,3) NOT POSSIBLE
NL(4,2) NOT POSSIBLE
Max in loop inf, 0.09899497487437187
AUD TV 0.14899497487437185, ss 55
AG*(4,5) = 59
AG*(4,6) = 156
AG*(1,2) = 74
AG*(1,3) = 65
AG*(1,4) = 116
AG*(1,5) = 25
AG*(1,6) = 35
AG*(2,5) = 53
AG*(2,6) = 57
AG*(4,5) = 59
AG*(4,6) = 156
NL(4,5) = 26, AG*'s used 53
NL(4,6) = 27, AG*'s used 57
NL(4,3) NOT POSSIBLE
NL(4,2) NOT POSSIBLE
Max in loop inf, 0.14899497487437185
AUD TV 0.19899497487437184, ss 34
AG*(4,5) = 59
AG*(4,6) = 159
AG*(1,2) = 74
AG*(1,3) = 65
AG*(1,4) = 116
AG*(1,5) = 25
AG*(1,6) = 35
AG*(2,5) = 55
AG*(2,6) = 58
AG*(4,5) = 59
AG*(4,6) = 159
NL(4,5) = 26, AG*'s used 55
NL(4,6) = 27, AG*'s used 58
NL(4,3) NOT POSSIBLE
NL(4,2) NOT POSSIBLE
Max in loop inf, 0.19899497487437184
AUD TV 0.24899497487437183, ss 24
AG*(4,5) = 59
AG*(4,6) = 162
AG*(1,2) = 74
AG*(1,3) = 65
AG*(1,4) = 116
AG*(1,5) = 25
AG*(1,6) = 35
AG*(2,5) = 56
AG*(2,6) = 60
AG*(4,5) = 59
AG*(4,6) = 162
NL(4,5) = 26, AG*'s used 56
NL(4,6) = 27, AG*'s used 60
NL(4,3) NOT POSSIBLE
NL(4,2) NOT POSSIBLE
Max in loop inf, 0.24899497487437183
AUD TV 0.2989949748743718, ss 18
AG*(4,5) = 60
AG*(4,6) = 165
AG*(1,2) = 74
AG*(1,3) = 65
AG*(1,4) = 116
AG*(1,5) = 25
AG*(1,6) = 35
AG*(2,5) = 58
AG*(2,6) = 62
AG*(4,5) = 60
AG*(4,6) = 165
NL(4,5) = 26, AG*'s used 58
NL(4,6) = 27, AG*'s used 62
NL(4,3) NOT POSSIBLE
NL(4,2) NOT POSSIBLE
Max in loop inf, 0.2989949748743718
AUD TV 0.3489949748743718, ss 14
AG*(4,5) = 60
AG*(4,6) = 169
AG*(1,2) = 74
AG*(1,3) = 65
AG*(1,4) = 116
AG*(1,5) = 25
AG*(1,6) = 35
AG*(2,5) = 60
AG*(2,6) = 64
AG*(4,5) = 60
AG*(4,6) = 169
NL(4,5) = 27, AG*'s used 60
NL(4,6) = 27, AG*'s used 64
NL(4,3) NOT POSSIBLE
NL(4,2) NOT POSSIBLE
Max in loop inf, 0.3489949748743718
AUD TV 0.3989949748743718, ss 11
AG*(4,5) = 61
AG*(4,6) = 172
AG*(1,2) = 74
AG*(1,3) = 65
AG*(1,4) = 116
AG*(1,5) = 25
AG*(1,6) = 35
AG*(2,5) = 63
AG*(2,6) = 66
AG*(4,5) = 61
AG*(4,6) = 172
NL(4,5) = 61, AG*'s used 0
NL(4,6) = 27, AG*'s used 66
NL(4,3) NOT POSSIBLE
NL(4,2) NOT POSSIBLE
Max in loop inf, 0.3989949748743718
AUD TV 0.4489949748743718, ss 8
AG*(4,5) = 61
AG*(4,6) = 176
AG*(1,2) = 74
AG*(1,3) = 65
AG*(1,4) = 116
AG*(1,5) = 25
AG*(1,6) = 35
AG*(2,5) = 65
AG*(2,6) = 68
AG*(4,5) = 61
AG*(4,6) = 176
NL(4,5) = 61, AG*'s used 0
NL(4,6) = 27, AG*'s used 68
NL(4,3) NOT POSSIBLE
NL(4,2) NOT POSSIBLE
Max in loop inf, 0.4489949748743718
AUD TV 0.4989949748743718, ss 7
AG*(4,5) = 62
AG*(4,6) = 180
AG*(1,2) = 74
AG*(1,3) = 65
AG*(1,4) = 116
AG*(1,5) = 25
AG*(1,6) = 35
AG*(2,5) = 67
AG*(2,6) = 71
AG*(4,5) = 62
AG*(4,6) = 180
NL(4,5) = 62, AG*'s used 0
NL(4,6) = 27, AG*'s used 71
NL(4,3) NOT POSSIBLE
NL(4,2) NOT POSSIBLE
Max in loop inf, 0.4989949748743718
AUD TV 0.5489949748743718, ss 5
AG*(4,5) = 62
AG*(4,6) = 184
AG*(1,2) = 74
AG*(1,3) = 65
AG*(1,4) = 116
AG*(1,5) = 25
AG*(1,6) = 35
AG*(2,5) = 70
AG*(2,6) = 74
AG*(4,5) = 62
AG*(4,6) = 184
NL(4,5) = 62, AG*'s used 0
NL(4,6) = 27, AG*'s used 74
NL(4,3) NOT POSSIBLE
NL(4,2) NOT POSSIBLE
Max in loop inf, 0.5489949748743718
AUD TV 0.5989949748743718, ss 4
AG*(4,5) = 63
AG*(4,6) = 188
AG*(1,2) = 74
AG*(1,3) = 65
AG*(1,4) = 116
AG*(1,5) = 25
AG*(1,6) = 35
AG*(2,5) = 73
AG*(2,6) = 77
AG*(4,5) = 63
AG*(4,6) = 188
NL(4,5) = 63, AG*'s used 0
NL(4,6) = 27, AG*'s used 77
NL(4,3) NOT POSSIBLE
NL(4,2) NOT POSSIBLE
Max in loop inf, 0.5989949748743718
AUD TV 0.6489949748743719, ss 3
AG*(4,5) = 63
AG*(4,6) = 193
AG*(1,2) = 74
AG*(1,3) = 65
AG*(1,4) = 116
AG*(1,5) = 25
AG*(1,6) = 35
AG*(2,5) = 76
AG*(2,6) = 80
AG*(4,5) = 63
AG*(4,6) = 193
NL(4,5) = 63, AG*'s used 0
NL(4,6) = 27, AG*'s used 80
NL(4,3) NOT POSSIBLE
NL(4,2) NOT POSSIBLE
Max in loop inf, 0.6489949748743719
New mintv = 0.07449748743718593
Sample size required for audit is inf ballots
------------------------------------------------
Assertion set BEFORE filtering:
(3, 'NL', 5, 80)
(3, 'NL', 4, 63)
(0, 'LT', None, (0.024497487437185928, 256))
(0, 'QT', None, 132)
(0, 'MT', None, (0.6489949748743719, 3))
(1, 'AG', 5, 80)
(3, 'AG*', 4, 63)
(3, 'AG*', 5, 193)
------------------------------------------------
Final set of assertions AFTER filtering:
(3, 'NL', 5, 80)
(3, 'NL', 4, 63)
(0, 'LT', None, (0.024497487437185928, 256))
(0, 'QT', None, 132)
(0, 'MT', None, (0.6489949748743719, 3))
(1, 'AG', 5, 80)
(3, 'AG*', 4, 63)
(3, 'AG*', 5, 193)
------------------------------------------------
Explanations for AG* inclusion:
   Explanation for (1, 'AG', 5, 80): []
   Explanation for (3, 'AG*', 4, 63): []
   Explanation for (3, 'AG*', 5, 193): []
------------------------------------------------
