VALID BALLOTS 3459
22 ballot checks required to assert that first winner has a quota's worth of votes
AUD TV 0.2786096256684492, ss 77
AG*(3,4) = 49
AG*(1,2) = 37
AG*(1,3) = 42
AG*(1,4) = 16
AG*(2,4) = 91
AG*(3,4) = 49
NL(3,4) = 49, AG*'s used 0
NL(3,2) NOT POSSIBLE
Max in loop inf, 0.2786096256684492
AUD TV 0.3286096256684492, ss 35
AG*(3,4) = 51
AG*(1,2) = 37
AG*(1,3) = 42
AG*(1,4) = 16
AG*(2,4) = 98
AG*(3,4) = 51
NL(3,4) = 51, AG*'s used 0
NL(3,2) NOT POSSIBLE
Max in loop inf, 0.3286096256684492
AUD TV 0.3786096256684492, ss 21
AG*(3,4) = 53
AG*(1,2) = 37
AG*(1,3) = 42
AG*(1,4) = 16
AG*(2,4) = 105
AG*(3,4) = 53
NL(3,4) = 53, AG*'s used 0
NL(3,2) NOT POSSIBLE
Max in loop inf, 0.3786096256684492
AUD TV 0.4286096256684492, ss 15
AG*(3,4) = 54
AG*(1,2) = 37
AG*(1,3) = 42
AG*(1,4) = 16
AG*(2,4) = 114
AG*(3,4) = 54
NL(3,4) = 54, AG*'s used 0
NL(3,2) NOT POSSIBLE
Max in loop inf, 0.4286096256684492
AUD TV 0.47860962566844917, ss 10
AG*(3,4) = 57
AG*(1,2) = 37
AG*(1,3) = 42
AG*(1,4) = 16
AG*(2,4) = 124
AG*(3,4) = 57
NL(3,4) = 57, AG*'s used 0
NL(3,2) NOT POSSIBLE
Max in loop inf, 0.47860962566844917
AUD TV 0.5286096256684492, ss 8
AG*(3,4) = 59
AG*(1,2) = 37
AG*(1,3) = 42
AG*(1,4) = 16
AG*(2,4) = 137
AG*(3,4) = 59
NL(3,4) = 59, AG*'s used 0
NL(3,2) NOT POSSIBLE
Max in loop inf, 0.5286096256684492
AUD TV 0.5786096256684492, ss 6
AG*(3,4) = 61
AG*(1,2) = 37
AG*(1,3) = 42
AG*(1,4) = 16
AG*(2,4) = 152
AG*(3,4) = 61
NL(3,4) = 61, AG*'s used 0
NL(3,2) NOT POSSIBLE
Max in loop inf, 0.5786096256684492
AUD TV 0.6286096256684492, ss 4
AG*(3,4) = 64
AG*(1,2) = 37
AG*(1,3) = 42
AG*(1,4) = 16
AG*(2,4) = 170
AG*(3,4) = 64
NL(3,4) = 64, AG*'s used 0
NL(3,2) NOT POSSIBLE
Max in loop inf, 0.6286096256684492
Sample size to show min tv of 0.1143048128342246 is 40
AUD TV 0.2786096256684492, ss 77
AG*(3,4) = 40
AG*(1,2) = 37
AG*(1,3) = 42
AG*(1,4) = 16
AG*(2,4) = 73
AG*(3,4) = 40
NL(3,4) = 40, AG*'s used 0
NL(3,2) = 833, AG*'s used 40
Max in loop 833, 0.2786096256684492
AUD TV 0.3286096256684492, ss 35
AG*(3,4) = 42
AG*(1,2) = 37
AG*(1,3) = 42
AG*(1,4) = 16
AG*(2,4) = 78
AG*(3,4) = 42
NL(3,4) = 42, AG*'s used 0
NL(3,2) = 3459, AG*'s used 42
Max in loop 3459, 0.3286096256684492
Breaking out of inner loop 3459 > 833
New mintv = 0.1643048128342246
Sample size to show min tv of 0.1643048128342246 is 68
AUD TV 0.2786096256684492, ss 77
AG*(3,2) = 879
AG*(3,4) = 37
AG*(1,2) = 37
AG*(1,3) = 42
AG*(1,4) = 16
AG*(2,4) = 68
AG*(3,2) = 879
AG*(3,4) = 37
NL(3,4) = 37, AG*'s used 0
NL(3,2) = 278, AG*'s used 37
Max in loop 278, 0.2786096256684492
AUD TV 0.3286096256684492, ss 35
AG*(3,2) = 1733
AG*(3,4) = 38
AG*(1,2) = 37
AG*(1,3) = 42
AG*(1,4) = 16
AG*(2,4) = 71
AG*(3,2) = 1733
AG*(3,4) = 38
NL(3,4) = 38, AG*'s used 0
NL(3,2) = 501, AG*'s used 38
Max in loop 501, 0.3286096256684492
Breaking out of inner loop 501 > 278
New mintv = 0.2143048128342246
Sample size to show min tv of 0.2143048128342246 is 283
Sample size required for audit is 278 ballots
------------------------------------------------
Assertion set BEFORE filtering:
(0, 'MT', None, (0.2786096256684492, 77))
(0, 'QT', None, 22)
(2, 'NL', 3, 37)
(2, 'NL', 1, 278)
(0, 'LT', None, (0.1643048128342246, 68))
(2, 'AG*', 3, 37)
------------------------------------------------
Final set of assertions AFTER filtering:
(0, 'MT', None, (0.2786096256684492, 77))
(0, 'QT', None, 22)
(2, 'NL', 3, 37)
(2, 'NL', 1, 278)
(0, 'LT', None, (0.1643048128342246, 68))
(2, 'AG*', 3, 37)
------------------------------------------------
Explanations for AG* inclusion:
   Explanation for (2, 'AG*', 3, 37): []
------------------------------------------------
