VALID BALLOTS 3835
Winner 2
Winner 5
Computing AG relationships
6 AG 4 = 317
6 AG 3 = 158
2 AG 4 = 40
2 AG 3 = 35
2 AG 7 = 62
1 AG 3 = 64
1 AG 7 = 88
5 AG 4 = 46
5 AG 3 = 33
5 AG 7 = 53
Ruling out candidates: [(4, 46), (3, 35), (7, 62)]
STAGE 1 ASN (Ruling out candidates): 62
ALTERNATE OUTCOME PAIR: 6,2
   (1) can we show that 1 NL 2?
        a. margin -0.3663624511082133
      no
   (1) can we show that 1 NL 6?
        a. margin -0.12942199043893876
      no
   (1) can we show that 5 NL 2?
        a. margin -0.06918730986527422
      no
   (1) can we show that 5 NL 6?
        a. margin -0.028248587570621764
      no

ALTERNATE OUTCOME PAIR: 6,1
   (1) can we show that 2 NL 1?
        a. margin 0.005128205128206442
      yes, 337, ags used 62 = 337
   (1) can we show that 2 NL 6?
        a. margin -0.0040851803563668465
      no
   (1) can we show that 5 NL 1?
        a. margin 0.015123859191657374
      yes, 177, ags used 53 = 177
   (1) can we show that 5 NL 6?
        a. margin -0.01242937853107351
      no
      Best assertion(s) require sample: 177

ALTERNATE OUTCOME PAIR: 6,5
   (1) can we show that 2 NL 5?
        a. margin -0.07735767057800846
      no
   (1) can we show that 2 NL 6?
        a. margin -0.02903085614949974
      no
   (1) can we show that 1 NL 5?
        a. margin -0.32142546718817766
      no
   (1) can we show that 1 NL 6?
        a. margin -0.14132985658409314
      no

ALTERNATE OUTCOME PAIR: 2,1
   (1) can we show that 6 NL 1?
        a. margin -0.06875271621034329
      no
   (1) can we show that 6 NL 2?
        a. margin -0.3629726205997391
      no
   (1) can we show that 5 NL 1?
        a. margin 0.004259017818339927
      yes, 304, ags used 53 = 304
   (1) can we show that 5 NL 2?
        a. margin -0.08039982616253794
      no
      Best assertion(s) require sample: 304

ALTERNATE OUTCOME PAIR: 1,5
   (1) can we show that 6 NL 5?
        a. margin -0.321251629726206
      no
   (1) can we show that 6 NL 1?
        a. margin -0.06979574098218166
      no
   (1) can we show that 2 NL 5?
        a. margin -0.07996523250760545
      no
   (1) can we show that 2 NL 1?
        a. margin 0.0014776184267712988
      yes, 3835, ags used 62 = 3835
      Best assertion(s) require sample: 3835

RULE OUT PAIR STAGE ASN 3835
------------------------------------------------
Alternate outcome cannot be ruled out: 6,2
Alternate outcome cannot be ruled out: 6,5
Full audit not possible
PARTIAL audit sample size: 3835
------------------------------------------------
Final set of assertions generated:
(4, 'AG', 2, 33)
(1, 'AG', 6, 62)
5 NL 1 = 177 [rules out (6, 1), G = {2, 3, 6}, O = set()]

(1, 'AG', 3, 40)
(4, 'AG', 3, 46)
(4, 'AG', 6, 53)
5 NL 1 = 304 [rules out (2, 1), G = {2, 3, 6}, O = set()]

2 NL 1 = 3835 [rules out (1, 5), G = {2, 3, 6}, O = set()]
(1, 'AG', 2, 35)
[] are verified winners with these assertions.
[2, 5, 6] remain as potential winners in this audit.
------------------------------------------------
