VALID BALLOTS 4792
53 ballot checks required to assert that first winner has a quota's worth of votes
AUD TV 0.16419068736141906, ss 102
AG*(1,4) = 456
AG*(1,4) = 456
AG*(2,3) = 207
AG*(2,4) = 1540
AG*(2,5) = 555
NL(1,4) = 456, AG*'s used 0
NL(1,3) = 150, AG*'s used 456
NL(1,5) = 268, AG*'s used 456
Max in loop 456, 0.16419068736141906
AUD TV 0.21419068736141905, ss 47
AG*(1,4) = 501
AG*(1,4) = 501
AG*(2,3) = 207
AG*(2,4) = 1540
AG*(2,5) = 555
NL(1,4) = 501, AG*'s used 0
NL(1,3) = 226, AG*'s used 501
NL(1,5) = 807, AG*'s used 501
Max in loop 807, 0.21419068736141905
Breaking out of inner loop 807 > 456
Sample size to show min tv of 0.05709534368070954 is 100
AUD TV 0.16419068736141906, ss 102
AG*(1,4) = 440
AG*(1,4) = 440
AG*(2,3) = 207
AG*(2,4) = 1540
AG*(2,5) = 555
NL(1,4) = 440, AG*'s used 0
NL(1,3) = 147, AG*'s used 440
NL(1,5) = 260, AG*'s used 440
Max in loop 440, 0.16419068736141906
AUD TV 0.21419068736141905, ss 47
AG*(1,4) = 482
AG*(1,4) = 482
AG*(2,3) = 207
AG*(2,4) = 1540
AG*(2,5) = 555
NL(1,4) = 482, AG*'s used 0
NL(1,3) = 220, AG*'s used 482
NL(1,5) = 752, AG*'s used 482
Max in loop 752, 0.21419068736141905
Breaking out of inner loop 752 > 440
New mintv = 0.10709534368070954
Sample size to show min tv of 0.10709534368070954 is 939
Sample size required for audit is 440 ballots
------------------------------------------------
Assertion set BEFORE filtering:
(1, 'LT', None, (0.05709534368070954, 100))
(0, 'NL', 3, 440)
(0, 'NL', 4, 440)
(1, 'QT', None, 53)
(0, 'AG*', 3, 440)
(0, 'NL', 2, 440)
(1, 'MT', None, (0.16419068736141906, 102))
------------------------------------------------
Final set of assertions AFTER filtering:
(1, 'LT', None, (0.05709534368070954, 100))
(0, 'NL', 3, 440)
(0, 'NL', 4, 440)
(1, 'QT', None, 53)
(0, 'AG*', 3, 440)
(0, 'NL', 2, 440)
(1, 'MT', None, (0.16419068736141906, 102))
------------------------------------------------
Explanations for AG* inclusion:
   Explanation for (0, 'AG*', 3, 440): []
------------------------------------------------
