VALID BALLOTS 1192
24 ballot checks required to assert that first winner has a quota's worth of votes
AUD TV 0.2680746561886051, ss 78
AG*(1,2) = 18
AG*(1,3) = 53
AG*(1,2) = 18
AG*(1,3) = 53
AG*(3,2) = 46
AG*(4,1) = 156
AG*(4,2) = 13
AG*(4,3) = 31
NL(1,2) = 18, AG*'s used 0
Max in loop 78, 0.2680746561886051
AUD TV 0.3180746561886051, ss 36
AG*(1,2) = 18
AG*(1,3) = 57
AG*(1,2) = 18
AG*(1,3) = 57
AG*(3,2) = 47
AG*(4,1) = 156
AG*(4,2) = 13
AG*(4,3) = 31
NL(1,2) = 18, AG*'s used 0
Max in loop 36, 0.3180746561886051
AUD TV 0.3680746561886051, ss 22
AG*(1,2) = 18
AG*(1,3) = 61
AG*(1,2) = 18
AG*(1,3) = 61
AG*(3,2) = 48
AG*(4,1) = 156
AG*(4,2) = 13
AG*(4,3) = 31
NL(1,2) = 18, AG*'s used 0
Max in loop 24, 0.3680746561886051
AUD TV 0.41807465618860506, ss 15
AG*(1,2) = 18
AG*(1,3) = 66
AG*(1,2) = 18
AG*(1,3) = 66
AG*(3,2) = 50
AG*(4,1) = 156
AG*(4,2) = 13
AG*(4,3) = 31
NL(1,2) = 18, AG*'s used 0
Max in loop 24, 0.41807465618860506
AUD TV 0.46807465618860505, ss 11
AG*(1,2) = 18
AG*(1,3) = 72
AG*(1,2) = 18
AG*(1,3) = 72
AG*(3,2) = 51
AG*(4,1) = 156
AG*(4,2) = 13
AG*(4,3) = 31
NL(1,2) = 18, AG*'s used 0
Max in loop 24, 0.46807465618860505
AUD TV 0.518074656188605, ss 8
AG*(1,2) = 19
AG*(1,3) = 79
AG*(1,2) = 19
AG*(1,3) = 79
AG*(3,2) = 52
AG*(4,1) = 156
AG*(4,2) = 13
AG*(4,3) = 31
NL(1,2) = 19, AG*'s used 0
Max in loop 24, 0.518074656188605
AUD TV 0.5680746561886051, ss 6
AG*(1,2) = 19
AG*(1,3) = 88
AG*(1,2) = 19
AG*(1,3) = 88
AG*(3,2) = 54
AG*(4,1) = 156
AG*(4,2) = 13
AG*(4,3) = 31
NL(1,2) = 19, AG*'s used 0
Max in loop 24, 0.5680746561886051
AUD TV 0.6180746561886051, ss 4
AG*(1,2) = 19
AG*(1,3) = 99
AG*(1,2) = 19
AG*(1,3) = 99
AG*(3,2) = 55
AG*(4,1) = 156
AG*(4,2) = 13
AG*(4,3) = 31
NL(1,2) = 19, AG*'s used 0
Max in loop 24, 0.6180746561886051
Sample size to show min tv of 0.10903732809430255 is 43
Sample size required for audit is 24 ballots
------------------------------------------------
Assertion set BEFORE filtering:
(3, 'MT', None, (0.6180746561886051, 4))
(0, 'NL', 1, 19)
(3, 'QT', None, 24)
------------------------------------------------
Final set of assertions AFTER filtering:
(3, 'MT', None, (0.6180746561886051, 4))
(0, 'NL', 1, 19)
(3, 'QT', None, 24)
------------------------------------------------
Explanations for AG* inclusion:
------------------------------------------------
