VALID BALLOTS 995
5 ballot checks required to assert that first winner has a quota's worth of votes
AUD TV 0.5856643356643357, ss 26
AG*(3,4) = 102
AG*(1,2) = 8
AG*(1,3) = 8
AG*(1,4) = 6
AG*(2,4) = 192
AG*(3,4) = 102
NL(3,4) = 102, AG*'s used 0
NL(3,2) NOT POSSIBLE
Max in loop inf, 0.5856643356643357
AUD TV 0.6356643356643358, ss 11
AG*(3,4) = 112
AG*(1,2) = 8
AG*(1,3) = 8
AG*(1,4) = 6
AG*(2,4) = 277
AG*(3,4) = 112
NL(3,4) = 112, AG*'s used 0
NL(3,2) NOT POSSIBLE
Max in loop inf, 0.6356643356643358
Sample size to show min tv of 0.26783216783216784 is 8
AUD TV 0.5856643356643357, ss 26
AG*(3,4) = 35
AG*(1,2) = 8
AG*(1,3) = 8
AG*(1,4) = 6
AG*(2,4) = 62
AG*(3,4) = 35
NL(3,4) = 35, AG*'s used 0
NL(3,2) NOT POSSIBLE
Max in loop inf, 0.5856643356643357
AUD TV 0.6356643356643358, ss 11
AG*(3,4) = 36
AG*(1,2) = 8
AG*(1,3) = 8
AG*(1,4) = 6
AG*(2,4) = 67
AG*(3,4) = 36
NL(3,4) = 36, AG*'s used 0
NL(3,2) NOT POSSIBLE
Max in loop inf, 0.6356643356643358
New mintv = 0.31783216783216783
Sample size to show min tv of 0.31783216783216783 is 9
AUD TV 0.5856643356643357, ss 26
AG*(3,4) = 31
AG*(1,2) = 8
AG*(1,3) = 8
AG*(1,4) = 6
AG*(2,4) = 55
AG*(3,4) = 31
NL(3,4) = 31, AG*'s used 0
NL(3,2) NOT POSSIBLE
Max in loop inf, 0.5856643356643357
AUD TV 0.6356643356643358, ss 11
AG*(3,4) = 32
AG*(1,2) = 8
AG*(1,3) = 8
AG*(1,4) = 6
AG*(2,4) = 59
AG*(3,4) = 32
NL(3,4) = 32, AG*'s used 0
NL(3,2) NOT POSSIBLE
Max in loop inf, 0.6356643356643358
New mintv = 0.3678321678321678
Sample size to show min tv of 0.3678321678321678 is 11
AUD TV 0.5856643356643357, ss 26
AG*(3,4) = 28
AG*(1,2) = 8
AG*(1,3) = 8
AG*(1,4) = 6
AG*(2,4) = 49
AG*(3,4) = 28
NL(3,4) = 28, AG*'s used 0
NL(3,2) = 528, AG*'s used 28
Max in loop 528, 0.5856643356643357
AUD TV 0.6356643356643358, ss 11
AG*(3,4) = 28
AG*(1,2) = 8
AG*(1,3) = 8
AG*(1,4) = 6
AG*(2,4) = 52
AG*(3,4) = 28
NL(3,4) = 28, AG*'s used 0
NL(3,2) NOT POSSIBLE
Max in loop inf, 0.6356643356643358
Breaking out of inner loop inf > 528
New mintv = 0.4178321678321678
Sample size to show min tv of 0.4178321678321678 is 15
AUD TV 0.5856643356643357, ss 26
AG*(3,2) = 318
AG*(3,4) = 25
AG*(1,2) = 8
AG*(1,3) = 8
AG*(1,4) = 6
AG*(2,4) = 45
AG*(3,2) = 318
AG*(3,4) = 25
NL(3,4) = 25, AG*'s used 0
NL(3,2) = 164, AG*'s used 25
Max in loop 164, 0.5856643356643357
AUD TV 0.6356643356643358, ss 11
AG*(3,2) = 932
AG*(3,4) = 26
AG*(1,2) = 8
AG*(1,3) = 8
AG*(1,4) = 6
AG*(2,4) = 47
AG*(3,2) = 932
AG*(3,4) = 26
NL(3,4) = 26, AG*'s used 0
NL(3,2) = 288, AG*'s used 26
Max in loop 288, 0.6356643356643358
Breaking out of inner loop 288 > 164
New mintv = 0.4678321678321678
Sample size to show min tv of 0.4678321678321678 is 24
AUD TV 0.5856643356643357, ss 26
AG*(3,2) = 142
AG*(3,4) = 23
AG*(1,2) = 8
AG*(1,3) = 8
AG*(1,4) = 6
AG*(2,4) = 41
AG*(3,2) = 142
AG*(3,4) = 23
NL(3,4) = 23, AG*'s used 0
NL(3,2) = 102, AG*'s used 23
Max in loop 102, 0.5856643356643357
AUD TV 0.6356643356643358, ss 11
AG*(3,2) = 204
AG*(3,4) = 24
AG*(1,2) = 8
AG*(1,3) = 8
AG*(1,4) = 6
AG*(2,4) = 43
AG*(3,2) = 204
AG*(3,4) = 24
NL(3,4) = 24, AG*'s used 0
NL(3,2) = 131, AG*'s used 24
Max in loop 131, 0.6356643356643358
Breaking out of inner loop 131 > 102
New mintv = 0.5178321678321678
Sample size to show min tv of 0.5178321678321678 is 83
AUD TV 0.5856643356643357, ss 26
AG*(3,2) = 95
AG*(3,4) = 21
AG*(1,2) = 8
AG*(1,3) = 8
AG*(1,4) = 6
AG*(2,4) = 38
AG*(3,2) = 95
AG*(3,4) = 21
NL(3,4) = 21, AG*'s used 0
NL(3,2) = 74, AG*'s used 21
Max in loop 83, 0.5856643356643357
AUD TV 0.6356643356643358, ss 11
AG*(3,2) = 119
AG*(3,4) = 22
AG*(1,2) = 8
AG*(1,3) = 8
AG*(1,4) = 6
AG*(2,4) = 40
AG*(3,2) = 119
AG*(3,4) = 22
NL(3,4) = 22, AG*'s used 0
NL(3,2) = 88, AG*'s used 22
Max in loop 88, 0.6356643356643358
Breaking out of inner loop 88 > 83
New mintv = 0.5678321678321678
Sample size required for audit is 83 ballots
------------------------------------------------
Assertion set BEFORE filtering:
(0, 'QT', None, 5)
(0, 'MT', None, (0.5856643356643357, 26))
(0, 'LT', None, (0.5178321678321678, 83))
(2, 'NL', 1, 74)
(2, 'NL', 3, 21)
(2, 'AG*', 3, 21)
------------------------------------------------
Final set of assertions AFTER filtering:
(0, 'QT', None, 5)
(0, 'MT', None, (0.5856643356643357, 26))
(0, 'LT', None, (0.5178321678321678, 83))
(2, 'NL', 1, 74)
(2, 'NL', 3, 21)
(2, 'AG*', 3, 21)
------------------------------------------------
Explanations for AG* inclusion:
   Explanation for (2, 'AG*', 3, 21): []
------------------------------------------------
