VALID BALLOTS 1413
Winner 4
Winner 5
Computing AG relationships
4 AG 1 = 31
4 AG 2 = 209
3 AG 1 = 48
5 AG 1 = 41
Ruling out candidates: [(1, 41)]
STAGE 1 ASN (Ruling out candidates): 41
ALTERNATE OUTCOME PAIR: 2,4
   (1) can we show that 3 NL 4?
        a. margin -0.17291814107100723
      no
   (1) can we show that 3 NL 2?
        a. margin -0.014861995753715496
      no
   (1) can we show that 5 NL 4?
        a. margin -0.16348195329087045
      no
   (1) can we show that 5 NL 2?
        a. margin 0.010379806558150406
      yes, 234, ags used 41 = 234
      Best assertion(s) require sample: 234

ALTERNATE OUTCOME PAIR: 2,3
   (1) can we show that 4 NL 3?
        a. margin -0.1545175748997406
      no
   (1) can we show that 4 NL 2?
        a. margin 0.04081151214909173
      yes, 98, ags used 31 = 98
   (1) can we show that 5 NL 3?
        a. margin -0.14295824486907294
      no
   (1) can we show that 5 NL 2?
        a. margin 0.0016513328615239686
      yes, 47, ags used 209 = 209
      Best assertion(s) require sample: 98

ALTERNATE OUTCOME PAIR: 2,5
   (1) can we show that 4 NL 5?
        a. margin -0.12432177400330258
      no
   (1) can we show that 4 NL 2?
        a. margin 0.049068176456711354
      yes, 83, ags used 31 = 83
   (1) can we show that 3 NL 5?
        a. margin -0.18778013682472272
      no
   (1) can we show that 3 NL 2?
        a. margin 0.07147912243453636
      yes, 63, ags used 209 = 209
      Best assertion(s) require sample: 83

ALTERNATE OUTCOME PAIR: 4,3
   (1) can we show that 2 NL 3?
        a. margin -0.41448454824251013
      no
   (1) can we show that 2 NL 4?
        a. margin -0.4416135881104035
      no
   (1) can we show that 5 NL 3?
        a. margin -0.12125501297475827
      no
   (1) can we show that 5 NL 4?
        a. margin -0.15168671856569937
      no

ALTERNATE OUTCOME PAIR: 3,5
   (1) can we show that 2 NL 5?
        a. margin -0.43217740033026675
      no
   (1) can we show that 2 NL 3?
        a. margin -0.4059919792403869
      no
   (1) can we show that 4 NL 5?
        a. margin -0.06817645671148831
      no
   (1) can we show that 4 NL 3?
        a. margin -0.0863411181882523
      no

RULE OUT PAIR STAGE ASN 234
------------------------------------------------
Alternate outcome cannot be ruled out: 4,3
Alternate outcome cannot be ruled out: 3,5
Full audit not possible
PARTIAL audit sample size: 234
------------------------------------------------
Final set of assertions generated:
(4, 'AG', 0, 41)
4 NL 2 = 83 [rules out (2, 5), G = {0}, O = set()]
(3, 'AG', 0, 31)
4 NL 2 = 98 [rules out (2, 3), G = {0}, O = set()]
5 NL 2 = 234 [rules out (2, 4), G = {0}, O = set()]
[] are verified winners with these assertions.
[3, 4, 5] remain as potential winners in this audit.
------------------------------------------------
