VALID BALLOTS 5314
47 ballot checks required to assert that first winner has a quota's worth of votes
AUD TV 0.17580167735569807, ss 99
AG*(6,1) = 55
AG*(6,4) = 65
AG*(6,5) = 70
AG*(6,7) = 135
AG*(2,1) = 40
AG*(2,3) = 22
AG*(2,4) = 24
AG*(2,5) = 24
AG*(2,7) = 817
AG*(6,1) = 55
AG*(6,4) = 65
AG*(6,5) = 70
AG*(6,7) = 135
AG*(7,1) = 299
AG*(7,4) = 818
AG*(7,5) = 1650
NL(6,5) = 56, AG*'s used 55
NL(6,1) = 55, AG*'s used 0
NL(6,4) = 53, AG*'s used 55
NL(6,7) = 65, AG*'s used 70
NL(6,3) = 26, AG*'s used 135
Max in loop 135, 0.17580167735569807
AUD TV 0.22580167735569806, ss 46
AG*(6,1) = 57
AG*(6,4) = 69
AG*(6,5) = 76
AG*(6,7) = 140
AG*(2,1) = 40
AG*(2,3) = 22
AG*(2,4) = 24
AG*(2,5) = 24
AG*(2,7) = 817
AG*(6,1) = 57
AG*(6,4) = 69
AG*(6,5) = 76
AG*(6,7) = 140
AG*(7,1) = 357
AG*(7,4) = 2663
NL(6,5) = 60, AG*'s used 57
NL(6,1) = 57, AG*'s used 0
NL(6,4) = 55, AG*'s used 57
NL(6,7) = 66, AG*'s used 76
NL(6,3) = 29, AG*'s used 140
Max in loop 140, 0.22580167735569806
Breaking out of inner loop 140 > 135
Sample size to show min tv of 0.06290083867784904 is 89
AUD TV 0.17580167735569807, ss 99
AG*(6,1) = 55
AG*(6,4) = 65
AG*(6,5) = 70
AG*(6,7) = 133
AG*(2,1) = 40
AG*(2,3) = 22
AG*(2,4) = 24
AG*(2,5) = 24
AG*(2,7) = 817
AG*(6,1) = 55
AG*(6,4) = 65
AG*(6,5) = 70
AG*(6,7) = 133
AG*(7,1) = 284
AG*(7,4) = 736
AG*(7,5) = 1387
NL(6,5) = 56, AG*'s used 55
NL(6,1) = 55, AG*'s used 0
NL(6,4) = 53, AG*'s used 55
NL(6,7) = 64, AG*'s used 70
NL(6,3) = 26, AG*'s used 133
Max in loop 133, 0.17580167735569807
AUD TV 0.22580167735569806, ss 46
AG*(6,1) = 56
AG*(6,4) = 68
AG*(6,5) = 76
AG*(6,7) = 137
AG*(2,1) = 40
AG*(2,3) = 22
AG*(2,4) = 24
AG*(2,5) = 24
AG*(2,7) = 817
AG*(6,1) = 56
AG*(6,4) = 68
AG*(6,5) = 76
AG*(6,7) = 137
AG*(7,1) = 336
AG*(7,4) = 1675
NL(6,5) = 60, AG*'s used 56
NL(6,1) = 56, AG*'s used 0
NL(6,4) = 55, AG*'s used 56
NL(6,7) = 65, AG*'s used 76
NL(6,3) = 29, AG*'s used 137
Max in loop 137, 0.22580167735569806
Breaking out of inner loop 137 > 133
New mintv = 0.11290083867784904
Sample size to show min tv of 0.11290083867784904 is 463
Sample size required for audit is 133 ballots
------------------------------------------------
Assertion set BEFORE filtering:
(5, 'NL', 3, 55)
(1, 'LT', None, (0.06290083867784904, 89))
(1, 'MT', None, (0.17580167735569807, 99))
(5, 'AG*', 0, 55)
(5, 'AG*', 4, 70)
(5, 'NL', 4, 56)
(5, 'NL', 6, 70)
(5, 'AG*', 6, 133)
(1, 'QT', None, 47)
(5, 'NL', 2, 133)
(5, 'AG*', 3, 65)
(5, 'NL', 0, 55)
------------------------------------------------
Final set of assertions AFTER filtering:
(5, 'NL', 3, 55)
(1, 'LT', None, (0.06290083867784904, 89))
(1, 'MT', None, (0.17580167735569807, 99))
(5, 'AG*', 0, 55)
(5, 'AG*', 4, 70)
(5, 'NL', 4, 56)
(5, 'NL', 6, 70)
(5, 'AG*', 6, 133)
(1, 'QT', None, 47)
(5, 'NL', 2, 133)
(5, 'AG*', 3, 65)
(5, 'NL', 0, 55)
------------------------------------------------
Explanations for AG* inclusion:
   Explanation for (5, 'AG*', 0, 55): []
   Explanation for (5, 'AG*', 4, 70): []
   Explanation for (5, 'AG*', 6, 133): []
   Explanation for (5, 'AG*', 3, 65): []
------------------------------------------------
