VALID BALLOTS 4976
Winner 3
Winner 6
Computing AG relationships
4 AG 2 = 213
3 AG 2 = 22
3 AG 7 = 164
3 AG 5 = 29
3 AG 4 = 38
3 AG 1 = 98
1 AG 2 = 105
1 AG 5 = 878
6 AG 2 = 61
6 AG 7 = 26
6 AG 5 = 46
Ruling out candidates: [(2, 61), (7, 164), (5, 46)]
STAGE 1 ASN (Ruling out candidates): 164
ALTERNATE OUTCOME PAIR: 4,3
   (1) can we show that 1 NL 3?
        a. margin -0.27411575562700996
      no
   (1) can we show that 1 NL 4?
        a. margin -0.20947213290460753
      no
   (1) can we show that 6 NL 3?
        a. margin -0.17624598070739528
      no
   (1) can we show that 6 NL 4?
        a. margin -0.10363076098606705
      no

ALTERNATE OUTCOME PAIR: 4,1
   (1) can we show that 3 NL 1?
        a. margin 0.04876741693461972
      yes, 85, ags used 29 = 85
   (1) can we show that 3 NL 4?
        a. margin 0.12767952840300123
      yes, 34, ags used 29 = 34
   (1) can we show that 6 NL 1?
        a. margin 0.0963960342979635
      yes, 47, ags used 98 = 98
   (1) can we show that 6 NL 4?
        a. margin 0.09820471596998925
      yes, 35, ags used 46 = 46
      Best assertion(s) require sample: 34

ALTERNATE OUTCOME PAIR: 4,6
   (1) can we show that 3 NL 6?
        a. margin -0.002612540192926227
      no
   (1) can we show that 3 NL 4?
        a. margin 0.1286843515541256
      yes, 34, ags used 29 = 34
   (1) can we show that 1 NL 6?
        a. margin -0.20344319399785582
      no
   (1) can we show that 1 NL 4?
        a. margin 0.021637191854234183
      yes, 210, ags used 878 = 878
      Best assertion(s) require sample: 34

ALTERNATE OUTCOME PAIR: 3,1
   (1) can we show that 4 NL 1?
        a. margin -0.13451232583065398
      no
   (1) can we show that 4 NL 3?
        a. margin -0.26788585209003213
      no
   (1) can we show that 6 NL 1?
        a. margin -0.011387995712754395
      no
   (1) can we show that 6 NL 3?
        a. margin -0.20357717041800638
      no

ALTERNATE OUTCOME PAIR: 1,6
   (1) can we show that 4 NL 6?
        a. margin -0.21335744908896026
      no
   (1) can we show that 4 NL 1?
        a. margin -0.10383172561629106
      no
   (1) can we show that 3 NL 6?
        a. margin 0.10443461950696675
      yes, 43, ags used 38 = 43
   (1) can we show that 3 NL 1?
        a. margin 0.06906484458735163
      yes, 22, ags used 38 = 38
      Best assertion(s) require sample: 38

RULE OUT PAIR STAGE ASN 38
------------------------------------------------
Alternate outcome cannot be ruled out: 4,3
Alternate outcome cannot be ruled out: 3,1
Full audit not possible
PARTIAL audit sample size: 164
------------------------------------------------
Final set of assertions generated:
(5, 'AG', 6, 26)
3 NL 4 = 34 [rules out (4, 6), G = {1, 4}, O = set()]
3 NL 1 = 38 [rules out (1, 6), G = {1, 3, 4}, O = set()]
3 NL 4 = 34 [rules out (4, 1), G = {1, 4}, O = set()]
(2, 'AG', 6, 164)
(5, 'AG', 4, 46)
(2, 'AG', 3, 38)
(5, 'AG', 1, 61)
(2, 'AG', 1, 22)
(2, 'AG', 4, 29)
[3] are verified winners with these assertions.
[1, 4, 6] remain as potential winners in this audit.
------------------------------------------------
