VALID BALLOTS 4976
Winner 3
Winner 6
Computing AG relationships
4 AG 2 = 213
3 AG 2 = 22
3 AG 7 = 164
3 AG 5 = 29
3 AG 4 = 38
3 AG 1 = 98
1 AG 2 = 105
1 AG 5 = 878
6 AG 2 = 61
6 AG 7 = 26
6 AG 5 = 46
Ruling out candidates: [(2, 61), (7, 164), (5, 46)]
STAGE 1 ASN (Ruling out candidates): 164
ALTERNATE OUTCOME PAIR: 4,3
   (1) can we show that 1 NL 3?
        a. margin -0.27411575562700996
      no
   (1) can we show that 1 NL 4?
        a. margin -0.20947213290460753
      no
   (1) can we show that 6 NL 3?
        a. margin -0.17624598070739528
      no
   (1) can we show that 6 NL 4?
        a. margin -0.10363076098606705
      no

ALTERNATE OUTCOME PAIR: 4,1
   (1) can we show that 3 NL 1?
        a. margin 0.04876741693461972
      yes, 85, ags used 29 = 85
   (1) can we show that 3 NL 4?
        a. margin 0.12767952840300123
      yes, 34, ags used 29 = 34
   (1) can we show that 6 NL 1?
        a. margin 0.0963960342979635
      yes, 47, ags used 98 = 98
   (1) can we show that 6 NL 4?
        a. margin 0.09820471596998925
      yes, 35, ags used 46 = 46
      Best assertion(s) require sample: 34

ALTERNATE OUTCOME PAIR: 4,6
   (1) can we show that 3 NL 6?
        a. margin -0.002612540192926227
      no
   (1) can we show that 3 NL 4?
        a. margin 0.1286843515541256
      yes, 34, ags used 29 = 34
   (1) can we show that 1 NL 6?
        a. margin -0.20344319399785582
      no
   (1) can we show that 1 NL 4?
        a. margin 0.021637191854234183
      yes, 210, ags used 878 = 878
      Best assertion(s) require sample: 34

ALTERNATE OUTCOME PAIR: 3,1
   (1) can we show that 4 NL 1?
        a. margin -0.13451232583065398
      no
   (1) can we show that 4 NL 3?
        a. margin -0.26788585209003213
      no
   (1) can we show that 6 NL 1?
        a. margin -0.011387995712754395
      no
   (1) can we show that 6 NL 3?
        a. margin -0.20357717041800638
      no

ALTERNATE OUTCOME PAIR: 1,6
   (1) can we show that 4 NL 6?
        a. margin -0.21335744908896026
      no
   (1) can we show that 4 NL 1?
        a. margin -0.10383172561629106
      no
   (1) can we show that 3 NL 6?
        a. margin 0.10443461950696675
      yes, 43, ags used 38 = 43
   (1) can we show that 3 NL 1?
        a. margin 0.06906484458735163
      yes, 22, ags used 38 = 38
      Best assertion(s) require sample: 38

RULE OUT PAIR STAGE ASN 38
------------------------------------------------
EXAMINING WAYS TO REDUCE COST OF AUDIT
ALTERNATE OUTCOME PAIR: 7,4
   (1) can we show that 3 NL 4?
        a. margin 0.12131564844587239
      yes, 36, ags used 29 = 36
   (1) can we show that 3 NL 7?
        a. margin 0.028336012861736037
      yes, 15, ags used 26 = 26
   (1) can we show that 1 NL 4?
        a. margin 0.01554126473740669
      yes, 291, ags used 878 = 878
   (1) can we show that 1 NL 7?
        a. margin 0.11629153269024717
      yes, 39, ags used 26 = 39
   (1) can we show that 6 NL 4?
        a. margin 0.07047159699892847
      yes, 47, ags used 46 = 47
   (1) can we show that 6 NL 7?
        a. margin 0.17497320471597022
      yes, 26, ags used 0 = 26
      Best assertion(s) require sample: 26

ALTERNATE OUTCOME PAIR: 7,3
   (1) can we show that 4 NL 3?
        a. margin -0.28208735262593776
      no
   (1) can we show that 4 NL 7?
        a. margin 0.10229099678456599
      yes, 44, ags used 26 = 44
   (1) can we show that 1 NL 3?
        a. margin -0.3151795284030008
      no
   (1) can we show that 1 NL 7?
        a. margin 0.11722936763129765
      yes, 39, ags used 26 = 39
   (1) can we show that 6 NL 3?
        a. margin -0.24443997856377275
      no
   (1) can we show that 6 NL 7?
        a. margin 0.17658092175777096
      yes, 25, ags used 0 = 25
      Best assertion(s) require sample: 25

ALTERNATE OUTCOME PAIR: 7,1
   (1) can we show that 4 NL 1?
        a. margin -0.12372722400857494
      no
   (1) can we show that 4 NL 7?
        a. margin 0.1038317256162915
      yes, 44, ags used 26 = 44
   (1) can we show that 3 NL 1?
        a. margin 0.04890139335476884
      yes, 25, ags used 38 = 38
   (1) can we show that 3 NL 7?
        a. margin 0.0411977491961415
      yes, 15, ags used 26 = 26
   (1) can we show that 6 NL 1?
        a. margin 0.06906484458735229
      yes, 66, ags used 98 = 98
   (1) can we show that 6 NL 7?
        a. margin 0.17423633440514474
      yes, 26, ags used 0 = 26
      Best assertion(s) require sample: 26

ALTERNATE OUTCOME PAIR: 7,6
   (1) can we show that 4 NL 6?
        a. margin -0.22762593783494056
      no
   (1) can we show that 4 NL 7?
        a. margin -0.08741961414791177
      no
   (1) can we show that 3 NL 6?
        a. margin 0.09103697749196038
      yes, 50, ags used 38 = 50
   (1) can we show that 3 NL 7?
        a. margin 0.09143890675240995
      yes, 20, ags used 38 = 38
   (1) can we show that 1 NL 6?
        a. margin -0.20712754555198232
      no
   (1) can we show that 1 NL 7?
        a. margin 0.007837620578776683
      yes, 725, ags used 878 = 878
      Best assertion(s) require sample: 38

6 ruled out by pairs, sample size 38
STAGE 1 ASN NOW 61
NEW RULE OUT PAIR STAGE ASN 38
ALTERNATE OUTCOME PAIR: 2,7
   (1) can we show that 4 NL 7?
        a. margin 0.102357984994641
      yes, 44, ags used 26 = 44
   (1) can we show that 4 NL 2?
        a. margin 0.023780814576634057
      yes, 53, ags used 61 = 61
   (1) can we show that 3 NL 7?
        a. margin 0.029005894962486733
      yes, 15, ags used 26 = 26
   (1) can we show that 3 NL 2?
        a. margin 0.20759646302250756
      yes, 21, ags used 0 = 21
   (1) can we show that 1 NL 7?
        a. margin 0.11515273311897078
      yes, 39, ags used 26 = 39
   (1) can we show that 1 NL 2?
        a. margin 0.04501607717041756
      yes, 39, ags used 22 = 39
   (1) can we show that 6 NL 7?
        a. margin 0.172427652733119
      yes, 26, ags used 0 = 26
   (1) can we show that 6 NL 2?
        a. margin 0.07529474812433001
      yes, 26, ags used 22 = 26
      Best assertion(s) require sample: 21

ALTERNATE OUTCOME PAIR: 2,4
   (1) can we show that 7 NL 4?
        a. margin -0.14797695605573413
      no
   (1) can we show that 7 NL 2?
        a. margin 0.002545551982851002
      yes, 3791, ags used 105 = 3791
   (1) can we show that 3 NL 4?
        a. margin 0.12057877813504825
      yes, 37, ags used 29 = 37
   (1) can we show that 3 NL 2?
        a. margin 0.20618971061093294
      yes, 22, ags used 0 = 22
   (1) can we show that 1 NL 4?
        a. margin 0.00589496248660204
      yes, 954, ags used 878 = 954
   (1) can we show that 1 NL 2?
        a. margin 0.05211682743837143
      yes, 40, ags used 22 = 40
   (1) can we show that 6 NL 4?
        a. margin 0.09271168274383723
      yes, 37, ags used 46 = 46
   (1) can we show that 6 NL 2?
        a. margin 0.08661575562700974
      yes, 23, ags used 26 = 26
      Best assertion(s) require sample: 22

ALTERNATE OUTCOME PAIR: 2,3
   (1) can we show that 7 NL 3?
        a. margin -0.5009378349410503
      no
   (1) can we show that 7 NL 2?
        a. margin 0.002612540192925783
      yes, 3174, ags used 213 = 3174
   (1) can we show that 4 NL 3?
        a. margin -0.282623258306538
      no
   (1) can we show that 4 NL 2?
        a. margin 0.02210610932475876
      yes, 56, ags used 61 = 61
   (1) can we show that 1 NL 3?
        a. margin -0.3236870310825297
      no
   (1) can we show that 1 NL 2?
        a. margin 0.05640407288317317
      yes, 48, ags used 61 = 61
   (1) can we show that 6 NL 3?
        a. margin -0.2212620578778134
      no
   (1) can we show that 6 NL 2?
        a. margin 0.09492229367631277
      yes, 39, ags used 26 = 39
      Best assertion(s) require sample: 39

ALTERNATE OUTCOME PAIR: 2,1
   (1) can we show that 7 NL 1?
        a. margin -0.18468649517684887
      no
   (1) can we show that 7 NL 2?
        a. margin -0.021704180064308853
      no
   (1) can we show that 4 NL 1?
        a. margin -0.12560289389067525
      no
   (1) can we show that 4 NL 2?
        a. margin 0.0337620578778135
      yes, 49, ags used 61 = 61
   (1) can we show that 3 NL 1?
        a. margin 0.04836548767416926
      yes, 26, ags used 38 = 38
   (1) can we show that 3 NL 2?
        a. margin 0.217242765273312
      yes, 21, ags used 0 = 21
   (1) can we show that 6 NL 1?
        a. margin 0.09204180064308676
      yes, 49, ags used 98 = 98
   (1) can we show that 6 NL 2?
        a. margin 0.08614683815648427
      yes, 25, ags used 22 = 25
      Best assertion(s) require sample: 21

ALTERNATE OUTCOME PAIR: 2,6
   (1) can we show that 7 NL 6?
        a. margin -0.494707931404073
      no
   (1) can we show that 7 NL 2?
        a. margin 0.001942658092175753
      yes, 4976, ags used 213 = 4976
   (1) can we show that 4 NL 6?
        a. margin -0.234927652733119
      no
   (1) can we show that 4 NL 2?
        a. margin 0.03329314040728737
      yes, 43, ags used 105 = 105
   (1) can we show that 3 NL 6?
        a. margin 0.07924705251875674
      yes, 57, ags used 38 = 57
   (1) can we show that 3 NL 2?
        a. margin 0.21684083601286108
      yes, 21, ags used 0 = 21
   (1) can we show that 1 NL 6?
        a. margin -0.2221998928188641
      no
   (1) can we show that 1 NL 2?
        a. margin 0.0497052518756691
      yes, 38, ags used 22 = 38
      Best assertion(s) require sample: 21

1 ruled out by pairs, sample size 39
STAGE 1 ASN NOW 46
NEW RULE OUT PAIR STAGE ASN 39
ALTERNATE OUTCOME PAIR: 5,2
   (1) can we show that 7 NL 2?
        a. margin 0.003885316184352172
      yes, 924, ags used 213 = 924
   (1) can we show that 7 NL 5?
        a. margin -0.062566988210075
      no
   (1) can we show that 4 NL 2?
        a. margin 0.028670953912112163
      yes, 51, ags used 61 = 61
   (1) can we show that 4 NL 5?
        a. margin 0.030010718113612
      yes, 151, ags used 46 = 151
   (1) can we show that 3 NL 2?
        a. margin 0.21235262593783344
      yes, 21, ags used 0 = 21
   (1) can we show that 3 NL 5?
        a. margin 0.157422293676313
      yes, 29, ags used 0 = 29
   (1) can we show that 1 NL 2?
        a. margin 0.046690782422294186
      yes, 39, ags used 22 = 39
   (1) can we show that 1 NL 5?
        a. margin 0.006966773847802754
      yes, 67, ags used 46 = 67
   (1) can we show that 6 NL 2?
        a. margin 0.08025187566988268
      yes, 25, ags used 22 = 25
   (1) can we show that 6 NL 5?
        a. margin 0.10014737406216523
      yes, 31, ags used 29 = 31
      Best assertion(s) require sample: 21

ALTERNATE OUTCOME PAIR: 5,7
   (1) can we show that 2 NL 7?
        a. margin -0.019493569131832422
      no
   (1) can we show that 2 NL 5?
        a. margin -0.07274919614147968
      no
   (1) can we show that 4 NL 7?
        a. margin 0.10463558413719243
      yes, 43, ags used 26 = 43
   (1) can we show that 4 NL 5?
        a. margin 0.029407824222936307
      yes, 155, ags used 46 = 155
   (1) can we show that 3 NL 7?
        a. margin 0.03965702036441443
      yes, 15, ags used 26 = 26
   (1) can we show that 3 NL 5?
        a. margin 0.15849410503751282
      yes, 28, ags used 22 = 28
   (1) can we show that 1 NL 7?
        a. margin 0.11676045016077197
      yes, 39, ags used 26 = 39
   (1) can we show that 1 NL 5?
        a. margin 0.008507502679528045
      yes, 67, ags used 46 = 67
   (1) can we show that 6 NL 7?
        a. margin 0.17457127545551998
      yes, 26, ags used 0 = 26
   (1) can we show that 6 NL 5?
        a. margin 0.09934351554126475
      yes, 37, ags used 29 = 37
      Best assertion(s) require sample: 26

ALTERNATE OUTCOME PAIR: 5,4
   (1) can we show that 2 NL 4?
        a. margin -0.17490621650589522
      no
   (1) can we show that 2 NL 5?
        a. margin -0.07274919614147879
      no
   (1) can we show that 7 NL 4?
        a. margin -0.14817792068595925
      no
   (1) can we show that 7 NL 5?
        a. margin -0.06276795284029968
      no
   (1) can we show that 3 NL 4?
        a. margin 0.12118167202572261
      yes, 36, ags used 22 = 36
   (1) can we show that 3 NL 5?
        a. margin 0.15635048231511228
      yes, 28, ags used 22 = 28
   (1) can we show that 1 NL 4?
        a. margin -0.00850750267952849
      no
   (1) can we show that 1 NL 5?
        a. margin 0.008708467309753942
      yes, 67, ags used 46 = 67
   (1) can we show that 6 NL 4?
        a. margin 0.09271168274383679
      yes, 49, ags used 38 = 49
   (1) can we show that 6 NL 5?
        a. margin 0.10121918542336572
      yes, 31, ags used 29 = 31
      Best assertion(s) require sample: 28

ALTERNATE OUTCOME PAIR: 5,3
   (1) can we show that 2 NL 3?
        a. margin -0.532355305466238
      no
   (1) can we show that 2 NL 5?
        a. margin -0.08018488745980656
      no
   (1) can we show that 7 NL 3?
        a. margin -0.5017416934619505
      no
   (1) can we show that 7 NL 5?
        a. margin -0.07087352625937837
      no
   (1) can we show that 4 NL 3?
        a. margin -0.2802786709539118
      no
   (1) can we show that 4 NL 5?
        a. margin 0.027532154340836446
      yes, 165, ags used 46 = 165
   (1) can we show that 1 NL 3?
        a. margin -0.3385584137191855
      no
   (1) can we show that 1 NL 5?
        a. margin 0.01091907824222993
      yes, 76, ags used 46 = 76
   (1) can we show that 6 NL 3?
        a. margin -0.2488612004287245
      no
   (1) can we show that 6 NL 5?
        a. margin 0.10316184351554147
      yes, 36, ags used 26 = 36
      Best assertion(s) require sample: 36

ALTERNATE OUTCOME PAIR: 5,1
   (1) can we show that 2 NL 1?
        a. margin -0.2366693461950694
      no
   (1) can we show that 2 NL 5?
        a. margin -0.08594587352625949
      no
   (1) can we show that 7 NL 1?
        a. margin -0.17859056806002171
      no
   (1) can we show that 7 NL 5?
        a. margin -0.07897909967845673
      no
   (1) can we show that 4 NL 1?
        a. margin -0.11568863879957059
      no
   (1) can we show that 4 NL 5?
        a. margin 0.036575562700964515
      yes, 124, ags used 46 = 124
   (1) can we show that 3 NL 1?
        a. margin 0.056872990353696196
      yes, 24, ags used 38 = 38
   (1) can we show that 3 NL 5?
        a. margin 0.16680064308681675
      yes, 26, ags used 22 = 26
   (1) can we show that 6 NL 1?
        a. margin 0.07147642015005351
      yes, 64, ags used 98 = 98
   (1) can we show that 6 NL 5?
        a. margin 0.10798499464094324
      yes, 30, ags used 29 = 30
      Best assertion(s) require sample: 26

ALTERNATE OUTCOME PAIR: 5,6
   (1) can we show that 2 NL 6?
        a. margin -0.4506966773847796
      no
   (1) can we show that 2 NL 5?
        a. margin -0.09840568060021437
      no
   (1) can we show that 7 NL 6?
        a. margin -0.4847266881028932
      no
   (1) can we show that 7 NL 5?
        a. margin -0.06625133976420117
      no
   (1) can we show that 4 NL 6?
        a. margin -0.22173097534833786
      no
   (1) can we show that 4 NL 5?
        a. margin 0.02887191854233606
      yes, 157, ags used 878 = 878
   (1) can we show that 3 NL 6?
        a. margin 0.09478831725616121
      yes, 48, ags used 38 = 48
   (1) can we show that 3 NL 5?
        a. margin 0.16934619506966642
      yes, 26, ags used 22 = 26
   (1) can we show that 1 NL 6?
        a. margin -0.22769292604501534
      no
   (1) can we show that 1 NL 5?
        a. margin 0.018354769560555928
      yes, 96, ags used 105 = 105
      Best assertion(s) require sample: 26

4 ruled out by pairs, sample size 36
STAGE 1 ASN NOW 0
NEW RULE OUT PAIR STAGE ASN 39
------------------------------------------------
Alternate outcome cannot be ruled out: 4,3
Alternate outcome cannot be ruled out: 3,1
Full audit not possible
PARTIAL audit sample size: 39
------------------------------------------------
Final set of assertions generated:
6 NL 5 = 36 [rules out (5, 3), G = {6}, O = set()]
3 NL 4 = 34 [rules out (4, 6), G = {1, 4}, O = set()]
3 NL 5 = 26 [rules out (5, 1), G = {1}, O = set()]
(5, 'AG', 6, 26)
3 NL 1 = 38 [rules out (1, 6), G = {1, 3, 4}, O = set()]
3 NL 2 = 22 [rules out (2, 4), G = set(), O = set()]
6 NL 2 = 39 [rules out (2, 3), G = {6}, O = set()]
3 NL 7 = 26 [rules out (7, 1), G = {1}, O = {5}]
3 NL 5 = 28 [rules out (5, 4), G = {1}, O = set()]
3 NL 2 = 21 [rules out (2, 7), G = set(), O = set()]
3 NL 2 = 21 [rules out (2, 6), G = set(), O = set()]
3 NL 5 = 26 [rules out (5, 6), G = {1}, O = set()]
3 NL 4 = 34 [rules out (4, 1), G = {1, 4}, O = set()]
(2, 'AG', 4, 29)
6 NL 7 = 25 [rules out (7, 3), G = set(), O = set()]
(2, 'AG', 3, 38)
3 NL 7 = 26 [rules out (7, 4), G = {1}, O = {5}]
(2, 'AG', 1, 22)
3 NL 2 = 21 [rules out (5, 2), G = set(), O = set()]

3 NL 2 = 21 [rules out (2, 1), G = set(), O = set()]
3 NL 7 = 38 [rules out (7, 6), G = {1, 3, 4}, O = set()]
3 NL 7 = 26 [rules out (5, 7), G = {1}, O = {5}]

[3] are verified winners with these assertions.
[1, 4, 6] remain as potential winners in this audit.
------------------------------------------------
