VALID BALLOTS 6967
Winner 1
Winner 5
Computing AG relationships
1 AG 6 = 24
1 AG 9 = 108
1 AG 4 = 38
1 AG 8 = 31
1 AG 2 = 34
3 AG 6 = 41
3 AG 7 = 83
5 AG 6 = 29
5 AG 9 = 50
5 AG 4 = 150
Ruling out candidates: [(6, 29), (9, 108), (4, 150)]
STAGE 1 ASN (Ruling out candidates): 150
ALTERNATE OUTCOME PAIR: 7,8
   (1) can we show that 1 NL 8?
        a. margin 0.14501698483326098
      yes, 31, ags used 24 = 31
   (1) can we show that 1 NL 7?
        a. margin 0.0073202239127310165
      yes, 19, ags used 83 = 83
   (1) can we show that 2 NL 8?
        a. margin -0.010860724367255936
      no
   (1) can we show that 2 NL 7?
        a. margin -0.020477489115353853
      no
   (1) can we show that 3 NL 8?
        a. margin 0.08564183531888414
      yes, 52, ags used 41 = 52
   (1) can we show that 3 NL 7?
        a. margin 0.05707860867900916
      yes, 78, ags used 41 = 78
   (1) can we show that 5 NL 8?
        a. margin 0.16750394717956008
      yes, 27, ags used 31 = 31
   (1) can we show that 5 NL 7?
        a. margin 0.19659346442753778
      yes, 23, ags used 83 = 83
      Best assertion(s) require sample: 31

ALTERNATE OUTCOME PAIR: 7,1
   (1) can we show that 8 NL 1?
        a. margin -0.3356298741686995
      no
   (1) can we show that 8 NL 7?
        a. margin -0.043395052868284156
      no
   (1) can we show that 2 NL 1?
        a. margin -0.3059183771111439
      no
   (1) can we show that 2 NL 7?
        a. margin -0.019807664705038253
      no
   (1) can we show that 3 NL 1?
        a. margin -0.2534328501028663
      no
   (1) can we show that 3 NL 7?
        a. margin 0.06138462274532275
      yes, 73, ags used 41 = 73
   (1) can we show that 5 NL 1?
        a. margin -0.17659442131955505
      no
   (1) can we show that 5 NL 7?
        a. margin 0.2005645662886939
      yes, 22, ags used 83 = 83
      Best assertion(s) require sample: 73

ALTERNATE OUTCOME PAIR: 7,2
   (1) can we show that 8 NL 2?
        a. margin -0.04813166834122806
      no
   (1) can we show that 8 NL 7?
        a. margin -0.04478254628965106
      no
   (1) can we show that 1 NL 2?
        a. margin 0.135782976891057
      yes, 25, ags used 31 = 31
   (1) can we show that 1 NL 7?
        a. margin 0.0007655136117887817
      yes, 20, ags used 83 = 83
   (1) can we show that 3 NL 2?
        a. margin 0.07836945600688927
      yes, 57, ags used 41 = 57
   (1) can we show that 3 NL 7?
        a. margin 0.056408784268695555
      yes, 79, ags used 41 = 79
   (1) can we show that 5 NL 2?
        a. margin 0.15736089182335689
      yes, 29, ags used 34 = 34
   (1) can we show that 5 NL 7?
        a. margin 0.19592364001722373
      yes, 23, ags used 83 = 83
      Best assertion(s) require sample: 31

ALTERNATE OUTCOME PAIR: 7,3
   (1) can we show that 8 NL 3?
        a. margin -0.3215157169513412
      no
   (1) can we show that 8 NL 7?
        a. margin -0.22979761733888093
      no
   (1) can we show that 1 NL 3?
        a. margin 0.045308836897754334
      yes, 74, ags used 38 = 74
   (1) can we show that 1 NL 7?
        a. margin 0.0014353380220999412
      yes, 35, ags used 34 = 35
   (1) can we show that 2 NL 3?
        a. margin -0.28376632697000304
      no
   (1) can we show that 2 NL 7?
        a. margin -0.1988900052629039
      no
   (1) can we show that 5 NL 3?
        a. margin -0.06396823118511241
      no
   (1) can we show that 5 NL 7?
        a. margin 0.016697765657147867
      yes, 156, ags used 150 = 156
      Best assertion(s) require sample: 35

ALTERNATE OUTCOME PAIR: 7,5
   (1) can we show that 8 NL 5?
        a. margin -0.30438734988756455
      no
   (1) can we show that 8 NL 7?
        a. margin -0.030477010669345495
      no
   (1) can we show that 1 NL 5?
        a. margin 0.04703124252428004
      yes, 72, ags used 38 = 72
   (1) can we show that 1 NL 7?
        a. margin 0.02181713793598017
      yes, 36, ags used 38 = 38
   (1) can we show that 2 NL 5?
        a. margin -0.27496292043443005
      no
   (1) can we show that 2 NL 7?
        a. margin -0.006459021099472717
      no
   (1) can we show that 3 NL 5?
        a. margin -0.12037701545380652
      no
   (1) can we show that 3 NL 7?
        a. margin 0.06951820487057803
      yes, 65, ags used 41 = 65
      Best assertion(s) require sample: 38

ALTERNATE OUTCOME PAIR: 8,1
   (1) can we show that 7 NL 1?
        a. margin -0.3934739964594981
      no
   (1) can we show that 7 NL 8?
        a. margin -0.264676331276015
      no
   (1) can we show that 2 NL 1?
        a. margin -0.293287402516628
      no
   (1) can we show that 2 NL 8?
        a. margin -0.08138366585330947
      no
   (1) can we show that 3 NL 1?
        a. margin -0.20018180948280262
      no
   (1) can we show that 3 NL 8?
        a. margin -0.0781780776039418
      no
   (1) can we show that 5 NL 1?
        a. margin -0.15975312186020096
      no
   (1) can we show that 5 NL 8?
        a. margin -0.037462322376919266
      no

ALTERNATE OUTCOME PAIR: 8,2
   (1) can we show that 7 NL 2?
        a. margin -0.06526003540500702
      no
   (1) can we show that 7 NL 8?
        a. margin -0.049710540165542105
      no
   (1) can we show that 1 NL 2?
        a. margin 0.1392756327448439
      yes, 32, ags used 24 = 32
   (1) can we show that 1 NL 8?
        a. margin 0.15396392517104296
      yes, 29, ags used 24 = 29
   (1) can we show that 3 NL 2?
        a. margin 0.08267547007319975
      yes, 54, ags used 41 = 54
   (1) can we show that 3 NL 8?
        a. margin 0.0952107554662458
      yes, 47, ags used 41 = 47
   (1) can we show that 5 NL 2?
        a. margin 0.1611884598822999
      yes, 28, ags used 34 = 34
   (1) can we show that 5 NL 8?
        a. margin 0.17649873211808065
      yes, 25, ags used 31 = 31
      Best assertion(s) require sample: 29

ALTERNATE OUTCOME PAIR: 8,3
   (1) can we show that 7 NL 3?
        a. margin -0.3396488206305932
      no
   (1) can we show that 7 NL 8?
        a. margin -0.05918377111143014
      no
   (1) can we show that 1 NL 3?
        a. margin -0.029950720061241443
      no
   (1) can we show that 1 NL 8?
        a. margin 0.1472178364671528
      yes, 30, ags used 24 = 30
   (1) can we show that 2 NL 3?
        a. margin -0.29572747715420367
      no
   (1) can we show that 2 NL 8?
        a. margin -0.00889909573704506
      no
   (1) can we show that 5 NL 3?
        a. margin -0.07095354289268618
      no
   (1) can we show that 5 NL 8?
        a. margin 0.168604372996507
      yes, 27, ags used 31 = 31
      Best assertion(s) require sample: 30

ALTERNATE OUTCOME PAIR: 8,5
   (1) can we show that 7 NL 5?
        a. margin -0.28658915841347443
      no
   (1) can we show that 7 NL 8?
        a. margin -0.05822687909669311
      no
   (1) can we show that 1 NL 5?
        a. margin -0.018946461891775956
      no
   (1) can we show that 1 NL 8?
        a. margin 0.14817472848188884
      yes, 30, ags used 24 = 30
   (1) can we show that 2 NL 5?
        a. margin -0.27759437347495386
      no
   (1) can we show that 2 NL 8?
        a. margin -0.008085737524522352
      no
   (1) can we show that 3 NL 5?
        a. margin -0.08401511889383406
      no
   (1) can we show that 3 NL 8?
        a. margin 0.08707717334098763
      yes, 52, ags used 41 = 52
      Best assertion(s) require sample: 30

ALTERNATE OUTCOME PAIR: 1,2
   (1) can we show that 7 NL 2?
        a. margin -0.28611071240610475
      no
   (1) can we show that 7 NL 1?
        a. margin -0.3865843739533993
      no
   (1) can we show that 8 NL 2?
        a. margin -0.18573274006028428
      no
   (1) can we show that 8 NL 1?
        a. margin -0.32137218314913163
      no
   (1) can we show that 3 NL 2?
        a. margin -0.09688531649203358
      no
   (1) can we show that 3 NL 1?
        a. margin -0.1936749437825941
      no
   (1) can we show that 5 NL 2?
        a. margin -0.054877757045117326
      no
   (1) can we show that 5 NL 1?
        a. margin -0.15329410076072914
      no

ALTERNATE OUTCOME PAIR: 1,3
   (1) can we show that 7 NL 3?
        a. margin -0.32400363618965633
      no
   (1) can we show that 7 NL 1?
        a. margin -0.40883211329601465
      no
   (1) can we show that 8 NL 3?
        a. margin -0.3271613798382854
      no
   (1) can we show that 8 NL 1?
        a. margin -0.3287402516626
      no
   (1) can we show that 2 NL 3?
        a. margin -0.29223482130041656
      no
   (1) can we show that 2 NL 1?
        a. margin -0.2987895316013587
      no
   (1) can we show that 5 NL 3?
        a. margin -0.05277259461269812
      no
   (1) can we show that 5 NL 1?
        a. margin -0.16999186641787478
      no

ALTERNATE OUTCOME PAIR: 2,3
   (1) can we show that 7 NL 3?
        a. margin -0.3390746854217508
      no
   (1) can we show that 7 NL 2?
        a. margin -0.06918329266542289
      no
   (1) can we show that 8 NL 3?
        a. margin -0.33247213052007063
      no
   (1) can we show that 8 NL 2?
        a. margin -0.04626572891249259
      no
   (1) can we show that 1 NL 3?
        a. margin -0.03554853834744831
      no
   (1) can we show that 1 NL 2?
        a. margin 0.1385101191330549
      yes, 25, ags used 31 = 31
   (1) can we show that 5 NL 3?
        a. margin -0.0705707860867908
      no
   (1) can we show that 5 NL 2?
        a. margin 0.1591789866513562
      yes, 28, ags used 34 = 34
      Best assertion(s) require sample: 31

ALTERNATE OUTCOME PAIR: 2,5
   (1) can we show that 7 NL 5?
        a. margin -0.2861107124061044
      no
   (1) can we show that 7 NL 2?
        a. margin -0.06784364384479147
      no
   (1) can we show that 8 NL 5?
        a. margin -0.30668389072293156
      no
   (1) can we show that 8 NL 2?
        a. margin -0.04669633031912224
      no
   (1) can we show that 1 NL 5?
        a. margin -0.024639969379456228
      no
   (1) can we show that 1 NL 2?
        a. margin 0.13889287593894872
      yes, 25, ags used 31 = 31
   (1) can we show that 3 NL 5?
        a. margin -0.08430218649825327
      no
   (1) can we show that 3 NL 2?
        a. margin 0.07980479402899343
      yes, 56, ags used 41 = 56
      Best assertion(s) require sample: 31

ALTERNATE OUTCOME PAIR: 3,5
   (1) can we show that 7 NL 5?
        a. margin -0.28266590115305446
      no
   (1) can we show that 7 NL 3?
        a. margin -0.31620496626955497
      no
   (1) can we show that 8 NL 5?
        a. margin -0.2901296588679957
      no
   (1) can we show that 8 NL 3?
        a. margin -0.297210659777042
      no
   (1) can we show that 1 NL 5?
        a. margin 0.06100186593942669
      yes, 59, ags used 38 = 59
   (1) can we show that 1 NL 3?
        a. margin 0.06961389407204988
      yes, 53, ags used 38 = 53
   (1) can we show that 2 NL 5?
        a. margin -0.260896607817807
      no
   (1) can we show that 2 NL 3?
        a. margin -0.2591263575905476
      no
      Best assertion(s) require sample: 53

RULE OUT PAIR STAGE ASN 73
------------------------------------------------
Alternate outcome cannot be ruled out: 8,1
Alternate outcome cannot be ruled out: 1,2
Alternate outcome cannot be ruled out: 1,3
Full audit not possible
PARTIAL audit sample size: 150
------------------------------------------------
Final set of assertions generated:
(0, 'AG', 1, 34)
1 NL 2 = 31 [rules out (2, 5), G = {5, 7}, O = set()]
(2, 'AG', 5, 41)
1 NL 8 = 31 [rules out (7, 8), G = {5}, O = set()]

1 NL 8 = 30 [rules out (8, 3), G = {5}, O = set()]
(0, 'AG', 5, 24)
(0, 'AG', 8, 108)
1 NL 3 = 53 [rules out (3, 5), G = {1, 3, 5, 7}, O = set()]
1 NL 8 = 30 [rules out (8, 5), G = {5}, O = set()]
3 NL 7 = 73 [rules out (7, 1), G = {5}, O = set()]
(4, 'AG', 5, 29)
(4, 'AG', 8, 50)
1 NL 7 = 38 [rules out (7, 5), G = {1, 3, 5, 7}, O = set()]
1 NL 7 = 35 [rules out (7, 3), G = {1, 5, 7}, O = set()]
1 NL 8 = 29 [rules out (8, 2), G = {5}, O = set()]
1 NL 2 = 31 [rules out (2, 3), G = {5, 7}, O = set()]
1 NL 2 = 31 [rules out (7, 2), G = {5, 7}, O = set()]

(0, 'AG', 3, 38)
(4, 'AG', 3, 150)
(0, 'AG', 7, 31)
[1] are verified winners with these assertions.
[2, 3, 5, 8] remain as potential winners in this audit.
------------------------------------------------
