VALID BALLOTS 7692
Winner 1
Winner 3
Computing AG relationships
1 AG 8 = 109
1 AG 6 = 53
1 AG 5 = 57
1 AG 2 = 101
7 AG 8 = 131
7 AG 6 = 4462
3 AG 8 = 44
3 AG 6 = 62
Ruling out candidates: [(8, 109), (6, 62)]
STAGE 1 ASN (Ruling out candidates): 109
ALTERNATE OUTCOME PAIR: 5,9
   (1) can we show that 2 NL 9?
        a. margin -0.21741202981452634
      no
   (1) can we show that 2 NL 5?
        a. margin 0.006630265210606945
      yes, 873, ags used 57 = 873
   (1) can we show that 1 NL 9?
        a. margin -0.05052868781417963
      no
   (1) can we show that 1 NL 5?
        a. margin 0.08207661639798935
      yes, 53, ags used 53 = 53
   (1) can we show that 7 NL 9?
        a. margin -0.07548968625411778
      no
   (1) can we show that 7 NL 5?
        a. margin 0.054992199687985854
      yes, 83, ags used 57 = 83
   (1) can we show that 3 NL 9?
        a. margin -0.0013433870688170924
      no
   (1) can we show that 3 NL 5?
        a. margin 0.12142485699427819
      yes, 37, ags used 57 = 57
   (1) can we show that 3 NL 9?
        a. margin -0.0013433870688170924
      no
   (1) can we show that 3 NL 5?
        a. margin 0.12142485699427819
      yes, 37, ags used 57 = 57
      Best assertion(s) require sample: 53

ALTERNATE OUTCOME PAIR: 5,2
   (1) can we show that 9 NL 2?
        a. margin -0.027517767377360336
      no
   (1) can we show that 9 NL 5?
        a. margin 0.00823366267984027
      yes, 552, ags used 57 = 552
   (1) can we show that 1 NL 2?
        a. margin 0.053042121684865995
      yes, 81, ags used 53 = 81
   (1) can we show that 1 NL 5?
        a. margin 0.09213035188074259
      yes, 49, ags used 0 = 49
   (1) can we show that 7 NL 2?
        a. margin 0.030897902582771364
      yes, 140, ags used 131 = 140
   (1) can we show that 7 NL 5?
        a. margin 0.06569596117178
      yes, 69, ags used 57 = 69
   (1) can we show that 3 NL 2?
        a. margin 0.10196741202981174
      yes, 44, ags used 101 = 101
   (1) can we show that 3 NL 5?
        a. margin 0.1317819379441847
      yes, 34, ags used 57 = 57
   (1) can we show that 3 NL 2?
        a. margin 0.10196741202981174
      yes, 44, ags used 101 = 101
   (1) can we show that 3 NL 5?
        a. margin 0.1317819379441847
      yes, 34, ags used 57 = 57
      Best assertion(s) require sample: 49

ALTERNATE OUTCOME PAIR: 5,1
   (1) can we show that 9 NL 1?
        a. margin -0.27522100884035217
      no
   (1) can we show that 9 NL 5?
        a. margin -0.17615704628185114
      no
   (1) can we show that 2 NL 1?
        a. margin -0.22655572889582243
      no
   (1) can we show that 2 NL 5?
        a. margin -0.02769110764430638
      no
   (1) can we show that 7 NL 1?
        a. margin -0.2054082163286517
      no
   (1) can we show that 7 NL 5?
        a. margin -0.10864101230715884
      no
   (1) can we show that 3 NL 1?
        a. margin -0.12779511180447467
      no
   (1) can we show that 3 NL 5?
        a. margin -0.037571502860114236
      no
   (1) can we show that 3 NL 1?
        a. margin -0.12779511180447467
      no
   (1) can we show that 3 NL 5?
        a. margin -0.037571502860114236
      no

ALTERNATE OUTCOME PAIR: 5,7
   (1) can we show that 9 NL 7?
        a. margin -0.3473738949557973
      no
   (1) can we show that 9 NL 5?
        a. margin -0.002296758537007726
      no
   (1) can we show that 2 NL 7?
        a. margin -0.3684780724562319
      no
   (1) can we show that 2 NL 5?
        a. margin 0.007496966545327055
      yes, 689, ags used 57 = 689
   (1) can we show that 1 NL 7?
        a. margin -0.1976945744496449
      no
   (1) can we show that 1 NL 5?
        a. margin 0.08285664759923583
      yes, 53, ags used 53 = 53
   (1) can we show that 3 NL 7?
        a. margin -0.04298838620211565
      no
   (1) can we show that 3 NL 5?
        a. margin 0.12025481019240725
      yes, 38, ags used 57 = 57
   (1) can we show that 3 NL 7?
        a. margin -0.04298838620211565
      no
   (1) can we show that 3 NL 5?
        a. margin 0.12025481019240725
      yes, 38, ags used 57 = 57
      Best assertion(s) require sample: 53

ALTERNATE OUTCOME PAIR: 5,3
   (1) can we show that 9 NL 3?
        a. margin -0.3819552782111274
      no
   (1) can we show that 9 NL 5?
        a. margin -0.0017334026694404425
      no
   (1) can we show that 2 NL 3?
        a. margin -0.4021494193101056
      no
   (1) can we show that 2 NL 5?
        a. margin 0.007626971745537281
      yes, 595, ags used 57 = 595
   (1) can we show that 1 NL 3?
        a. margin -0.22750910036401528
      no
   (1) can we show that 1 NL 5?
        a. margin 0.08307332293291636
      yes, 53, ags used 53 = 53
   (1) can we show that 7 NL 3?
        a. margin -0.21615531287918088
      no
   (1) can we show that 7 NL 5?
        a. margin 0.053995493153059515
      yes, 84, ags used 57 = 84
      Best assertion(s) require sample: 53

ALTERNATE OUTCOME PAIR: 5,3
   (1) can we show that 9 NL 3?
        a. margin -0.3819552782111274
      no
   (1) can we show that 9 NL 5?
        a. margin -0.0017334026694404425
      no
   (1) can we show that 2 NL 3?
        a. margin -0.4021494193101056
      no
   (1) can we show that 2 NL 5?
        a. margin 0.007626971745537281
      yes, 595, ags used 57 = 595
   (1) can we show that 1 NL 3?
        a. margin -0.22750910036401528
      no
   (1) can we show that 1 NL 5?
        a. margin 0.08307332293291636
      yes, 53, ags used 53 = 53
   (1) can we show that 7 NL 3?
        a. margin -0.21615531287918088
      no
   (1) can we show that 7 NL 5?
        a. margin 0.053995493153059515
      yes, 84, ags used 57 = 84
      Best assertion(s) require sample: 53

ALTERNATE OUTCOME PAIR: 9,2
   (1) can we show that 5 NL 2?
        a. margin -0.06630265210608688
      no
   (1) can we show that 5 NL 9?
        a. margin -0.26516727335760093
      no
   (1) can we show that 1 NL 2?
        a. margin 0.048881955278209155
      yes, 64, ags used 57 = 64
   (1) can we show that 1 NL 9?
        a. margin -0.07002946784538011
      no
   (1) can we show that 7 NL 2?
        a. margin 0.02587103484139175
      yes, 165, ags used 131 = 165
   (1) can we show that 7 NL 9?
        a. margin -0.071762870514821
      no
   (1) can we show that 3 NL 2?
        a. margin 0.09694054428843657
      yes, 47, ags used 101 = 101
   (1) can we show that 3 NL 9?
        a. margin 0.002036748136591715
      yes, 7554, ags used 62 = 7554
   (1) can we show that 3 NL 2?
        a. margin 0.09694054428843657
      yes, 47, ags used 101 = 101
   (1) can we show that 3 NL 9?
        a. margin 0.002036748136591715
      yes, 7554, ags used 62 = 7554
      Best assertion(s) require sample: 64

ALTERNATE OUTCOME PAIR: 9,1
   (1) can we show that 5 NL 1?
        a. margin -0.2929450511353814
      no
   (1) can we show that 5 NL 9?
        a. margin -0.2628705148205931
      no
   (1) can we show that 2 NL 1?
        a. margin -0.22555902236089664
      no
   (1) can we show that 2 NL 9?
        a. margin -0.21541861674467
      no
   (1) can we show that 7 NL 1?
        a. margin -0.21199514647252737
      no
   (1) can we show that 7 NL 9?
        a. margin -0.06647599237302848
      no
   (1) can we show that 3 NL 1?
        a. margin -0.13425203674813857
      no
   (1) can we show that 3 NL 9?
        a. margin 0.0021667533367999425
      yes, 896, ags used 62 = 896
   (1) can we show that 3 NL 1?
        a. margin -0.13425203674813857
      no
   (1) can we show that 3 NL 9?
        a. margin 0.0021667533367999425
      yes, 896, ags used 62 = 896
      Best assertion(s) require sample: 896

ALTERNATE OUTCOME PAIR: 9,7
   (1) can we show that 5 NL 7?
        a. margin -0.40266944011094086
      no
   (1) can we show that 5 NL 9?
        a. margin -0.2489166233316028
      no
   (1) can we show that 2 NL 7?
        a. margin -0.35413416536661746
      no
   (1) can we show that 2 NL 9?
        a. margin -0.2003380135205436
      no
   (1) can we show that 1 NL 7?
        a. margin -0.11080776564396189
      no
   (1) can we show that 1 NL 9?
        a. margin 0.036618131391919606
      yes, 116, ags used 109 = 116
   (1) can we show that 3 NL 7?
        a. margin -0.03414803258797261
      no
   (1) can we show that 3 NL 9?
        a. margin 0.0005633558675668393
      yes, 7692, ags used 62 = 7692
   (1) can we show that 3 NL 7?
        a. margin -0.03414803258797261
      no
   (1) can we show that 3 NL 9?
        a. margin 0.0005633558675668393
      yes, 7692, ags used 62 = 7692
      Best assertion(s) require sample: 116

ALTERNATE OUTCOME PAIR: 9,3
   (1) can we show that 5 NL 3?
        a. margin -0.4392875715028608
      no
   (1) can we show that 5 NL 9?
        a. margin -0.24284971398855792
      no
   (1) can we show that 2 NL 3?
        a. margin -0.3883688680880597
      no
   (1) can we show that 2 NL 9?
        a. margin -0.19461778471138702
      no
   (1) can we show that 1 NL 3?
        a. margin -0.14118564742589967
      no
   (1) can we show that 1 NL 9?
        a. margin 0.04216501993412858
      yes, 108, ags used 101 = 108
   (1) can we show that 7 NL 3?
        a. margin -0.21013173860287937
      no
   (1) can we show that 7 NL 9?
        a. margin -0.07158953024787629
      no
      Best assertion(s) require sample: 108

ALTERNATE OUTCOME PAIR: 9,3
   (1) can we show that 5 NL 3?
        a. margin -0.4392875715028608
      no
   (1) can we show that 5 NL 9?
        a. margin -0.24284971398855792
      no
   (1) can we show that 2 NL 3?
        a. margin -0.3883688680880597
      no
   (1) can we show that 2 NL 9?
        a. margin -0.19461778471138702
      no
   (1) can we show that 1 NL 3?
        a. margin -0.14118564742589967
      no
   (1) can we show that 1 NL 9?
        a. margin 0.04216501993412858
      yes, 108, ags used 101 = 108
   (1) can we show that 7 NL 3?
        a. margin -0.21013173860287937
      no
   (1) can we show that 7 NL 9?
        a. margin -0.07158953024787629
      no
      Best assertion(s) require sample: 108

ALTERNATE OUTCOME PAIR: 2,1
   (1) can we show that 5 NL 1?
        a. margin -0.2866181313919224
      no
   (1) can we show that 5 NL 2?
        a. margin -0.21732535968105404
      no
   (1) can we show that 9 NL 1?
        a. margin -0.26395389148899284
      no
   (1) can we show that 9 NL 2?
        a. margin -0.20506153579476505
      no
   (1) can we show that 7 NL 1?
        a. margin -0.19375108337666835
      no
   (1) can we show that 7 NL 2?
        a. margin -0.13589876928410483
      no
   (1) can we show that 3 NL 1?
        a. margin -0.1159646385855434
      no
   (1) can we show that 3 NL 2?
        a. margin -0.061709135032067874
      no
   (1) can we show that 3 NL 1?
        a. margin -0.1159646385855434
      no
   (1) can we show that 3 NL 2?
        a. margin -0.061709135032067874
      no

ALTERNATE OUTCOME PAIR: 2,7
   (1) can we show that 5 NL 7?
        a. margin -0.4166233315999306
      no
   (1) can we show that 5 NL 2?
        a. margin -0.06651932743976596
      no
   (1) can we show that 9 NL 7?
        a. margin -0.34603050788698253
      no
   (1) can we show that 9 NL 2?
        a. margin -0.03254463511873695
      no
   (1) can we show that 1 NL 7?
        a. margin -0.21762870514820543
      no
   (1) can we show that 1 NL 2?
        a. margin 0.04940197607904162
      yes, 64, ags used 57 = 64
   (1) can we show that 3 NL 7?
        a. margin -0.04190500953371501
      no
   (1) can we show that 3 NL 2?
        a. margin 0.09533714681920524
      yes, 48, ags used 101 = 101
   (1) can we show that 3 NL 7?
        a. margin -0.04190500953371501
      no
   (1) can we show that 3 NL 2?
        a. margin 0.09533714681920524
      yes, 48, ags used 101 = 101
      Best assertion(s) require sample: 64

ALTERNATE OUTCOME PAIR: 2,3
   (1) can we show that 5 NL 3?
        a. margin -0.45241809672386923
      no
   (1) can we show that 5 NL 2?
        a. margin -0.0655226209048364
      no
   (1) can we show that 9 NL 3?
        a. margin -0.3800485352747448
      no
   (1) can we show that 9 NL 2?
        a. margin -0.031937944184434186
      no
   (1) can we show that 1 NL 3?
        a. margin -0.24761657132951953
      no
   (1) can we show that 1 NL 2?
        a. margin 0.05000866701334683
      yes, 63, ags used 57 = 63
   (1) can we show that 7 NL 3?
        a. margin -0.21355520887502222
      no
   (1) can we show that 7 NL 2?
        a. margin 0.024830993239729482
      yes, 171, ags used 131 = 171
      Best assertion(s) require sample: 63

ALTERNATE OUTCOME PAIR: 2,3
   (1) can we show that 5 NL 3?
        a. margin -0.45241809672386923
      no
   (1) can we show that 5 NL 2?
        a. margin -0.0655226209048364
      no
   (1) can we show that 9 NL 3?
        a. margin -0.3800485352747448
      no
   (1) can we show that 9 NL 2?
        a. margin -0.031937944184434186
      no
   (1) can we show that 1 NL 3?
        a. margin -0.24761657132951953
      no
   (1) can we show that 1 NL 2?
        a. margin 0.05000866701334683
      yes, 63, ags used 57 = 63
   (1) can we show that 7 NL 3?
        a. margin -0.21355520887502222
      no
   (1) can we show that 7 NL 2?
        a. margin 0.024830993239729482
      yes, 171, ags used 131 = 171
      Best assertion(s) require sample: 63

ALTERNATE OUTCOME PAIR: 1,7
   (1) can we show that 5 NL 7?
        a. margin -0.41358987692841076
      no
   (1) can we show that 5 NL 1?
        a. margin -0.29311839140232454
      no
   (1) can we show that 9 NL 7?
        a. margin -0.3375368348067258
      no
   (1) can we show that 9 NL 1?
        a. margin -0.2820246143179048
      no
   (1) can we show that 2 NL 7?
        a. margin -0.36609464378575163
      no
   (1) can we show that 2 NL 1?
        a. margin -0.2255590223608973
      no
   (1) can we show that 3 NL 7?
        a. margin -0.037398162593170636
      no
   (1) can we show that 3 NL 1?
        a. margin -0.13806552262090588
      no
   (1) can we show that 3 NL 7?
        a. margin -0.037398162593170636
      no
   (1) can we show that 3 NL 1?
        a. margin -0.13806552262090588
      no

ALTERNATE OUTCOME PAIR: 7,3
   (1) can we show that 5 NL 3?
        a. margin -0.41059975732362397
      no
   (1) can we show that 5 NL 7?
        a. margin -0.36046108511006836
      no
   (1) can we show that 9 NL 3?
        a. margin -0.343820419483444
      no
   (1) can we show that 9 NL 7?
        a. margin -0.29489512913849714
      no
   (1) can we show that 2 NL 3?
        a. margin -0.3597677240422993
      no
   (1) can we show that 2 NL 7?
        a. margin -0.31235916103310557
      no
   (1) can we show that 1 NL 3?
        a. margin -0.1131045241809715
      no
   (1) can we show that 1 NL 7?
        a. margin -0.06929277171087156
      no

ALTERNATE OUTCOME PAIR: 7,3
   (1) can we show that 5 NL 3?
        a. margin -0.41059975732362397
      no
   (1) can we show that 5 NL 7?
        a. margin -0.36046108511006836
      no
   (1) can we show that 9 NL 3?
        a. margin -0.343820419483444
      no
   (1) can we show that 9 NL 7?
        a. margin -0.29489512913849714
      no
   (1) can we show that 2 NL 3?
        a. margin -0.3597677240422993
      no
   (1) can we show that 2 NL 7?
        a. margin -0.31235916103310557
      no
   (1) can we show that 1 NL 3?
        a. margin -0.1131045241809715
      no
   (1) can we show that 1 NL 7?
        a. margin -0.06929277171087156
      no

RULE OUT PAIR STAGE ASN 896
------------------------------------------------
Alternate outcome cannot be ruled out: 5,1
Alternate outcome cannot be ruled out: 2,1
Alternate outcome cannot be ruled out: 1,7
Alternate outcome cannot be ruled out: 7,3
Alternate outcome cannot be ruled out: 7,3
Full audit not possible
PARTIAL audit sample size: 896
------------------------------------------------
Final set of assertions generated:
1 NL 5 = 53 [rules out (5, 9), G = {5}, O = set()]
(0, 'AG', 7, 109)
1 NL 9 = 116 [rules out (9, 7), G = {1, 4, 5, 7}, O = set()]
1 NL 5 = 49 [rules out (5, 2), G = set(), O = set()]
1 NL 2 = 64 [rules out (2, 7), G = {4, 5}, O = set()]
1 NL 2 = 63 [rules out (2, 3), G = {4, 5}, O = set()]
1 NL 9 = 108 [rules out (9, 3), G = {1, 4, 5}, O = set()]
1 NL 2 = 64 [rules out (9, 2), G = {4, 5}, O = set()]

1 NL 5 = 53 [rules out (5, 7), G = {5}, O = set()]
(0, 'AG', 5, 53)
3 NL 9 = 896 [rules out (9, 1), G = {5, 7}, O = set()]
1 NL 5 = 53 [rules out (5, 3), G = {5}, O = set()]
(0, 'AG', 1, 101)
(2, 'AG', 7, 44)
(0, 'AG', 4, 57)
(2, 'AG', 5, 62)
[] are verified winners with these assertions.
[1, 2, 3, 5, 7] remain as potential winners in this audit.
------------------------------------------------
