VALID BALLOTS 7363
Winner 1
Winner 5
Computing AG relationships
1 AG 2 = 1085
1 AG 3 = 155
5 AG 2 = 55
5 AG 3 = 158
5 AG 6 = 47
Ruling out candidates: [(2, 1085), (3, 158)]
STAGE 1 ASN (Ruling out candidates): 1085
ALTERNATE OUTCOME PAIR: 6,7
   (1) can we show that 4 NL 7?
        a. margin -0.05278645479650579
      no
   (1) can we show that 4 NL 6?
        a. margin 0.016116619131694154
      yes, 283, ags used 47 = 283
   (1) can we show that 1 NL 7?
        a. margin 0.0011317850513825611
      yes, 1882, ags used 1085 = 1882
   (1) can we show that 1 NL 6?
        a. margin 0.0866947349359406
      yes, 52, ags used 47 = 52
   (1) can we show that 5 NL 7?
        a. margin -0.12463216985830083
      no
   (1) can we show that 5 NL 6?
        a. margin 0.0980125854497702
      yes, 46, ags used 0 = 46
   (1) can we show that 5 NL 7?
        a. margin -0.12463216985830083
      no
   (1) can we show that 5 NL 6?
        a. margin 0.0980125854497702
      yes, 46, ags used 0 = 46
      Best assertion(s) require sample: 46

ALTERNATE OUTCOME PAIR: 6,4
   (1) can we show that 7 NL 4?
        a. margin -0.25827334872560936
      no
   (1) can we show that 7 NL 6?
        a. margin -0.04146860428267396
      no
   (1) can we show that 1 NL 4?
        a. margin -0.047625514962199356
      no
   (1) can we show that 1 NL 6?
        a. margin 0.08669473493594126
      yes, 52, ags used 47 = 52
   (1) can we show that 5 NL 4?
        a. margin -0.14640771424691013
      no
   (1) can we show that 5 NL 6?
        a. margin 0.09918964190321033
      yes, 46, ags used 0 = 46
   (1) can we show that 5 NL 4?
        a. margin -0.14640771424691013
      no
   (1) can we show that 5 NL 6?
        a. margin 0.09918964190321033
      yes, 46, ags used 0 = 46
      Best assertion(s) require sample: 46

ALTERNATE OUTCOME PAIR: 6,1
   (1) can we show that 7 NL 1?
        a. margin -0.22979763683281196
      no
   (1) can we show that 7 NL 6?
        a. margin -0.04088007605595556
      no
   (1) can we show that 4 NL 1?
        a. margin -0.14391778713386794
      no
   (1) can we show that 4 NL 6?
        a. margin 0.016795690162524135
      yes, 272, ags used 47 = 272
   (1) can we show that 5 NL 1?
        a. margin -0.14206165964959894
      no
   (1) can we show that 5 NL 6?
        a. margin 0.10100049798542243
      yes, 45, ags used 0 = 45
   (1) can we show that 5 NL 1?
        a. margin -0.14206165964959894
      no
   (1) can we show that 5 NL 6?
        a. margin 0.10100049798542243
      yes, 45, ags used 0 = 45
      Best assertion(s) require sample: 45

ALTERNATE OUTCOME PAIR: 6,5
   (1) can we show that 7 NL 5?
        a. margin -0.3546108922993335
      no
   (1) can we show that 7 NL 6?
        a. margin -0.23020507945130864
      no
   (1) can we show that 4 NL 5?
        a. margin -0.2798678075059975
      no
   (1) can we show that 4 NL 6?
        a. margin -0.16401828964643295
      no
   (1) can we show that 1 NL 5?
        a. margin -0.21318303227851143
      no
   (1) can we show that 1 NL 6?
        a. margin -0.09009009009009417
      no

ALTERNATE OUTCOME PAIR: 6,5
   (1) can we show that 7 NL 5?
        a. margin -0.3546108922993335
      no
   (1) can we show that 7 NL 6?
        a. margin -0.23020507945130864
      no
   (1) can we show that 4 NL 5?
        a. margin -0.2798678075059975
      no
   (1) can we show that 4 NL 6?
        a. margin -0.16401828964643295
      no
   (1) can we show that 1 NL 5?
        a. margin -0.21318303227851143
      no
   (1) can we show that 1 NL 6?
        a. margin -0.09009009009009417
      no

ALTERNATE OUTCOME PAIR: 7,4
   (1) can we show that 6 NL 4?
        a. margin -0.3355063606319876
      no
   (1) can we show that 6 NL 7?
        a. margin -0.29363031373081583
      no
   (1) can we show that 1 NL 4?
        a. margin -0.03218796686133529
      no
   (1) can we show that 1 NL 7?
        a. margin 0.01901398886323613
      yes, 188, ags used 155 = 188
   (1) can we show that 5 NL 4?
        a. margin -0.0653266331658312
      no
   (1) can we show that 5 NL 7?
        a. margin -0.029788582552401466
      no
   (1) can we show that 5 NL 4?
        a. margin -0.0653266331658312
      no
   (1) can we show that 5 NL 7?
        a. margin -0.029788582552401466
      no
      Best assertion(s) require sample: 188

ALTERNATE OUTCOME PAIR: 7,1
   (1) can we show that 6 NL 1?
        a. margin -0.32323781067499535
      no
   (1) can we show that 6 NL 7?
        a. margin -0.2725338403730363
      no
   (1) can we show that 4 NL 1?
        a. margin -0.14160894562904724
      no
   (1) can we show that 4 NL 7?
        a. margin -0.034813708180542635
      no
   (1) can we show that 5 NL 1?
        a. margin -0.06165964959935033
      no
   (1) can we show that 5 NL 7?
        a. margin -0.007424509937072665
      no
   (1) can we show that 5 NL 1?
        a. margin -0.06165964959935033
      no
   (1) can we show that 5 NL 7?
        a. margin -0.007424509937072665
      no

ALTERNATE OUTCOME PAIR: 7,5
   (1) can we show that 6 NL 5?
        a. margin -0.3695051835755345
      no
   (1) can we show that 6 NL 7?
        a. margin -0.3267689800353114
      no
   (1) can we show that 4 NL 5?
        a. margin -0.29847435375073605
      no
   (1) can we show that 4 NL 7?
        a. margin -0.04771605776631049
      no
   (1) can we show that 1 NL 5?
        a. margin -0.2313368645026942
      no
   (1) can we show that 1 NL 7?
        a. margin 0.0030784553397602554
      yes, 542, ags used 155 = 542
      Best assertion(s) require sample: 542

ALTERNATE OUTCOME PAIR: 7,5
   (1) can we show that 6 NL 5?
        a. margin -0.3695051835755345
      no
   (1) can we show that 6 NL 7?
        a. margin -0.3267689800353114
      no
   (1) can we show that 4 NL 5?
        a. margin -0.29847435375073605
      no
   (1) can we show that 4 NL 7?
        a. margin -0.04771605776631049
      no
   (1) can we show that 1 NL 5?
        a. margin -0.2313368645026942
      no
   (1) can we show that 1 NL 7?
        a. margin 0.0030784553397602554
      yes, 542, ags used 155 = 542
      Best assertion(s) require sample: 542

ALTERNATE OUTCOME PAIR: 4,1
   (1) can we show that 6 NL 1?
        a. margin -0.30820770519262974
      no
   (1) can we show that 6 NL 4?
        a. margin -0.2987912535651229
      no
   (1) can we show that 7 NL 1?
        a. margin -0.21838924351487166
      no
   (1) can we show that 7 NL 4?
        a. margin -0.21870614332925897
      no
   (1) can we show that 5 NL 1?
        a. margin -0.048304585993028115
      no
   (1) can we show that 5 NL 4?
        a. margin -0.028883154511295084
      no
   (1) can we show that 5 NL 1?
        a. margin -0.048304585993028115
      no
   (1) can we show that 5 NL 4?
        a. margin -0.028883154511295084
      no

ALTERNATE OUTCOME PAIR: 4,5
   (1) can we show that 6 NL 5?
        a. margin -0.36194485943229704
      no
   (1) can we show that 6 NL 4?
        a. margin -0.3497215808773595
      no
   (1) can we show that 7 NL 5?
        a. margin -0.369278826565259
      no
   (1) can we show that 7 NL 4?
        a. margin -0.24772511204672054
      no
   (1) can we show that 1 NL 5?
        a. margin -0.22744352392593514
      no
   (1) can we show that 1 NL 4?
        a. margin -0.036488750056590136
      no

ALTERNATE OUTCOME PAIR: 4,5
   (1) can we show that 6 NL 5?
        a. margin -0.36194485943229704
      no
   (1) can we show that 6 NL 4?
        a. margin -0.3497215808773595
      no
   (1) can we show that 7 NL 5?
        a. margin -0.369278826565259
      no
   (1) can we show that 7 NL 4?
        a. margin -0.24772511204672054
      no
   (1) can we show that 1 NL 5?
        a. margin -0.22744352392593514
      no
   (1) can we show that 1 NL 4?
        a. margin -0.036488750056590136
      no

RULE OUT PAIR STAGE ASN 542
------------------------------------------------
Alternate outcome cannot be ruled out: 6,5
Alternate outcome cannot be ruled out: 6,5
Alternate outcome cannot be ruled out: 7,1
Alternate outcome cannot be ruled out: 4,1
Alternate outcome cannot be ruled out: 4,5
Alternate outcome cannot be ruled out: 4,5
Full audit not possible
PARTIAL audit sample size: 1085
------------------------------------------------
Final set of assertions generated:
(4, 'AG', 2, 158)
5 NL 6 = 46 [rules out (6, 7), G = set(), O = set()]
5 NL 6 = 45 [rules out (6, 1), G = set(), O = set()]
1 NL 7 = 542 [rules out (7, 5), G = {2}, O = set()]
(4, 'AG', 1, 55)
(0, 'AG', 2, 155)
1 NL 7 = 188 [rules out (7, 4), G = {2}, O = set()]
(0, 'AG', 1, 1085)
5 NL 6 = 46 [rules out (6, 4), G = set(), O = set()]
[] are verified winners with these assertions.
[1, 4, 5, 6, 7] remain as potential winners in this audit.
------------------------------------------------
