VALID BALLOTS 6115
Winner 6
Winner 3
Computing AG relationships
5 AG 7 = 55
5 AG 2 = 32
5 AG 4 = 88
6 AG 7 = 36
6 AG 2 = 56
6 AG 4 = 65
3 AG 7 = 45
3 AG 2 = 102
3 AG 4 = 72
Ruling out candidates: [(7, 45), (2, 56), (4, 72)]
STAGE 1 ASN (Ruling out candidates): 72
ALTERNATE OUTCOME PAIR: 1,5
   (1) can we show that 6 NL 5?
        a. margin -0.032379394930498795
      no
   (1) can we show that 6 NL 1?
        a. margin 0.002725538293813168
      yes, 386, ags used 65 = 386
   (1) can we show that 3 NL 5?
        a. margin -0.07146361406377755
      no
   (1) can we show that 3 NL 1?
        a. margin -0.010629599345873597
      no
      Best assertion(s) require sample: 386

ALTERNATE OUTCOME PAIR: 1,6
   (1) can we show that 5 NL 6?
        a. margin -0.13153447805941687
      no
   (1) can we show that 5 NL 1?
        a. margin -0.02632869991823783
      no
   (1) can we show that 3 NL 6?
        a. margin -0.14123739438539118
      no
   (1) can we show that 3 NL 1?
        a. margin -0.011120196238761815
      no

ALTERNATE OUTCOME PAIR: 1,3
   (1) can we show that 5 NL 3?
        a. margin -0.1073862087762334
      no
   (1) can we show that 5 NL 1?
        a. margin -0.024148269283183588
      no
   (1) can we show that 6 NL 3?
        a. margin -0.05140365222131382
      no
   (1) can we show that 6 NL 1?
        a. margin 0.0023984736985556143
      yes, 293, ags used 65 = 293
      Best assertion(s) require sample: 293

ALTERNATE OUTCOME PAIR: 5,6
   (1) can we show that 1 NL 6?
        a. margin -0.30973017170891226
      no
   (1) can we show that 1 NL 5?
        a. margin -0.22512946306895887
      no
   (1) can we show that 3 NL 6?
        a. margin -0.11698010357045974
      no
   (1) can we show that 3 NL 5?
        a. margin -0.061488143908425386
      no

ALTERNATE OUTCOME PAIR: 5,3
   (1) can we show that 1 NL 3?
        a. margin -0.24704279095121173
      no
   (1) can we show that 1 NL 5?
        a. margin -0.23515944399018718
      no
   (1) can we show that 6 NL 3?
        a. margin -0.059907331698010435
      no
   (1) can we show that 6 NL 5?
        a. margin -0.034341782502044116
      no

RULE OUT PAIR STAGE ASN 386
------------------------------------------------
Alternate outcome cannot be ruled out: 1,6
Alternate outcome cannot be ruled out: 5,6
Alternate outcome cannot be ruled out: 5,3
Full audit not possible
PARTIAL audit sample size: 386
------------------------------------------------
Final set of assertions generated:
6 NL 1 = 386 [rules out (1, 5), G = {1, 3, 6}, O = set()]
(2, 'AG', 3, 72)
(5, 'AG', 1, 56)
(2, 'AG', 6, 45)
(4, 'AG', 1, 32)
6 NL 1 = 293 [rules out (1, 3), G = {1, 3, 6}, O = set()]
(5, 'AG', 6, 36)
(5, 'AG', 3, 65)
[] are verified winners with these assertions.
[1, 3, 5, 6] remain as potential winners in this audit.
------------------------------------------------
