VALID BALLOTS 5248
117 ballot checks required to assert that first winner has a quota's worth of votes
AUD TV 0.10456509994597515, ss 116
AG*(1,2) = 47
AG*(1,5) = 50
AG*(1,2) = 47
AG*(1,5) = 50
AG*(3,2) = 40
AG*(3,5) = 59
AG*(3,6) = 132
AG*(4,2) = 43
AG*(4,5) = 5239
AG*(4,6) = 37
NL(1,2) = 20, AG*'s used 43
NL(1,6) = 24, AG*'s used 37
NL(1,5) = 48, AG*'s used 47
NL(1,4) NOT POSSIBLE
Max in loop inf, 0.10456509994597515
AUD TV 0.15456509994597517, ss 55
AG*(1,2) = 47
AG*(1,5) = 54
AG*(1,2) = 47
AG*(1,5) = 54
AG*(3,2) = 40
AG*(3,5) = 59
AG*(3,6) = 132
AG*(4,2) = 44
AG*(4,6) = 37
NL(1,2) = 21, AG*'s used 44
NL(1,6) = 24, AG*'s used 37
NL(1,5) = 52, AG*'s used 47
NL(1,4) NOT POSSIBLE
Max in loop inf, 0.15456509994597517
AUD TV 0.20456509994597516, ss 34
AG*(1,2) = 48
AG*(1,5) = 58
AG*(1,2) = 48
AG*(1,5) = 58
AG*(3,2) = 40
AG*(3,5) = 59
AG*(3,6) = 132
AG*(4,2) = 46
AG*(4,6) = 37
NL(1,2) = 21, AG*'s used 46
NL(1,6) = 24, AG*'s used 37
NL(1,5) = 56, AG*'s used 48
NL(1,4) NOT POSSIBLE
Max in loop inf, 0.20456509994597516
AUD TV 0.25456509994597515, ss 24
AG*(1,2) = 49
AG*(1,5) = 63
AG*(1,2) = 49
AG*(1,5) = 63
AG*(3,2) = 40
AG*(3,5) = 59
AG*(3,6) = 132
AG*(4,2) = 47
AG*(4,6) = 37
NL(1,2) = 21, AG*'s used 47
NL(1,6) = 24, AG*'s used 37
NL(1,5) = 60, AG*'s used 49
NL(1,4) NOT POSSIBLE
Max in loop inf, 0.25456509994597515
AUD TV 0.30456509994597514, ss 17
AG*(1,2) = 50
AG*(1,5) = 69
AG*(1,2) = 50
AG*(1,5) = 69
AG*(3,2) = 40
AG*(3,5) = 59
AG*(3,6) = 132
AG*(4,2) = 49
AG*(4,6) = 38
NL(1,2) = 21, AG*'s used 49
NL(1,6) = 24, AG*'s used 38
NL(1,5) = 65, AG*'s used 50
NL(1,4) NOT POSSIBLE
Max in loop inf, 0.30456509994597514
AUD TV 0.3545650999459751, ss 13
AG*(1,2) = 51
AG*(1,5) = 75
AG*(1,2) = 51
AG*(1,5) = 75
AG*(3,2) = 40
AG*(3,5) = 59
AG*(3,6) = 132
AG*(4,2) = 50
AG*(4,6) = 38
NL(1,2) = 21, AG*'s used 50
NL(1,6) = 24, AG*'s used 38
NL(1,5) = 71, AG*'s used 51
NL(1,4) NOT POSSIBLE
Max in loop inf, 0.3545650999459751
AUD TV 0.4045650999459751, ss 10
AG*(1,2) = 52
AG*(1,5) = 84
AG*(1,2) = 52
AG*(1,5) = 84
AG*(3,2) = 40
AG*(3,5) = 59
AG*(3,6) = 132
AG*(4,2) = 52
AG*(4,6) = 38
NL(1,2) = 21, AG*'s used 52
NL(1,6) = 24, AG*'s used 38
NL(1,5) = 79, AG*'s used 52
NL(1,4) NOT POSSIBLE
Max in loop inf, 0.4045650999459751
AUD TV 0.4545650999459751, ss 8
AG*(1,2) = 53
AG*(1,5) = 94
AG*(1,2) = 53
AG*(1,5) = 94
AG*(3,2) = 40
AG*(3,5) = 59
AG*(3,6) = 132
AG*(4,2) = 53
AG*(4,6) = 38
NL(1,2) = 21, AG*'s used 53
NL(1,6) = 24, AG*'s used 38
NL(1,5) = 88, AG*'s used 53
NL(1,4) NOT POSSIBLE
Max in loop inf, 0.4545650999459751
AUD TV 0.5045650999459751, ss 6
AG*(1,2) = 54
AG*(1,5) = 108
AG*(1,2) = 54
AG*(1,5) = 108
AG*(3,2) = 40
AG*(3,5) = 59
AG*(3,6) = 132
AG*(4,2) = 55
AG*(4,6) = 38
NL(1,2) = 54, AG*'s used 0
NL(1,6) = 24, AG*'s used 38
NL(1,5) = 99, AG*'s used 54
NL(1,4) NOT POSSIBLE
Max in loop inf, 0.5045650999459751
AUD TV 0.5545650999459751, ss 5
AG*(1,2) = 55
AG*(1,5) = 125
AG*(1,2) = 55
AG*(1,5) = 125
AG*(3,2) = 40
AG*(3,5) = 59
AG*(3,6) = 132
AG*(4,2) = 57
AG*(4,6) = 38
NL(1,2) = 55, AG*'s used 0
NL(1,6) = 24, AG*'s used 38
NL(1,5) = 114, AG*'s used 55
NL(1,4) NOT POSSIBLE
Max in loop inf, 0.5545650999459751
AUD TV 0.6045650999459752, ss 4
AG*(1,2) = 56
AG*(1,5) = 150
AG*(1,2) = 56
AG*(1,5) = 150
AG*(3,2) = 40
AG*(3,5) = 59
AG*(3,6) = 132
AG*(4,2) = 59
AG*(4,6) = 39
NL(1,2) = 56, AG*'s used 0
NL(1,6) = 24, AG*'s used 39
NL(1,5) = 135, AG*'s used 56
NL(1,4) NOT POSSIBLE
Max in loop inf, 0.6045650999459752
AUD TV 0.6545650999459752, ss 3
AG*(1,2) = 57
AG*(1,5) = 186
AG*(1,2) = 57
AG*(1,5) = 186
AG*(3,2) = 40
AG*(3,5) = 59
AG*(3,6) = 132
AG*(4,2) = 61
AG*(4,6) = 39
NL(1,2) = 57, AG*'s used 0
NL(1,6) = 24, AG*'s used 39
NL(1,5) = 164, AG*'s used 57
NL(1,4) NOT POSSIBLE
Max in loop inf, 0.6545650999459752
Sample size to show min tv of 0.027282549972987576 is 229
AUD TV 0.10456509994597515, ss 116
AG*(1,2) = 45
AG*(1,5) = 49
AG*(1,2) = 45
AG*(1,5) = 49
AG*(3,2) = 40
AG*(3,5) = 59
AG*(3,6) = 132
AG*(4,2) = 43
AG*(4,5) = 5248
AG*(4,6) = 37
NL(1,2) = 20, AG*'s used 43
NL(1,6) = 24, AG*'s used 37
NL(1,5) = 47, AG*'s used 45
NL(1,4) NOT POSSIBLE
Max in loop inf, 0.10456509994597515
AUD TV 0.15456509994597517, ss 55
AG*(1,2) = 46
AG*(1,5) = 52
AG*(1,2) = 46
AG*(1,5) = 52
AG*(3,2) = 40
AG*(3,5) = 59
AG*(3,6) = 132
AG*(4,2) = 44
AG*(4,6) = 37
NL(1,2) = 20, AG*'s used 44
NL(1,6) = 24, AG*'s used 37
NL(1,5) = 50, AG*'s used 46
NL(1,4) NOT POSSIBLE
Max in loop inf, 0.15456509994597517
AUD TV 0.20456509994597516, ss 34
AG*(1,2) = 47
AG*(1,5) = 56
AG*(1,2) = 47
AG*(1,5) = 56
AG*(3,2) = 40
AG*(3,5) = 59
AG*(3,6) = 132
AG*(4,2) = 46
AG*(4,6) = 37
NL(1,2) = 20, AG*'s used 46
NL(1,6) = 24, AG*'s used 37
NL(1,5) = 54, AG*'s used 47
NL(1,4) NOT POSSIBLE
Max in loop inf, 0.20456509994597516
AUD TV 0.25456509994597515, ss 24
AG*(1,2) = 48
AG*(1,5) = 61
AG*(1,2) = 48
AG*(1,5) = 61
AG*(3,2) = 40
AG*(3,5) = 59
AG*(3,6) = 132
AG*(4,2) = 47
AG*(4,6) = 37
NL(1,2) = 21, AG*'s used 47
NL(1,6) = 24, AG*'s used 37
NL(1,5) = 58, AG*'s used 48
NL(1,4) NOT POSSIBLE
Max in loop inf, 0.25456509994597515
AUD TV 0.30456509994597514, ss 17
AG*(1,2) = 48
AG*(1,5) = 66
AG*(1,2) = 48
AG*(1,5) = 66
AG*(3,2) = 40
AG*(3,5) = 59
AG*(3,6) = 132
AG*(4,2) = 48
AG*(4,6) = 38
NL(1,2) = 21, AG*'s used 48
NL(1,6) = 24, AG*'s used 38
NL(1,5) = 63, AG*'s used 48
NL(1,4) NOT POSSIBLE
Max in loop inf, 0.30456509994597514
AUD TV 0.3545650999459751, ss 13
AG*(1,2) = 49
AG*(1,5) = 72
AG*(1,2) = 49
AG*(1,5) = 72
AG*(3,2) = 40
AG*(3,5) = 59
AG*(3,6) = 132
AG*(4,2) = 50
AG*(4,6) = 38
NL(1,2) = 49, AG*'s used 0
NL(1,6) = 24, AG*'s used 38
NL(1,5) = 68, AG*'s used 49
NL(1,4) NOT POSSIBLE
Max in loop inf, 0.3545650999459751
AUD TV 0.4045650999459751, ss 10
AG*(1,2) = 50
AG*(1,5) = 80
AG*(1,2) = 50
AG*(1,5) = 80
AG*(3,2) = 40
AG*(3,5) = 59
AG*(3,6) = 132
AG*(4,2) = 51
AG*(4,6) = 38
NL(1,2) = 50, AG*'s used 0
NL(1,6) = 24, AG*'s used 38
NL(1,5) = 75, AG*'s used 50
NL(1,4) NOT POSSIBLE
Max in loop inf, 0.4045650999459751
AUD TV 0.4545650999459751, ss 8
AG*(1,2) = 51
AG*(1,5) = 89
AG*(1,2) = 51
AG*(1,5) = 89
AG*(3,2) = 40
AG*(3,5) = 59
AG*(3,6) = 132
AG*(4,2) = 53
AG*(4,6) = 38
NL(1,2) = 51, AG*'s used 0
NL(1,6) = 24, AG*'s used 38
NL(1,5) = 83, AG*'s used 51
NL(1,4) NOT POSSIBLE
Max in loop inf, 0.4545650999459751
AUD TV 0.5045650999459751, ss 6
AG*(1,2) = 52
AG*(1,5) = 101
AG*(1,2) = 52
AG*(1,5) = 101
AG*(3,2) = 40
AG*(3,5) = 59
AG*(3,6) = 132
AG*(4,2) = 55
AG*(4,6) = 38
NL(1,2) = 52, AG*'s used 0
NL(1,6) = 24, AG*'s used 38
NL(1,5) = 94, AG*'s used 52
NL(1,4) NOT POSSIBLE
Max in loop inf, 0.5045650999459751
AUD TV 0.5545650999459751, ss 5
AG*(1,2) = 53
AG*(1,5) = 116
AG*(1,2) = 53
AG*(1,5) = 116
AG*(3,2) = 40
AG*(3,5) = 59
AG*(3,6) = 132
AG*(4,2) = 57
AG*(4,6) = 38
NL(1,2) = 53, AG*'s used 0
NL(1,6) = 24, AG*'s used 38
NL(1,5) = 107, AG*'s used 53
NL(1,4) NOT POSSIBLE
Max in loop inf, 0.5545650999459751
AUD TV 0.6045650999459752, ss 4
AG*(1,2) = 54
AG*(1,5) = 137
AG*(1,2) = 54
AG*(1,5) = 137
AG*(3,2) = 40
AG*(3,5) = 59
AG*(3,6) = 132
AG*(4,2) = 59
AG*(4,6) = 39
NL(1,2) = 54, AG*'s used 0
NL(1,6) = 24, AG*'s used 39
NL(1,5) = 124, AG*'s used 54
NL(1,4) NOT POSSIBLE
Max in loop inf, 0.6045650999459752
AUD TV 0.6545650999459752, ss 3
AG*(1,2) = 55
AG*(1,5) = 168
AG*(1,2) = 55
AG*(1,5) = 168
AG*(3,2) = 40
AG*(3,5) = 59
AG*(3,6) = 132
AG*(4,2) = 61
AG*(4,6) = 39
NL(1,2) = 55, AG*'s used 0
NL(1,6) = 24, AG*'s used 39
NL(1,5) = 149, AG*'s used 55
NL(1,4) NOT POSSIBLE
Max in loop inf, 0.6545650999459752
New mintv = 0.07728254997298759
Sample size required for audit is inf ballots
------------------------------------------------
Assertion set BEFORE filtering:
(2, 'MT', None, (0.6545650999459752, 3))
(0, 'NL', 4, 149)
(0, 'AG*', 1, 55)
(2, 'QT', None, 117)
(2, 'LT', None, (0.027282549972987576, 229))
(0, 'NL', 1, 55)
(0, 'AG*', 4, 168)
(3, 'AG', 5, 39)
(0, 'NL', 5, 39)
------------------------------------------------
Final set of assertions AFTER filtering:
(2, 'MT', None, (0.6545650999459752, 3))
(0, 'NL', 4, 149)
(0, 'AG*', 1, 55)
(2, 'QT', None, 117)
(2, 'LT', None, (0.027282549972987576, 229))
(0, 'NL', 1, 55)
(0, 'AG*', 4, 168)
(3, 'AG', 5, 39)
(0, 'NL', 5, 39)
------------------------------------------------
Explanations for AG* inclusion:
   Explanation for (0, 'AG*', 1, 55): []
   Explanation for (0, 'AG*', 4, 168): []
   Explanation for (3, 'AG', 5, 39): []
------------------------------------------------
