VALID BALLOTS 5529
Winner 1
Winner 8
Computing AG relationships
7 AG 3 = 107
6 AG 3 = 55
6 AG 2 = 148
6 AG 5 = 150
1 AG 3 = 42
1 AG 2 = 85
1 AG 5 = 75
4 AG 3 = 33
4 AG 2 = 155
8 AG 3 = 25
8 AG 2 = 43
8 AG 5 = 158
Ruling out candidates: [(3, 33), (2, 85), (5, 150)]
STAGE 1 ASN (Ruling out candidates): 150
ALTERNATE OUTCOME PAIR: 7,6
   (1) can we show that 1 NL 6?
        a. margin -0.04943630554048195
      no
   (1) can we show that 1 NL 7?
        a. margin -0.12280701754385914
      no
   (1) can we show that 4 NL 6?
        a. margin -0.2161934044733812
      no
   (1) can we show that 4 NL 7?
        a. margin -0.0936878278169635
      no
   (1) can we show that 8 NL 6?
        a. margin -0.13275456682944542
      no
   (1) can we show that 8 NL 7?
        a. margin -0.026225357207450672
      no

ALTERNATE OUTCOME PAIR: 7,1
   (1) can we show that 6 NL 1?
        a. margin -0.06728160607704725
      no
   (1) can we show that 6 NL 7?
        a. margin -0.14589738952191478
      no
   (1) can we show that 4 NL 1?
        a. margin -0.20431663350816798
      no
   (1) can we show that 4 NL 7?
        a. margin -0.08964851992524236
      no
   (1) can we show that 8 NL 1?
        a. margin -0.126303731838187
      no
   (1) can we show that 8 NL 7?
        a. margin -0.022125761138240607
      no

ALTERNATE OUTCOME PAIR: 7,4
   (1) can we show that 6 NL 4?
        a. margin -0.1336588894917693
      no
   (1) can we show that 6 NL 7?
        a. margin -0.11521070718032278
      no
   (1) can we show that 1 NL 4?
        a. margin -0.11394465545306431
      no
   (1) can we show that 1 NL 7?
        a. margin -0.09103514800747425
      no
   (1) can we show that 8 NL 4?
        a. margin -0.008862362090793163
      no
   (1) can we show that 8 NL 7?
        a. margin -0.013203110869958845
      no

ALTERNATE OUTCOME PAIR: 7,8
   (1) can we show that 6 NL 8?
        a. margin -0.20353288720082263
      no
   (1) can we show that 6 NL 7?
        a. margin -0.1191294387170716
      no
   (1) can we show that 1 NL 8?
        a. margin -0.18327605956472326
      no
   (1) can we show that 1 NL 7?
        a. margin -0.09471272683427179
      no
   (1) can we show that 4 NL 8?
        a. margin -0.21607282811840833
      no
   (1) can we show that 4 NL 7?
        a. margin -0.08524748296859397
      no

ALTERNATE OUTCOME PAIR: 6,1
   (1) can we show that 7 NL 1?
        a. margin -0.23813830107915923
      no
   (1) can we show that 7 NL 6?
        a. margin -0.23940435280641492
      no
   (1) can we show that 4 NL 1?
        a. margin -0.15964309398926657
      no
   (1) can we show that 4 NL 6?
        a. margin -0.16283836739615376
      no
   (1) can we show that 8 NL 1?
        a. margin -0.08223307409417102
      no
   (1) can we show that 8 NL 6?
        a. margin -0.08000241152709964
      no

ALTERNATE OUTCOME PAIR: 6,4
   (1) can we show that 7 NL 4?
        a. margin -0.1590402122143847
      no
   (1) can we show that 7 NL 6?
        a. margin -0.29625610417797066
      no
   (1) can we show that 1 NL 4?
        a. margin -0.13052390426237404
      no
   (1) can we show that 1 NL 6?
        a. margin -0.0522698498824371
      no
   (1) can we show that 8 NL 4?
        a. margin -0.02031711581358908
      no
   (1) can we show that 8 NL 6?
        a. margin -0.13582926388135275
      no

ALTERNATE OUTCOME PAIR: 6,8
   (1) can we show that 7 NL 8?
        a. margin -0.2778682100440091
      no
   (1) can we show that 7 NL 6?
        a. margin -0.2848616386326632
      no
   (1) can we show that 1 NL 8?
        a. margin -0.19726291674202634
      no
   (1) can we show that 1 NL 6?
        a. margin -0.04256345330680944
      no
   (1) can we show that 4 NL 8?
        a. margin -0.2082353650449128
      no
   (1) can we show that 4 NL 6?
        a. margin -0.20799421233496074
      no

ALTERNATE OUTCOME PAIR: 1,4
   (1) can we show that 7 NL 4?
        a. margin -0.15867848314945432
      no
   (1) can we show that 7 NL 1?
        a. margin -0.2865497076023392
      no
   (1) can we show that 6 NL 4?
        a. margin -0.14963525652619514
      no
   (1) can we show that 6 NL 1?
        a. margin -0.06884909869174671
      no
   (1) can we show that 8 NL 4?
        a. margin -0.020015674926146865
      no
   (1) can we show that 8 NL 1?
        a. margin -0.12943871706758292
      no

ALTERNATE OUTCOME PAIR: 4,8
   (1) can we show that 7 NL 8?
        a. margin -0.2768433110267081
      no
   (1) can we show that 7 NL 4?
        a. margin -0.14637969494182312
      no
   (1) can we show that 6 NL 8?
        a. margin -0.19551455959486408
      no
   (1) can we show that 6 NL 4?
        a. margin -0.13034303972991168
      no
   (1) can we show that 1 NL 8?
        a. margin -0.17555917284620348
      no
   (1) can we show that 1 NL 4?
        a. margin -0.11062880569120714
      no

RULE OUT PAIR STAGE ASN 0
------------------------------------------------
Alternate outcome cannot be ruled out: 7,6
Alternate outcome cannot be ruled out: 7,1
Alternate outcome cannot be ruled out: 7,4
Alternate outcome cannot be ruled out: 7,8
Alternate outcome cannot be ruled out: 6,1
Alternate outcome cannot be ruled out: 6,4
Alternate outcome cannot be ruled out: 6,8
Alternate outcome cannot be ruled out: 1,4
Alternate outcome cannot be ruled out: 4,8
Full audit not possible
PARTIAL audit sample size: 150
------------------------------------------------
Final set of assertions generated:
(0, 'AG', 4, 75)
(0, 'AG', 1, 85)
(7, 'AG', 2, 25)
(3, 'AG', 2, 33)
(5, 'AG', 4, 150)
(7, 'AG', 1, 43)
[] are verified winners with these assertions.
[1, 4, 6, 7, 8] remain as potential winners in this audit.
------------------------------------------------
