VALID BALLOTS 5431
106 ballot checks required to assert that first winner has a quota's worth of votes
AUD TV 0.11019719771665802, ss 115
AG*(6,2) = 57
AG*(6,3) = 29
AG*(6,4) = 63
AG*(6,5) = 58
AG*(6,7) = 29
AG*(6,8) = 33
AG*(1,2) = 37
AG*(1,3) = 24
AG*(1,4) = 51
AG*(1,5) = 22
AG*(1,6) = 604
AG*(1,7) = 24
AG*(1,8) = 49
AG*(6,2) = 57
AG*(6,3) = 29
AG*(6,4) = 63
AG*(6,5) = 58
AG*(6,7) = 29
AG*(6,8) = 33
NL(6,7) = 29, AG*'s used 29
NL(6,3) = 29, AG*'s used 29
NL(6,8) = 32, AG*'s used 29
NL(6,2) = 40, AG*'s used 33
NL(6,5) = 40, AG*'s used 33
NL(6,4) = 43, AG*'s used 33
Max in loop 115, 0.11019719771665802
AUD TV 0.16019719771665802, ss 54
AG*(6,2) = 60
AG*(6,3) = 30
AG*(6,4) = 67
AG*(6,5) = 72
AG*(6,7) = 30
AG*(6,8) = 34
AG*(1,2) = 37
AG*(1,3) = 24
AG*(1,4) = 51
AG*(1,5) = 22
AG*(1,6) = 604
AG*(1,7) = 24
AG*(1,8) = 49
AG*(6,2) = 60
AG*(6,3) = 30
AG*(6,4) = 67
AG*(6,5) = 72
AG*(6,7) = 30
AG*(6,8) = 34
NL(6,7) = 30, AG*'s used 30
NL(6,3) = 29, AG*'s used 30
NL(6,8) = 33, AG*'s used 30
NL(6,2) = 42, AG*'s used 34
NL(6,5) = 47, AG*'s used 34
NL(6,4) = 44, AG*'s used 34
Max in loop 106, 0.16019719771665802
AUD TV 0.210197197716658, ss 34
AG*(6,2) = 64
AG*(6,3) = 31
AG*(6,4) = 70
AG*(6,5) = 94
AG*(6,7) = 31
AG*(6,8) = 35
AG*(1,2) = 37
AG*(1,3) = 24
AG*(1,4) = 51
AG*(1,5) = 22
AG*(1,6) = 604
AG*(1,7) = 24
AG*(1,8) = 49
AG*(6,2) = 64
AG*(6,3) = 31
AG*(6,4) = 70
AG*(6,5) = 94
AG*(6,7) = 31
AG*(6,8) = 35
NL(6,7) = 30, AG*'s used 31
NL(6,3) = 30, AG*'s used 31
NL(6,8) = 33, AG*'s used 31
NL(6,2) = 43, AG*'s used 35
NL(6,5) = 55, AG*'s used 35
NL(6,4) = 46, AG*'s used 35
Max in loop 106, 0.210197197716658
AUD TV 0.260197197716658, ss 23
AG*(6,2) = 69
AG*(6,3) = 32
AG*(6,4) = 74
AG*(6,5) = 134
AG*(6,7) = 31
AG*(6,8) = 35
AG*(1,2) = 37
AG*(1,3) = 24
AG*(1,4) = 51
AG*(1,5) = 22
AG*(1,6) = 604
AG*(1,7) = 24
AG*(1,8) = 49
AG*(6,2) = 69
AG*(6,3) = 32
AG*(6,4) = 74
AG*(6,5) = 134
AG*(6,7) = 31
AG*(6,8) = 35
NL(6,7) = 31, AG*'s used 0
NL(6,3) = 31, AG*'s used 31
NL(6,8) = 34, AG*'s used 32
NL(6,2) = 46, AG*'s used 35
NL(6,5) = 67, AG*'s used 35
NL(6,4) = 48, AG*'s used 35
Max in loop 106, 0.260197197716658
AUD TV 0.310197197716658, ss 17
AG*(6,2) = 74
AG*(6,3) = 33
AG*(6,4) = 78
AG*(6,5) = 237
AG*(6,7) = 32
AG*(6,8) = 36
AG*(1,2) = 37
AG*(1,3) = 24
AG*(1,4) = 51
AG*(1,5) = 22
AG*(1,6) = 604
AG*(1,7) = 24
AG*(1,8) = 49
AG*(6,2) = 74
AG*(6,3) = 33
AG*(6,4) = 78
AG*(6,5) = 237
AG*(6,7) = 32
AG*(6,8) = 36
NL(6,7) = 32, AG*'s used 0
NL(6,3) = 32, AG*'s used 32
NL(6,8) = 34, AG*'s used 33
NL(6,2) = 48, AG*'s used 36
NL(6,5) = 63, AG*'s used 74
NL(6,4) = 49, AG*'s used 36
Max in loop 106, 0.310197197716658
AUD TV 0.360197197716658, ss 13
AG*(6,2) = 81
AG*(6,3) = 34
AG*(6,4) = 83
AG*(6,5) = 1542
AG*(6,7) = 33
AG*(6,8) = 36
AG*(1,2) = 37
AG*(1,3) = 24
AG*(1,4) = 51
AG*(1,5) = 22
AG*(1,6) = 604
AG*(1,7) = 24
AG*(1,8) = 49
AG*(6,2) = 81
AG*(6,3) = 34
AG*(6,4) = 83
AG*(6,5) = 1542
AG*(6,7) = 33
AG*(6,8) = 36
NL(6,7) = 33, AG*'s used 0
NL(6,3) = 33, AG*'s used 33
NL(6,8) = 35, AG*'s used 34
NL(6,2) = 50, AG*'s used 36
NL(6,5) = 80, AG*'s used 81
NL(6,4) = 51, AG*'s used 36
Max in loop 106, 0.360197197716658
AUD TV 0.41019719771665797, ss 10
AG*(6,2) = 88
AG*(6,3) = 35
AG*(6,4) = 88
AG*(6,7) = 34
AG*(6,8) = 37
AG*(1,2) = 37
AG*(1,3) = 24
AG*(1,4) = 51
AG*(1,5) = 22
AG*(1,6) = 604
AG*(1,7) = 24
AG*(1,8) = 49
AG*(6,2) = 88
AG*(6,3) = 35
AG*(6,4) = 88
AG*(6,7) = 34
AG*(6,8) = 37
NL(6,7) = 34, AG*'s used 0
NL(6,3) = 34, AG*'s used 34
NL(6,8) = 35, AG*'s used 35
NL(6,2) = 53, AG*'s used 37
NL(6,5) = 59, AG*'s used 88
NL(6,4) = 53, AG*'s used 37
Max in loop 106, 0.41019719771665797
AUD TV 0.46019719771665796, ss 8
AG*(6,2) = 97
AG*(6,3) = 36
AG*(6,4) = 95
AG*(6,7) = 35
AG*(6,8) = 38
AG*(1,2) = 37
AG*(1,3) = 24
AG*(1,4) = 51
AG*(1,5) = 22
AG*(1,6) = 604
AG*(1,7) = 24
AG*(1,8) = 49
AG*(6,2) = 97
AG*(6,3) = 36
AG*(6,4) = 95
AG*(6,7) = 35
AG*(6,8) = 38
NL(6,7) = 35, AG*'s used 0
NL(6,3) = 35, AG*'s used 35
NL(6,8) = 36, AG*'s used 36
NL(6,2) = 56, AG*'s used 38
NL(6,5) = 73, AG*'s used 97
NL(6,4) = 56, AG*'s used 38
Max in loop 106, 0.46019719771665796
AUD TV 0.510197197716658, ss 6
AG*(6,2) = 108
AG*(6,3) = 37
AG*(6,4) = 102
AG*(6,7) = 36
AG*(6,8) = 38
AG*(1,2) = 37
AG*(1,3) = 24
AG*(1,4) = 51
AG*(1,5) = 22
AG*(1,6) = 604
AG*(1,7) = 24
AG*(1,8) = 49
AG*(6,2) = 108
AG*(6,3) = 37
AG*(6,4) = 102
AG*(6,7) = 36
AG*(6,8) = 38
NL(6,7) = 36, AG*'s used 0
NL(6,3) = 36, AG*'s used 36
NL(6,8) = 37, AG*'s used 37
NL(6,2) = 60, AG*'s used 38
NL(6,5) = 96, AG*'s used 108
NL(6,4) = 58, AG*'s used 38
Max in loop 108, 0.510197197716658
Breaking out of inner loop 108 > 106
Sample size to show min tv of 0.03009859885832901 is 206
Sample size required for audit is 106 ballots
------------------------------------------------
Assertion set BEFORE filtering:
(0, 'MT', None, (0.46019719771665796, 8))
(5, 'NL', 2, 35)
(5, 'NL', 3, 56)
(5, 'NL', 7, 36)
(5, 'NL', 1, 56)
(5, 'NL', 4, 97)
(0, 'QT', None, 106)
(5, 'AG*', 3, 95)
(5, 'AG*', 7, 38)
(5, 'AG*', 1, 97)
(5, 'AG*', 2, 36)
(5, 'NL', 6, 35)
(5, 'AG*', 6, 35)
------------------------------------------------
Final set of assertions AFTER filtering:
(0, 'MT', None, (0.46019719771665796, 8))
(5, 'NL', 2, 35)
(5, 'NL', 3, 56)
(5, 'NL', 7, 36)
(5, 'NL', 1, 56)
(5, 'NL', 4, 97)
(0, 'QT', None, 106)
(5, 'AG*', 3, 95)
(5, 'AG*', 7, 38)
(5, 'AG*', 1, 97)
(5, 'AG*', 2, 36)
(5, 'NL', 6, 35)
(5, 'AG*', 6, 35)
------------------------------------------------
Explanations for AG* inclusion:
   Explanation for (5, 'AG*', 3, 95): []
   Explanation for (5, 'AG*', 7, 38): []
   Explanation for (5, 'AG*', 1, 97): []
   Explanation for (5, 'AG*', 2, 36): []
   Explanation for (5, 'AG*', 6, 35): []
------------------------------------------------
