VALID BALLOTS 7073
Winner 6
Winner 3
Computing AG relationships
6 AG 1 = 45
6 AG 2 = 27
6 AG 7 = 20
3 AG 1 = 56
3 AG 2 = 101
3 AG 4 = 55
Ruling out candidates: [(1, 56), (2, 101)]
STAGE 1 ASN (Ruling out candidates): 101
ALTERNATE OUTCOME PAIR: 7,6
   (1) can we show that 4 NL 6?
        a. margin -0.30887412224892896
      no
   (1) can we show that 4 NL 7?
        a. margin -0.18082850275696505
      no
   (1) can we show that 3 NL 6?
        a. margin -0.05410245534662428
      no
   (1) can we show that 3 NL 7?
        a. margin 0.05367830717752775
      yes, 75, ags used 56 = 75
   (1) can we show that 3 NL 6?
        a. margin -0.05410245534662428
      no
   (1) can we show that 3 NL 7?
        a. margin 0.05367830717752775
      yes, 75, ags used 56 = 75
      Best assertion(s) require sample: 75

ALTERNATE OUTCOME PAIR: 7,4
   (1) can we show that 6 NL 4?
        a. margin 0.19482539233705642
      yes, 23, ags used 55 = 55
   (1) can we show that 6 NL 7?
        a. margin 0.22696639803949314
      yes, 20, ags used 0 = 20
   (1) can we show that 3 NL 4?
        a. margin 0.08539516471087194
      yes, 53, ags used 0 = 53
   (1) can we show that 3 NL 7?
        a. margin 0.18587115321174408
      yes, 24, ags used 20 = 24
   (1) can we show that 3 NL 4?
        a. margin 0.08539516471087194
      yes, 53, ags used 0 = 53
   (1) can we show that 3 NL 7?
        a. margin 0.18587115321174408
      yes, 24, ags used 20 = 24
      Best assertion(s) require sample: 20

ALTERNATE OUTCOME PAIR: 7,3
   (1) can we show that 6 NL 3?
        a. margin -0.10608416984777813
      no
   (1) can we show that 6 NL 7?
        a. margin 0.22776756680333654
      yes, 20, ags used 0 = 20
   (1) can we show that 4 NL 3?
        a. margin -0.34558650266270863
      no
   (1) can we show that 4 NL 7?
        a. margin 0.01861539186578076
      yes, 245, ags used 20 = 245
      Best assertion(s) require sample: 20

ALTERNATE OUTCOME PAIR: 7,3
   (1) can we show that 6 NL 3?
        a. margin -0.10608416984777813
      no
   (1) can we show that 6 NL 7?
        a. margin 0.22776756680333654
      yes, 20, ags used 0 = 20
   (1) can we show that 4 NL 3?
        a. margin -0.34558650266270863
      no
   (1) can we show that 4 NL 7?
        a. margin 0.01861539186578076
      yes, 245, ags used 20 = 245
      Best assertion(s) require sample: 20

ALTERNATE OUTCOME PAIR: 6,4
   (1) can we show that 7 NL 4?
        a. margin -0.06729817616287315
      no
   (1) can we show that 7 NL 6?
        a. margin -0.36632263537395704
      no
   (1) can we show that 3 NL 4?
        a. margin 0.09458504170790172
      yes, 48, ags used 0 = 48
   (1) can we show that 3 NL 6?
        a. margin -0.14039304397002728
      no
   (1) can we show that 3 NL 4?
        a. margin 0.09458504170790172
      yes, 48, ags used 0 = 48
   (1) can we show that 3 NL 6?
        a. margin -0.14039304397002728
      no
      Best assertion(s) require sample: 48

ALTERNATE OUTCOME PAIR: 4,3
   (1) can we show that 7 NL 3?
        a. margin -0.3653800838870823
      no
   (1) can we show that 7 NL 4?
        a. margin -0.27164333851736655
      no
   (1) can we show that 6 NL 3?
        a. margin -0.01809698854799946
      no
   (1) can we show that 6 NL 4?
        a. margin 0.04774023281021722
      yes, 68, ags used 45 = 68
      Best assertion(s) require sample: 68

ALTERNATE OUTCOME PAIR: 4,3
   (1) can we show that 7 NL 3?
        a. margin -0.3653800838870823
      no
   (1) can we show that 7 NL 4?
        a. margin -0.27164333851736655
      no
   (1) can we show that 6 NL 3?
        a. margin -0.01809698854799946
      no
   (1) can we show that 6 NL 4?
        a. margin 0.04774023281021722
      yes, 68, ags used 45 = 68
      Best assertion(s) require sample: 68

RULE OUT PAIR STAGE ASN 75
------------------------------------------------
FULL audit sample size: 101
------------------------------------------------
Final set of assertions generated:
6 NL 7 = 20 [rules out (7, 3), G = set(), O = set()]
3 NL 4 = 48 [rules out (6, 4), G = set(), O = set()]

(5, 'AG', 6, 20)
(2, 'AG', 3, 55)
(5, 'AG', 1, 27)
3 NL 7 = 75 [rules out (7, 6), G = {0, 3}, O = set()]
6 NL 7 = 20 [rules out (7, 4), G = set(), O = set()]
(5, 'AG', 0, 45)
6 NL 4 = 68 [rules out (4, 3), G = {0, 1, 6}, O = set()]
(2, 'AG', 0, 56)
(2, 'AG', 1, 101)
All winners are verified in audit.
------------------------------------------------
