VALID BALLOTS 5529
Winner 1
Winner 8
Computing AG relationships
7 AG 3 = 107
6 AG 3 = 55
6 AG 2 = 148
6 AG 5 = 150
1 AG 3 = 42
1 AG 2 = 85
1 AG 5 = 75
4 AG 3 = 33
4 AG 2 = 155
8 AG 3 = 25
8 AG 2 = 43
8 AG 5 = 158
Ruling out candidates: [(3, 33), (2, 85), (5, 150)]
STAGE 1 ASN (Ruling out candidates): 150
ALTERNATE OUTCOME PAIR: 7,6
   (1) can we show that 1 NL 6?
        a. margin -0.04943630554048195
      no
   (1) can we show that 1 NL 7?
        a. margin -0.12280701754385914
      no
   (1) can we show that 4 NL 6?
        a. margin -0.2161934044733812
      no
   (1) can we show that 4 NL 7?
        a. margin -0.0936878278169635
      no
   (1) can we show that 8 NL 6?
        a. margin -0.13275456682944542
      no
   (1) can we show that 8 NL 7?
        a. margin -0.026225357207450672
      no

ALTERNATE OUTCOME PAIR: 7,1
   (1) can we show that 6 NL 1?
        a. margin -0.06728160607704725
      no
   (1) can we show that 6 NL 7?
        a. margin -0.14589738952191478
      no
   (1) can we show that 4 NL 1?
        a. margin -0.20431663350816798
      no
   (1) can we show that 4 NL 7?
        a. margin -0.08964851992524236
      no
   (1) can we show that 8 NL 1?
        a. margin -0.126303731838187
      no
   (1) can we show that 8 NL 7?
        a. margin -0.022125761138240607
      no

ALTERNATE OUTCOME PAIR: 7,4
   (1) can we show that 6 NL 4?
        a. margin -0.1336588894917693
      no
   (1) can we show that 6 NL 7?
        a. margin -0.11521070718032278
      no
   (1) can we show that 1 NL 4?
        a. margin -0.11394465545306431
      no
   (1) can we show that 1 NL 7?
        a. margin -0.09103514800747425
      no
   (1) can we show that 8 NL 4?
        a. margin -0.008862362090793163
      no
   (1) can we show that 8 NL 7?
        a. margin -0.013203110869958845
      no

ALTERNATE OUTCOME PAIR: 7,8
   (1) can we show that 6 NL 8?
        a. margin -0.20353288720082263
      no
   (1) can we show that 6 NL 7?
        a. margin -0.1191294387170716
      no
   (1) can we show that 1 NL 8?
        a. margin -0.18327605956472326
      no
   (1) can we show that 1 NL 7?
        a. margin -0.09471272683427179
      no
   (1) can we show that 4 NL 8?
        a. margin -0.21607282811840833
      no
   (1) can we show that 4 NL 7?
        a. margin -0.08524748296859397
      no

ALTERNATE OUTCOME PAIR: 6,1
   (1) can we show that 7 NL 1?
        a. margin -0.23813830107915923
      no
   (1) can we show that 7 NL 6?
        a. margin -0.23940435280641492
      no
   (1) can we show that 4 NL 1?
        a. margin -0.15964309398926657
      no
   (1) can we show that 4 NL 6?
        a. margin -0.16283836739615376
      no
   (1) can we show that 8 NL 1?
        a. margin -0.08223307409417102
      no
   (1) can we show that 8 NL 6?
        a. margin -0.08000241152709964
      no

ALTERNATE OUTCOME PAIR: 6,4
   (1) can we show that 7 NL 4?
        a. margin -0.1590402122143847
      no
   (1) can we show that 7 NL 6?
        a. margin -0.29625610417797066
      no
   (1) can we show that 1 NL 4?
        a. margin -0.13052390426237404
      no
   (1) can we show that 1 NL 6?
        a. margin -0.0522698498824371
      no
   (1) can we show that 8 NL 4?
        a. margin -0.02031711581358908
      no
   (1) can we show that 8 NL 6?
        a. margin -0.13582926388135275
      no

ALTERNATE OUTCOME PAIR: 6,8
   (1) can we show that 7 NL 8?
        a. margin -0.2778682100440091
      no
   (1) can we show that 7 NL 6?
        a. margin -0.2848616386326632
      no
   (1) can we show that 1 NL 8?
        a. margin -0.19726291674202634
      no
   (1) can we show that 1 NL 6?
        a. margin -0.04256345330680944
      no
   (1) can we show that 4 NL 8?
        a. margin -0.2082353650449128
      no
   (1) can we show that 4 NL 6?
        a. margin -0.20799421233496074
      no

ALTERNATE OUTCOME PAIR: 1,4
   (1) can we show that 7 NL 4?
        a. margin -0.15867848314945432
      no
   (1) can we show that 7 NL 1?
        a. margin -0.2865497076023392
      no
   (1) can we show that 6 NL 4?
        a. margin -0.14963525652619514
      no
   (1) can we show that 6 NL 1?
        a. margin -0.06884909869174671
      no
   (1) can we show that 8 NL 4?
        a. margin -0.020015674926146865
      no
   (1) can we show that 8 NL 1?
        a. margin -0.12943871706758292
      no

ALTERNATE OUTCOME PAIR: 4,8
   (1) can we show that 7 NL 8?
        a. margin -0.2768433110267081
      no
   (1) can we show that 7 NL 4?
        a. margin -0.14637969494182312
      no
   (1) can we show that 6 NL 8?
        a. margin -0.19551455959486408
      no
   (1) can we show that 6 NL 4?
        a. margin -0.13034303972991168
      no
   (1) can we show that 1 NL 8?
        a. margin -0.17555917284620348
      no
   (1) can we show that 1 NL 4?
        a. margin -0.11062880569120714
      no

RULE OUT PAIR STAGE ASN 0
------------------------------------------------
EXAMINING WAYS TO REDUCE COST OF AUDIT
ALTERNATE OUTCOME PAIR: 5,7
   (1) can we show that 6 NL 7?
        a. margin -0.15741243142219818
      no
   (1) can we show that 6 NL 5?
        a. margin 0.040332790739732394
      yes, 74, ags used 75 = 75
   (1) can we show that 1 NL 7?
        a. margin -0.12949900524507107
      no
   (1) can we show that 1 NL 5?
        a. margin 0.07095918490383668
      yes, 63, ags used 42 = 63
   (1) can we show that 4 NL 7?
        a. margin -0.1060469042020854
      no
   (1) can we show that 4 NL 5?
        a. margin 0.12039549044432474
      yes, 38, ags used 75 = 75
   (1) can we show that 8 NL 7?
        a. margin -0.039428468077410184
      no
   (1) can we show that 8 NL 5?
        a. margin 0.03581117742810758
      yes, 24, ags used 75 = 75
      Best assertion(s) require sample: 63

ALTERNATE OUTCOME PAIR: 5,6
   (1) can we show that 7 NL 6?
        a. margin -0.29221679628624864
      no
   (1) can we show that 7 NL 5?
        a. margin 0.04684391390848419
      yes, 97, ags used 75 = 97
   (1) can we show that 1 NL 6?
        a. margin -0.058178091276299915
      no
   (1) can we show that 1 NL 5?
        a. margin 0.06294085729788312
      yes, 71, ags used 42 = 71
   (1) can we show that 4 NL 6?
        a. margin -0.21631398082835862
      no
   (1) can we show that 4 NL 5?
        a. margin 0.11478868993790514
      yes, 39, ags used 75 = 75
   (1) can we show that 8 NL 6?
        a. margin -0.13793935009344704
      no
   (1) can we show that 8 NL 5?
        a. margin 0.05076264544522946
      yes, 24, ags used 75 = 75
      Best assertion(s) require sample: 71

ALTERNATE OUTCOME PAIR: 5,1
   (1) can we show that 7 NL 1?
        a. margin -0.28311328148550097
      no
   (1) can we show that 7 NL 5?
        a. margin 0.04304575872671368
      yes, 106, ags used 150 = 150
   (1) can we show that 6 NL 1?
        a. margin -0.08000241152709964
      no
   (1) can we show that 6 NL 5?
        a. margin 0.03508771929824572
      yes, 128, ags used 55 = 128
   (1) can we show that 4 NL 1?
        a. margin -0.2048592271055638
      no
   (1) can we show that 4 NL 5?
        a. margin 0.11207572195092563
      yes, 40, ags used 150 = 150
   (1) can we show that 8 NL 1?
        a. margin -0.1315488032796771
      no
   (1) can we show that 8 NL 5?
        a. margin 0.05564598782178809
      yes, 74, ags used 43 = 74
      Best assertion(s) require sample: 74

ALTERNATE OUTCOME PAIR: 5,4
   (1) can we show that 7 NL 4?
        a. margin -0.16006511123168765
      no
   (1) can we show that 7 NL 5?
        a. margin 0.04708506661843592
      yes, 97, ags used 75 = 97
   (1) can we show that 6 NL 4?
        a. margin -0.16024597576415278
      no
   (1) can we show that 6 NL 5?
        a. margin 0.037137517332850756
      yes, 78, ags used 75 = 78
   (1) can we show that 1 NL 4?
        a. margin -0.13763790920600438
      no
   (1) can we show that 1 NL 5?
        a. margin 0.06734189425453785
      yes, 67, ags used 42 = 67
   (1) can we show that 8 NL 4?
        a. margin -0.02682823898233566
      no
   (1) can we show that 8 NL 5?
        a. margin 0.03237475131126755
      yes, 24, ags used 75 = 75
      Best assertion(s) require sample: 67

ALTERNATE OUTCOME PAIR: 5,8
   (1) can we show that 7 NL 8?
        a. margin -0.29052872731657353
      no
   (1) can we show that 7 NL 5?
        a. margin 0.053656477964669325
      yes, 85, ags used 75 = 85
   (1) can we show that 6 NL 8?
        a. margin -0.22945680352082976
      no
   (1) can we show that 6 NL 5?
        a. margin 0.04455296316392032
      yes, 70, ags used 75 = 75
   (1) can we show that 1 NL 8?
        a. margin -0.20588412612286677
      no
   (1) can we show that 1 NL 5?
        a. margin 0.07560137457044336
      yes, 59, ags used 42 = 59
   (1) can we show that 4 NL 8?
        a. margin -0.22487490203171068
      no
   (1) can we show that 4 NL 5?
        a. margin 0.12467595104599671
      yes, 36, ags used 75 = 75
      Best assertion(s) require sample: 59

4 ruled out by pairs, sample size 74
STAGE 1 ASN NOW 85
NEW RULE OUT PAIR STAGE ASN 74
ALTERNATE OUTCOME PAIR: 2,5
   (1) can we show that 7 NL 5?
        a. margin 0.046120455778621894
      yes, 99, ags used 75 = 99
   (1) can we show that 7 NL 2?
        a. margin 0.02134201483089182
      yes, 64, ags used 85 = 85
   (1) can we show that 6 NL 5?
        a. margin 0.03213359860131404
      yes, 85, ags used 75 = 85
   (1) can we show that 6 NL 2?
        a. margin 0.032073310423825996
      yes, 44, ags used 43 = 44
   (1) can we show that 1 NL 5?
        a. margin 0.06245855187797722
      yes, 72, ags used 42 = 72
   (1) can we show that 1 NL 2?
        a. margin 0.05510339422439303
      yes, 35, ags used 43 = 43
   (1) can we show that 4 NL 5?
        a. margin 0.11400494363055413
      yes, 40, ags used 75 = 75
   (1) can we show that 4 NL 2?
        a. margin 0.03291734490866416
      yes, 40, ags used 43 = 43
   (1) can we show that 8 NL 5?
        a. margin 0.029842647856755278
      yes, 25, ags used 75 = 75
   (1) can we show that 8 NL 2?
        a. margin 0.10646892144450426
      yes, 42, ags used 25 = 42
      Best assertion(s) require sample: 42

ALTERNATE OUTCOME PAIR: 2,7
   (1) can we show that 5 NL 7?
        a. margin -0.33526255501296187
      no
   (1) can we show that 5 NL 2?
        a. margin 0.004280460601676639
      yes, 1836, ags used 155 = 1836
   (1) can we show that 6 NL 7?
        a. margin -0.14915295110628823
      no
   (1) can we show that 6 NL 2?
        a. margin 0.039307891722430766
      yes, 43, ags used 43 = 43
   (1) can we show that 1 NL 7?
        a. margin -0.12353047567371989
      no
   (1) can we show that 1 NL 2?
        a. margin 0.06209682281304385
      yes, 34, ags used 43 = 43
   (1) can we show that 4 NL 7?
        a. margin -0.11243745101585567
      no
   (1) can we show that 4 NL 2?
        a. margin 0.036233194670522995
      yes, 39, ags used 43 = 43
   (1) can we show that 8 NL 7?
        a. margin -0.03979019714234033
      no
   (1) can we show that 8 NL 2?
        a. margin 0.10966419485139034
      yes, 41, ags used 25 = 41
      Best assertion(s) require sample: 41

ALTERNATE OUTCOME PAIR: 2,6
   (1) can we show that 5 NL 6?
        a. margin -0.38307107976125887
      no
   (1) can we show that 5 NL 2?
        a. margin -0.0009043226623252076
      no
   (1) can we show that 7 NL 6?
        a. margin -0.2967384095978778
      no
   (1) can we show that 7 NL 2?
        a. margin 0.027672273467174158
      yes, 64, ags used 85 = 85
   (1) can we show that 1 NL 6?
        a. margin -0.05618858141918326
      no
   (1) can we show that 1 NL 2?
        a. margin 0.055465123289322626
      yes, 35, ags used 43 = 43
   (1) can we show that 4 NL 6?
        a. margin -0.22511605474166507
      no
   (1) can we show that 4 NL 2?
        a. margin 0.04461325134141325
      yes, 37, ags used 43 = 43
   (1) can we show that 8 NL 6?
        a. margin -0.14143606438777356
      no
   (1) can we show that 8 NL 2?
        a. margin 0.11466811358292728
      yes, 39, ags used 25 = 39
      Best assertion(s) require sample: 39

ALTERNATE OUTCOME PAIR: 2,1
   (1) can we show that 5 NL 1?
        a. margin -0.37637909206004705
      no
   (1) can we show that 5 NL 2?
        a. margin -0.0017483571471633708
      no
   (1) can we show that 7 NL 1?
        a. margin -0.2871525893772231
      no
   (1) can we show that 7 NL 2?
        a. margin 0.028456019774522057
      yes, 64, ags used 148 = 148
   (1) can we show that 6 NL 1?
        a. margin -0.07391330560077158
      no
   (1) can we show that 6 NL 2?
        a. margin 0.032615904021221276
      yes, 44, ags used 43 = 44
   (1) can we show that 4 NL 1?
        a. margin -0.2132392837764514
      no
   (1) can we show that 4 NL 2?
        a. margin 0.04461325134141214
      yes, 37, ags used 43 = 43
   (1) can we show that 8 NL 1?
        a. margin -0.13492494121902698
      no
   (1) can we show that 8 NL 2?
        a. margin 0.11539157171278713
      yes, 39, ags used 25 = 39
      Best assertion(s) require sample: 39

ALTERNATE OUTCOME PAIR: 2,4
   (1) can we show that 5 NL 4?
        a. margin -0.3107252667751855
      no
   (1) can we show that 5 NL 2?
        a. margin -0.020136251281124173
      no
   (1) can we show that 7 NL 4?
        a. margin -0.1593416531018269
      no
   (1) can we show that 7 NL 2?
        a. margin 0.026044492674985875
      yes, 59, ags used 85 = 85
   (1) can we show that 6 NL 4?
        a. margin -0.1514439018508471
      no
   (1) can we show that 6 NL 2?
        a. margin 0.04551757400373724
      yes, 41, ags used 43 = 43
   (1) can we show that 1 NL 4?
        a. margin -0.13106649785976943
      no
   (1) can we show that 1 NL 2?
        a. margin 0.06824621691686383
      yes, 33, ags used 43 = 43
   (1) can we show that 8 NL 4?
        a. margin -0.025562187255079416
      no
   (1) can we show that 8 NL 2?
        a. margin 0.11412551998553044
      yes, 39, ags used 25 = 39
      Best assertion(s) require sample: 39

ALTERNATE OUTCOME PAIR: 2,8
   (1) can we show that 5 NL 8?
        a. margin -0.43087960450955565
      no
   (1) can we show that 5 NL 2?
        a. margin -0.017483571471636594
      no
   (1) can we show that 7 NL 8?
        a. margin -0.2921565081087598
      no
   (1) can we show that 7 NL 2?
        a. margin 0.04889371194308634
      yes, 93, ags used 85 = 93
   (1) can we show that 6 NL 8?
        a. margin -0.22216193404473394
      no
   (1) can we show that 6 NL 2?
        a. margin 0.0446735395188973
      yes, 84, ags used 85 = 85
   (1) can we show that 1 NL 8?
        a. margin -0.20075963103635341
      no
   (1) can we show that 1 NL 2?
        a. margin 0.06788448785192891
      yes, 66, ags used 42 = 66
   (1) can we show that 4 NL 8?
        a. margin -0.2320491951528305
      no
   (1) can we show that 4 NL 2?
        a. margin 0.0417194188219665
      yes, 31, ags used 85 = 85
      Best assertion(s) require sample: 66

1 ruled out by pairs, sample size 66
STAGE 1 ASN NOW 33
NEW RULE OUT PAIR STAGE ASN 74
------------------------------------------------
Alternate outcome cannot be ruled out: 7,6
Alternate outcome cannot be ruled out: 7,1
Alternate outcome cannot be ruled out: 7,4
Alternate outcome cannot be ruled out: 7,8
Alternate outcome cannot be ruled out: 6,1
Alternate outcome cannot be ruled out: 6,4
Alternate outcome cannot be ruled out: 6,8
Alternate outcome cannot be ruled out: 1,4
Alternate outcome cannot be ruled out: 4,8
Full audit not possible
PARTIAL audit sample size: 74
------------------------------------------------
Final set of assertions generated:
8 NL 2 = 39 [rules out (2, 6), G = {2}, O = set()]
(7, 'AG', 1, 43)
1 NL 5 = 59 [rules out (5, 8), G = {2}, O = set()]
8 NL 2 = 39 [rules out (2, 4), G = {2}, O = set()]
1 NL 5 = 63 [rules out (5, 7), G = {2}, O = set()]
8 NL 2 = 41 [rules out (2, 7), G = {2}, O = set()]
8 NL 2 = 39 [rules out (2, 1), G = {2}, O = set()]
8 NL 2 = 42 [rules out (2, 5), G = {2}, O = set()]
1 NL 2 = 66 [rules out (2, 8), G = {2}, O = set()]
1 NL 5 = 67 [rules out (5, 4), G = {2}, O = set()]
1 NL 5 = 71 [rules out (5, 6), G = {2}, O = set()]
(7, 'AG', 2, 25)
(0, 'AG', 2, 42)
(3, 'AG', 2, 33)
8 NL 5 = 74 [rules out (5, 1), G = {1, 2}, O = set()]
[] are verified winners with these assertions.
[1, 4, 6, 7, 8] remain as potential winners in this audit.
------------------------------------------------
