VALID BALLOTS 5452
Winner 3
Winner 4
Computing AG relationships
8 AG 5 = 127
8 AG 2 = 384
9 AG 5 = 64
9 AG 1 = 147
3 AG 5 = 42
3 AG 1 = 67
3 AG 2 = 2935
3 AG 7 = 269
6 AG 5 = 32
6 AG 1 = 51
6 AG 2 = 593
4 AG 5 = 77
4 AG 1 = 240
4 AG 2 = 114
Ruling out candidates: [(5, 42), (1, 67), (2, 384)]
STAGE 1 ASN (Ruling out candidates): 384
ALTERNATE OUTCOME PAIR: 7,8
   (1) can we show that 9 NL 8?
        a. margin -0.14649058449498598
      no
   (1) can we show that 9 NL 7?
        a. margin 0.015590608950844853
      yes, 291, ags used 269 = 291
   (1) can we show that 3 NL 8?
        a. margin -0.10846172658351616
      no
   (1) can we show that 3 NL 7?
        a. margin 0.022071411102957184
      yes, 178, ags used 67 = 178
   (1) can we show that 6 NL 8?
        a. margin -0.10204206407434513
      no
   (1) can we show that 6 NL 7?
        a. margin 0.008681829298113897
      yes, 268, ags used 51 = 268
   (1) can we show that 4 NL 8?
        a. margin -0.025678650036685124
      no
   (1) can we show that 4 NL 7?
        a. margin 0.030202983614575407
      yes, 151, ags used 269 = 269
      Best assertion(s) require sample: 178

ALTERNATE OUTCOME PAIR: 7,9
   (1) can we show that 8 NL 9?
        a. margin -0.23997309855710358
      no
   (1) can we show that 8 NL 7?
        a. margin 0.0033626803619442036
      yes, 524, ags used 384 = 524
   (1) can we show that 3 NL 9?
        a. margin -0.06211787723159823
      no
   (1) can we show that 3 NL 7?
        a. margin 0.022010271460013442
      yes, 178, ags used 67 = 178
   (1) can we show that 6 NL 9?
        a. margin -0.14649058449498575
      no
   (1) can we show that 6 NL 7?
        a. margin 0.013145023233062103
      yes, 212, ags used 51 = 212
   (1) can we show that 4 NL 9?
        a. margin -0.21643433602347661
      no
   (1) can we show that 4 NL 7?
        a. margin 0.03448275862068706
      yes, 132, ags used 269 = 269
      Best assertion(s) require sample: 178

ALTERNATE OUTCOME PAIR: 7,3
   (1) can we show that 8 NL 3?
        a. margin -0.2730496453900707
      no
   (1) can we show that 8 NL 7?
        a. margin -0.07000489117143549
      no
   (1) can we show that 9 NL 3?
        a. margin -0.15804597701149448
      no
   (1) can we show that 9 NL 7?
        a. margin -0.014551235020787368
      no
   (1) can we show that 6 NL 3?
        a. margin -0.1820127170457314
      no
   (1) can we show that 6 NL 7?
        a. margin 0.01638542430912171
      yes, 185, ags used 51 = 185
   (1) can we show that 4 NL 3?
        a. margin -0.24303008070432752
      no
   (1) can we show that 4 NL 7?
        a. margin -0.04181951577402787
      no
      Best assertion(s) require sample: 185

ALTERNATE OUTCOME PAIR: 7,6
   (1) can we show that 8 NL 6?
        a. margin -0.16562729273661003
      no
   (1) can we show that 8 NL 7?
        a. margin 0.01149425287356487
      yes, 253, ags used 384 = 384
   (1) can we show that 9 NL 6?
        a. margin -0.10999021765712846
      no
   (1) can we show that 9 NL 7?
        a. margin 0.02274394717534922
      yes, 200, ags used 269 = 269
   (1) can we show that 3 NL 6?
        a. margin -0.06719246759598874
      no
   (1) can we show that 3 NL 7?
        a. margin 0.029897285399853812
      yes, 136, ags used 67 = 136
   (1) can we show that 4 NL 6?
        a. margin -0.1359134262655899
      no
   (1) can we show that 4 NL 7?
        a. margin 0.04236977256052965
      yes, 107, ags used 269 = 269
      Best assertion(s) require sample: 136

ALTERNATE OUTCOME PAIR: 7,4
   (1) can we show that 8 NL 4?
        a. margin -0.08773538762533573
      no
   (1) can we show that 8 NL 7?
        a. margin 0.0063585228662264015
      yes, 893, ags used 384 = 893
   (1) can we show that 9 NL 4?
        a. margin -0.1683785766691116
      no
   (1) can we show that 9 NL 7?
        a. margin 0.016568843237954933
      yes, 274, ags used 269 = 274
   (1) can we show that 3 NL 4?
        a. margin -0.12130105160185811
      no
   (1) can we show that 3 NL 7?
        a. margin 0.023110785033016334
      yes, 171, ags used 67 = 171
   (1) can we show that 6 NL 4?
        a. margin -0.12912692589875197
      no
   (1) can we show that 6 NL 7?
        a. margin 0.00935436537050549
      yes, 258, ags used 51 = 258
      Best assertion(s) require sample: 171

ALTERNATE OUTCOME PAIR: 8,9
   (1) can we show that 7 NL 9?
        a. margin -0.31755930545365496
      no
   (1) can we show that 7 NL 8?
        a. margin -0.24957202249938737
      no
   (1) can we show that 3 NL 9?
        a. margin -0.038028857911471925
      no
   (1) can we show that 3 NL 8?
        a. margin -0.08333333333333459
      no
   (1) can we show that 6 NL 9?
        a. margin -0.14612374663732242
      no
   (1) can we show that 6 NL 8?
        a. margin -0.09843482514062352
      no
   (1) can we show that 4 NL 9?
        a. margin -0.2249938860357058
      no
   (1) can we show that 4 NL 8?
        a. margin -0.022805086818295073
      no

ALTERNATE OUTCOME PAIR: 8,3
   (1) can we show that 7 NL 3?
        a. margin -0.3513695280019551
      no
   (1) can we show that 7 NL 8?
        a. margin -0.2511616532159453
      no
   (1) can we show that 9 NL 3?
        a. margin -0.15981902665688308
      no
   (1) can we show that 9 NL 8?
        a. margin -0.14685742235265353
      no
   (1) can we show that 6 NL 3?
        a. margin -0.1827463927610654
      no
   (1) can we show that 6 NL 8?
        a. margin -0.09977989728539982
      no
   (1) can we show that 4 NL 3?
        a. margin -0.2528735632183905
      no
   (1) can we show that 4 NL 8?
        a. margin -0.024700415749572047
      no

ALTERNATE OUTCOME PAIR: 8,6
   (1) can we show that 7 NL 6?
        a. margin -0.2328808999755434
      no
   (1) can we show that 7 NL 8?
        a. margin -0.2544020542920029
      no
   (1) can we show that 9 NL 6?
        a. margin -0.11225238444607433
      no
   (1) can we show that 9 NL 8?
        a. margin -0.14746881878209828
      no
   (1) can we show that 3 NL 6?
        a. margin -0.04542675470775237
      no
   (1) can we show that 3 NL 8?
        a. margin -0.08516752262166749
      no
   (1) can we show that 4 NL 6?
        a. margin -0.13982636341403742
      no
   (1) can we show that 4 NL 8?
        a. margin -0.026290046466128203
      no

ALTERNATE OUTCOME PAIR: 8,4
   (1) can we show that 7 NL 4?
        a. margin -0.23758865248226724
      no
   (1) can we show that 7 NL 8?
        a. margin -0.21203228173147604
      no
   (1) can we show that 9 NL 4?
        a. margin -0.13047199804352905
      no
   (1) can we show that 9 NL 8?
        a. margin -0.10509904622157118
      no
   (1) can we show that 3 NL 4?
        a. margin -0.058938615798482696
      no
   (1) can we show that 3 NL 8?
        a. margin -0.04383712399119355
      no
   (1) can we show that 6 NL 4?
        a. margin -0.090975788701393
      no
   (1) can we show that 6 NL 8?
        a. margin -0.06089508437270841
      no

ALTERNATE OUTCOME PAIR: 9,3
   (1) can we show that 7 NL 3?
        a. margin -0.32293959403276895
      no
   (1) can we show that 7 NL 9?
        a. margin -0.2876620200538026
      no
   (1) can we show that 8 NL 3?
        a. margin -0.24620934213744006
      no
   (1) can we show that 8 NL 9?
        a. margin -0.20885302029836106
      no
   (1) can we show that 6 NL 3?
        a. margin -0.15572267057960787
      no
   (1) can we show that 6 NL 9?
        a. margin -0.11647101980924401
      no
   (1) can we show that 4 NL 3?
        a. margin -0.21594521887992135
      no
   (1) can we show that 4 NL 9?
        a. margin -0.18678160919540188
      no

ALTERNATE OUTCOME PAIR: 9,6
   (1) can we show that 7 NL 6?
        a. margin -0.22584984103692807
      no
   (1) can we show that 7 NL 9?
        a. margin -0.3072878454389827
      no
   (1) can we show that 8 NL 6?
        a. margin -0.1601858645145533
      no
   (1) can we show that 8 NL 9?
        a. margin -0.22872340425531867
      no
   (1) can we show that 3 NL 6?
        a. margin -0.04292002934702943
      no
   (1) can we show that 3 NL 9?
        a. margin -0.031181217901687597
      no
   (1) can we show that 4 NL 6?
        a. margin -0.13083883590120016
      no
   (1) can we show that 4 NL 9?
        a. margin -0.20555147957935693
      no

ALTERNATE OUTCOME PAIR: 9,4
   (1) can we show that 7 NL 4?
        a. margin -0.2730496453900696
      no
   (1) can we show that 7 NL 9?
        a. margin -0.3166422108094893
      no
   (1) can we show that 8 NL 4?
        a. margin -0.08528980190755908
      no
   (1) can we show that 8 NL 9?
        a. margin -0.24804353142577662
      no
   (1) can we show that 3 NL 4?
        a. margin -0.09782342871117744
      no
   (1) can we show that 3 NL 9?
        a. margin -0.039373930056247564
      no
   (1) can we show that 6 NL 4?
        a. margin -0.12619222303741995
      no
   (1) can we show that 6 NL 9?
        a. margin -0.14545121056493093
      no

ALTERNATE OUTCOME PAIR: 3,6
   (1) can we show that 7 NL 6?
        a. margin -0.225421863536317
      no
   (1) can we show that 7 NL 3?
        a. margin -0.3413426265590619
      no
   (1) can we show that 8 NL 6?
        a. margin -0.15932990951332837
      no
   (1) can we show that 8 NL 3?
        a. margin -0.2641232575201773
      no
   (1) can we show that 9 NL 6?
        a. margin -0.10815602836879434
      no
   (1) can we show that 9 NL 3?
        a. margin -0.1527879677182694
      no
   (1) can we show that 4 NL 6?
        a. margin -0.13041085840058697
      no
   (1) can we show that 4 NL 3?
        a. margin -0.23416483247737607
      no

ALTERNATE OUTCOME PAIR: 6,4
   (1) can we show that 7 NL 4?
        a. margin -0.2769014428955736
      no
   (1) can we show that 7 NL 6?
        a. margin -0.23190266568843299
      no
   (1) can we show that 8 NL 4?
        a. margin -0.08663487405233561
      no
   (1) can we show that 8 NL 6?
        a. margin -0.16917339202739068
      no
   (1) can we show that 9 NL 4?
        a. margin -0.16978478845683564
      no
   (1) can we show that 9 NL 6?
        a. margin -0.11170212765957477
      no
   (1) can we show that 3 NL 4?
        a. margin -0.09855710442650978
      no
   (1) can we show that 3 NL 6?
        a. margin -0.044937637564196
      no

RULE OUT PAIR STAGE ASN 185
------------------------------------------------
EXAMINING WAYS TO REDUCE COST OF AUDIT
ALTERNATE OUTCOME PAIR: 2,7
   (1) can we show that 8 NL 7?
        a. margin -0.001100513573000561
      no
   (1) can we show that 8 NL 2?
        a. margin 0.014734653949621812
      yes, 145, ags used 127 = 145
   (1) can we show that 9 NL 7?
        a. margin 0.011249694301785462
      yes, 457, ags used 269 = 457
   (1) can we show that 9 NL 2?
        a. margin 0.08553436047933549
      yes, 53, ags used 114 = 114
   (1) can we show that 3 NL 7?
        a. margin 0.01736365859623379
      yes, 218, ags used 67 = 218
   (1) can we show that 3 NL 2?
        a. margin 0.005441428222059175
      yes, 37, ags used 114 = 114
   (1) can we show that 6 NL 7?
        a. margin 0.0018953289312790833
      yes, 45, ags used 269 = 269
   (1) can we show that 6 NL 2?
        a. margin 0.011799951088284688
      yes, 30, ags used 114 = 114
   (1) can we show that 4 NL 7?
        a. margin 0.024272438248960748
      yes, 187, ags used 269 = 269
   (1) can we show that 4 NL 2?
        a. margin 0.042920029347028654
      yes, 106, ags used 77 = 106
      Best assertion(s) require sample: 106

ALTERNATE OUTCOME PAIR: 2,8
   (1) can we show that 7 NL 8?
        a. margin -0.2524455857177793
      no
   (1) can we show that 7 NL 2?
        a. margin 0.01363414037662225
      yes, 332, ags used 593 = 593
   (1) can we show that 9 NL 8?
        a. margin -0.1456346294937637
      no
   (1) can we show that 9 NL 2?
        a. margin 0.08559550012228123
      yes, 53, ags used 114 = 114
   (1) can we show that 3 NL 8?
        a. margin -0.0890804597701148
      no
   (1) can we show that 3 NL 2?
        a. margin 0.02280508681828919
      yes, 37, ags used 114 = 114
   (1) can we show that 6 NL 8?
        a. margin -0.10424309122034725
      no
   (1) can we show that 6 NL 2?
        a. margin 0.029652726828071296
      yes, 30, ags used 114 = 114
   (1) can we show that 4 NL 8?
        a. margin -0.031609195402298784
      no
   (1) can we show that 4 NL 2?
        a. margin 0.04236977256052721
      yes, 107, ags used 77 = 107
      Best assertion(s) require sample: 107

ALTERNATE OUTCOME PAIR: 2,9
   (1) can we show that 7 NL 9?
        a. margin -0.3231841526045488
      no
   (1) can we show that 7 NL 2?
        a. margin 0.023233064318902263
      yes, 196, ags used 593 = 593
   (1) can we show that 8 NL 9?
        a. margin -0.2546466128637809
      no
   (1) can we show that 8 NL 2?
        a. margin 0.01828075324039813
      yes, 131, ags used 127 = 131
   (1) can we show that 3 NL 9?
        a. margin -0.04817803864025427
      no
   (1) can we show that 3 NL 2?
        a. margin 0.005196869650280211
      yes, 37, ags used 114 = 114
   (1) can we show that 6 NL 9?
        a. margin -0.15676204450965991
      no
   (1) can we show that 6 NL 2?
        a. margin 0.01497921252139589
      yes, 29, ags used 114 = 114
   (1) can we show that 4 NL 9?
        a. margin -0.23043531425776465
      no
   (1) can we show that 4 NL 2?
        a. margin 0.04609929078013941
      yes, 98, ags used 77 = 98
      Best assertion(s) require sample: 98

ALTERNATE OUTCOME PAIR: 2,3
   (1) can we show that 7 NL 3?
        a. margin -0.35705551479579356
      no
   (1) can we show that 7 NL 2?
        a. margin 0.02353876253362719
      yes, 193, ags used 593 = 593
   (1) can we show that 8 NL 3?
        a. margin -0.2888236732697481
      no
   (1) can we show that 8 NL 2?
        a. margin 0.019136708241624056
      yes, 129, ags used 127 = 129
   (1) can we show that 9 NL 3?
        a. margin -0.16483247737833218
      no
   (1) can we show that 9 NL 2?
        a. margin 0.08626803619466861
      yes, 53, ags used 114 = 114
   (1) can we show that 6 NL 3?
        a. margin -0.19362924920518465
      no
   (1) can we show that 6 NL 2?
        a. margin 0.015346050379066112
      yes, 29, ags used 114 = 114
   (1) can we show that 4 NL 3?
        a. margin -0.25813157251161645
      no
   (1) can we show that 4 NL 2?
        a. margin 0.046588407923698005
      yes, 97, ags used 77 = 97
      Best assertion(s) require sample: 97

ALTERNATE OUTCOME PAIR: 2,6
   (1) can we show that 7 NL 6?
        a. margin -0.2342259721203228
      no
   (1) can we show that 7 NL 2?
        a. margin 0.029408168256297662
      yes, 155, ags used 2935 = 2935
   (1) can we show that 8 NL 6?
        a. margin -0.17589875275128397
      no
   (1) can we show that 8 NL 2?
        a. margin 0.021398875030571807
      yes, 120, ags used 114 = 120
   (1) can we show that 9 NL 6?
        a. margin -0.11316947909024211
      no
   (1) can we show that 9 NL 2?
        a. margin 0.09018097334311648
      yes, 50, ags used 114 = 114
   (1) can we show that 3 NL 6?
        a. margin -0.05160185864514544
      no
   (1) can we show that 3 NL 2?
        a. margin 0.009415505013451453
      yes, 35, ags used 114 = 114
   (1) can we show that 4 NL 6?
        a. margin -0.14532893127904145
      no
   (1) can we show that 4 NL 2?
        a. margin 0.049584250427979315
      yes, 91, ags used 77 = 91
      Best assertion(s) require sample: 91

ALTERNATE OUTCOME PAIR: 2,4
   (1) can we show that 7 NL 4?
        a. margin -0.27629004646612854
      no
   (1) can we show that 7 NL 2?
        a. margin 0.009843482514060975
      yes, 521, ags used 593 = 593
   (1) can we show that 8 NL 4?
        a. margin -0.09470530692100754
      no
   (1) can we show that 8 NL 2?
        a. margin 0.015101491807287593
      yes, 293, ags used 127 = 293
   (1) can we show that 9 NL 4?
        a. margin -0.16911225238444605
      no
   (1) can we show that 9 NL 2?
        a. margin 0.08333333333333237
      yes, 54, ags used 384 = 384
   (1) can we show that 3 NL 4?
        a. margin -0.10308143800440206
      no
   (1) can we show that 3 NL 2?
        a. margin 0.022193690388849996
      yes, 177, ags used 67 = 177
   (1) can we show that 6 NL 4?
        a. margin -0.13279530447542187
      no
   (1) can we show that 6 NL 2?
        a. margin 0.029958425042796444
      yes, 119, ags used 51 = 119
      Best assertion(s) require sample: 119

1 ruled out by pairs, sample size 119
STAGE 1 ASN NOW 67
NEW RULE OUT PAIR STAGE ASN 185
------------------------------------------------
Alternate outcome cannot be ruled out: 8,9
Alternate outcome cannot be ruled out: 8,3
Alternate outcome cannot be ruled out: 8,6
Alternate outcome cannot be ruled out: 8,4
Alternate outcome cannot be ruled out: 9,3
Alternate outcome cannot be ruled out: 9,6
Alternate outcome cannot be ruled out: 9,4
Alternate outcome cannot be ruled out: 3,6
Alternate outcome cannot be ruled out: 6,4
Full audit not possible
PARTIAL audit sample size: 185
------------------------------------------------
Final set of assertions generated:
4 NL 2 = 98 [rules out (2, 9), G = {4}, O = set()]
4 NL 2 = 107 [rules out (2, 8), G = {4}, O = set()]
3 NL 7 = 178 [rules out (7, 8), G = {0, 4}, O = set()]
3 NL 7 = 178 [rules out (7, 9), G = {0, 4}, O = set()]
6 NL 2 = 119 [rules out (2, 4), G = {0, 4}, O = set()]
6 NL 7 = 185 [rules out (7, 3), G = {0, 4}, O = set()]
(2, 'AG', 4, 42)
4 NL 2 = 106 [rules out (2, 7), G = {4}, O = set()]
3 NL 7 = 171 [rules out (7, 4), G = {0, 4}, O = set()]
4 NL 2 = 91 [rules out (2, 6), G = {4}, O = set()]
(5, 'AG', 4, 32)
(2, 'AG', 0, 67)
(5, 'AG', 0, 51)
4 NL 2 = 97 [rules out (2, 3), G = {4}, O = set()]
3 NL 7 = 136 [rules out (7, 6), G = {0, 4}, O = set()]
(3, 'AG', 4, 77)
[] are verified winners with these assertions.
[3, 4, 6, 8, 9] remain as potential winners in this audit.
------------------------------------------------
