VALID BALLOTS 5439
Winner 1
Winner 3
Computing AG relationships
1 AG 7 = 26
1 AG 4 = 25
1 AG 6 = 37
1 AG 2 = 53
3 AG 7 = 37
3 AG 4 = 882
3 AG 5 = 48
3 AG 2 = 59
Ruling out candidates: [(7, 37), (4, 882), (2, 59)]
STAGE 1 ASN (Ruling out candidates): 882
ALTERNATE OUTCOME PAIR: 5,6
   (1) can we show that 1 NL 6?
        a. margin 0.12391983820555152
      yes, 34, ags used 26 = 34
   (1) can we show that 1 NL 5?
        a. margin 0.22332536618250853
      yes, 20, ags used 48 = 48
   (1) can we show that 3 NL 6?
        a. margin 0.1067598210455345
      yes, 42, ags used 37 = 42
   (1) can we show that 3 NL 5?
        a. margin 0.10210210210210113
      yes, 43, ags used 37 = 43
      Best assertion(s) require sample: 34

ALTERNATE OUTCOME PAIR: 5,1
   (1) can we show that 6 NL 1?
        a. margin -0.2525586811301094
      no
   (1) can we show that 6 NL 5?
        a. margin 0.040877612306183586
      yes, 111, ags used 48 = 111
   (1) can we show that 3 NL 1?
        a. margin -0.15088557945700787
      no
   (1) can we show that 3 NL 5?
        a. margin 0.10792425078139334
      yes, 40, ags used 37 = 40
      Best assertion(s) require sample: 40

ALTERNATE OUTCOME PAIR: 5,3
   (1) can we show that 6 NL 3?
        a. margin -0.268921983207697
      no
   (1) can we show that 6 NL 5?
        a. margin -0.1500888643745778
      no
   (1) can we show that 1 NL 3?
        a. margin 0.07525893240178871
      yes, 53, ags used 53 = 53
   (1) can we show that 1 NL 5?
        a. margin 0.03585217870931978
      yes, 24, ags used 37 = 37
      Best assertion(s) require sample: 37

ALTERNATE OUTCOME PAIR: 6,1
   (1) can we show that 5 NL 1?
        a. margin -0.387877673591958
      no
   (1) can we show that 5 NL 6?
        a. margin -0.29043329043329036
      no
   (1) can we show that 3 NL 1?
        a. margin -0.037016608445182175
      no
   (1) can we show that 3 NL 6?
        a. margin 0.03928418214132501
      yes, 116, ags used 59 = 116
      Best assertion(s) require sample: 116

ALTERNATE OUTCOME PAIR: 6,3
   (1) can we show that 5 NL 3?
        a. margin -0.36998222712508344
      no
   (1) can we show that 5 NL 6?
        a. margin -0.09241894956180641
      no
   (1) can we show that 1 NL 3?
        a. margin -0.07170435741864378
      no
   (1) can we show that 1 NL 6?
        a. margin 0.12771955629098364
      yes, 33, ags used 26 = 33
      Best assertion(s) require sample: 33

RULE OUT PAIR STAGE ASN 116
------------------------------------------------
EXAMINING WAYS TO REDUCE COST OF AUDIT
ALTERNATE OUTCOME PAIR: 4,5
   (1) can we show that 6 NL 5?
        a. margin 0.03983575412146889
      yes, 114, ags used 48 = 114
   (1) can we show that 6 NL 4?
        a. margin 0.02592388306674076
      yes, 175, ags used 25 = 175
   (1) can we show that 1 NL 5?
        a. margin 0.09879267022124072
      yes, 46, ags used 37 = 46
   (1) can we show that 1 NL 4?
        a. margin 0.18385732671446875
      yes, 24, ags used 0 = 24
   (1) can we show that 3 NL 5?
        a. margin 0.09732181160752518
      yes, 45, ags used 37 = 45
   (1) can we show that 3 NL 4?
        a. margin 0.007047864190720787
      yes, 23, ags used 25 = 25
      Best assertion(s) require sample: 24

ALTERNATE OUTCOME PAIR: 4,6
   (1) can we show that 5 NL 6?
        a. margin -0.09088680517251868
      no
   (1) can we show that 5 NL 4?
        a. margin 0.006189863332719092
      yes, 916, ags used 882 = 916
   (1) can we show that 1 NL 6?
        a. margin 0.125145553716981
      yes, 36, ags used 26 = 36
   (1) can we show that 1 NL 4?
        a. margin 0.18177361034503803
      yes, 25, ags used 0 = 25
   (1) can we show that 3 NL 6?
        a. margin 0.10890482319053785
      yes, 42, ags used 37 = 42
   (1) can we show that 3 NL 4?
        a. margin 0.028068885211741
      yes, 23, ags used 25 = 25
      Best assertion(s) require sample: 25

ALTERNATE OUTCOME PAIR: 4,1
   (1) can we show that 5 NL 1?
        a. margin -0.42667156952871166
      no
   (1) can we show that 5 NL 4?
        a. margin -0.13783170926028054
      no
   (1) can we show that 6 NL 1?
        a. margin -0.25157810872096587
      no
   (1) can we show that 6 NL 4?
        a. margin 0.06986578415149847
      yes, 65, ags used 882 = 882
   (1) can we show that 3 NL 1?
        a. margin -0.09070294784580446
      no
   (1) can we show that 3 NL 4?
        a. margin 0.04847704847704826
      yes, 42, ags used 48 = 48
      Best assertion(s) require sample: 48

ALTERNATE OUTCOME PAIR: 4,3
   (1) can we show that 5 NL 3?
        a. margin -0.37758166329594944
      no
   (1) can we show that 5 NL 4?
        a. margin -0.006864006864006678
      no
   (1) can we show that 6 NL 3?
        a. margin -0.28412085554942634
      no
   (1) can we show that 6 NL 4?
        a. margin 0.005577005577006355
      yes, 134, ags used 25 = 134
   (1) can we show that 1 NL 3?
        a. margin 0.041122755408470324
      yes, 93, ags used 53 = 93
   (1) can we show that 1 NL 4?
        a. margin 0.19231476374333378
      yes, 23, ags used 0 = 23
      Best assertion(s) require sample: 23

3 ruled out by pairs, sample size 48
STAGE 1 ASN NOW 59
NEW RULE OUT PAIR STAGE ASN 116
------------------------------------------------
FULL audit sample size: 116
------------------------------------------------
Final set of assertions generated:
3 NL 4 = 48 [rules out (4, 1), G = {4, 6}, O = set()]
3 NL 5 = 40 [rules out (5, 1), G = {6}, O = set()]
(0, 'AG', 6, 26)
1 NL 6 = 34 [rules out (5, 6), G = {3, 6}, O = set()]

1 NL 4 = 24 [rules out (4, 5), G = set(), O = set()]
(2, 'AG', 6, 37)
(2, 'AG', 1, 59)
(0, 'AG', 3, 25)
1 NL 4 = 23 [rules out (4, 3), G = set(), O = set()]
1 NL 5 = 37 [rules out (5, 3), G = {3, 5, 6}, O = set()]
(2, 'AG', 4, 48)
3 NL 6 = 116 [rules out (6, 1), G = {1, 4, 6}, O = set()]
1 NL 6 = 33 [rules out (6, 3), G = {3, 6}, O = set()]
(0, 'AG', 5, 37)
1 NL 4 = 25 [rules out (4, 6), G = set(), O = set()]
(0, 'AG', 1, 53)
All winners are verified in audit.
------------------------------------------------
