VALID BALLOTS 5352
Winner 1
Winner 2
Computing AG relationships
3 AG 7 = 1389
1 AG 7 = 36
1 AG 6 = 77
1 AG 3 = 101
2 AG 6 = 117
Ruling out candidates: [(7, 1389), (6, 117)]
STAGE 1 ASN (Ruling out candidates): 1389
ALTERNATE OUTCOME PAIR: 5,3
   (1) can we show that 1 NL 3?
        a. margin 0.051382660687592674
      yes, 77, ags used 77 = 77
   (1) can we show that 1 NL 5?
        a. margin -0.13172645739910283
      no
   (1) can we show that 2 NL 3?
        a. margin 0.04303687095166864
      yes, 106, ags used 101 = 106
   (1) can we show that 2 NL 5?
        a. margin -0.0372446437468853
      no
   (1) can we show that 2 NL 3?
        a. margin 0.04303687095166864
      yes, 106, ags used 101 = 106
   (1) can we show that 2 NL 5?
        a. margin -0.0372446437468853
      no
      Best assertion(s) require sample: 77

ALTERNATE OUTCOME PAIR: 5,1
   (1) can we show that 3 NL 1?
        a. margin -0.18703288490283954
      no
   (1) can we show that 3 NL 5?
        a. margin -0.2561659192825114
      no
   (1) can we show that 2 NL 1?
        a. margin -0.2036621823617336
      no
   (1) can we show that 2 NL 5?
        a. margin -0.03431738913801696
      no
   (1) can we show that 2 NL 1?
        a. margin -0.2036621823617336
      no
   (1) can we show that 2 NL 5?
        a. margin -0.03431738913801696
      no

ALTERNATE OUTCOME PAIR: 5,2
   (1) can we show that 3 NL 2?
        a. margin -0.2524289985052307
      no
   (1) can we show that 3 NL 5?
        a. margin -0.20416043846537146
      no
   (1) can we show that 1 NL 2?
        a. margin 0.008158943697058385
      yes, 548, ags used 101 = 548
   (1) can we show that 1 NL 5?
        a. margin 0.047708021923269284
      yes, 95, ags used 101 = 101
      Best assertion(s) require sample: 101

ALTERNATE OUTCOME PAIR: 5,2
   (1) can we show that 3 NL 2?
        a. margin -0.2524289985052307
      no
   (1) can we show that 3 NL 5?
        a. margin -0.20416043846537146
      no
   (1) can we show that 1 NL 2?
        a. margin 0.008158943697058385
      yes, 548, ags used 101 = 548
   (1) can we show that 1 NL 5?
        a. margin 0.047708021923269284
      yes, 95, ags used 101 = 101
      Best assertion(s) require sample: 101

ALTERNATE OUTCOME PAIR: 3,1
   (1) can we show that 5 NL 1?
        a. margin -0.2524912805181867
      no
   (1) can we show that 5 NL 3?
        a. margin -0.20696312904833092
      no
   (1) can we show that 2 NL 1?
        a. margin -0.16361484803188764
      no
   (1) can we show that 2 NL 3?
        a. margin -0.11578226208271059
      no
   (1) can we show that 2 NL 1?
        a. margin -0.16361484803188764
      no
   (1) can we show that 2 NL 3?
        a. margin -0.11578226208271059
      no

ALTERNATE OUTCOME PAIR: 3,2
   (1) can we show that 5 NL 2?
        a. margin -0.23418036870951697
      no
   (1) can we show that 5 NL 3?
        a. margin -0.036310413552566145
      no
   (1) can we show that 1 NL 2?
        a. margin -0.1509093173891376
      no
   (1) can we show that 1 NL 3?
        a. margin 0.05287742899850589
      yes, 75, ags used 77 = 77
      Best assertion(s) require sample: 77

ALTERNATE OUTCOME PAIR: 3,2
   (1) can we show that 5 NL 2?
        a. margin -0.23418036870951697
      no
   (1) can we show that 5 NL 3?
        a. margin -0.036310413552566145
      no
   (1) can we show that 1 NL 2?
        a. margin -0.1509093173891376
      no
   (1) can we show that 1 NL 3?
        a. margin 0.05287742899850589
      yes, 75, ags used 77 = 77
      Best assertion(s) require sample: 77

RULE OUT PAIR STAGE ASN 101
------------------------------------------------
EXAMINING WAYS TO REDUCE COST OF AUDIT
ALTERNATE OUTCOME PAIR: 7,5
   (1) can we show that 3 NL 5?
        a. margin -0.26002740408569947
      no
   (1) can we show that 3 NL 7?
        a. margin 0.01264324862979449
      yes, 187, ags used 36 = 187
   (1) can we show that 1 NL 5?
        a. margin -0.016193323368212553
      no
   (1) can we show that 1 NL 7?
        a. margin 0.13334578973592315
      yes, 34, ags used 0 = 34
   (1) can we show that 2 NL 5?
        a. margin -0.04459392127553652
      no
   (1) can we show that 2 NL 7?
        a. margin 0.14399601395117045
      yes, 31, ags used 36 = 36
   (1) can we show that 2 NL 5?
        a. margin -0.04459392127553652
      no
   (1) can we show that 2 NL 7?
        a. margin 0.14399601395117045
      yes, 31, ags used 36 = 36
      Best assertion(s) require sample: 34

ALTERNATE OUTCOME PAIR: 7,3
   (1) can we show that 5 NL 3?
        a. margin -0.037680617837568264
      no
   (1) can we show that 5 NL 7?
        a. margin 0.0640881913303446
      yes, 71, ags used 36 = 71
   (1) can we show that 1 NL 3?
        a. margin 0.04664922770303859
      yes, 96, ags used 77 = 96
   (1) can we show that 1 NL 7?
        a. margin 0.12705530642750307
      yes, 36, ags used 0 = 36
   (1) can we show that 2 NL 3?
        a. margin 0.04253861484803112
      yes, 107, ags used 101 = 107
   (1) can we show that 2 NL 7?
        a. margin 0.013266068759342886
      yes, 31, ags used 36 = 36
   (1) can we show that 2 NL 3?
        a. margin 0.04253861484803112
      yes, 107, ags used 101 = 107
   (1) can we show that 2 NL 7?
        a. margin 0.013266068759342886
      yes, 31, ags used 36 = 36
      Best assertion(s) require sample: 36

ALTERNATE OUTCOME PAIR: 7,1
   (1) can we show that 5 NL 1?
        a. margin -0.2914798206278023
      no
   (1) can we show that 5 NL 7?
        a. margin 0.06141006477329336
      yes, 74, ags used 1389 = 1389
   (1) can we show that 3 NL 1?
        a. margin -0.1936347782760348
      no
   (1) can we show that 3 NL 7?
        a. margin 0.007660687593422866
      yes, 582, ags used 0 = 582
   (1) can we show that 2 NL 1?
        a. margin -0.20254110612855092
      no
   (1) can we show that 2 NL 7?
        a. margin 0.026594419531639213
      yes, 155, ags used 117 = 155
   (1) can we show that 2 NL 1?
        a. margin -0.20254110612855092
      no
   (1) can we show that 2 NL 7?
        a. margin 0.026594419531639213
      yes, 155, ags used 117 = 155
      Best assertion(s) require sample: 155

ALTERNATE OUTCOME PAIR: 7,2
   (1) can we show that 5 NL 2?
        a. margin -0.24252615844544057
      no
   (1) can we show that 5 NL 7?
        a. margin 0.06415047334329849
      yes, 71, ags used 36 = 71
   (1) can we show that 3 NL 2?
        a. margin -0.2881788739412051
      no
   (1) can we show that 3 NL 7?
        a. margin 0.014947683109117982
      yes, 172, ags used 36 = 172
   (1) can we show that 1 NL 2?
        a. margin -0.035625311410065974
      no
   (1) can we show that 1 NL 7?
        a. margin 0.13602391629297483
      yes, 33, ags used 0 = 33
      Best assertion(s) require sample: 33

ALTERNATE OUTCOME PAIR: 7,2
   (1) can we show that 5 NL 2?
        a. margin -0.24252615844544057
      no
   (1) can we show that 5 NL 7?
        a. margin 0.06415047334329849
      yes, 71, ags used 36 = 71
   (1) can we show that 3 NL 2?
        a. margin -0.2881788739412051
      no
   (1) can we show that 3 NL 7?
        a. margin 0.014947683109117982
      yes, 172, ags used 36 = 172
   (1) can we show that 1 NL 2?
        a. margin -0.035625311410065974
      no
   (1) can we show that 1 NL 7?
        a. margin 0.13602391629297483
      yes, 33, ags used 0 = 33
      Best assertion(s) require sample: 33

6 ruled out by pairs, sample size 155
STAGE 1 ASN NOW 117
NEW RULE OUT PAIR STAGE ASN 155
------------------------------------------------
Alternate outcome cannot be ruled out: 5,1
Alternate outcome cannot be ruled out: 3,1
Full audit not possible
PARTIAL audit sample size: 155
------------------------------------------------
Final set of assertions generated:
1 NL 5 = 101 [rules out (5, 2), G = {2, 5, 6}, O = set()]
(1, 'AG', 5, 117)
1 NL 7 = 34 [rules out (7, 5), G = set(), O = set()]
1 NL 7 = 33 [rules out (7, 2), G = set(), O = set()]
1 NL 3 = 77 [rules out (5, 3), G = {5, 6}, O = set()]

(0, 'AG', 2, 101)
(0, 'AG', 5, 77)
1 NL 3 = 77 [rules out (3, 2), G = {5, 6}, O = set()]
1 NL 7 = 36 [rules out (7, 3), G = set(), O = set()]
(0, 'AG', 6, 36)
2 NL 7 = 155 [rules out (7, 1), G = {5}, O = set()]
[1] are verified winners with these assertions.
[2, 3, 5] remain as potential winners in this audit.
------------------------------------------------
