VALID BALLOTS 6246
Winner 3
Winner 4
Computing AG relationships
2 AG 5 = 82
2 AG 9 = 455
3 AG 5 = 53
3 AG 9 = 96
8 AG 5 = 22
8 AG 9 = 29
8 AG 1 = 67
4 AG 5 = 84
4 AG 9 = 192
4 AG 1 = 109
4 AG 6 = 940
Ruling out candidates: [(5, 53), (9, 96), (1, 109)]
STAGE 1 ASN (Ruling out candidates): 109
ALTERNATE OUTCOME PAIR: 7,6
   (1) can we show that 2 NL 6?
        a. margin 0.017451168747999013
      yes, 261, ags used 940 = 940
   (1) can we show that 2 NL 7?
        a. margin -0.10694844700608463
      no
   (1) can we show that 3 NL 6?
        a. margin 0.04568257017824773
      yes, 100, ags used 940 = 940
   (1) can we show that 3 NL 7?
        a. margin 0.0015476571672516926
      yes, 6246, ags used 96 = 6246
   (1) can we show that 8 NL 6?
        a. margin 0.12914932223289632
      yes, 35, ags used 940 = 940
   (1) can we show that 8 NL 7?
        a. margin -0.079624292880776
      no
   (1) can we show that 4 NL 6?
        a. margin 0.008165225744475757
      yes, 266, ags used 192 = 266
   (1) can we show that 4 NL 7?
        a. margin -0.19292347102145346
      no
      Best assertion(s) require sample: 266

ALTERNATE OUTCOME PAIR: 7,2
   (1) can we show that 6 NL 2?
        a. margin -0.20450421603159252
      no
   (1) can we show that 6 NL 7?
        a. margin -0.23049418294375057
      no
   (1) can we show that 3 NL 2?
        a. margin -0.08373358949727838
      no
   (1) can we show that 3 NL 7?
        a. margin 0.0031486818230335167
      yes, 902, ags used 96 = 902
   (1) can we show that 8 NL 2?
        a. margin -0.031273348276229185
      no
   (1) can we show that 8 NL 7?
        a. margin -0.05390116341124973
      no
   (1) can we show that 4 NL 2?
        a. margin -0.03164692069591113
      no
   (1) can we show that 4 NL 7?
        a. margin -0.05662290532607528
      no
      Best assertion(s) require sample: 902

ALTERNATE OUTCOME PAIR: 7,3
   (1) can we show that 6 NL 3?
        a. margin -0.31193297043441026
      no
   (1) can we show that 6 NL 7?
        a. margin -0.2245703917173657
      no
   (1) can we show that 2 NL 3?
        a. margin -0.15940868822713117
      no
   (1) can we show that 2 NL 7?
        a. margin -0.07914398548404167
      no
   (1) can we show that 8 NL 3?
        a. margin -0.13128402177393572
      no
   (1) can we show that 8 NL 7?
        a. margin -0.0468566549258187
      no
   (1) can we show that 4 NL 3?
        a. margin -0.13731454797737142
      no
   (1) can we show that 4 NL 7?
        a. margin -0.05021880670295642
      no

ALTERNATE OUTCOME PAIR: 7,8
   (1) can we show that 6 NL 8?
        a. margin -0.23428327462909693
      no
   (1) can we show that 6 NL 7?
        a. margin -0.2410075781833747
      no
   (1) can we show that 2 NL 8?
        a. margin -0.1651190094994136
      no
   (1) can we show that 2 NL 7?
        a. margin -0.09467392464511037
      no
   (1) can we show that 3 NL 8?
        a. margin -0.12477318817376504
      no
   (1) can we show that 3 NL 7?
        a. margin 0.008218593232999005
      yes, 397, ags used 96 = 397
   (1) can we show that 4 NL 8?
        a. margin -0.06382751627708494
      no
   (1) can we show that 4 NL 7?
        a. margin -0.06601558330665525
      no
      Best assertion(s) require sample: 397

ALTERNATE OUTCOME PAIR: 7,4
   (1) can we show that 6 NL 4?
        a. margin -0.1429715017611265
      no
   (1) can we show that 6 NL 7?
        a. margin -0.2629416159675526
      no
   (1) can we show that 2 NL 4?
        a. margin -0.16575941936172445
      no
   (1) can we show that 2 NL 7?
        a. margin -0.10524068737325087
      no
   (1) can we show that 3 NL 4?
        a. margin -0.13363219126907844
      no
   (1) can we show that 3 NL 7?
        a. margin 0.0010139822819945632
      yes, 2509, ags used 96 = 2509
   (1) can we show that 8 NL 4?
        a. margin -0.07444764649375546
      no
   (1) can we show that 8 NL 7?
        a. margin -0.07631550859216629
      no
      Best assertion(s) require sample: 2509

ALTERNATE OUTCOME PAIR: 6,2
   (1) can we show that 7 NL 2?
        a. margin -0.22553100651083335
      no
   (1) can we show that 7 NL 6?
        a. margin -0.07279325434945016
      no
   (1) can we show that 3 NL 2?
        a. margin -0.08266623972675768
      no
   (1) can we show that 3 NL 6?
        a. margin 0.04568257017824773
      yes, 100, ags used 940 = 940
   (1) can we show that 8 NL 2?
        a. margin -0.03298110790906117
      no
   (1) can we show that 8 NL 6?
        a. margin 0.12978973209520772
      yes, 35, ags used 940 = 940
   (1) can we show that 4 NL 2?
        a. margin -0.1437186466004906
      no
   (1) can we show that 4 NL 6?
        a. margin 0.009072473049418495
      yes, 252, ags used 192 = 252
      Best assertion(s) require sample: 252

ALTERNATE OUTCOME PAIR: 6,3
   (1) can we show that 7 NL 3?
        a. margin -0.3249546376347534
      no
   (1) can we show that 7 NL 6?
        a. margin -0.07183263955598285
      no
   (1) can we show that 2 NL 3?
        a. margin -0.1671469740633994
      no
   (1) can we show that 2 NL 6?
        a. margin 0.01915892838083111
      yes, 238, ags used 940 = 940
   (1) can we show that 8 NL 3?
        a. margin -0.1381684277937888
      no
   (1) can we show that 8 NL 6?
        a. margin 0.13133738926246075
      yes, 34, ags used 940 = 940
   (1) can we show that 4 NL 3?
        a. margin -0.2556302700394917
      no
   (1) can we show that 4 NL 6?
        a. margin 0.010513395239619694
      yes, 234, ags used 192 = 234
      Best assertion(s) require sample: 234

ALTERNATE OUTCOME PAIR: 6,8
   (1) can we show that 7 NL 8?
        a. margin -0.25013341872131445
      no
   (1) can we show that 7 NL 6?
        a. margin -0.07257978439534707
      no
   (1) can we show that 2 NL 8?
        a. margin -0.16549258191909644
      no
   (1) can we show that 2 NL 6?
        a. margin 0.01825168107588704
      yes, 249, ags used 940 = 940
   (1) can we show that 3 NL 8?
        a. margin -0.12514676059344743
      no
   (1) can we show that 3 NL 6?
        a. margin 0.04642971501761006
      yes, 98, ags used 940 = 940
   (1) can we show that 4 NL 8?
        a. margin -0.17130963816842792
      no
   (1) can we show that 4 NL 6?
        a. margin 0.009766250400254028
      yes, 243, ags used 192 = 243
      Best assertion(s) require sample: 243

ALTERNATE OUTCOME PAIR: 6,4
   (1) can we show that 7 NL 4?
        a. margin -0.23198847262247668
      no
   (1) can we show that 7 NL 6?
        a. margin -0.1970327676379524
      no
   (1) can we show that 2 NL 4?
        a. margin -0.13496637848222692
      no
   (1) can we show that 2 NL 6?
        a. margin -0.10262568043547626
      no
   (1) can we show that 3 NL 4?
        a. margin -0.10182516810758713
      no
   (1) can we show that 3 NL 6?
        a. margin -0.0710854947166163
      no
   (1) can we show that 8 NL 4?
        a. margin -0.04413491301099226
      no
   (1) can we show that 8 NL 6?
        a. margin -0.005710321272279106
      no

ALTERNATE OUTCOME PAIR: 2,3
   (1) can we show that 7 NL 3?
        a. margin -0.2976304835094462
      no
   (1) can we show that 7 NL 2?
        a. margin -0.21731241327783124
      no
   (1) can we show that 6 NL 3?
        a. margin -0.2891984203223398
      no
   (1) can we show that 6 NL 2?
        a. margin -0.19340377841818768
      no
   (1) can we show that 8 NL 3?
        a. margin -0.10854947166186357
      no
   (1) can we show that 8 NL 2?
        a. margin -0.019692603266090347
      no
   (1) can we show that 4 NL 3?
        a. margin -0.11441989539972253
      no
   (1) can we show that 4 NL 2?
        a. margin -0.020599850571032086
      no

ALTERNATE OUTCOME PAIR: 2,8
   (1) can we show that 7 NL 8?
        a. margin -0.24735830931796354
      no
   (1) can we show that 7 NL 2?
        a. margin -0.2159248585761565
      no
   (1) can we show that 6 NL 8?
        a. margin -0.22915999573060075
      no
   (1) can we show that 6 NL 2?
        a. margin -0.19329704344114118
      no
   (1) can we show that 3 NL 8?
        a. margin -0.12359910342619296
      no
   (1) can we show that 3 NL 2?
        a. margin -0.07300672430355803
      no
   (1) can we show that 4 NL 8?
        a. margin -0.05875760486711468
      no
   (1) can we show that 4 NL 2?
        a. margin -0.020386380616933764
      no

ALTERNATE OUTCOME PAIR: 2,4
   (1) can we show that 7 NL 4?
        a. margin -0.260113139075675
      no
   (1) can we show that 7 NL 2?
        a. margin -0.22142170989433296
      no
   (1) can we show that 6 NL 4?
        a. margin -0.13822179528231382
      no
   (1) can we show that 6 NL 2?
        a. margin -0.21133525456292024
      no
   (1) can we show that 3 NL 4?
        a. margin -0.13203116661329906
      no
   (1) can we show that 3 NL 2?
        a. margin -0.07935745543814587
      no
   (1) can we show that 8 NL 4?
        a. margin -0.07017824741167666
      no
   (1) can we show that 8 NL 2?
        a. margin -0.029085281246664985
      no

ALTERNATE OUTCOME PAIR: 3,8
   (1) can we show that 7 NL 8?
        a. margin -0.24751841178354117
      no
   (1) can we show that 7 NL 3?
        a. margin -0.31219980787704116
      no
   (1) can we show that 6 NL 8?
        a. margin -0.22814601344860752
      no
   (1) can we show that 6 NL 3?
        a. margin -0.3016864126374208
      no
   (1) can we show that 2 NL 8?
        a. margin -0.15951542320418322
      no
   (1) can we show that 2 NL 3?
        a. margin -0.15455224677127066
      no
   (1) can we show that 4 NL 8?
        a. margin -0.0573166826769137
      no
   (1) can we show that 4 NL 3?
        a. margin -0.12664105027217698
      no

ALTERNATE OUTCOME PAIR: 8,4
   (1) can we show that 7 NL 4?
        a. margin -0.26288824847902703
      no
   (1) can we show that 7 NL 8?
        a. margin -0.2485323940655345
      no
   (1) can we show that 6 NL 4?
        a. margin -0.14056996477746053
      no
   (1) can we show that 6 NL 8?
        a. margin -0.23753869142918127
      no
   (1) can we show that 2 NL 4?
        a. margin -0.1651723769879403
      no
   (1) can we show that 2 NL 8?
        a. margin -0.16453196712562612
      no
   (1) can we show that 3 NL 4?
        a. margin -0.13277831145266417
      no
   (1) can we show that 3 NL 8?
        a. margin -0.12354573593766738
      no

RULE OUT PAIR STAGE ASN 2509
------------------------------------------------
Alternate outcome cannot be ruled out: 7,3
Alternate outcome cannot be ruled out: 6,4
Alternate outcome cannot be ruled out: 2,3
Alternate outcome cannot be ruled out: 2,8
Alternate outcome cannot be ruled out: 2,4
Alternate outcome cannot be ruled out: 3,8
Alternate outcome cannot be ruled out: 8,4
Full audit not possible
PARTIAL audit sample size: 2509
------------------------------------------------
Final set of assertions generated:
3 NL 7 = 902 [rules out (7, 2), G = {8, 4}, O = set()]
(3, 'AG', 8, 192)
4 NL 6 = 243 [rules out (6, 8), G = {0, 8, 4}, O = set()]
(7, 'AG', 0, 67)
(3, 'AG', 4, 84)
(2, 'AG', 4, 53)
(3, 'AG', 0, 109)
4 NL 6 = 252 [rules out (6, 2), G = {0, 8, 4}, O = set()]
4 NL 6 = 234 [rules out (6, 3), G = {0, 8, 4}, O = set()]
(7, 'AG', 8, 29)
3 NL 7 = 397 [rules out (7, 8), G = {8, 4}, O = set()]
3 NL 7 = 2509 [rules out (7, 4), G = {8, 4}, O = set()]
4 NL 6 = 266 [rules out (7, 6), G = {0, 8, 4}, O = set()]

(2, 'AG', 8, 96)
(7, 'AG', 4, 22)
[] are verified winners with these assertions.
[2, 3, 4, 6, 7, 8] remain as potential winners in this audit.
------------------------------------------------
