VALID BALLOTS 3315
Winner 2
Winner 4
Computing AG relationships
2 AG 1 = 34
2 AG 6 = 104
2 AG 3 = 26
4 AG 1 = 32
4 AG 6 = 104
4 AG 7 = 39
Ruling out candidates: [(1, 34), (6, 104)]
STAGE 1 ASN (Ruling out candidates): 104
ALTERNATE OUTCOME PAIR: 3,2
   (1) can we show that 7 NL 2?
        a. margin -0.3666163901458023
      no
   (1) can we show that 7 NL 3?
        a. margin -0.24806435394670678
      no
   (1) can we show that 4 NL 2?
        a. margin -0.0749120160884863
      no
   (1) can we show that 4 NL 3?
        a. margin 0.0016088486676733016
      yes, 119, ags used 104 = 119
   (1) can we show that 4 NL 2?
        a. margin -0.0749120160884863
      no
   (1) can we show that 4 NL 3?
        a. margin 0.0016088486676733016
      yes, 119, ags used 104 = 119
      Best assertion(s) require sample: 119

ALTERNATE OUTCOME PAIR: 3,7
   (1) can we show that 2 NL 7?
        a. margin 0.1844142785319256
      yes, 24, ags used 39 = 39
   (1) can we show that 2 NL 3?
        a. margin 0.17566616390145828
      yes, 25, ags used 0 = 25
   (1) can we show that 4 NL 7?
        a. margin 0.120462543991956
      yes, 36, ags used 32 = 36
   (1) can we show that 4 NL 3?
        a. margin 0.21518350930115648
      yes, 21, ags used 26 = 26
   (1) can we show that 4 NL 7?
        a. margin 0.120462543991956
      yes, 36, ags used 32 = 36
   (1) can we show that 4 NL 3?
        a. margin 0.21518350930115648
      yes, 21, ags used 26 = 26
      Best assertion(s) require sample: 25

ALTERNATE OUTCOME PAIR: 3,4
   (1) can we show that 2 NL 4?
        a. margin -0.09270990447461036
      no
   (1) can we show that 2 NL 3?
        a. margin 0.18220211161387678
      yes, 25, ags used 0 = 25
   (1) can we show that 7 NL 4?
        a. margin -0.30779286073403733
      no
   (1) can we show that 7 NL 3?
        a. margin -0.033986928104575376
      no
      Best assertion(s) require sample: 25

ALTERNATE OUTCOME PAIR: 3,4
   (1) can we show that 2 NL 4?
        a. margin -0.09270990447461036
      no
   (1) can we show that 2 NL 3?
        a. margin 0.18220211161387678
      yes, 25, ags used 0 = 25
   (1) can we show that 7 NL 4?
        a. margin -0.30779286073403733
      no
   (1) can we show that 7 NL 3?
        a. margin -0.033986928104575376
      no
      Best assertion(s) require sample: 25

ALTERNATE OUTCOME PAIR: 2,7
   (1) can we show that 3 NL 7?
        a. margin -0.06344896933132216
      no
   (1) can we show that 3 NL 2?
        a. margin -0.3502262443438915
      no
   (1) can we show that 4 NL 7?
        a. margin 0.13061840120663715
      yes, 34, ags used 32 = 34
   (1) can we show that 4 NL 2?
        a. margin -0.12659627953745578
      no
   (1) can we show that 4 NL 7?
        a. margin 0.13061840120663715
      yes, 34, ags used 32 = 34
   (1) can we show that 4 NL 2?
        a. margin -0.12659627953745578
      no
      Best assertion(s) require sample: 34

ALTERNATE OUTCOME PAIR: 7,4
   (1) can we show that 3 NL 4?
        a. margin -0.32890899949723496
      no
   (1) can we show that 3 NL 7?
        a. margin -0.21689291101055796
      no
   (1) can we show that 2 NL 4?
        a. margin -0.020814479638008532
      no
   (1) can we show that 2 NL 7?
        a. margin 0.03207642031171498
      yes, 47, ags used 34 = 47
      Best assertion(s) require sample: 47

ALTERNATE OUTCOME PAIR: 7,4
   (1) can we show that 3 NL 4?
        a. margin -0.32890899949723496
      no
   (1) can we show that 3 NL 7?
        a. margin -0.21689291101055796
      no
   (1) can we show that 2 NL 4?
        a. margin -0.020814479638008532
      no
   (1) can we show that 2 NL 7?
        a. margin 0.03207642031171498
      yes, 47, ags used 34 = 47
      Best assertion(s) require sample: 47

RULE OUT PAIR STAGE ASN 119
------------------------------------------------
EXAMINING WAYS TO REDUCE COST OF AUDIT
------------------------------------------------
FULL audit sample size: 119
------------------------------------------------
Final set of assertions generated:
4 NL 3 = 119 [rules out (3, 2), G = {0, 5, 6}, O = set()]
(1, 'AG', 0, 34)
(3, 'AG', 6, 39)
(3, 'AG', 5, 104)
2 NL 7 = 47 [rules out (7, 4), G = {0, 2}, O = set()]
(1, 'AG', 5, 104)
(1, 'AG', 2, 26)
2 NL 3 = 25 [rules out (3, 7), G = set(), O = set()]
4 NL 7 = 34 [rules out (2, 7), G = {0}, O = set()]

(3, 'AG', 0, 32)
2 NL 3 = 25 [rules out (3, 4), G = set(), O = set()]
All winners are verified in audit.
------------------------------------------------
