VALID BALLOTS 3643
Winner 1
Winner 4
Computing AG relationships
3 AG 5 = 2810
3 AG 6 = 91
1 AG 5 = 97
1 AG 6 = 48
2 AG 5 = 179
4 AG 5 = 60
4 AG 7 = 52
Ruling out candidates: [(5, 97), (6, 91)]
STAGE 1 ASN (Ruling out candidates): 97
ALTERNATE OUTCOME PAIR: 7,3
   (1) can we show that 1 NL 3?
        a. margin -0.02260042089852654
      no
   (1) can we show that 1 NL 7?
        a. margin 0.1617714337999816
      yes, 28, ags used 52 = 52
   (1) can we show that 2 NL 3?
        a. margin -0.2497941257205597
      no
   (1) can we show that 2 NL 7?
        a. margin 0.13432152987464563
      yes, 34, ags used 52 = 52
   (1) can we show that 4 NL 3?
        a. margin -0.22948119681581103
      no
   (1) can we show that 4 NL 7?
        a. margin 0.09506816726141465
      yes, 48, ags used 0 = 48
      Best assertion(s) require sample: 48

ALTERNATE OUTCOME PAIR: 7,1
   (1) can we show that 3 NL 1?
        a. margin -0.08472870344953787
      no
   (1) can we show that 3 NL 7?
        a. margin 0.11144660993686495
      yes, 41, ags used 52 = 52
   (1) can we show that 2 NL 1?
        a. margin -0.2505261231585687
      no
   (1) can we show that 2 NL 7?
        a. margin 0.1337725317961389
      yes, 34, ags used 52 = 52
   (1) can we show that 4 NL 1?
        a. margin -0.22938969713605994
      no
   (1) can we show that 4 NL 7?
        a. margin 0.0940616707841524
      yes, 48, ags used 0 = 48
      Best assertion(s) require sample: 48

ALTERNATE OUTCOME PAIR: 7,2
   (1) can we show that 3 NL 2?
        a. margin -0.09470216854240998
      no
   (1) can we show that 3 NL 7?
        a. margin 0.11812608655869705
      yes, 38, ags used 52 = 52
   (1) can we show that 1 NL 2?
        a. margin -0.05810229664196154
      no
   (1) can we show that 1 NL 7?
        a. margin 0.16854241010156468
      yes, 27, ags used 52 = 52
   (1) can we show that 4 NL 2?
        a. margin -0.044011345960289106
      no
   (1) can we show that 4 NL 7?
        a. margin 0.09589166437917473
      yes, 47, ags used 0 = 47
      Best assertion(s) require sample: 47

ALTERNATE OUTCOME PAIR: 7,4
   (1) can we show that 3 NL 4?
        a. margin -0.17302589440936944
      no
   (1) can we show that 3 NL 7?
        a. margin -0.07091225180711846
      no
   (1) can we show that 1 NL 4?
        a. margin -0.131942538201116
      no
   (1) can we show that 1 NL 7?
        a. margin -0.0343123799066698
      no
   (1) can we show that 2 NL 4?
        a. margin -0.16817641138256
      no
   (1) can we show that 2 NL 7?
        a. margin -0.07027175404886021
      no

ALTERNATE OUTCOME PAIR: 3,1
   (1) can we show that 7 NL 1?
        a. margin -0.35254826608106915
      no
   (1) can we show that 7 NL 3?
        a. margin -0.34010430963491656
      no
   (1) can we show that 2 NL 1?
        a. margin -0.19388782139262462
      no
   (1) can we show that 2 NL 3?
        a. margin -0.18089486686796563
      no
   (1) can we show that 4 NL 1?
        a. margin -0.1305700430048493
      no
   (1) can we show that 4 NL 3?
        a. margin -0.1175770884801901
      no

ALTERNATE OUTCOME PAIR: 3,2
   (1) can we show that 7 NL 2?
        a. margin -0.22206972275597037
      no
   (1) can we show that 7 NL 3?
        a. margin -0.4084545704090037
      no
   (1) can we show that 1 NL 2?
        a. margin -0.06048128831549082
      no
   (1) can we show that 1 NL 3?
        a. margin -0.019763930826241616
      no
   (1) can we show that 4 NL 2?
        a. margin -0.0008234971177600858
      no
   (1) can we show that 4 NL 3?
        a. margin -0.18574434989477517
      no

ALTERNATE OUTCOME PAIR: 3,4
   (1) can we show that 7 NL 4?
        a. margin -0.3802726690456586
      no
   (1) can we show that 7 NL 3?
        a. margin -0.4095525665660169
      no
   (1) can we show that 1 NL 4?
        a. margin -0.14466099368652208
      no
   (1) can we show that 1 NL 3?
        a. margin -0.016286942995699327
      no
   (1) can we show that 2 NL 4?
        a. margin -0.16378442675450633
      no
   (1) can we show that 2 NL 3?
        a. margin -0.24165065422271004
      no

ALTERNATE OUTCOME PAIR: 1,2
   (1) can we show that 7 NL 2?
        a. margin -0.22234422179522373
      no
   (1) can we show that 7 NL 1?
        a. margin -0.40863756976850585
      no
   (1) can we show that 3 NL 2?
        a. margin -0.09653216213743243
      no
   (1) can we show that 3 NL 1?
        a. margin -0.08189221337725283
      no
   (1) can we show that 4 NL 2?
        a. margin -0.0009149967975109474
      no
   (1) can we show that 4 NL 1?
        a. margin -0.18656784701253515
      no

ALTERNATE OUTCOME PAIR: 2,4
   (1) can we show that 7 NL 4?
        a. margin -0.3636197273309546
      no
   (1) can we show that 7 NL 2?
        a. margin -0.2210632262787081
      no
   (1) can we show that 3 NL 4?
        a. margin -0.15234696678561588
      no
   (1) can we show that 3 NL 2?
        a. margin -0.08207521273675544
      no
   (1) can we show that 1 NL 4?
        a. margin -0.1117211089761182
      no
   (1) can we show that 1 NL 2?
        a. margin -0.04593283923506264
      no

RULE OUT PAIR STAGE ASN 48
------------------------------------------------
Alternate outcome cannot be ruled out: 7,4
Alternate outcome cannot be ruled out: 3,1
Alternate outcome cannot be ruled out: 3,2
Alternate outcome cannot be ruled out: 3,4
Alternate outcome cannot be ruled out: 1,2
Alternate outcome cannot be ruled out: 2,4
Full audit not possible
PARTIAL audit sample size: 97
------------------------------------------------
Final set of assertions generated:
(3, 'AG', 4, 60)
(2, 'AG', 5, 91)
4 NL 7 = 48 [rules out (7, 1), G = set(), O = set()]
(0, 'AG', 5, 48)
4 NL 7 = 48 [rules out (7, 3), G = set(), O = set()]
(0, 'AG', 4, 97)
4 NL 7 = 47 [rules out (7, 2), G = set(), O = set()]
[] are verified winners with these assertions.
[1, 2, 3, 4, 7] remain as potential winners in this audit.
------------------------------------------------
