VALID BALLOTS 1121
29 ballot checks required to assert that first winner has a quota's worth of votes
AUD TV 0.23872017353579178, ss 83
AG*(3,4) = 34
AG*(1,2) = 36
AG*(1,3) = 54
AG*(1,4) = 14
AG*(1,5) = 28
AG*(2,4) = 38
AG*(3,4) = 34
AG*(5,4) = 510
NL(3,4) = 34, AG*'s used 0
NL(3,5) NOT POSSIBLE
NL(3,2) NOT POSSIBLE
Max in loop inf, 0.23872017353579178
AUD TV 0.28872017353579177, ss 39
AG*(3,4) = 35
AG*(1,2) = 36
AG*(1,3) = 54
AG*(1,4) = 14
AG*(1,5) = 28
AG*(2,4) = 39
AG*(3,4) = 35
AG*(5,4) = 629
NL(3,4) = 35, AG*'s used 0
NL(3,5) NOT POSSIBLE
NL(3,2) NOT POSSIBLE
Max in loop inf, 0.28872017353579177
AUD TV 0.33872017353579176, ss 24
AG*(3,4) = 36
AG*(1,2) = 36
AG*(1,3) = 54
AG*(1,4) = 14
AG*(1,5) = 28
AG*(2,4) = 40
AG*(3,4) = 36
AG*(5,4) = 801
NL(3,4) = 36, AG*'s used 0
NL(3,5) NOT POSSIBLE
NL(3,2) NOT POSSIBLE
Max in loop inf, 0.33872017353579176
AUD TV 0.38872017353579175, ss 16
AG*(3,4) = 36
AG*(1,2) = 36
AG*(1,3) = 54
AG*(1,4) = 14
AG*(1,5) = 28
AG*(2,4) = 41
AG*(3,4) = 36
AG*(5,4) = 1097
NL(3,4) = 36, AG*'s used 0
NL(3,5) NOT POSSIBLE
NL(3,2) NOT POSSIBLE
Max in loop inf, 0.38872017353579175
AUD TV 0.43872017353579174, ss 12
AG*(3,4) = 37
AG*(1,2) = 36
AG*(1,3) = 54
AG*(1,4) = 14
AG*(1,5) = 28
AG*(2,4) = 42
AG*(3,4) = 37
AG*(5,4) = 1121
NL(3,4) = 37, AG*'s used 0
NL(3,5) NOT POSSIBLE
NL(3,2) NOT POSSIBLE
Max in loop inf, 0.43872017353579174
AUD TV 0.4887201735357917, ss 9
AG*(3,4) = 37
AG*(1,2) = 36
AG*(1,3) = 54
AG*(1,4) = 14
AG*(1,5) = 28
AG*(2,4) = 43
AG*(3,4) = 37
NL(3,4) = 37, AG*'s used 0
NL(3,5) NOT POSSIBLE
NL(3,2) NOT POSSIBLE
Max in loop inf, 0.4887201735357917
AUD TV 0.5387201735357917, ss 7
AG*(3,4) = 38
AG*(1,2) = 36
AG*(1,3) = 54
AG*(1,4) = 14
AG*(1,5) = 28
AG*(2,4) = 44
AG*(3,4) = 38
NL(3,4) = 38, AG*'s used 0
NL(3,5) NOT POSSIBLE
NL(3,2) NOT POSSIBLE
Max in loop inf, 0.5387201735357917
AUD TV 0.5887201735357918, ss 5
AG*(3,4) = 38
AG*(1,2) = 36
AG*(1,3) = 54
AG*(1,4) = 14
AG*(1,5) = 28
AG*(2,4) = 45
AG*(3,4) = 38
NL(3,4) = 38, AG*'s used 0
NL(3,5) NOT POSSIBLE
NL(3,2) NOT POSSIBLE
Max in loop inf, 0.5887201735357918
AUD TV 0.6387201735357918, ss 4
AG*(3,4) = 39
AG*(1,2) = 36
AG*(1,3) = 54
AG*(1,4) = 14
AG*(1,5) = 28
AG*(2,4) = 46
AG*(3,4) = 39
NL(3,4) = 39, AG*'s used 0
NL(3,5) NOT POSSIBLE
NL(3,2) NOT POSSIBLE
Max in loop inf, 0.6387201735357918
Sample size to show min tv of 0.09436008676789588 is 52
AUD TV 0.23872017353579178, ss 83
AG*(3,4) = 30
AG*(3,5) = 769
AG*(1,2) = 36
AG*(1,3) = 54
AG*(1,4) = 14
AG*(1,5) = 28
AG*(2,4) = 36
AG*(3,4) = 30
AG*(3,5) = 769
AG*(5,4) = 225
NL(3,4) = 30, AG*'s used 0
NL(3,5) = 595, AG*'s used 30
NL(3,2) = 812, AG*'s used 769
Max in loop 812, 0.23872017353579178
AUD TV 0.28872017353579177, ss 39
AG*(3,4) = 31
AG*(1,2) = 36
AG*(1,3) = 54
AG*(1,4) = 14
AG*(1,5) = 28
AG*(2,4) = 37
AG*(3,4) = 31
AG*(5,4) = 251
NL(3,4) = 31, AG*'s used 0
NL(3,5) = 1121, AG*'s used 31
NL(3,2) NOT POSSIBLE
Max in loop inf, 0.28872017353579177
Breaking out of inner loop inf > 812
New mintv = 0.14436008676789588
Sample size to show min tv of 0.14436008676789588 is 103
AUD TV 0.23872017353579178, ss 83
AG*(3,4) = 29
AG*(3,5) = 312
AG*(1,2) = 36
AG*(1,3) = 54
AG*(1,4) = 14
AG*(1,5) = 28
AG*(2,4) = 35
AG*(3,4) = 29
AG*(3,5) = 312
AG*(5,4) = 182
NL(3,4) = 29, AG*'s used 0
NL(3,5) = 238, AG*'s used 29
NL(3,2) = 225, AG*'s used 312
Max in loop 312, 0.23872017353579178
AUD TV 0.28872017353579177, ss 39
AG*(3,4) = 29
AG*(3,5) = 561
AG*(1,2) = 36
AG*(1,3) = 54
AG*(1,4) = 14
AG*(1,5) = 28
AG*(2,4) = 36
AG*(3,4) = 29
AG*(3,5) = 561
AG*(5,4) = 199
NL(3,4) = 29, AG*'s used 0
NL(3,5) = 443, AG*'s used 29
NL(3,2) = 376, AG*'s used 561
Max in loop 561, 0.28872017353579177
Breaking out of inner loop 561 > 312
New mintv = 0.1943600867678959
Sample size required for audit is 312 ballots
------------------------------------------------
Assertion set BEFORE filtering:
(0, 'QT', None, 29)
(0, 'LT', None, (0.14436008676789588, 103))
(2, 'NL', 3, 29)
(2, 'NL', 1, 312)
(0, 'MT', None, (0.23872017353579178, 83))
(2, 'NL', 4, 238)
(2, 'AG*', 3, 29)
(2, 'AG*', 4, 312)
------------------------------------------------
Final set of assertions AFTER filtering:
(0, 'QT', None, 29)
(0, 'LT', None, (0.14436008676789588, 103))
(2, 'NL', 3, 29)
(2, 'NL', 1, 312)
(0, 'MT', None, (0.23872017353579178, 83))
(2, 'NL', 4, 238)
(2, 'AG*', 3, 29)
(2, 'AG*', 4, 312)
------------------------------------------------
Explanations for AG* inclusion:
   Explanation for (2, 'AG*', 3, 29): []
   Explanation for (2, 'AG*', 4, 312): []
------------------------------------------------
