VALID BALLOTS 661
26 ballot checks required to assert that first winner has a quota's worth of votes
AUD TV 0.24927536231884057, ss 81
AG*(3,1) = 27
AG*(2,1) = 28
AG*(3,1) = 27
NL(3,1) = 27, AG*'s used 0
Max in loop 81, 0.24927536231884057
AUD TV 0.29927536231884055, ss 38
AG*(3,1) = 27
AG*(2,1) = 28
AG*(3,1) = 27
NL(3,1) = 27, AG*'s used 0
Max in loop 38, 0.29927536231884055
AUD TV 0.34927536231884054, ss 23
AG*(3,1) = 28
AG*(2,1) = 28
AG*(3,1) = 28
NL(3,1) = 28, AG*'s used 0
Max in loop 28, 0.34927536231884054
AUD TV 0.39927536231884053, ss 16
AG*(3,1) = 29
AG*(2,1) = 28
AG*(3,1) = 29
NL(3,1) = 29, AG*'s used 0
Max in loop 29, 0.39927536231884053
Breaking out of inner loop 29 > 28
Sample size to show min tv of 0.09963768115942029 is 48
Sample size required for audit is 28 ballots
------------------------------------------------
Assertion set BEFORE filtering:
(2, 'NL', 0, 28)
(1, 'QT', None, 26)
(1, 'MT', None, (0.34927536231884054, 23))
------------------------------------------------
Final set of assertions AFTER filtering:
(2, 'NL', 0, 28)
(1, 'QT', None, 26)
(1, 'MT', None, (0.34927536231884054, 23))
------------------------------------------------
Explanations for AG* inclusion:
------------------------------------------------
