VALID BALLOTS 5984
Winner 6
Winner 1
Computing AG relationships
7 AG 3 = 66
7 AG 2 = 164
6 AG 3 = 25
6 AG 2 = 33
6 AG 9 = 86
6 AG 8 = 47
6 AG 7 = 72
4 AG 3 = 151
4 AG 2 = 357
5 AG 3 = 30
5 AG 2 = 28
5 AG 9 = 43
5 AG 8 = 309
5 AG 4 = 91
1 AG 3 = 26
1 AG 2 = 24
1 AG 9 = 32
1 AG 8 = 110
1 AG 4 = 57
Ruling out candidates: [(3, 26), (2, 28), (9, 43), (8, 110), (4, 91)]
STAGE 1 ASN (Ruling out candidates): 110
ALTERNATE OUTCOME PAIR: 7,6
   (1) can we show that 5 NL 6?
        a. margin -0.0829991087344033
      no
   (1) can we show that 5 NL 7?
        a. margin -0.02356283422459904
      no
   (1) can we show that 1 NL 6?
        a. margin -0.04266934046345838
      no
   (1) can we show that 1 NL 7?
        a. margin 0.013870320855614793
      yes, 184, ags used 110 = 184
      Best assertion(s) require sample: 184

ALTERNATE OUTCOME PAIR: 7,5
   (1) can we show that 6 NL 5?
        a. margin -0.26180926916221037
      no
   (1) can we show that 6 NL 7?
        a. margin 0.06645499108734332
      yes, 57, ags used 47 = 57
   (1) can we show that 1 NL 5?
        a. margin -0.01576426024955535
      no
   (1) can we show that 1 NL 7?
        a. margin 0.15836675579322668
      yes, 28, ags used 72 = 72
      Best assertion(s) require sample: 57

ALTERNATE OUTCOME PAIR: 7,1
   (1) can we show that 6 NL 1?
        a. margin -0.2641488413547236
      no
   (1) can we show that 6 NL 7?
        a. margin 0.06795900178253067
      yes, 56, ags used 47 = 56
   (1) can we show that 5 NL 1?
        a. margin -0.11959670231729047
      no
   (1) can we show that 5 NL 7?
        a. margin 0.0875111408199638
      yes, 52, ags used 72 = 72
      Best assertion(s) require sample: 56

ALTERNATE OUTCOME PAIR: 6,5
   (1) can we show that 7 NL 5?
        a. margin -0.39132130124777165
      no
   (1) can we show that 7 NL 6?
        a. margin -0.2095588235294118
      no
   (1) can we show that 1 NL 5?
        a. margin -0.006795900178254044
      no
   (1) can we show that 1 NL 6?
        a. margin -0.07040998217468819
      no

ALTERNATE OUTCOME PAIR: 5,1
   (1) can we show that 7 NL 1?
        a. margin -0.3398507130124767
      no
   (1) can we show that 7 NL 5?
        a. margin -0.3266488413547227
      no
   (1) can we show that 6 NL 1?
        a. margin -0.09219028520499095
      no
   (1) can we show that 6 NL 5?
        a. margin -0.0787655971479504
      no

RULE OUT PAIR STAGE ASN 184
------------------------------------------------
Alternate outcome cannot be ruled out: 6,5
Alternate outcome cannot be ruled out: 5,1
Full audit not possible
PARTIAL audit sample size: 184
------------------------------------------------
Final set of assertions generated:
6 NL 7 = 57 [rules out (7, 5), G = {1, 2, 7}, O = set()]
(4, 'AG', 1, 28)
(0, 'AG', 3, 57)
6 NL 7 = 56 [rules out (7, 1), G = {1, 2, 7}, O = set()]
(0, 'AG', 1, 24)
(5, 'AG', 1, 33)
(4, 'AG', 3, 91)
(4, 'AG', 8, 43)
(5, 'AG', 2, 25)
(0, 'AG', 7, 110)
(0, 'AG', 2, 26)
1 NL 7 = 184 [rules out (7, 6), G = {1, 2, 3, 7, 8}, O = set()]
(5, 'AG', 7, 47)
(0, 'AG', 8, 32)
[] are verified winners with these assertions.
[1, 5, 6] remain as potential winners in this audit.
------------------------------------------------
