VALID BALLOTS 6505
Winner 6
Winner 4
Computing AG relationships
2 AG 1 = 97
5 AG 1 = 55
5 AG 7 = 51
6 AG 1 = 23
6 AG 7 = 20
4 AG 1 = 22
4 AG 7 = 31
3 AG 1 = 33
3 AG 7 = 64
Ruling out candidates: [(1, 23), (7, 31)]
STAGE 1 ASN (Ruling out candidates): 31
ALTERNATE OUTCOME PAIR: 2,5
   (1) can we show that 6 NL 5?
        a. margin -0.015219062259800298
      no
   (1) can we show that 6 NL 2?
        a. margin -0.08700999231360507
      no
   (1) can we show that 4 NL 5?
        a. margin -0.10530361260568877
      no
   (1) can we show that 4 NL 2?
        a. margin -0.03177043300025628
      no
   (1) can we show that 3 NL 5?
        a. margin -0.223776582116321
      no
   (1) can we show that 3 NL 2?
        a. margin -0.14614399180117865
      no

ALTERNATE OUTCOME PAIR: 2,6
   (1) can we show that 5 NL 6?
        a. margin -0.17381501409172473
      no
   (1) can we show that 5 NL 2?
        a. margin -0.19077632590315186
      no
   (1) can we show that 4 NL 6?
        a. margin -0.11872918267999044
      no
   (1) can we show that 4 NL 2?
        a. margin -0.023366641045350245
      no
   (1) can we show that 3 NL 6?
        a. margin -0.22095823725339503
      no
   (1) can we show that 3 NL 2?
        a. margin -0.1364078913656166
      no

ALTERNATE OUTCOME PAIR: 2,4
   (1) can we show that 5 NL 4?
        a. margin -0.27947732513451196
      no
   (1) can we show that 5 NL 2?
        a. margin -0.16838329490135817
      no
   (1) can we show that 6 NL 4?
        a. margin -0.16049192928516565
      no
   (1) can we show that 6 NL 2?
        a. margin -0.06277222649244163
      no
   (1) can we show that 3 NL 4?
        a. margin -0.266256725595696
      no
   (1) can we show that 3 NL 2?
        a. margin -0.13799641301562948
      no

ALTERNATE OUTCOME PAIR: 2,3
   (1) can we show that 5 NL 3?
        a. margin -0.1659236484755322
      no
   (1) can we show that 5 NL 2?
        a. margin -0.1684345375352292
      no
   (1) can we show that 6 NL 3?
        a. margin -0.0494491416858831
      no
   (1) can we show that 6 NL 2?
        a. margin -0.06405329233922619
      no
   (1) can we show that 4 NL 3?
        a. margin -0.0020497053548562683
      no
   (1) can we show that 4 NL 2?
        a. margin -0.024289008455034677
      no

ALTERNATE OUTCOME PAIR: 5,6
   (1) can we show that 2 NL 6?
        a. margin -0.2709198052779911
      no
   (1) can we show that 2 NL 5?
        a. margin -0.23551114527286787
      no
   (1) can we show that 4 NL 6?
        a. margin -0.09838585703305203
      no
   (1) can we show that 4 NL 5?
        a. margin -0.06256725595695733
      no
   (1) can we show that 3 NL 6?
        a. margin -0.1955931334870611
      no
   (1) can we show that 3 NL 5?
        a. margin -0.17504483730463805
      no

ALTERNATE OUTCOME PAIR: 5,4
   (1) can we show that 2 NL 4?
        a. margin -0.35413784268511384
      no
   (1) can we show that 2 NL 5?
        a. margin -0.2743530617473736
      no
   (1) can we show that 6 NL 4?
        a. margin -0.16192672303356404
      no
   (1) can we show that 6 NL 5?
        a. margin -0.005329233922623966
      no
   (1) can we show that 3 NL 4?
        a. margin -0.2520112733794516
      no
   (1) can we show that 3 NL 5?
        a. margin -0.21281065846784553
      no

ALTERNATE OUTCOME PAIR: 5,3
   (1) can we show that 2 NL 3?
        a. margin -0.18221880604663088
      no
   (1) can we show that 2 NL 5?
        a. margin -0.2862413528055343
      no
   (1) can we show that 6 NL 3?
        a. margin -0.05908275685370257
      no
   (1) can we show that 6 NL 5?
        a. margin -0.01711503971304107
      no
   (1) can we show that 4 NL 3?
        a. margin -0.008557519856520757
      no
   (1) can we show that 4 NL 5?
        a. margin -0.1095567512170127
      no

ALTERNATE OUTCOME PAIR: 6,3
   (1) can we show that 2 NL 3?
        a. margin -0.18073276966436091
      no
   (1) can we show that 2 NL 6?
        a. margin -0.2973097617217526
      no
   (1) can we show that 5 NL 3?
        a. margin -0.1740199846272098
      no
   (1) can we show that 5 NL 6?
        a. margin -0.17612093261593664
      no
   (1) can we show that 4 NL 3?
        a. margin -0.006866512938765501
      no
   (1) can we show that 4 NL 6?
        a. margin -0.12334101972841416
      no

ALTERNATE OUTCOME PAIR: 4,3
   (1) can we show that 2 NL 3?
        a. margin -0.16710222905457317
      no
   (1) can we show that 2 NL 4?
        a. margin -0.3512682551883165
      no
   (1) can we show that 5 NL 3?
        a. margin -0.15336920317704317
      no
   (1) can we show that 5 NL 4?
        a. margin -0.26113246220855757
      no
   (1) can we show that 6 NL 3?
        a. margin -0.037048424289008564
      no
   (1) can we show that 6 NL 4?
        a. margin -0.14271073533179612
      no

RULE OUT PAIR STAGE ASN 0
------------------------------------------------
EXAMINING WAYS TO REDUCE COST OF AUDIT
ALTERNATE OUTCOME PAIR: 7,2
   (1) can we show that 5 NL 2?
        a. margin -0.2052267486548809
      no
   (1) can we show that 5 NL 7?
        a. margin 0.09003330771201612
      yes, 32, ags used 31 = 32
   (1) can we show that 6 NL 2?
        a. margin -0.10351012042018959
      no
   (1) can we show that 6 NL 7?
        a. margin 0.22526261849859042
      yes, 20, ags used 0 = 20
   (1) can we show that 4 NL 2?
        a. margin -0.04821931847296956
      no
   (1) can we show that 4 NL 7?
        a. margin 0.1486036382270044
      yes, 19, ags used 20 = 20
   (1) can we show that 3 NL 2?
        a. margin -0.1706379707916985
      no
   (1) can we show that 3 NL 7?
        a. margin 0.07378939277478835
      yes, 23, ags used 20 = 23
      Best assertion(s) require sample: 20

ALTERNATE OUTCOME PAIR: 7,5
   (1) can we show that 2 NL 5?
        a. margin -0.2905969766846015
      no
   (1) can we show that 2 NL 7?
        a. margin 0.0010760953112984861
      yes, 51, ags used 31 = 51
   (1) can we show that 6 NL 5?
        a. margin -0.030899308224442756
      no
   (1) can we show that 6 NL 7?
        a. margin 0.22516013323084794
      yes, 20, ags used 0 = 20
   (1) can we show that 4 NL 5?
        a. margin -0.11550089674609287
      no
   (1) can we show that 4 NL 7?
        a. margin 0.15178068152702995
      yes, 19, ags used 20 = 20
   (1) can we show that 3 NL 5?
        a. margin -0.23576735844222396
      no
   (1) can we show that 3 NL 7?
        a. margin 0.07963105303612528
      yes, 23, ags used 20 = 23
      Best assertion(s) require sample: 20

ALTERNATE OUTCOME PAIR: 7,6
   (1) can we show that 2 NL 6?
        a. margin -0.29746348962336666
      no
   (1) can we show that 2 NL 7?
        a. margin 0.02013835511145179
      yes, 61, ags used 51 = 61
   (1) can we show that 5 NL 6?
        a. margin -0.1790417627466051
      no
   (1) can we show that 5 NL 7?
        a. margin 0.0999743786830638
      yes, 38, ags used 31 = 38
   (1) can we show that 4 NL 6?
        a. margin -0.12416090187035633
      no
   (1) can we show that 4 NL 7?
        a. margin 0.1712528823981545
      yes, 26, ags used 22 = 26
   (1) can we show that 3 NL 6?
        a. margin -0.22705611068408904
      no
   (1) can we show that 3 NL 7?
        a. margin 0.10130668716371871
      yes, 32, ags used 31 = 32
      Best assertion(s) require sample: 26

ALTERNATE OUTCOME PAIR: 7,4
   (1) can we show that 2 NL 4?
        a. margin -0.37448116833205214
      no
   (1) can we show that 2 NL 7?
        a. margin 0.08480655905713519
      yes, 51, ags used 51 = 51
   (1) can we show that 5 NL 4?
        a. margin -0.2949526005636689
      no
   (1) can we show that 5 NL 7?
        a. margin 0.09203177043299982
      yes, 35, ags used 20 = 35
   (1) can we show that 6 NL 4?
        a. margin -0.17909300538047657
      no
   (1) can we show that 6 NL 7?
        a. margin 0.22736356648731726
      yes, 20, ags used 0 = 20
   (1) can we show that 3 NL 4?
        a. margin -0.27937483986676925
      no
   (1) can we show that 3 NL 7?
        a. margin 0.07635152446835702
      yes, 23, ags used 20 = 23
      Best assertion(s) require sample: 20

ALTERNATE OUTCOME PAIR: 7,3
   (1) can we show that 2 NL 3?
        a. margin -0.18431975403535739
      no
   (1) can we show that 2 NL 7?
        a. margin 0.08444786062003562
      yes, 49, ags used 51 = 51
   (1) can we show that 5 NL 3?
        a. margin -0.17858057904176283
      no
   (1) can we show that 5 NL 7?
        a. margin 0.091621829362029
      yes, 32, ags used 31 = 32
   (1) can we show that 6 NL 3?
        a. margin -0.06410453497309765
      no
   (1) can we show that 6 NL 7?
        a. margin 0.22792723545990246
      yes, 20, ags used 0 = 20
   (1) can we show that 4 NL 3?
        a. margin -0.011427107353318089
      no
   (1) can we show that 4 NL 7?
        a. margin 0.14880860876249002
      yes, 19, ags used 20 = 20
      Best assertion(s) require sample: 20

6 ruled out by pairs, sample size 26
STAGE 1 ASN NOW 23
NEW RULE OUT PAIR STAGE ASN 26
------------------------------------------------
Alternate outcome cannot be ruled out: 2,5
Alternate outcome cannot be ruled out: 2,6
Alternate outcome cannot be ruled out: 2,4
Alternate outcome cannot be ruled out: 2,3
Alternate outcome cannot be ruled out: 5,6
Alternate outcome cannot be ruled out: 5,4
Alternate outcome cannot be ruled out: 5,3
Alternate outcome cannot be ruled out: 6,3
Alternate outcome cannot be ruled out: 4,3
Full audit not possible
PARTIAL audit sample size: 26
------------------------------------------------
Final set of assertions generated:
(5, 'AG', 0, 23)
6 NL 7 = 20 [rules out (7, 5), G = set(), O = set()]
6 NL 7 = 20 [rules out (7, 2), G = set(), O = set()]
4 NL 7 = 26 [rules out (7, 6), G = {0}, O = set()]
6 NL 7 = 20 [rules out (7, 3), G = set(), O = set()]
6 NL 7 = 20 [rules out (7, 4), G = set(), O = set()]
(3, 'AG', 0, 22)
[] are verified winners with these assertions.
[2, 3, 4, 5, 6] remain as potential winners in this audit.
------------------------------------------------
