VALID BALLOTS 7356
Winner 4
Winner 5
Computing AG relationships
9 AG 3 = 89
9 AG 6 = 55
7 AG 3 = 71
7 AG 6 = 166
8 AG 3 = 69
8 AG 6 = 62
4 AG 3 = 31
4 AG 6 = 25
4 AG 9 = 357
1 AG 3 = 49
1 AG 6 = 70
5 AG 3 = 41
5 AG 6 = 54
Ruling out candidates: [(3, 41), (6, 54)]
STAGE 1 ASN (Ruling out candidates): 54
ALTERNATE OUTCOME PAIR: 2,9
   (1) can we show that 7 NL 9?
        a. margin -0.04318470183070533
      no
   (1) can we show that 7 NL 2?
        a. margin -0.10367953597970059
      no
   (1) can we show that 8 NL 9?
        a. margin -0.015497553017944532
      no
   (1) can we show that 8 NL 2?
        a. margin -0.08926953054196174
      no
   (1) can we show that 4 NL 9?
        a. margin 0.014002175095159997
      yes, 262, ags used 31 = 262
   (1) can we show that 4 NL 2?
        a. margin -0.02270255573681368
      no
   (1) can we show that 1 NL 9?
        a. margin -0.027415261917708933
      no
   (1) can we show that 1 NL 2?
        a. margin -0.04060177632771511
      no
   (1) can we show that 5 NL 9?
        a. margin -0.0031720137756027222
      no
   (1) can we show that 5 NL 2?
        a. margin -0.01363965923509225
      no
      Best assertion(s) require sample: 262

ALTERNATE OUTCOME PAIR: 2,7
   (1) can we show that 9 NL 7?
        a. margin -0.0999184339314847
      no
   (1) can we show that 9 NL 2?
        a. margin -0.0972448794634776
      no
   (1) can we show that 8 NL 7?
        a. margin -0.08500996918615211
      no
   (1) can we show that 8 NL 2?
        a. margin -0.07059996374841504
      no
   (1) can we show that 4 NL 7?
        a. margin 0.0972901939459847
      yes, 47, ags used 357 = 357
   (1) can we show that 4 NL 2?
        a. margin 0.10141381185426734
      yes, 45, ags used 357 = 357
   (1) can we show that 1 NL 7?
        a. margin -0.03570781221678465
      no
   (1) can we show that 1 NL 2?
        a. margin -0.030270074315752016
      no
   (1) can we show that 5 NL 7?
        a. margin -0.007295631683886472
      no
   (1) can we show that 5 NL 2?
        a. margin -0.004168932390792857
      no
      Best assertion(s) require sample: 357

ALTERNATE OUTCOME PAIR: 2,8
   (1) can we show that 9 NL 8?
        a. margin -0.13562624614826935
      no
   (1) can we show that 9 NL 2?
        a. margin -0.11138299800616325
      no
   (1) can we show that 7 NL 8?
        a. margin -0.2722494109117274
      no
   (1) can we show that 7 NL 2?
        a. margin -0.09683704912090008
      no
   (1) can we show that 4 NL 8?
        a. margin 0.07390792097154186
      yes, 62, ags used 357 = 357
   (1) can we show that 4 NL 2?
        a. margin 0.0876835236541591
      yes, 52, ags used 357 = 357
   (1) can we show that 1 NL 8?
        a. margin -0.21302338227297468
      no
   (1) can we show that 1 NL 2?
        a. margin -0.03552655428675111
      no
   (1) can we show that 5 NL 8?
        a. margin -0.18728475620808427
      no
   (1) can we show that 5 NL 2?
        a. margin -0.009380097879283178
      no
      Best assertion(s) require sample: 357

ALTERNATE OUTCOME PAIR: 2,4
   (1) can we show that 9 NL 4?
        a. margin -0.1988399492477796
      no
   (1) can we show that 9 NL 2?
        a. margin -0.11750045314482549
      no
   (1) can we show that 7 NL 4?
        a. margin -0.3204187058183797
      no
   (1) can we show that 7 NL 2?
        a. margin -0.09828711256117528
      no
   (1) can we show that 8 NL 4?
        a. margin -0.23826354903027025
      no
   (1) can we show that 8 NL 2?
        a. margin -0.08727569331158291
      no
   (1) can we show that 1 NL 4?
        a. margin -0.2769168026101143
      no
   (1) can we show that 1 NL 2?
        a. margin -0.03747507703462083
      no
   (1) can we show that 5 NL 4?
        a. margin -0.25389704549574066
      no
   (1) can we show that 5 NL 2?
        a. margin -0.010059815116911897
      no

ALTERNATE OUTCOME PAIR: 2,1
   (1) can we show that 9 NL 1?
        a. margin -0.24805147725212973
      no
   (1) can we show that 9 NL 2?
        a. margin -0.10336233460214006
      no
   (1) can we show that 7 NL 1?
        a. margin -0.2791372122530359
      no
   (1) can we show that 7 NL 2?
        a. margin -0.09828711256117595
      no
   (1) can we show that 8 NL 1?
        a. margin -0.241073046945804
      no
   (1) can we show that 8 NL 2?
        a. margin -0.07667210440456895
      no
   (1) can we show that 4 NL 1?
        a. margin -0.04390973355084349
      no
   (1) can we show that 4 NL 2?
        a. margin 0.09516041326807856
      yes, 48, ags used 357 = 357
   (1) can we show that 5 NL 1?
        a. margin -0.11768171107485981
      no
   (1) can we show that 5 NL 2?
        a. margin -0.015361609570419321
      no
      Best assertion(s) require sample: 357

ALTERNATE OUTCOME PAIR: 2,5
   (1) can we show that 9 NL 5?
        a. margin -0.2814935653434838
      no
   (1) can we show that 9 NL 2?
        a. margin -0.10309044770708808
      no
   (1) can we show that 7 NL 5?
        a. margin -0.3167935472176907
      no
   (1) can we show that 7 NL 2?
        a. margin -0.09892151531629656
      no
   (1) can we show that 8 NL 5?
        a. margin -0.2729744426318653
      no
   (1) can we show that 8 NL 2?
        a. margin -0.07680804785209461
      no
   (1) can we show that 4 NL 5?
        a. margin -0.07925502990755906
      no
   (1) can we show that 4 NL 2?
        a. margin 0.09561355809316541
      yes, 47, ags used 357 = 357
   (1) can we show that 1 NL 5?
        a. margin -0.17985318107667247
      no
   (1) can we show that 1 NL 2?
        a. margin -0.04064709081022366
      no
      Best assertion(s) require sample: 357

ALTERNATE OUTCOME PAIR: 9,7
   (1) can we show that 2 NL 7?
        a. margin -0.16535254667391708
      no
   (1) can we show that 2 NL 9?
        a. margin -0.1460485771252492
      no
   (1) can we show that 8 NL 7?
        a. margin -0.08804603951422874
      no
   (1) can we show that 8 NL 9?
        a. margin -0.015588181982961968
      no
   (1) can we show that 4 NL 7?
        a. margin -0.009017582019213544
      no
   (1) can we show that 4 NL 9?
        a. margin 0.014455319920246179
      yes, 256, ags used 31 = 256
   (1) can we show that 1 NL 7?
        a. margin -0.03820010875475832
      no
   (1) can we show that 1 NL 9?
        a. margin -0.027369947435200492
      no
   (1) can we show that 5 NL 7?
        a. margin -0.009606670291825381
      no
   (1) can we show that 5 NL 9?
        a. margin -0.0033079572231288212
      no
      Best assertion(s) require sample: 256

ALTERNATE OUTCOME PAIR: 9,8
   (1) can we show that 2 NL 8?
        a. margin -0.3315660685154975
      no
   (1) can we show that 2 NL 9?
        a. margin -0.1350824723581655
      no
   (1) can we show that 7 NL 8?
        a. margin -0.25235635309044857
      no
   (1) can we show that 7 NL 9?
        a. margin -0.03203733913358786
      no
   (1) can we show that 4 NL 8?
        a. margin -0.0293184701830711
      no
   (1) can we show that 4 NL 9?
        a. margin 0.025194852274785795
      yes, 160, ags used 31 = 160
   (1) can we show that 1 NL 8?
        a. margin -0.19399129961935935
      no
   (1) can we show that 1 NL 9?
        a. margin -0.01717418887076394
      no
   (1) can we show that 5 NL 8?
        a. margin -0.16866050389704623
      no
   (1) can we show that 5 NL 9?
        a. margin 0.007250317201376921
      yes, 711, ags used 357 = 711
      Best assertion(s) require sample: 160

ALTERNATE OUTCOME PAIR: 9,4
   (1) can we show that 2 NL 4?
        a. margin -0.36881457313757415
      no
   (1) can we show that 2 NL 9?
        a. margin -0.32562987130687004
      no
   (1) can we show that 7 NL 4?
        a. margin -0.2845749501540701
      no
   (1) can we show that 7 NL 9?
        a. margin -0.23631502628240042
      no
   (1) can we show that 8 NL 4?
        a. margin -0.20454957404386498
      no
   (1) can we show that 8 NL 9?
        a. margin -0.15502084466195443
      no
   (1) can we show that 1 NL 4?
        a. margin -0.2407105310857356
      no
   (1) can we show that 1 NL 9?
        a. margin -0.1940366141018669
      no
   (1) can we show that 5 NL 4?
        a. margin -0.21855174913902542
      no
   (1) can we show that 5 NL 9?
        a. margin -0.16825267355446827
      no

ALTERNATE OUTCOME PAIR: 9,1
   (1) can we show that 2 NL 1?
        a. margin -0.3666394779771611
      no
   (1) can we show that 2 NL 9?
        a. margin -0.14437194127243047
      no
   (1) can we show that 7 NL 1?
        a. margin -0.2722040964292185
      no
   (1) can we show that 7 NL 9?
        a. margin -0.041689323907921016
      no
   (1) can we show that 8 NL 1?
        a. margin -0.24034801522566618
      no
   (1) can we show that 8 NL 9?
        a. margin -0.014545948885263726
      no
   (1) can we show that 4 NL 1?
        a. margin -0.15039876744607594
      no
   (1) can we show that 4 NL 9?
        a. margin 0.01581475439550406
      yes, 238, ags used 31 = 238
   (1) can we show that 5 NL 1?
        a. margin -0.1156425593619721
      no
   (1) can we show that 5 NL 9?
        a. margin -0.0027641834330255355
      no
      Best assertion(s) require sample: 238

ALTERNATE OUTCOME PAIR: 9,5
   (1) can we show that 2 NL 5?
        a. margin -0.4056552474170739
      no
   (1) can we show that 2 NL 9?
        a. margin -0.1412905564618453
      no
   (1) can we show that 7 NL 5?
        a. margin -0.30904477070871805
      no
   (1) can we show that 7 NL 9?
        a. margin -0.03860793909733673
      no
   (1) can we show that 8 NL 5?
        a. margin -0.27079934747145173
      no
   (1) can we show that 8 NL 9?
        a. margin -0.011419249592170444
      no
   (1) can we show that 4 NL 5?
        a. margin -0.18574406380279174
      no
   (1) can we show that 4 NL 9?
        a. margin 0.019349284031174863
      yes, 201, ags used 31 = 201
   (1) can we show that 1 NL 5?
        a. margin -0.17400761283306243
      no
   (1) can we show that 1 NL 9?
        a. margin -0.025104223309770357
      no
      Best assertion(s) require sample: 201

ALTERNATE OUTCOME PAIR: 7,8
   (1) can we show that 2 NL 8?
        a. margin -0.35209352909189773
      no
   (1) can we show that 2 NL 7?
        a. margin -0.1647634584013049
      no
   (1) can we show that 9 NL 8?
        a. margin -0.13471995649809776
      no
   (1) can we show that 9 NL 7?
        a. margin -0.1022294725394235
      no
   (1) can we show that 4 NL 8?
        a. margin 0.07485952510422256
      yes, 61, ags used 357 = 357
   (1) can we show that 4 NL 7?
        a. margin 0.09470726844299415
      yes, 48, ags used 357 = 357
   (1) can we show that 1 NL 8?
        a. margin -0.2131140112379919
      no
   (1) can we show that 1 NL 7?
        a. margin -0.037701649447163366
      no
   (1) can we show that 5 NL 8?
        a. margin -0.18742069965561015
      no
   (1) can we show that 5 NL 7?
        a. margin -0.008926953054196107
      no
      Best assertion(s) require sample: 357

ALTERNATE OUTCOME PAIR: 7,4
   (1) can we show that 2 NL 4?
        a. margin -0.4057458763820916
      no
   (1) can we show that 2 NL 7?
        a. margin -0.1645822004712707
      no
   (1) can we show that 9 NL 4?
        a. margin -0.1987493202827627
      no
   (1) can we show that 9 NL 7?
        a. margin -0.10349827804966472
      no
   (1) can we show that 8 NL 4?
        a. margin -0.23849012144281345
      no
   (1) can we show that 8 NL 7?
        a. margin -0.08759289468914266
      no
   (1) can we show that 1 NL 4?
        a. margin -0.27746057640021793
      no
   (1) can we show that 1 NL 7?
        a. margin -0.03756570599963782
      no
   (1) can we show that 5 NL 4?
        a. margin -0.2547127061808957
      no
   (1) can we show that 5 NL 7?
        a. margin -0.008791009606670452
      no

ALTERNATE OUTCOME PAIR: 7,1
   (1) can we show that 2 NL 1?
        a. margin -0.36256117455138637
      no
   (1) can we show that 2 NL 7?
        a. margin -0.15923509153525484
      no
   (1) can we show that 9 NL 1?
        a. margin -0.234729019394599
      no
   (1) can we show that 9 NL 7?
        a. margin -0.09425412361790919
      no
   (1) can we show that 8 NL 1?
        a. margin -0.22797716150081604
      no
   (1) can we show that 8 NL 7?
        a. margin -0.08025194852274886
      no
   (1) can we show that 4 NL 1?
        a. margin -0.030406017763278448
      no
   (1) can we show that 4 NL 7?
        a. margin 0.10245604495196559
      yes, 44, ags used 357 = 357
   (1) can we show that 5 NL 1?
        a. margin -0.1115642559361979
      no
   (1) can we show that 5 NL 7?
        a. margin -0.008428493746601706
      no
      Best assertion(s) require sample: 357

ALTERNATE OUTCOME PAIR: 7,5
   (1) can we show that 2 NL 5?
        a. margin -0.4007159688236359
      no
   (1) can we show that 2 NL 7?
        a. margin -0.15728656878738456
      no
   (1) can we show that 9 NL 5?
        a. margin -0.26613195577306525
      no
   (1) can we show that 9 NL 7?
        a. margin -0.09262280224759867
      no
   (1) can we show that 8 NL 5?
        a. margin -0.2572503172013775
      no
   (1) can we show that 8 NL 7?
        a. margin -0.0784393692224038
      no
   (1) can we show that 4 NL 5?
        a. margin -0.06357621895958065
      no
   (1) can we show that 4 NL 7?
        a. margin 0.0004078303425769647
      yes, 44, ags used 357 = 357
   (1) can we show that 1 NL 5?
        a. margin -0.16838861700199448
      no
   (1) can we show that 1 NL 7?
        a. margin -0.03416711981149201
      no
      Best assertion(s) require sample: 357

ALTERNATE OUTCOME PAIR: 8,4
   (1) can we show that 2 NL 4?
        a. margin -0.3837230378829073
      no
   (1) can we show that 2 NL 8?
        a. margin -0.3153887982599243
      no
   (1) can we show that 9 NL 4?
        a. margin -0.18442994381004185
      no
   (1) can we show that 9 NL 8?
        a. margin -0.13277143375022715
      no
   (1) can we show that 7 NL 4?
        a. margin -0.29671923146637724
      no
   (1) can we show that 7 NL 8?
        a. margin -0.2358165669748058
      no
   (1) can we show that 1 NL 4?
        a. margin -0.25539242341852486
      no
   (1) can we show that 1 NL 8?
        a. margin -0.17867500453144858
      no
   (1) can we show that 5 NL 4?
        a. margin -0.23296175457676316
      no
   (1) can we show that 5 NL 8?
        a. margin -0.15343483777415312
      no

ALTERNATE OUTCOME PAIR: 8,1
   (1) can we show that 2 NL 1?
        a. margin -0.36228928765633484
      no
   (1) can we show that 2 NL 8?
        a. margin -0.3465198477433389
      no
   (1) can we show that 9 NL 1?
        a. margin -0.243610657966286
      no
   (1) can we show that 9 NL 8?
        a. margin -0.12964473445713376
      no
   (1) can we show that 7 NL 1?
        a. margin -0.2659960123255394
      no
   (1) can we show that 7 NL 8?
        a. margin -0.26599601232554004
      no
   (1) can we show that 4 NL 1?
        a. margin -0.039695486677542746
      no
   (1) can we show that 4 NL 8?
        a. margin 0.07939097335508238
      yes, 57, ags used 357 = 357
   (1) can we show that 5 NL 1?
        a. margin -0.1107485952510433
      no
   (1) can we show that 5 NL 8?
        a. margin -0.18791915896320488
      no
      Best assertion(s) require sample: 357

ALTERNATE OUTCOME PAIR: 8,5
   (1) can we show that 2 NL 5?
        a. margin -0.40017219503353263
      no
   (1) can we show that 2 NL 8?
        a. margin -0.3440728656878742
      no
   (1) can we show that 9 NL 5?
        a. margin -0.2762823998549937
      no
   (1) can we show that 9 NL 8?
        a. margin -0.1277415261917716
      no
   (1) can we show that 7 NL 5?
        a. margin -0.3020210259198841
      no
   (1) can we show that 7 NL 8?
        a. margin -0.26404748957767
      no
   (1) can we show that 4 NL 5?
        a. margin -0.07322820373391381
      no
   (1) can we show that 4 NL 8?
        a. margin 0.08124886713793611
      yes, 56, ags used 357 = 357
   (1) can we show that 1 NL 5?
        a. margin -0.17083559905745926
      no
   (1) can we show that 1 NL 8?
        a. margin -0.21198114917527666
      no
      Best assertion(s) require sample: 357

ALTERNATE OUTCOME PAIR: 4,1
   (1) can we show that 2 NL 1?
        a. margin -0.3597063621533442
      no
   (1) can we show that 2 NL 4?
        a. margin -0.40021750951604096
      no
   (1) can we show that 9 NL 1?
        a. margin -0.24936559724487994
      no
   (1) can we show that 9 NL 4?
        a. margin -0.1931303244516953
      no
   (1) can we show that 7 NL 1?
        a. margin -0.26391154613014367
      no
   (1) can we show that 7 NL 4?
        a. margin -0.3148450244698203
      no
   (1) can we show that 8 NL 1?
        a. margin -0.23545405111473627
      no
   (1) can we show that 8 NL 4?
        a. margin -0.23355084284937477
      no
   (1) can we show that 5 NL 1?
        a. margin -0.10802972630052565
      no
   (1) can we show that 5 NL 4?
        a. margin -0.25262823998549955
      no

ALTERNATE OUTCOME PAIR: 1,5
   (1) can we show that 2 NL 5?
        a. margin -0.3786478158419425
      no
   (1) can we show that 2 NL 1?
        a. margin -0.33695849193402216
      no
   (1) can we show that 9 NL 5?
        a. margin -0.2484593075947077
      no
   (1) can we show that 9 NL 1?
        a. margin -0.21379372847562117
      no
   (1) can we show that 7 NL 5?
        a. margin -0.28389523291644003
      no
   (1) can we show that 7 NL 1?
        a. margin -0.24564980967917438
      no
   (1) can we show that 8 NL 5?
        a. margin -0.23930578212796816
      no
   (1) can we show that 8 NL 1?
        a. margin -0.2065887257567527
      no
   (1) can we show that 4 NL 5?
        a. margin -0.04658328801885325
      no
   (1) can we show that 4 NL 1?
        a. margin -0.009470726844300725
      no

RULE OUT PAIR STAGE ASN 357
------------------------------------------------
EXAMINING WAYS TO REDUCE COST OF AUDIT
------------------------------------------------
Alternate outcome cannot be ruled out: 2,4
Alternate outcome cannot be ruled out: 9,4
Alternate outcome cannot be ruled out: 7,4
Alternate outcome cannot be ruled out: 8,4
Alternate outcome cannot be ruled out: 4,1
Alternate outcome cannot be ruled out: 1,5
Full audit not possible
PARTIAL audit sample size: 357
------------------------------------------------
Final set of assertions generated:
4 NL 8 = 357 [rules out (8, 5), G = {8, 2, 5}, O = set()]
4 NL 8 = 357 [rules out (8, 1), G = {8, 2, 5}, O = set()]
(3, 'AG', 8, 357)
4 NL 8 = 357 [rules out (2, 8), G = {8, 2, 5}, O = set()]

(4, 'AG', 2, 41)
4 NL 8 = 357 [rules out (7, 8), G = {8, 2, 5}, O = set()]

4 NL 9 = 201 [rules out (9, 5), G = {2, 5}, O = set()]
4 NL 7 = 357 [rules out (7, 5), G = {8, 2, 5}, O = set()]
(3, 'AG', 5, 25)
4 NL 9 = 256 [rules out (9, 7), G = {2, 5}, O = set()]
4 NL 9 = 262 [rules out (2, 9), G = {2, 5}, O = set()]

4 NL 2 = 357 [rules out (2, 5), G = {8, 2, 5}, O = set()]
4 NL 7 = 357 [rules out (2, 7), G = {8, 2, 5}, O = set()]

4 NL 9 = 160 [rules out (9, 8), G = {2, 5}, O = set()]
4 NL 2 = 357 [rules out (2, 1), G = {8, 2, 5}, O = set()]
(4, 'AG', 5, 54)
4 NL 9 = 238 [rules out (9, 1), G = {2, 5}, O = set()]
4 NL 7 = 357 [rules out (7, 1), G = {8, 2, 5}, O = set()]
(3, 'AG', 2, 31)
[] are verified winners with these assertions.
[1, 2, 4, 5, 7, 8, 9] remain as potential winners in this audit.
------------------------------------------------
