VALID BALLOTS 6505
Winner 6
Winner 4
Computing AG relationships
2 AG 1 = 97
5 AG 1 = 55
5 AG 7 = 51
6 AG 1 = 23
6 AG 7 = 20
4 AG 1 = 22
4 AG 7 = 31
3 AG 1 = 33
3 AG 7 = 64
Ruling out candidates: [(1, 23), (7, 31)]
STAGE 1 ASN (Ruling out candidates): 31
ALTERNATE OUTCOME PAIR: 2,5
   (1) can we show that 6 NL 5?
        a. margin -0.015219062259800298
      no
   (1) can we show that 6 NL 2?
        a. margin -0.08700999231360507
      no
   (1) can we show that 4 NL 5?
        a. margin -0.10530361260568877
      no
   (1) can we show that 4 NL 2?
        a. margin -0.03177043300025628
      no
   (1) can we show that 3 NL 5?
        a. margin -0.223776582116321
      no
   (1) can we show that 3 NL 2?
        a. margin -0.14614399180117865
      no

ALTERNATE OUTCOME PAIR: 2,6
   (1) can we show that 5 NL 6?
        a. margin -0.17381501409172473
      no
   (1) can we show that 5 NL 2?
        a. margin -0.19077632590315186
      no
   (1) can we show that 4 NL 6?
        a. margin -0.11872918267999044
      no
   (1) can we show that 4 NL 2?
        a. margin -0.023366641045350245
      no
   (1) can we show that 3 NL 6?
        a. margin -0.22095823725339503
      no
   (1) can we show that 3 NL 2?
        a. margin -0.1364078913656166
      no

ALTERNATE OUTCOME PAIR: 2,4
   (1) can we show that 5 NL 4?
        a. margin -0.27947732513451196
      no
   (1) can we show that 5 NL 2?
        a. margin -0.16838329490135817
      no
   (1) can we show that 6 NL 4?
        a. margin -0.16049192928516565
      no
   (1) can we show that 6 NL 2?
        a. margin -0.06277222649244163
      no
   (1) can we show that 3 NL 4?
        a. margin -0.266256725595696
      no
   (1) can we show that 3 NL 2?
        a. margin -0.13799641301562948
      no

ALTERNATE OUTCOME PAIR: 2,3
   (1) can we show that 5 NL 3?
        a. margin -0.1659236484755322
      no
   (1) can we show that 5 NL 2?
        a. margin -0.1684345375352292
      no
   (1) can we show that 6 NL 3?
        a. margin -0.0494491416858831
      no
   (1) can we show that 6 NL 2?
        a. margin -0.06405329233922619
      no
   (1) can we show that 4 NL 3?
        a. margin -0.0020497053548562683
      no
   (1) can we show that 4 NL 2?
        a. margin -0.024289008455034677
      no

ALTERNATE OUTCOME PAIR: 5,6
   (1) can we show that 2 NL 6?
        a. margin -0.2709198052779911
      no
   (1) can we show that 2 NL 5?
        a. margin -0.23551114527286787
      no
   (1) can we show that 4 NL 6?
        a. margin -0.09838585703305203
      no
   (1) can we show that 4 NL 5?
        a. margin -0.06256725595695733
      no
   (1) can we show that 3 NL 6?
        a. margin -0.1955931334870611
      no
   (1) can we show that 3 NL 5?
        a. margin -0.17504483730463805
      no

ALTERNATE OUTCOME PAIR: 5,4
   (1) can we show that 2 NL 4?
        a. margin -0.35413784268511384
      no
   (1) can we show that 2 NL 5?
        a. margin -0.2743530617473736
      no
   (1) can we show that 6 NL 4?
        a. margin -0.16192672303356404
      no
   (1) can we show that 6 NL 5?
        a. margin -0.005329233922623966
      no
   (1) can we show that 3 NL 4?
        a. margin -0.2520112733794516
      no
   (1) can we show that 3 NL 5?
        a. margin -0.21281065846784553
      no

ALTERNATE OUTCOME PAIR: 5,3
   (1) can we show that 2 NL 3?
        a. margin -0.18221880604663088
      no
   (1) can we show that 2 NL 5?
        a. margin -0.2862413528055343
      no
   (1) can we show that 6 NL 3?
        a. margin -0.05908275685370257
      no
   (1) can we show that 6 NL 5?
        a. margin -0.01711503971304107
      no
   (1) can we show that 4 NL 3?
        a. margin -0.008557519856520757
      no
   (1) can we show that 4 NL 5?
        a. margin -0.1095567512170127
      no

ALTERNATE OUTCOME PAIR: 6,3
   (1) can we show that 2 NL 3?
        a. margin -0.18073276966436091
      no
   (1) can we show that 2 NL 6?
        a. margin -0.2973097617217526
      no
   (1) can we show that 5 NL 3?
        a. margin -0.1740199846272098
      no
   (1) can we show that 5 NL 6?
        a. margin -0.17612093261593664
      no
   (1) can we show that 4 NL 3?
        a. margin -0.006866512938765501
      no
   (1) can we show that 4 NL 6?
        a. margin -0.12334101972841416
      no

ALTERNATE OUTCOME PAIR: 4,3
   (1) can we show that 2 NL 3?
        a. margin -0.16710222905457317
      no
   (1) can we show that 2 NL 4?
        a. margin -0.3512682551883165
      no
   (1) can we show that 5 NL 3?
        a. margin -0.15336920317704317
      no
   (1) can we show that 5 NL 4?
        a. margin -0.26113246220855757
      no
   (1) can we show that 6 NL 3?
        a. margin -0.037048424289008564
      no
   (1) can we show that 6 NL 4?
        a. margin -0.14271073533179612
      no

RULE OUT PAIR STAGE ASN 0
------------------------------------------------
Alternate outcome cannot be ruled out: 2,5
Alternate outcome cannot be ruled out: 2,6
Alternate outcome cannot be ruled out: 2,4
Alternate outcome cannot be ruled out: 2,3
Alternate outcome cannot be ruled out: 5,6
Alternate outcome cannot be ruled out: 5,4
Alternate outcome cannot be ruled out: 5,3
Alternate outcome cannot be ruled out: 6,3
Alternate outcome cannot be ruled out: 4,3
Full audit not possible
PARTIAL audit sample size: 31
------------------------------------------------
Final set of assertions generated:
(3, 'AG', 0, 22)
(5, 'AG', 6, 20)
(3, 'AG', 6, 31)
(5, 'AG', 0, 23)
[] are verified winners with these assertions.
[2, 3, 4, 5, 6] remain as potential winners in this audit.
------------------------------------------------
