VALID BALLOTS 5043
90 ballot checks required to assert that first winner has a quota's worth of votes
AUD TV 0.11969026548672566, ss 113
AG*(6,2) = 41
AG*(6,3) = 79
AG*(6,4) = 64
AG*(6,5) = 23
AG*(6,7) = 281
AG*(6,8) = 31
AG*(1,2) = 27
AG*(1,3) = 36
AG*(1,4) = 20
AG*(1,5) = 15
AG*(1,7) = 78
AG*(1,8) = 17
AG*(3,5) = 47
AG*(3,8) = 1755
AG*(4,5) = 218
AG*(6,2) = 41
AG*(6,3) = 79
AG*(6,4) = 64
AG*(6,5) = 23
AG*(6,7) = 281
AG*(6,8) = 31
AG*(7,2) = 309
AG*(7,5) = 61
AG*(7,8) = 232
NL(6,5) = 23, AG*'s used 0
NL(6,8) = 30, AG*'s used 23
NL(6,2) = 40, AG*'s used 31
NL(6,4) = 55, AG*'s used 41
NL(6,3) = 62, AG*'s used 64
NL(6,7) = 52, AG*'s used 79
Max in loop 113, 0.11969026548672566
AUD TV 0.16969026548672567, ss 53
AG*(6,2) = 42
AG*(6,3) = 80
AG*(6,4) = 82
AG*(6,5) = 23
AG*(6,7) = 456
AG*(6,8) = 32
AG*(1,2) = 27
AG*(1,3) = 36
AG*(1,4) = 20
AG*(1,5) = 15
AG*(1,7) = 78
AG*(1,8) = 17
AG*(3,5) = 48
AG*(4,5) = 219
AG*(6,2) = 42
AG*(6,3) = 80
AG*(6,4) = 82
AG*(6,5) = 23
AG*(6,7) = 456
AG*(6,8) = 32
AG*(7,2) = 344
AG*(7,5) = 61
AG*(7,8) = 303
NL(6,5) = 23, AG*'s used 0
NL(6,8) = 31, AG*'s used 23
NL(6,2) = 40, AG*'s used 32
NL(6,4) = 68, AG*'s used 42
NL(6,3) = 66, AG*'s used 42
NL(6,7) = 60, AG*'s used 80
Max in loop 90, 0.16969026548672567
AUD TV 0.21969026548672566, ss 33
AG*(6,2) = 43
AG*(6,3) = 81
AG*(6,4) = 112
AG*(6,5) = 23
AG*(6,7) = 886
AG*(6,8) = 33
AG*(1,2) = 27
AG*(1,3) = 36
AG*(1,4) = 20
AG*(1,5) = 15
AG*(1,7) = 78
AG*(1,8) = 17
AG*(3,5) = 49
AG*(4,5) = 219
AG*(6,2) = 43
AG*(6,3) = 81
AG*(6,4) = 112
AG*(6,5) = 23
AG*(6,7) = 886
AG*(6,8) = 33
AG*(7,2) = 443
AG*(7,5) = 62
AG*(7,8) = 501
NL(6,5) = 23, AG*'s used 0
NL(6,8) = 33, AG*'s used 23
NL(6,2) = 41, AG*'s used 33
NL(6,4) = 43, AG*'s used 81
NL(6,3) = 67, AG*'s used 43
NL(6,7) = 64, AG*'s used 81
Max in loop 90, 0.21969026548672566
AUD TV 0.26969026548672564, ss 23
AG*(6,2) = 44
AG*(6,3) = 82
AG*(6,4) = 177
AG*(6,5) = 23
AG*(6,7) = 5043
AG*(6,8) = 34
AG*(1,2) = 27
AG*(1,3) = 36
AG*(1,4) = 20
AG*(1,5) = 15
AG*(1,7) = 78
AG*(1,8) = 17
AG*(3,5) = 49
AG*(4,5) = 220
AG*(6,2) = 44
AG*(6,3) = 82
AG*(6,4) = 177
AG*(6,5) = 23
AG*(6,7) = 5043
AG*(6,8) = 34
AG*(7,2) = 508
AG*(7,5) = 62
AG*(7,8) = 1117
NL(6,5) = 23, AG*'s used 0
NL(6,8) = 34, AG*'s used 23
NL(6,2) = 42, AG*'s used 34
NL(6,4) = 50, AG*'s used 82
NL(6,3) = 68, AG*'s used 44
NL(6,7) = 68, AG*'s used 82
Max in loop 90, 0.26969026548672564
AUD TV 0.31969026548672563, ss 17
AG*(6,2) = 44
AG*(6,3) = 83
AG*(6,4) = 478
AG*(6,5) = 23
AG*(6,8) = 35
AG*(1,2) = 27
AG*(1,3) = 36
AG*(1,4) = 20
AG*(1,5) = 15
AG*(1,7) = 78
AG*(1,8) = 17
AG*(3,5) = 50
AG*(4,5) = 221
AG*(6,2) = 44
AG*(6,3) = 83
AG*(6,4) = 478
AG*(6,5) = 23
AG*(6,8) = 35
AG*(7,2) = 596
AG*(7,5) = 62
AG*(7,8) = 5043
NL(6,5) = 23, AG*'s used 0
NL(6,8) = 35, AG*'s used 23
NL(6,2) = 42, AG*'s used 35
NL(6,4) = 60, AG*'s used 83
NL(6,3) = 69, AG*'s used 44
NL(6,7) = 74, AG*'s used 83
Max in loop 90, 0.31969026548672563
AUD TV 0.3696902654867256, ss 13
AG*(6,2) = 45
AG*(6,3) = 85
AG*(6,5) = 23
AG*(6,8) = 37
AG*(1,2) = 27
AG*(1,3) = 36
AG*(1,4) = 20
AG*(1,5) = 15
AG*(1,7) = 78
AG*(1,8) = 17
AG*(3,5) = 51
AG*(4,5) = 222
AG*(6,2) = 45
AG*(6,3) = 85
AG*(6,5) = 23
AG*(6,8) = 37
AG*(7,2) = 807
AG*(7,5) = 63
NL(6,5) = 23, AG*'s used 0
NL(6,8) = 36, AG*'s used 23
NL(6,2) = 43, AG*'s used 37
NL(6,4) = 75, AG*'s used 85
NL(6,3) = 70, AG*'s used 45
NL(6,7) = 80, AG*'s used 85
Max in loop 90, 0.3696902654867256
AUD TV 0.4196902654867256, ss 10
AG*(6,2) = 46
AG*(6,3) = 86
AG*(6,5) = 23
AG*(6,8) = 38
AG*(1,2) = 27
AG*(1,3) = 36
AG*(1,4) = 20
AG*(1,5) = 15
AG*(1,7) = 78
AG*(1,8) = 17
AG*(3,5) = 51
AG*(4,5) = 223
AG*(6,2) = 46
AG*(6,3) = 86
AG*(6,5) = 23
AG*(6,8) = 38
AG*(7,2) = 1124
AG*(7,5) = 63
NL(6,5) = 23, AG*'s used 0
NL(6,8) = 38, AG*'s used 23
NL(6,2) = 44, AG*'s used 38
NL(6,4) = 100, AG*'s used 86
NL(6,3) = 70, AG*'s used 46
NL(6,7) = 88, AG*'s used 86
Max in loop 100, 0.4196902654867256
Breaking out of inner loop 100 > 90
Sample size to show min tv of 0.03484513274336283 is 175
Sample size required for audit is 90 ballots
------------------------------------------------
Assertion set BEFORE filtering:
(5, 'NL', 3, 85)
(0, 'MT', None, (0.3696902654867256, 13))
(5, 'NL', 1, 43)
(5, 'NL', 7, 36)
(5, 'NL', 6, 85)
(5, 'NL', 4, 23)
(5, 'AG*', 1, 45)
(5, 'NL', 2, 70)
(5, 'AG*', 2, 85)
(0, 'QT', None, 90)
(5, 'AG*', 7, 37)
(5, 'AG*', 4, 23)
------------------------------------------------
Final set of assertions AFTER filtering:
(5, 'NL', 3, 85)
(0, 'MT', None, (0.3696902654867256, 13))
(5, 'NL', 1, 43)
(5, 'NL', 7, 36)
(5, 'NL', 6, 85)
(5, 'NL', 4, 23)
(5, 'AG*', 1, 45)
(5, 'NL', 2, 70)
(5, 'AG*', 2, 85)
(0, 'QT', None, 90)
(5, 'AG*', 7, 37)
(5, 'AG*', 4, 23)
------------------------------------------------
Explanations for AG* inclusion:
   Explanation for (5, 'AG*', 1, 45): []
   Explanation for (5, 'AG*', 2, 85): []
   Explanation for (5, 'AG*', 7, 37): []
   Explanation for (5, 'AG*', 4, 23): []
------------------------------------------------
