VALID BALLOTS 4062
102 ballot checks required to assert that first winner has a quota's worth of votes
AUD TV 0.11163434903047093, ss 115
AG*(3,2) = 30
AG*(3,4) = 31
AG*(3,6) = 26
AG*(1,2) = 36
AG*(1,4) = 39
AG*(1,6) = 41
AG*(3,2) = 30
AG*(3,4) = 31
AG*(3,6) = 26
AG*(5,2) = 36
AG*(5,4) = 37
AG*(5,6) = 39
NL(3,2) = 28, AG*'s used 26
NL(3,6) = 26, AG*'s used 0
NL(3,4) = 29, AG*'s used 26
NL(3,1) = 237, AG*'s used 31
Max in loop 237, 0.11163434903047093
AUD TV 0.16163434903047091, ss 54
AG*(3,2) = 30
AG*(3,4) = 31
AG*(3,6) = 26
AG*(1,2) = 38
AG*(1,4) = 41
AG*(1,6) = 43
AG*(3,2) = 30
AG*(3,4) = 31
AG*(3,6) = 26
AG*(5,2) = 36
AG*(5,4) = 37
AG*(5,6) = 39
NL(3,2) = 29, AG*'s used 26
NL(3,6) = 26, AG*'s used 0
NL(3,4) = 29, AG*'s used 26
NL(3,1) = 249, AG*'s used 31
Max in loop 249, 0.16163434903047091
Breaking out of inner loop 249 > 237
Sample size to show min tv of 0.030817174515235458 is 200
AUD TV 0.11163434903047093, ss 115
AG*(3,2) = 29
AG*(3,4) = 30
AG*(3,6) = 25
AG*(1,2) = 36
AG*(1,4) = 39
AG*(1,6) = 41
AG*(3,2) = 29
AG*(3,4) = 30
AG*(3,6) = 25
AG*(5,2) = 36
AG*(5,4) = 37
AG*(5,6) = 39
NL(3,2) = 27, AG*'s used 25
NL(3,6) = 25, AG*'s used 0
NL(3,4) = 28, AG*'s used 25
NL(3,1) = 179, AG*'s used 30
Max in loop 200, 0.11163434903047093
AUD TV 0.16163434903047091, ss 54
AG*(3,2) = 29
AG*(3,4) = 30
AG*(3,6) = 26
AG*(1,2) = 38
AG*(1,4) = 41
AG*(1,6) = 43
AG*(3,2) = 29
AG*(3,4) = 30
AG*(3,6) = 26
AG*(5,2) = 36
AG*(5,4) = 37
AG*(5,6) = 39
NL(3,2) = 28, AG*'s used 26
NL(3,6) = 26, AG*'s used 0
NL(3,4) = 28, AG*'s used 26
NL(3,1) = 185, AG*'s used 30
Max in loop 200, 0.16163434903047091
AUD TV 0.2116343490304709, ss 33
AG*(3,2) = 30
AG*(3,4) = 31
AG*(3,6) = 26
AG*(1,2) = 39
AG*(1,4) = 43
AG*(1,6) = 46
AG*(3,2) = 30
AG*(3,4) = 31
AG*(3,6) = 26
AG*(5,2) = 36
AG*(5,4) = 37
AG*(5,6) = 39
NL(3,2) = 28, AG*'s used 26
NL(3,6) = 26, AG*'s used 0
NL(3,4) = 29, AG*'s used 26
NL(3,1) = 192, AG*'s used 31
Max in loop 200, 0.2116343490304709
AUD TV 0.2616343490304709, ss 23
AG*(3,2) = 30
AG*(3,4) = 32
AG*(3,6) = 26
AG*(1,2) = 41
AG*(1,4) = 45
AG*(1,6) = 49
AG*(3,2) = 30
AG*(3,4) = 32
AG*(3,6) = 26
AG*(5,2) = 36
AG*(5,4) = 37
AG*(5,6) = 39
NL(3,2) = 28, AG*'s used 26
NL(3,6) = 26, AG*'s used 0
NL(3,4) = 29, AG*'s used 26
NL(3,1) = 199, AG*'s used 32
Max in loop 200, 0.2616343490304709
AUD TV 0.3116343490304709, ss 17
AG*(3,2) = 31
AG*(3,4) = 32
AG*(3,6) = 27
AG*(1,2) = 43
AG*(1,4) = 47
AG*(1,6) = 52
AG*(3,2) = 31
AG*(3,4) = 32
AG*(3,6) = 27
AG*(5,2) = 36
AG*(5,4) = 37
AG*(5,6) = 39
NL(3,2) = 29, AG*'s used 27
NL(3,6) = 27, AG*'s used 0
NL(3,4) = 30, AG*'s used 27
NL(3,1) = 207, AG*'s used 32
Max in loop 207, 0.3116343490304709
Breaking out of inner loop 207 > 200
New mintv = 0.08081717451523546
Sample size required for audit is 200 ballots
------------------------------------------------
Assertion set BEFORE filtering:
(4, 'LT', None, (0.030817174515235458, 200))
(2, 'NL', 1, 28)
(2, 'NL', 5, 26)
(4, 'MT', None, (0.2616343490304709, 23))
(2, 'NL', 3, 29)
(2, 'NL', 0, 199)
(2, 'AG*', 1, 30)
(4, 'QT', None, 102)
(2, 'AG*', 3, 32)
(2, 'AG*', 5, 26)
------------------------------------------------
Final set of assertions AFTER filtering:
(4, 'LT', None, (0.030817174515235458, 200))
(2, 'NL', 1, 28)
(2, 'NL', 5, 26)
(4, 'MT', None, (0.2616343490304709, 23))
(2, 'NL', 3, 29)
(2, 'NL', 0, 199)
(2, 'AG*', 1, 30)
(4, 'QT', None, 102)
(2, 'AG*', 3, 32)
(2, 'AG*', 5, 26)
------------------------------------------------
Explanations for AG* inclusion:
   Explanation for (2, 'AG*', 1, 30): []
   Explanation for (2, 'AG*', 3, 32): []
   Explanation for (2, 'AG*', 5, 26): []
------------------------------------------------
