VALID BALLOTS 3432
22 ballot checks required to assert that first winner has a quota's worth of votes
AUD TV 0.2830877427997321, ss 76
AG*(4,1) = 27
AG*(4,2) = 362
AG*(4,5) = 67
AG*(2,1) = 42
AG*(3,1) = 15
AG*(3,5) = 30
AG*(4,1) = 27
AG*(4,2) = 362
AG*(4,5) = 67
AG*(5,1) = 853
NL(4,1) = 27, AG*'s used 0
NL(4,5) = 62, AG*'s used 27
NL(4,2) = 109, AG*'s used 67
Max in loop 109, 0.2830877427997321
AUD TV 0.3330877427997321, ss 35
AG*(4,1) = 28
AG*(4,2) = 459
AG*(4,5) = 78
AG*(2,1) = 45
AG*(3,1) = 15
AG*(3,5) = 30
AG*(4,1) = 28
AG*(4,2) = 459
AG*(4,5) = 78
AG*(5,1) = 2085
NL(4,1) = 28, AG*'s used 0
NL(4,5) = 73, AG*'s used 28
NL(4,2) = 117, AG*'s used 78
Max in loop 117, 0.3330877427997321
Breaking out of inner loop 117 > 109
Sample size to show min tv of 0.11654387139986604 is 39
AUD TV 0.2830877427997321, ss 76
AG*(4,1) = 27
AG*(4,2) = 296
AG*(4,5) = 64
AG*(2,1) = 42
AG*(2,5) = 3432
AG*(3,1) = 15
AG*(3,5) = 30
AG*(4,1) = 27
AG*(4,2) = 296
AG*(4,5) = 64
AG*(5,1) = 172
NL(4,1) = 27, AG*'s used 0
NL(4,5) = 60, AG*'s used 27
NL(4,2) = 94, AG*'s used 64
Max in loop 94, 0.2830877427997321
AUD TV 0.3330877427997321, ss 35
AG*(4,1) = 28
AG*(4,2) = 358
AG*(4,5) = 75
AG*(2,1) = 44
AG*(3,1) = 15
AG*(3,5) = 30
AG*(4,1) = 28
AG*(4,2) = 358
AG*(4,5) = 75
AG*(5,1) = 194
NL(4,1) = 28, AG*'s used 0
NL(4,5) = 69, AG*'s used 28
NL(4,2) = 100, AG*'s used 75
Max in loop 100, 0.3330877427997321
Breaking out of inner loop 100 > 94
New mintv = 0.16654387139986604
Sample size to show min tv of 0.16654387139986604 is 65
AUD TV 0.2830877427997321, ss 76
AG*(4,1) = 27
AG*(4,2) = 275
AG*(4,5) = 63
AG*(2,1) = 41
AG*(2,5) = 3174
AG*(3,1) = 15
AG*(3,5) = 30
AG*(4,1) = 27
AG*(4,2) = 275
AG*(4,5) = 63
AG*(5,1) = 130
NL(4,1) = 27, AG*'s used 0
NL(4,5) = 59, AG*'s used 27
NL(4,2) = 89, AG*'s used 63
Max in loop 89, 0.2830877427997321
AUD TV 0.3330877427997321, ss 35
AG*(4,1) = 28
AG*(4,2) = 327
AG*(4,5) = 73
AG*(2,1) = 44
AG*(3,1) = 15
AG*(3,5) = 30
AG*(4,1) = 28
AG*(4,2) = 327
AG*(4,5) = 73
AG*(5,1) = 142
NL(4,1) = 28, AG*'s used 0
NL(4,5) = 68, AG*'s used 28
NL(4,2) = 94, AG*'s used 73
Max in loop 94, 0.3330877427997321
Breaking out of inner loop 94 > 89
New mintv = 0.21654387139986603
Sample size to show min tv of 0.21654387139986603 is 244
Sample size required for audit is 89 ballots
------------------------------------------------
Assertion set BEFORE filtering:
(3, 'NL', 0, 27)
(3, 'NL', 4, 59)
(2, 'QT', None, 22)
(3, 'AG*', 4, 63)
(3, 'NL', 1, 89)
(3, 'AG*', 0, 27)
(2, 'MT', None, (0.2830877427997321, 76))
(2, 'LT', None, (0.16654387139986604, 65))
------------------------------------------------
Final set of assertions AFTER filtering:
(3, 'NL', 0, 27)
(3, 'NL', 4, 59)
(2, 'QT', None, 22)
(3, 'AG*', 4, 63)
(3, 'NL', 1, 89)
(3, 'AG*', 0, 27)
(2, 'MT', None, (0.2830877427997321, 76))
(2, 'LT', None, (0.16654387139986604, 65))
------------------------------------------------
Explanations for AG* inclusion:
   Explanation for (3, 'AG*', 4, 63): []
   Explanation for (3, 'AG*', 0, 27): []
------------------------------------------------
