VALID BALLOTS 1833
Winner 4
Winner 1
Computing AG relationships
4 AG 2 = 26
4 AG 6 = 55
4 AG 5 = 131
1 AG 2 = 32
1 AG 6 = 56
Ruling out candidates: [(2, 32), (6, 56)]
STAGE 1 ASN (Ruling out candidates): 56
ALTERNATE OUTCOME PAIR: 4,5
   (1) can we show that 1 NL 5?
        a. margin 0.011820330969266823
      yes, 356, ags used 56 = 356
   (1) can we show that 1 NL 4?
        a. margin -0.16493907983269696
      no
   (1) can we show that 1 NL 5?
        a. margin 0.011820330969266823
      yes, 356, ags used 56 = 356
   (1) can we show that 1 NL 4?
        a. margin -0.16493907983269696
      no
      Best assertion(s) require sample: 356

ALTERNATE OUTCOME PAIR: 5,1
   (1) can we show that 4 NL 1?
        a. margin -0.07255864702673209
      no
   (1) can we show that 4 NL 5?
        a. margin 0.05582833242407714
      yes, 51, ags used 55 = 55
      Best assertion(s) require sample: 55

ALTERNATE OUTCOME PAIR: 5,1
   (1) can we show that 4 NL 1?
        a. margin -0.07255864702673209
      no
   (1) can we show that 4 NL 5?
        a. margin 0.05582833242407714
      yes, 51, ags used 55 = 55
      Best assertion(s) require sample: 55

RULE OUT PAIR STAGE ASN 356
------------------------------------------------
EXAMINING WAYS TO REDUCE COST OF AUDIT
------------------------------------------------
FULL audit sample size: 356
------------------------------------------------
Final set of assertions generated:
(3, 'AG', 1, 26)
(0, 'AG', 5, 56)
(0, 'AG', 1, 32)
(3, 'AG', 5, 55)
4 NL 5 = 55 [rules out (5, 1), G = {1, 5}, O = set()]
1 NL 5 = 356 [rules out (4, 5), G = {1, 5}, O = set()]

All winners are verified in audit.
------------------------------------------------
