VALID BALLOTS 5741
Winner 6
Winner 4
Computing AG relationships
7 AG 1 = 112
6 AG 1 = 18
6 AG 5 = 27
6 AG 7 = 81
2 AG 1 = 86
4 AG 1 = 76
Ruling out candidates: [(1, 76)]
STAGE 1 ASN (Ruling out candidates): 76
ALTERNATE OUTCOME PAIR: 5,3
   (1) can we show that 7 NL 3?
        a. margin -0.31382453695639534
      no
   (1) can we show that 7 NL 5?
        a. margin 0.06584218777216488
      yes, 69, ags used 27 = 69
   (1) can we show that 6 NL 3?
        a. margin -0.12320733902339887
      no
   (1) can we show that 6 NL 5?
        a. margin 0.1705858445102475
      yes, 25, ags used 18 = 25
   (1) can we show that 2 NL 3?
        a. margin -0.05370725193055825
      no
   (1) can we show that 2 NL 5?
        a. margin 0.1085757417406954
      yes, 42, ags used 27 = 42
   (1) can we show that 4 NL 3?
        a. margin -0.08175114672240635
      no
   (1) can we show that 4 NL 5?
        a. margin 0.11687859257968958
      yes, 39, ags used 27 = 39
      Best assertion(s) require sample: 25

ALTERNATE OUTCOME PAIR: 5,7
   (1) can we show that 3 NL 7?
        a. margin -0.05846832723683415
      no
   (1) can we show that 3 NL 5?
        a. margin 0.031585670324565385
      yes, 144, ags used 27 = 144
   (1) can we show that 6 NL 7?
        a. margin 0.06067467920803549
      yes, 69, ags used 18 = 69
   (1) can we show that 6 NL 5?
        a. margin 0.17941125239505218
      yes, 24, ags used 18 = 24
   (1) can we show that 2 NL 7?
        a. margin 0.03094698949079655
      yes, 144, ags used 86 = 144
   (1) can we show that 2 NL 5?
        a. margin 0.11879463508099564
      yes, 38, ags used 27 = 38
   (1) can we show that 4 NL 7?
        a. margin 0.04203681124078229
      yes, 108, ags used 81 = 108
   (1) can we show that 4 NL 5?
        a. margin 0.1269813621320317
      yes, 36, ags used 27 = 36
      Best assertion(s) require sample: 24

ALTERNATE OUTCOME PAIR: 5,6
   (1) can we show that 3 NL 6?
        a. margin -0.27823259594727945
      no
   (1) can we show that 3 NL 5?
        a. margin -0.12494919584276887
      no
   (1) can we show that 7 NL 6?
        a. margin -0.20954537537014462
      no
   (1) can we show that 7 NL 5?
        a. margin -0.03245659873425144
      no
   (1) can we show that 2 NL 6?
        a. margin -0.18881727921964875
      no
   (1) can we show that 2 NL 5?
        a. margin -0.03518550775126361
      no
   (1) can we show that 4 NL 6?
        a. margin -0.1804563664866754
      no
   (1) can we show that 4 NL 5?
        a. margin -0.02699878070022721
      no

ALTERNATE OUTCOME PAIR: 5,2
   (1) can we show that 3 NL 2?
        a. margin -0.2241189107588687
      no
   (1) can we show that 3 NL 5?
        a. margin 0.021947395924055035
      yes, 207, ags used 27 = 207
   (1) can we show that 7 NL 2?
        a. margin -0.3284561342390986
      no
   (1) can we show that 7 NL 5?
        a. margin 0.06740985890959772
      yes, 67, ags used 27 = 67
   (1) can we show that 6 NL 2?
        a. margin -0.1324972420600361
      no
   (1) can we show that 6 NL 5?
        a. margin 0.173430877315218
      yes, 25, ags used 18 = 25
   (1) can we show that 4 NL 2?
        a. margin -0.08117052778261657
      no
   (1) can we show that 4 NL 5?
        a. margin 0.11745921151947947
      yes, 38, ags used 27 = 38
      Best assertion(s) require sample: 25

ALTERNATE OUTCOME PAIR: 5,4
   (1) can we show that 3 NL 4?
        a. margin -0.20710677582302706
      no
   (1) can we show that 3 NL 5?
        a. margin 0.02188933403007587
      yes, 208, ags used 27 = 208
   (1) can we show that 7 NL 4?
        a. margin -0.3468617546304359
      no
   (1) can we show that 7 NL 5?
        a. margin 0.06752598269755539
      yes, 67, ags used 27 = 67
   (1) can we show that 6 NL 4?
        a. margin -0.1534575857864482
      no
   (1) can we show that 6 NL 5?
        a. margin 0.17389537246704911
      yes, 25, ags used 18 = 25
   (1) can we show that 2 NL 4?
        a. margin -0.13853567903385022
      no
   (1) can we show that 2 NL 5?
        a. margin 0.1093305463624219
      yes, 41, ags used 27 = 41
      Best assertion(s) require sample: 25

ALTERNATE OUTCOME PAIR: 3,7
   (1) can we show that 5 NL 7?
        a. margin -0.167392440341404
      no
   (1) can we show that 5 NL 3?
        a. margin -0.42443244498635535
      no
   (1) can we show that 6 NL 7?
        a. margin 0.06230041223944727
      yes, 50, ags used 27 = 50
   (1) can we show that 6 NL 3?
        a. margin -0.12965220925506615
      no
   (1) can we show that 2 NL 7?
        a. margin 0.028218080473785268
      yes, 158, ags used 86 = 158
   (1) can we show that 2 NL 3?
        a. margin -0.050049352609882414
      no
   (1) can we show that 4 NL 7?
        a. margin 0.03895953085989645
      yes, 117, ags used 81 = 117
   (1) can we show that 4 NL 3?
        a. margin -0.07733844278000368
      no
      Best assertion(s) require sample: 50

ALTERNATE OUTCOME PAIR: 3,6
   (1) can we show that 5 NL 6?
        a. margin -0.32311443999303247
      no
   (1) can we show that 5 NL 3?
        a. margin -0.4250711258201241
      no
   (1) can we show that 7 NL 6?
        a. margin -0.21575799802589568
      no
   (1) can we show that 7 NL 3?
        a. margin -0.31051500899959306
      no
   (1) can we show that 2 NL 6?
        a. margin -0.1974104395285372
      no
   (1) can we show that 2 NL 3?
        a. margin -0.04685594844103813
      no
   (1) can we show that 4 NL 6?
        a. margin -0.18899146490158492
      no
   (1) can we show that 4 NL 3?
        a. margin -0.07449340997503362
      no

ALTERNATE OUTCOME PAIR: 3,2
   (1) can we show that 5 NL 2?
        a. margin -0.4137490564942228
      no
   (1) can we show that 5 NL 3?
        a. margin -0.3743250304824943
      no
   (1) can we show that 7 NL 2?
        a. margin -0.2984961969459441
      no
   (1) can we show that 7 NL 3?
        a. margin -0.2593624804041105
      no
   (1) can we show that 6 NL 2?
        a. margin -0.06241653602740527
      no
   (1) can we show that 6 NL 3?
        a. margin -0.02845032804970049
      no
   (1) can we show that 4 NL 2?
        a. margin -0.07147419148812639
      no
   (1) can we show that 4 NL 3?
        a. margin -0.04000464495151779
      no

ALTERNATE OUTCOME PAIR: 3,4
   (1) can we show that 5 NL 4?
        a. margin -0.4366254427219416
      no
   (1) can we show that 5 NL 3?
        a. margin -0.37426696858851505
      no
   (1) can we show that 7 NL 4?
        a. margin -0.3166695697613654
      no
   (1) can we show that 7 NL 3?
        a. margin -0.2602334088137953
      no
   (1) can we show that 6 NL 4?
        a. margin -0.08308657028392263
      no
   (1) can we show that 6 NL 3?
        a. margin -0.028682575625617268
      no
   (1) can we show that 2 NL 4?
        a. margin -0.11862044939905936
      no
   (1) can we show that 2 NL 3?
        a. margin -0.021424838878244645
      no

ALTERNATE OUTCOME PAIR: 7,6
   (1) can we show that 5 NL 6?
        a. margin -0.3126052371828366
      no
   (1) can we show that 5 NL 7?
        a. margin -0.2378215177379086
      no
   (1) can we show that 3 NL 6?
        a. margin -0.2724844684433603
      no
   (1) can we show that 3 NL 7?
        a. margin -0.1865528653544679
      no
   (1) can we show that 2 NL 6?
        a. margin -0.18301108982175018
      no
   (1) can we show that 2 NL 7?
        a. margin -0.09411833013992932
      no
   (1) can we show that 4 NL 6?
        a. margin -0.17505661034662978
      no
   (1) can we show that 4 NL 7?
        a. margin -0.08314463217790191
      no

ALTERNATE OUTCOME PAIR: 7,2
   (1) can we show that 5 NL 2?
        a. margin -0.43912210416303776
      no
   (1) can we show that 5 NL 7?
        a. margin -0.16361841723276993
      no
   (1) can we show that 3 NL 2?
        a. margin -0.2199965162863613
      no
   (1) can we show that 3 NL 7?
        a. margin -0.060268245950182764
      no
   (1) can we show that 6 NL 2?
        a. margin -0.138651802821808
      no
   (1) can we show that 6 NL 7?
        a. margin 0.06677117807582911
      yes, 48, ags used 27 = 48
   (1) can we show that 4 NL 2?
        a. margin -0.07728038088602474
      no
   (1) can we show that 4 NL 7?
        a. margin 0.040062706845497065
      yes, 114, ags used 81 = 114
      Best assertion(s) require sample: 48

ALTERNATE OUTCOME PAIR: 7,4
   (1) can we show that 5 NL 4?
        a. margin -0.4599082622075129
      no
   (1) can we show that 5 NL 7?
        a. margin -0.16025082738198904
      no
   (1) can we show that 3 NL 4?
        a. margin -0.20176508157696116
      no
   (1) can we show that 3 NL 7?
        a. margin -0.05916506996458215
      no
   (1) can we show that 6 NL 4?
        a. margin -0.15717354700110342
      no
   (1) can we show that 6 NL 7?
        a. margin 0.06990652035069367
      yes, 46, ags used 27 = 46
   (1) can we show that 2 NL 4?
        a. margin -0.1324391801660576
      no
   (1) can we show that 2 NL 7?
        a. margin 0.030308308657028382
      yes, 147, ags used 86 = 147
      Best assertion(s) require sample: 46

ALTERNATE OUTCOME PAIR: 6,2
   (1) can we show that 5 NL 2?
        a. margin -0.4381931138593739
      no
   (1) can we show that 5 NL 6?
        a. margin -0.32067584044591524
      no
   (1) can we show that 3 NL 2?
        a. margin -0.21390001741856757
      no
   (1) can we show that 3 NL 6?
        a. margin -0.2856064564826104
      no
   (1) can we show that 7 NL 2?
        a. margin -0.3245079254485278
      no
   (1) can we show that 7 NL 6?
        a. margin -0.21326133658479907
      no
   (1) can we show that 4 NL 2?
        a. margin -0.07309992451953817
      no
   (1) can we show that 4 NL 6?
        a. margin -0.1876560413400684
      no

ALTERNATE OUTCOME PAIR: 2,4
   (1) can we show that 5 NL 4?
        a. margin -0.4118330139929166
      no
   (1) can we show that 5 NL 2?
        a. margin -0.390582360796609
      no
   (1) can we show that 3 NL 4?
        a. margin -0.1932880450560296
      no
   (1) can we show that 3 NL 2?
        a. margin -0.2008941531672761
      no
   (1) can we show that 7 NL 4?
        a. margin -0.29205132671427736
      no
   (1) can we show that 7 NL 2?
        a. margin -0.2760843058700575
      no
   (1) can we show that 6 NL 4?
        a. margin -0.058758636706728984
      no
   (1) can we show that 6 NL 2?
        a. margin -0.03948208790570773
      no

RULE OUT PAIR STAGE ASN 50
------------------------------------------------
Alternate outcome cannot be ruled out: 5,6
Alternate outcome cannot be ruled out: 3,6
Alternate outcome cannot be ruled out: 3,2
Alternate outcome cannot be ruled out: 3,4
Alternate outcome cannot be ruled out: 7,6
Alternate outcome cannot be ruled out: 6,2
Alternate outcome cannot be ruled out: 2,4
Full audit not possible
PARTIAL audit sample size: 76
------------------------------------------------
Final set of assertions generated:
6 NL 5 = 25 [rules out (5, 4), G = {0}, O = set()]
6 NL 5 = 25 [rules out (5, 3), G = {0}, O = set()]
(5, 'AG', 0, 18)
(5, 'AG', 4, 27)
6 NL 7 = 50 [rules out (3, 7), G = {0, 4}, O = set()]

6 NL 5 = 24 [rules out (5, 7), G = {0}, O = set()]
(3, 'AG', 0, 76)
6 NL 7 = 46 [rules out (7, 4), G = {0, 4}, O = set()]
6 NL 5 = 25 [rules out (5, 2), G = {0}, O = set()]
6 NL 7 = 48 [rules out (7, 2), G = {0, 4}, O = set()]
[] are verified winners with these assertions.
[2, 3, 4, 5, 6, 7] remain as potential winners in this audit.
------------------------------------------------
