VALID BALLOTS 4237
Winner 2
Winner 7
Computing AG relationships
2 AG 6 = 19
2 AG 5 = 30
2 AG 3 = 114
2 AG 1 = 117
7 AG 6 = 33
7 AG 3 = 87
Ruling out candidates: [(6, 33), (3, 114)]
STAGE 1 ASN (Ruling out candidates): 114
ALTERNATE OUTCOME PAIR: 5,1
   (1) can we show that 2 NL 1?
        a. margin 0.04138148060734781
      yes, 95, ags used 19 = 95
   (1) can we show that 2 NL 5?
        a. margin 0.15301707182755098
      yes, 28, ags used 19 = 28
   (1) can we show that 4 NL 1?
        a. margin -0.08882070647470641
      no
   (1) can we show that 4 NL 5?
        a. margin 0.015891747305483817
      yes, 283, ags used 30 = 283
   (1) can we show that 7 NL 1?
        a. margin 0.012115490520022476
      yes, 31, ags used 117 = 117
   (1) can we show that 7 NL 5?
        a. margin 0.17614664463850227
      yes, 25, ags used 30 = 30
   (1) can we show that 7 NL 1?
        a. margin 0.012115490520022476
      yes, 31, ags used 117 = 117
   (1) can we show that 7 NL 5?
        a. margin 0.17614664463850227
      yes, 25, ags used 30 = 30
      Best assertion(s) require sample: 28

ALTERNATE OUTCOME PAIR: 5,2
   (1) can we show that 1 NL 2?
        a. margin -0.29698686177326683
      no
   (1) can we show that 1 NL 5?
        a. margin -0.13578790024388154
      no
   (1) can we show that 4 NL 2?
        a. margin -0.26630477539139286
      no
   (1) can we show that 4 NL 5?
        a. margin -0.10211627724018368
      no
   (1) can we show that 7 NL 2?
        a. margin -0.10345370151836919
      no
   (1) can we show that 7 NL 5?
        a. margin 0.03319959090551583
      yes, 85, ags used 87 = 87
   (1) can we show that 7 NL 2?
        a. margin -0.10345370151836919
      no
   (1) can we show that 7 NL 5?
        a. margin 0.03319959090551583
      yes, 85, ags used 87 = 87
      Best assertion(s) require sample: 87

ALTERNATE OUTCOME PAIR: 5,4
   (1) can we show that 1 NL 4?
        a. margin -0.2666981354732122
      no
   (1) can we show that 1 NL 5?
        a. margin -0.016442451420029314
      no
   (1) can we show that 2 NL 4?
        a. margin 0.004798992998190643
      yes, 1374, ags used 117 = 1374
   (1) can we show that 2 NL 5?
        a. margin 0.15364644795846072
      yes, 28, ags used 19 = 28
   (1) can we show that 7 NL 4?
        a. margin -0.009047281881834124
      no
   (1) can we show that 7 NL 5?
        a. margin 0.1767760207694129
      yes, 25, ags used 30 = 30
   (1) can we show that 7 NL 4?
        a. margin -0.009047281881834124
      no
   (1) can we show that 7 NL 5?
        a. margin 0.1767760207694129
      yes, 25, ags used 30 = 30
      Best assertion(s) require sample: 28

ALTERNATE OUTCOME PAIR: 5,7
   (1) can we show that 1 NL 7?
        a. margin -0.31398001730784364
      no
   (1) can we show that 1 NL 5?
        a. margin -0.01683581150184854
      no
   (1) can we show that 2 NL 7?
        a. margin -0.09015813075289114
      no
   (1) can we show that 2 NL 5?
        a. margin 0.1574227047439225
      yes, 27, ags used 19 = 27
   (1) can we show that 4 NL 7?
        a. margin -0.26339391078593344
      no
   (1) can we show that 4 NL 5?
        a. margin 0.016757139485485517
      yes, 269, ags used 30 = 269
      Best assertion(s) require sample: 27

ALTERNATE OUTCOME PAIR: 5,7
   (1) can we show that 1 NL 7?
        a. margin -0.31398001730784364
      no
   (1) can we show that 1 NL 5?
        a. margin -0.01683581150184854
      no
   (1) can we show that 2 NL 7?
        a. margin -0.09015813075289114
      no
   (1) can we show that 2 NL 5?
        a. margin 0.1574227047439225
      yes, 27, ags used 19 = 27
   (1) can we show that 4 NL 7?
        a. margin -0.26339391078593344
      no
   (1) can we show that 4 NL 5?
        a. margin 0.016757139485485517
      yes, 269, ags used 30 = 269
      Best assertion(s) require sample: 27

ALTERNATE OUTCOME PAIR: 1,2
   (1) can we show that 5 NL 2?
        a. margin -0.335536149791519
      no
   (1) can we show that 5 NL 1?
        a. margin -0.23664542522224719
      no
   (1) can we show that 4 NL 2?
        a. margin -0.26874360789867024
      no
   (1) can we show that 4 NL 1?
        a. margin -0.16253638580756669
      no
   (1) can we show that 7 NL 2?
        a. margin -0.10730863032019478
      no
   (1) can we show that 7 NL 1?
        a. margin 0.019510660058218665
      yes, 113, ags used 87 = 113
   (1) can we show that 7 NL 2?
        a. margin -0.10730863032019478
      no
   (1) can we show that 7 NL 1?
        a. margin 0.019510660058218665
      yes, 113, ags used 87 = 113
      Best assertion(s) require sample: 113

ALTERNATE OUTCOME PAIR: 1,4
   (1) can we show that 5 NL 4?
        a. margin -0.3006844465423647
      no
   (1) can we show that 5 NL 1?
        a. margin -0.1827550940130589
      no
   (1) can we show that 2 NL 4?
        a. margin 0.016442451420030313
      yes, 240, ags used 114 = 240
   (1) can we show that 2 NL 1?
        a. margin 0.04562976949099262
      yes, 61, ags used 30 = 61
   (1) can we show that 7 NL 4?
        a. margin -0.007395169538194746
      no
   (1) can we show that 7 NL 1?
        a. margin 0.012272834552750522
      yes, 31, ags used 117 = 117
   (1) can we show that 7 NL 4?
        a. margin -0.007395169538194746
      no
   (1) can we show that 7 NL 1?
        a. margin 0.012272834552750522
      yes, 31, ags used 117 = 117
      Best assertion(s) require sample: 61

ALTERNATE OUTCOME PAIR: 1,7
   (1) can we show that 5 NL 7?
        a. margin -0.3677130044843048
      no
   (1) can we show that 5 NL 1?
        a. margin -0.16426717016757075
      no
   (1) can we show that 2 NL 7?
        a. margin -0.075053103611045
      no
   (1) can we show that 2 NL 1?
        a. margin 0.06403902132011718
      yes, 49, ags used 30 = 49
   (1) can we show that 4 NL 7?
        a. margin -0.25875226182047006
      no
   (1) can we show that 4 NL 1?
        a. margin -0.07056879867830967
      no
      Best assertion(s) require sample: 49

ALTERNATE OUTCOME PAIR: 1,7
   (1) can we show that 5 NL 7?
        a. margin -0.3677130044843048
      no
   (1) can we show that 5 NL 1?
        a. margin -0.16426717016757075
      no
   (1) can we show that 2 NL 7?
        a. margin -0.075053103611045
      no
   (1) can we show that 2 NL 1?
        a. margin 0.06403902132011718
      yes, 49, ags used 30 = 49
   (1) can we show that 4 NL 7?
        a. margin -0.25875226182047006
      no
   (1) can we show that 4 NL 1?
        a. margin -0.07056879867830967
      no
      Best assertion(s) require sample: 49

ALTERNATE OUTCOME PAIR: 2,4
   (1) can we show that 5 NL 4?
        a. margin -0.2916371646605296
      no
   (1) can we show that 5 NL 2?
        a. margin -0.33286130123515034
      no
   (1) can we show that 1 NL 4?
        a. margin -0.24655809928408345
      no
   (1) can we show that 1 NL 2?
        a. margin -0.29667217370781185
      no
   (1) can we show that 7 NL 4?
        a. margin 0.015419715207302787
      yes, 291, ags used 87 = 291
   (1) can we show that 7 NL 2?
        a. margin -0.10400440563291569
      no
   (1) can we show that 7 NL 4?
        a. margin 0.015419715207302787
      yes, 291, ags used 87 = 291
   (1) can we show that 7 NL 2?
        a. margin -0.10400440563291569
      no
      Best assertion(s) require sample: 291

ALTERNATE OUTCOME PAIR: 4,7
   (1) can we show that 5 NL 7?
        a. margin -0.362914011486114
      no
   (1) can we show that 5 NL 4?
        a. margin -0.2761387774368651
      no
   (1) can we show that 1 NL 7?
        a. margin -0.30446070332782604
      no
   (1) can we show that 1 NL 4?
        a. margin -0.24293918653135005
      no
   (1) can we show that 2 NL 7?
        a. margin -0.05428369129100741
      no
   (1) can we show that 2 NL 4?
        a. margin 0.012744866650932662
      yes, 108, ags used 30 = 108
      Best assertion(s) require sample: 108

ALTERNATE OUTCOME PAIR: 4,7
   (1) can we show that 5 NL 7?
        a. margin -0.362914011486114
      no
   (1) can we show that 5 NL 4?
        a. margin -0.2761387774368651
      no
   (1) can we show that 1 NL 7?
        a. margin -0.30446070332782604
      no
   (1) can we show that 1 NL 4?
        a. margin -0.24293918653135005
      no
   (1) can we show that 2 NL 7?
        a. margin -0.05428369129100741
      no
   (1) can we show that 2 NL 4?
        a. margin 0.012744866650932662
      yes, 108, ags used 30 = 108
      Best assertion(s) require sample: 108

RULE OUT PAIR STAGE ASN 291
------------------------------------------------
FULL audit sample size: 291
------------------------------------------------
Final set of assertions generated:
2 NL 5 = 28 [rules out (5, 1), G = {5}, O = set()]
7 NL 5 = 87 [rules out (5, 2), G = {2, 5}, O = set()]
2 NL 5 = 28 [rules out (5, 4), G = {5}, O = set()]
7 NL 1 = 113 [rules out (1, 2), G = {2, 5}, O = set()]
7 NL 4 = 291 [rules out (2, 4), G = {2, 5}, O = set()]

(6, 'AG', 2, 87)
2 NL 1 = 61 [rules out (1, 4), G = {4, 5}, O = set()]
(1, 'AG', 5, 19)
(6, 'AG', 5, 33)
2 NL 4 = 108 [rules out (4, 7), G = {4, 5}, O = set()]
(1, 'AG', 2, 114)
2 NL 1 = 49 [rules out (1, 7), G = {4, 5}, O = set()]
(1, 'AG', 4, 30)
2 NL 5 = 27 [rules out (5, 7), G = {5}, O = set()]
All winners are verified in audit.
------------------------------------------------
