VALID BALLOTS 5686
664 ballot checks required to assert that first winner has a quota's worth of votes
AUD TV 0.0625, ss 127
AG*(3,1) = 106
AG*(3,2) = 27
AG*(3,5) = 21
AG*(1,2) = 49
AG*(1,5) = 32
AG*(3,1) = 106
AG*(3,2) = 27
AG*(3,5) = 21
AG*(4,1) = 108
AG*(4,2) = 30
AG*(4,5) = 22
NL(3,1) = 76, AG*'s used 27
NL(3,2) = 27, AG*'s used 21
Max in loop 664, 0.0625
AUD TV 0.1125, ss 60
AG*(3,1) = 119
AG*(3,2) = 28
AG*(3,5) = 21
AG*(1,2) = 51
AG*(1,5) = 33
AG*(3,1) = 119
AG*(3,2) = 28
AG*(3,5) = 21
AG*(4,1) = 108
AG*(4,2) = 30
AG*(4,5) = 22
NL(3,1) = 83, AG*'s used 28
NL(3,2) = 28, AG*'s used 21
Max in loop 664, 0.1125
AUD TV 0.1625, ss 37
AG*(3,1) = 136
AG*(3,2) = 29
AG*(3,5) = 22
AG*(1,2) = 54
AG*(1,5) = 34
AG*(3,1) = 136
AG*(3,2) = 29
AG*(3,5) = 22
AG*(4,1) = 108
AG*(4,2) = 30
AG*(4,5) = 22
NL(3,1) = 91, AG*'s used 29
NL(3,2) = 29, AG*'s used 22
Max in loop 664, 0.1625
AUD TV 0.21250000000000002, ss 26
AG*(3,1) = 159
AG*(3,2) = 30
AG*(3,5) = 22
AG*(1,2) = 58
AG*(1,5) = 35
AG*(3,1) = 159
AG*(3,2) = 30
AG*(3,5) = 22
AG*(4,1) = 108
AG*(4,2) = 30
AG*(4,5) = 22
NL(3,1) = 100, AG*'s used 30
NL(3,2) = 30, AG*'s used 22
Max in loop 664, 0.21250000000000002
AUD TV 0.2625, ss 19
AG*(3,1) = 191
AG*(3,2) = 31
AG*(3,5) = 23
AG*(1,2) = 61
AG*(1,5) = 36
AG*(3,1) = 191
AG*(3,2) = 31
AG*(3,5) = 23
AG*(4,1) = 108
AG*(4,2) = 30
AG*(4,5) = 22
NL(3,1) = 112, AG*'s used 31
NL(3,2) = 31, AG*'s used 23
Max in loop 664, 0.2625
AUD TV 0.3125, ss 15
AG*(3,1) = 238
AG*(3,2) = 32
AG*(3,5) = 23
AG*(1,2) = 66
AG*(1,5) = 37
AG*(3,1) = 238
AG*(3,2) = 32
AG*(3,5) = 23
AG*(4,1) = 108
AG*(4,2) = 30
AG*(4,5) = 22
NL(3,1) = 127, AG*'s used 32
NL(3,2) = 32, AG*'s used 23
Max in loop 664, 0.3125
AUD TV 0.3625, ss 12
AG*(3,1) = 316
AG*(3,2) = 34
AG*(3,5) = 23
AG*(1,2) = 70
AG*(1,5) = 38
AG*(3,1) = 316
AG*(3,2) = 34
AG*(3,5) = 23
AG*(4,1) = 108
AG*(4,2) = 30
AG*(4,5) = 22
NL(3,1) = 146, AG*'s used 34
NL(3,2) = 33, AG*'s used 23
Max in loop 664, 0.3625
AUD TV 0.4125, ss 9
AG*(3,1) = 604
AG*(3,2) = 35
AG*(3,5) = 24
AG*(1,2) = 76
AG*(1,5) = 39
AG*(3,1) = 604
AG*(3,2) = 35
AG*(3,5) = 24
AG*(4,1) = 108
AG*(4,2) = 30
AG*(4,5) = 22
NL(3,1) = 172, AG*'s used 35
NL(3,2) = 35, AG*'s used 24
Max in loop 664, 0.4125
AUD TV 0.46249999999999997, ss 7
AG*(3,1) = 1426
AG*(3,2) = 37
AG*(3,5) = 24
AG*(1,2) = 83
AG*(1,5) = 40
AG*(3,1) = 1426
AG*(3,2) = 37
AG*(3,5) = 24
AG*(4,1) = 108
AG*(4,2) = 30
AG*(4,5) = 22
NL(3,1) = 210, AG*'s used 37
NL(3,2) = 36, AG*'s used 24
Max in loop 664, 0.46249999999999997
AUD TV 0.5125, ss 6
AG*(3,1) = 1047
AG*(3,2) = 38
AG*(3,5) = 25
AG*(1,2) = 90
AG*(1,5) = 41
AG*(3,1) = 1047
AG*(3,2) = 38
AG*(3,5) = 25
AG*(4,1) = 108
AG*(4,2) = 30
AG*(4,5) = 22
NL(3,1) = 268, AG*'s used 38
NL(3,2) = 38, AG*'s used 25
Max in loop 664, 0.5125
AUD TV 0.5625, ss 5
AG*(3,2) = 40
AG*(3,5) = 26
AG*(1,2) = 100
AG*(1,5) = 43
AG*(3,2) = 40
AG*(3,5) = 26
AG*(4,1) = 108
AG*(4,2) = 30
AG*(4,5) = 22
NL(3,1) = 372, AG*'s used 40
NL(3,2) = 39, AG*'s used 26
Max in loop 664, 0.5625
AUD TV 0.6125, ss 4
AG*(3,2) = 42
AG*(3,5) = 26
AG*(1,2) = 111
AG*(1,5) = 44
AG*(3,2) = 42
AG*(3,5) = 26
AG*(4,1) = 108
AG*(4,2) = 30
AG*(4,5) = 22
NL(3,1) = 776, AG*'s used 42
NL(3,2) = 41, AG*'s used 26
Max in loop 776, 0.6125
Breaking out of inner loop 776 > 664
Sample size to show min tv of 0.00625 is 1603
Sample size required for audit is 664 ballots
------------------------------------------------
Assertion set BEFORE filtering:
(3, 'MT', None, (0.5625, 5))
(2, 'NL', 0, 372)
(2, 'AG*', 4, 26)
(2, 'AG*', 1, 40)
(3, 'QT', None, 664)
(2, 'NL', 1, 39)
------------------------------------------------
Final set of assertions AFTER filtering:
(3, 'MT', None, (0.5625, 5))
(2, 'NL', 0, 372)
(2, 'AG*', 4, 26)
(2, 'AG*', 1, 40)
(3, 'QT', None, 664)
(2, 'NL', 1, 39)
------------------------------------------------
Explanations for AG* inclusion:
   Explanation for (2, 'AG*', 4, 26): []
   Explanation for (2, 'AG*', 1, 40): []
------------------------------------------------
