VALID BALLOTS 2616
150 ballot checks required to assert that first winner has a quota's worth of votes
AUD TV 0.09171240395170144, ss 120
AG*(4,1) = 53
AG*(4,2) = 43
AG*(4,3) = 29
AG*(4,5) = 66
AG*(4,7) = 36
AG*(4,8) = 29
AG*(4,9) = 38
AG*(4,10) = 91
AG*(1,3) = 160
AG*(1,8) = 299
AG*(4,1) = 53
AG*(4,2) = 43
AG*(4,3) = 29
AG*(4,5) = 66
AG*(4,7) = 36
AG*(4,8) = 29
AG*(4,9) = 38
AG*(4,10) = 91
AG*(6,1) = 25
AG*(6,2) = 24
AG*(6,3) = 17
AG*(6,5) = 23
AG*(6,7) = 20
AG*(6,8) = 15
AG*(6,9) = 58
AG*(6,10) = 22
AG*(10,8) = 225
NL(4,8) = 28, AG*'s used 29
NL(4,3) = 29, AG*'s used 29
NL(4,7) = 34, AG*'s used 29
NL(4,9) = 35, AG*'s used 36
NL(4,2) = 32, AG*'s used 38
NL(4,5) = 38, AG*'s used 43
NL(4,1) = 37, AG*'s used 38
Max in loop 150, 0.09171240395170144
AUD TV 0.14171240395170143, ss 56
AG*(4,1) = 54
AG*(4,2) = 43
AG*(4,3) = 29
AG*(4,5) = 71
AG*(4,7) = 36
AG*(4,8) = 30
AG*(4,9) = 38
AG*(4,10) = 124
AG*(1,3) = 171
AG*(1,8) = 408
AG*(4,1) = 54
AG*(4,2) = 43
AG*(4,3) = 29
AG*(4,5) = 71
AG*(4,7) = 36
AG*(4,8) = 30
AG*(4,9) = 38
AG*(4,10) = 124
AG*(6,1) = 25
AG*(6,2) = 24
AG*(6,3) = 17
AG*(6,5) = 23
AG*(6,7) = 20
AG*(6,8) = 15
AG*(6,9) = 58
AG*(6,10) = 22
AG*(10,8) = 235
NL(4,8) = 29, AG*'s used 29
NL(4,3) = 29, AG*'s used 0
NL(4,7) = 35, AG*'s used 30
NL(4,9) = 36, AG*'s used 36
NL(4,2) = 32, AG*'s used 38
NL(4,5) = 40, AG*'s used 43
NL(4,1) = 38, AG*'s used 38
Max in loop 150, 0.14171240395170143
AUD TV 0.19171240395170142, ss 35
AG*(4,1) = 54
AG*(4,2) = 44
AG*(4,3) = 30
AG*(4,5) = 78
AG*(4,7) = 37
AG*(4,8) = 30
AG*(4,9) = 39
AG*(4,10) = 193
AG*(1,3) = 184
AG*(1,8) = 813
AG*(4,1) = 54
AG*(4,2) = 44
AG*(4,3) = 30
AG*(4,5) = 78
AG*(4,7) = 37
AG*(4,8) = 30
AG*(4,9) = 39
AG*(4,10) = 193
AG*(6,1) = 25
AG*(6,2) = 24
AG*(6,3) = 17
AG*(6,5) = 23
AG*(6,7) = 20
AG*(6,8) = 15
AG*(6,9) = 58
AG*(6,10) = 22
AG*(10,8) = 246
NL(4,8) = 30, AG*'s used 30
NL(4,3) = 29, AG*'s used 30
NL(4,7) = 36, AG*'s used 30
NL(4,9) = 37, AG*'s used 37
NL(4,2) = 33, AG*'s used 39
NL(4,5) = 42, AG*'s used 44
NL(4,1) = 38, AG*'s used 39
Max in loop 150, 0.19171240395170142
AUD TV 0.2417124039517014, ss 24
AG*(4,1) = 55
AG*(4,2) = 45
AG*(4,3) = 30
AG*(4,5) = 85
AG*(4,7) = 38
AG*(4,8) = 31
AG*(4,9) = 40
AG*(4,10) = 436
AG*(1,3) = 199
AG*(1,8) = 2568
AG*(4,1) = 55
AG*(4,2) = 45
AG*(4,3) = 30
AG*(4,5) = 85
AG*(4,7) = 38
AG*(4,8) = 31
AG*(4,9) = 40
AG*(4,10) = 436
AG*(6,1) = 25
AG*(6,2) = 24
AG*(6,3) = 17
AG*(6,5) = 23
AG*(6,7) = 20
AG*(6,8) = 15
AG*(6,9) = 58
AG*(6,10) = 22
AG*(10,8) = 259
NL(4,8) = 30, AG*'s used 30
NL(4,3) = 30, AG*'s used 0
NL(4,7) = 36, AG*'s used 31
NL(4,9) = 37, AG*'s used 38
NL(4,2) = 33, AG*'s used 40
NL(4,5) = 44, AG*'s used 45
NL(4,1) = 38, AG*'s used 40
Max in loop 150, 0.2417124039517014
AUD TV 0.2917124039517014, ss 18
AG*(4,1) = 55
AG*(4,2) = 46
AG*(4,3) = 30
AG*(4,5) = 95
AG*(4,7) = 38
AG*(4,8) = 32
AG*(4,9) = 41
AG*(1,3) = 216
AG*(4,1) = 55
AG*(4,2) = 46
AG*(4,3) = 30
AG*(4,5) = 95
AG*(4,7) = 38
AG*(4,8) = 32
AG*(4,9) = 41
AG*(6,1) = 25
AG*(6,2) = 24
AG*(6,3) = 17
AG*(6,5) = 23
AG*(6,7) = 20
AG*(6,8) = 15
AG*(6,9) = 58
AG*(6,10) = 22
AG*(10,8) = 273
NL(4,8) = 31, AG*'s used 30
NL(4,3) = 30, AG*'s used 0
NL(4,7) = 37, AG*'s used 32
NL(4,9) = 38, AG*'s used 38
NL(4,2) = 34, AG*'s used 41
NL(4,5) = 46, AG*'s used 46
NL(4,1) = 38, AG*'s used 41
Max in loop 150, 0.2917124039517014
AUD TV 0.3417124039517014, ss 14
AG*(4,1) = 56
AG*(4,2) = 47
AG*(4,3) = 30
AG*(4,5) = 106
AG*(4,7) = 39
AG*(4,8) = 32
AG*(4,9) = 42
AG*(1,3) = 237
AG*(4,1) = 56
AG*(4,2) = 47
AG*(4,3) = 30
AG*(4,5) = 106
AG*(4,7) = 39
AG*(4,8) = 32
AG*(4,9) = 42
AG*(6,1) = 25
AG*(6,2) = 24
AG*(6,3) = 17
AG*(6,5) = 23
AG*(6,7) = 20
AG*(6,8) = 15
AG*(6,9) = 58
AG*(6,10) = 22
AG*(10,8) = 288
NL(4,8) = 32, AG*'s used 30
NL(4,3) = 30, AG*'s used 0
NL(4,7) = 37, AG*'s used 32
NL(4,9) = 39, AG*'s used 39
NL(4,2) = 34, AG*'s used 42
NL(4,5) = 49, AG*'s used 47
NL(4,1) = 39, AG*'s used 42
Max in loop 150, 0.3417124039517014
AUD TV 0.39171240395170137, ss 11
AG*(4,1) = 56
AG*(4,2) = 48
AG*(4,3) = 30
AG*(4,5) = 121
AG*(4,7) = 40
AG*(4,8) = 33
AG*(4,9) = 43
AG*(1,3) = 262
AG*(4,1) = 56
AG*(4,2) = 48
AG*(4,3) = 30
AG*(4,5) = 121
AG*(4,7) = 40
AG*(4,8) = 33
AG*(4,9) = 43
AG*(6,1) = 25
AG*(6,2) = 24
AG*(6,3) = 17
AG*(6,5) = 23
AG*(6,7) = 20
AG*(6,8) = 15
AG*(6,9) = 58
AG*(6,10) = 22
AG*(10,8) = 305
NL(4,8) = 32, AG*'s used 30
NL(4,3) = 30, AG*'s used 0
NL(4,7) = 38, AG*'s used 33
NL(4,9) = 40, AG*'s used 40
NL(4,2) = 35, AG*'s used 43
NL(4,5) = 52, AG*'s used 48
NL(4,1) = 39, AG*'s used 43
Max in loop 150, 0.39171240395170137
AUD TV 0.44171240395170136, ss 9
AG*(4,1) = 57
AG*(4,2) = 50
AG*(4,3) = 31
AG*(4,5) = 141
AG*(4,7) = 41
AG*(4,8) = 34
AG*(4,9) = 44
AG*(1,3) = 293
AG*(4,1) = 57
AG*(4,2) = 50
AG*(4,3) = 31
AG*(4,5) = 141
AG*(4,7) = 41
AG*(4,8) = 34
AG*(4,9) = 44
AG*(6,1) = 25
AG*(6,2) = 24
AG*(6,3) = 17
AG*(6,5) = 23
AG*(6,7) = 20
AG*(6,8) = 15
AG*(6,9) = 58
AG*(6,10) = 22
AG*(10,8) = 324
NL(4,8) = 33, AG*'s used 31
NL(4,3) = 31, AG*'s used 0
NL(4,7) = 39, AG*'s used 34
NL(4,9) = 40, AG*'s used 41
NL(4,2) = 36, AG*'s used 44
NL(4,5) = 56, AG*'s used 50
NL(4,1) = 39, AG*'s used 44
Max in loop 150, 0.44171240395170136
AUD TV 0.49171240395170135, ss 7
AG*(4,1) = 57
AG*(4,2) = 51
AG*(4,3) = 31
AG*(4,5) = 168
AG*(4,7) = 41
AG*(4,8) = 35
AG*(4,9) = 45
AG*(1,3) = 333
AG*(4,1) = 57
AG*(4,2) = 51
AG*(4,3) = 31
AG*(4,5) = 168
AG*(4,7) = 41
AG*(4,8) = 35
AG*(4,9) = 45
AG*(6,1) = 25
AG*(6,2) = 24
AG*(6,3) = 17
AG*(6,5) = 23
AG*(6,7) = 20
AG*(6,8) = 15
AG*(6,9) = 58
AG*(6,10) = 22
AG*(10,8) = 346
NL(4,8) = 34, AG*'s used 31
NL(4,3) = 31, AG*'s used 0
NL(4,7) = 39, AG*'s used 35
NL(4,9) = 41, AG*'s used 41
NL(4,2) = 36, AG*'s used 45
NL(4,5) = 37, AG*'s used 57
NL(4,1) = 39, AG*'s used 45
Max in loop 150, 0.49171240395170135
AUD TV 0.5417124039517014, ss 5
AG*(4,1) = 58
AG*(4,2) = 52
AG*(4,3) = 31
AG*(4,5) = 208
AG*(4,7) = 42
AG*(4,8) = 36
AG*(4,9) = 46
AG*(1,3) = 384
AG*(4,1) = 58
AG*(4,2) = 52
AG*(4,3) = 31
AG*(4,5) = 208
AG*(4,7) = 42
AG*(4,8) = 36
AG*(4,9) = 46
AG*(6,1) = 25
AG*(6,2) = 24
AG*(6,3) = 17
AG*(6,5) = 23
AG*(6,7) = 20
AG*(6,8) = 15
AG*(6,9) = 58
AG*(6,10) = 22
AG*(10,8) = 372
NL(4,8) = 35, AG*'s used 31
NL(4,3) = 31, AG*'s used 0
NL(4,7) = 40, AG*'s used 36
NL(4,9) = 42, AG*'s used 42
NL(4,2) = 37, AG*'s used 46
NL(4,5) = 39, AG*'s used 58
NL(4,1) = 40, AG*'s used 46
Max in loop 150, 0.5417124039517014
AUD TV 0.5917124039517014, ss 4
AG*(4,1) = 58
AG*(4,2) = 53
AG*(4,3) = 31
AG*(4,5) = 273
AG*(4,7) = 43
AG*(4,8) = 37
AG*(4,9) = 47
AG*(1,3) = 455
AG*(4,1) = 58
AG*(4,2) = 53
AG*(4,3) = 31
AG*(4,5) = 273
AG*(4,7) = 43
AG*(4,8) = 37
AG*(4,9) = 47
AG*(6,1) = 25
AG*(6,2) = 24
AG*(6,3) = 17
AG*(6,5) = 23
AG*(6,7) = 20
AG*(6,8) = 15
AG*(6,9) = 58
AG*(6,10) = 22
AG*(10,8) = 401
NL(4,8) = 36, AG*'s used 31
NL(4,3) = 31, AG*'s used 0
NL(4,7) = 41, AG*'s used 37
NL(4,9) = 43, AG*'s used 43
NL(4,2) = 37, AG*'s used 47
NL(4,5) = 41, AG*'s used 58
NL(4,1) = 40, AG*'s used 47
Max in loop 150, 0.5917124039517014
AUD TV 0.6417124039517015, ss 3
AG*(4,1) = 59
AG*(4,2) = 55
AG*(4,3) = 32
AG*(4,5) = 396
AG*(4,7) = 44
AG*(4,8) = 38
AG*(4,9) = 48
AG*(1,3) = 706
AG*(4,1) = 59
AG*(4,2) = 55
AG*(4,3) = 32
AG*(4,5) = 396
AG*(4,7) = 44
AG*(4,8) = 38
AG*(4,9) = 48
AG*(6,1) = 25
AG*(6,2) = 24
AG*(6,3) = 17
AG*(6,5) = 23
AG*(6,7) = 20
AG*(6,8) = 15
AG*(6,9) = 58
AG*(6,10) = 22
AG*(10,8) = 435
NL(4,8) = 37, AG*'s used 32
NL(4,3) = 32, AG*'s used 0
NL(4,7) = 42, AG*'s used 38
NL(4,9) = 44, AG*'s used 44
NL(4,2) = 38, AG*'s used 48
NL(4,5) = 43, AG*'s used 59
NL(4,1) = 40, AG*'s used 48
Max in loop 150, 0.6417124039517015
Sample size to show min tv of 0.020856201975850714 is 296
Sample size required for audit is 150 ballots
------------------------------------------------
Assertion set BEFORE filtering:
(3, 'AG*', 6, 44)
(3, 'NL', 8, 44)
(3, 'NL', 7, 37)
(3, 'AG*', 0, 59)
(3, 'AG*', 2, 32)
(3, 'AG*', 8, 48)
(5, 'QT', None, 150)
(3, 'AG*', 1, 55)
(3, 'NL', 0, 48)
(3, 'AG*', 7, 38)
(3, 'NL', 1, 48)
(3, 'NL', 2, 32)
(5, 'MT', None, (0.6417124039517015, 3))
(3, 'NL', 6, 42)
(3, 'NL', 4, 59)
------------------------------------------------
Final set of assertions AFTER filtering:
(3, 'AG*', 6, 44)
(3, 'NL', 8, 44)
(3, 'NL', 7, 37)
(3, 'AG*', 0, 59)
(3, 'AG*', 2, 32)
(3, 'AG*', 8, 48)
(5, 'QT', None, 150)
(3, 'AG*', 1, 55)
(3, 'NL', 0, 48)
(3, 'AG*', 7, 38)
(3, 'NL', 1, 48)
(3, 'NL', 2, 32)
(5, 'MT', None, (0.6417124039517015, 3))
(3, 'NL', 6, 42)
(3, 'NL', 4, 59)
------------------------------------------------
Explanations for AG* inclusion:
   Explanation for (3, 'AG*', 6, 44): []
   Explanation for (3, 'AG*', 0, 59): []
   Explanation for (3, 'AG*', 2, 32): []
   Explanation for (3, 'AG*', 8, 48): []
   Explanation for (3, 'AG*', 1, 55): []
   Explanation for (3, 'AG*', 7, 38): []
------------------------------------------------
