VALID BALLOTS 4003
55 ballot checks required to assert that first winner has a quota's worth of votes
AUD TV 0.16, ss 103
AG*(1,2) = 24
AG*(1,4) = 35
AG*(1,5) = 25
AG*(1,2) = 24
AG*(1,4) = 35
AG*(1,5) = 25
AG*(3,2) = 18
AG*(3,4) = 32
AG*(3,5) = 52
NL(1,2) = 24, AG*'s used 0
NL(1,4) = 25, AG*'s used 25
Max in loop 103, 0.16
AUD TV 0.21000000000000002, ss 48
AG*(1,2) = 25
AG*(1,4) = 38
AG*(1,5) = 25
AG*(1,2) = 25
AG*(1,4) = 38
AG*(1,5) = 25
AG*(3,2) = 18
AG*(3,4) = 32
AG*(3,5) = 52
NL(1,2) = 20, AG*'s used 25
NL(1,4) = 27, AG*'s used 25
Max in loop 55, 0.21000000000000002
AUD TV 0.26, ss 30
AG*(1,2) = 26
AG*(1,4) = 41
AG*(1,5) = 26
AG*(1,2) = 26
AG*(1,4) = 41
AG*(1,5) = 26
AG*(3,2) = 18
AG*(3,4) = 32
AG*(3,5) = 52
NL(1,2) = 20, AG*'s used 26
NL(1,4) = 28, AG*'s used 26
Max in loop 55, 0.26
AUD TV 0.31, ss 21
AG*(1,2) = 27
AG*(1,4) = 45
AG*(1,5) = 27
AG*(1,2) = 27
AG*(1,4) = 45
AG*(1,5) = 27
AG*(3,2) = 18
AG*(3,4) = 32
AG*(3,5) = 52
NL(1,2) = 21, AG*'s used 27
NL(1,4) = 30, AG*'s used 27
Max in loop 55, 0.31
AUD TV 0.36, ss 15
AG*(1,2) = 28
AG*(1,4) = 49
AG*(1,5) = 28
AG*(1,2) = 28
AG*(1,4) = 49
AG*(1,5) = 28
AG*(3,2) = 18
AG*(3,4) = 32
AG*(3,5) = 52
NL(1,2) = 22, AG*'s used 28
NL(1,4) = 32, AG*'s used 28
Max in loop 55, 0.36
AUD TV 0.41, ss 11
AG*(1,2) = 29
AG*(1,4) = 55
AG*(1,5) = 29
AG*(1,2) = 29
AG*(1,4) = 55
AG*(1,5) = 29
AG*(3,2) = 18
AG*(3,4) = 32
AG*(3,5) = 52
NL(1,2) = 22, AG*'s used 29
NL(1,4) = 34, AG*'s used 29
Max in loop 55, 0.41
AUD TV 0.45999999999999996, ss 9
AG*(1,2) = 30
AG*(1,4) = 62
AG*(1,5) = 30
AG*(1,2) = 30
AG*(1,4) = 62
AG*(1,5) = 30
AG*(3,2) = 18
AG*(3,4) = 32
AG*(3,5) = 52
NL(1,2) = 23, AG*'s used 30
NL(1,4) = 37, AG*'s used 30
Max in loop 55, 0.45999999999999996
AUD TV 0.51, ss 7
AG*(1,2) = 32
AG*(1,4) = 71
AG*(1,5) = 31
AG*(1,2) = 32
AG*(1,4) = 71
AG*(1,5) = 31
AG*(3,2) = 18
AG*(3,4) = 32
AG*(3,5) = 52
NL(1,2) = 24, AG*'s used 31
NL(1,4) = 40, AG*'s used 32
Max in loop 55, 0.51
AUD TV 0.56, ss 5
AG*(1,2) = 33
AG*(1,4) = 84
AG*(1,5) = 32
AG*(1,2) = 33
AG*(1,4) = 84
AG*(1,5) = 32
AG*(3,2) = 18
AG*(3,4) = 32
AG*(3,5) = 52
NL(1,2) = 24, AG*'s used 32
NL(1,4) = 44, AG*'s used 33
Max in loop 55, 0.56
AUD TV 0.6100000000000001, ss 4
AG*(1,2) = 34
AG*(1,4) = 101
AG*(1,5) = 33
AG*(1,2) = 34
AG*(1,4) = 101
AG*(1,5) = 33
AG*(3,2) = 18
AG*(3,4) = 32
AG*(3,5) = 52
NL(1,2) = 25, AG*'s used 33
NL(1,4) = 48, AG*'s used 34
Max in loop 55, 0.6100000000000001
AUD TV 0.6600000000000001, ss 3
AG*(1,2) = 36
AG*(1,4) = 128
AG*(1,5) = 34
AG*(1,2) = 36
AG*(1,4) = 128
AG*(1,5) = 34
AG*(3,2) = 18
AG*(3,4) = 32
AG*(3,5) = 52
NL(1,2) = 26, AG*'s used 34
NL(1,4) = 54, AG*'s used 36
Max in loop 55, 0.6600000000000001
Sample size to show min tv of 0.055 is 104
Sample size required for audit is 55 ballots
------------------------------------------------
Assertion set BEFORE filtering:
(0, 'NL', 1, 34)
(0, 'AG*', 4, 34)
(0, 'NL', 3, 54)
(0, 'AG*', 1, 36)
(2, 'QT', None, 55)
(2, 'MT', None, (0.6600000000000001, 3))
------------------------------------------------
Final set of assertions AFTER filtering:
(0, 'NL', 1, 34)
(0, 'AG*', 4, 34)
(0, 'NL', 3, 54)
(0, 'AG*', 1, 36)
(2, 'QT', None, 55)
(2, 'MT', None, (0.6600000000000001, 3))
------------------------------------------------
Explanations for AG* inclusion:
   Explanation for (0, 'AG*', 4, 34): []
   Explanation for (0, 'AG*', 1, 36): []
------------------------------------------------
