VALID BALLOTS 4644
29 ballot checks required to assert that first winner has a quota's worth of votes
AUD TV 0.236022070415134, ss 86
AG*(2,3) = 108
AG*(2,4) = 88
AG*(2,5) = 27
AG*(1,4) = 19
AG*(1,5) = 19
AG*(2,3) = 108
AG*(2,4) = 88
AG*(2,5) = 27
AG*(3,5) = 98
NL(2,5) = 27, AG*'s used 0
NL(2,3) = 68, AG*'s used 27
Max in loop 86, 0.236022070415134
AUD TV 0.286022070415134, ss 40
AG*(2,3) = 120
AG*(2,4) = 133
AG*(2,5) = 27
AG*(1,4) = 19
AG*(1,5) = 19
AG*(2,3) = 120
AG*(2,4) = 133
AG*(2,5) = 27
AG*(3,5) = 99
NL(2,5) = 27, AG*'s used 0
NL(2,3) = 72, AG*'s used 27
Max in loop 72, 0.286022070415134
AUD TV 0.336022070415134, ss 24
AG*(2,3) = 135
AG*(2,4) = 270
AG*(2,5) = 27
AG*(1,4) = 19
AG*(1,5) = 19
AG*(2,3) = 135
AG*(2,4) = 270
AG*(2,5) = 27
AG*(3,5) = 101
NL(2,5) = 27, AG*'s used 0
NL(2,3) = 78, AG*'s used 27
Max in loop 78, 0.336022070415134
Breaking out of inner loop 78 > 72
Sample size to show min tv of 0.093011035207567 is 54
AUD TV 0.236022070415134, ss 86
AG*(2,3) = 101
AG*(2,4) = 84
AG*(2,5) = 26
AG*(1,4) = 19
AG*(1,5) = 19
AG*(2,3) = 101
AG*(2,4) = 84
AG*(2,5) = 26
AG*(3,5) = 95
NL(2,5) = 26, AG*'s used 0
NL(2,3) = 65, AG*'s used 26
Max in loop 86, 0.236022070415134
AUD TV 0.286022070415134, ss 40
AG*(2,3) = 112
AG*(2,4) = 124
AG*(2,5) = 26
AG*(1,4) = 19
AG*(1,5) = 19
AG*(2,3) = 112
AG*(2,4) = 124
AG*(2,5) = 26
AG*(3,5) = 96
NL(2,5) = 26, AG*'s used 0
NL(2,3) = 69, AG*'s used 26
Max in loop 69, 0.286022070415134
AUD TV 0.336022070415134, ss 24
AG*(2,3) = 125
AG*(2,4) = 234
AG*(2,5) = 27
AG*(1,4) = 19
AG*(1,5) = 19
AG*(2,3) = 125
AG*(2,4) = 234
AG*(2,5) = 27
AG*(3,5) = 97
NL(2,5) = 27, AG*'s used 0
NL(2,3) = 74, AG*'s used 27
Max in loop 74, 0.336022070415134
Breaking out of inner loop 74 > 69
New mintv = 0.143011035207567
Sample size to show min tv of 0.143011035207567 is 111
Sample size required for audit is 69 ballots
------------------------------------------------
Assertion set BEFORE filtering:
(0, 'QT', None, 29)
(0, 'LT', None, (0.093011035207567, 54))
(1, 'NL', 2, 69)
(1, 'NL', 4, 26)
(0, 'MT', None, (0.286022070415134, 40))
(1, 'AG*', 4, 26)
------------------------------------------------
Final set of assertions AFTER filtering:
(0, 'QT', None, 29)
(0, 'LT', None, (0.093011035207567, 54))
(1, 'NL', 2, 69)
(1, 'NL', 4, 26)
(0, 'MT', None, (0.286022070415134, 40))
(1, 'AG*', 4, 26)
------------------------------------------------
Explanations for AG* inclusion:
   Explanation for (1, 'AG*', 4, 26): []
------------------------------------------------
