VALID BALLOTS 5049
Winner 3
Winner 9
Computing AG relationships
4 AG 2 = 340
4 AG 1 = 93
3 AG 2 = 83
3 AG 6 = 163
3 AG 1 = 49
3 AG 7 = 169
5 AG 2 = 84
5 AG 6 = 112
5 AG 7 = 462
9 AG 2 = 103
Ruling out candidates: [(2, 84), (6, 163), (1, 93), (7, 462)]
STAGE 1 ASN (Ruling out candidates): 462
ALTERNATE OUTCOME PAIR: 8,4
   (1) can we show that 3 NL 4?
        a. margin -0.000726216412490932
      no
   (1) can we show that 3 NL 8?
        a. margin -0.08067604146035534
      no
   (1) can we show that 5 NL 4?
        a. margin -0.21878919918135542
      no
   (1) can we show that 5 NL 8?
        a. margin -0.06014392288902082
      no
   (1) can we show that 9 NL 4?
        a. margin -0.27444378424770555
      no
   (1) can we show that 9 NL 8?
        a. margin -0.14293259391298618
      no

ALTERNATE OUTCOME PAIR: 8,3
   (1) can we show that 4 NL 3?
        a. margin -0.11936357034396272
      no
   (1) can we show that 4 NL 8?
        a. margin -0.14134812174027844
      no
   (1) can we show that 5 NL 3?
        a. margin -0.2225523205915355
      no
   (1) can we show that 5 NL 8?
        a. margin -0.05882352941176472
      no
   (1) can we show that 9 NL 3?
        a. margin -0.2804515745692212
      no
   (1) can we show that 9 NL 8?
        a. margin -0.14134812174027778
      no

ALTERNATE OUTCOME PAIR: 8,5
   (1) can we show that 4 NL 5?
        a. margin -0.1349442133755857
      no
   (1) can we show that 4 NL 8?
        a. margin -0.10880042252591249
      no
   (1) can we show that 3 NL 5?
        a. margin -0.07440417244338837
      no
   (1) can we show that 3 NL 8?
        a. margin -0.047468145507361226
      no
   (1) can we show that 9 NL 5?
        a. margin -0.13104905261767963
      no
   (1) can we show that 9 NL 8?
        a. margin -0.1262956360995574
      no

ALTERNATE OUTCOME PAIR: 8,9
   (1) can we show that 4 NL 9?
        a. margin -0.14418696771637907
      no
   (1) can we show that 4 NL 8?
        a. margin -0.12048590479962984
      no
   (1) can we show that 3 NL 9?
        a. margin -0.0856275170000661
      no
   (1) can we show that 3 NL 8?
        a. margin -0.05902158843335292
      no
   (1) can we show that 5 NL 9?
        a. margin -0.10068000264078703
      no
   (1) can we show that 5 NL 8?
        a. margin -0.05433419158909314
      no

ALTERNATE OUTCOME PAIR: 4,3
   (1) can we show that 8 NL 3?
        a. margin -0.2877137386941302
      no
   (1) can we show that 8 NL 4?
        a. margin -0.2698884267511702
      no
   (1) can we show that 5 NL 3?
        a. margin -0.17409387997623205
      no
   (1) can we show that 5 NL 4?
        a. margin -0.15897537466164724
      no
   (1) can we show that 9 NL 3?
        a. margin -0.23087079949824996
      no
   (1) can we show that 9 NL 4?
        a. margin -0.21337558592460393
      no

ALTERNATE OUTCOME PAIR: 4,5
   (1) can we show that 8 NL 5?
        a. margin -0.19172113289760329
      no
   (1) can we show that 8 NL 4?
        a. margin -0.33254109724697944
      no
   (1) can we show that 3 NL 5?
        a. margin -0.0842411038489469
      no
   (1) can we show that 3 NL 4?
        a. margin -0.0029048656499639502
      no
   (1) can we show that 9 NL 5?
        a. margin -0.133095662507427
      no
   (1) can we show that 9 NL 4?
        a. margin -0.27576417772496187
      no

ALTERNATE OUTCOME PAIR: 4,9
   (1) can we show that 8 NL 9?
        a. margin -0.1740278603023696
      no
   (1) can we show that 8 NL 4?
        a. margin -0.3276556413811311
      no
   (1) can we show that 3 NL 9?
        a. margin -0.10431108470324146
      no
   (1) can we show that 3 NL 4?
        a. margin 0.0019145705420215986
      yes, 5049, ags used 169 = 5049
   (1) can we show that 5 NL 9?
        a. margin -0.10431108470324113
      no
   (1) can we show that 5 NL 4?
        a. margin -0.21548821548821495
      no
      Best assertion(s) require sample: 5049

ALTERNATE OUTCOME PAIR: 3,5
   (1) can we show that 8 NL 5?
        a. margin -0.1905327787680724
      no
   (1) can we show that 8 NL 3?
        a. margin -0.3390770449593976
      no
   (1) can we show that 4 NL 5?
        a. margin -0.14445104641183049
      no
   (1) can we show that 4 NL 3?
        a. margin -0.11942959001782494
      no
   (1) can we show that 9 NL 5?
        a. margin -0.13177526903017078
      no
   (1) can we show that 9 NL 3?
        a. margin -0.28144186967716367
      no

ALTERNATE OUTCOME PAIR: 5,9
   (1) can we show that 8 NL 9?
        a. margin -0.1689443454149333
      no
   (1) can we show that 8 NL 5?
        a. margin -0.1857133425760874
      no
   (1) can we show that 4 NL 9?
        a. margin -0.13606654783125316
      no
   (1) can we show that 4 NL 5?
        a. margin -0.13012477718360016
      no
   (1) can we show that 3 NL 9?
        a. margin -0.07711097907176345
      no
   (1) can we show that 3 NL 5?
        a. margin -0.07004687396844267
      no

RULE OUT PAIR STAGE ASN 5049
------------------------------------------------
Alternate outcome cannot be ruled out: 8,4
Alternate outcome cannot be ruled out: 8,3
Alternate outcome cannot be ruled out: 8,5
Alternate outcome cannot be ruled out: 8,9
Alternate outcome cannot be ruled out: 4,3
Alternate outcome cannot be ruled out: 4,5
Alternate outcome cannot be ruled out: 3,5
Alternate outcome cannot be ruled out: 5,9
Full audit not possible
PARTIAL audit sample size: 5049
------------------------------------------------
Final set of assertions generated:
(4, 'AG', 1, 84)
(2, 'AG', 6, 169)
(3, 'AG', 0, 93)
(4, 'AG', 5, 112)
(2, 'AG', 1, 83)
(2, 'AG', 0, 49)
(4, 'AG', 6, 462)
3 NL 4 = 5049 [rules out (4, 9), G = {0, 1, 5, 6}, O = set()]
(2, 'AG', 5, 163)
[] are verified winners with these assertions.
[3, 4, 5, 8, 9] remain as potential winners in this audit.
------------------------------------------------
