VALID BALLOTS 4097
Winner 7
Winner 5
Computing AG relationships
7 AG 4 = 22
7 AG 2 = 69
7 AG 3 = 145
7 AG 6 = 68
5 AG 4 = 968
Ruling out candidates: [(4, 968)]
STAGE 1 ASN (Ruling out candidates): 968
ALTERNATE OUTCOME PAIR: 2,3
   (1) can we show that 6 NL 3?
        a. margin -0.1280611829794157
      no
   (1) can we show that 6 NL 2?
        a. margin -0.10137498982995663
      no
   (1) can we show that 7 NL 3?
        a. margin 0.03522902937108485
      yes, 54, ags used 68 = 68
   (1) can we show that 7 NL 2?
        a. margin 0.07208526564152695
      yes, 57, ags used 22 = 57
   (1) can we show that 1 NL 3?
        a. margin -0.0633797087299649
      no
   (1) can we show that 1 NL 2?
        a. margin -0.012122691400211272
      no
   (1) can we show that 8 NL 3?
        a. margin 0.013831258644537492
      yes, 324, ags used 145 = 324
   (1) can we show that 8 NL 2?
        a. margin 0.029859246603206158
      yes, 152, ags used 69 = 152
   (1) can we show that 5 NL 3?
        a. margin -0.016027987958668444
      no
   (1) can we show that 5 NL 2?
        a. margin 0.015377105198926433
      yes, 292, ags used 69 = 292
      Best assertion(s) require sample: 57

ALTERNATE OUTCOME PAIR: 2,6
   (1) can we show that 3 NL 6?
        a. margin -0.100561386380278
      no
   (1) can we show that 3 NL 2?
        a. margin -0.10544300707834953
      no
   (1) can we show that 7 NL 6?
        a. margin 0.07281750874623727
      yes, 57, ags used 22 = 57
   (1) can we show that 7 NL 2?
        a. margin 0.0722479863314629
      yes, 57, ags used 22 = 57
   (1) can we show that 1 NL 6?
        a. margin -0.0514197380196888
      no
   (1) can we show that 1 NL 2?
        a. margin -0.010902286225692781
      no
   (1) can we show that 8 NL 6?
        a. margin -0.004800260353103436
      no
   (1) can we show that 8 NL 2?
        a. margin 0.031323732812628347
      yes, 145, ags used 69 = 145
   (1) can we show that 5 NL 6?
        a. margin 0.001708567244325554
      yes, 1291, ags used 968 = 1291
   (1) can we show that 5 NL 2?
        a. margin 0.01570254657879855
      yes, 286, ags used 69 = 286
      Best assertion(s) require sample: 57

ALTERNATE OUTCOME PAIR: 2,7
   (1) can we show that 3 NL 7?
        a. margin -0.35977544544788853
      no
   (1) can we show that 3 NL 2?
        a. margin -0.17492474168090366
      no
   (1) can we show that 6 NL 7?
        a. margin -0.27947278496460803
      no
   (1) can we show that 6 NL 2?
        a. margin -0.1394516312749159
      no
   (1) can we show that 1 NL 7?
        a. margin -0.3042063298348381
      no
   (1) can we show that 1 NL 2?
        a. margin -0.07143438288178228
      no
   (1) can we show that 8 NL 7?
        a. margin -0.25758685216825283
      no
   (1) can we show that 8 NL 2?
        a. margin -0.059962574241313016
      no
   (1) can we show that 5 NL 7?
        a. margin -0.24261654869416627
      no
   (1) can we show that 5 NL 2?
        a. margin -0.03807664144495815
      no

ALTERNATE OUTCOME PAIR: 2,1
   (1) can we show that 3 NL 1?
        a. margin -0.2845171263526153
      no
   (1) can we show that 3 NL 2?
        a. margin -0.09917826051582412
      no
   (1) can we show that 6 NL 1?
        a. margin -0.23561955902693
      no
   (1) can we show that 6 NL 2?
        a. margin -0.09356439671304118
      no
   (1) can we show that 7 NL 1?
        a. margin 0.029777886258238295
      yes, 117, ags used 145 = 145
   (1) can we show that 7 NL 2?
        a. margin 0.07957041737857029
      yes, 52, ags used 22 = 52
   (1) can we show that 8 NL 1?
        a. margin -0.16418517614514616
      no
   (1) can we show that 8 NL 2?
        a. margin 0.036449434545603454
      yes, 124, ags used 69 = 124
   (1) can we show that 5 NL 1?
        a. margin -0.12016922951753262
      no
   (1) can we show that 5 NL 2?
        a. margin 0.021397770726548915
      yes, 211, ags used 69 = 211
      Best assertion(s) require sample: 52

ALTERNATE OUTCOME PAIR: 2,8
   (1) can we show that 3 NL 8?
        a. margin -0.2055162313888209
      no
   (1) can we show that 3 NL 2?
        a. margin -0.09934098120576018
      no
   (1) can we show that 6 NL 8?
        a. margin -0.19697339516719536
      no
   (1) can we show that 6 NL 2?
        a. margin -0.0904727036042633
      no
   (1) can we show that 7 NL 8?
        a. margin 0.00130176551948602
      yes, 91, ags used 68 = 91
   (1) can we show that 7 NL 2?
        a. margin 0.08258075014238164
      yes, 50, ags used 22 = 50
   (1) can we show that 1 NL 8?
        a. margin -0.14050931575949877
      no
   (1) can we show that 1 NL 2?
        a. margin -0.006264746562525292
      no
   (1) can we show that 5 NL 8?
        a. margin -0.08713692946058083
      no
   (1) can we show that 5 NL 2?
        a. margin 0.0210723293466768
      yes, 214, ags used 69 = 214
      Best assertion(s) require sample: 50

ALTERNATE OUTCOME PAIR: 2,5
   (1) can we show that 3 NL 5?
        a. margin -0.34675779025303044
      no
   (1) can we show that 3 NL 2?
        a. margin -0.09836465706614494
      no
   (1) can we show that 6 NL 5?
        a. margin -0.2898869091204944
      no
   (1) can we show that 6 NL 2?
        a. margin -0.09234399153852324
      no
   (1) can we show that 7 NL 5?
        a. margin -0.0012204051745172695
      no
   (1) can we show that 7 NL 2?
        a. margin 0.08176714669270257
      yes, 51, ags used 22 = 51
   (1) can we show that 1 NL 5?
        a. margin -0.25303067285005265
      no
   (1) can we show that 1 NL 2?
        a. margin -0.007647872426978397
      no
   (1) can we show that 8 NL 5?
        a. margin -0.21894068830851798
      no
   (1) can we show that 8 NL 2?
        a. margin 0.037425758685218025
      yes, 121, ags used 69 = 121
      Best assertion(s) require sample: 51

ALTERNATE OUTCOME PAIR: 3,6
   (1) can we show that 2 NL 6?
        a. margin -0.11968106744772589
      no
   (1) can we show that 2 NL 3?
        a. margin -0.16320885200553192
      no
   (1) can we show that 7 NL 6?
        a. margin 0.07363111219591656
      yes, 56, ags used 22 = 56
   (1) can we show that 7 NL 3?
        a. margin 0.03880888454967124
      yes, 81, ags used 69 = 81
   (1) can we show that 1 NL 6?
        a. margin -0.050931575949881625
      no
   (1) can we show that 1 NL 3?
        a. margin -0.05874216906679586
      no
   (1) can we show that 8 NL 6?
        a. margin -0.0048816206980715204
      no
   (1) can we show that 8 NL 3?
        a. margin 0.01741111382312388
      yes, 258, ags used 145 = 258
   (1) can we show that 5 NL 6?
        a. margin 0.00130176551948602
      yes, 1393, ags used 968 = 1393
   (1) can we show that 5 NL 3?
        a. margin -0.013017655194857314
      no
      Best assertion(s) require sample: 56

ALTERNATE OUTCOME PAIR: 3,7
   (1) can we show that 2 NL 7?
        a. margin -0.3696200471890001
      no
   (1) can we show that 2 NL 3?
        a. margin -0.23350419005776535
      no
   (1) can we show that 6 NL 7?
        a. margin -0.2817508746237084
      no
   (1) can we show that 6 NL 3?
        a. margin -0.16076804165649627
      no
   (1) can we show that 1 NL 7?
        a. margin -0.30680986087381
      no
   (1) can we show that 1 NL 3?
        a. margin -0.1307460743633545
      no
   (1) can we show that 8 NL 7?
        a. margin -0.26149214872671045
      no
   (1) can we show that 8 NL 3?
        a. margin -0.0917744691237471
      no
   (1) can we show that 5 NL 7?
        a. margin -0.2449759986982345
      no
   (1) can we show that 5 NL 3?
        a. margin -0.07696688633959703
      no

ALTERNATE OUTCOME PAIR: 3,1
   (1) can we show that 2 NL 1?
        a. margin -0.2906191522252052
      no
   (1) can we show that 2 NL 3?
        a. margin -0.15987307786184957
      no
   (1) can we show that 6 NL 1?
        a. margin -0.23342282971279782
      no
   (1) can we show that 6 NL 3?
        a. margin -0.11870474330811087
      no
   (1) can we show that 7 NL 1?
        a. margin 0.032137336262306526
      yes, 94, ags used 69 = 94
   (1) can we show that 7 NL 3?
        a. margin 0.04515499145716495
      yes, 48, ags used 68 = 68
   (1) can we show that 8 NL 1?
        a. margin -0.16532422097469668
      no
   (1) can we show that 8 NL 3?
        a. margin 0.0208282483117741
      yes, 217, ags used 145 = 217
   (1) can we show that 5 NL 1?
        a. margin -0.12008786917256487
      no
   (1) can we show that 5 NL 3?
        a. margin -0.009356439671303396
      no
      Best assertion(s) require sample: 68

ALTERNATE OUTCOME PAIR: 3,8
   (1) can we show that 2 NL 8?
        a. margin -0.23057521763892252
      no
   (1) can we show that 2 NL 3?
        a. margin -0.1486453502562851
      no
   (1) can we show that 6 NL 8?
        a. margin -0.19225449515905912
      no
   (1) can we show that 6 NL 3?
        a. margin -0.1073142950126108
      no
   (1) can we show that 7 NL 8?
        a. margin 0.006834268977301106
      yes, 63, ags used 69 = 69
   (1) can we show that 7 NL 3?
        a. margin 0.05524367423317966
      yes, 43, ags used 68 = 68
   (1) can we show that 1 NL 8?
        a. margin -0.1356276950614268
      no
   (1) can we show that 1 NL 3?
        a. margin -0.04596859490684224
      no
   (1) can we show that 5 NL 8?
        a. margin -0.08266211048734806
      no
   (1) can we show that 5 NL 3?
        a. margin -0.00024408103490314303
      no
      Best assertion(s) require sample: 68

ALTERNATE OUTCOME PAIR: 3,5
   (1) can we show that 2 NL 5?
        a. margin -0.35001220405174516
      no
   (1) can we show that 2 NL 3?
        a. margin -0.15645594337319946
      no
   (1) can we show that 6 NL 5?
        a. margin -0.2871206573915871
      no
   (1) can we show that 6 NL 3?
        a. margin -0.11561305019933232
      no
   (1) can we show that 7 NL 5?
        a. margin 0.008380115531690713
      yes, 672, ags used 69 = 672
   (1) can we show that 7 NL 3?
        a. margin 0.04865348629078259
      yes, 46, ags used 68 = 68
   (1) can we show that 1 NL 5?
        a. margin -0.2511593849157918
      no
   (1) can we show that 1 NL 3?
        a. margin -0.055325034578146304
      no
   (1) can we show that 8 NL 5?
        a. margin -0.21991701244813255
      no
   (1) can we show that 8 NL 3?
        a. margin 0.024245382800423876
      yes, 186, ags used 145 = 186
      Best assertion(s) require sample: 68

ALTERNATE OUTCOME PAIR: 6,7
   (1) can we show that 2 NL 7?
        a. margin -0.3570091937189813
      no
   (1) can we show that 2 NL 6?
        a. margin -0.2556342038890237
      no
   (1) can we show that 3 NL 7?
        a. margin -0.34952404198193787
      no
   (1) can we show that 3 NL 6?
        a. margin -0.24676592628752636
      no
   (1) can we show that 1 NL 7?
        a. margin -0.2933854039541127
      no
   (1) can we show that 1 NL 6?
        a. margin -0.1925799365389299
      no
   (1) can we show that 8 NL 7?
        a. margin -0.24635912456268783
      no
   (1) can we show that 8 NL 6?
        a. margin -0.16516150028475973
      no
   (1) can we show that 5 NL 7?
        a. margin -0.23179562281344046
      no
   (1) can we show that 5 NL 6?
        a. margin -0.1259458140102503
      no

ALTERNATE OUTCOME PAIR: 6,1
   (1) can we show that 2 NL 1?
        a. margin -0.2908632332601089
      no
   (1) can we show that 2 NL 6?
        a. margin -0.12049467089740451
      no
   (1) can we show that 3 NL 1?
        a. margin -0.28549345049223007
      no
   (1) can we show that 3 NL 6?
        a. margin -0.10088682776014923
      no
   (1) can we show that 7 NL 1?
        a. margin 0.0022780896591008126
      yes, 4066, ags used 145 = 4066
   (1) can we show that 7 NL 6?
        a. margin 0.07493287771540236
      yes, 55, ags used 22 = 55
   (1) can we show that 8 NL 1?
        a. margin -0.1628020502806926
      no
   (1) can we show that 8 NL 6?
        a. margin -0.004068017248392342
      no
   (1) can we show that 5 NL 1?
        a. margin -0.11943698641282186
      no
   (1) can we show that 5 NL 6?
        a. margin 0.0016272068993576916
      yes, 1310, ags used 968 = 1310
      Best assertion(s) require sample: 55

ALTERNATE OUTCOME PAIR: 6,8
   (1) can we show that 2 NL 8?
        a. margin -0.234561874542348
      no
   (1) can we show that 2 NL 6?
        a. margin -0.12212187779676187
      no
   (1) can we show that 3 NL 8?
        a. margin -0.2055975917337889
      no
   (1) can we show that 3 NL 6?
        a. margin -0.10389716052396059
      no
   (1) can we show that 7 NL 8?
        a. margin 0.001708567244325554
      yes, 189, ags used 145 = 189
   (1) can we show that 7 NL 6?
        a. margin 0.07420063461069137
      yes, 56, ags used 22 = 56
   (1) can we show that 1 NL 8?
        a. margin -0.1395329916198843
      no
   (1) can we show that 1 NL 6?
        a. margin -0.05312830526401424
      no
   (1) can we show that 5 NL 8?
        a. margin -0.08648604670083793
      no
   (1) can we show that 5 NL 6?
        a. margin 0.0034171344886502197
      yes, 1991, ags used 968 = 1991
      Best assertion(s) require sample: 56

ALTERNATE OUTCOME PAIR: 6,5
   (1) can we show that 2 NL 5?
        a. margin -0.34846635749735566
      no
   (1) can we show that 2 NL 6?
        a. margin -0.11545032950939693
      no
   (1) can we show that 3 NL 5?
        a. margin -0.3444797005939304
      no
   (1) can we show that 3 NL 6?
        a. margin -0.09665608982182039
      no
   (1) can we show that 7 NL 5?
        a. margin -0.03596127247579484
      no
   (1) can we show that 7 NL 6?
        a. margin 0.080465381173217
      yes, 52, ags used 22 = 52
   (1) can we show that 1 NL 5?
        a. margin -0.24871857456675583
      no
   (1) can we show that 1 NL 6?
        a. margin -0.04759580180619927
      no
   (1) can we show that 8 NL 5?
        a. margin -0.21487267106012475
      no
   (1) can we show that 8 NL 6?
        a. margin 0.0011390448295509614
      yes, 4097, ags used 68 = 4097
      Best assertion(s) require sample: 52

ALTERNATE OUTCOME PAIR: 7,1
   (1) can we show that 2 NL 1?
        a. margin -0.27849646082499324
      no
   (1) can we show that 2 NL 7?
        a. margin -0.36734195752990007
      no
   (1) can we show that 3 NL 1?
        a. margin -0.26889594011878537
      no
   (1) can we show that 3 NL 7?
        a. margin -0.36042632820763154
      no
   (1) can we show that 6 NL 1?
        a. margin -0.22870392970466136
      no
   (1) can we show that 6 NL 7?
        a. margin -0.2793100642746724
      no
   (1) can we show that 8 NL 1?
        a. margin -0.14286876576356522
      no
   (1) can we show that 8 NL 7?
        a. margin -0.25848181596289943
      no
   (1) can we show that 5 NL 1?
        a. margin -0.10739565535757778
      no
   (1) can we show that 5 NL 7?
        a. margin -0.24318607110894142
      no

ALTERNATE OUTCOME PAIR: 7,8
   (1) can we show that 2 NL 8?
        a. margin -0.23309738833292648
      no
   (1) can we show that 2 NL 7?
        a. margin -0.37108453339842173
      no
   (1) can we show that 3 NL 8?
        a. margin -0.20397038483443153
      no
   (1) can we show that 3 NL 7?
        a. margin -0.36416890407615343
      no
   (1) can we show that 6 NL 8?
        a. margin -0.19526482792287037
      no
   (1) can we show that 6 NL 7?
        a. margin -0.281994955658612
      no
   (1) can we show that 1 NL 8?
        a. margin -0.1382312261003984
      no
   (1) can we show that 1 NL 7?
        a. margin -0.3077861850134247
      no
   (1) can we show that 5 NL 8?
        a. margin -0.0851842811813519
      no
   (1) can we show that 5 NL 7?
        a. margin -0.24595232283784896
      no

ALTERNATE OUTCOME PAIR: 1,8
   (1) can we show that 2 NL 8?
        a. margin -0.22764624522007948
      no
   (1) can we show that 2 NL 1?
        a. margin -0.2793914246196405
      no
   (1) can we show that 3 NL 8?
        a. margin -0.1972988365470668
      no
   (1) can we show that 3 NL 1?
        a. margin -0.2736962004718898
      no
   (1) can we show that 6 NL 8?
        a. margin -0.18745423480595524
      no
   (1) can we show that 6 NL 1?
        a. margin -0.21731348140916118
      no
   (1) can we show that 7 NL 8?
        a. margin 0.011553168985437123
      yes, 59, ags used 69 = 69
   (1) can we show that 7 NL 1?
        a. margin 0.0056952241477514765
      yes, 72, ags used 69 = 72
   (1) can we show that 5 NL 8?
        a. margin -0.08079082255308756
      no
   (1) can we show that 5 NL 1?
        a. margin -0.1109755105361645
      no
      Best assertion(s) require sample: 69

ALTERNATE OUTCOME PAIR: 1,5
   (1) can we show that 2 NL 5?
        a. margin -0.34366609714425134
      no
   (1) can we show that 2 NL 1?
        a. margin -0.27605565047595726
      no
   (1) can we show that 3 NL 5?
        a. margin -0.33780815230656536
      no
   (1) can we show that 3 NL 1?
        a. margin -0.26995362460336747
      no
   (1) can we show that 6 NL 5?
        a. margin -0.27808965910015393
      no
   (1) can we show that 6 NL 1?
        a. margin -0.21723212106419265
      no
   (1) can we show that 7 NL 5?
        a. margin 0.0016272068993585798
      yes, 162, ags used 145 = 162
   (1) can we show that 7 NL 1?
        a. margin 0.005451143112847889
      yes, 72, ags used 69 = 72
   (1) can we show that 8 NL 5?
        a. margin -0.21047921243185974
      no
   (1) can we show that 8 NL 1?
        a. margin -0.14897079163615545
      no
      Best assertion(s) require sample: 72

ALTERNATE OUTCOME PAIR: 8,5
   (1) can we show that 2 NL 5?
        a. margin -0.3349605402326905
      no
   (1) can we show that 2 NL 8?
        a. margin -0.2241477503864615
      no
   (1) can we show that 3 NL 5?
        a. margin -0.3327638109185581
      no
   (1) can we show that 3 NL 8?
        a. margin -0.19469530550809522
      no
   (1) can we show that 6 NL 5?
        a. margin -0.2679196159791717
      no
   (1) can we show that 6 NL 8?
        a. margin -0.18460662273208017
      no
   (1) can we show that 7 NL 5?
        a. margin 0.010576844845822997
      yes, 123, ags used 145 = 145
   (1) can we show that 7 NL 8?
        a. margin 0.014970303474087121
      yes, 57, ags used 69 = 69
   (1) can we show that 1 NL 5?
        a. margin -0.2380603693759662
      no
   (1) can we show that 1 NL 8?
        a. margin -0.1315596778130338
      no
      Best assertion(s) require sample: 69

RULE OUT PAIR STAGE ASN 72
------------------------------------------------
EXAMINING WAYS TO REDUCE COST OF AUDIT
ALTERNATE OUTCOME PAIR: 4,2
   (1) can we show that 3 NL 2?
        a. margin -0.10690749328777116
      no
   (1) can we show that 3 NL 4?
        a. margin 0.0005695224147754807
      yes, 273, ags used 968 = 968
   (1) can we show that 6 NL 2?
        a. margin -0.10275811569441029
      no
   (1) can we show that 6 NL 4?
        a. margin 0.027092994874298615
      yes, 167, ags used 22 = 167
   (1) can we show that 7 NL 2?
        a. margin 0.06972581563745872
      yes, 65, ags used 0 = 65
   (1) can we show that 7 NL 4?
        a. margin 0.20665527621837088
      yes, 22, ags used 0 = 22
   (1) can we show that 1 NL 2?
        a. margin -0.013017655194857536
      no
   (1) can we show that 1 NL 4?
        a. margin 0.05703360182247197
      yes, 80, ags used 22 = 80
   (1) can we show that 8 NL 2?
        a. margin 0.028557481083720138
      yes, 159, ags used 69 = 159
   (1) can we show that 8 NL 4?
        a. margin 0.00040680172483975596
      yes, 38, ags used 22 = 38
   (1) can we show that 5 NL 2?
        a. margin 0.014156700024408497
      yes, 316, ags used 69 = 316
   (1) can we show that 5 NL 4?
        a. margin 0.010739565535757611
      yes, 47, ags used 22 = 47
      Best assertion(s) require sample: 22

ALTERNATE OUTCOME PAIR: 4,3
   (1) can we show that 2 NL 3?
        a. margin -0.16792775201366839
      no
   (1) can we show that 2 NL 4?
        a. margin 0.005125701732975552
      yes, 1291, ags used 968 = 1291
   (1) can we show that 6 NL 3?
        a. margin -0.1280611829794157
      no
   (1) can we show that 6 NL 4?
        a. margin 0.025140346595069696
      yes, 180, ags used 22 = 180
   (1) can we show that 7 NL 3?
        a. margin 0.034252705231470504
      yes, 62, ags used 68 = 68
   (1) can we show that 7 NL 4?
        a. margin 0.20486534862907835
      yes, 22, ags used 0 = 22
   (1) can we show that 1 NL 3?
        a. margin -0.06337970872996446
      no
   (1) can we show that 1 NL 4?
        a. margin 0.055243674233178997
      yes, 82, ags used 22 = 82
   (1) can we show that 8 NL 3?
        a. margin 0.0122040517451798
      yes, 366, ags used 145 = 366
   (1) can we show that 8 NL 4?
        a. margin 0.11618257261410836
      yes, 39, ags used 22 = 39
   (1) can we show that 5 NL 3?
        a. margin -0.020502806931900985
      no
   (1) can we show that 5 NL 4?
        a. margin 0.00781059311691501
      yes, 48, ags used 22 = 48
      Best assertion(s) require sample: 22

ALTERNATE OUTCOME PAIR: 4,6
   (1) can we show that 2 NL 6?
        a. margin -0.12383044504108676
      no
   (1) can we show that 2 NL 4?
        a. margin 0.005369782767879139
      yes, 1236, ags used 968 = 1236
   (1) can we show that 3 NL 6?
        a. margin -0.10397852086892811
      no
   (1) can we show that 3 NL 4?
        a. margin 0.014807582784151618
      yes, 303, ags used 968 = 968
   (1) can we show that 7 NL 6?
        a. margin 0.06996989667236231
      yes, 65, ags used 0 = 65
   (1) can we show that 7 NL 4?
        a. margin 0.2050280693190134
      yes, 22, ags used 0 = 22
   (1) can we show that 1 NL 6?
        a. margin -0.054348710438531844
      no
   (1) can we show that 1 NL 4?
        a. margin 0.0559759173378902
      yes, 81, ags used 22 = 81
   (1) can we show that 8 NL 6?
        a. margin -0.008461475876657132
      no
   (1) can we show that 8 NL 4?
        a. margin 0.001057684484583099
      yes, 38, ags used 22 = 38
   (1) can we show that 5 NL 6?
        a. margin -0.0013831258644533273
      no
   (1) can we show that 5 NL 4?
        a. margin 0.010332763810919188
      yes, 48, ags used 22 = 48
      Best assertion(s) require sample: 22

ALTERNATE OUTCOME PAIR: 4,7
   (1) can we show that 2 NL 7?
        a. margin -0.3691318851191928
      no
   (1) can we show that 2 NL 4?
        a. margin -0.04385322593767682
      no
   (1) can we show that 3 NL 7?
        a. margin -0.3614026523472459
      no
   (1) can we show that 3 NL 4?
        a. margin -0.04255146041819091
      no
   (1) can we show that 6 NL 7?
        a. margin -0.28061182979415844
      no
   (1) can we show that 6 NL 4?
        a. margin 0.020014644862095032
      yes, 225, ags used 968 = 968
   (1) can we show that 1 NL 7?
        a. margin -0.3055894556992921
      no
   (1) can we show that 1 NL 4?
        a. margin 0.011390448295502065
      yes, 391, ags used 968 = 968
   (1) can we show that 8 NL 7?
        a. margin -0.2598649418273531
      no
   (1) can we show that 8 NL 4?
        a. margin 0.02701163452933253
      yes, 168, ags used 0 = 168
   (1) can we show that 5 NL 7?
        a. margin -0.24684728663249522
      no
   (1) can we show that 5 NL 4?
        a. margin 0.0317305345374681
      yes, 143, ags used 0 = 143
      Best assertion(s) require sample: 143

ALTERNATE OUTCOME PAIR: 4,1
   (1) can we show that 2 NL 1?
        a. margin -0.2951753315434056
      no
   (1) can we show that 2 NL 4?
        a. margin 0.005939305182654175
      yes, 1124, ags used 968 = 1124
   (1) can we show that 3 NL 1?
        a. margin -0.28785290049629797
      no
   (1) can we show that 3 NL 4?
        a. margin 0.015051663819054983
      yes, 298, ags used 968 = 968
   (1) can we show that 6 NL 1?
        a. margin -0.2371654055813195
      no
   (1) can we show that 6 NL 4?
        a. margin 0.027662517289073874
      yes, 164, ags used 22 = 164
   (1) can we show that 7 NL 1?
        a. margin 0.017085672443251765
      yes, 118, ags used 145 = 145
   (1) can we show that 7 NL 4?
        a. margin 0.20722479863314613
      yes, 22, ags used 0 = 22
   (1) can we show that 8 NL 1?
        a. margin -0.16784639166870008
      no
   (1) can we show that 8 NL 4?
        a. margin 0.11797250020340155
      yes, 38, ags used 22 = 38
   (1) can we show that 5 NL 1?
        a. margin -0.12578309332031523
      no
   (1) can we show that 5 NL 4?
        a. margin 0.00919371898136867
      yes, 47, ags used 22 = 47
      Best assertion(s) require sample: 22

ALTERNATE OUTCOME PAIR: 4,8
   (1) can we show that 2 NL 8?
        a. margin -0.23513139695712304
      no
   (1) can we show that 2 NL 4?
        a. margin 0.005369782767879361
      yes, 1236, ags used 968 = 1236
   (1) can we show that 3 NL 8?
        a. margin -0.2051094296639817
      no
   (1) can we show that 3 NL 4?
        a. margin 0.01423806036937636
      yes, 315, ags used 968 = 968
   (1) can we show that 6 NL 8?
        a. margin -0.19672931413229178
      no
   (1) can we show that 6 NL 4?
        a. margin 0.02766251728907365
      yes, 164, ags used 22 = 164
   (1) can we show that 7 NL 8?
        a. margin 0.0018712879342612787
      yes, 85, ags used 69 = 85
   (1) can we show that 7 NL 4?
        a. margin 0.20779432104792184
      yes, 21, ags used 0 = 21
   (1) can we show that 1 NL 8?
        a. margin -0.13985843299975564
      no
   (1) can we show that 1 NL 4?
        a. margin 0.05565047595801853
      yes, 82, ags used 22 = 82
   (1) can we show that 5 NL 8?
        a. margin -0.09030998291432735
      no
   (1) can we show that 5 NL 4?
        a. margin 0.00805467415181882
      yes, 48, ags used 22 = 48
      Best assertion(s) require sample: 21

ALTERNATE OUTCOME PAIR: 4,5
   (1) can we show that 2 NL 5?
        a. margin -0.3553819868196241
      no
   (1) can we show that 2 NL 4?
        a. margin -0.004800260353103658
      no
   (1) can we show that 3 NL 5?
        a. margin -0.3503376454316165
      no
   (1) can we show that 3 NL 4?
        a. margin 4.440892098500626e-16
      yes, 468, ags used 22 = 468
   (1) can we show that 6 NL 5?
        a. margin -0.2920836384346268
      no
   (1) can we show that 6 NL 4?
        a. margin 0.027906598323977017
      yes, 162, ags used 22 = 162
   (1) can we show that 7 NL 5?
        a. margin -0.0019526482792280309
      no
   (1) can we show that 7 NL 4?
        a. margin 0.20755024001301758
      yes, 21, ags used 0 = 21
   (1) can we show that 1 NL 5?
        a. margin -0.2554714831990885
      no
   (1) can we show that 1 NL 4?
        a. margin 0.056219998372793345
      yes, 81, ags used 22 = 81
   (1) can we show that 8 NL 5?
        a. margin -0.22284598486697538
      no
   (1) can we show that 8 NL 4?
        a. margin 0.0005695224147757028
      yes, 38, ags used 22 = 38
      Best assertion(s) require sample: 21

3 ruled out by pairs, sample size 143
STAGE 1 ASN NOW 0
NEW RULE OUT PAIR STAGE ASN 143
------------------------------------------------
Alternate outcome cannot be ruled out: 2,7
Alternate outcome cannot be ruled out: 3,7
Alternate outcome cannot be ruled out: 6,7
Alternate outcome cannot be ruled out: 7,1
Alternate outcome cannot be ruled out: 7,8
Full audit not possible
PARTIAL audit sample size: 143
------------------------------------------------
Final set of assertions generated:
7 NL 6 = 56 [rules out (6, 8), G = {3}, O = set()]
7 NL 4 = 21 [rules out (4, 5), G = set(), O = set()]
7 NL 8 = 69 [rules out (8, 5), G = {1, 3, 5}, O = set()]
7 NL 8 = 69 [rules out (1, 8), G = {1, 3, 5}, O = set()]

7 NL 3 = 68 [rules out (3, 8), G = {3, 5}, O = set()]
(6, 'AG', 1, 69)
5 NL 4 = 143 [rules out (4, 7), G = set(), O = set()]
(6, 'AG', 5, 68)
7 NL 2 = 51 [rules out (2, 5), G = {3}, O = set()]
7 NL 6 = 57 [rules out (2, 6), G = {3}, O = set()]

7 NL 3 = 68 [rules out (3, 5), G = {3, 5}, O = set()]
7 NL 2 = 57 [rules out (2, 3), G = {3}, O = set()]
7 NL 2 = 52 [rules out (2, 1), G = {3}, O = set()]
7 NL 6 = 55 [rules out (6, 1), G = {3}, O = set()]
7 NL 2 = 50 [rules out (2, 8), G = {3}, O = set()]
7 NL 6 = 56 [rules out (3, 6), G = {3}, O = set()]

(6, 'AG', 3, 22)
7 NL 4 = 22 [rules out (4, 1), G = set(), O = set()]
7 NL 4 = 22 [rules out (4, 6), G = set(), O = set()]
7 NL 1 = 72 [rules out (1, 5), G = {1, 3, 5}, O = set()]
7 NL 4 = 22 [rules out (4, 2), G = set(), O = set()]
7 NL 4 = 21 [rules out (4, 8), G = set(), O = set()]
7 NL 4 = 22 [rules out (4, 3), G = set(), O = set()]
7 NL 6 = 52 [rules out (6, 5), G = {3}, O = set()]
7 NL 3 = 68 [rules out (3, 1), G = {3, 5}, O = set()]
[7] are verified winners with these assertions.
[1, 2, 3, 5, 6, 8] remain as potential winners in this audit.
------------------------------------------------
