VALID BALLOTS 4752
56 ballot checks required to assert that first winner has a quota's worth of votes
AUD TV 0.15854893138357706, ss 103
AG*(2,1) = 99
AG*(2,4) = 25
AG*(2,5) = 28
AG*(2,6) = 22
AG*(2,7) = 47
AG*(1,6) = 63
AG*(2,1) = 99
AG*(2,4) = 25
AG*(2,5) = 28
AG*(2,6) = 22
AG*(2,7) = 47
AG*(3,1) = 37
AG*(3,4) = 21
AG*(3,5) = 87
AG*(3,6) = 14
AG*(3,7) = 20
AG*(5,6) = 4751
AG*(7,6) = 144
NL(2,6) = 22, AG*'s used 0
NL(2,4) = 25, AG*'s used 22
NL(2,5) = 26, AG*'s used 25
NL(2,1) = 41, AG*'s used 28
Max in loop 103, 0.15854893138357706
AUD TV 0.20854893138357705, ss 48
AG*(2,1) = 114
AG*(2,4) = 25
AG*(2,5) = 28
AG*(2,6) = 22
AG*(2,7) = 49
AG*(1,6) = 64
AG*(2,1) = 114
AG*(2,4) = 25
AG*(2,5) = 28
AG*(2,6) = 22
AG*(2,7) = 49
AG*(3,1) = 37
AG*(3,4) = 21
AG*(3,5) = 87
AG*(3,6) = 14
AG*(3,7) = 20
AG*(5,6) = 4752
AG*(7,6) = 151
NL(2,6) = 22, AG*'s used 0
NL(2,4) = 25, AG*'s used 22
NL(2,5) = 27, AG*'s used 25
NL(2,1) = 43, AG*'s used 28
Max in loop 56, 0.20854893138357705
AUD TV 0.25854893138357704, ss 30
AG*(2,1) = 135
AG*(2,4) = 26
AG*(2,5) = 28
AG*(2,6) = 22
AG*(2,7) = 53
AG*(1,6) = 66
AG*(2,1) = 135
AG*(2,4) = 26
AG*(2,5) = 28
AG*(2,6) = 22
AG*(2,7) = 53
AG*(3,1) = 37
AG*(3,4) = 21
AG*(3,5) = 87
AG*(3,6) = 14
AG*(3,7) = 20
AG*(7,6) = 159
NL(2,6) = 22, AG*'s used 0
NL(2,4) = 26, AG*'s used 22
NL(2,5) = 27, AG*'s used 26
NL(2,1) = 46, AG*'s used 28
Max in loop 56, 0.25854893138357704
AUD TV 0.30854893138357703, ss 21
AG*(2,1) = 166
AG*(2,4) = 26
AG*(2,5) = 29
AG*(2,6) = 22
AG*(2,7) = 56
AG*(1,6) = 67
AG*(2,1) = 166
AG*(2,4) = 26
AG*(2,5) = 29
AG*(2,6) = 22
AG*(2,7) = 56
AG*(3,1) = 37
AG*(3,4) = 21
AG*(3,5) = 87
AG*(3,6) = 14
AG*(3,7) = 20
AG*(7,6) = 168
NL(2,6) = 22, AG*'s used 0
NL(2,4) = 26, AG*'s used 22
NL(2,5) = 27, AG*'s used 26
NL(2,1) = 49, AG*'s used 29
Max in loop 56, 0.30854893138357703
AUD TV 0.358548931383577, ss 15
AG*(2,1) = 214
AG*(2,4) = 27
AG*(2,5) = 29
AG*(2,6) = 22
AG*(2,7) = 60
AG*(1,6) = 68
AG*(2,1) = 214
AG*(2,4) = 27
AG*(2,5) = 29
AG*(2,6) = 22
AG*(2,7) = 60
AG*(3,1) = 37
AG*(3,4) = 21
AG*(3,5) = 87
AG*(3,6) = 14
AG*(3,7) = 20
AG*(7,6) = 178
NL(2,6) = 22, AG*'s used 0
NL(2,4) = 27, AG*'s used 22
NL(2,5) = 28, AG*'s used 27
NL(2,1) = 52, AG*'s used 29
Max in loop 56, 0.358548931383577
AUD TV 0.408548931383577, ss 11
AG*(2,1) = 301
AG*(2,4) = 27
AG*(2,5) = 29
AG*(2,6) = 23
AG*(2,7) = 65
AG*(1,6) = 69
AG*(2,1) = 301
AG*(2,4) = 27
AG*(2,5) = 29
AG*(2,6) = 23
AG*(2,7) = 65
AG*(3,1) = 37
AG*(3,4) = 21
AG*(3,5) = 87
AG*(3,6) = 14
AG*(3,7) = 20
AG*(7,6) = 188
NL(2,6) = 23, AG*'s used 0
NL(2,4) = 27, AG*'s used 23
NL(2,5) = 28, AG*'s used 27
NL(2,1) = 56, AG*'s used 29
Max in loop 56, 0.408548931383577
AUD TV 0.458548931383577, ss 9
AG*(2,1) = 652
AG*(2,4) = 28
AG*(2,5) = 29
AG*(2,6) = 23
AG*(2,7) = 71
AG*(1,6) = 71
AG*(2,1) = 652
AG*(2,4) = 28
AG*(2,5) = 29
AG*(2,6) = 23
AG*(2,7) = 71
AG*(3,1) = 37
AG*(3,4) = 21
AG*(3,5) = 87
AG*(3,6) = 14
AG*(3,7) = 20
AG*(7,6) = 201
NL(2,6) = 23, AG*'s used 0
NL(2,4) = 27, AG*'s used 23
NL(2,5) = 28, AG*'s used 28
NL(2,1) = 61, AG*'s used 29
Max in loop 61, 0.458548931383577
Breaking out of inner loop 61 > 56
Sample size to show min tv of 0.05427446569178852 is 106
Sample size required for audit is 56 ballots
------------------------------------------------
Assertion set BEFORE filtering:
(1, 'AG*', 4, 29)
(1, 'NL', 3, 27)
(1, 'NL', 4, 28)
(1, 'NL', 5, 23)
(1, 'AG*', 5, 23)
(1, 'NL', 0, 56)
(1, 'AG*', 3, 27)
(2, 'MT', None, (0.408548931383577, 11))
(2, 'QT', None, 56)
------------------------------------------------
Final set of assertions AFTER filtering:
(1, 'AG*', 4, 29)
(1, 'NL', 3, 27)
(1, 'NL', 4, 28)
(1, 'NL', 5, 23)
(1, 'AG*', 5, 23)
(1, 'NL', 0, 56)
(1, 'AG*', 3, 27)
(2, 'MT', None, (0.408548931383577, 11))
(2, 'QT', None, 56)
------------------------------------------------
Explanations for AG* inclusion:
   Explanation for (1, 'AG*', 4, 29): []
   Explanation for (1, 'AG*', 5, 23): []
   Explanation for (1, 'AG*', 3, 27): []
------------------------------------------------
