VALID BALLOTS 12433
Winner 1
Winner 5
Computing AG relationships
1 AG 2 = 21
1 AG 8 = 23
1 AG 4 = 25
1 AG 10 = 37
1 AG 7 = 37
1 AG 9 = 483
1 AG 3 = 70
6 AG 8 = 217
9 AG 2 = 12204
9 AG 8 = 615
5 AG 2 = 29
5 AG 8 = 25
5 AG 4 = 33
5 AG 6 = 44
5 AG 9 = 170
3 AG 2 = 48
3 AG 8 = 71
3 AG 4 = 145
Ruling out candidates: [(2, 29), (8, 25), (4, 33), (9, 483)]
STAGE 1 ASN (Ruling out candidates): 483
ALTERNATE OUTCOME PAIR: 10,7
   (1) can we show that 1 NL 7?
        a. margin 0.12410520389286606
      yes, 34, ags used 25 = 34
   (1) can we show that 1 NL 10?
        a. margin 0.1250167564814073
      yes, 34, ags used 25 = 34
   (1) can we show that 6 NL 7?
        a. margin -0.025282179146894235
      no
   (1) can we show that 6 NL 10?
        a. margin -0.035550550953107884
      no
   (1) can we show that 5 NL 7?
        a. margin 0.1429528941794691
      yes, 32, ags used 37 = 37
   (1) can we show that 5 NL 10?
        a. margin 0.0006166385157790888
      yes, 34, ags used 37 = 37
   (1) can we show that 3 NL 7?
        a. margin 0.047642027936405595
      yes, 87, ags used 71 = 87
   (1) can we show that 3 NL 10?
        a. margin 0.08059197297514764
      yes, 54, ags used 48 = 54
      Best assertion(s) require sample: 34

ALTERNATE OUTCOME PAIR: 10,1
   (1) can we show that 7 NL 1?
        a. margin -0.4130405640901905
      no
   (1) can we show that 7 NL 10?
        a. margin -0.11340786616263099
      no
   (1) can we show that 6 NL 1?
        a. margin -0.385318641250436
      no
   (1) can we show that 6 NL 10?
        a. margin -0.14051315048660606
      no
   (1) can we show that 5 NL 1?
        a. margin -0.10632992841631084
      no
   (1) can we show that 5 NL 10?
        a. margin 0.0198128636156496
      yes, 52, ags used 44 = 52
   (1) can we show that 3 NL 1?
        a. margin -0.3105981393603048
      no
   (1) can we show that 3 NL 10?
        a. margin -0.028392182096032448
      no
      Best assertion(s) require sample: 52

ALTERNATE OUTCOME PAIR: 10,6
   (1) can we show that 7 NL 6?
        a. margin -0.04965280570524688
      no
   (1) can we show that 7 NL 10?
        a. margin -0.07777688409876826
      no
   (1) can we show that 1 NL 6?
        a. margin 0.22156089975602566
      yes, 20, ags used 44 = 44
   (1) can we show that 1 NL 10?
        a. margin 0.12713477573125398
      yes, 33, ags used 25 = 33
   (1) can we show that 5 NL 6?
        a. margin 0.10348802916968336
      yes, 40, ags used 33 = 40
   (1) can we show that 5 NL 10?
        a. margin 0.0009383629587929043
      yes, 34, ags used 37 = 37
   (1) can we show that 3 NL 6?
        a. margin 0.05828574492613714
      yes, 72, ags used 71 = 72
   (1) can we show that 3 NL 10?
        a. margin 0.08279042333574815
      yes, 53, ags used 48 = 53
      Best assertion(s) require sample: 33

ALTERNATE OUTCOME PAIR: 10,5
   (1) can we show that 7 NL 5?
        a. margin -0.33470066221614536
      no
   (1) can we show that 7 NL 10?
        a. margin -0.07426472559585917
      no
   (1) can we show that 1 NL 5?
        a. margin 0.019812863615646714
      yes, 232, ags used 70 = 232
   (1) can we show that 1 NL 10?
        a. margin 0.1307541757151678
      yes, 32, ags used 25 = 32
   (1) can we show that 6 NL 5?
        a. margin -0.2831711305933139
      no
   (1) can we show that 6 NL 10?
        a. margin -0.03595270650687654
      no
   (1) can we show that 3 NL 5?
        a. margin -0.24676264779216617
      no
   (1) can we show that 3 NL 10?
        a. margin 0.08627577146840637
      yes, 51, ags used 48 = 51
      Best assertion(s) require sample: 32

ALTERNATE OUTCOME PAIR: 10,3
   (1) can we show that 7 NL 3?
        a. margin -0.14453470602428986
      no
   (1) can we show that 7 NL 10?
        a. margin -0.06622161452049602
      no
   (1) can we show that 1 NL 3?
        a. margin 0.06788385747607228
      yes, 38, ags used 37 = 38
   (1) can we show that 1 NL 10?
        a. margin 0.13909220086329488
      yes, 31, ags used 25 = 31
   (1) can we show that 6 NL 3?
        a. margin -0.12466822166814095
      no
   (1) can we show that 6 NL 10?
        a. margin -0.021582348052225586
      no
   (1) can we show that 5 NL 3?
        a. margin 0.032440548003968894
      yes, 44, ags used 70 = 70
   (1) can we show that 5 NL 10?
        a. margin 0.013995013271135281
      yes, 31, ags used 37 = 37
      Best assertion(s) require sample: 31

ALTERNATE OUTCOME PAIR: 7,1
   (1) can we show that 10 NL 1?
        a. margin -0.4626933697954375
      no
   (1) can we show that 10 NL 7?
        a. margin -0.2960132979436457
      no
   (1) can we show that 6 NL 1?
        a. margin -0.37639078795678227
      no
   (1) can we show that 6 NL 7?
        a. margin -0.22083701975924241
      no
   (1) can we show that 5 NL 1?
        a. margin -0.09753612697391278
      no
   (1) can we show that 5 NL 7?
        a. margin 0.00986621625244899
      yes, 82, ags used 170 = 170
   (1) can we show that 3 NL 1?
        a. margin -0.30126813051288204
      no
   (1) can we show that 3 NL 7?
        a. margin -0.14925333118850004
      no
      Best assertion(s) require sample: 170

ALTERNATE OUTCOME PAIR: 7,6
   (1) can we show that 10 NL 6?
        a. margin -0.07394300115284635
      no
   (1) can we show that 10 NL 7?
        a. margin -0.08201292259846171
      no
   (1) can we show that 1 NL 6?
        a. margin 0.188932679160299
      yes, 24, ags used 44 = 44
   (1) can we show that 1 NL 7?
        a. margin 0.12531167055417147
      yes, 34, ags used 25 = 34
   (1) can we show that 5 NL 6?
        a. margin 0.10426552990696858
      yes, 40, ags used 33 = 40
   (1) can we show that 5 NL 7?
        a. margin 0.1411297890023866
      yes, 32, ags used 37 = 37
   (1) can we show that 3 NL 6?
        a. margin 0.05917048714442763
      yes, 71, ags used 71 = 71
   (1) can we show that 3 NL 7?
        a. margin 0.04906297755972133
      yes, 85, ags used 71 = 85
      Best assertion(s) require sample: 34

ALTERNATE OUTCOME PAIR: 7,5
   (1) can we show that 10 NL 5?
        a. margin -0.3784283760958742
      no
   (1) can we show that 10 NL 7?
        a. margin -0.07753559076651029
      no
   (1) can we show that 1 NL 5?
        a. margin 0.017051395479771303
      yes, 309, ags used 483 = 483
   (1) can we show that 1 NL 7?
        a. margin 0.13051288238290737
      yes, 32, ags used 25 = 32
   (1) can we show that 6 NL 5?
        a. margin -0.28137483578648237
      no
   (1) can we show that 6 NL 7?
        a. margin -0.02659588728920359
      no
   (1) can we show that 3 NL 5?
        a. margin -0.2444837663208128
      no
   (1) can we show that 3 NL 7?
        a. margin 0.054076516796698115
      yes, 78, ags used 71 = 78
      Best assertion(s) require sample: 32

ALTERNATE OUTCOME PAIR: 7,3
   (1) can we show that 10 NL 3?
        a. margin -0.1553929059760315
      no
   (1) can we show that 10 NL 7?
        a. margin -0.08131585297193022
      no
   (1) can we show that 1 NL 3?
        a. margin 0.06549773452371399
      yes, 53, ags used 37 = 53
   (1) can we show that 1 NL 7?
        a. margin 0.12643770610472216
      yes, 34, ags used 25 = 34
   (1) can we show that 6 NL 3?
        a. margin -0.12710796536100155
      no
   (1) can we show that 6 NL 7?
        a. margin -0.022922866564787592
      no
   (1) can we show that 5 NL 3?
        a. margin 0.031100029491407888
      yes, 45, ags used 70 = 70
   (1) can we show that 5 NL 7?
        a. margin 0.1452853963913252
      yes, 31, ags used 37 = 37
      Best assertion(s) require sample: 34

ALTERNATE OUTCOME PAIR: 1,6
   (1) can we show that 10 NL 6?
        a. margin -0.07254886189978405
      no
   (1) can we show that 10 NL 1?
        a. margin -0.4716212230890914
      no
   (1) can we show that 7 NL 6?
        a. margin -0.04868763237620333
      no
   (1) can we show that 7 NL 1?
        a. margin -0.41269202927692494
      no
   (1) can we show that 5 NL 6?
        a. margin 0.10641035952706646
      yes, 39, ags used 33 = 39
   (1) can we show that 5 NL 1?
        a. margin -0.18810155768251124
      no
   (1) can we show that 3 NL 6?
        a. margin 0.060805919729752134
      yes, 70, ags used 71 = 71
   (1) can we show that 3 NL 1?
        a. margin -0.3087214134427201
      no
      Best assertion(s) require sample: 39

ALTERNATE OUTCOME PAIR: 1,3
   (1) can we show that 10 NL 3?
        a. margin -0.19842355022922853
      no
   (1) can we show that 10 NL 1?
        a. margin -0.4586986246280067
      no
   (1) can we show that 7 NL 3?
        a. margin -0.17303412960132958
      no
   (1) can we show that 7 NL 1?
        a. margin -0.3962304619426802
      no
   (1) can we show that 6 NL 3?
        a. margin -0.18078232660393
      no
   (1) can we show that 6 NL 1?
        a. margin -0.3670875894796114
      no
   (1) can we show that 5 NL 3?
        a. margin 0.047454355344649146
      yes, 96, ags used 44 = 96
   (1) can we show that 5 NL 1?
        a. margin -0.08847422182900244
      no
      Best assertion(s) require sample: 96

ALTERNATE OUTCOME PAIR: 6,5
   (1) can we show that 10 NL 5?
        a. margin -0.3612161183945962
      no
   (1) can we show that 10 NL 6?
        a. margin -0.28089224912196076
      no
   (1) can we show that 7 NL 5?
        a. margin -0.3158529719295431
      no
   (1) can we show that 7 NL 6?
        a. margin -0.23560953376766114
      no
   (1) can we show that 1 NL 5?
        a. margin 0.07311187967505983
      yes, 62, ags used 70 = 70
   (1) can we show that 1 NL 6?
        a. margin 0.0042092281294447975
      yes, 32, ags used 70 = 70
   (1) can we show that 3 NL 5?
        a. margin -0.22780771602455685
      no
   (1) can we show that 3 NL 6?
        a. margin -0.14885117563473282
      no
      Best assertion(s) require sample: 70

ALTERNATE OUTCOME PAIR: 6,3
   (1) can we show that 10 NL 3?
        a. margin -0.15552695782728787
      no
   (1) can we show that 10 NL 6?
        a. margin -0.0748813641116387
      no
   (1) can we show that 7 NL 3?
        a. margin -0.14684039786589453
      no
   (1) can we show that 7 NL 6?
        a. margin -0.049786857556502695
      no
   (1) can we show that 1 NL 3?
        a. margin 0.06547092415346256
      yes, 34, ags used 37 = 37
   (1) can we show that 1 NL 6?
        a. margin 0.23716453524223202
      yes, 19, ags used 44 = 44
   (1) can we show that 5 NL 3?
        a. margin 0.04104667685460761
      yes, 112, ags used 70 = 112
   (1) can we show that 5 NL 6?
        a. margin 0.10364889139119082
      yes, 40, ags used 33 = 40
      Best assertion(s) require sample: 37

ALTERNATE OUTCOME PAIR: 5,3
   (1) can we show that 10 NL 3?
        a. margin -0.15434730153623388
      no
   (1) can we show that 10 NL 5?
        a. margin -0.3794203597951691
      no
   (1) can we show that 7 NL 3?
        a. margin -0.14563393120458945
      no
   (1) can we show that 7 NL 5?
        a. margin -0.33349419555484106
      no
   (1) can we show that 1 NL 3?
        a. margin 0.06683825303627478
      yes, 33, ags used 37 = 37
   (1) can we show that 1 NL 5?
        a. margin 0.007104748116572024
      yes, 927, ags used 483 = 927
   (1) can we show that 6 NL 3?
        a. margin -0.12713477573125276
      no
   (1) can we show that 6 NL 5?
        a. margin -0.28142845652698467
      no
      Best assertion(s) require sample: 37

RULE OUT PAIR STAGE ASN 170
------------------------------------------------
EXAMINING WAYS TO REDUCE COST OF AUDIT
ALTERNATE OUTCOME PAIR: 9,10
   (1) can we show that 7 NL 10?
        a. margin -0.07581972707043017
      no
   (1) can we show that 7 NL 9?
        a. margin -0.057749537521113115
      no
   (1) can we show that 1 NL 10?
        a. margin 0.1291723638703468
      yes, 33, ags used 25 = 33
   (1) can we show that 1 NL 9?
        a. margin 0.0157644977077136
      yes, 67, ags used 37 = 67
   (1) can we show that 6 NL 10?
        a. margin -0.033486152443764516
      no
   (1) can we show that 6 NL 9?
        a. margin -0.03667658650365946
      no
   (1) can we show that 5 NL 10?
        a. margin 0.0006166385157793108
      yes, 34, ags used 37 = 37
   (1) can we show that 5 NL 9?
        a. margin 0.031448564304673354
      yes, 46, ags used 44 = 46
   (1) can we show that 3 NL 10?
        a. margin 0.0845867181425799
      yes, 52, ags used 48 = 52
   (1) can we show that 3 NL 9?
        a. margin 0.010536475508726939
      yes, 60, ags used 483 = 483
      Best assertion(s) require sample: 33

ALTERNATE OUTCOME PAIR: 9,7
   (1) can we show that 10 NL 7?
        a. margin -0.07943912705434586
      no
   (1) can we show that 10 NL 9?
        a. margin -0.06780342636531811
      no
   (1) can we show that 1 NL 7?
        a. margin 0.1283948631330616
      yes, 33, ags used 25 = 33
   (1) can we show that 1 NL 9?
        a. margin 0.013726909568621437
      yes, 46, ags used 70 = 70
   (1) can we show that 6 NL 7?
        a. margin -0.02423657470709717
      no
   (1) can we show that 6 NL 9?
        a. margin -0.038553312421244046
      no
   (1) can we show that 5 NL 7?
        a. margin 0.14394487787876487
      yes, 31, ags used 37 = 37
   (1) can we show that 5 NL 9?
        a. margin 0.03209201319070343
      yes, 46, ags used 44 = 46
   (1) can we show that 3 NL 7?
        a. margin 0.052092549398109034
      yes, 80, ags used 71 = 80
   (1) can we show that 3 NL 9?
        a. margin 0.011340786616263587
      yes, 61, ags used 483 = 483
      Best assertion(s) require sample: 33

ALTERNATE OUTCOME PAIR: 9,1
   (1) can we show that 10 NL 1?
        a. margin -0.46572294163382477
      no
   (1) can we show that 10 NL 9?
        a. margin -0.10675889434033059
      no
   (1) can we show that 7 NL 1?
        a. margin -0.4088849567012529
      no
   (1) can we show that 7 NL 9?
        a. margin -0.07517627818440187
      no
   (1) can we show that 6 NL 1?
        a. margin -0.38346872570310275
      no
   (1) can we show that 6 NL 9?
        a. margin -0.100458457331294
      no
   (1) can we show that 5 NL 1?
        a. margin -0.1507279015523194
      no
   (1) can we show that 5 NL 9?
        a. margin 0.04557762942706467
      yes, 40, ags used 44 = 44
   (1) can we show that 3 NL 1?
        a. margin -0.3019652001394144
      no
   (1) can we show that 3 NL 9?
        a. margin 0.023110539156547594
      yes, 199, ags used 170 = 199
      Best assertion(s) require sample: 44

ALTERNATE OUTCOME PAIR: 9,6
   (1) can we show that 10 NL 6?
        a. margin -0.06863454784310707
      no
   (1) can we show that 10 NL 9?
        a. margin -0.06622161452049624
      no
   (1) can we show that 7 NL 6?
        a. margin -0.043834955360733674
      no
   (1) can we show that 7 NL 9?
        a. margin -0.05817850344513176
      no
   (1) can we show that 1 NL 6?
        a. margin 0.009061905144911453
      yes, 18, ags used 44 = 44
   (1) can we show that 1 NL 9?
        a. margin 0.024397436928605964
      yes, 49, ags used 37 = 49
   (1) can we show that 5 NL 6?
        a. margin 0.10973484543821721
      yes, 38, ags used 33 = 38
   (1) can we show that 5 NL 9?
        a. margin 0.030000804311108187
      yes, 119, ags used 33 = 119
   (1) can we show that 3 NL 6?
        a. margin 0.06466661304592725
      yes, 67, ags used 48 = 67
   (1) can we show that 3 NL 9?
        a. margin 0.009624922920187462
      yes, 60, ags used 483 = 483
      Best assertion(s) require sample: 38

ALTERNATE OUTCOME PAIR: 9,5
   (1) can we show that 10 NL 5?
        a. margin -0.3656934502265492
      no
   (1) can we show that 10 NL 9?
        a. margin -0.16861041850988
      no
   (1) can we show that 7 NL 5?
        a. margin -0.3203839245019977
      no
   (1) can we show that 7 NL 9?
        a. margin -0.1608354111370267
      no
   (1) can we show that 1 NL 5?
        a. margin 0.06745489155205364
      yes, 68, ags used 70 = 70
   (1) can we show that 1 NL 9?
        a. margin 0.046784096088370974
      yes, 39, ags used 37 = 39
   (1) can we show that 6 NL 5?
        a. margin -0.27276870693584343
      no
   (1) can we show that 6 NL 9?
        a. margin -0.0506715997747923
      no
   (1) can we show that 3 NL 5?
        a. margin -0.230435132309176
      no
   (1) can we show that 3 NL 9?
        a. margin -0.029384165795326656
      no
      Best assertion(s) require sample: 39

ALTERNATE OUTCOME PAIR: 9,3
   (1) can we show that 10 NL 3?
        a. margin -0.15539290597603173
      no
   (1) can we show that 10 NL 9?
        a. margin -0.06691868414702795
      no
   (1) can we show that 7 NL 3?
        a. margin -0.14654548379313148
      no
   (1) can we show that 7 NL 9?
        a. margin -0.057669106410359494
      no
   (1) can we show that 1 NL 3?
        a. margin 0.06573902785597507
      yes, 34, ags used 37 = 37
   (1) can we show that 1 NL 9?
        a. margin 0.015684066596960644
      yes, 54, ags used 37 = 54
   (1) can we show that 6 NL 3?
        a. margin -0.12692029276924344
      no
   (1) can we show that 6 NL 9?
        a. margin -0.0366229657631566
      no
   (1) can we show that 5 NL 3?
        a. margin 0.02935735542507878
      yes, 45, ags used 70 = 70
   (1) can we show that 5 NL 9?
        a. margin 0.03219925467170848
      yes, 46, ags used 44 = 46
      Best assertion(s) require sample: 37

8 ruled out by pairs, sample size 44
STAGE 1 ASN NOW 33
NEW RULE OUT PAIR STAGE ASN 170
------------------------------------------------
FULL audit sample size: 170
------------------------------------------------
Final set of assertions generated:
1 NL 10 = 33 [rules out (10, 6), G = {1, 3, 7}, O = set()]
1 NL 7 = 33 [rules out (9, 7), G = {1, 3, 7}, O = set()]

(0, 'AG', 1, 21)
(4, 'AG', 3, 33)
5 NL 7 = 170 [rules out (7, 1), G = {1, 3, 5, 7, 8}, O = set()]
1 NL 7 = 32 [rules out (7, 5), G = {1, 3, 7}, O = set()]
1 NL 10 = 33 [rules out (9, 10), G = {1, 3, 7}, O = set()]

1 NL 3 = 37 [rules out (6, 3), G = {1, 3, 6, 7, 9}, O = set()]

1 NL 5 = 70 [rules out (6, 5), G = {1, 2, 3, 6, 7, 9}, O = set()]

5 NL 10 = 52 [rules out (10, 1), G = {1, 3, 5, 7}, O = set()]
(0, 'AG', 2, 70)
(4, 'AG', 1, 29)
(0, 'AG', 6, 37)
1 NL 10 = 32 [rules out (10, 5), G = {1, 3, 7}, O = set()]
(4, 'AG', 7, 25)
1 NL 10 = 31 [rules out (10, 3), G = {1, 3, 7}, O = set()]
5 NL 3 = 96 [rules out (1, 3), G = {1, 3, 5, 7}, O = set()]

1 NL 3 = 37 [rules out (5, 3), G = {1, 3, 6, 7, 9}, O = set()]

(0, 'AG', 9, 37)
5 NL 6 = 39 [rules out (1, 6), G = {1, 3, 7}, O = set()]

(0, 'AG', 7, 23)
1 NL 7 = 34 [rules out (10, 7), G = {1, 3, 7}, O = set()]

5 NL 9 = 44 [rules out (9, 1), G = {1, 3, 5, 7}, O = set()]
5 NL 6 = 38 [rules out (9, 6), G = {1, 3, 7}, O = set()]

1 NL 9 = 39 [rules out (9, 5), G = {1, 3, 6, 7, 9}, O = set()]
(4, 'AG', 8, 170)
1 NL 7 = 34 [rules out (7, 6), G = {1, 3, 7}, O = set()]
1 NL 7 = 34 [rules out (7, 3), G = {1, 3, 7}, O = set()]
(0, 'AG', 3, 25)
(4, 'AG', 5, 44)
1 NL 3 = 37 [rules out (9, 3), G = {1, 3, 6, 7, 9}, O = set()]

All winners are verified in audit.
------------------------------------------------
