VALID BALLOTS 7565
Winner 3
Winner 1
Computing AG relationships
3 AG 6 = 23
3 AG 10 = 20
3 AG 9 = 55
3 AG 5 = 26
3 AG 7 = 65
3 AG 4 = 52
1 AG 6 = 25
1 AG 10 = 26
1 AG 9 = 34
1 AG 2 = 68
1 AG 7 = 56
4 AG 6 = 582
4 AG 10 = 401
Ruling out candidates: [(6, 25), (10, 26), (9, 55), (7, 65)]
STAGE 1 ASN (Ruling out candidates): 65
ALTERNATE OUTCOME PAIR: 5,2
   (1) can we show that 3 NL 2?
        a. margin 0.20211500330469212
      yes, 22, ags used 68 = 68
   (1) can we show that 3 NL 5?
        a. margin 0.17378277153558064
      yes, 25, ags used 23 = 25
   (1) can we show that 1 NL 2?
        a. margin 0.07005948446794341
      yes, 46, ags used 56 = 56
   (1) can we show that 1 NL 5?
        a. margin 0.1752808988764043
      yes, 26, ags used 26 = 26
   (1) can we show that 1 NL 2?
        a. margin 0.07005948446794341
      yes, 46, ags used 56 = 56
   (1) can we show that 1 NL 5?
        a. margin 0.1752808988764043
      yes, 26, ags used 26 = 26
   (1) can we show that 4 NL 2?
        a. margin -0.04780788719982365
      no
   (1) can we show that 4 NL 5?
        a. margin 0.011985018726591523
      yes, 380, ags used 26 = 380
      Best assertion(s) require sample: 25

ALTERNATE OUTCOME PAIR: 5,3
   (1) can we show that 2 NL 3?
        a. margin -0.32500550782110615
      no
   (1) can we show that 2 NL 5?
        a. margin -0.1931703018285994
      no
   (1) can we show that 1 NL 3?
        a. margin -0.04780788719982543
      no
   (1) can we show that 1 NL 5?
        a. margin 0.01775721524564422
      yes, 58, ags used 68 = 68
   (1) can we show that 1 NL 3?
        a. margin -0.04780788719982543
      no
   (1) can we show that 1 NL 5?
        a. margin 0.01775721524564422
      yes, 58, ags used 68 = 68
   (1) can we show that 4 NL 3?
        a. margin -0.29971359330249014
      no
   (1) can we show that 4 NL 5?
        a. margin -0.14893148270544476
      no
      Best assertion(s) require sample: 68

ALTERNATE OUTCOME PAIR: 5,1
   (1) can we show that 2 NL 1?
        a. margin -0.35981493721083935
      no
   (1) can we show that 2 NL 5?
        a. margin -0.009473452302269258
      no
   (1) can we show that 3 NL 1?
        a. margin -0.10297422339722428
      no
   (1) can we show that 3 NL 5?
        a. margin 0.17514871116986064
      yes, 25, ags used 23 = 25
   (1) can we show that 4 NL 1?
        a. margin -0.3806565322758315
      no
   (1) can we show that 4 NL 5?
        a. margin 0.012778144965851057
      yes, 357, ags used 26 = 357
      Best assertion(s) require sample: 25

ALTERNATE OUTCOME PAIR: 5,1
   (1) can we show that 2 NL 1?
        a. margin -0.35981493721083935
      no
   (1) can we show that 2 NL 5?
        a. margin -0.009473452302269258
      no
   (1) can we show that 3 NL 1?
        a. margin -0.10297422339722428
      no
   (1) can we show that 3 NL 5?
        a. margin 0.17514871116986064
      yes, 25, ags used 23 = 25
   (1) can we show that 4 NL 1?
        a. margin -0.3806565322758315
      no
   (1) can we show that 4 NL 5?
        a. margin 0.012778144965851057
      yes, 357, ags used 26 = 357
      Best assertion(s) require sample: 25

ALTERNATE OUTCOME PAIR: 5,4
   (1) can we show that 2 NL 4?
        a. margin -0.04802820004406383
      no
   (1) can we show that 2 NL 5?
        a. margin -0.004758757435559424
      no
   (1) can we show that 3 NL 4?
        a. margin 0.08975545274289476
      yes, 47, ags used 23 = 47
   (1) can we show that 3 NL 5?
        a. margin 0.1780127781449652
      yes, 24, ags used 23 = 24
   (1) can we show that 1 NL 4?
        a. margin 0.14641991628111772
      yes, 31, ags used 52 = 52
   (1) can we show that 1 NL 5?
        a. margin 0.1801277814496567
      yes, 25, ags used 26 = 26
   (1) can we show that 1 NL 4?
        a. margin 0.14641991628111772
      yes, 31, ags used 52 = 52
   (1) can we show that 1 NL 5?
        a. margin 0.1801277814496567
      yes, 25, ags used 26 = 26
      Best assertion(s) require sample: 24

ALTERNATE OUTCOME PAIR: 2,3
   (1) can we show that 5 NL 3?
        a. margin -0.3565102445472571
      no
   (1) can we show that 5 NL 2?
        a. margin -0.08072262612910319
      no
   (1) can we show that 1 NL 3?
        a. margin -0.12143643974443752
      no
   (1) can we show that 1 NL 2?
        a. margin 0.079797312183298
      yes, 51, ags used 34 = 51
   (1) can we show that 1 NL 3?
        a. margin -0.12143643974443752
      no
   (1) can we show that 1 NL 2?
        a. margin 0.079797312183298
      yes, 51, ags used 34 = 51
   (1) can we show that 4 NL 3?
        a. margin -0.30914298303591115
      no
   (1) can we show that 4 NL 2?
        a. margin -0.04146287728574605
      no
      Best assertion(s) require sample: 51

ALTERNATE OUTCOME PAIR: 2,1
   (1) can we show that 5 NL 1?
        a. margin -0.3827715355805241
      no
   (1) can we show that 5 NL 2?
        a. margin -0.2954395241242588
      no
   (1) can we show that 3 NL 1?
        a. margin -0.02159065873540511
      no
   (1) can we show that 3 NL 2?
        a. margin 0.04846882573253719
      yes, 71, ags used 65 = 71
   (1) can we show that 4 NL 1?
        a. margin -0.36536682088565775
      no
   (1) can we show that 4 NL 2?
        a. margin -0.2669310420797555
      no
      Best assertion(s) require sample: 71

ALTERNATE OUTCOME PAIR: 2,1
   (1) can we show that 5 NL 1?
        a. margin -0.3827715355805241
      no
   (1) can we show that 5 NL 2?
        a. margin -0.2954395241242588
      no
   (1) can we show that 3 NL 1?
        a. margin -0.02159065873540511
      no
   (1) can we show that 3 NL 2?
        a. margin 0.04846882573253719
      yes, 71, ags used 65 = 71
   (1) can we show that 4 NL 1?
        a. margin -0.36536682088565775
      no
   (1) can we show that 4 NL 2?
        a. margin -0.2669310420797555
      no
      Best assertion(s) require sample: 71

ALTERNATE OUTCOME PAIR: 2,4
   (1) can we show that 5 NL 4?
        a. margin -0.1169861202908139
      no
   (1) can we show that 5 NL 2?
        a. margin -0.07984137475214814
      no
   (1) can we show that 3 NL 4?
        a. margin 0.09376514650804091
      yes, 31, ags used 26 = 31
   (1) can we show that 3 NL 2?
        a. margin 0.2126459572593078
      yes, 21, ags used 68 = 68
   (1) can we show that 1 NL 4?
        a. margin 0.14628772857457584
      yes, 31, ags used 52 = 52
   (1) can we show that 1 NL 2?
        a. margin 0.07543511786736956
      yes, 54, ags used 34 = 54
   (1) can we show that 1 NL 4?
        a. margin 0.14628772857457584
      yes, 31, ags used 52 = 52
   (1) can we show that 1 NL 2?
        a. margin 0.07543511786736956
      yes, 54, ags used 34 = 54
      Best assertion(s) require sample: 31

ALTERNATE OUTCOME PAIR: 3,4
   (1) can we show that 5 NL 4?
        a. margin -0.16708526107072186
      no
   (1) can we show that 5 NL 3?
        a. margin -0.3475655430711615
      no
   (1) can we show that 2 NL 4?
        a. margin -0.16281119189249016
      no
   (1) can we show that 2 NL 3?
        a. margin -0.32408019387530296
      no
   (1) can we show that 1 NL 4?
        a. margin 0.02432253800396178
      yes, 40, ags used 68 = 68
   (1) can we show that 1 NL 3?
        a. margin -0.04635382242785013
      no
   (1) can we show that 1 NL 4?
        a. margin 0.02432253800396178
      yes, 40, ags used 68 = 68
   (1) can we show that 1 NL 3?
        a. margin -0.04635382242785013
      no
      Best assertion(s) require sample: 68

ALTERNATE OUTCOME PAIR: 1,4
   (1) can we show that 5 NL 4?
        a. margin -0.10857016964089272
      no
   (1) can we show that 5 NL 1?
        a. margin -0.39431592861863884
      no
   (1) can we show that 2 NL 4?
        a. margin -0.0466622604097825
      no
   (1) can we show that 2 NL 1?
        a. margin -0.3568627450980393
      no
   (1) can we show that 3 NL 4?
        a. margin 0.1022692222956576
      yes, 29, ags used 26 = 29
   (1) can we show that 3 NL 1?
        a. margin -0.09134170522141472
      no
      Best assertion(s) require sample: 29

ALTERNATE OUTCOME PAIR: 1,4
   (1) can we show that 5 NL 4?
        a. margin -0.10857016964089272
      no
   (1) can we show that 5 NL 1?
        a. margin -0.39431592861863884
      no
   (1) can we show that 2 NL 4?
        a. margin -0.0466622604097825
      no
   (1) can we show that 2 NL 1?
        a. margin -0.3568627450980393
      no
   (1) can we show that 3 NL 4?
        a. margin 0.1022692222956576
      yes, 29, ags used 26 = 29
   (1) can we show that 3 NL 1?
        a. margin -0.09134170522141472
      no
      Best assertion(s) require sample: 29

RULE OUT PAIR STAGE ASN 71
------------------------------------------------
FULL audit sample size: 71
------------------------------------------------
Final set of assertions generated:
(0, 'AG', 5, 25)
(2, 'AG', 6, 65)
3 NL 4 = 29 [rules out (1, 4), G = {9, 4, 5}, O = set()]

3 NL 5 = 25 [rules out (5, 1), G = {9, 5}, O = set()]
3 NL 5 = 25 [rules out (5, 2), G = {9, 5}, O = set()]
1 NL 5 = 68 [rules out (5, 3), G = {1, 5, 6, 8, 9}, O = set()]
(0, 'AG', 1, 68)
(2, 'AG', 3, 52)
3 NL 4 = 31 [rules out (2, 4), G = {9, 4, 5}, O = set()]

1 NL 2 = 51 [rules out (2, 3), G = {8, 9, 5}, O = set()]
(2, 'AG', 5, 23)
(2, 'AG', 4, 26)
3 NL 5 = 24 [rules out (5, 4), G = {9, 5}, O = set()]
(0, 'AG', 8, 34)
(0, 'AG', 6, 56)
3 NL 2 = 71 [rules out (2, 1), G = {3, 4, 5, 6, 8, 9}, O = set()]
(0, 'AG', 9, 26)
1 NL 4 = 68 [rules out (3, 4), G = {1, 5, 6, 8, 9}, O = set()]

(2, 'AG', 8, 55)
(2, 'AG', 9, 20)
All winners are verified in audit.
------------------------------------------------
