VALID BALLOTS 6979
Winner 5
Winner 7
Computing AG relationships
5 AG 4 = 62
5 AG 2 = 297
5 AG 6 = 81
Ruling out candidates: []
STAGE 1 ASN (Ruling out candidates): 0
ALTERNATE OUTCOME PAIR: 4,2
   (1) can we show that 3 NL 2?
        a. margin -0.07226441228447278
      no
   (1) can we show that 3 NL 4?
        a. margin -0.021397525911066917
      no
   (1) can we show that 6 NL 2?
        a. margin -0.0761331613889289
      no
   (1) can we show that 6 NL 4?
        a. margin -0.0184362611644463
      no
   (1) can we show that 5 NL 2?
        a. margin 0.018961646845297553
      yes, 34, ags used 81 = 81
   (1) can we show that 5 NL 4?
        a. margin 0.07866456512394282
      yes, 58, ags used 0 = 58
   (1) can we show that 1 NL 2?
        a. margin 0.021015427234082784
      yes, 217, ags used 297 = 297
   (1) can we show that 1 NL 4?
        a. margin 0.06080145197497222
      yes, 75, ags used 62 = 75
   (1) can we show that 7 NL 2?
        a. margin 0.03357692123990996
      yes, 136, ags used 297 = 297
   (1) can we show that 7 NL 4?
        a. margin 0.07828246644695969
      yes, 58, ags used 62 = 62
   (1) can we show that 7 NL 2?
        a. margin 0.03357692123990996
      yes, 136, ags used 297 = 297
   (1) can we show that 7 NL 4?
        a. margin 0.07828246644695969
      yes, 58, ags used 62 = 62
      Best assertion(s) require sample: 58

ALTERNATE OUTCOME PAIR: 4,3
   (1) can we show that 2 NL 3?
        a. margin -0.302574389836175
      no
   (1) can we show that 2 NL 4?
        a. margin -0.039021827386922836
      no
   (1) can we show that 6 NL 3?
        a. margin -0.24611931031188783
      no
   (1) can we show that 6 NL 4?
        a. margin -0.020155705210871067
      no
   (1) can we show that 5 NL 3?
        a. margin -0.0197736065338876
      no
   (1) can we show that 5 NL 4?
        a. margin 0.07689735874289472
      yes, 59, ags used 0 = 59
   (1) can we show that 1 NL 3?
        a. margin -0.0369202846635146
      no
   (1) can we show that 1 NL 4?
        a. margin 0.05635955485504107
      yes, 81, ags used 62 = 81
   (1) can we show that 7 NL 3?
        a. margin -0.04628170224960626
      no
   (1) can we show that 7 NL 4?
        a. margin 0.074079381000143
      yes, 61, ags used 62 = 62
   (1) can we show that 7 NL 3?
        a. margin -0.04628170224960626
      no
   (1) can we show that 7 NL 4?
        a. margin 0.074079381000143
      yes, 61, ags used 62 = 62
      Best assertion(s) require sample: 59

ALTERNATE OUTCOME PAIR: 4,6
   (1) can we show that 2 NL 6?
        a. margin -0.10799063858241387
      no
   (1) can we show that 2 NL 4?
        a. margin -0.04035917275636425
      no
   (1) can we show that 3 NL 6?
        a. margin -0.09609781726130762
      no
   (1) can we show that 3 NL 4?
        a. margin -0.025409562019391596
      no
   (1) can we show that 5 NL 6?
        a. margin 0.05803123656684295
      yes, 79, ags used 0 = 79
   (1) can we show that 5 NL 4?
        a. margin 0.07393609399627454
      yes, 62, ags used 0 = 62
   (1) can we show that 1 NL 6?
        a. margin -0.015713808090939696
      no
   (1) can we show that 1 NL 4?
        a. margin 0.05674165353202443
      yes, 80, ags used 62 = 80
   (1) can we show that 7 NL 6?
        a. margin 0.0025314037350141483
      yes, 4370, ags used 81 = 4370
   (1) can we show that 7 NL 4?
        a. margin 0.07436595500788057
      yes, 61, ags used 62 = 62
   (1) can we show that 7 NL 6?
        a. margin 0.0025314037350141483
      yes, 4370, ags used 81 = 4370
   (1) can we show that 7 NL 4?
        a. margin 0.07436595500788057
      yes, 61, ags used 62 = 62
      Best assertion(s) require sample: 62

ALTERNATE OUTCOME PAIR: 4,5
   (1) can we show that 2 NL 5?
        a. margin -0.3619907341070828
      no
   (1) can we show that 2 NL 4?
        a. margin -0.10178153508143539
      no
   (1) can we show that 3 NL 5?
        a. margin -0.36017576539141216
      no
   (1) can we show that 3 NL 4?
        a. margin -0.11391316807565632
      no
   (1) can we show that 6 NL 5?
        a. margin -0.18770597506806108
      no
   (1) can we show that 6 NL 4?
        a. margin -0.032335100539714556
      no
   (1) can we show that 1 NL 5?
        a. margin -0.277546926493767
      no
   (1) can we show that 1 NL 4?
        a. margin -0.030758943497158686
      no
   (1) can we show that 7 NL 5?
        a. margin -0.2570091226059129
      no
   (1) can we show that 7 NL 4?
        a. margin -0.010985336963271308
      no
   (1) can we show that 7 NL 5?
        a. margin -0.2570091226059129
      no
   (1) can we show that 7 NL 4?
        a. margin -0.010985336963271308
      no

ALTERNATE OUTCOME PAIR: 4,1
   (1) can we show that 2 NL 1?
        a. margin -0.3393513874958207
      no
   (1) can we show that 2 NL 4?
        a. margin -0.0371113340020065
      no
   (1) can we show that 3 NL 1?
        a. margin -0.23164732292114443
      no
   (1) can we show that 3 NL 4?
        a. margin -0.025409562019391707
      no
   (1) can we show that 6 NL 1?
        a. margin -0.27640063046281704
      no
   (1) can we show that 6 NL 4?
        a. margin -0.0160003820986776
      no
   (1) can we show that 5 NL 1?
        a. margin -0.04857429431150617
      no
   (1) can we show that 5 NL 4?
        a. margin 0.08100491952046562
      yes, 56, ags used 0 = 56
   (1) can we show that 7 NL 1?
        a. margin -0.06806132683765587
      no
   (1) can we show that 7 NL 4?
        a. margin 0.07498686535797838
      yes, 61, ags used 62 = 62
   (1) can we show that 7 NL 1?
        a. margin -0.06806132683765587
      no
   (1) can we show that 7 NL 4?
        a. margin 0.07498686535797838
      yes, 61, ags used 62 = 62
      Best assertion(s) require sample: 56

ALTERNATE OUTCOME PAIR: 4,7
   (1) can we show that 2 NL 7?
        a. margin -0.3503844867937145
      no
   (1) can we show that 2 NL 4?
        a. margin -0.036060562640301996
      no
   (1) can we show that 3 NL 7?
        a. margin -0.22739647513970496
      no
   (1) can we show that 3 NL 4?
        a. margin -0.024884176338539343
      no
   (1) can we show that 6 NL 7?
        a. margin -0.28705163108372733
      no
   (1) can we show that 6 NL 4?
        a. margin -0.014997373071596098
      no
   (1) can we show that 5 NL 7?
        a. margin -0.0566461288627792
      no
   (1) can we show that 5 NL 4?
        a. margin 0.08210345321679302
      yes, 55, ags used 0 = 55
   (1) can we show that 1 NL 7?
        a. margin -0.1348330706404932
      no
   (1) can we show that 1 NL 4?
        a. margin 0.05669389119740198
      yes, 80, ags used 62 = 80
      Best assertion(s) require sample: 55

ALTERNATE OUTCOME PAIR: 4,7
   (1) can we show that 2 NL 7?
        a. margin -0.3503844867937145
      no
   (1) can we show that 2 NL 4?
        a. margin -0.036060562640301996
      no
   (1) can we show that 3 NL 7?
        a. margin -0.22739647513970496
      no
   (1) can we show that 3 NL 4?
        a. margin -0.024884176338539343
      no
   (1) can we show that 6 NL 7?
        a. margin -0.28705163108372733
      no
   (1) can we show that 6 NL 4?
        a. margin -0.014997373071596098
      no
   (1) can we show that 5 NL 7?
        a. margin -0.0566461288627792
      no
   (1) can we show that 5 NL 4?
        a. margin 0.08210345321679302
      yes, 55, ags used 0 = 55
   (1) can we show that 1 NL 7?
        a. margin -0.1348330706404932
      no
   (1) can we show that 1 NL 4?
        a. margin 0.05669389119740198
      yes, 80, ags used 62 = 80
      Best assertion(s) require sample: 55

ALTERNATE OUTCOME PAIR: 2,3
   (1) can we show that 4 NL 3?
        a. margin -0.34384104695037476
      no
   (1) can we show that 4 NL 2?
        a. margin -0.14758561398481174
      no
   (1) can we show that 6 NL 3?
        a. margin -0.24397000525385681
      no
   (1) can we show that 6 NL 2?
        a. margin -0.07431819267325812
      no
   (1) can we show that 5 NL 3?
        a. margin -0.018579548168315085
      no
   (1) can we show that 5 NL 2?
        a. margin 0.02039451688398497
      yes, 32, ags used 81 = 81
   (1) can we show that 1 NL 3?
        a. margin -0.03582175096718754
      no
   (1) can we show that 1 NL 2?
        a. margin 0.01891388451067466
      yes, 241, ags used 297 = 297
   (1) can we show that 7 NL 3?
        a. margin -0.04527869322252487
      no
   (1) can we show that 7 NL 2?
        a. margin 0.03176195252423919
      yes, 144, ags used 297 = 297
   (1) can we show that 7 NL 3?
        a. margin -0.04527869322252487
      no
   (1) can we show that 7 NL 2?
        a. margin 0.03176195252423919
      yes, 144, ags used 297 = 297
      Best assertion(s) require sample: 81

ALTERNATE OUTCOME PAIR: 2,6
   (1) can we show that 4 NL 6?
        a. margin -0.1289583034818741
      no
   (1) can we show that 4 NL 2?
        a. margin -0.15064240340067803
      no
   (1) can we show that 3 NL 6?
        a. margin -0.0961933419305534
      no
   (1) can we show that 3 NL 2?
        a. margin -0.0744614796771268
      no
   (1) can we show that 5 NL 6?
        a. margin 0.05803123656684339
      yes, 73, ags used 62 = 73
   (1) can we show that 5 NL 2?
        a. margin 0.016430243110283183
      yes, 223, ags used 62 = 223
   (1) can we show that 1 NL 6?
        a. margin -0.015713808090939363
      no
   (1) can we show that 1 NL 2?
        a. margin 0.01886612217605177
      yes, 242, ags used 297 = 297
   (1) can we show that 7 NL 6?
        a. margin 0.0023881167311456952
      yes, 5483, ags used 81 = 5483
   (1) can we show that 7 NL 2?
        a. margin 0.03161866552037074
      yes, 144, ags used 297 = 297
   (1) can we show that 7 NL 6?
        a. margin 0.0023881167311456952
      yes, 5483, ags used 81 = 5483
   (1) can we show that 7 NL 2?
        a. margin 0.03161866552037074
      yes, 144, ags used 297 = 297
      Best assertion(s) require sample: 73

ALTERNATE OUTCOME PAIR: 2,5
   (1) can we show that 4 NL 5?
        a. margin -0.38959736351912877
      no
   (1) can we show that 4 NL 2?
        a. margin -0.2190380665806949
      no
   (1) can we show that 3 NL 5?
        a. margin -0.35945933037206834
      no
   (1) can we show that 3 NL 2?
        a. margin -0.16769355686106024
      no
   (1) can we show that 6 NL 5?
        a. margin -0.1867029660409799
      no
   (1) can we show that 6 NL 2?
        a. margin -0.08917227874098521
      no
   (1) can we show that 1 NL 5?
        a. margin -0.27683049147442296
      no
   (1) can we show that 1 NL 2?
        a. margin -0.07360175765391497
      no
   (1) can we show that 7 NL 5?
        a. margin -0.2562449252519463
      no
   (1) can we show that 7 NL 2?
        a. margin -0.058699909251564875
      no
   (1) can we show that 7 NL 5?
        a. margin -0.2562449252519463
      no
   (1) can we show that 7 NL 2?
        a. margin -0.058699909251564875
      no

ALTERNATE OUTCOME PAIR: 2,1
   (1) can we show that 4 NL 1?
        a. margin -0.37431341643979543
      no
   (1) can we show that 4 NL 2?
        a. margin -0.14147203515307816
      no
   (1) can we show that 3 NL 1?
        a. margin -0.2295935425323593
      no
   (1) can we show that 3 NL 2?
        a. margin -0.07202560061135821
      no
   (1) can we show that 6 NL 1?
        a. margin -0.2741080384009169
      no
   (1) can we show that 6 NL 2?
        a. margin -0.06767922816067284
      no
   (1) can we show that 5 NL 1?
        a. margin -0.047332473611310544
      no
   (1) can we show that 5 NL 2?
        a. margin 0.027033481396570247
      yes, 30, ags used 81 = 81
   (1) can we show that 7 NL 1?
        a. margin -0.06701055547595192
      no
   (1) can we show that 7 NL 2?
        a. margin 0.034341118593876674
      yes, 133, ags used 297 = 297
   (1) can we show that 7 NL 1?
        a. margin -0.06701055547595192
      no
   (1) can we show that 7 NL 2?
        a. margin 0.034341118593876674
      yes, 133, ags used 297 = 297
      Best assertion(s) require sample: 81

ALTERNATE OUTCOME PAIR: 2,7
   (1) can we show that 4 NL 7?
        a. margin -0.38692267278024517
      no
   (1) can we show that 4 NL 2?
        a. margin -0.14099441180684924
      no
   (1) can we show that 3 NL 7?
        a. margin -0.22496059607393648
      no
   (1) can we show that 3 NL 2?
        a. margin -0.0717390266036203
      no
   (1) can we show that 6 NL 7?
        a. margin -0.28442470267946673
      no
   (1) can we show that 6 NL 2?
        a. margin -0.06744041648755816
      no
   (1) can we show that 5 NL 7?
        a. margin -0.055117734154846
      no
   (1) can we show that 5 NL 2?
        a. margin 0.02736781773893071
      yes, 30, ags used 81 = 81
   (1) can we show that 1 NL 7?
        a. margin -0.1326837655824621
      no
   (1) can we show that 1 NL 2?
        a. margin 0.01986913120313316
      yes, 230, ags used 297 = 297
      Best assertion(s) require sample: 81

ALTERNATE OUTCOME PAIR: 2,7
   (1) can we show that 4 NL 7?
        a. margin -0.38692267278024517
      no
   (1) can we show that 4 NL 2?
        a. margin -0.14099441180684924
      no
   (1) can we show that 3 NL 7?
        a. margin -0.22496059607393648
      no
   (1) can we show that 3 NL 2?
        a. margin -0.0717390266036203
      no
   (1) can we show that 6 NL 7?
        a. margin -0.28442470267946673
      no
   (1) can we show that 6 NL 2?
        a. margin -0.06744041648755816
      no
   (1) can we show that 5 NL 7?
        a. margin -0.055117734154846
      no
   (1) can we show that 5 NL 2?
        a. margin 0.02736781773893071
      yes, 30, ags used 81 = 81
   (1) can we show that 1 NL 7?
        a. margin -0.1326837655824621
      no
   (1) can we show that 1 NL 2?
        a. margin 0.01986913120313316
      yes, 230, ags used 297 = 297
      Best assertion(s) require sample: 81

ALTERNATE OUTCOME PAIR: 3,6
   (1) can we show that 4 NL 6?
        a. margin -0.13000907484357815
      no
   (1) can we show that 4 NL 3?
        a. margin -0.34570377800066876
      no
   (1) can we show that 2 NL 6?
        a. margin -0.10908917227874082
      no
   (1) can we show that 2 NL 3?
        a. margin -0.3030042508477814
      no
   (1) can we show that 5 NL 6?
        a. margin 0.057171514543630675
      yes, 74, ags used 62 = 74
   (1) can we show that 5 NL 3?
        a. margin -0.13349572527105125
      no
   (1) can we show that 1 NL 6?
        a. margin -0.017003391125758105
      no
   (1) can we show that 1 NL 3?
        a. margin -0.03491426660935215
      no
   (1) can we show that 7 NL 6?
        a. margin 0.001146296030950067
      yes, 6979, ags used 81 = 6979
   (1) can we show that 7 NL 3?
        a. margin -0.044227921860820585
      no
   (1) can we show that 7 NL 6?
        a. margin 0.001146296030950067
      yes, 6979, ags used 81 = 6979
   (1) can we show that 7 NL 3?
        a. margin -0.044227921860820585
      no
      Best assertion(s) require sample: 74

ALTERNATE OUTCOME PAIR: 3,5
   (1) can we show that 4 NL 5?
        a. margin -0.3919854802502746
      no
   (1) can we show that 4 NL 3?
        a. margin -0.34412762095811233
      no
   (1) can we show that 2 NL 5?
        a. margin -0.36366241581888514
      no
   (1) can we show that 2 NL 3?
        a. margin -0.30181019248220853
      no
   (1) can we show that 6 NL 5?
        a. margin -0.1886612217605197
      no
   (1) can we show that 6 NL 3?
        a. margin -0.24674022066198598
      no
   (1) can we show that 1 NL 5?
        a. margin -0.2800783302287816
      no
   (1) can we show that 1 NL 3?
        a. margin -0.03386349524764831
      no
   (1) can we show that 7 NL 5?
        a. margin -0.25930171466781304
      no
   (1) can we show that 7 NL 3?
        a. margin -0.04145770645269242
      no
   (1) can we show that 7 NL 5?
        a. margin -0.25930171466781304
      no
   (1) can we show that 7 NL 3?
        a. margin -0.04145770645269242
      no

ALTERNATE OUTCOME PAIR: 3,1
   (1) can we show that 4 NL 1?
        a. margin -0.3576443616563977
      no
   (1) can we show that 4 NL 3?
        a. margin -0.30486698189807493
      no
   (1) can we show that 2 NL 1?
        a. margin -0.3214405120122271
      no
   (1) can we show that 2 NL 3?
        a. margin -0.2635048001146292
      no
   (1) can we show that 6 NL 1?
        a. margin -0.25820318097148587
      no
   (1) can we show that 6 NL 3?
        a. margin -0.205425801213163
      no
   (1) can we show that 5 NL 1?
        a. margin -0.022830395949754556
      no
   (1) can we show that 5 NL 3?
        a. margin 0.020012418207001614
      yes, 228, ags used 81 = 228
   (1) can we show that 7 NL 1?
        a. margin -0.060323828628743414
      no
   (1) can we show that 7 NL 3?
        a. margin -0.018101924822085613
      no
   (1) can we show that 7 NL 1?
        a. margin -0.060323828628743414
      no
   (1) can we show that 7 NL 3?
        a. margin -0.018101924822085613
      no
      Best assertion(s) require sample: 228

ALTERNATE OUTCOME PAIR: 3,7
   (1) can we show that 4 NL 7?
        a. margin -0.37111334002006
      no
   (1) can we show that 4 NL 3?
        a. margin -0.3011892821321104
      no
   (1) can we show that 2 NL 7?
        a. margin -0.3329512346563498
      no
   (1) can we show that 2 NL 3?
        a. margin -0.25930171466781304
      no
   (1) can we show that 6 NL 7?
        a. margin -0.26914075560013384
      no
   (1) can we show that 6 NL 3?
        a. margin -0.20160481444333034
      no
   (1) can we show that 5 NL 7?
        a. margin -0.03133209151263383
      no
   (1) can we show that 5 NL 3?
        a. margin 0.023594593303719602
      yes, 193, ags used 81 = 193
   (1) can we show that 1 NL 7?
        a. margin -0.1244686440273205
      no
   (1) can we show that 1 NL 3?
        a. margin -0.015092897740842104
      no
      Best assertion(s) require sample: 193

ALTERNATE OUTCOME PAIR: 3,7
   (1) can we show that 4 NL 7?
        a. margin -0.37111334002006
      no
   (1) can we show that 4 NL 3?
        a. margin -0.3011892821321104
      no
   (1) can we show that 2 NL 7?
        a. margin -0.3329512346563498
      no
   (1) can we show that 2 NL 3?
        a. margin -0.25930171466781304
      no
   (1) can we show that 6 NL 7?
        a. margin -0.26914075560013384
      no
   (1) can we show that 6 NL 3?
        a. margin -0.20160481444333034
      no
   (1) can we show that 5 NL 7?
        a. margin -0.03133209151263383
      no
   (1) can we show that 5 NL 3?
        a. margin 0.023594593303719602
      yes, 193, ags used 81 = 193
   (1) can we show that 1 NL 7?
        a. margin -0.1244686440273205
      no
   (1) can we show that 1 NL 3?
        a. margin -0.015092897740842104
      no
      Best assertion(s) require sample: 193

ALTERNATE OUTCOME PAIR: 6,5
   (1) can we show that 4 NL 5?
        a. margin -0.3525815541863684
      no
   (1) can we show that 4 NL 6?
        a. margin -0.29650857333906566
      no
   (1) can we show that 2 NL 5?
        a. margin -0.32435401442422485
      no
   (1) can we show that 2 NL 6?
        a. margin -0.26966614128098687
      no
   (1) can we show that 3 NL 5?
        a. margin -0.32263457037779997
      no
   (1) can we show that 3 NL 6?
        a. margin -0.2668481635382346
      no
   (1) can we show that 1 NL 5?
        a. margin -0.23991020681090913
      no
   (1) can we show that 1 NL 6?
        a. margin -0.18536562067153928
      no
   (1) can we show that 7 NL 5?
        a. margin -0.21932464058843215
      no
   (1) can we show that 7 NL 6?
        a. margin -0.16769355686106013
      no
   (1) can we show that 7 NL 5?
        a. margin -0.21932464058843215
      no
   (1) can we show that 7 NL 6?
        a. margin -0.16769355686106013
      no

ALTERNATE OUTCOME PAIR: 6,1
   (1) can we show that 4 NL 1?
        a. margin -0.3761283851554664
      no
   (1) can we show that 4 NL 6?
        a. margin -0.13000907484357827
      no
   (1) can we show that 2 NL 1?
        a. margin -0.33997229784591865
      no
   (1) can we show that 2 NL 6?
        a. margin -0.10894588527487237
      no
   (1) can we show that 3 NL 1?
        a. margin -0.23026221521708012
      no
   (1) can we show that 3 NL 6?
        a. margin -0.09733963796150369
      no
   (1) can we show that 5 NL 1?
        a. margin -0.16267851172565329
      no
   (1) can we show that 5 NL 6?
        a. margin 0.05707598987438489
      yes, 75, ags used 62 = 75
   (1) can we show that 7 NL 1?
        a. margin -0.06634188279123099
      no
   (1) can we show that 7 NL 6?
        a. margin 0.0013851077040645254
      yes, 6979, ags used 81 = 6979
   (1) can we show that 7 NL 1?
        a. margin -0.06634188279123099
      no
   (1) can we show that 7 NL 6?
        a. margin 0.0013851077040645254
      yes, 6979, ags used 81 = 6979
      Best assertion(s) require sample: 75

ALTERNATE OUTCOME PAIR: 6,7
   (1) can we show that 4 NL 7?
        a. margin -0.38954960118450577
      no
   (1) can we show that 4 NL 6?
        a. margin -0.1296269761665949
      no
   (1) can we show that 2 NL 7?
        a. margin -0.3511964464823041
      no
   (1) can we show that 2 NL 6?
        a. margin -0.10865931126713468
      no
   (1) can we show that 3 NL 7?
        a. margin -0.22644122844724668
      no
   (1) can we show that 3 NL 6?
        a. margin -0.09690977694989711
      no
   (1) can we show that 5 NL 7?
        a. margin -0.17098915795004066
      no
   (1) can we show that 5 NL 6?
        a. margin 0.05803123656684317
      yes, 73, ags used 62 = 73
   (1) can we show that 1 NL 7?
        a. margin -0.13359124994029759
      no
   (1) can we show that 1 NL 6?
        a. margin -0.016716817118020644
      no
      Best assertion(s) require sample: 73

ALTERNATE OUTCOME PAIR: 6,7
   (1) can we show that 4 NL 7?
        a. margin -0.38954960118450577
      no
   (1) can we show that 4 NL 6?
        a. margin -0.1296269761665949
      no
   (1) can we show that 2 NL 7?
        a. margin -0.3511964464823041
      no
   (1) can we show that 2 NL 6?
        a. margin -0.10865931126713468
      no
   (1) can we show that 3 NL 7?
        a. margin -0.22644122844724668
      no
   (1) can we show that 3 NL 6?
        a. margin -0.09690977694989711
      no
   (1) can we show that 5 NL 7?
        a. margin -0.17098915795004066
      no
   (1) can we show that 5 NL 6?
        a. margin 0.05803123656684317
      yes, 73, ags used 62 = 73
   (1) can we show that 1 NL 7?
        a. margin -0.13359124994029759
      no
   (1) can we show that 1 NL 6?
        a. margin -0.016716817118020644
      no
      Best assertion(s) require sample: 73

ALTERNATE OUTCOME PAIR: 5,1
   (1) can we show that 4 NL 1?
        a. margin -0.37431341643979543
      no
   (1) can we show that 4 NL 5?
        a. margin -0.3909824712231932
      no
   (1) can we show that 2 NL 1?
        a. margin -0.33839614080336233
      no
   (1) can we show that 2 NL 5?
        a. margin -0.36285045613029565
      no
   (1) can we show that 3 NL 1?
        a. margin -0.22682332712423026
      no
   (1) can we show that 3 NL 5?
        a. margin -0.36199073410708316
      no
   (1) can we show that 6 NL 1?
        a. margin -0.27730811482065243
      no
   (1) can we show that 6 NL 5?
        a. margin -0.18608205569088232
      no
   (1) can we show that 7 NL 1?
        a. margin -0.06328509337536503
      no
   (1) can we show that 7 NL 5?
        a. margin -0.2582987056407319
      no
   (1) can we show that 7 NL 1?
        a. margin -0.06328509337536503
      no
   (1) can we show that 7 NL 5?
        a. margin -0.2582987056407319
      no

ALTERNATE OUTCOME PAIR: 1,7
   (1) can we show that 4 NL 7?
        a. margin -0.3492859530973871
      no
   (1) can we show that 4 NL 1?
        a. margin -0.32917801022113946
      no
   (1) can we show that 2 NL 7?
        a. margin -0.31193580742226656
      no
   (1) can we show that 2 NL 1?
        a. margin -0.2931174475808376
      no
   (1) can we show that 3 NL 7?
        a. margin -0.213020012418207
      no
   (1) can we show that 3 NL 1?
        a. margin -0.20585566222477014
      no
   (1) can we show that 6 NL 7?
        a. margin -0.24697903233510032
      no
   (1) can we show that 6 NL 1?
        a. margin -0.22959354253235942
      no
   (1) can we show that 5 NL 7?
        a. margin -0.009456942255337886
      no
   (1) can we show that 5 NL 1?
        a. margin 0.005110569804650966
      yes, 1251, ags used 297 = 1251
      Best assertion(s) require sample: 1251

ALTERNATE OUTCOME PAIR: 1,7
   (1) can we show that 4 NL 7?
        a. margin -0.3492859530973871
      no
   (1) can we show that 4 NL 1?
        a. margin -0.32917801022113946
      no
   (1) can we show that 2 NL 7?
        a. margin -0.31193580742226656
      no
   (1) can we show that 2 NL 1?
        a. margin -0.2931174475808376
      no
   (1) can we show that 3 NL 7?
        a. margin -0.213020012418207
      no
   (1) can we show that 3 NL 1?
        a. margin -0.20585566222477014
      no
   (1) can we show that 6 NL 7?
        a. margin -0.24697903233510032
      no
   (1) can we show that 6 NL 1?
        a. margin -0.22959354253235942
      no
   (1) can we show that 5 NL 7?
        a. margin -0.009456942255337886
      no
   (1) can we show that 5 NL 1?
        a. margin 0.005110569804650966
      yes, 1251, ags used 297 = 1251
      Best assertion(s) require sample: 1251

RULE OUT PAIR STAGE ASN 1251
------------------------------------------------
Alternate outcome cannot be ruled out: 4,5
Alternate outcome cannot be ruled out: 2,5
Alternate outcome cannot be ruled out: 3,5
Alternate outcome cannot be ruled out: 6,5
Alternate outcome cannot be ruled out: 5,1
Full audit not possible
PARTIAL audit sample size: 1251
------------------------------------------------
Final set of assertions generated:
(4, 'AG', 1, 297)
(4, 'AG', 5, 81)
5 NL 4 = 55 [rules out (4, 7), G = set(), O = set()]
(4, 'AG', 3, 62)
5 NL 6 = 74 [rules out (3, 6), G = {3}, O = set()]

5 NL 1 = 1251 [rules out (1, 7), G = {1, 3, 5}, O = set()]
5 NL 4 = 56 [rules out (4, 1), G = set(), O = set()]
5 NL 6 = 73 [rules out (6, 7), G = {3}, O = set()]
5 NL 2 = 81 [rules out (2, 1), G = {3, 5}, O = set()]
5 NL 6 = 73 [rules out (2, 6), G = {3}, O = set()]

5 NL 2 = 81 [rules out (2, 3), G = {3, 5}, O = set()]
5 NL 4 = 59 [rules out (4, 3), G = set(), O = set()]
5 NL 6 = 75 [rules out (6, 1), G = {3}, O = set()]
5 NL 3 = 193 [rules out (3, 7), G = {3, 5}, O = set()]
5 NL 4 = 62 [rules out (4, 6), G = set(), O = set()]
5 NL 3 = 228 [rules out (3, 1), G = {3, 5}, O = set()]
5 NL 4 = 58 [rules out (4, 2), G = set(), O = set()]
5 NL 2 = 81 [rules out (2, 7), G = {3, 5}, O = set()]
[5] are verified winners with these assertions.
[1, 2, 3, 4, 6, 7] remain as potential winners in this audit.
------------------------------------------------
