VALID BALLOTS 3286
Winner 6
Winner 2
Computing AG relationships
3 AG 7 = 140
6 AG 4 = 36
6 AG 9 = 28
6 AG 7 = 26
6 AG 1 = 62
6 AG 8 = 77
6 AG 3 = 64
5 AG 4 = 100
5 AG 9 = 48
5 AG 7 = 42
5 AG 1 = 1446
2 AG 4 = 45
2 AG 9 = 30
2 AG 7 = 28
2 AG 1 = 89
2 AG 10 = 94
2 AG 3 = 271
Ruling out candidates: [(4, 45), (9, 30), (7, 28), (1, 89), (3, 271)]
STAGE 1 ASN (Ruling out candidates): 271
ALTERNATE OUTCOME PAIR: 8,10
   (1) can we show that 6 NL 10?
        a. margin 0.030533576790424233
      yes, 26, ags used 94 = 94
   (1) can we show that 6 NL 8?
        a. margin 0.06482045039561823
      yes, 57, ags used 62 = 62
   (1) can we show that 5 NL 10?
        a. margin 0.005274903631568684
      yes, 185, ags used 94 = 185
   (1) can we show that 5 NL 8?
        a. margin 0.0602556299452226
      yes, 75, ags used 77 = 77
   (1) can we show that 2 NL 10?
        a. margin 0.054270643132481755
      yes, 82, ags used 45 = 82
   (1) can we show that 2 NL 8?
        a. margin 0.11361330898762456
      yes, 40, ags used 77 = 77
      Best assertion(s) require sample: 62

ALTERNATE OUTCOME PAIR: 8,6
   (1) can we show that 10 NL 6?
        a. margin -0.35696895922093763
      no
   (1) can we show that 10 NL 8?
        a. margin -0.1670724284844789
      no
   (1) can we show that 5 NL 6?
        a. margin -0.1850273889227022
      no
   (1) can we show that 5 NL 8?
        a. margin -0.03083789815378335
      no
   (1) can we show that 2 NL 6?
        a. margin -0.11858389125583269
      no
   (1) can we show that 2 NL 8?
        a. margin 0.01004260499087084
      yes, 144, ags used 94 = 144
      Best assertion(s) require sample: 144

ALTERNATE OUTCOME PAIR: 8,5
   (1) can we show that 10 NL 5?
        a. margin -0.3827348346520594
      no
   (1) can we show that 10 NL 8?
        a. margin -0.05690809494826554
      no
   (1) can we show that 6 NL 5?
        a. margin -0.1615946439440047
      no
   (1) can we show that 6 NL 8?
        a. margin 0.06715358084804235
      yes, 56, ags used 62 = 62
   (1) can we show that 2 NL 5?
        a. margin -0.027287482247920547
      no
   (1) can we show that 2 NL 8?
        a. margin 0.10986001217285479
      yes, 41, ags used 77 = 77
      Best assertion(s) require sample: 62

ALTERNATE OUTCOME PAIR: 8,2
   (1) can we show that 10 NL 2?
        a. margin -0.36731588557516737
      no
   (1) can we show that 10 NL 8?
        a. margin -0.055285047677013255
      no
   (1) can we show that 6 NL 2?
        a. margin -0.14820450395617757
      no
   (1) can we show that 6 NL 8?
        a. margin 0.06786366402921518
      yes, 55, ags used 62 = 62
   (1) can we show that 5 NL 2?
        a. margin -0.11675796307567443
      no
   (1) can we show that 5 NL 8?
        a. margin 0.057415297220531736
      yes, 79, ags used 77 = 79
      Best assertion(s) require sample: 62

ALTERNATE OUTCOME PAIR: 10,6
   (1) can we show that 8 NL 6?
        a. margin -0.3789815378372896
      no
   (1) can we show that 8 NL 10?
        a. margin -0.06826942584702733
      no
   (1) can we show that 5 NL 6?
        a. margin -0.1877662811929397
      no
   (1) can we show that 5 NL 10?
        a. margin 0.013390139987827343
      yes, 141, ags used 94 = 141
   (1) can we show that 2 NL 6?
        a. margin -0.13349563806045817
      no
   (1) can we show that 2 NL 10?
        a. margin 0.06299452221545976
      yes, 71, ags used 45 = 71
      Best assertion(s) require sample: 71

ALTERNATE OUTCOME PAIR: 10,5
   (1) can we show that 8 NL 5?
        a. margin -0.42757151552038997
      no
   (1) can we show that 8 NL 10?
        a. margin -0.07131263948062427
      no
   (1) can we show that 6 NL 5?
        a. margin -0.10793264353824261
      no
   (1) can we show that 6 NL 10?
        a. margin 0.0003043213633602271
      yes, 48, ags used 77 = 77
   (1) can we show that 2 NL 5?
        a. margin -0.030736457699329978
      no
   (1) can we show that 2 NL 10?
        a. margin 0.05396632176912175
      yes, 82, ags used 45 = 82
      Best assertion(s) require sample: 77

ALTERNATE OUTCOME PAIR: 10,2
   (1) can we show that 8 NL 2?
        a. margin -0.4051531750862247
      no
   (1) can we show that 8 NL 10?
        a. margin -0.20785149117467994
      no
   (1) can we show that 6 NL 2?
        a. margin -0.09667275309393342
      no
   (1) can we show that 6 NL 10?
        a. margin 0.0007100831811734931
      yes, 49, ags used 77 = 77
   (1) can we show that 5 NL 2?
        a. margin -0.1136133089876239
      no
   (1) can we show that 5 NL 10?
        a. margin 0.002941773179144125
      yes, 500, ags used 1446 = 1446
      Best assertion(s) require sample: 77

ALTERNATE OUTCOME PAIR: 6,5
   (1) can we show that 8 NL 5?
        a. margin -0.4276729559748429
      no
   (1) can we show that 8 NL 6?
        a. margin -0.3710691823899376
      no
   (1) can we show that 10 NL 5?
        a. margin -0.37025765875431127
      no
   (1) can we show that 10 NL 6?
        a. margin -0.35179549604382254
      no
   (1) can we show that 2 NL 5?
        a. margin -0.01562182998579753
      no
   (1) can we show that 2 NL 6?
        a. margin -0.12335159261513473
      no

ALTERNATE OUTCOME PAIR: 5,2
   (1) can we show that 8 NL 2?
        a. margin -0.3664029214850889
      no
   (1) can we show that 8 NL 5?
        a. margin -0.3714749442077513
      no
   (1) can we show that 10 NL 2?
        a. margin -0.32095759789003875
      no
   (1) can we show that 10 NL 5?
        a. margin -0.3161898965307367
      no
   (1) can we show that 6 NL 2?
        a. margin -0.05782105903834378
      no
   (1) can we show that 6 NL 5?
        a. margin -0.052140393588962386
      no

RULE OUT PAIR STAGE ASN 144
------------------------------------------------
Alternate outcome cannot be ruled out: 6,5
Alternate outcome cannot be ruled out: 5,2
Full audit not possible
PARTIAL audit sample size: 271
------------------------------------------------
Final set of assertions generated:
2 NL 10 = 71 [rules out (10, 6), G = {8, 3, 6}, O = set()]
(5, 'AG', 6, 26)
(1, 'AG', 8, 30)
(5, 'AG', 3, 36)
6 NL 8 = 62 [rules out (8, 10), G = {8, 0, 3, 6}, O = set()]
6 NL 10 = 77 [rules out (10, 2), G = {0, 2, 3, 6, 7, 8}, O = set()]
(1, 'AG', 6, 28)
(5, 'AG', 7, 77)
6 NL 8 = 62 [rules out (8, 5), G = {8, 0, 3, 6}, O = set()]
(1, 'AG', 2, 271)
2 NL 8 = 144 [rules out (8, 6), G = {0, 3, 6, 8, 9}, O = set()]
(1, 'AG', 9, 94)
(5, 'AG', 2, 64)
(5, 'AG', 0, 62)
(1, 'AG', 3, 45)
6 NL 8 = 62 [rules out (8, 2), G = {8, 0, 3, 6}, O = set()]
6 NL 10 = 77 [rules out (10, 5), G = {0, 2, 3, 6, 7, 8}, O = set()]
(1, 'AG', 0, 89)
(5, 'AG', 8, 28)
[] are verified winners with these assertions.
[2, 5, 6] remain as potential winners in this audit.
------------------------------------------------
