VALID BALLOTS 5401
89 ballot checks required to assert that first winner has a quota's worth of votes
AUD TV 0.12117070654976793, ss 112
AG*(2,4) = 60
AG*(2,5) = 43
AG*(2,7) = 31
AG*(1,4) = 93
AG*(1,5) = 55
AG*(1,7) = 35
AG*(2,4) = 60
AG*(2,5) = 43
AG*(2,7) = 31
AG*(3,4) = 672
AG*(3,5) = 144
AG*(3,7) = 46
AG*(6,3) = 93
AG*(6,4) = 31
AG*(6,5) = 19
AG*(6,7) = 15
NL(2,7) = 31, AG*'s used 0
NL(2,5) = 42, AG*'s used 31
NL(2,4) = 55, AG*'s used 43
NL(2,3) = 491, AG*'s used 60
NL(2,1) NOT POSSIBLE
Max in loop inf, 0.12117070654976793
AUD TV 0.17117070654976793, ss 53
AG*(2,4) = 62
AG*(2,5) = 47
AG*(2,7) = 32
AG*(1,4) = 99
AG*(1,5) = 60
AG*(1,7) = 36
AG*(2,4) = 62
AG*(2,5) = 47
AG*(2,7) = 32
AG*(3,4) = 2355
AG*(3,5) = 199
AG*(3,7) = 49
AG*(6,3) = 93
AG*(6,4) = 31
AG*(6,5) = 19
AG*(6,7) = 15
NL(2,7) = 32, AG*'s used 0
NL(2,5) = 45, AG*'s used 32
NL(2,4) = 56, AG*'s used 47
NL(2,3) = 534, AG*'s used 62
NL(2,1) NOT POSSIBLE
Max in loop inf, 0.17117070654976793
AUD TV 0.22117070654976795, ss 33
AG*(2,4) = 64
AG*(2,5) = 51
AG*(2,7) = 33
AG*(1,4) = 105
AG*(1,5) = 68
AG*(1,7) = 38
AG*(2,4) = 64
AG*(2,5) = 51
AG*(2,7) = 33
AG*(3,5) = 323
AG*(3,7) = 52
AG*(6,3) = 93
AG*(6,4) = 31
AG*(6,5) = 19
AG*(6,7) = 15
NL(2,7) = 33, AG*'s used 0
NL(2,5) = 49, AG*'s used 33
NL(2,4) = 58, AG*'s used 51
NL(2,3) = 584, AG*'s used 64
NL(2,1) NOT POSSIBLE
Max in loop inf, 0.22117070654976795
AUD TV 0.27117070654976794, ss 23
AG*(2,4) = 67
AG*(2,5) = 56
AG*(2,7) = 34
AG*(1,4) = 113
AG*(1,5) = 77
AG*(1,7) = 39
AG*(2,4) = 67
AG*(2,5) = 56
AG*(2,7) = 34
AG*(3,5) = 1201
AG*(3,7) = 55
AG*(6,3) = 93
AG*(6,4) = 31
AG*(6,5) = 19
AG*(6,7) = 15
NL(2,7) = 34, AG*'s used 0
NL(2,5) = 53, AG*'s used 34
NL(2,4) = 61, AG*'s used 56
NL(2,3) = 732, AG*'s used 67
NL(2,1) NOT POSSIBLE
Max in loop inf, 0.27117070654976794
AUD TV 0.3211707065497679, ss 17
AG*(2,4) = 70
AG*(2,5) = 62
AG*(2,7) = 35
AG*(1,4) = 121
AG*(1,5) = 88
AG*(1,7) = 41
AG*(2,4) = 70
AG*(2,5) = 62
AG*(2,7) = 35
AG*(3,7) = 59
AG*(6,3) = 93
AG*(6,4) = 31
AG*(6,5) = 19
AG*(6,7) = 15
NL(2,7) = 35, AG*'s used 0
NL(2,5) = 58, AG*'s used 35
NL(2,4) = 63, AG*'s used 62
NL(2,3) = 915, AG*'s used 70
NL(2,1) NOT POSSIBLE
Max in loop inf, 0.3211707065497679
AUD TV 0.3711707065497679, ss 13
AG*(2,4) = 73
AG*(2,5) = 69
AG*(2,7) = 36
AG*(1,4) = 132
AG*(1,5) = 104
AG*(1,7) = 42
AG*(2,4) = 73
AG*(2,5) = 69
AG*(2,7) = 36
AG*(3,7) = 63
AG*(6,3) = 93
AG*(6,4) = 31
AG*(6,5) = 19
AG*(6,7) = 15
NL(2,7) = 36, AG*'s used 0
NL(2,5) = 65, AG*'s used 36
NL(2,4) = 66, AG*'s used 69
NL(2,3) = 1036, AG*'s used 73
NL(2,1) NOT POSSIBLE
Max in loop inf, 0.3711707065497679
AUD TV 0.4211707065497679, ss 10
AG*(2,4) = 76
AG*(2,5) = 78
AG*(2,7) = 37
AG*(1,4) = 144
AG*(1,5) = 127
AG*(1,7) = 44
AG*(2,4) = 76
AG*(2,5) = 78
AG*(2,7) = 37
AG*(3,7) = 68
AG*(6,3) = 93
AG*(6,4) = 31
AG*(6,5) = 19
AG*(6,7) = 15
NL(2,7) = 37, AG*'s used 0
NL(2,5) = 73, AG*'s used 37
NL(2,4) = 72, AG*'s used 37
NL(2,3) = 1311, AG*'s used 78
NL(2,1) NOT POSSIBLE
Max in loop inf, 0.4211707065497679
AUD TV 0.4711707065497679, ss 8
AG*(2,4) = 80
AG*(2,5) = 90
AG*(2,7) = 39
AG*(1,4) = 158
AG*(1,5) = 163
AG*(1,7) = 46
AG*(2,4) = 80
AG*(2,5) = 90
AG*(2,7) = 39
AG*(3,7) = 74
AG*(6,3) = 93
AG*(6,4) = 31
AG*(6,5) = 19
AG*(6,7) = 15
NL(2,7) = 39, AG*'s used 0
NL(2,5) = 70, AG*'s used 80
NL(2,4) = 75, AG*'s used 39
NL(2,3) = 1845, AG*'s used 90
NL(2,1) NOT POSSIBLE
Max in loop inf, 0.4711707065497679
AUD TV 0.5211707065497679, ss 6
AG*(2,4) = 84
AG*(2,5) = 106
AG*(2,7) = 40
AG*(1,4) = 176
AG*(1,5) = 226
AG*(1,7) = 48
AG*(2,4) = 84
AG*(2,5) = 106
AG*(2,7) = 40
AG*(3,7) = 81
AG*(6,3) = 93
AG*(6,4) = 31
AG*(6,5) = 19
AG*(6,7) = 15
NL(2,7) = 40, AG*'s used 0
NL(2,5) = 79, AG*'s used 84
NL(2,4) = 78, AG*'s used 40
NL(2,3) = 2389, AG*'s used 106
NL(2,1) NOT POSSIBLE
Max in loop inf, 0.5211707065497679
AUD TV 0.571170706549768, ss 5
AG*(2,4) = 89
AG*(2,5) = 130
AG*(2,7) = 42
AG*(1,4) = 198
AG*(1,5) = 369
AG*(1,7) = 50
AG*(2,4) = 89
AG*(2,5) = 130
AG*(2,7) = 42
AG*(3,7) = 89
AG*(6,3) = 93
AG*(6,4) = 31
AG*(6,5) = 19
AG*(6,7) = 15
NL(2,7) = 42, AG*'s used 0
NL(2,5) = 92, AG*'s used 89
NL(2,4) = 82, AG*'s used 42
NL(2,3) = 3999, AG*'s used 130
NL(2,1) NOT POSSIBLE
Max in loop inf, 0.571170706549768
AUD TV 0.621170706549768, ss 4
AG*(2,4) = 94
AG*(2,5) = 166
AG*(2,7) = 43
AG*(1,4) = 226
AG*(1,5) = 1399
AG*(1,7) = 52
AG*(2,4) = 94
AG*(2,5) = 166
AG*(2,7) = 43
AG*(3,7) = 99
AG*(6,3) = 93
AG*(6,4) = 31
AG*(6,5) = 19
AG*(6,7) = 15
NL(2,7) = 43, AG*'s used 0
NL(2,5) = 109, AG*'s used 94
NL(2,4) = 87, AG*'s used 43
NL(2,3) = 5401, AG*'s used 166
NL(2,1) NOT POSSIBLE
Max in loop inf, 0.621170706549768
Sample size to show min tv of 0.03558535327488396 is 172
AUD TV 0.12117070654976793, ss 112
AG*(2,4) = 58
AG*(2,5) = 43
AG*(2,7) = 31
AG*(1,4) = 90
AG*(1,5) = 54
AG*(1,7) = 35
AG*(2,4) = 58
AG*(2,5) = 43
AG*(2,7) = 31
AG*(3,4) = 574
AG*(3,5) = 143
AG*(3,7) = 46
AG*(6,3) = 93
AG*(6,4) = 31
AG*(6,5) = 19
AG*(6,7) = 15
NL(2,7) = 31, AG*'s used 0
NL(2,5) = 41, AG*'s used 31
NL(2,4) = 53, AG*'s used 43
NL(2,3) = 363, AG*'s used 58
NL(2,1) NOT POSSIBLE
Max in loop inf, 0.12117070654976793
AUD TV 0.17117070654976793, ss 53
AG*(2,4) = 61
AG*(2,5) = 46
AG*(2,7) = 31
AG*(1,4) = 95
AG*(1,5) = 59
AG*(1,7) = 36
AG*(2,4) = 61
AG*(2,5) = 46
AG*(2,7) = 31
AG*(3,4) = 2065
AG*(3,5) = 197
AG*(3,7) = 48
AG*(6,3) = 93
AG*(6,4) = 31
AG*(6,5) = 19
AG*(6,7) = 15
NL(2,7) = 31, AG*'s used 0
NL(2,5) = 44, AG*'s used 31
NL(2,4) = 54, AG*'s used 46
NL(2,3) = 385, AG*'s used 61
NL(2,1) NOT POSSIBLE
Max in loop inf, 0.17117070654976793
AUD TV 0.22117070654976795, ss 33
AG*(2,4) = 63
AG*(2,5) = 50
AG*(2,7) = 32
AG*(1,4) = 101
AG*(1,5) = 66
AG*(1,7) = 37
AG*(2,4) = 63
AG*(2,5) = 50
AG*(2,7) = 32
AG*(3,5) = 318
AG*(3,7) = 51
AG*(6,3) = 93
AG*(6,4) = 31
AG*(6,5) = 19
AG*(6,7) = 15
NL(2,7) = 32, AG*'s used 0
NL(2,5) = 48, AG*'s used 32
NL(2,4) = 56, AG*'s used 50
NL(2,3) = 411, AG*'s used 63
NL(2,1) NOT POSSIBLE
Max in loop inf, 0.22117070654976795
AUD TV 0.27117070654976794, ss 23
AG*(2,4) = 65
AG*(2,5) = 55
AG*(2,7) = 33
AG*(1,4) = 108
AG*(1,5) = 74
AG*(1,7) = 39
AG*(2,4) = 65
AG*(2,5) = 55
AG*(2,7) = 33
AG*(3,5) = 1045
AG*(3,7) = 55
AG*(6,3) = 93
AG*(6,4) = 31
AG*(6,5) = 19
AG*(6,7) = 15
NL(2,7) = 33, AG*'s used 0
NL(2,5) = 52, AG*'s used 33
NL(2,4) = 58, AG*'s used 55
NL(2,3) = 440, AG*'s used 65
NL(2,1) NOT POSSIBLE
Max in loop inf, 0.27117070654976794
AUD TV 0.3211707065497679, ss 17
AG*(2,4) = 68
AG*(2,5) = 60
AG*(2,7) = 35
AG*(1,4) = 116
AG*(1,5) = 86
AG*(1,7) = 40
AG*(2,4) = 68
AG*(2,5) = 60
AG*(2,7) = 35
AG*(3,7) = 58
AG*(6,3) = 93
AG*(6,4) = 31
AG*(6,5) = 19
AG*(6,7) = 15
NL(2,7) = 35, AG*'s used 0
NL(2,5) = 57, AG*'s used 35
NL(2,4) = 61, AG*'s used 60
NL(2,3) = 474, AG*'s used 68
NL(2,1) NOT POSSIBLE
Max in loop inf, 0.3211707065497679
AUD TV 0.3711707065497679, ss 13
AG*(2,4) = 71
AG*(2,5) = 67
AG*(2,7) = 36
AG*(1,4) = 126
AG*(1,5) = 100
AG*(1,7) = 42
AG*(2,4) = 71
AG*(2,5) = 67
AG*(2,7) = 36
AG*(3,7) = 63
AG*(6,3) = 93
AG*(6,4) = 31
AG*(6,5) = 19
AG*(6,7) = 15
NL(2,7) = 36, AG*'s used 0
NL(2,5) = 63, AG*'s used 36
NL(2,4) = 63, AG*'s used 67
NL(2,3) = 513, AG*'s used 71
NL(2,1) NOT POSSIBLE
Max in loop inf, 0.3711707065497679
AUD TV 0.4211707065497679, ss 10
AG*(2,4) = 74
AG*(2,5) = 76
AG*(2,7) = 37
AG*(1,4) = 136
AG*(1,5) = 121
AG*(1,7) = 43
AG*(2,4) = 74
AG*(2,5) = 76
AG*(2,7) = 37
AG*(3,7) = 68
AG*(6,3) = 93
AG*(6,4) = 31
AG*(6,5) = 19
AG*(6,7) = 15
NL(2,7) = 37, AG*'s used 0
NL(2,5) = 71, AG*'s used 37
NL(2,4) = 70, AG*'s used 37
NL(2,3) = 559, AG*'s used 76
NL(2,1) NOT POSSIBLE
Max in loop inf, 0.4211707065497679
AUD TV 0.4711707065497679, ss 8
AG*(2,4) = 78
AG*(2,5) = 87
AG*(2,7) = 38
AG*(1,4) = 149
AG*(1,5) = 154
AG*(1,7) = 45
AG*(2,4) = 78
AG*(2,5) = 87
AG*(2,7) = 38
AG*(3,7) = 73
AG*(6,3) = 93
AG*(6,4) = 31
AG*(6,5) = 19
AG*(6,7) = 15
NL(2,7) = 38, AG*'s used 0
NL(2,5) = 68, AG*'s used 78
NL(2,4) = 73, AG*'s used 38
NL(2,3) = 699, AG*'s used 87
NL(2,1) NOT POSSIBLE
Max in loop inf, 0.4711707065497679
AUD TV 0.5211707065497679, ss 6
AG*(2,4) = 82
AG*(2,5) = 102
AG*(2,7) = 40
AG*(1,4) = 165
AG*(1,5) = 209
AG*(1,7) = 47
AG*(2,4) = 82
AG*(2,5) = 102
AG*(2,7) = 40
AG*(3,7) = 80
AG*(6,3) = 93
AG*(6,4) = 31
AG*(6,5) = 19
AG*(6,7) = 15
NL(2,7) = 40, AG*'s used 0
NL(2,5) = 77, AG*'s used 82
NL(2,4) = 76, AG*'s used 40
NL(2,3) = 868, AG*'s used 102
NL(2,1) NOT POSSIBLE
Max in loop inf, 0.5211707065497679
AUD TV 0.571170706549768, ss 5
AG*(2,4) = 86
AG*(2,5) = 124
AG*(2,7) = 41
AG*(1,4) = 184
AG*(1,5) = 325
AG*(1,7) = 49
AG*(2,4) = 86
AG*(2,5) = 124
AG*(2,7) = 41
AG*(3,7) = 88
AG*(6,3) = 93
AG*(6,4) = 31
AG*(6,5) = 19
AG*(6,7) = 15
NL(2,7) = 41, AG*'s used 0
NL(2,5) = 88, AG*'s used 86
NL(2,4) = 80, AG*'s used 41
NL(2,3) = 975, AG*'s used 124
NL(2,1) NOT POSSIBLE
Max in loop inf, 0.571170706549768
AUD TV 0.621170706549768, ss 4
AG*(2,4) = 91
AG*(2,5) = 157
AG*(2,7) = 43
AG*(1,4) = 209
AG*(1,5) = 932
AG*(1,7) = 51
AG*(2,4) = 91
AG*(2,5) = 157
AG*(2,7) = 43
AG*(3,7) = 99
AG*(6,3) = 93
AG*(6,4) = 31
AG*(6,5) = 19
AG*(6,7) = 15
NL(2,7) = 43, AG*'s used 0
NL(2,5) = 104, AG*'s used 91
NL(2,4) = 84, AG*'s used 43
NL(2,3) = 1225, AG*'s used 157
NL(2,1) NOT POSSIBLE
Max in loop inf, 0.621170706549768
New mintv = 0.08558535327488397
Sample size required for audit is inf ballots
------------------------------------------------
Assertion set BEFORE filtering:
(5, 'QT', None, 89)
(5, 'MT', None, (0.621170706549768, 4))
(1, 'AG*', 4, 157)
(1, 'NL', 6, 43)
(1, 'NL', 4, 104)
(1, 'AG*', 3, 91)
(1, 'NL', 2, 1225)
(5, 'LT', None, (0.03558535327488396, 172))
(1, 'AG*', 6, 43)
(1, 'NL', 3, 84)
------------------------------------------------
Final set of assertions AFTER filtering:
(5, 'QT', None, 89)
(5, 'MT', None, (0.621170706549768, 4))
(1, 'AG*', 4, 157)
(1, 'NL', 6, 43)
(1, 'NL', 4, 104)
(1, 'AG*', 3, 91)
(1, 'NL', 2, 1225)
(5, 'LT', None, (0.03558535327488396, 172))
(1, 'AG*', 6, 43)
(1, 'NL', 3, 84)
------------------------------------------------
Explanations for AG* inclusion:
   Explanation for (1, 'AG*', 4, 157): []
   Explanation for (1, 'AG*', 3, 91): []
   Explanation for (1, 'AG*', 6, 43): []
------------------------------------------------
