VALID BALLOTS 6503
Winner 6
Winner 2
Computing AG relationships
6 AG 5 = 31
6 AG 1 = 1660
6 AG 4 = 78
6 AG 9 = 30
6 AG 7 = 96
6 AG 3 = 225
8 AG 5 = 51
2 AG 5 = 26
2 AG 1 = 47
2 AG 4 = 834
2 AG 7 = 170
2 AG 8 = 189
Ruling out candidates: [(5, 31), (1, 1660), (4, 834), (7, 170)]
STAGE 1 ASN (Ruling out candidates): 1660
ALTERNATE OUTCOME PAIR: 9,3
   (1) can we show that 6 NL 3?
        a. margin 0.020964682966835735
      yes, 127, ags used 96 = 127
   (1) can we show that 6 NL 9?
        a. margin 0.1537751806858365
      yes, 29, ags used 0 = 29
   (1) can we show that 8 NL 3?
        a. margin -0.01732533702393768
      no
   (1) can we show that 8 NL 9?
        a. margin 0.05771695115075093
      yes, 76, ags used 51 = 76
   (1) can we show that 2 NL 3?
        a. margin 0.1103080629453066
      yes, 41, ags used 189 = 189
   (1) can we show that 2 NL 9?
        a. margin 0.1415756830180941
      yes, 32, ags used 30 = 32
   (1) can we show that 2 NL 3?
        a. margin 0.1103080629453066
      yes, 41, ags used 189 = 189
   (1) can we show that 2 NL 9?
        a. margin 0.1415756830180941
      yes, 32, ags used 30 = 32
      Best assertion(s) require sample: 29

ALTERNATE OUTCOME PAIR: 9,6
   (1) can we show that 3 NL 6?
        a. margin -0.26182787431441856
      no
   (1) can we show that 3 NL 9?
        a. margin -0.16664103746988546
      no
   (1) can we show that 8 NL 6?
        a. margin -0.233020657132605
      no
   (1) can we show that 8 NL 9?
        a. margin -0.13316930647393488
      no
   (1) can we show that 2 NL 6?
        a. margin 0.001332718232610386
      yes, 6503, ags used 834 = 6503
   (1) can we show that 2 NL 9?
        a. margin 0.09139371572094901
      yes, 50, ags used 189 = 189
   (1) can we show that 2 NL 6?
        a. margin 0.001332718232610386
      yes, 6503, ags used 834 = 6503
   (1) can we show that 2 NL 9?
        a. margin 0.09139371572094901
      yes, 50, ags used 189 = 189
      Best assertion(s) require sample: 189

ALTERNATE OUTCOME PAIR: 9,8
   (1) can we show that 3 NL 8?
        a. margin -0.091752524475883
      no
   (1) can we show that 3 NL 9?
        a. margin 0.0016915269875446004
      yes, 6503, ags used 30 = 6503
   (1) can we show that 6 NL 8?
        a. margin 0.08893331282997607
      yes, 51, ags used 189 = 189
   (1) can we show that 6 NL 9?
        a. margin 0.15331385514377915
      yes, 29, ags used 0 = 29
   (1) can we show that 2 NL 8?
        a. margin 0.024706545696857596
      yes, 118, ags used 47 = 118
   (1) can we show that 2 NL 9?
        a. margin 0.13947408888205448
      yes, 32, ags used 30 = 32
   (1) can we show that 2 NL 8?
        a. margin 0.024706545696857596
      yes, 118, ags used 47 = 118
   (1) can we show that 2 NL 9?
        a. margin 0.13947408888205448
      yes, 32, ags used 30 = 32
      Best assertion(s) require sample: 29

ALTERNATE OUTCOME PAIR: 9,2
   (1) can we show that 3 NL 2?
        a. margin -0.32036495976216106
      no
   (1) can we show that 3 NL 9?
        a. margin 0.0021015941360396084
      yes, 6492, ags used 30 = 6492
   (1) can we show that 6 NL 2?
        a. margin -0.11753549643754158
      no
   (1) can we show that 6 NL 9?
        a. margin 0.15398021426008435
      yes, 29, ags used 0 = 29
   (1) can we show that 8 NL 2?
        a. margin -0.14131939105028446
      no
   (1) can we show that 8 NL 9?
        a. margin 0.05571787380183513
      yes, 79, ags used 51 = 79
      Best assertion(s) require sample: 29

ALTERNATE OUTCOME PAIR: 9,2
   (1) can we show that 3 NL 2?
        a. margin -0.32036495976216106
      no
   (1) can we show that 3 NL 9?
        a. margin 0.0021015941360396084
      yes, 6492, ags used 30 = 6492
   (1) can we show that 6 NL 2?
        a. margin -0.11753549643754158
      no
   (1) can we show that 6 NL 9?
        a. margin 0.15398021426008435
      yes, 29, ags used 0 = 29
   (1) can we show that 8 NL 2?
        a. margin -0.14131939105028446
      no
   (1) can we show that 8 NL 9?
        a. margin 0.05571787380183513
      yes, 79, ags used 51 = 79
      Best assertion(s) require sample: 29

ALTERNATE OUTCOME PAIR: 3,6
   (1) can we show that 9 NL 6?
        a. margin -0.2996053103695727
      no
   (1) can we show that 9 NL 3?
        a. margin -0.1868368445332924
      no
   (1) can we show that 8 NL 6?
        a. margin -0.24045312419908738
      no
   (1) can we show that 8 NL 3?
        a. margin -0.09939002511661255
      no
   (1) can we show that 2 NL 6?
        a. margin -0.006048490440309862
      no
   (1) can we show that 2 NL 3?
        a. margin 0.0013839766261720676
      yes, 35, ags used 189 = 189
   (1) can we show that 2 NL 6?
        a. margin -0.006048490440309862
      no
   (1) can we show that 2 NL 3?
        a. margin 0.0013839766261720676
      yes, 35, ags used 189 = 189
      Best assertion(s) require sample: 189

ALTERNATE OUTCOME PAIR: 3,8
   (1) can we show that 9 NL 8?
        a. margin -0.12220001025167859
      no
   (1) can we show that 9 NL 3?
        a. margin -0.1640268593982268
      no
   (1) can we show that 6 NL 8?
        a. margin 0.14275462607001876
      yes, 32, ags used 189 = 189
   (1) can we show that 6 NL 3?
        a. margin 0.029781126659489177
      yes, 58, ags used 31 = 58
   (1) can we show that 2 NL 8?
        a. margin 0.026961915013582916
      yes, 111, ags used 47 = 111
   (1) can we show that 2 NL 3?
        a. margin 0.08303859757035204
      yes, 55, ags used 225 = 225
   (1) can we show that 2 NL 8?
        a. margin 0.026961915013582916
      yes, 111, ags used 47 = 111
   (1) can we show that 2 NL 3?
        a. margin 0.08303859757035204
      yes, 55, ags used 225 = 225
      Best assertion(s) require sample: 58

ALTERNATE OUTCOME PAIR: 3,2
   (1) can we show that 9 NL 2?
        a. margin -0.35614331846839875
      no
   (1) can we show that 9 NL 3?
        a. margin -0.15920857040340397
      no
   (1) can we show that 6 NL 2?
        a. margin -0.08278230560254263
      no
   (1) can we show that 6 NL 3?
        a. margin 0.03465067404787403
      yes, 55, ags used 31 = 55
   (1) can we show that 8 NL 2?
        a. margin -0.1387052129786257
      no
   (1) can we show that 8 NL 3?
        a. margin -0.015377518068583895
      no
      Best assertion(s) require sample: 55

ALTERNATE OUTCOME PAIR: 3,2
   (1) can we show that 9 NL 2?
        a. margin -0.35614331846839875
      no
   (1) can we show that 9 NL 3?
        a. margin -0.15920857040340397
      no
   (1) can we show that 6 NL 2?
        a. margin -0.08278230560254263
      no
   (1) can we show that 6 NL 3?
        a. margin 0.03465067404787403
      yes, 55, ags used 31 = 55
   (1) can we show that 8 NL 2?
        a. margin -0.1387052129786257
      no
   (1) can we show that 8 NL 3?
        a. margin -0.015377518068583895
      no
      Best assertion(s) require sample: 55

ALTERNATE OUTCOME PAIR: 6,8
   (1) can we show that 9 NL 8?
        a. margin -0.12409657081347081
      no
   (1) can we show that 9 NL 6?
        a. margin -0.30514121687426266
      no
   (1) can we show that 3 NL 8?
        a. margin -0.09093239017889188
      no
   (1) can we show that 3 NL 6?
        a. margin -0.2774616843508124
      no
   (1) can we show that 2 NL 8?
        a. margin 0.026295555897277945
      yes, 113, ags used 47 = 113
   (1) can we show that 2 NL 6?
        a. margin -0.1460351632579835
      no
   (1) can we show that 2 NL 8?
        a. margin 0.026295555897277945
      yes, 113, ags used 47 = 113
   (1) can we show that 2 NL 6?
        a. margin -0.1460351632579835
      no
      Best assertion(s) require sample: 113

ALTERNATE OUTCOME PAIR: 8,2
   (1) can we show that 9 NL 2?
        a. margin -0.3176482649033774
      no
   (1) can we show that 9 NL 8?
        a. margin -0.28663693679840074
      no
   (1) can we show that 3 NL 2?
        a. margin -0.2788969193705464
      no
   (1) can we show that 3 NL 8?
        a. margin -0.24445127889691964
      no
   (1) can we show that 6 NL 2?
        a. margin -0.019888256702035756
      no
   (1) can we show that 6 NL 8?
        a. margin 0.004408221846326388
      yes, 1568, ags used 225 = 1568
      Best assertion(s) require sample: 1568

ALTERNATE OUTCOME PAIR: 8,2
   (1) can we show that 9 NL 2?
        a. margin -0.3176482649033774
      no
   (1) can we show that 9 NL 8?
        a. margin -0.28663693679840074
      no
   (1) can we show that 3 NL 2?
        a. margin -0.2788969193705464
      no
   (1) can we show that 3 NL 8?
        a. margin -0.24445127889691964
      no
   (1) can we show that 6 NL 2?
        a. margin -0.019888256702035756
      no
   (1) can we show that 6 NL 8?
        a. margin 0.004408221846326388
      yes, 1568, ags used 225 = 1568
      Best assertion(s) require sample: 1568

RULE OUT PAIR STAGE ASN 1568
------------------------------------------------
FULL audit sample size: 1660
------------------------------------------------
Final set of assertions generated:
(5, 'AG', 2, 225)
(1, 'AG', 0, 47)
6 NL 9 = 29 [rules out (9, 3), G = set(), O = set()]
2 NL 9 = 189 [rules out (9, 6), G = {0, 4, 6, 7}, O = set()]
6 NL 3 = 58 [rules out (3, 8), G = {8, 4}, O = set()]
(5, 'AG', 0, 1660)
6 NL 8 = 1568 [rules out (8, 2), G = {2, 3, 4, 6, 8}, O = set()]
(1, 'AG', 4, 26)
6 NL 9 = 29 [rules out (9, 8), G = set(), O = set()]
(5, 'AG', 3, 78)
2 NL 3 = 189 [rules out (3, 6), G = {0, 4, 6, 7}, O = set()]
6 NL 9 = 29 [rules out (9, 2), G = set(), O = set()]
(5, 'AG', 4, 31)
(1, 'AG', 3, 834)
(5, 'AG', 8, 30)
2 NL 8 = 113 [rules out (6, 8), G = {0, 4}, O = set()]

(5, 'AG', 6, 96)
6 NL 3 = 55 [rules out (3, 2), G = {8, 4}, O = set()]
(1, 'AG', 7, 189)
(1, 'AG', 6, 170)
All winners are verified in audit.
------------------------------------------------
