VALID BALLOTS 5105
Winner 4
Winner 5
Computing AG relationships
7 AG 3 = 38
7 AG 8 = 49
7 AG 2 = 124
7 AG 6 = 108
4 AG 3 = 18
4 AG 8 = 20
4 AG 2 = 27
4 AG 6 = 26
4 AG 7 = 71
1 AG 3 = 74
1 AG 2 = 66
1 AG 6 = 67
5 AG 3 = 30
5 AG 8 = 60
5 AG 2 = 31
5 AG 6 = 29
Ruling out candidates: [(3, 30), (8, 49), (2, 31), (6, 29)]
STAGE 1 ASN (Ruling out candidates): 49
ALTERNATE OUTCOME PAIR: 7,4
   (1) can we show that 1 NL 4?
        a. margin -0.26797257590597456
      no
   (1) can we show that 1 NL 7?
        a. margin -0.20652954619653818
      no
   (1) can we show that 5 NL 4?
        a. margin -0.16558929154423763
      no
   (1) can we show that 5 NL 7?
        a. margin -0.09676787463271264
      no

ALTERNATE OUTCOME PAIR: 7,1
   (1) can we show that 4 NL 1?
        a. margin -0.07717923604309496
      no
   (1) can we show that 4 NL 7?
        a. margin 0.06823375775383633
      yes, 55, ags used 27 = 55
   (1) can we show that 5 NL 1?
        a. margin 0.0054195233431275636
      yes, 548, ags used 60 = 548
   (1) can we show that 5 NL 7?
        a. margin 0.08462291870715011
      yes, 54, ags used 71 = 71
      Best assertion(s) require sample: 55

ALTERNATE OUTCOME PAIR: 7,5
   (1) can we show that 4 NL 5?
        a. margin -0.11537708129284996
      no
   (1) can we show that 4 NL 7?
        a. margin 0.07482859941233988
      yes, 51, ags used 27 = 51
   (1) can we show that 1 NL 5?
        a. margin -0.18530852105778595
      no
   (1) can we show that 1 NL 7?
        a. margin -0.012667319621285866
      no
      Best assertion(s) require sample: 51

ALTERNATE OUTCOME PAIR: 4,1
   (1) can we show that 7 NL 1?
        a. margin -0.2176297747306558
      no
   (1) can we show that 7 NL 4?
        a. margin -0.20189356839699624
      no
   (1) can we show that 5 NL 1?
        a. margin 0.006660137120469534
      yes, 239, ags used 60 = 239
   (1) can we show that 5 NL 4?
        a. margin -0.21175318315377067
      no
      Best assertion(s) require sample: 239

ALTERNATE OUTCOME PAIR: 1,5
   (1) can we show that 7 NL 5?
        a. margin -0.22448579823702186
      no
   (1) can we show that 7 NL 1?
        a. margin -0.1633039503754481
      no
   (1) can we show that 4 NL 5?
        a. margin 0.08168462291870848
      yes, 56, ags used 71 = 71
   (1) can we show that 4 NL 1?
        a. margin 0.13973228860594245
      yes, 32, ags used 71 = 71
      Best assertion(s) require sample: 71

RULE OUT PAIR STAGE ASN 239
------------------------------------------------
EXAMINING WAYS TO REDUCE COST OF AUDIT
------------------------------------------------
Alternate outcome cannot be ruled out: 7,4
Full audit not possible
PARTIAL audit sample size: 239
------------------------------------------------
Final set of assertions generated:
(3, 'AG', 7, 20)
4 NL 7 = 51 [rules out (7, 5), G = {1, 2, 5, 7}, O = set()]
4 NL 7 = 55 [rules out (7, 1), G = {1, 2, 5, 7}, O = set()]
(4, 'AG', 2, 30)
(4, 'AG', 5, 29)
(4, 'AG', 7, 60)
(3, 'AG', 6, 71)
(3, 'AG', 1, 27)
(6, 'AG', 7, 49)
(3, 'AG', 5, 26)
(4, 'AG', 1, 31)
4 NL 5 = 71 [rules out (1, 5), G = {1, 2, 5, 6, 7}, O = set()]

(3, 'AG', 2, 18)
5 NL 1 = 239 [rules out (4, 1), G = {1, 2, 5, 7}, O = set()]

[4] are verified winners with these assertions.
[5, 7] remain as potential winners in this audit.
------------------------------------------------
