VALID BALLOTS 6957
Winner 5
Winner 1
Computing AG relationships
9 AG 8 = 196
11 AG 3 = 210
11 AG 6 = 1006
11 AG 8 = 565
5 AG 3 = 20
5 AG 6 = 20
5 AG 8 = 22
5 AG 7 = 25
5 AG 10 = 41
5 AG 11 = 35
5 AG 4 = 28
2 AG 3 = 73
2 AG 6 = 155
2 AG 8 = 48
2 AG 7 = 676
2 AG 10 = 145
1 AG 3 = 41
1 AG 6 = 59
1 AG 8 = 32
1 AG 7 = 83
1 AG 10 = 60
1 AG 9 = 242
1 AG 4 = 362
Ruling out candidates: [(3, 41), (6, 59), (8, 32), (7, 83), (10, 60), (4, 362)]
STAGE 1 ASN (Ruling out candidates): 362
ALTERNATE OUTCOME PAIR: 9,11
   (1) can we show that 5 NL 11?
        a. margin 0.1308035072588749
      yes, 23, ags used 28 = 28
   (1) can we show that 5 NL 9?
        a. margin 0.20530880168655052
      yes, 22, ags used 242 = 242
   (1) can we show that 2 NL 11?
        a. margin 0.02486704039097276
      yes, 132, ags used 145 = 145
   (1) can we show that 2 NL 9?
        a. margin 0.0038330698097834848
      yes, 111, ags used 242 = 242
   (1) can we show that 1 NL 11?
        a. margin 0.07436155430980773
      yes, 55, ags used 60 = 60
   (1) can we show that 1 NL 9?
        a. margin 0.02127353744430005
      yes, 135, ags used 83 = 135
      Best assertion(s) require sample: 28

ALTERNATE OUTCOME PAIR: 9,5
   (1) can we show that 11 NL 5?
        a. margin -0.33726222988836163
      no
   (1) can we show that 11 NL 9?
        a. margin -0.05390254420008633
      no
   (1) can we show that 2 NL 5?
        a. margin -0.29936275214412333
      no
   (1) can we show that 2 NL 9?
        a. margin 0.005989171577786001
      yes, 106, ags used 242 = 242
   (1) can we show that 1 NL 5?
        a. margin -0.2554261894494755
      no
   (1) can we show that 1 NL 9?
        a. margin 0.023525465957547453
      yes, 126, ags used 83 = 126
      Best assertion(s) require sample: 126

ALTERNATE OUTCOME PAIR: 9,2
   (1) can we show that 11 NL 2?
        a. margin -0.3242297925350963
      no
   (1) can we show that 11 NL 9?
        a. margin -0.03847443821570562
      no
   (1) can we show that 5 NL 2?
        a. margin 0.02558574098030797
      yes, 128, ags used 41 = 128
   (1) can we show that 5 NL 9?
        a. margin 0.0031143692204496087
      yes, 44, ags used 41 = 44
   (1) can we show that 1 NL 2?
        a. margin -0.04087010684682191
      no
   (1) can we show that 1 NL 9?
        a. margin 0.03540798236787723
      yes, 95, ags used 83 = 95
      Best assertion(s) require sample: 44

ALTERNATE OUTCOME PAIR: 9,1
   (1) can we show that 11 NL 1?
        a. margin -0.3133055435772122
      no
   (1) can we show that 11 NL 9?
        a. margin -0.245220641080925
      no
   (1) can we show that 5 NL 1?
        a. margin 0.03794739111686107
      yes, 95, ags used 41 = 95
   (1) can we show that 5 NL 9?
        a. margin 0.01653011355469336
      yes, 39, ags used 41 = 41
   (1) can we show that 2 NL 1?
        a. margin -0.10047434238896102
      no
   (1) can we show that 2 NL 9?
        a. margin 0.009151454170858164
      yes, 236, ags used 155 = 236
      Best assertion(s) require sample: 41

ALTERNATE OUTCOME PAIR: 11,5
   (1) can we show that 9 NL 5?
        a. margin -0.3711848977049492
      no
   (1) can we show that 9 NL 11?
        a. margin -0.2482870969287544
      no
   (1) can we show that 2 NL 5?
        a. margin -0.2735374443007047
      no
   (1) can we show that 2 NL 11?
        a. margin -0.16688227684347023
      no
   (1) can we show that 1 NL 5?
        a. margin -0.21105840640122764
      no
   (1) can we show that 1 NL 11?
        a. margin -0.09927650807340715
      no

ALTERNATE OUTCOME PAIR: 11,2
   (1) can we show that 9 NL 2?
        a. margin -0.2923194863686457
      no
   (1) can we show that 9 NL 11?
        a. margin -0.03909731205979594
      no
   (1) can we show that 5 NL 2?
        a. margin -0.08154856020315249
      no
   (1) can we show that 5 NL 11?
        a. margin 0.131570121220832
      yes, 23, ags used 28 = 28
   (1) can we show that 1 NL 2?
        a. margin -0.039528532413397266
      no
   (1) can we show that 1 NL 11?
        a. margin 0.07440946768242962
      yes, 55, ags used 60 = 60
      Best assertion(s) require sample: 28

ALTERNATE OUTCOME PAIR: 11,1
   (1) can we show that 9 NL 1?
        a. margin -0.2513535527765801
      no
   (1) can we show that 9 NL 11?
        a. margin -0.0388577451966845
      no
   (1) can we show that 5 NL 1?
        a. margin -0.06894734320348805
      no
   (1) can we show that 5 NL 11?
        a. margin 0.13262421541852198
      yes, 23, ags used 28 = 28
   (1) can we show that 2 NL 1?
        a. margin -0.10287001102007565
      no
   (1) can we show that 2 NL 11?
        a. margin 0.02505869388146209
      yes, 132, ags used 145 = 145
      Best assertion(s) require sample: 28

ALTERNATE OUTCOME PAIR: 5,2
   (1) can we show that 9 NL 2?
        a. margin -0.28594700780988014
      no
   (1) can we show that 9 NL 5?
        a. margin -0.39293756887547304
      no
   (1) can we show that 11 NL 2?
        a. margin -0.34617411719610935
      no
   (1) can we show that 11 NL 5?
        a. margin -0.3295002635235498
      no
   (1) can we show that 1 NL 2?
        a. margin -0.03488093526903546
      no
   (1) can we show that 1 NL 5?
        a. margin -0.23415265200517488
      no

ALTERNATE OUTCOME PAIR: 2,1
   (1) can we show that 9 NL 1?
        a. margin -0.227540606583297
      no
   (1) can we show that 9 NL 2?
        a. margin -0.2426812323319435
      no
   (1) can we show that 11 NL 1?
        a. margin -0.2960567294331846
      no
   (1) can we show that 11 NL 2?
        a. margin -0.28987590436490784
      no
   (1) can we show that 5 NL 1?
        a. margin 0.05433376455368766
      yes, 71, ags used 41 = 71
   (1) can we show that 5 NL 2?
        a. margin 0.05922092856116179
      yes, 66, ags used 41 = 66
      Best assertion(s) require sample: 66

RULE OUT PAIR STAGE ASN 126
------------------------------------------------
Alternate outcome cannot be ruled out: 11,5
Alternate outcome cannot be ruled out: 5,2
Full audit not possible
PARTIAL audit sample size: 362
------------------------------------------------
Final set of assertions generated:
(0, 'AG', 3, 362)
(4, 'AG', 9, 41)
(0, 'AG', 2, 41)
(4, 'AG', 10, 35)
(4, 'AG', 3, 28)
(4, 'AG', 6, 25)
(0, 'AG', 9, 60)
5 NL 11 = 28 [rules out (11, 2), G = {2, 3, 5, 6, 7}, O = set()]
(4, 'AG', 2, 20)
5 NL 9 = 44 [rules out (9, 2), G = {2, 3, 5, 6, 7, 9, 10}, O = set()]
(0, 'AG', 5, 59)
5 NL 2 = 66 [rules out (2, 1), G = {2, 3, 5, 6, 7, 9, 10}, O = set()]
(4, 'AG', 5, 20)
(4, 'AG', 7, 22)
(0, 'AG', 7, 32)
1 NL 9 = 126 [rules out (9, 5), G = {2, 5, 6, 7, 9}, O = set()]
5 NL 11 = 28 [rules out (9, 11), G = {2, 3, 5, 6, 7}, O = set()]

5 NL 9 = 41 [rules out (9, 1), G = {2, 3, 5, 6, 7, 9, 10}, O = set()]
5 NL 11 = 28 [rules out (11, 1), G = {2, 3, 5, 6, 7}, O = set()]
(0, 'AG', 6, 83)
[5] are verified winners with these assertions.
[1, 2, 11] remain as potential winners in this audit.
------------------------------------------------
