VALID BALLOTS 2828
248 ballot checks required to assert that first winner has a quota's worth of votes
AUD TV 0.07582644628099174, ss 123
AG*(5,2) = 23
AG*(5,4) = 34
AG*(5,6) = 25
AG*(1,2) = 22
AG*(1,4) = 25
AG*(1,6) = 19
AG*(3,2) = 33
AG*(3,4) = 63
AG*(3,6) = 37
AG*(5,2) = 23
AG*(5,4) = 34
AG*(5,6) = 25
NL(5,6) = 23, AG*'s used 23
NL(5,2) = 23, AG*'s used 0
NL(5,4) = 30, AG*'s used 25
NL(5,3) = 204, AG*'s used 34
Max in loop 248, 0.07582644628099174
AUD TV 0.12582644628099174, ss 58
AG*(5,2) = 24
AG*(5,4) = 39
AG*(5,6) = 25
AG*(1,2) = 22
AG*(1,4) = 25
AG*(1,6) = 19
AG*(3,2) = 33
AG*(3,4) = 79
AG*(3,6) = 38
AG*(5,2) = 24
AG*(5,4) = 39
AG*(5,6) = 25
NL(5,6) = 24, AG*'s used 24
NL(5,2) = 24, AG*'s used 0
NL(5,4) = 33, AG*'s used 25
NL(5,3) = 251, AG*'s used 39
Max in loop 251, 0.12582644628099174
Breaking out of inner loop 251 > 248
Sample size to show min tv of 0.012913223140495868 is 479
Sample size required for audit is 248 ballots
------------------------------------------------
Assertion set BEFORE filtering:
(4, 'AG*', 1, 23)
(0, 'QT', None, 248)
(4, 'AG*', 5, 25)
(4, 'NL', 5, 23)
(4, 'NL', 3, 30)
(4, 'NL', 1, 23)
(4, 'NL', 2, 204)
(0, 'MT', None, (0.07582644628099174, 123))
(4, 'AG*', 3, 34)
------------------------------------------------
Final set of assertions AFTER filtering:
(4, 'AG*', 1, 23)
(0, 'QT', None, 248)
(4, 'AG*', 5, 25)
(4, 'NL', 5, 23)
(4, 'NL', 3, 30)
(4, 'NL', 1, 23)
(4, 'NL', 2, 204)
(0, 'MT', None, (0.07582644628099174, 123))
(4, 'AG*', 3, 34)
------------------------------------------------
Explanations for AG* inclusion:
   Explanation for (4, 'AG*', 1, 23): []
   Explanation for (4, 'AG*', 5, 25): []
   Explanation for (4, 'AG*', 3, 34): []
------------------------------------------------
