VALID BALLOTS 5729
Winner 4
Winner 1
Computing AG relationships
4 AG 6 = 23
4 AG 5 = 20
4 AG 7 = 26
4 AG 3 = 65
1 AG 6 = 20
1 AG 5 = 19
1 AG 7 = 73
1 AG 3 = 26
Ruling out candidates: [(6, 23), (5, 20), (7, 73), (3, 65)]
STAGE 1 ASN (Ruling out candidates): 73
RULE OUT PAIR STAGE ASN 0
------------------------------------------------
FULL audit sample size: 73
------------------------------------------------
Final set of assertions generated:
(3, 'AG', 6, 26)
(3, 'AG', 2, 65)
(0, 'AG', 2, 26)
(3, 'AG', 4, 20)
(0, 'AG', 4, 19)
(0, 'AG', 5, 20)
(3, 'AG', 5, 23)
(0, 'AG', 6, 73)
All winners are verified in audit.
------------------------------------------------
