VALID BALLOTS 8629
Winner 2
Winner 1
Computing AG relationships
2 AG 8 = 54
2 AG 4 = 39
2 AG 3 = 60
2 AG 5 = 65
2 AG 7 = 45
1 AG 8 = 24
1 AG 3 = 146
1 AG 5 = 28
Ruling out candidates: [(8, 54), (3, 146), (5, 65)]
STAGE 1 ASN (Ruling out candidates): 146
ALTERNATE OUTCOME PAIR: 4,7
   (1) can we show that 2 NL 7?
        a. margin 0.10823965697068005
      yes, 42, ags used 0 = 42
   (1) can we show that 2 NL 4?
        a. margin 0.13500985050411374
      yes, 33, ags used 0 = 33
   (1) can we show that 1 NL 7?
        a. margin 0.18461003592536773
      yes, 24, ags used 45 = 45
   (1) can we show that 1 NL 4?
        a. margin 0.2101054583381612
      yes, 21, ags used 39 = 39
   (1) can we show that 1 NL 7?
        a. margin 0.18461003592536773
      yes, 24, ags used 45 = 45
   (1) can we show that 1 NL 4?
        a. margin 0.2101054583381612
      yes, 21, ags used 39 = 39
      Best assertion(s) require sample: 33

ALTERNATE OUTCOME PAIR: 4,2
   (1) can we show that 7 NL 2?
        a. margin -0.3110441534360875
      no
   (1) can we show that 7 NL 4?
        a. margin -0.17808166261057812
      no
   (1) can we show that 1 NL 2?
        a. margin -0.10101595395372176
      no
   (1) can we show that 1 NL 4?
        a. margin 0.0030130953760563184
      yes, 5661, ags used 146 = 5661
   (1) can we show that 1 NL 2?
        a. margin -0.10101595395372176
      no
   (1) can we show that 1 NL 4?
        a. margin 0.0030130953760563184
      yes, 5661, ags used 146 = 5661
      Best assertion(s) require sample: 5661

ALTERNATE OUTCOME PAIR: 4,1
   (1) can we show that 7 NL 1?
        a. margin -0.3967628539421332
      no
   (1) can we show that 7 NL 4?
        a. margin 0.012940858345887651
      yes, 455, ags used 39 = 455
   (1) can we show that 2 NL 1?
        a. margin -0.12902228917989755
      no
   (1) can we show that 2 NL 4?
        a. margin 0.12160543902344823
      yes, 37, ags used 0 = 37
      Best assertion(s) require sample: 37

ALTERNATE OUTCOME PAIR: 4,1
   (1) can we show that 7 NL 1?
        a. margin -0.3967628539421332
      no
   (1) can we show that 7 NL 4?
        a. margin 0.012940858345887651
      yes, 455, ags used 39 = 455
   (1) can we show that 2 NL 1?
        a. margin -0.12902228917989755
      no
   (1) can we show that 2 NL 4?
        a. margin 0.12160543902344823
      yes, 37, ags used 0 = 37
      Best assertion(s) require sample: 37

ALTERNATE OUTCOME PAIR: 7,2
   (1) can we show that 4 NL 2?
        a. margin -0.3535365241240782
      no
   (1) can we show that 4 NL 7?
        a. margin -0.1315718314211769
      no
   (1) can we show that 1 NL 2?
        a. margin -0.09035423185382685
      no
   (1) can we show that 1 NL 7?
        a. margin 0.0058330436126228236
      yes, 1433, ags used 146 = 1433
   (1) can we show that 1 NL 2?
        a. margin -0.09035423185382685
      no
   (1) can we show that 1 NL 7?
        a. margin 0.0058330436126228236
      yes, 1433, ags used 146 = 1433
      Best assertion(s) require sample: 1433

ALTERNATE OUTCOME PAIR: 7,1
   (1) can we show that 4 NL 1?
        a. margin -0.4263916251400317
      no
   (1) can we show that 4 NL 7?
        a. margin -0.083169158264767
      no
   (1) can we show that 2 NL 1?
        a. margin -0.13504847993201252
      no
   (1) can we show that 2 NL 7?
        a. margin 0.10507204388302993
      yes, 35, ags used 39 = 39
      Best assertion(s) require sample: 39

ALTERNATE OUTCOME PAIR: 7,1
   (1) can we show that 4 NL 1?
        a. margin -0.4263916251400317
      no
   (1) can we show that 4 NL 7?
        a. margin -0.083169158264767
      no
   (1) can we show that 2 NL 1?
        a. margin -0.13504847993201252
      no
   (1) can we show that 2 NL 7?
        a. margin 0.10507204388302993
      yes, 35, ags used 39 = 39
      Best assertion(s) require sample: 39

RULE OUT PAIR STAGE ASN 5661
------------------------------------------------
EXAMINING WAYS TO REDUCE COST OF AUDIT
------------------------------------------------
FULL audit sample size: 5661
------------------------------------------------
Final set of assertions generated:
2 NL 4 = 37 [rules out (4, 1), G = set(), O = set()]
(1, 'AG', 7, 54)
1 NL 7 = 1433 [rules out (7, 2), G = {2, 4, 7}, O = set()]
(0, 'AG', 7, 24)
2 NL 4 = 33 [rules out (4, 7), G = set(), O = set()]
(1, 'AG', 2, 60)
(1, 'AG', 4, 65)
(0, 'AG', 4, 28)
2 NL 7 = 39 [rules out (7, 1), G = {3}, O = set()]
(0, 'AG', 2, 146)
(1, 'AG', 3, 39)
1 NL 4 = 5661 [rules out (4, 2), G = {2, 4, 7}, O = set()]
All winners are verified in audit.
------------------------------------------------
