VALID BALLOTS 6642
Winner 2
Winner 3
Computing AG relationships
7 AG 1 = 117
2 AG 1 = 22
2 AG 7 = 41
6 AG 1 = 75
4 AG 5 = 42
4 AG 1 = 102
4 AG 8 = 129
3 AG 5 = 4731
3 AG 1 = 33
Ruling out candidates: [(5, 4731), (1, 33)]
STAGE 1 ASN (Ruling out candidates): 4731
ALTERNATE OUTCOME PAIR: 8,7
   (1) can we show that 2 NL 7?
        a. margin 0.11055906855364839
      yes, 39, ags used 22 = 39
   (1) can we show that 2 NL 8?
        a. margin 0.13750878249523213
      yes, 33, ags used 129 = 129
   (1) can we show that 6 NL 7?
        a. margin 0.04326006223025192
      yes, 105, ags used 75 = 105
   (1) can we show that 6 NL 8?
        a. margin 0.04014854963364445
      yes, 114, ags used 129 = 129
   (1) can we show that 4 NL 7?
        a. margin 0.04095152062631735
      yes, 98, ags used 42 = 98
   (1) can we show that 4 NL 8?
        a. margin 0.036334437418447996
      yes, 108, ags used 102 = 108
   (1) can we show that 3 NL 7?
        a. margin 0.12165010538994281
      yes, 37, ags used 41 = 41
   (1) can we show that 3 NL 8?
        a. margin 0.14895111914082104
      yes, 30, ags used 129 = 129
      Best assertion(s) require sample: 39

ALTERNATE OUTCOME PAIR: 8,2
   (1) can we show that 7 NL 2?
        a. margin -0.24104185486299323
      no
   (1) can we show that 7 NL 8?
        a. margin -0.02915788417143439
      no
   (1) can we show that 6 NL 2?
        a. margin -0.22959951821740454
      no
   (1) can we show that 6 NL 8?
        a. margin 0.04049984944293894
      yes, 113, ags used 129 = 129
   (1) can we show that 4 NL 2?
        a. margin -0.2478169226136706
      no
   (1) can we show that 4 NL 8?
        a. margin 0.03748870822041517
      yes, 106, ags used 102 = 106
   (1) can we show that 3 NL 2?
        a. margin -0.14252735119943793
      no
   (1) can we show that 3 NL 8?
        a. margin 0.14955334738532544
      yes, 30, ags used 129 = 129
      Best assertion(s) require sample: 106

ALTERNATE OUTCOME PAIR: 8,6
   (1) can we show that 7 NL 6?
        a. margin -0.1810699588477368
      no
   (1) can we show that 7 NL 8?
        a. margin -0.026698785506373945
      no
   (1) can we show that 2 NL 6?
        a. margin 0.07492723075378871
      yes, 61, ags used 41 = 61
   (1) can we show that 2 NL 8?
        a. margin 0.01676201947204592
      yes, 20, ags used 129 = 129
   (1) can we show that 4 NL 6?
        a. margin -0.17334136304325998
      no
   (1) can we show that 4 NL 8?
        a. margin 0.03849242196125635
      yes, 103, ags used 102 = 103
   (1) can we show that 3 NL 6?
        a. margin -0.049884572919803416
      no
   (1) can we show that 3 NL 8?
        a. margin 0.0008531566797145285
      yes, 30, ags used 129 = 129
      Best assertion(s) require sample: 61

ALTERNATE OUTCOME PAIR: 8,4
   (1) can we show that 7 NL 4?
        a. margin -0.2599116731908061
      no
   (1) can we show that 7 NL 8?
        a. margin -0.18734316972799403
      no
   (1) can we show that 2 NL 4?
        a. margin -0.012044564890093645
      no
   (1) can we show that 2 NL 8?
        a. margin 0.05936966777075092
      yes, 77, ags used 41 = 77
   (1) can we show that 6 NL 4?
        a. margin -0.16962762220214822
      no
   (1) can we show that 6 NL 8?
        a. margin -0.10112415938974251
      no
   (1) can we show that 3 NL 4?
        a. margin -0.013449764127271169
      no
   (1) can we show that 3 NL 8?
        a. margin 0.03914483589280282
      yes, 109, ags used 33 = 109
      Best assertion(s) require sample: 77

ALTERNATE OUTCOME PAIR: 8,3
   (1) can we show that 7 NL 3?
        a. margin -0.2910769848439223
      no
   (1) can we show that 7 NL 8?
        a. margin -0.017364247716551318
      no
   (1) can we show that 2 NL 3?
        a. margin -0.03307236776071487
      no
   (1) can we show that 2 NL 8?
        a. margin 0.03864297902238256
      yes, 118, ags used 41 = 118
   (1) can we show that 6 NL 3?
        a. margin -0.2372779283348393
      no
   (1) can we show that 6 NL 8?
        a. margin 0.05128977215698072
      yes, 89, ags used 129 = 129
   (1) can we show that 4 NL 3?
        a. margin -0.24204556860383408
      no
   (1) can we show that 4 NL 8?
        a. margin 0.04827863093445672
      yes, 85, ags used 42 = 85
      Best assertion(s) require sample: 85

ALTERNATE OUTCOME PAIR: 7,2
   (1) can we show that 8 NL 2?
        a. margin -0.3267088226437824
      no
   (1) can we show that 8 NL 7?
        a. margin -0.2536384623105491
      no
   (1) can we show that 6 NL 2?
        a. margin -0.20295091839807333
      no
   (1) can we show that 6 NL 7?
        a. margin -0.12772257352203176
      no
   (1) can we show that 4 NL 2?
        a. margin -0.15517414433403642
      no
   (1) can we show that 4 NL 7?
        a. margin -0.08280638361939185
      no
   (1) can we show that 3 NL 2?
        a. margin -0.1157783800060227
      no
   (1) can we show that 3 NL 7?
        a. margin -0.04190504868011635
      no

ALTERNATE OUTCOME PAIR: 7,6
   (1) can we show that 8 NL 6?
        a. margin -0.27612165010539036
      no
   (1) can we show that 8 NL 7?
        a. margin -0.05108902940881266
      no
   (1) can we show that 2 NL 6?
        a. margin -0.006724882063635751
      no
   (1) can we show that 2 NL 7?
        a. margin 0.11668172237277896
      yes, 37, ags used 22 = 37
   (1) can we show that 4 NL 6?
        a. margin -0.09590484793736886
      no
   (1) can we show that 4 NL 7?
        a. margin 0.04707417444544815
      yes, 87, ags used 42 = 87
   (1) can we show that 3 NL 6?
        a. margin -0.041403191809696094
      no
   (1) can we show that 3 NL 7?
        a. margin 0.12681923115527427
      yes, 36, ags used 41 = 41
      Best assertion(s) require sample: 37

ALTERNATE OUTCOME PAIR: 7,4
   (1) can we show that 8 NL 4?
        a. margin -0.24079092642778288
      no
   (1) can we show that 8 NL 7?
        a. margin -0.05681019773160689
      no
   (1) can we show that 2 NL 4?
        a. margin -0.11407206664659253
      no
   (1) can we show that 2 NL 7?
        a. margin 0.11096055404998473
      yes, 39, ags used 22 = 39
   (1) can we show that 6 NL 4?
        a. margin -0.19155876743952638
      no
   (1) can we show that 6 NL 7?
        a. margin 0.04356117635250434
      yes, 104, ags used 75 = 104
   (1) can we show that 3 NL 4?
        a. margin -0.03357422463113502
      no
   (1) can we show that 3 NL 7?
        a. margin 0.12185084813811087
      yes, 37, ags used 41 = 41
      Best assertion(s) require sample: 39

ALTERNATE OUTCOME PAIR: 7,3
   (1) can we show that 8 NL 3?
        a. margin -0.3484392251329924
      no
   (1) can we show that 8 NL 7?
        a. margin -0.052042557462612105
      no
   (1) can we show that 2 NL 3?
        a. margin -0.12114824851952233
      no
   (1) can we show that 2 NL 7?
        a. margin 0.11698283649503072
      yes, 37, ags used 22 = 37
   (1) can we show that 6 NL 3?
        a. margin -0.23873331325905855
      no
   (1) can we show that 6 NL 7?
        a. margin 0.047576031315868406
      yes, 95, ags used 75 = 95
   (1) can we show that 4 NL 3?
        a. margin -0.16827260865201288
      no
   (1) can we show that 4 NL 7?
        a. margin 0.04612064639164881
      yes, 88, ags used 42 = 88
      Best assertion(s) require sample: 37

ALTERNATE OUTCOME PAIR: 2,6
   (1) can we show that 8 NL 6?
        a. margin -0.2579544313961655
      no
   (1) can we show that 8 NL 2?
        a. margin -0.34271805681019785
      no
   (1) can we show that 7 NL 6?
        a. margin -0.1803673592291477
      no
   (1) can we show that 7 NL 2?
        a. margin -0.23311251631034857
      no
   (1) can we show that 4 NL 6?
        a. margin -0.07808892903743825
      no
   (1) can we show that 4 NL 2?
        a. margin -0.17138412124862012
      no
   (1) can we show that 3 NL 6?
        a. margin -0.027551942186088474
      no
   (1) can we show that 3 NL 2?
        a. margin -0.1326407708521531
      no

ALTERNATE OUTCOME PAIR: 2,4
   (1) can we show that 8 NL 4?
        a. margin -0.23637458596808192
      no
   (1) can we show that 8 NL 2?
        a. margin -0.35395965070761815
      no
   (1) can we show that 7 NL 4?
        a. margin -0.28154170430593184
      no
   (1) can we show that 7 NL 2?
        a. margin -0.23948609856468928
      no
   (1) can we show that 6 NL 4?
        a. margin -0.19000301114122264
      no
   (1) can we show that 6 NL 2?
        a. margin -0.22894710428585774
      no
   (1) can we show that 3 NL 4?
        a. margin -0.03186791127170552
      no
   (1) can we show that 3 NL 2?
        a. margin -0.14167419451972307
      no

ALTERNATE OUTCOME PAIR: 6,4
   (1) can we show that 8 NL 4?
        a. margin -0.2360734718458296
      no
   (1) can we show that 8 NL 6?
        a. margin -0.28656027301013764
      no
   (1) can we show that 7 NL 4?
        a. margin -0.27476663655525413
      no
   (1) can we show that 7 NL 6?
        a. margin -0.17570009033423706
      no
   (1) can we show that 2 NL 4?
        a. margin -0.02659841413229025
      no
   (1) can we show that 2 NL 6?
        a. margin 0.0006022282445039551
      yes, 57, ags used 41 = 57
   (1) can we show that 3 NL 4?
        a. margin -0.028254541804677347
      no
   (1) can we show that 3 NL 6?
        a. margin -0.04566897520827107
      no
      Best assertion(s) require sample: 57

ALTERNATE OUTCOME PAIR: 6,3
   (1) can we show that 8 NL 3?
        a. margin -0.3406102579544311
      no
   (1) can we show that 8 NL 6?
        a. margin -0.26944695372879657
      no
   (1) can we show that 7 NL 3?
        a. margin -0.28374987453578215
      no
   (1) can we show that 7 NL 6?
        a. margin -0.163203854260765
      no
   (1) can we show that 2 NL 3?
        a. margin -0.025544514704406995
      no
   (1) can we show that 2 NL 6?
        a. margin 0.00797952423968562
      yes, 49, ags used 41 = 49
   (1) can we show that 4 NL 3?
        a. margin -0.16049382716049387
      no
   (1) can we show that 4 NL 6?
        a. margin -0.09073572217203685
      no
      Best assertion(s) require sample: 49

ALTERNATE OUTCOME PAIR: 4,3
   (1) can we show that 8 NL 3?
        a. margin -0.3542105791428285
      no
   (1) can we show that 8 NL 4?
        a. margin -0.21720365351801685
      no
   (1) can we show that 7 NL 3?
        a. margin -0.28329820335240385
      no
   (1) can we show that 7 NL 4?
        a. margin -0.24872026498042732
      no
   (1) can we show that 2 NL 3?
        a. margin -0.025444143330322633
      no
   (1) can we show that 2 NL 4?
        a. margin -0.0007025996185890948
      no
   (1) can we show that 6 NL 3?
        a. margin -0.23090434608049815
      no
   (1) can we show that 6 NL 4?
        a. margin -0.16134698384020885
      no

RULE OUT PAIR STAGE ASN 106
------------------------------------------------
EXAMINING WAYS TO REDUCE COST OF AUDIT
ALTERNATE OUTCOME PAIR: 5,8
   (1) can we show that 7 NL 8?
        a. margin -0.02830472749171964
      no
   (1) can we show that 7 NL 5?
        a. margin 0.0467730603231955
      yes, 97, ags used 42 = 97
   (1) can we show that 2 NL 8?
        a. margin 0.013801063936565106
      yes, 20, ags used 129 = 129
   (1) can we show that 2 NL 5?
        a. margin 0.04185486299307417
      yes, 15, ags used 42 = 42
   (1) can we show that 6 NL 8?
        a. margin 0.0410017063133592
      yes, 111, ags used 129 = 129
   (1) can we show that 6 NL 5?
        a. margin 0.11271705309645652
      yes, 40, ags used 42 = 42
   (1) can we show that 4 NL 8?
        a. margin 0.03658536585365835
      yes, 124, ags used 102 = 124
   (1) can we show that 4 NL 5?
        a. margin 0.11276723878349881
      yes, 40, ags used 0 = 40
   (1) can we show that 3 NL 8?
        a. margin 0.14975409013349394
      yes, 30, ags used 129 = 129
   (1) can we show that 3 NL 5?
        a. margin 0.021981330924420117
      yes, 22, ags used 42 = 42
      Best assertion(s) require sample: 40

ALTERNATE OUTCOME PAIR: 5,7
   (1) can we show that 8 NL 7?
        a. margin -0.057261868914985525
      no
   (1) can we show that 8 NL 5?
        a. margin 0.042858576733915354
      yes, 106, ags used 42 = 106
   (1) can we show that 2 NL 7?
        a. margin 0.10990665462210147
      yes, 39, ags used 22 = 39
   (1) can we show that 2 NL 5?
        a. margin 0.20892301515607703
      yes, 21, ags used 42 = 42
   (1) can we show that 6 NL 7?
        a. margin 0.04326006223025192
      yes, 105, ags used 75 = 105
   (1) can we show that 6 NL 5?
        a. margin 0.10714644183478872
      yes, 42, ags used 42 = 42
   (1) can we show that 4 NL 7?
        a. margin 0.04090133493927528
      yes, 111, ags used 102 = 111
   (1) can we show that 4 NL 5?
        a. margin 0.10809996988858761
      yes, 42, ags used 0 = 42
   (1) can we show that 3 NL 7?
        a. margin 0.12154973401585867
      yes, 37, ags used 41 = 41
   (1) can we show that 3 NL 5?
        a. margin 0.003211883970691609
      yes, 22, ags used 42 = 42
      Best assertion(s) require sample: 39

ALTERNATE OUTCOME PAIR: 5,2
   (1) can we show that 8 NL 2?
        a. margin -0.35476262170029116
      no
   (1) can we show that 8 NL 5?
        a. margin 0.042758205359831436
      yes, 107, ags used 42 = 107
   (1) can we show that 7 NL 2?
        a. margin -0.24149352604637175
      no
   (1) can we show that 7 NL 5?
        a. margin 0.04105189200040149
      yes, 111, ags used 42 = 111
   (1) can we show that 6 NL 2?
        a. margin -0.22990063233965674
      no
   (1) can we show that 6 NL 5?
        a. margin 0.10729699889591515
      yes, 42, ags used 42 = 42
   (1) can we show that 4 NL 2?
        a. margin -0.20651410217805888
      no
   (1) can we show that 4 NL 5?
        a. margin 0.1084512696978821
      yes, 42, ags used 0 = 42
   (1) can we show that 3 NL 2?
        a. margin -0.14343069356619498
      no
   (1) can we show that 3 NL 5?
        a. margin 0.004366154772658781
      yes, 22, ags used 42 = 42
      Best assertion(s) require sample: 42

ALTERNATE OUTCOME PAIR: 5,6
   (1) can we show that 8 NL 6?
        a. margin -0.28906955736224027
      no
   (1) can we show that 8 NL 5?
        a. margin 0.043059319482083414
      yes, 106, ags used 42 = 106
   (1) can we show that 7 NL 6?
        a. margin -0.18367961457392368
      no
   (1) can we show that 7 NL 5?
        a. margin 0.04220616280236866
      yes, 108, ags used 42 = 108
   (1) can we show that 2 NL 6?
        a. margin 0.07246813208872815
      yes, 63, ags used 41 = 63
   (1) can we show that 2 NL 5?
        a. margin 0.02509284352102714
      yes, 15, ags used 42 = 42
   (1) can we show that 4 NL 6?
        a. margin -0.13203854260764847
      no
   (1) can we show that 4 NL 5?
        a. margin 0.10860182675900809
      yes, 42, ags used 0 = 42
   (1) can we show that 3 NL 6?
        a. margin -0.05184181471444371
      no
   (1) can we show that 3 NL 5?
        a. margin 0.006172839506172645
      yes, 22, ags used 42 = 42
      Best assertion(s) require sample: 42

ALTERNATE OUTCOME PAIR: 5,4
   (1) can we show that 8 NL 4?
        a. margin -0.24224631135200236
      no
   (1) can we show that 8 NL 5?
        a. margin -0.018769446953729063
      no
   (1) can we show that 7 NL 4?
        a. margin -0.27963464819833395
      no
   (1) can we show that 7 NL 5?
        a. margin -0.08044765632841555
      no
   (1) can we show that 2 NL 4?
        a. margin -0.031616982836495056
      no
   (1) can we show that 2 NL 5?
        a. margin 0.07036033323296143
      yes, 65, ags used 41 = 65
   (1) can we show that 6 NL 4?
        a. margin -0.18899929740038124
      no
   (1) can we show that 6 NL 5?
        a. margin -0.011442336645589246
      no
   (1) can we show that 3 NL 4?
        a. margin -0.032219211080999566
      no
   (1) can we show that 3 NL 5?
        a. margin 0.05003512998092874
      yes, 87, ags used 33 = 87
      Best assertion(s) require sample: 65

ALTERNATE OUTCOME PAIR: 5,3
   (1) can we show that 8 NL 3?
        a. margin -0.3597811904044965
      no
   (1) can we show that 8 NL 5?
        a. margin 0.04501656127672371
      yes, 101, ags used 42 = 101
   (1) can we show that 7 NL 3?
        a. margin -0.3000602228244508
      no
   (1) can we show that 7 NL 5?
        a. margin 0.04622101776573295
      yes, 99, ags used 42 = 99
   (1) can we show that 2 NL 3?
        a. margin -0.04200542005420049
      no
   (1) can we show that 2 NL 5?
        a. margin 0.04697380307136356
      yes, 15, ags used 42 = 42
   (1) can we show that 6 NL 3?
        a. margin -0.24530763826156798
      no
   (1) can we show that 6 NL 5?
        a. margin 0.11186389641674177
      yes, 40, ags used 42 = 42
   (1) can we show that 4 NL 3?
        a. margin -0.20269998996286265
      no
   (1) can we show that 4 NL 5?
        a. margin 0.11256649603532987
      yes, 40, ags used 0 = 40
      Best assertion(s) require sample: 40

4 ruled out by pairs, sample size 65
STAGE 1 ASN NOW 33
NEW RULE OUT PAIR STAGE ASN 106
------------------------------------------------
Alternate outcome cannot be ruled out: 7,2
Alternate outcome cannot be ruled out: 2,6
Alternate outcome cannot be ruled out: 2,4
Alternate outcome cannot be ruled out: 4,3
Full audit not possible
PARTIAL audit sample size: 106
------------------------------------------------
Final set of assertions generated:
2 NL 8 = 77 [rules out (8, 4), G = {0, 6}, O = set()]
2 NL 5 = 65 [rules out (5, 4), G = {0, 6}, O = set()]
2 NL 7 = 39 [rules out (7, 4), G = {0}, O = set()]
4 NL 5 = 40 [rules out (5, 8), G = set(), O = set()]
4 NL 5 = 40 [rules out (5, 3), G = set(), O = set()]
4 NL 8 = 106 [rules out (8, 2), G = {0, 4}, O = set()]
(2, 'AG', 0, 33)
(3, 'AG', 0, 102)
2 NL 7 = 37 [rules out (7, 6), G = {0}, O = set()]
4 NL 8 = 85 [rules out (8, 3), G = {4}, O = set()]
2 NL 7 = 39 [rules out (5, 7), G = {0}, O = set()]

(1, 'AG', 0, 22)
2 NL 6 = 49 [rules out (6, 3), G = {0, 6}, O = set()]
(2, 'AG', 4, 4731)
(1, 'AG', 6, 41)
6 NL 5 = 42 [rules out (5, 2), G = set(), O = {2, 3}]
2 NL 5 = 42 [rules out (5, 6), G = {0, 6}, O = {2, 3}]
(3, 'AG', 4, 42)
2 NL 6 = 57 [rules out (6, 4), G = {0, 6}, O = set()]
2 NL 7 = 37 [rules out (7, 3), G = {0}, O = set()]
2 NL 6 = 61 [rules out (8, 6), G = {0, 6}, O = set()]

2 NL 7 = 39 [rules out (8, 7), G = {0}, O = set()]

[] are verified winners with these assertions.
[2, 3, 4, 6, 7] remain as potential winners in this audit.
------------------------------------------------
