VALID BALLOTS 4108
Winner 1
Winner 2
Computing AG relationships
1 AG 5 = 62
1 AG 3 = 78
1 AG 6 = 87
1 AG 7 = 114
2 AG 5 = 68
2 AG 3 = 83
2 AG 7 = 186
Ruling out candidates: [(5, 68), (3, 83), (7, 186)]
STAGE 1 ASN (Ruling out candidates): 186
ALTERNATE OUTCOME PAIR: 6,1
   (1) can we show that 4 NL 1?
        a. margin -0.26306394027913005
      no
   (1) can we show that 4 NL 6?
        a. margin -0.17745861733203439
      no
   (1) can we show that 2 NL 1?
        a. margin -0.09810126582278467
      no
   (1) can we show that 2 NL 6?
        a. margin -0.025803310613436437
      no

ALTERNATE OUTCOME PAIR: 6,4
   (1) can we show that 1 NL 4?
        a. margin -0.018013631937682573
      no
   (1) can we show that 1 NL 6?
        a. margin 0.06223628691983163
      yes, 72, ags used 62 = 72
   (1) can we show that 2 NL 4?
        a. margin 0.00778967867575453
      yes, 720, ags used 186 = 720
   (1) can we show that 2 NL 6?
        a. margin 0.06174943200259686
      yes, 73, ags used 87 = 87
      Best assertion(s) require sample: 72

ALTERNATE OUTCOME PAIR: 6,2
   (1) can we show that 1 NL 2?
        a. margin -0.1080006491398896
      no
   (1) can we show that 1 NL 6?
        a. margin 0.061587147030185196
      yes, 73, ags used 62 = 73
   (1) can we show that 4 NL 2?
        a. margin -0.23085037325543645
      no
   (1) can we show that 4 NL 6?
        a. margin -0.01460564751703941
      no
      Best assertion(s) require sample: 73

ALTERNATE OUTCOME PAIR: 1,4
   (1) can we show that 6 NL 4?
        a. margin -0.16187925998052555
      no
   (1) can we show that 6 NL 1?
        a. margin -0.2356377799415773
      no
   (1) can we show that 2 NL 4?
        a. margin 0.01152223304122102
      yes, 387, ags used 186 = 387
   (1) can we show that 2 NL 1?
        a. margin -0.12601428107757207
      no
      Best assertion(s) require sample: 387

ALTERNATE OUTCOME PAIR: 4,2
   (1) can we show that 6 NL 2?
        a. margin -0.2431028886725084
      no
   (1) can we show that 6 NL 4?
        a. margin -0.14516390782213562
      no
   (1) can we show that 1 NL 2?
        a. margin 0.011927945472249402
      yes, 250, ags used 114 = 250
   (1) can we show that 1 NL 4?
        a. margin 0.09875040571243132
      yes, 46, ags used 87 = 87
      Best assertion(s) require sample: 87

RULE OUT PAIR STAGE ASN 387
------------------------------------------------
EXAMINING WAYS TO REDUCE COST OF AUDIT
------------------------------------------------
Alternate outcome cannot be ruled out: 6,1
Full audit not possible
PARTIAL audit sample size: 387
------------------------------------------------
Final set of assertions generated:
1 NL 6 = 72 [rules out (6, 4), G = {4}, O = set()]
(1, 'AG', 4, 68)
1 NL 6 = 73 [rules out (6, 2), G = {4}, O = set()]
(0, 'AG', 6, 114)
(0, 'AG', 4, 62)
(1, 'AG', 6, 186)
1 NL 4 = 87 [rules out (4, 2), G = {2, 4, 5}, O = set()]
(1, 'AG', 2, 83)
2 NL 4 = 387 [rules out (1, 4), G = {2, 4, 6}, O = set()]

(0, 'AG', 5, 87)
(0, 'AG', 2, 78)
[1] are verified winners with these assertions.
[2, 6] remain as potential winners in this audit.
------------------------------------------------
