VALID BALLOTS 4997
Winner 2
Winner 10
Computing AG relationships
2 AG 6 = 16
2 AG 3 = 23
2 AG 1 = 16
2 AG 9 = 31
2 AG 8 = 61
2 AG 4 = 22
2 AG 5 = 29
2 AG 7 = 74
8 AG 6 = 331
4 AG 6 = 263
5 AG 6 = 166
7 AG 6 = 41
7 AG 3 = 160
7 AG 1 = 104
10 AG 6 = 37
10 AG 3 = 118
10 AG 1 = 89
Ruling out candidates: [(6, 37), (3, 118), (1, 89)]
STAGE 1 ASN (Ruling out candidates): 118
ALTERNATE OUTCOME PAIR: 2,9
   (1) can we show that 8 NL 9?
        a. margin -0.11773730905209656
      no
   (1) can we show that 8 NL 2?
        a. margin -0.4316589953972383
      no
   (1) can we show that 4 NL 9?
        a. margin -0.12280701754385948
      no
   (1) can we show that 4 NL 2?
        a. margin -0.37449136148355666
      no
   (1) can we show that 5 NL 9?
        a. margin -0.11993862984457282
      no
   (1) can we show that 5 NL 2?
        a. margin -0.3792275365219131
      no
   (1) can we show that 7 NL 9?
        a. margin -0.005803482089253187
      no
   (1) can we show that 7 NL 2?
        a. margin -0.3123874324594754
      no
   (1) can we show that 10 NL 9?
        a. margin -0.004335934894269644
      no
   (1) can we show that 10 NL 2?
        a. margin -0.29270895870855806
      no

ALTERNATE OUTCOME PAIR: 2,8
   (1) can we show that 9 NL 8?
        a. margin -0.2540190781135334
      no
   (1) can we show that 9 NL 2?
        a. margin -0.4524714828897337
      no
   (1) can we show that 4 NL 8?
        a. margin -0.19518377693282585
      no
   (1) can we show that 4 NL 2?
        a. margin -0.37515842839036717
      no
   (1) can we show that 5 NL 8?
        a. margin -0.18050830498298875
      no
   (1) can we show that 5 NL 2?
        a. margin -0.38036155026349117
      no
   (1) can we show that 7 NL 8?
        a. margin -0.049096124341270087
      no
   (1) can we show that 7 NL 2?
        a. margin -0.31318791274764823
      no
   (1) can we show that 10 NL 8?
        a. margin -0.033620172103261625
      no
   (1) can we show that 10 NL 2?
        a. margin -0.2945100393569474
      no

ALTERNATE OUTCOME PAIR: 2,4
   (1) can we show that 9 NL 4?
        a. margin -0.29864585417917167
      no
   (1) can we show that 9 NL 2?
        a. margin -0.43572810352878355
      no
   (1) can we show that 8 NL 4?
        a. margin -0.27683276632646014
      no
   (1) can we show that 8 NL 2?
        a. margin -0.41618304315922827
      no
   (1) can we show that 5 NL 4?
        a. margin -0.22286705356546976
      no
   (1) can we show that 5 NL 2?
        a. margin -0.363684877593222
      no
   (1) can we show that 7 NL 4?
        a. margin -0.16009605763457857
      no
   (1) can we show that 7 NL 2?
        a. margin -0.2968447735307843
      no
   (1) can we show that 10 NL 4?
        a. margin -0.14088453071842866
      no
   (1) can we show that 10 NL 2?
        a. margin -0.2768994730171427
      no

ALTERNATE OUTCOME PAIR: 2,5
   (1) can we show that 9 NL 5?
        a. margin -0.2474151157361063
      no
   (1) can we show that 9 NL 2?
        a. margin -0.4394636782069238
      no
   (1) can we show that 8 NL 5?
        a. margin -0.21452871723033629
      no
   (1) can we show that 8 NL 2?
        a. margin -0.42058568474417946
      no
   (1) can we show that 4 NL 5?
        a. margin -0.12494163164565397
      no
   (1) can we show that 4 NL 2?
        a. margin -0.36515242478820553
      no
   (1) can we show that 7 NL 5?
        a. margin -0.11086651991194496
      no
   (1) can we show that 7 NL 2?
        a. margin -0.29924621439530275
      no
   (1) can we show that 10 NL 5?
        a. margin -0.07778000133413276
      no
   (1) can we show that 10 NL 2?
        a. margin -0.2819024748182234
      no

ALTERNATE OUTCOME PAIR: 2,7
   (1) can we show that 9 NL 7?
        a. margin -0.2219998665866182
      no
   (1) can we show that 9 NL 2?
        a. margin -0.4517377092922419
      no
   (1) can we show that 8 NL 7?
        a. margin -0.18437729304249195
      no
   (1) can we show that 8 NL 2?
        a. margin -0.4323260623040489
      no
   (1) can we show that 4 NL 7?
        a. margin -0.20365552664932285
      no
   (1) can we show that 4 NL 2?
        a. margin -0.3736241745047024
      no
   (1) can we show that 5 NL 7?
        a. margin -0.194983656860783
      no
   (1) can we show that 5 NL 2?
        a. margin -0.3786938829964641
      no
   (1) can we show that 10 NL 7?
        a. margin -0.061703688879994445
      no
   (1) can we show that 10 NL 2?
        a. margin -0.2931759055433256
      no

ALTERNATE OUTCOME PAIR: 9,8
   (1) can we show that 2 NL 8?
        a. margin 0.07691281435527997
      yes, 24, ags used 29 = 29
   (1) can we show that 2 NL 9?
        a. margin 0.15269161496898143
      yes, 20, ags used 22 = 22
   (1) can we show that 4 NL 8?
        a. margin -0.17743979721166026
      no
   (1) can we show that 4 NL 9?
        a. margin -0.10339537055566628
      no
   (1) can we show that 5 NL 8?
        a. margin -0.14341938496431184
      no
   (1) can we show that 5 NL 9?
        a. margin -0.07771329464345211
      no
   (1) can we show that 7 NL 8?
        a. margin 0.04342605563338031
      yes, 101, ags used 104 = 104
   (1) can we show that 7 NL 9?
        a. margin 0.07764658795277213
      yes, 57, ags used 41 = 57
   (1) can we show that 10 NL 8?
        a. margin 0.03001801080648403
      yes, 146, ags used 118 = 146
   (1) can we show that 10 NL 9?
        a. margin 0.05583350010006005
      yes, 81, ags used 37 = 81
      Best assertion(s) require sample: 22

ALTERNATE OUTCOME PAIR: 9,4
   (1) can we show that 2 NL 4?
        a. margin 0.2043225935561337
      yes, 21, ags used 16 = 21
   (1) can we show that 2 NL 9?
        a. margin 0.14688813287972757
      yes, 24, ags used 29 = 29
   (1) can we show that 8 NL 4?
        a. margin -0.04055766793409343
      no
   (1) can we show that 8 NL 9?
        a. margin -0.06090320859182152
      no
   (1) can we show that 5 NL 4?
        a. margin -0.016409845907544574
      no
   (1) can we show that 5 NL 9?
        a. margin -0.08251617637248976
      no
   (1) can we show that 7 NL 4?
        a. margin 0.08264958975385261
      yes, 54, ags used 41 = 54
   (1) can we show that 7 NL 9?
        a. margin 0.07297711960509634
      yes, 61, ags used 41 = 61
   (1) can we show that 10 NL 4?
        a. margin 0.08051497565205823
      yes, 56, ags used 37 = 56
   (1) can we show that 10 NL 9?
        a. margin 0.05216463211260103
      yes, 86, ags used 37 = 86
      Best assertion(s) require sample: 21

ALTERNATE OUTCOME PAIR: 9,5
   (1) can we show that 2 NL 5?
        a. margin 0.15776132346074334
      yes, 20, ags used 22 = 22
   (1) can we show that 2 NL 9?
        a. margin 0.14982322726969532
      yes, 21, ags used 22 = 22
   (1) can we show that 8 NL 5?
        a. margin -0.0620372223333997
      no
   (1) can we show that 8 NL 9?
        a. margin -0.058635181108664614
      no
   (1) can we show that 4 NL 5?
        a. margin -0.0935894870255487
      no
   (1) can we show that 4 NL 9?
        a. margin -0.10633046494563358
      no
   (1) can we show that 7 NL 5?
        a. margin 0.0499633113201261
      yes, 89, ags used 41 = 89
   (1) can we show that 7 NL 9?
        a. margin 0.07571209392302114
      yes, 59, ags used 41 = 59
   (1) can we show that 10 NL 5?
        a. margin 0.059569074778200726
      yes, 76, ags used 37 = 76
   (1) can we show that 10 NL 9?
        a. margin 0.054032419451671254
      yes, 83, ags used 37 = 83
      Best assertion(s) require sample: 22

ALTERNATE OUTCOME PAIR: 9,7
   (1) can we show that 2 NL 7?
        a. margin 0.06350476952838346
      yes, 26, ags used 29 = 29
   (1) can we show that 2 NL 9?
        a. margin 0.16183043159228805
      yes, 20, ags used 22 = 22
   (1) can we show that 8 NL 7?
        a. margin -0.16509905943566117
      no
   (1) can we show that 8 NL 9?
        a. margin -0.05236475218464387
      no
   (1) can we show that 4 NL 7?
        a. margin -0.19445000333533446
      no
   (1) can we show that 4 NL 9?
        a. margin -0.09412314055099702
      no
   (1) can we show that 5 NL 7?
        a. margin -0.17763991728370343
      no
   (1) can we show that 5 NL 9?
        a. margin -0.06837435794810187
      no
   (1) can we show that 10 NL 7?
        a. margin -0.044426655993595965
      no
   (1) can we show that 10 NL 9?
        a. margin 0.06270428924021076
      yes, 72, ags used 37 = 72
      Best assertion(s) require sample: 22

ALTERNATE OUTCOME PAIR: 9,10
   (1) can we show that 2 NL 10?
        a. margin 0.005803482089253631
      yes, 40, ags used 29 = 40
   (1) can we show that 2 NL 9?
        a. margin 0.1586952171302778
      yes, 20, ags used 22 = 22
   (1) can we show that 8 NL 10?
        a. margin -0.29330931892468826
      no
   (1) can we show that 8 NL 9?
        a. margin -0.054165832833032446
      no
   (1) can we show that 4 NL 10?
        a. margin -0.27843372690280843
      no
   (1) can we show that 4 NL 9?
        a. margin -0.09772530184777439
      no
   (1) can we show that 5 NL 10?
        a. margin -0.2847708625175106
      no
   (1) can we show that 5 NL 9?
        a. margin -0.07224334600760351
      no
   (1) can we show that 7 NL 10?
        a. margin -0.17770662397438464
      no
   (1) can we show that 7 NL 9?
        a. margin 0.08204922953772331
      yes, 54, ags used 41 = 54
      Best assertion(s) require sample: 22

ALTERNATE OUTCOME PAIR: 8,4
   (1) can we show that 2 NL 4?
        a. margin 0.20505636715362496
      yes, 21, ags used 16 = 21
   (1) can we show that 2 NL 8?
        a. margin 0.07477820025348536
      yes, 36, ags used 31 = 36
   (1) can we show that 9 NL 4?
        a. margin -0.06090320859182152
      no
   (1) can we show that 9 NL 8?
        a. margin -0.17830698419051372
      no
   (1) can we show that 5 NL 4?
        a. margin -0.016209725835500954
      no
   (1) can we show that 5 NL 8?
        a. margin -0.14495363884997625
      no
   (1) can we show that 7 NL 4?
        a. margin 0.08298312320725798
      yes, 54, ags used 41 = 54
   (1) can we show that 7 NL 8?
        a. margin 0.04162497498499129
      yes, 106, ags used 104 = 106
   (1) can we show that 10 NL 4?
        a. margin 0.08031485558001483
      yes, 56, ags used 37 = 56
   (1) can we show that 10 NL 8?
        a. margin 0.028817290374224536
      yes, 151, ags used 118 = 151
      Best assertion(s) require sample: 21

ALTERNATE OUTCOME PAIR: 8,5
   (1) can we show that 2 NL 5?
        a. margin 0.16089653792275338
      yes, 20, ags used 22 = 22
   (1) can we show that 2 NL 8?
        a. margin 0.07971449536388486
      yes, 29, ags used 31 = 31
   (1) can we show that 9 NL 5?
        a. margin -0.09305583350009972
      no
   (1) can we show that 9 NL 8?
        a. margin -0.17383763591488122
      no
   (1) can we show that 4 NL 5?
        a. margin -0.09038756587285679
      no
   (1) can we show that 4 NL 8?
        a. margin -0.17470482289373568
      no
   (1) can we show that 7 NL 5?
        a. margin 0.05183109865919633
      yes, 85, ags used 41 = 85
   (1) can we show that 7 NL 8?
        a. margin 0.04636115002334784
      yes, 98, ags used 61 = 98
   (1) can we show that 10 NL 5?
        a. margin 0.060102728303649045
      yes, 75, ags used 37 = 75
   (1) can we show that 10 NL 8?
        a. margin 0.032019211526916225
      yes, 137, ags used 118 = 137
      Best assertion(s) require sample: 22

ALTERNATE OUTCOME PAIR: 8,7
   (1) can we show that 2 NL 7?
        a. margin 0.06750717096924852
      yes, 26, ags used 29 = 29
   (1) can we show that 2 NL 8?
        a. margin 0.1029284237208985
      yes, 27, ags used 23 = 27
   (1) can we show that 9 NL 7?
        a. margin -0.1979187512507502
      no
   (1) can we show that 9 NL 8?
        a. margin -0.15249149489693747
      no
   (1) can we show that 4 NL 7?
        a. margin -0.1905810152758316
      no
   (1) can we show that 4 NL 8?
        a. margin -0.1512240677739971
      no
   (1) can we show that 5 NL 7?
        a. margin -0.17423787605896823
      no
   (1) can we show that 5 NL 8?
        a. margin -0.11733706890801088
      no
   (1) can we show that 10 NL 7?
        a. margin -0.042358748582482564
      no
   (1) can we show that 10 NL 8?
        a. margin 0.0471616303115201
      yes, 95, ags used 89 = 95
      Best assertion(s) require sample: 27

ALTERNATE OUTCOME PAIR: 8,10
   (1) can we show that 2 NL 10?
        a. margin 0.012474151157360946
      yes, 34, ags used 31 = 34
   (1) can we show that 2 NL 8?
        a. margin 0.0963911680341536
      yes, 28, ags used 23 = 28
   (1) can we show that 9 NL 10?
        a. margin -0.34600760456273705
      no
   (1) can we show that 9 NL 8?
        a. margin -0.1586285104395957
      no
   (1) can we show that 4 NL 10?
        a. margin -0.2721632979787866
      no
   (1) can we show that 4 NL 8?
        a. margin -0.15829497698619022
      no
   (1) can we show that 5 NL 10?
        a. margin -0.2781669001400834
      no
   (1) can we show that 5 NL 8?
        a. margin -0.12567540524314458
      no
   (1) can we show that 7 NL 10?
        a. margin -0.172370088719898
      no
   (1) can we show that 7 NL 8?
        a. margin 0.06023614168501146
      yes, 75, ags used 61 = 75
      Best assertion(s) require sample: 28

ALTERNATE OUTCOME PAIR: 4,5
   (1) can we show that 2 NL 5?
        a. margin 0.15629377626575947
      yes, 27, ags used 23 = 27
   (1) can we show that 2 NL 4?
        a. margin 0.2087919418317652
      yes, 20, ags used 16 = 20
   (1) can we show that 9 NL 5?
        a. margin -0.09632446134347217
      no
   (1) can we show that 9 NL 4?
        a. margin -0.05696751384163745
      no
   (1) can we show that 8 NL 5?
        a. margin -0.06337135614702083
      no
   (1) can we show that 8 NL 4?
        a. margin -0.03668867987459079
      no
   (1) can we show that 7 NL 5?
        a. margin 0.048629177506505084
      yes, 91, ags used 41 = 91
   (1) can we show that 7 NL 4?
        a. margin 0.08691881795744227
      yes, 51, ags used 41 = 51
   (1) can we show that 10 NL 5?
        a. margin 0.05843506103662244
      yes, 77, ags used 37 = 77
   (1) can we show that 10 NL 4?
        a. margin 0.0842505503301989
      yes, 53, ags used 37 = 53
      Best assertion(s) require sample: 20

ALTERNATE OUTCOME PAIR: 4,7
   (1) can we show that 2 NL 7?
        a. margin 0.06137015542658908
      yes, 40, ags used 31 = 40
   (1) can we show that 2 NL 4?
        a. margin 0.20525648722566836
      yes, 21, ags used 16 = 21
   (1) can we show that 9 NL 7?
        a. margin -0.20278833967046894
      no
   (1) can we show that 9 NL 4?
        a. margin -0.06096991528250273
      no
   (1) can we show that 8 NL 7?
        a. margin -0.1668334333933692
      no
   (1) can we show that 8 NL 4?
        a. margin -0.04075778800613694
      no
   (1) can we show that 5 NL 7?
        a. margin -0.17964111800413574
      no
   (1) can we show that 5 NL 4?
        a. margin -0.016143019144819748
      no
   (1) can we show that 10 NL 7?
        a. margin -0.04616102995130433
      no
   (1) can we show that 10 NL 4?
        a. margin 0.08051497565205823
      yes, 56, ags used 37 = 56
      Best assertion(s) require sample: 21

ALTERNATE OUTCOME PAIR: 4,10
   (1) can we show that 2 NL 10?
        a. margin 0.0028683876992863233
      yes, 65, ags used 74 = 74
   (1) can we show that 2 NL 4?
        a. margin 0.20979254219198107
      yes, 20, ags used 16 = 20
   (1) can we show that 9 NL 10?
        a. margin -0.3505436595290504
      no
   (1) can we show that 9 NL 4?
        a. margin -0.0566339803882322
      no
   (1) can we show that 8 NL 10?
        a. margin -0.2927756653992394
      no
   (1) can we show that 8 NL 4?
        a. margin -0.037422453472082506
      no
   (1) can we show that 5 NL 10?
        a. margin -0.2853045160429588
      no
   (1) can we show that 5 NL 4?
        a. margin -0.012607564538722471
      no
   (1) can we show that 7 NL 10?
        a. margin -0.17523847641918422
      no
   (1) can we show that 7 NL 4?
        a. margin 0.08665199119471767
      yes, 51, ags used 41 = 51
      Best assertion(s) require sample: 20

ALTERNATE OUTCOME PAIR: 5,7
   (1) can we show that 2 NL 7?
        a. margin 0.062037222333400255
      yes, 32, ags used 31 = 32
   (1) can we show that 2 NL 5?
        a. margin 0.16002935094389925
      yes, 20, ags used 22 = 22
   (1) can we show that 9 NL 7?
        a. margin -0.20225468614502018
      no
   (1) can we show that 9 NL 5?
        a. margin -0.09438996731372107
      no
   (1) can we show that 8 NL 7?
        a. margin -0.16643319324928274
      no
   (1) can we show that 8 NL 5?
        a. margin -0.06277099593089153
      no
   (1) can we show that 4 NL 7?
        a. margin -0.1959175505303179
      no
   (1) can we show that 4 NL 5?
        a. margin -0.09118804616103005
      no
   (1) can we show that 10 NL 7?
        a. margin -0.04576078980721754
      no
   (1) can we show that 10 NL 5?
        a. margin 0.059635781468881266
      yes, 75, ags used 37 = 75
      Best assertion(s) require sample: 22

ALTERNATE OUTCOME PAIR: 5,10
   (1) can we show that 2 NL 10?
        a. margin 0.008538456407177986
      yes, 53, ags used 31 = 53
   (1) can we show that 2 NL 5?
        a. margin 0.16690014008405019
      yes, 19, ags used 22 = 22
   (1) can we show that 9 NL 10?
        a. margin -0.34467347074911536
      no
   (1) can we show that 9 NL 5?
        a. margin -0.08771929824561342
      no
   (1) can we show that 8 NL 10?
        a. margin -0.28870655726769334
      no
   (1) can we show that 8 NL 5?
        a. margin -0.057367753985724246
      no
   (1) can we show that 4 NL 10?
        a. margin -0.2749649789873918
      no
   (1) can we show that 4 NL 5?
        a. margin -0.08485091054632721
      no
   (1) can we show that 7 NL 10?
        a. margin -0.16963511440197354
      no
   (1) can we show that 7 NL 5?
        a. margin 0.057567874057768975
      yes, 77, ags used 41 = 77
      Best assertion(s) require sample: 22

ALTERNATE OUTCOME PAIR: 7,10
   (1) can we show that 2 NL 10?
        a. margin 0.027216329797878913
      yes, 30, ags used 31 = 31
   (1) can we show that 2 NL 7?
        a. margin 0.0729104129144158
      yes, 25, ags used 29 = 29
   (1) can we show that 9 NL 10?
        a. margin -0.3332666266426517
      no
   (1) can we show that 9 NL 7?
        a. margin -0.19244880261490183
      no
   (1) can we show that 8 NL 10?
        a. margin -0.279367620572343
      no
   (1) can we show that 8 NL 7?
        a. margin -0.1597625241811751
      no
   (1) can we show that 4 NL 10?
        a. margin -0.2567540524314582
      no
   (1) can we show that 4 NL 7?
        a. margin -0.18517777333066432
      no
   (1) can we show that 5 NL 10?
        a. margin -0.2629577746647982
      no
   (1) can we show that 5 NL 7?
        a. margin -0.16896804749516314
      no
      Best assertion(s) require sample: 29

RULE OUT PAIR STAGE ASN 29
------------------------------------------------
Alternate outcome cannot be ruled out: 2,9
Alternate outcome cannot be ruled out: 2,8
Alternate outcome cannot be ruled out: 2,4
Alternate outcome cannot be ruled out: 2,5
Alternate outcome cannot be ruled out: 2,7
Full audit not possible
PARTIAL audit sample size: 118
------------------------------------------------
Final set of assertions generated:
(1, 'AG', 5, 16)
(1, 'AG', 2, 23)
2 NL 4 = 21 [rules out (9, 4), G = {0}, O = set()]

(1, 'AG', 3, 22)
2 NL 9 = 22 [rules out (9, 8), G = {0, 3}, O = set()]
(9, 'AG', 0, 89)
2 NL 4 = 21 [rules out (8, 4), G = {0}, O = set()]

2 NL 8 = 28 [rules out (8, 10), G = {0, 2, 3, 5}, O = set()]
2 NL 5 = 22 [rules out (8, 5), G = {0, 3}, O = set()]

2 NL 4 = 20 [rules out (4, 10), G = {0}, O = set()]
(1, 'AG', 0, 16)
2 NL 4 = 21 [rules out (4, 7), G = {0}, O = set()]
2 NL 5 = 22 [rules out (5, 10), G = {0, 3}, O = set()]
2 NL 7 = 29 [rules out (7, 10), G = {0, 2, 3, 4, 5}, O = set()]
2 NL 8 = 27 [rules out (8, 7), G = {0, 2, 3, 5}, O = set()]
(9, 'AG', 2, 118)
(1, 'AG', 4, 29)
2 NL 5 = 22 [rules out (5, 7), G = {0, 3}, O = set()]
2 NL 9 = 22 [rules out (9, 10), G = {0, 3}, O = set()]
2 NL 5 = 22 [rules out (9, 5), G = {0, 3}, O = set()]

(9, 'AG', 5, 37)
2 NL 4 = 20 [rules out (4, 5), G = {0}, O = set()]
2 NL 9 = 22 [rules out (9, 7), G = {0, 3}, O = set()]
[2] are verified winners with these assertions.
[4, 5, 7, 8, 9, 10] remain as potential winners in this audit.
------------------------------------------------
