VALID BALLOTS 13416
Winner 9
Winner 8
Computing AG relationships
2 AG 5 = 169
2 AG 4 = 239
2 AG 3 = 222
10 AG 5 = 52
10 AG 4 = 58
10 AG 3 = 66
9 AG 5 = 21
9 AG 4 = 21
9 AG 3 = 22
9 AG 2 = 95
9 AG 10 = 66
9 AG 6 = 232
7 AG 5 = 42
7 AG 4 = 47
7 AG 3 = 52
1 AG 5 = 41
1 AG 4 = 46
1 AG 3 = 53
6 AG 5 = 45
6 AG 4 = 49
6 AG 3 = 48
6 AG 2 = 1005
8 AG 5 = 26
8 AG 4 = 28
8 AG 3 = 30
Ruling out candidates: [(5, 26), (4, 28), (3, 30), (2, 1005)]
STAGE 1 ASN (Ruling out candidates): 1005
ALTERNATE OUTCOME PAIR: 10,9
   (1) can we show that 7 NL 9?
        a. margin -0.36963327370304155
      no
   (1) can we show that 7 NL 10?
        a. margin -0.24172629695885572
      no
   (1) can we show that 1 NL 9?
        a. margin -0.36931027628702096
      no
   (1) can we show that 1 NL 10?
        a. margin -0.2500248459550791
      no
   (1) can we show that 6 NL 9?
        a. margin -0.3265006956867428
      no
   (1) can we show that 6 NL 10?
        a. margin -0.20202246074339147
      no
   (1) can we show that 8 NL 9?
        a. margin -0.31025144106539515
      no
   (1) can we show that 8 NL 10?
        a. margin -0.1968793480421388
      no

ALTERNATE OUTCOME PAIR: 10,7
   (1) can we show that 9 NL 7?
        a. margin 0.05913337308686151
      yes, 77, ags used 232 = 232
   (1) can we show that 9 NL 10?
        a. margin 0.0742645597296765
      yes, 60, ags used 22 = 60
   (1) can we show that 1 NL 7?
        a. margin -0.15362254025044741
      no
   (1) can we show that 1 NL 10?
        a. margin -0.00926754124428597
      no
   (1) can we show that 6 NL 7?
        a. margin -0.177226197575035
      no
   (1) can we show that 6 NL 10?
        a. margin 0.0002733055058630196
      yes, 85, ags used 1005 = 1005
   (1) can we show that 8 NL 7?
        a. margin -0.10969489167163582
      no
   (1) can we show that 8 NL 10?
        a. margin 0.05960544623335351
      yes, 77, ags used 66 = 77
      Best assertion(s) require sample: 60

ALTERNATE OUTCOME PAIR: 10,1
   (1) can we show that 9 NL 1?
        a. margin 0.02390180878552961
      yes, 192, ags used 232 = 232
   (1) can we show that 9 NL 10?
        a. margin 0.07257503478433747
      yes, 61, ags used 22 = 61
   (1) can we show that 7 NL 1?
        a. margin -0.19772411051480787
      no
   (1) can we show that 7 NL 10?
        a. margin -0.007826475849731618
      no
   (1) can we show that 6 NL 1?
        a. margin -0.2024199960246471
      no
   (1) can we show that 6 NL 10?
        a. margin 0.052623732856290406
      yes, 87, ags used 1005 = 1005
   (1) can we show that 8 NL 1?
        a. margin -0.06879844961240267
      no
   (1) can we show that 8 NL 10?
        a. margin 0.057344464321208655
      yes, 80, ags used 66 = 80
      Best assertion(s) require sample: 61

ALTERNATE OUTCOME PAIR: 10,6
   (1) can we show that 9 NL 6?
        a. margin 0.020249453388988314
      yes, 174, ags used 95 = 174
   (1) can we show that 9 NL 10?
        a. margin 0.0735937189425564
      yes, 60, ags used 22 = 60
   (1) can we show that 7 NL 6?
        a. margin -0.0742645597296755
      no
   (1) can we show that 7 NL 10?
        a. margin -0.006136950904393257
      no
   (1) can we show that 1 NL 6?
        a. margin -0.0766746173722912
      no
   (1) can we show that 1 NL 10?
        a. margin -0.008870005963029781
      no
   (1) can we show that 8 NL 6?
        a. margin -0.007876167759888086
      no
   (1) can we show that 8 NL 10?
        a. margin 0.05960544623335284
      yes, 77, ags used 66 = 77
      Best assertion(s) require sample: 60

ALTERNATE OUTCOME PAIR: 10,8
   (1) can we show that 9 NL 8?
        a. margin 0.019851918107732347
      yes, 232, ags used 232 = 232
   (1) can we show that 9 NL 10?
        a. margin 0.07411548399920531
      yes, 60, ags used 22 = 60
   (1) can we show that 7 NL 8?
        a. margin -0.1709401709401709
      no
   (1) can we show that 7 NL 10?
        a. margin -0.007105943152454941
      no
   (1) can we show that 1 NL 8?
        a. margin -0.1254472271914131
      no
   (1) can we show that 1 NL 10?
        a. margin -0.01098191214470301
      no
   (1) can we show that 6 NL 8?
        a. margin -0.17004571655734435
      no
   (1) can we show that 6 NL 10?
        a. margin 0.00034784337109861063
      yes, 85, ags used 1005 = 1005
      Best assertion(s) require sample: 60

ALTERNATE OUTCOME PAIR: 9,7
   (1) can we show that 10 NL 7?
        a. margin -0.18728880938183223
      no
   (1) can we show that 10 NL 9?
        a. margin -0.3987775790101381
      no
   (1) can we show that 1 NL 7?
        a. margin -0.1385658914728678
      no
   (1) can we show that 1 NL 9?
        a. margin -0.38491353607632783
      no
   (1) can we show that 6 NL 7?
        a. margin -0.16125024845955016
      no
   (1) can we show that 6 NL 9?
        a. margin -0.3380540647982524
      no
   (1) can we show that 8 NL 7?
        a. margin -0.0929735639037953
      no
   (1) can we show that 8 NL 9?
        a. margin -0.32399125422381314
      no

ALTERNATE OUTCOME PAIR: 9,1
   (1) can we show that 10 NL 1?
        a. margin -0.21874378851123022
      no
   (1) can we show that 10 NL 9?
        a. margin -0.39830550586364666
      no
   (1) can we show that 7 NL 1?
        a. margin -0.1854253627509438
      no
   (1) can we show that 7 NL 9?
        a. margin -0.38973365136155946
      no
   (1) can we show that 6 NL 1?
        a. margin -0.18776088252832457
      no
   (1) can we show that 6 NL 9?
        a. margin -0.33738322401113274
      no
   (1) can we show that 8 NL 1?
        a. margin -0.05533194195984792
      no
   (1) can we show that 8 NL 9?
        a. margin -0.3320413436692513
      no

ALTERNATE OUTCOME PAIR: 9,6
   (1) can we show that 10 NL 6?
        a. margin -0.12989465315046722
      no
   (1) can we show that 10 NL 9?
        a. margin -0.3968147485589355
      no
   (1) can we show that 7 NL 6?
        a. margin -0.1570015901411248
      no
   (1) can we show that 7 NL 9?
        a. margin -0.37991949910554645
      no
   (1) can we show that 1 NL 6?
        a. margin -0.1724806201550384
      no
   (1) can we show that 1 NL 9?
        a. margin -0.3785281256211499
      no
   (1) can we show that 8 NL 6?
        a. margin -0.10773206122043277
      no
   (1) can we show that 8 NL 9?
        a. margin -0.31922083084873865
      no

ALTERNATE OUTCOME PAIR: 7,1
   (1) can we show that 10 NL 1?
        a. margin -0.2125322997416016
      no
   (1) can we show that 10 NL 7?
        a. margin -0.17300238521168698
      no
   (1) can we show that 9 NL 1?
        a. margin 0.04897137745975
      yes, 93, ags used 66 = 93
   (1) can we show that 9 NL 7?
        a. margin 0.09170642019479258
      yes, 50, ags used 66 = 66
   (1) can we show that 6 NL 1?
        a. margin -0.19133870005962994
      no
   (1) can we show that 6 NL 7?
        a. margin -0.15851719340091375
      no
   (1) can we show that 8 NL 1?
        a. margin -0.060698668256806365
      no
   (1) can we show that 8 NL 7?
        a. margin -0.10417908964420519
      no
      Best assertion(s) require sample: 66

ALTERNATE OUTCOME PAIR: 7,6
   (1) can we show that 10 NL 6?
        a. margin -0.1014708805406479
      no
   (1) can we show that 10 NL 7?
        a. margin -0.19056847545219635
      no
   (1) can we show that 9 NL 6?
        a. margin 0.022609819121446995
      yes, 36, ags used 66 = 66
   (1) can we show that 9 NL 7?
        a. margin 0.07587954680977926
      yes, 60, ags used 66 = 66
   (1) can we show that 1 NL 6?
        a. margin -0.07448817332538249
      no
   (1) can we show that 1 NL 7?
        a. margin -0.15285231564301327
      no
   (1) can we show that 8 NL 6?
        a. margin -0.0056897237129787115
      no
   (1) can we show that 8 NL 7?
        a. margin -0.10964519976147846
      no
      Best assertion(s) require sample: 66

ALTERNATE OUTCOME PAIR: 7,8
   (1) can we show that 10 NL 8?
        a. margin -0.2100477042337503
      no
   (1) can we show that 10 NL 7?
        a. margin -0.1749652156628898
      no
   (1) can we show that 9 NL 8?
        a. margin 0.041095209699861135
      yes, 100, ags used 95 = 100
   (1) can we show that 9 NL 7?
        a. margin 0.0899920492943751
      yes, 51, ags used 66 = 66
   (1) can we show that 1 NL 8?
        a. margin -0.11978234943351218
      no
   (1) can we show that 1 NL 7?
        a. margin -0.1509391771019677
      no
   (1) can we show that 6 NL 8?
        a. margin -0.1616726296958847
      no
   (1) can we show that 6 NL 7?
        a. margin -0.15966010733452562
      no
      Best assertion(s) require sample: 66

ALTERNATE OUTCOME PAIR: 1,6
   (1) can we show that 10 NL 6?
        a. margin -0.10283740806996589
      no
   (1) can we show that 10 NL 1?
        a. margin -0.22428443649373897
      no
   (1) can we show that 9 NL 6?
        a. margin 0.021094215861657828
      yes, 37, ags used 66 = 66
   (1) can we show that 9 NL 1?
        a. margin 0.03885907374279496
      yes, 105, ags used 95 = 105
   (1) can we show that 7 NL 6?
        a. margin -0.07349433512224213
      no
   (1) can we show that 7 NL 1?
        a. margin -0.20003478433710986
      no
   (1) can we show that 8 NL 6?
        a. margin -0.007230172927847223
      no
   (1) can we show that 8 NL 1?
        a. margin -0.07143212085072459
      no
      Best assertion(s) require sample: 66

ALTERNATE OUTCOME PAIR: 1,8
   (1) can we show that 10 NL 8?
        a. margin -0.19290399522957624
      no
   (1) can we show that 10 NL 1?
        a. margin -0.18373583780560487
      no
   (1) can we show that 9 NL 8?
        a. margin 0.05709600477042387
      yes, 80, ags used 66 = 80
   (1) can we show that 9 NL 1?
        a. margin 0.07679884714768526
      yes, 59, ags used 66 = 66
   (1) can we show that 7 NL 8?
        a. margin -0.15141125024845892
      no
   (1) can we show that 7 NL 1?
        a. margin -0.16214470284237625
      no
   (1) can we show that 6 NL 8?
        a. margin -0.14393261776982624
      no
   (1) can we show that 6 NL 1?
        a. margin -0.16346153846153766
      no
      Best assertion(s) require sample: 66

ALTERNATE OUTCOME PAIR: 6,8
   (1) can we show that 10 NL 8?
        a. margin -0.21832140727489568
      no
   (1) can we show that 10 NL 6?
        a. margin -0.1025144106539454
      no
   (1) can we show that 9 NL 8?
        a. margin 0.033591731266150004
      yes, 120, ags used 95 = 120
   (1) can we show that 9 NL 6?
        a. margin 0.021442059232757105
      yes, 37, ags used 66 = 66
   (1) can we show that 7 NL 8?
        a. margin -0.17183462532299743
      no
   (1) can we show that 7 NL 6?
        a. margin -0.07337010534684962
      no
   (1) can we show that 1 NL 8?
        a. margin -0.12609322202345485
      no
   (1) can we show that 1 NL 6?
        a. margin -0.07597893063009364
      no
      Best assertion(s) require sample: 66

RULE OUT PAIR STAGE ASN 66
------------------------------------------------
EXAMINING WAYS TO REDUCE COST OF AUDIT
ALTERNATE OUTCOME PAIR: 2,10
   (1) can we show that 9 NL 10?
        a. margin 0.07207811568276745
      yes, 62, ags used 22 = 62
   (1) can we show that 9 NL 2?
        a. margin 0.04842476644802218
      yes, 91, ags used 22 = 91
   (1) can we show that 7 NL 10?
        a. margin -0.007404094613397083
      no
   (1) can we show that 7 NL 2?
        a. margin 0.057046312860266735
      yes, 80, ags used 1005 = 1005
   (1) can we show that 1 NL 10?
        a. margin -0.01036076326774027
      no
   (1) can we show that 1 NL 2?
        a. margin 0.05709600477042387
      yes, 80, ags used 1005 = 1005
   (1) can we show that 6 NL 10?
        a. margin -0.003677201351620085
      no
   (1) can we show that 6 NL 2?
        a. margin 0.011752136752136932
      yes, 73, ags used 95 = 95
   (1) can we show that 8 NL 10?
        a. margin 0.05816438083879949
      yes, 79, ags used 66 = 79
   (1) can we show that 8 NL 2?
        a. margin 0.01913138541045556
      yes, 240, ags used 95 = 240
      Best assertion(s) require sample: 62

ALTERNATE OUTCOME PAIR: 2,9
   (1) can we show that 10 NL 9?
        a. margin -0.41048002385211724
      no
   (1) can we show that 10 NL 2?
        a. margin 0.026038560922281517
      yes, 176, ags used 1005 = 1005
   (1) can we show that 7 NL 9?
        a. margin -0.39373385012919937
      no
   (1) can we show that 7 NL 2?
        a. margin 0.029243689127410155
      yes, 157, ags used 1005 = 1005
   (1) can we show that 1 NL 9?
        a. margin -0.392740011926059
      no
   (1) can we show that 1 NL 2?
        a. margin 0.026709401709401837
      yes, 172, ags used 1005 = 1005
   (1) can we show that 6 NL 9?
        a. margin -0.41229377857284855
      no
   (1) can we show that 6 NL 2?
        a. margin 0.014435499900616433
      yes, 292, ags used 49 = 292
   (1) can we show that 8 NL 9?
        a. margin -0.33373086861459045
      no
   (1) can we show that 8 NL 2?
        a. margin 0.09327171536473955
      yes, 49, ags used 1005 = 1005
      Best assertion(s) require sample: 292

ALTERNATE OUTCOME PAIR: 2,7
   (1) can we show that 10 NL 7?
        a. margin -0.19307791691512577
      no
   (1) can we show that 10 NL 2?
        a. margin 0.03272212283840248
      yes, 140, ags used 1005 = 1005
   (1) can we show that 9 NL 7?
        a. margin 0.07386702444842008
      yes, 62, ags used 66 = 66
   (1) can we show that 9 NL 2?
        a. margin 0.050188829258597245
      yes, 30, ags used 66 = 66
   (1) can we show that 1 NL 7?
        a. margin -0.15749850924269515
      no
   (1) can we show that 1 NL 2?
        a. margin 0.05804015106340721
      yes, 79, ags used 1005 = 1005
   (1) can we show that 6 NL 7?
        a. margin -0.237900019876764
      no
   (1) can we show that 6 NL 2?
        a. margin 0.009416616974757153
      yes, 72, ags used 95 = 95
   (1) can we show that 8 NL 7?
        a. margin -0.11466408268733819
      no
   (1) can we show that 8 NL 2?
        a. margin 0.020547604849931123
      yes, 224, ags used 95 = 224
      Best assertion(s) require sample: 66

ALTERNATE OUTCOME PAIR: 2,1
   (1) can we show that 10 NL 1?
        a. margin -0.22537765851719305
      no
   (1) can we show that 10 NL 2?
        a. margin 0.03227489564698849
      yes, 142, ags used 1005 = 1005
   (1) can we show that 9 NL 1?
        a. margin 0.037765851719340215
      yes, 121, ags used 66 = 121
   (1) can we show that 9 NL 2?
        a. margin 0.0490707612800636
      yes, 30, ags used 66 = 66
   (1) can we show that 7 NL 1?
        a. margin -0.20157523355197737
      no
   (1) can we show that 7 NL 2?
        a. margin 0.05749354005167939
      yes, 79, ags used 1005 = 1005
   (1) can we show that 6 NL 1?
        a. margin -0.2619509043927649
      no
   (1) can we show that 6 NL 2?
        a. margin 0.009118465513814789
      yes, 72, ags used 95 = 95
   (1) can we show that 8 NL 1?
        a. margin -0.07369310276287
      no
   (1) can we show that 8 NL 2?
        a. margin 0.019628304512025352
      yes, 234, ags used 95 = 234
      Best assertion(s) require sample: 66

ALTERNATE OUTCOME PAIR: 2,6
   (1) can we show that 10 NL 6?
        a. margin -0.0861409262572046
      no
   (1) can we show that 10 NL 2?
        a. margin -0.04151759093619556
      no
   (1) can we show that 9 NL 6?
        a. margin 0.03793977340489052
      yes, 32, ags used 66 = 66
   (1) can we show that 9 NL 2?
        a. margin 0.08248857086066441
      yes, 54, ags used 22 = 54
   (1) can we show that 7 NL 6?
        a. margin -0.05662393162393109
      no
   (1) can we show that 7 NL 2?
        a. margin -0.013714967203338868
      no
   (1) can we show that 1 NL 6?
        a. margin -0.05918306499701809
      no
   (1) can we show that 1 NL 2?
        a. margin -0.015826873385012652
      no
   (1) can we show that 8 NL 6?
        a. margin 0.00976446034585643
      yes, 609, ags used 232 = 609
   (1) can we show that 8 NL 2?
        a. margin 0.05309580600278352
      yes, 86, ags used 95 = 95
      Best assertion(s) require sample: 54

ALTERNATE OUTCOME PAIR: 2,8
   (1) can we show that 10 NL 8?
        a. margin -0.21854502087060224
      no
   (1) can we show that 10 NL 2?
        a. margin 0.03205128205128216
      yes, 143, ags used 1005 = 1005
   (1) can we show that 9 NL 8?
        a. margin 0.03349234744583596
      yes, 137, ags used 66 = 137
   (1) can we show that 9 NL 2?
        a. margin 0.04912045319022096
      yes, 30, ags used 66 = 66
   (1) can we show that 7 NL 8?
        a. margin -0.17213277678393957
      no
   (1) can we show that 7 NL 2?
        a. margin 0.05724508050089483
      yes, 80, ags used 1005 = 1005
   (1) can we show that 1 NL 8?
        a. margin -0.12646591134963225
      no
   (1) can we show that 1 NL 2?
        a. margin 0.05719538859073747
      yes, 80, ags used 1005 = 1005
   (1) can we show that 6 NL 8?
        a. margin -0.22604849930431326
      no
   (1) can we show that 6 NL 2?
        a. margin 0.009466308884914287
      yes, 73, ags used 95 = 95
      Best assertion(s) require sample: 66

1 ruled out by pairs, sample size 292
STAGE 1 ASN NOW 30
NEW RULE OUT PAIR STAGE ASN 292
------------------------------------------------
Alternate outcome cannot be ruled out: 10,9
Alternate outcome cannot be ruled out: 9,7
Alternate outcome cannot be ruled out: 9,1
Alternate outcome cannot be ruled out: 9,6
Full audit not possible
PARTIAL audit sample size: 292
------------------------------------------------
Final set of assertions generated:
9 NL 7 = 66 [rules out (7, 8), G = {9, 2, 3, 4}, O = set()]
9 NL 10 = 60 [rules out (10, 7), G = {2, 3, 4}, O = set()]
9 NL 10 = 62 [rules out (2, 10), G = {2, 3, 4}, O = set()]

9 NL 6 = 66 [rules out (6, 8), G = {9, 2, 3, 4}, O = set()]
9 NL 7 = 66 [rules out (2, 7), G = {9, 2, 3, 4}, O = set()]

6 NL 2 = 292 [rules out (2, 9), G = {2, 3, 4}, O = set()]
(8, 'AG', 9, 66)
9 NL 2 = 66 [rules out (2, 1), G = {9, 2, 3, 4}, O = set()]
(8, 'AG', 3, 21)
9 NL 10 = 60 [rules out (10, 6), G = {2, 3, 4}, O = set()]
9 NL 6 = 66 [rules out (1, 6), G = {9, 2, 3, 4}, O = set()]

(7, 'AG', 3, 28)
9 NL 10 = 61 [rules out (10, 1), G = {2, 3, 4}, O = set()]
9 NL 6 = 66 [rules out (7, 6), G = {9, 2, 3, 4}, O = set()]

(8, 'AG', 2, 22)
9 NL 2 = 54 [rules out (2, 6), G = {2, 3, 4}, O = set()]
(7, 'AG', 2, 30)
(7, 'AG', 4, 26)
9 NL 1 = 66 [rules out (1, 8), G = {9, 2, 3, 4}, O = set()]
9 NL 2 = 66 [rules out (2, 8), G = {9, 2, 3, 4}, O = set()]
(5, 'AG', 2, 48)
(5, 'AG', 4, 45)
(5, 'AG', 3, 49)
9 NL 7 = 66 [rules out (7, 1), G = {9, 2, 3, 4}, O = set()]
9 NL 10 = 60 [rules out (10, 8), G = {2, 3, 4}, O = set()]
(8, 'AG', 4, 21)
[9] are verified winners with these assertions.
[1, 6, 7, 8, 10] remain as potential winners in this audit.
------------------------------------------------
