VALID BALLOTS 5274
63 ballot checks required to assert that first winner has a quota's worth of votes
AUD TV 0.14702258726899384, ss 106
AG*(2,3) = 22
AG*(2,4) = 184
AG*(2,5) = 24
AG*(2,6) = 195
AG*(2,7) = 44
AG*(2,8) = 41
AG*(2,9) = 25
AG*(1,2) = 431
AG*(1,3) = 14
AG*(1,4) = 23
AG*(1,5) = 14
AG*(1,6) = 58
AG*(1,7) = 17
AG*(1,8) = 24
AG*(1,9) = 15
AG*(2,3) = 22
AG*(2,4) = 184
AG*(2,5) = 24
AG*(2,6) = 195
AG*(2,7) = 44
AG*(2,8) = 41
AG*(2,9) = 25
AG*(4,3) = 72
AG*(4,5) = 65
AG*(4,7) = 579
AG*(4,9) = 115
AG*(6,3) = 47
AG*(6,5) = 54
AG*(6,7) = 1104
AG*(6,8) = 791
AG*(6,9) = 53
AG*(8,3) = 211
AG*(8,5) = 360
AG*(8,9) = 256
NL(2,3) = 22, AG*'s used 0
NL(2,5) = 24, AG*'s used 22
NL(2,9) = 24, AG*'s used 24
NL(2,7) = 32, AG*'s used 41
NL(2,8) = 40, AG*'s used 25
NL(2,4) = 67, AG*'s used 44
NL(2,6) = 69, AG*'s used 44
Max in loop 106, 0.14702258726899384
AUD TV 0.19702258726899385, ss 50
AG*(2,3) = 22
AG*(2,4) = 531
AG*(2,5) = 25
AG*(2,6) = 218
AG*(2,7) = 47
AG*(2,8) = 41
AG*(2,9) = 25
AG*(1,2) = 431
AG*(1,3) = 14
AG*(1,4) = 23
AG*(1,5) = 14
AG*(1,6) = 58
AG*(1,7) = 17
AG*(1,8) = 24
AG*(1,9) = 15
AG*(2,3) = 22
AG*(2,4) = 531
AG*(2,5) = 25
AG*(2,6) = 218
AG*(2,7) = 47
AG*(2,8) = 41
AG*(2,9) = 25
AG*(4,3) = 72
AG*(4,5) = 65
AG*(4,7) = 735
AG*(4,9) = 115
AG*(6,3) = 47
AG*(6,5) = 56
AG*(6,8) = 843
AG*(6,9) = 54
AG*(8,3) = 235
AG*(8,5) = 568
AG*(8,9) = 289
NL(2,3) = 22, AG*'s used 0
NL(2,5) = 24, AG*'s used 22
NL(2,9) = 24, AG*'s used 25
NL(2,7) = 34, AG*'s used 41
NL(2,8) = 40, AG*'s used 25
NL(2,4) = 87, AG*'s used 47
NL(2,6) = 71, AG*'s used 47
Max in loop 87, 0.19702258726899385
AUD TV 0.24702258726899384, ss 31
AG*(2,3) = 22
AG*(2,5) = 25
AG*(2,6) = 246
AG*(2,7) = 51
AG*(2,8) = 41
AG*(2,9) = 25
AG*(1,2) = 431
AG*(1,3) = 14
AG*(1,4) = 23
AG*(1,5) = 14
AG*(1,6) = 58
AG*(1,7) = 17
AG*(1,8) = 24
AG*(1,9) = 15
AG*(2,3) = 22
AG*(2,5) = 25
AG*(2,6) = 246
AG*(2,7) = 51
AG*(2,8) = 41
AG*(2,9) = 25
AG*(4,3) = 72
AG*(4,5) = 65
AG*(4,7) = 847
AG*(4,9) = 116
AG*(6,3) = 48
AG*(6,5) = 58
AG*(6,8) = 995
AG*(6,9) = 55
AG*(8,3) = 264
AG*(8,5) = 1136
AG*(8,9) = 334
NL(2,3) = 22, AG*'s used 0
NL(2,5) = 25, AG*'s used 25
NL(2,9) = 25, AG*'s used 25
NL(2,7) = 36, AG*'s used 41
NL(2,8) = 40, AG*'s used 25
NL(2,4) = 121, AG*'s used 51
NL(2,6) = 74, AG*'s used 51
Max in loop 121, 0.24702258726899384
Breaking out of inner loop 121 > 87
Sample size to show min tv of 0.04851129363449692 is 121
Sample size required for audit is 87 ballots
------------------------------------------------
Assertion set BEFORE filtering:
(1, 'NL', 7, 40)
(1, 'NL', 8, 25)
(1, 'NL', 6, 41)
(1, 'NL', 2, 22)
(1, 'NL', 5, 71)
(0, 'QT', None, 63)
(0, 'MT', None, (0.19702258726899385, 50))
(1, 'AG*', 8, 25)
(1, 'NL', 3, 87)
(1, 'AG*', 2, 22)
(1, 'AG*', 7, 41)
(1, 'NL', 4, 24)
(1, 'AG*', 6, 47)
(1, 'AG*', 4, 25)
------------------------------------------------
Final set of assertions AFTER filtering:
(1, 'NL', 7, 40)
(1, 'NL', 8, 25)
(1, 'NL', 6, 41)
(1, 'NL', 2, 22)
(1, 'NL', 5, 71)
(0, 'QT', None, 63)
(0, 'MT', None, (0.19702258726899385, 50))
(1, 'AG*', 8, 25)
(1, 'NL', 3, 87)
(1, 'AG*', 2, 22)
(1, 'AG*', 7, 41)
(1, 'NL', 4, 24)
(1, 'AG*', 6, 47)
(1, 'AG*', 4, 25)
------------------------------------------------
Explanations for AG* inclusion:
   Explanation for (1, 'AG*', 8, 25): []
   Explanation for (1, 'AG*', 2, 22): []
   Explanation for (1, 'AG*', 7, 41): []
   Explanation for (1, 'AG*', 6, 47): []
   Explanation for (1, 'AG*', 4, 25): []
------------------------------------------------
