VALID BALLOTS 5139
Winner 3
Winner 5
Computing AG relationships
3 AG 1 = 31
3 AG 6 = 184
5 AG 1 = 55
Ruling out candidates: [(1, 55)]
STAGE 1 ASN (Ruling out candidates): 55
ALTERNATE OUTCOME PAIR: 2,6
   (1) can we show that 3 NL 6?
        a. margin 0.030875008107932755
      yes, 117, ags used 31 = 117
   (1) can we show that 3 NL 2?
        a. margin -0.015632094441201394
      no
   (1) can we show that 5 NL 6?
        a. margin 0.006226892391515415
      yes, 1011, ags used 184 = 1011
   (1) can we show that 5 NL 2?
        a. margin -0.07796588181877173
      no
   (1) can we show that 4 NL 6?
        a. margin -0.051890769929299085
      no
   (1) can we show that 4 NL 2?
        a. margin -0.20198482194979572
      no
      Best assertion(s) require sample: 117

ALTERNATE OUTCOME PAIR: 2,3
   (1) can we show that 6 NL 3?
        a. margin -0.3813322955179347
      no
   (1) can we show that 6 NL 2?
        a. margin -0.2361678666407213
      no
   (1) can we show that 5 NL 3?
        a. margin -0.2377245897386001
      no
   (1) can we show that 5 NL 2?
        a. margin -0.0668093662839725
      no
   (1) can we show that 4 NL 3?
        a. margin -0.346435752740481
      no
   (1) can we show that 4 NL 2?
        a. margin -0.19394175261075441
      no

ALTERNATE OUTCOME PAIR: 2,5
   (1) can we show that 6 NL 5?
        a. margin -0.36524615683985184
      no
   (1) can we show that 6 NL 2?
        a. margin -0.23869754167477453
      no
   (1) can we show that 3 NL 5?
        a. margin -0.06778231822014691
      no
   (1) can we show that 3 NL 2?
        a. margin 0.03995589284555945
      yes, 114, ags used 184 = 184
   (1) can we show that 4 NL 5?
        a. margin -0.31380943114743465
      no
   (1) can we show that 4 NL 2?
        a. margin -0.19530388532139853
      no
      Best assertion(s) require sample: 184

ALTERNATE OUTCOME PAIR: 2,4
   (1) can we show that 6 NL 4?
        a. margin -0.2551079976649151
      no
   (1) can we show that 6 NL 2?
        a. margin -0.24810274372446017
      no
   (1) can we show that 3 NL 4?
        a. margin 0.004605305831225204
      yes, 86, ags used 184 = 184
   (1) can we show that 3 NL 2?
        a. margin 0.03236686774340014
      yes, 141, ags used 184 = 184
   (1) can we show that 5 NL 4?
        a. margin -0.09275475124862154
      no
   (1) can we show that 5 NL 2?
        a. margin -0.07731724719465538
      no
      Best assertion(s) require sample: 184

ALTERNATE OUTCOME PAIR: 6,3
   (1) can we show that 2 NL 3?
        a. margin -0.37653239929947446
      no
   (1) can we show that 2 NL 6?
        a. margin -0.1487319193098523
      no
   (1) can we show that 5 NL 3?
        a. margin -0.23454628008043055
      no
   (1) can we show that 5 NL 6?
        a. margin -0.038139715898034665
      no
   (1) can we show that 4 NL 3?
        a. margin -0.33962508918726086
      no
   (1) can we show that 4 NL 6?
        a. margin -0.13102419407147925
      no

ALTERNATE OUTCOME PAIR: 6,5
   (1) can we show that 2 NL 5?
        a. margin -0.3521437374327041
      no
   (1) can we show that 2 NL 6?
        a. margin -0.08555490692093137
      no
   (1) can we show that 3 NL 5?
        a. margin -0.11357592268275307
      no
   (1) can we show that 3 NL 6?
        a. margin 0.035155996627100006
      yes, 106, ags used 31 = 106
   (1) can we show that 4 NL 5?
        a. margin -0.3090743983913862
      no
   (1) can we show that 4 NL 6?
        a. margin -0.048128689109424805
      no
      Best assertion(s) require sample: 106

ALTERNATE OUTCOME PAIR: 6,4
   (1) can we show that 2 NL 4?
        a. margin -0.2361678666407211
      no
   (1) can we show that 2 NL 6?
        a. margin -0.0917169358500356
      no
   (1) can we show that 3 NL 4?
        a. margin -0.001362132710644226
      no
   (1) can we show that 3 NL 6?
        a. margin 0.027502108062528396
      yes, 128, ags used 31 = 128
   (1) can we show that 5 NL 4?
        a. margin -0.097749237854317
      no
   (1) can we show that 5 NL 6?
        a. margin 0.004540442368813347
      yes, 1501, ags used 184 = 1501
      Best assertion(s) require sample: 128

ALTERNATE OUTCOME PAIR: 3,4
   (1) can we show that 2 NL 4?
        a. margin -0.2094441201271322
      no
   (1) can we show that 2 NL 3?
        a. margin -0.37153791269377967
      no
   (1) can we show that 6 NL 4?
        a. margin -0.23136797042226098
      no
   (1) can we show that 6 NL 3?
        a. margin -0.37114873191930997
      no
   (1) can we show that 5 NL 4?
        a. margin -0.07517675293507164
      no
   (1) can we show that 5 NL 3?
        a. margin -0.23058960887332158
      no

ALTERNATE OUTCOME PAIR: 5,4
   (1) can we show that 2 NL 4?
        a. margin -0.2185898683271711
      no
   (1) can we show that 2 NL 5?
        a. margin -0.3475384316014788
      no
   (1) can we show that 6 NL 4?
        a. margin -0.23954076668612567
      no
   (1) can we show that 6 NL 5?
        a. margin -0.3573976778880458
      no
   (1) can we show that 3 NL 4?
        a. margin 0.007070117402866449
      yes, 72, ags used 184 = 184
   (1) can we show that 3 NL 5?
        a. margin -0.06427969124991884
      no
      Best assertion(s) require sample: 184

RULE OUT PAIR STAGE ASN 184
------------------------------------------------
Alternate outcome cannot be ruled out: 2,3
Alternate outcome cannot be ruled out: 6,3
Alternate outcome cannot be ruled out: 3,4
Full audit not possible
PARTIAL audit sample size: 184
------------------------------------------------
Final set of assertions generated:
3 NL 4 = 184 [rules out (5, 4), G = {0, 5}, O = set()]

(4, 'AG', 0, 55)
3 NL 4 = 184 [rules out (2, 4), G = {0, 5}, O = set()]

(2, 'AG', 0, 31)
3 NL 6 = 117 [rules out (2, 6), G = {0}, O = set()]

3 NL 6 = 128 [rules out (6, 4), G = {0}, O = set()]
3 NL 2 = 184 [rules out (2, 5), G = {0, 5}, O = set()]
(2, 'AG', 5, 184)
3 NL 6 = 106 [rules out (6, 5), G = {0}, O = set()]
[3] are verified winners with these assertions.
[2, 4, 5, 6] remain as potential winners in this audit.
------------------------------------------------
