VALID BALLOTS 6598
Winner 1
Winner 6
Computing AG relationships
5 AG 8 = 50
5 AG 2 = 163
1 AG 8 = 32
1 AG 2 = 50
3 AG 8 = 55
6 AG 8 = 44
6 AG 7 = 37
Ruling out candidates: [(8, 44), (2, 163)]
STAGE 1 ASN (Ruling out candidates): 163
ALTERNATE OUTCOME PAIR: 7,4
   (1) can we show that 5 NL 4?
        a. margin -0.10306153379812111
      no
   (1) can we show that 5 NL 7?
        a. margin 0.11432757401232685
      yes, 40, ags used 37 = 40
   (1) can we show that 1 NL 4?
        a. margin -0.032636152369405425
      no
   (1) can we show that 1 NL 7?
        a. margin 0.16742447206224065
      yes, 27, ags used 37 = 37
   (1) can we show that 3 NL 4?
        a. margin -0.0904819642315855
      no
   (1) can we show that 3 NL 7?
        a. margin 0.1147317368899663
      yes, 39, ags used 37 = 39
   (1) can we show that 6 NL 4?
        a. margin -0.09745377387086995
      no
   (1) can we show that 6 NL 7?
        a. margin 0.12513893098918838
      yes, 36, ags used 0 = 36
      Best assertion(s) require sample: 36

ALTERNATE OUTCOME PAIR: 7,5
   (1) can we show that 4 NL 5?
        a. margin -0.35904819642315855
      no
   (1) can we show that 4 NL 7?
        a. margin 0.024401333737495756
      yes, 187, ags used 37 = 187
   (1) can we show that 1 NL 5?
        a. margin 0.0034859048196418385
      yes, 2450, ags used 50 = 2450
   (1) can we show that 1 NL 7?
        a. margin 0.1664140648681418
      yes, 27, ags used 37 = 37
   (1) can we show that 3 NL 5?
        a. margin -0.24770132363342423
      no
   (1) can we show that 3 NL 7?
        a. margin 0.1147317368899663
      yes, 39, ags used 37 = 39
   (1) can we show that 6 NL 5?
        a. margin -0.2606345357178944
      no
   (1) can we show that 6 NL 7?
        a. margin 0.1259472567444675
      yes, 36, ags used 0 = 36
      Best assertion(s) require sample: 36

ALTERNATE OUTCOME PAIR: 7,1
   (1) can we show that 4 NL 1?
        a. margin -0.3661210467818531
      no
   (1) can we show that 4 NL 7?
        a. margin 0.024350813377790992
      yes, 187, ags used 37 = 187
   (1) can we show that 5 NL 1?
        a. margin -0.1267555824997476
      no
   (1) can we show that 5 NL 7?
        a. margin 0.11341820753763754
      yes, 40, ags used 37 = 40
   (1) can we show that 3 NL 1?
        a. margin -0.25704759017884204
      no
   (1) can we show that 3 NL 7?
        a. margin 0.11458017581085156
      yes, 39, ags used 37 = 39
   (1) can we show that 6 NL 1?
        a. margin -0.2634131555016672
      no
   (1) can we show that 6 NL 7?
        a. margin 0.12650298070122212
      yes, 36, ags used 0 = 36
      Best assertion(s) require sample: 36

ALTERNATE OUTCOME PAIR: 7,3
   (1) can we show that 4 NL 3?
        a. margin -0.26129130039405923
      no
   (1) can we show that 4 NL 7?
        a. margin 0.025260179852480524
      yes, 181, ags used 37 = 181
   (1) can we show that 5 NL 3?
        a. margin -0.13792058199454427
      no
   (1) can we show that 5 NL 7?
        a. margin 0.11589370516318054
      yes, 39, ags used 37 = 39
   (1) can we show that 1 NL 3?
        a. margin -0.06603011013438465
      no
   (1) can we show that 1 NL 7?
        a. margin 0.1688895624936848
      yes, 27, ags used 37 = 37
   (1) can we show that 6 NL 3?
        a. margin -0.1501970294028494
      no
   (1) can we show that 6 NL 7?
        a. margin 0.12665454178033708
      yes, 36, ags used 0 = 36
      Best assertion(s) require sample: 36

ALTERNATE OUTCOME PAIR: 7,6
   (1) can we show that 4 NL 6?
        a. margin -0.21016469637263846
      no
   (1) can we show that 4 NL 7?
        a. margin -0.1255936142265337
      no
   (1) can we show that 5 NL 6?
        a. margin -0.13827422451247873
      no
   (1) can we show that 5 NL 7?
        a. margin -0.04652925128826957
      no
   (1) can we show that 1 NL 6?
        a. margin -0.07653834495301648
      no
   (1) can we show that 1 NL 7?
        a. margin 0.013741537839748741
      yes, 331, ags used 50 = 331
   (1) can we show that 3 NL 6?
        a. margin -0.11175103566737432
      no
   (1) can we show that 3 NL 7?
        a. margin -0.03142366373648642
      no
      Best assertion(s) require sample: 331

ALTERNATE OUTCOME PAIR: 4,5
   (1) can we show that 7 NL 5?
        a. margin -0.42275437001111404
      no
   (1) can we show that 7 NL 4?
        a. margin -0.25836111953117136
      no
   (1) can we show that 1 NL 5?
        a. margin 0.006112963524299797
      yes, 940, ags used 50 = 940
   (1) can we show that 1 NL 4?
        a. margin -0.03783974941901602
      no
   (1) can we show that 3 NL 5?
        a. margin -0.24365969485702788
      no
   (1) can we show that 3 NL 4?
        a. margin -0.08249974739820154
      no
   (1) can we show that 6 NL 5?
        a. margin -0.21193290896231232
      no
   (1) can we show that 6 NL 4?
        a. margin -0.03758714762049142
      no
      Best assertion(s) require sample: 940

ALTERNATE OUTCOME PAIR: 4,1
   (1) can we show that 7 NL 1?
        a. margin -0.4242194604425581
      no
   (1) can we show that 7 NL 4?
        a. margin -0.25250075780539594
      no
   (1) can we show that 5 NL 1?
        a. margin -0.12306759624128549
      no
   (1) can we show that 5 NL 4?
        a. margin -0.10669899969687802
      no
   (1) can we show that 3 NL 1?
        a. margin -0.2529554410427406
      no
   (1) can we show that 3 NL 4?
        a. margin -0.07931696473678906
      no
   (1) can we show that 6 NL 1?
        a. margin -0.2144084065878552
      no
   (1) can we show that 6 NL 4?
        a. margin -0.03137314337678121
      no

ALTERNATE OUTCOME PAIR: 4,3
   (1) can we show that 7 NL 3?
        a. margin -0.31383247448721807
      no
   (1) can we show that 7 NL 4?
        a. margin -0.2510356673739521
      no
   (1) can we show that 5 NL 3?
        a. margin -0.13302010710316248
      no
   (1) can we show that 5 NL 4?
        a. margin -0.0859351318581395
      no
   (1) can we show that 1 NL 3?
        a. margin -0.0610791148832982
      no
   (1) can we show that 1 NL 4?
        a. margin -0.015610791148833347
      no
   (1) can we show that 6 NL 3?
        a. margin -0.0970496109932304
      no
   (1) can we show that 6 NL 4?
        a. margin -0.03076689906032226
      no

ALTERNATE OUTCOME PAIR: 4,6
   (1) can we show that 7 NL 6?
        a. margin -0.3081741942002624
      no
   (1) can we show that 7 NL 4?
        a. margin -0.2713448519753462
      no
   (1) can we show that 5 NL 6?
        a. margin -0.14398302515913952
      no
   (1) can we show that 5 NL 4?
        a. margin -0.08244922703849722
      no
   (1) can we show that 1 NL 6?
        a. margin -0.08234818631908725
      no
   (1) can we show that 1 NL 4?
        a. margin -0.012074365969486078
      no
   (1) can we show that 3 NL 6?
        a. margin -0.11968273214105318
      no
   (1) can we show that 3 NL 4?
        a. margin -0.07517429524098207
      no

ALTERNATE OUTCOME PAIR: 5,1
   (1) can we show that 7 NL 1?
        a. margin -0.37632615944225467
      no
   (1) can we show that 7 NL 5?
        a. margin -0.35818935030817345
      no
   (1) can we show that 4 NL 1?
        a. margin -0.31357987268869414
      no
   (1) can we show that 4 NL 5?
        a. margin -0.290946751540871
      no
   (1) can we show that 3 NL 1?
        a. margin -0.20536526220066742
      no
   (1) can we show that 3 NL 5?
        a. margin -0.1809639284631709
      no
   (1) can we show that 6 NL 1?
        a. margin -0.1664140648681428
      no
   (1) can we show that 6 NL 5?
        a. margin -0.14741840961907704
      no

ALTERNATE OUTCOME PAIR: 5,3
   (1) can we show that 7 NL 3?
        a. margin -0.30817419420026304
      no
   (1) can we show that 7 NL 5?
        a. margin -0.4149742346165496
      no
   (1) can we show that 4 NL 3?
        a. margin -0.25315752248156076
      no
   (1) can we show that 4 NL 5?
        a. margin -0.3492977670001005
      no
   (1) can we show that 1 NL 3?
        a. margin -0.06875820955845235
      no
   (1) can we show that 1 NL 5?
        a. margin 0.011720723451549508
      yes, 387, ags used 50 = 387
   (1) can we show that 6 NL 3?
        a. margin -0.09103768818834068
      no
   (1) can we show that 6 NL 5?
        a. margin -0.2046579771647976
      no
      Best assertion(s) require sample: 387

ALTERNATE OUTCOME PAIR: 5,6
   (1) can we show that 7 NL 6?
        a. margin -0.30974032535111673
      no
   (1) can we show that 7 NL 5?
        a. margin -0.426998080226331
      no
   (1) can we show that 4 NL 6?
        a. margin -0.22112761442861517
      no
   (1) can we show that 4 NL 5?
        a. margin -0.35738102455289467
      no
   (1) can we show that 1 NL 6?
        a. margin -0.0897746791957158
      no
   (1) can we show that 1 NL 5?
        a. margin 0.007022329998988663
      yes, 821, ags used 50 = 821
   (1) can we show that 3 NL 6?
        a. margin -0.12256239264423585
      no
   (1) can we show that 3 NL 5?
        a. margin -0.24593311104375093
      no
      Best assertion(s) require sample: 821

ALTERNATE OUTCOME PAIR: 1,3
   (1) can we show that 7 NL 3?
        a. margin -0.29776700010104096
      no
   (1) can we show that 7 NL 1?
        a. margin -0.41765181368091253
      no
   (1) can we show that 4 NL 3?
        a. margin -0.2453773870869963
      no
   (1) can we show that 4 NL 1?
        a. margin -0.35702738203495976
      no
   (1) can we show that 5 NL 3?
        a. margin -0.1384257855915937
      no
   (1) can we show that 5 NL 1?
        a. margin -0.11841972314842941
      no
   (1) can we show that 6 NL 3?
        a. margin -0.08042841265029854
      no
   (1) can we show that 6 NL 1?
        a. margin -0.20819440234414532
      no

ALTERNATE OUTCOME PAIR: 3,6
   (1) can we show that 7 NL 6?
        a. margin -0.3005961402445183
      no
   (1) can we show that 7 NL 3?
        a. margin -0.32050116196827316
      no
   (1) can we show that 4 NL 6?
        a. margin -0.21471152874608468
      no
   (1) can we show that 4 NL 3?
        a. margin -0.2482065272304742
      no
   (1) can we show that 5 NL 6?
        a. margin -0.13756693947660936
      no
   (1) can we show that 5 NL 3?
        a. margin -0.12039001717692299
      no
   (1) can we show that 1 NL 6?
        a. margin -0.07567949883803193
      no
   (1) can we show that 1 NL 3?
        a. margin -0.04819642315853334
      no

RULE OUT PAIR STAGE ASN 940
------------------------------------------------
EXAMINING WAYS TO REDUCE COST OF AUDIT
------------------------------------------------
Alternate outcome cannot be ruled out: 4,1
Alternate outcome cannot be ruled out: 4,3
Alternate outcome cannot be ruled out: 4,6
Alternate outcome cannot be ruled out: 5,1
Alternate outcome cannot be ruled out: 1,3
Alternate outcome cannot be ruled out: 3,6
Full audit not possible
PARTIAL audit sample size: 940
------------------------------------------------
Final set of assertions generated:
1 NL 7 = 331 [rules out (7, 6), G = {1, 7}, O = set()]
1 NL 5 = 821 [rules out (5, 6), G = {1, 7}, O = set()]
(0, 'AG', 7, 32)
6 NL 7 = 36 [rules out (7, 3), G = set(), O = set()]
(4, 'AG', 1, 163)
6 NL 7 = 36 [rules out (7, 1), G = set(), O = set()]
1 NL 5 = 387 [rules out (5, 3), G = {1, 7}, O = set()]
(0, 'AG', 1, 50)
6 NL 7 = 36 [rules out (7, 4), G = set(), O = set()]
6 NL 7 = 36 [rules out (7, 5), G = set(), O = set()]
(5, 'AG', 7, 44)
1 NL 5 = 940 [rules out (4, 5), G = {1, 7}, O = set()]

[] are verified winners with these assertions.
[1, 3, 4, 5, 6] remain as potential winners in this audit.
------------------------------------------------
