VALID BALLOTS 3214
91 ballot checks required to assert that first winner has a quota's worth of votes
AUD TV 0.1186359687228497, ss 113
AG*(4,2) = 36
AG*(1,2) = 99
AG*(3,1) = 31
AG*(3,2) = 16
AG*(3,4) = 152
AG*(3,5) = 82
AG*(4,2) = 36
AG*(5,1) = 253
AG*(5,2) = 27
NL(4,2) = 30, AG*'s used 27
NL(4,1) = 419, AG*'s used 253
NL(4,5) NOT POSSIBLE
Max in loop inf, 0.1186359687228497
AUD TV 0.1686359687228497, ss 53
AG*(4,2) = 36
AG*(1,2) = 106
AG*(3,1) = 31
AG*(3,2) = 16
AG*(3,4) = 152
AG*(3,5) = 82
AG*(4,2) = 36
AG*(5,1) = 376
AG*(5,2) = 28
NL(4,2) = 30, AG*'s used 28
NL(4,1) = 809, AG*'s used 376
NL(4,5) NOT POSSIBLE
Max in loop inf, 0.1686359687228497
AUD TV 0.21863596872284968, ss 33
AG*(4,2) = 37
AG*(1,2) = 113
AG*(3,1) = 31
AG*(3,2) = 16
AG*(3,4) = 152
AG*(3,5) = 82
AG*(4,2) = 37
AG*(5,1) = 938
AG*(5,2) = 28
NL(4,2) = 30, AG*'s used 28
NL(4,1) = 2455, AG*'s used 938
NL(4,5) NOT POSSIBLE
Max in loop inf, 0.21863596872284968
AUD TV 0.26863596872284967, ss 23
AG*(4,2) = 37
AG*(1,2) = 122
AG*(3,1) = 31
AG*(3,2) = 16
AG*(3,4) = 152
AG*(3,5) = 82
AG*(4,2) = 37
AG*(5,2) = 29
NL(4,2) = 31, AG*'s used 29
NL(4,1) NOT POSSIBLE
NL(4,5) NOT POSSIBLE
Max in loop inf, 0.26863596872284967
AUD TV 0.31863596872284966, ss 17
AG*(4,2) = 38
AG*(1,2) = 132
AG*(3,1) = 31
AG*(3,2) = 16
AG*(3,4) = 152
AG*(3,5) = 82
AG*(4,2) = 38
AG*(5,2) = 30
NL(4,2) = 31, AG*'s used 30
NL(4,1) NOT POSSIBLE
NL(4,5) NOT POSSIBLE
Max in loop inf, 0.31863596872284966
AUD TV 0.36863596872284965, ss 13
AG*(4,2) = 39
AG*(1,2) = 143
AG*(3,1) = 31
AG*(3,2) = 16
AG*(3,4) = 152
AG*(3,5) = 82
AG*(4,2) = 39
AG*(5,2) = 30
NL(4,2) = 31, AG*'s used 30
NL(4,1) NOT POSSIBLE
NL(4,5) NOT POSSIBLE
Max in loop inf, 0.36863596872284965
AUD TV 0.41863596872284964, ss 10
AG*(4,2) = 39
AG*(1,2) = 157
AG*(3,1) = 31
AG*(3,2) = 16
AG*(3,4) = 152
AG*(3,5) = 82
AG*(4,2) = 39
AG*(5,2) = 31
NL(4,2) = 32, AG*'s used 31
NL(4,1) NOT POSSIBLE
NL(4,5) NOT POSSIBLE
Max in loop inf, 0.41863596872284964
AUD TV 0.4686359687228496, ss 8
AG*(4,2) = 40
AG*(1,2) = 174
AG*(3,1) = 31
AG*(3,2) = 16
AG*(3,4) = 152
AG*(3,5) = 82
AG*(4,2) = 40
AG*(5,2) = 32
NL(4,2) = 32, AG*'s used 32
NL(4,1) NOT POSSIBLE
NL(4,5) NOT POSSIBLE
Max in loop inf, 0.4686359687228496
AUD TV 0.5186359687228497, ss 6
AG*(4,2) = 40
AG*(1,2) = 195
AG*(3,1) = 31
AG*(3,2) = 16
AG*(3,4) = 152
AG*(3,5) = 82
AG*(4,2) = 40
AG*(5,2) = 32
NL(4,2) = 32, AG*'s used 32
NL(4,1) NOT POSSIBLE
NL(4,5) NOT POSSIBLE
Max in loop inf, 0.5186359687228497
AUD TV 0.5686359687228497, ss 5
AG*(4,2) = 41
AG*(1,2) = 221
AG*(3,1) = 31
AG*(3,2) = 16
AG*(3,4) = 152
AG*(3,5) = 82
AG*(4,2) = 41
AG*(5,2) = 33
NL(4,2) = 33, AG*'s used 33
NL(4,1) NOT POSSIBLE
NL(4,5) NOT POSSIBLE
Max in loop inf, 0.5686359687228497
AUD TV 0.6186359687228498, ss 4
AG*(4,2) = 42
AG*(1,2) = 256
AG*(3,1) = 31
AG*(3,2) = 16
AG*(3,4) = 152
AG*(3,5) = 82
AG*(4,2) = 42
AG*(5,2) = 34
NL(4,2) = 33, AG*'s used 34
NL(4,1) NOT POSSIBLE
NL(4,5) NOT POSSIBLE
Max in loop inf, 0.6186359687228498
Sample size to show min tv of 0.03431798436142485 is 177
AUD TV 0.1186359687228497, ss 113
AG*(4,1) = 3214
AG*(4,2) = 34
AG*(1,2) = 94
AG*(3,1) = 31
AG*(3,2) = 16
AG*(3,4) = 152
AG*(3,5) = 82
AG*(4,1) = 3214
AG*(4,2) = 34
AG*(5,1) = 235
AG*(5,2) = 27
NL(4,2) = 29, AG*'s used 27
NL(4,1) = 275, AG*'s used 235
NL(4,5) NOT POSSIBLE
Max in loop inf, 0.1186359687228497
AUD TV 0.1686359687228497, ss 53
AG*(4,2) = 35
AG*(1,2) = 100
AG*(3,1) = 31
AG*(3,2) = 16
AG*(3,4) = 152
AG*(3,5) = 82
AG*(4,2) = 35
AG*(5,1) = 337
AG*(5,2) = 28
NL(4,2) = 29, AG*'s used 28
NL(4,1) = 355, AG*'s used 337
NL(4,5) NOT POSSIBLE
Max in loop inf, 0.1686359687228497
AUD TV 0.21863596872284968, ss 33
AG*(4,2) = 35
AG*(1,2) = 107
AG*(3,1) = 31
AG*(3,2) = 16
AG*(3,4) = 152
AG*(3,5) = 82
AG*(4,2) = 35
AG*(5,1) = 759
AG*(5,2) = 28
NL(4,2) = 29, AG*'s used 28
NL(4,1) = 634, AG*'s used 759
NL(4,5) NOT POSSIBLE
Max in loop inf, 0.21863596872284968
AUD TV 0.26863596872284967, ss 23
AG*(4,2) = 36
AG*(1,2) = 114
AG*(3,1) = 31
AG*(3,2) = 16
AG*(3,4) = 152
AG*(3,5) = 82
AG*(4,2) = 36
AG*(5,1) = 3214
AG*(5,2) = 29
NL(4,2) = 29, AG*'s used 29
NL(4,1) = 1079, AG*'s used 3214
NL(4,5) NOT POSSIBLE
Max in loop inf, 0.26863596872284967
AUD TV 0.31863596872284966, ss 17
AG*(4,2) = 36
AG*(1,2) = 123
AG*(3,1) = 31
AG*(3,2) = 16
AG*(3,4) = 152
AG*(3,5) = 82
AG*(4,2) = 36
AG*(5,2) = 29
NL(4,2) = 30, AG*'s used 29
NL(4,1) = 3214, AG*'s used 3214
NL(4,5) NOT POSSIBLE
Max in loop inf, 0.31863596872284966
AUD TV 0.36863596872284965, ss 13
AG*(4,2) = 37
AG*(1,2) = 133
AG*(3,1) = 31
AG*(3,2) = 16
AG*(3,4) = 152
AG*(3,5) = 82
AG*(4,2) = 37
AG*(5,2) = 30
NL(4,2) = 30, AG*'s used 30
NL(4,1) NOT POSSIBLE
NL(4,5) NOT POSSIBLE
Max in loop inf, 0.36863596872284965
AUD TV 0.41863596872284964, ss 10
AG*(4,2) = 37
AG*(1,2) = 145
AG*(3,1) = 31
AG*(3,2) = 16
AG*(3,4) = 152
AG*(3,5) = 82
AG*(4,2) = 37
AG*(5,2) = 31
NL(4,2) = 30, AG*'s used 31
NL(4,1) NOT POSSIBLE
NL(4,5) NOT POSSIBLE
Max in loop inf, 0.41863596872284964
AUD TV 0.4686359687228496, ss 8
AG*(4,2) = 38
AG*(1,2) = 160
AG*(3,1) = 31
AG*(3,2) = 16
AG*(3,4) = 152
AG*(3,5) = 82
AG*(4,2) = 38
AG*(5,2) = 31
NL(4,2) = 31, AG*'s used 31
NL(4,1) NOT POSSIBLE
NL(4,5) NOT POSSIBLE
Max in loop inf, 0.4686359687228496
AUD TV 0.5186359687228497, ss 6
AG*(4,2) = 39
AG*(1,2) = 177
AG*(3,1) = 31
AG*(3,2) = 16
AG*(3,4) = 152
AG*(3,5) = 82
AG*(4,2) = 39
AG*(5,2) = 32
NL(4,2) = 31, AG*'s used 32
NL(4,1) NOT POSSIBLE
NL(4,5) NOT POSSIBLE
Max in loop inf, 0.5186359687228497
AUD TV 0.5686359687228497, ss 5
AG*(4,2) = 39
AG*(1,2) = 199
AG*(3,1) = 31
AG*(3,2) = 16
AG*(3,4) = 152
AG*(3,5) = 82
AG*(4,2) = 39
AG*(5,2) = 33
NL(4,2) = 31, AG*'s used 33
NL(4,1) NOT POSSIBLE
NL(4,5) NOT POSSIBLE
Max in loop inf, 0.5686359687228497
AUD TV 0.6186359687228498, ss 4
AG*(4,2) = 40
AG*(1,2) = 226
AG*(3,1) = 31
AG*(3,2) = 16
AG*(3,4) = 152
AG*(3,5) = 82
AG*(4,2) = 40
AG*(5,2) = 34
NL(4,2) = 32, AG*'s used 34
NL(4,1) NOT POSSIBLE
NL(4,5) NOT POSSIBLE
Max in loop inf, 0.6186359687228498
New mintv = 0.08431798436142485
Sample size required for audit is inf ballots
------------------------------------------------
Assertion set BEFORE filtering:
(4, 'AG', 0, 3214)
(3, 'AG*', 0, 3214)
(3, 'AG*', 1, 40)
(3, 'NL', 1, 34)
(2, 'MT', None, (0.6186359687228498, 4))
(2, 'QT', None, 91)
(0, 'AG', 1, 226)
(4, 'AG', 1, 34)
(2, 'LT', None, (0.03431798436142485, 177))
------------------------------------------------
Final set of assertions AFTER filtering:
(4, 'AG', 0, 3214)
(3, 'AG*', 0, 3214)
(3, 'AG*', 1, 40)
(3, 'NL', 1, 34)
(2, 'MT', None, (0.6186359687228498, 4))
(2, 'QT', None, 91)
(0, 'AG', 1, 226)
(4, 'AG', 1, 34)
(2, 'LT', None, (0.03431798436142485, 177))
------------------------------------------------
Explanations for AG* inclusion:
   Explanation for (4, 'AG', 0, 3214): []
   Explanation for (3, 'AG*', 0, 3214): []
   Explanation for (3, 'AG*', 1, 40): []
   Explanation for (0, 'AG', 1, 226): []
   Explanation for (4, 'AG', 1, 34): []
------------------------------------------------
