VALID BALLOTS 2358
86 ballot checks required to assert that first winner has a quota's worth of votes
AUD TV 0.12193396226415094, ss 112
AG*(1,2) = 39
AG*(1,4) = 73
AG*(1,2) = 39
AG*(1,4) = 73
AG*(3,2) = 33
AG*(3,4) = 48
NL(1,2) = 39, AG*'s used 0
Max in loop 112, 0.12193396226415094
AUD TV 0.17193396226415095, ss 53
AG*(1,2) = 42
AG*(1,4) = 81
AG*(1,2) = 42
AG*(1,4) = 81
AG*(3,2) = 33
AG*(3,4) = 48
NL(1,2) = 42, AG*'s used 0
Max in loop 86, 0.17193396226415095
AUD TV 0.22193396226415096, ss 33
AG*(1,2) = 44
AG*(1,4) = 90
AG*(1,2) = 44
AG*(1,4) = 90
AG*(3,2) = 33
AG*(3,4) = 48
NL(1,2) = 44, AG*'s used 0
Max in loop 86, 0.22193396226415096
AUD TV 0.27193396226415095, ss 23
AG*(1,2) = 47
AG*(1,4) = 103
AG*(1,2) = 47
AG*(1,4) = 103
AG*(3,2) = 33
AG*(3,4) = 48
NL(1,2) = 47, AG*'s used 0
Max in loop 86, 0.27193396226415095
AUD TV 0.32193396226415094, ss 17
AG*(1,2) = 50
AG*(1,4) = 119
AG*(1,2) = 50
AG*(1,4) = 119
AG*(3,2) = 33
AG*(3,4) = 48
NL(1,2) = 50, AG*'s used 0
Max in loop 86, 0.32193396226415094
AUD TV 0.37193396226415093, ss 13
AG*(1,2) = 54
AG*(1,4) = 140
AG*(1,2) = 54
AG*(1,4) = 140
AG*(3,2) = 33
AG*(3,4) = 48
NL(1,2) = 54, AG*'s used 0
Max in loop 86, 0.37193396226415093
AUD TV 0.4219339622641509, ss 10
AG*(1,2) = 58
AG*(1,4) = 172
AG*(1,2) = 58
AG*(1,4) = 172
AG*(3,2) = 33
AG*(3,4) = 48
NL(1,2) = 58, AG*'s used 0
Max in loop 86, 0.4219339622641509
AUD TV 0.4719339622641509, ss 8
AG*(1,2) = 63
AG*(1,4) = 222
AG*(1,2) = 63
AG*(1,4) = 222
AG*(3,2) = 33
AG*(3,4) = 48
NL(1,2) = 63, AG*'s used 0
Max in loop 86, 0.4719339622641509
AUD TV 0.5219339622641509, ss 6
AG*(1,2) = 68
AG*(1,4) = 312
AG*(1,2) = 68
AG*(1,4) = 312
AG*(3,2) = 33
AG*(3,4) = 48
NL(1,2) = 68, AG*'s used 0
Max in loop 86, 0.5219339622641509
AUD TV 0.5719339622641509, ss 5
AG*(1,2) = 75
AG*(1,4) = 668
AG*(1,2) = 75
AG*(1,4) = 668
AG*(3,2) = 33
AG*(3,4) = 48
NL(1,2) = 75, AG*'s used 0
Max in loop 86, 0.5719339622641509
AUD TV 0.621933962264151, ss 4
AG*(1,2) = 84
AG*(1,4) = 2358
AG*(1,2) = 84
AG*(1,4) = 2358
AG*(3,2) = 33
AG*(3,4) = 48
NL(1,2) = 84, AG*'s used 0
Max in loop 86, 0.621933962264151
Sample size to show min tv of 0.03596698113207547 is 166
Sample size required for audit is 86 ballots
------------------------------------------------
Assertion set BEFORE filtering:
(0, 'NL', 1, 84)
(2, 'MT', None, (0.621933962264151, 4))
(2, 'QT', None, 86)
------------------------------------------------
Final set of assertions AFTER filtering:
(0, 'NL', 1, 84)
(2, 'MT', None, (0.621933962264151, 4))
(2, 'QT', None, 86)
------------------------------------------------
Explanations for AG* inclusion:
------------------------------------------------
