VALID BALLOTS 3503
258 ballot checks required to assert that first winner has a quota's worth of votes
AUD TV 0.07504173622704507, ss 123
AG*(1,2) = 26
AG*(1,3) = 16
AG*(1,4) = 29
AG*(1,6) = 24
AG*(1,7) = 23
AG*(1,8) = 17
AG*(1,9) = 20
AG*(1,2) = 26
AG*(1,3) = 16
AG*(1,4) = 29
AG*(1,6) = 24
AG*(1,7) = 23
AG*(1,8) = 17
AG*(1,9) = 20
AG*(2,8) = 3503
AG*(4,8) = 362
AG*(5,2) = 21
AG*(5,3) = 21
AG*(5,4) = 30
AG*(5,6) = 53
AG*(5,7) = 20
AG*(5,8) = 16
AG*(5,9) = 19
AG*(6,8) = 299
AG*(7,8) = 317
NL(1,8) = 17, AG*'s used 16
NL(1,3) = 16, AG*'s used 0
NL(1,9) = 20, AG*'s used 17
NL(1,7) = 22, AG*'s used 20
NL(1,6) = 22, AG*'s used 23
NL(1,2) = 20, AG*'s used 24
Max in loop 258, 0.07504173622704507
AUD TV 0.12504173622704506, ss 58
AG*(1,2) = 27
AG*(1,3) = 16
AG*(1,4) = 30
AG*(1,6) = 25
AG*(1,7) = 24
AG*(1,8) = 17
AG*(1,9) = 21
AG*(1,2) = 27
AG*(1,3) = 16
AG*(1,4) = 30
AG*(1,6) = 25
AG*(1,7) = 24
AG*(1,8) = 17
AG*(1,9) = 21
AG*(4,8) = 399
AG*(5,2) = 21
AG*(5,3) = 21
AG*(5,4) = 30
AG*(5,6) = 53
AG*(5,7) = 20
AG*(5,8) = 16
AG*(5,9) = 19
AG*(6,8) = 335
AG*(7,8) = 335
NL(1,8) = 17, AG*'s used 16
NL(1,3) = 16, AG*'s used 0
NL(1,9) = 20, AG*'s used 17
NL(1,7) = 23, AG*'s used 21
NL(1,6) = 23, AG*'s used 24
NL(1,2) = 24, AG*'s used 24
Max in loop 258, 0.12504173622704506
AUD TV 0.17504173622704505, ss 36
AG*(1,2) = 27
AG*(1,3) = 16
AG*(1,4) = 32
AG*(1,6) = 25
AG*(1,7) = 24
AG*(1,8) = 17
AG*(1,9) = 21
AG*(1,2) = 27
AG*(1,3) = 16
AG*(1,4) = 32
AG*(1,6) = 25
AG*(1,7) = 24
AG*(1,8) = 17
AG*(1,9) = 21
AG*(4,8) = 505
AG*(5,2) = 21
AG*(5,3) = 21
AG*(5,4) = 30
AG*(5,6) = 53
AG*(5,7) = 20
AG*(5,8) = 16
AG*(5,9) = 19
AG*(6,8) = 380
AG*(7,8) = 354
NL(1,8) = 17, AG*'s used 16
NL(1,3) = 16, AG*'s used 0
NL(1,9) = 21, AG*'s used 17
NL(1,7) = 23, AG*'s used 21
NL(1,6) = 23, AG*'s used 24
NL(1,2) = 20, AG*'s used 25
Max in loop 258, 0.17504173622704505
AUD TV 0.22504173622704504, ss 25
AG*(1,2) = 28
AG*(1,3) = 16
AG*(1,4) = 33
AG*(1,6) = 26
AG*(1,7) = 25
AG*(1,8) = 18
AG*(1,9) = 21
AG*(1,2) = 28
AG*(1,3) = 16
AG*(1,4) = 33
AG*(1,6) = 26
AG*(1,7) = 25
AG*(1,8) = 18
AG*(1,9) = 21
AG*(4,8) = 637
AG*(5,2) = 21
AG*(5,3) = 21
AG*(5,4) = 30
AG*(5,6) = 53
AG*(5,7) = 20
AG*(5,8) = 16
AG*(5,9) = 19
AG*(6,8) = 501
AG*(7,8) = 375
NL(1,8) = 17, AG*'s used 16
NL(1,3) = 16, AG*'s used 0
NL(1,9) = 21, AG*'s used 18
NL(1,7) = 24, AG*'s used 21
NL(1,6) = 24, AG*'s used 25
NL(1,2) = 21, AG*'s used 26
Max in loop 258, 0.22504173622704504
AUD TV 0.27504173622704503, ss 19
AG*(1,2) = 29
AG*(1,3) = 17
AG*(1,4) = 34
AG*(1,6) = 26
AG*(1,7) = 25
AG*(1,8) = 18
AG*(1,9) = 22
AG*(1,2) = 29
AG*(1,3) = 17
AG*(1,4) = 34
AG*(1,6) = 26
AG*(1,7) = 25
AG*(1,8) = 18
AG*(1,9) = 22
AG*(4,8) = 737
AG*(5,2) = 21
AG*(5,3) = 21
AG*(5,4) = 30
AG*(5,6) = 53
AG*(5,7) = 20
AG*(5,8) = 16
AG*(5,9) = 19
AG*(6,8) = 668
AG*(7,8) = 399
NL(1,8) = 18, AG*'s used 17
NL(1,3) = 17, AG*'s used 0
NL(1,9) = 21, AG*'s used 18
NL(1,7) = 24, AG*'s used 22
NL(1,6) = 24, AG*'s used 25
NL(1,2) = 21, AG*'s used 26
Max in loop 258, 0.27504173622704503
AUD TV 0.325041736227045, ss 14
AG*(1,2) = 30
AG*(1,3) = 17
AG*(1,4) = 35
AG*(1,6) = 27
AG*(1,7) = 26
AG*(1,8) = 18
AG*(1,9) = 22
AG*(1,2) = 30
AG*(1,3) = 17
AG*(1,4) = 35
AG*(1,6) = 27
AG*(1,7) = 26
AG*(1,8) = 18
AG*(1,9) = 22
AG*(4,8) = 863
AG*(5,2) = 21
AG*(5,3) = 21
AG*(5,4) = 30
AG*(5,6) = 53
AG*(5,7) = 20
AG*(5,8) = 16
AG*(5,9) = 19
AG*(6,8) = 830
AG*(7,8) = 427
NL(1,8) = 18, AG*'s used 17
NL(1,3) = 17, AG*'s used 0
NL(1,9) = 22, AG*'s used 18
NL(1,7) = 25, AG*'s used 22
NL(1,6) = 25, AG*'s used 22
NL(1,2) = 22, AG*'s used 27
Max in loop 258, 0.325041736227045
AUD TV 0.375041736227045, ss 11
AG*(1,2) = 31
AG*(1,3) = 17
AG*(1,4) = 37
AG*(1,6) = 27
AG*(1,7) = 27
AG*(1,8) = 18
AG*(1,9) = 22
AG*(1,2) = 31
AG*(1,3) = 17
AG*(1,4) = 37
AG*(1,6) = 27
AG*(1,7) = 27
AG*(1,8) = 18
AG*(1,9) = 22
AG*(4,8) = 1049
AG*(5,2) = 21
AG*(5,3) = 21
AG*(5,4) = 30
AG*(5,6) = 53
AG*(5,7) = 20
AG*(5,8) = 16
AG*(5,9) = 19
AG*(6,8) = 1180
AG*(7,8) = 521
NL(1,8) = 18, AG*'s used 17
NL(1,3) = 17, AG*'s used 0
NL(1,9) = 22, AG*'s used 18
NL(1,7) = 26, AG*'s used 22
NL(1,6) = 26, AG*'s used 22
NL(1,2) = 22, AG*'s used 27
Max in loop 258, 0.375041736227045
AUD TV 0.425041736227045, ss 9
AG*(1,2) = 32
AG*(1,3) = 17
AG*(1,4) = 39
AG*(1,6) = 27
AG*(1,7) = 28
AG*(1,8) = 18
AG*(1,9) = 23
AG*(1,2) = 32
AG*(1,3) = 17
AG*(1,4) = 39
AG*(1,6) = 27
AG*(1,7) = 28
AG*(1,8) = 18
AG*(1,9) = 23
AG*(4,8) = 1673
AG*(5,2) = 21
AG*(5,3) = 21
AG*(5,4) = 30
AG*(5,6) = 53
AG*(5,7) = 20
AG*(5,8) = 16
AG*(5,9) = 19
AG*(6,8) = 2380
AG*(7,8) = 631
NL(1,8) = 18, AG*'s used 17
NL(1,3) = 17, AG*'s used 0
NL(1,9) = 22, AG*'s used 18
NL(1,7) = 26, AG*'s used 23
NL(1,6) = 26, AG*'s used 23
NL(1,2) = 24, AG*'s used 27
Max in loop 258, 0.425041736227045
AUD TV 0.475041736227045, ss 7
AG*(1,2) = 33
AG*(1,3) = 17
AG*(1,4) = 40
AG*(1,6) = 28
AG*(1,7) = 29
AG*(1,8) = 18
AG*(1,9) = 23
AG*(1,2) = 33
AG*(1,3) = 17
AG*(1,4) = 40
AG*(1,6) = 28
AG*(1,7) = 29
AG*(1,8) = 18
AG*(1,9) = 23
AG*(4,8) = 2683
AG*(5,2) = 21
AG*(5,3) = 21
AG*(5,4) = 30
AG*(5,6) = 53
AG*(5,7) = 20
AG*(5,8) = 16
AG*(5,9) = 19
AG*(6,8) = 3503
AG*(7,8) = 685
NL(1,8) = 18, AG*'s used 17
NL(1,3) = 17, AG*'s used 0
NL(1,9) = 23, AG*'s used 18
NL(1,7) = 27, AG*'s used 23
NL(1,6) = 27, AG*'s used 23
NL(1,2) = 24, AG*'s used 28
Max in loop 258, 0.475041736227045
AUD TV 0.525041736227045, ss 6
AG*(1,2) = 34
AG*(1,3) = 17
AG*(1,4) = 42
AG*(1,6) = 28
AG*(1,7) = 30
AG*(1,8) = 18
AG*(1,9) = 23
AG*(1,2) = 34
AG*(1,3) = 17
AG*(1,4) = 42
AG*(1,6) = 28
AG*(1,7) = 30
AG*(1,8) = 18
AG*(1,9) = 23
AG*(4,8) = 3503
AG*(5,2) = 21
AG*(5,3) = 21
AG*(5,4) = 30
AG*(5,6) = 53
AG*(5,7) = 20
AG*(5,8) = 16
AG*(5,9) = 19
AG*(6,8) = 970
AG*(7,8) = 757
NL(1,8) = 18, AG*'s used 17
NL(1,3) = 17, AG*'s used 0
NL(1,9) = 23, AG*'s used 18
NL(1,7) = 23, AG*'s used 28
NL(1,6) = 27, AG*'s used 23
NL(1,2) = 25, AG*'s used 28
Max in loop 258, 0.525041736227045
AUD TV 0.575041736227045, ss 4
AG*(1,2) = 35
AG*(1,3) = 17
AG*(1,4) = 44
AG*(1,6) = 29
AG*(1,7) = 30
AG*(1,8) = 18
AG*(1,9) = 24
AG*(1,2) = 35
AG*(1,3) = 17
AG*(1,4) = 44
AG*(1,6) = 29
AG*(1,7) = 30
AG*(1,8) = 18
AG*(1,9) = 24
AG*(4,8) = 3503
AG*(5,2) = 21
AG*(5,3) = 21
AG*(5,4) = 30
AG*(5,6) = 53
AG*(5,7) = 20
AG*(5,8) = 16
AG*(5,9) = 19
AG*(7,8) = 837
NL(1,8) = 18, AG*'s used 17
NL(1,3) = 17, AG*'s used 0
NL(1,9) = 23, AG*'s used 18
NL(1,7) = 23, AG*'s used 29
NL(1,6) = 28, AG*'s used 24
NL(1,2) = 26, AG*'s used 29
Max in loop 258, 0.575041736227045
AUD TV 0.6250417362270451, ss 3
AG*(1,2) = 36
AG*(1,3) = 17
AG*(1,4) = 47
AG*(1,6) = 30
AG*(1,7) = 32
AG*(1,8) = 19
AG*(1,9) = 24
AG*(1,2) = 36
AG*(1,3) = 17
AG*(1,4) = 47
AG*(1,6) = 30
AG*(1,7) = 32
AG*(1,8) = 19
AG*(1,9) = 24
AG*(5,2) = 21
AG*(5,3) = 21
AG*(5,4) = 30
AG*(5,6) = 53
AG*(5,7) = 20
AG*(5,8) = 16
AG*(5,9) = 19
AG*(7,8) = 942
NL(1,8) = 18, AG*'s used 17
NL(1,3) = 17, AG*'s used 0
NL(1,9) = 24, AG*'s used 19
NL(1,7) = 24, AG*'s used 30
NL(1,6) = 28, AG*'s used 24
NL(1,2) = 26, AG*'s used 30
Max in loop 258, 0.6250417362270451
Sample size to show min tv of 0.012520868113522538 is 641
Sample size required for audit is 258 ballots
------------------------------------------------
Assertion set BEFORE filtering:
(0, 'NL', 5, 28)
(0, 'AG*', 7, 19)
(4, 'QT', None, 258)
(0, 'NL', 7, 18)
(4, 'MT', None, (0.6250417362270451, 3))
(0, 'AG*', 2, 17)
(0, 'NL', 1, 30)
(0, 'AG*', 5, 30)
(0, 'NL', 8, 24)
(0, 'NL', 2, 17)
(0, 'AG*', 8, 24)
(0, 'NL', 6, 30)
------------------------------------------------
Final set of assertions AFTER filtering:
(0, 'NL', 5, 28)
(0, 'AG*', 7, 19)
(4, 'QT', None, 258)
(0, 'NL', 7, 18)
(4, 'MT', None, (0.6250417362270451, 3))
(0, 'AG*', 2, 17)
(0, 'NL', 1, 30)
(0, 'AG*', 5, 30)
(0, 'NL', 8, 24)
(0, 'NL', 2, 17)
(0, 'AG*', 8, 24)
(0, 'NL', 6, 30)
------------------------------------------------
Explanations for AG* inclusion:
   Explanation for (0, 'AG*', 7, 19): []
   Explanation for (0, 'AG*', 2, 17): []
   Explanation for (0, 'AG*', 5, 30): []
   Explanation for (0, 'AG*', 8, 24): []
------------------------------------------------
