VALID BALLOTS 6255
Winner 1
Winner 8
Computing AG relationships
6 AG 3 = 164
7 AG 3 = 57
7 AG 4 = 121
1 AG 3 = 24
1 AG 4 = 28
1 AG 2 = 107
1 AG 7 = 106
1 AG 5 = 655
5 AG 3 = 58
8 AG 3 = 68
Ruling out candidates: [(3, 57), (4, 121)]
STAGE 1 ASN (Ruling out candidates): 121
ALTERNATE OUTCOME PAIR: 2,6
   (1) can we show that 7 NL 6?
        a. margin -0.1599253930189184
      no
   (1) can we show that 7 NL 2?
        a. margin -0.03479882760458375
      no
   (1) can we show that 1 NL 6?
        a. margin 0.10370370370370297
      yes, 44, ags used 106 = 106
   (1) can we show that 1 NL 2?
        a. margin 0.05430322408739574
      yes, 70, ags used 28 = 70
   (1) can we show that 5 NL 6?
        a. margin -0.17692512656541437
      no
   (1) can we show that 5 NL 2?
        a. margin 0.0681055155875292
      yes, 67, ags used 107 = 107
   (1) can we show that 8 NL 6?
        a. margin -0.09698907540634227
      no
   (1) can we show that 8 NL 2?
        a. margin 0.029416466826538423
      yes, 155, ags used 107 = 155
      Best assertion(s) require sample: 70

ALTERNATE OUTCOME PAIR: 2,7
   (1) can we show that 6 NL 7?
        a. margin -0.07828403943511852
      no
   (1) can we show that 6 NL 2?
        a. margin -0.014814814814815724
      no
   (1) can we show that 1 NL 7?
        a. margin 0.04487077005062545
      yes, 82, ags used 28 = 82
   (1) can we show that 1 NL 2?
        a. margin 0.044018118838262454
      yes, 83, ags used 28 = 83
   (1) can we show that 5 NL 7?
        a. margin -0.02408739674926741
      no
   (1) can we show that 5 NL 2?
        a. margin 0.06048494537703064
      yes, 75, ags used 107 = 107
   (1) can we show that 8 NL 7?
        a. margin -0.04002131628030914
      no
   (1) can we show that 8 NL 2?
        a. margin 0.028403943511856378
      yes, 161, ags used 107 = 161
      Best assertion(s) require sample: 82

ALTERNATE OUTCOME PAIR: 2,1
   (1) can we show that 6 NL 1?
        a. margin -0.34681588062883006
      no
   (1) can we show that 6 NL 2?
        a. margin -0.06869171329603019
      no
   (1) can we show that 7 NL 1?
        a. margin -0.15358379962696533
      no
   (1) can we show that 7 NL 2?
        a. margin -0.056488142819078324
      no
   (1) can we show that 5 NL 1?
        a. margin -0.2985345057287503
      no
   (1) can we show that 5 NL 2?
        a. margin -0.027764455102585184
      no
   (1) can we show that 8 NL 1?
        a. margin -0.3067412736477484
      no
   (1) can we show that 8 NL 2?
        a. margin -0.022808419930722912
      no

ALTERNATE OUTCOME PAIR: 2,5
   (1) can we show that 6 NL 5?
        a. margin -0.09533706368238748
      no
   (1) can we show that 6 NL 2?
        a. margin 0.002238209432453342
      yes, 1829, ags used 164 = 1829
   (1) can we show that 7 NL 5?
        a. margin -0.08020250466293677
      no
   (1) can we show that 7 NL 2?
        a. margin -0.01955768718358719
      no
   (1) can we show that 1 NL 5?
        a. margin 0.013589128697041764
      yes, 26, ags used 106 = 106
   (1) can we show that 1 NL 2?
        a. margin 0.06943778310684712
      yes, 57, ags used 28 = 57
   (1) can we show that 8 NL 5?
        a. margin -0.05712763122835118
      no
   (1) can we show that 8 NL 2?
        a. margin 0.04524380495603464
      yes, 101, ags used 107 = 107
      Best assertion(s) require sample: 57

ALTERNATE OUTCOME PAIR: 2,8
   (1) can we show that 6 NL 8?
        a. margin -0.1792166266986409
      no
   (1) can we show that 6 NL 2?
        a. margin -0.013162803090861042
      no
   (1) can we show that 7 NL 8?
        a. margin -0.17937649880095907
      no
   (1) can we show that 7 NL 2?
        a. margin -0.029629629629630783
      no
   (1) can we show that 1 NL 8?
        a. margin 0.0762589928057551
      yes, 60, ags used 106 = 106
   (1) can we show that 1 NL 2?
        a. margin 0.05947242206234926
      yes, 65, ags used 28 = 65
   (1) can we show that 5 NL 8?
        a. margin -0.2015454303224088
      no
   (1) can we show that 5 NL 2?
        a. margin 0.07215560884625516
      yes, 63, ags used 107 = 107
      Best assertion(s) require sample: 65

ALTERNATE OUTCOME PAIR: 6,7
   (1) can we show that 2 NL 7?
        a. margin -0.15683453237410028
      no
   (1) can we show that 2 NL 6?
        a. margin -0.30770050626165724
      no
   (1) can we show that 1 NL 7?
        a. margin 0.04721556088462475
      yes, 78, ags used 28 = 78
   (1) can we show that 1 NL 6?
        a. margin -0.03970157207567304
      no
   (1) can we show that 5 NL 7?
        a. margin -0.021636024513722152
      no
   (1) can we show that 5 NL 6?
        a. margin -0.169411137756462
      no
   (1) can we show that 8 NL 7?
        a. margin -0.03964828137490006
      no
   (1) can we show that 8 NL 6?
        a. margin -0.09469757527311551
      no
      Best assertion(s) require sample: 78

ALTERNATE OUTCOME PAIR: 6,1
   (1) can we show that 2 NL 1?
        a. margin -0.42749800159872064
      no
   (1) can we show that 2 NL 6?
        a. margin -0.3015720756727951
      no
   (1) can we show that 7 NL 1?
        a. margin -0.1512390087929658
      no
   (1) can we show that 7 NL 6?
        a. margin -0.1634425792699178
      no
   (1) can we show that 5 NL 1?
        a. margin -0.29491073807620516
      no
   (1) can we show that 5 NL 6?
        a. margin -0.1612576605382363
      no
   (1) can we show that 8 NL 1?
        a. margin -0.3064215294431121
      no
   (1) can we show that 8 NL 6?
        a. margin -0.08718358646416258
      no

ALTERNATE OUTCOME PAIR: 6,5
   (1) can we show that 2 NL 5?
        a. margin -0.17628563815614195
      no
   (1) can we show that 2 NL 6?
        a. margin -0.30194511057820406
      no
   (1) can we show that 7 NL 5?
        a. margin -0.07796429523048276
      no
   (1) can we show that 7 NL 6?
        a. margin -0.1460165201172401
      no
   (1) can we show that 1 NL 5?
        a. margin 0.016093791633359666
      yes, 25, ags used 106 = 106
   (1) can we show that 1 NL 6?
        a. margin 0.11787903010924561
      yes, 38, ags used 106 = 106
   (1) can we show that 8 NL 5?
        a. margin -0.05957900346389544
      no
   (1) can we show that 8 NL 6?
        a. margin -0.08915534239275269
      no
      Best assertion(s) require sample: 106

ALTERNATE OUTCOME PAIR: 6,8
   (1) can we show that 2 NL 8?
        a. margin -0.32811084465760665
      no
   (1) can we show that 2 NL 6?
        a. margin -0.27716493471889136
      no
   (1) can we show that 7 NL 8?
        a. margin -0.15603517186251048
      no
   (1) can we show that 7 NL 6?
        a. margin -0.1274180655475634
      no
   (1) can we show that 1 NL 8?
        a. margin 0.0998134825472945
      yes, 45, ags used 106 = 106
   (1) can we show that 1 NL 6?
        a. margin 0.1367972288835586
      yes, 33, ags used 106 = 106
   (1) can we show that 5 NL 8?
        a. margin -0.1769251265654147
      no
   (1) can we show that 5 NL 6?
        a. margin -0.14292565947242308
      no
      Best assertion(s) require sample: 106

ALTERNATE OUTCOME PAIR: 7,1
   (1) can we show that 2 NL 1?
        a. margin -0.3826272315480942
      no
   (1) can we show that 2 NL 7?
        a. margin -0.3388222755129223
      no
   (1) can we show that 6 NL 1?
        a. margin -0.29922728483879524
      no
   (1) can we show that 6 NL 7?
        a. margin -0.249826805222489
      no
   (1) can we show that 5 NL 1?
        a. margin -0.25046629363176187
      no
   (1) can we show that 5 NL 7?
        a. margin -0.20996536104449826
      no
   (1) can we show that 8 NL 1?
        a. margin -0.25989874766853216
      no
   (1) can we show that 8 NL 7?
        a. margin -0.21348254729549732
      no

ALTERNATE OUTCOME PAIR: 7,5
   (1) can we show that 2 NL 5?
        a. margin -0.18198774313882238
      no
   (1) can we show that 2 NL 7?
        a. margin -0.1588595790034638
      no
   (1) can we show that 6 NL 5?
        a. margin -0.09965361044497778
      no
   (1) can we show that 6 NL 7?
        a. margin -0.07801758593125485
      no
   (1) can we show that 1 NL 5?
        a. margin 0.00836664002131604
      yes, 196, ags used 107 = 196
   (1) can we show that 1 NL 7?
        a. margin 0.04625632827071646
      yes, 80, ags used 28 = 80
   (1) can we show that 8 NL 5?
        a. margin -0.06133759658939564
      no
   (1) can we show that 8 NL 7?
        a. margin -0.039754862776445576
      no
      Best assertion(s) require sample: 80

ALTERNATE OUTCOME PAIR: 7,8
   (1) can we show that 2 NL 8?
        a. margin -0.34601652011723905
      no
   (1) can we show that 2 NL 7?
        a. margin -0.15427657873700962
      no
   (1) can we show that 6 NL 8?
        a. margin -0.17255528910205198
      no
   (1) can we show that 6 NL 7?
        a. margin -0.07641886490807359
      no
   (1) can we show that 1 NL 8?
        a. margin -0.06549427124966756
      no
   (1) can we show that 1 NL 7?
        a. margin 0.04993338662403324
      yes, 75, ags used 28 = 75
   (1) can we show that 5 NL 8?
        a. margin -0.19126032507327528
      no
   (1) can we show that 5 NL 7?
        a. margin -0.019504396482813435
      no
      Best assertion(s) require sample: 75

ALTERNATE OUTCOME PAIR: 1,5
   (1) can we show that 2 NL 5?
        a. margin -0.1940314415134562
      no
   (1) can we show that 2 NL 1?
        a. margin -0.4302691180389022
      no
   (1) can we show that 6 NL 5?
        a. margin -0.11239008792965643
      no
   (1) can we show that 6 NL 1?
        a. margin -0.34569677591260317
      no
   (1) can we show that 7 NL 5?
        a. margin -0.09022115640820683
      no
   (1) can we show that 7 NL 1?
        a. margin -0.15198507860378396
      no
   (1) can we show that 8 NL 5?
        a. margin -0.07444710897948359
      no
   (1) can we show that 8 NL 1?
        a. margin -0.3057287503330667
      no

ALTERNATE OUTCOME PAIR: 5,8
   (1) can we show that 2 NL 8?
        a. margin -0.3388755662136955
      no
   (1) can we show that 2 NL 5?
        a. margin -0.17490007993605128
      no
   (1) can we show that 6 NL 8?
        a. margin -0.167119637623235
      no
   (1) can we show that 6 NL 5?
        a. margin -0.09725552891020528
      no
   (1) can we show that 7 NL 8?
        a. margin -0.16077804423128228
      no
   (1) can we show that 7 NL 5?
        a. margin -0.07498001598721071
      no
   (1) can we show that 1 NL 8?
        a. margin 0.094857447375432
      yes, 48, ags used 106 = 106
   (1) can we show that 1 NL 5?
        a. margin 0.018864908073540576
      yes, 25, ags used 106 = 106
      Best assertion(s) require sample: 106

RULE OUT PAIR STAGE ASN 106
------------------------------------------------
Alternate outcome cannot be ruled out: 2,1
Alternate outcome cannot be ruled out: 6,1
Alternate outcome cannot be ruled out: 7,1
Alternate outcome cannot be ruled out: 1,5
Full audit not possible
PARTIAL audit sample size: 121
------------------------------------------------
Final set of assertions generated:
(6, 'AG', 2, 57)
1 NL 7 = 75 [rules out (7, 8), G = {2, 3}, O = set()]
(6, 'AG', 3, 121)
1 NL 8 = 106 [rules out (5, 8), G = {2, 3, 6}, O = set()]

(0, 'AG', 6, 106)
1 NL 2 = 65 [rules out (2, 8), G = {2, 3}, O = set()]
1 NL 7 = 78 [rules out (6, 7), G = {2, 3}, O = set()]

1 NL 8 = 106 [rules out (6, 8), G = {2, 3, 6}, O = set()]

1 NL 7 = 80 [rules out (7, 5), G = {2, 3}, O = set()]
(0, 'AG', 3, 28)
(0, 'AG', 2, 24)
1 NL 7 = 82 [rules out (2, 7), G = {2, 3}, O = set()]

1 NL 5 = 106 [rules out (6, 5), G = {2, 3, 6}, O = set()]

1 NL 2 = 57 [rules out (2, 5), G = {2, 3}, O = set()]
1 NL 2 = 70 [rules out (2, 6), G = {2, 3}, O = set()]
[1] are verified winners with these assertions.
[2, 5, 6, 7, 8] remain as potential winners in this audit.
------------------------------------------------
