VALID BALLOTS 3227
Winner 5
Winner 2
Computing AG relationships
5 AG 6 = 21
5 AG 1 = 24
3 AG 6 = 36
3 AG 1 = 339
2 AG 6 = 30
2 AG 1 = 115
Ruling out candidates: [(6, 30), (1, 115)]
STAGE 1 ASN (Ruling out candidates): 115
ALTERNATE OUTCOME PAIR: 5,3
   (1) can we show that 2 NL 3?
        a. margin -0.06610887305030488
      no
   (1) can we show that 2 NL 5?
        a. margin -0.23055469476293744
      no
   (1) can we show that 2 NL 3?
        a. margin -0.06610887305030488
      no
   (1) can we show that 2 NL 5?
        a. margin -0.23055469476293744
      no

ALTERNATE OUTCOME PAIR: 3,2
   (1) can we show that 5 NL 2?
        a. margin -0.02902592707364926
      no
   (1) can we show that 5 NL 3?
        a. margin -0.03305443652515272
      no

ALTERNATE OUTCOME PAIR: 3,2
   (1) can we show that 5 NL 2?
        a. margin -0.02902592707364926
      no
   (1) can we show that 5 NL 3?
        a. margin -0.03305443652515272
      no

RULE OUT PAIR STAGE ASN 0
------------------------------------------------
Alternate outcome cannot be ruled out: 5,3
Alternate outcome cannot be ruled out: 3,2
Alternate outcome cannot be ruled out: 3,2
Full audit not possible
PARTIAL audit sample size: 115
------------------------------------------------
Final set of assertions generated:
(1, 'AG', 5, 30)
(4, 'AG', 5, 21)
(1, 'AG', 0, 115)
(4, 'AG', 0, 24)
[] are verified winners with these assertions.
[2, 3, 5] remain as potential winners in this audit.
------------------------------------------------
