VALID BALLOTS 8442
Winner 6
Winner 1
Computing AG relationships
6 AG 3 = 16
6 AG 5 = 16
6 AG 8 = 52
6 AG 4 = 26
6 AG 7 = 28
7 AG 3 = 630
2 AG 3 = 27
2 AG 5 = 34
2 AG 8 = 161
2 AG 4 = 64
2 AG 7 = 49
1 AG 3 = 21
1 AG 5 = 22
1 AG 8 = 89
1 AG 4 = 35
1 AG 7 = 49
Ruling out candidates: [(3, 21), (5, 22), (8, 89), (4, 35), (7, 49)]
STAGE 1 ASN (Ruling out candidates): 89
ALTERNATE OUTCOME PAIR: 6,2
   (1) can we show that 1 NL 2?
        a. margin -0.038497986259181216
      no
   (1) can we show that 1 NL 6?
        a. margin -0.0850114506830929
      no

ALTERNATE OUTCOME PAIR: 2,1
   (1) can we show that 6 NL 1?
        a. margin -0.016070441443577388
      no
   (1) can we show that 6 NL 2?
        a. margin -0.00544894574745447
      no

RULE OUT PAIR STAGE ASN 0
------------------------------------------------
Alternate outcome cannot be ruled out: 6,2
Alternate outcome cannot be ruled out: 2,1
Full audit not possible
PARTIAL audit sample size: 89
------------------------------------------------
Final set of assertions generated:
(5, 'AG', 2, 16)
(5, 'AG', 3, 26)
(5, 'AG', 4, 16)
(0, 'AG', 6, 49)
(0, 'AG', 3, 35)
(0, 'AG', 7, 89)
(0, 'AG', 2, 21)
(5, 'AG', 6, 28)
(0, 'AG', 4, 22)
(5, 'AG', 7, 52)
[] are verified winners with these assertions.
[1, 2, 6] remain as potential winners in this audit.
------------------------------------------------
