VALID BALLOTS 5104
Winner 2
Winner 4
Computing AG relationships
2 AG 6 = 23
2 AG 1 = 25
2 AG 5 = 81
2 AG 7 = 26
2 AG 3 = 63
3 AG 6 = 747
8 AG 6 = 31
8 AG 1 = 196
8 AG 5 = 82
8 AG 7 = 636
4 AG 6 = 27
4 AG 1 = 110
4 AG 5 = 54
4 AG 7 = 162
Ruling out candidates: [(6, 27), (1, 110), (5, 81), (7, 162)]
STAGE 1 ASN (Ruling out candidates): 162
ALTERNATE OUTCOME PAIR: 2,3
   (1) can we show that 8 NL 3?
        a. margin -0.1212121212121211
      no
   (1) can we show that 8 NL 2?
        a. margin -0.2155172413793096
      no
   (1) can we show that 4 NL 3?
        a. margin -0.10671368861024078
      no
   (1) can we show that 4 NL 2?
        a. margin -0.19925548589341624
      no

ALTERNATE OUTCOME PAIR: 2,8
   (1) can we show that 3 NL 8?
        a. margin -0.3313740856844303
      no
   (1) can we show that 3 NL 2?
        a. margin -0.3401253918495293
      no
   (1) can we show that 4 NL 8?
        a. margin -0.028539707419018234
      no
   (1) can we show that 4 NL 2?
        a. margin -0.2258359456635317
      no

ALTERNATE OUTCOME PAIR: 3,8
   (1) can we show that 2 NL 8?
        a. margin -0.08176593521421105
      no
   (1) can we show that 2 NL 3?
        a. margin 0.08738244514106452
      yes, 32, ags used 26 = 32
   (1) can we show that 4 NL 8?
        a. margin -0.032327586206896575
      no
   (1) can we show that 4 NL 3?
        a. margin 0.09567659352142122
      yes, 47, ags used 63 = 63
      Best assertion(s) require sample: 32

ALTERNATE OUTCOME PAIR: 3,4
   (1) can we show that 2 NL 4?
        a. margin -0.09502351097178663
      no
   (1) can we show that 2 NL 3?
        a. margin 0.0828761755485885
      yes, 33, ags used 26 = 33
   (1) can we show that 8 NL 4?
        a. margin -0.07445141065830707
      no
   (1) can we show that 8 NL 3?
        a. margin 0.06968390804597746
      yes, 65, ags used 63 = 65
      Best assertion(s) require sample: 33

ALTERNATE OUTCOME PAIR: 8,4
   (1) can we show that 2 NL 4?
        a. margin 0.0588427377220484
      yes, 77, ags used 63 = 77
   (1) can we show that 2 NL 8?
        a. margin 0.071251306165099
      yes, 64, ags used 63 = 64
   (1) can we show that 3 NL 4?
        a. margin -0.2887931034482746
      no
   (1) can we show that 3 NL 8?
        a. margin -0.2724660397074181
      no
      Best assertion(s) require sample: 64

RULE OUT PAIR STAGE ASN 64
------------------------------------------------
Alternate outcome cannot be ruled out: 2,3
Alternate outcome cannot be ruled out: 2,8
Full audit not possible
PARTIAL audit sample size: 162
------------------------------------------------
Final set of assertions generated:
2 NL 3 = 33 [rules out (3, 4), G = {0, 5, 6}, O = set()]
(1, 'AG', 6, 26)
(3, 'AG', 5, 27)
(3, 'AG', 4, 54)
(1, 'AG', 5, 23)
(3, 'AG', 0, 110)
2 NL 8 = 64 [rules out (8, 4), G = {0, 2, 5, 6}, O = set()]
(1, 'AG', 2, 63)
(3, 'AG', 6, 162)
(1, 'AG', 0, 25)
2 NL 3 = 32 [rules out (3, 8), G = {0, 5, 6}, O = set()]
(1, 'AG', 4, 81)
[2] are verified winners with these assertions.
[3, 4, 8] remain as potential winners in this audit.
------------------------------------------------
