VALID BALLOTS 4588
49 ballot checks required to assert that first winner has a quota's worth of votes
AUD TV 0.1706896551724138, ss 100
AG*(1,2) = 23
AG*(1,4) = 18
AG*(1,5) = 20
AG*(1,6) = 32
AG*(1,2) = 23
AG*(1,4) = 18
AG*(1,5) = 20
AG*(1,6) = 32
AG*(3,2) = 33
AG*(3,4) = 19
AG*(3,5) = 34
AG*(3,6) = 20
NL(1,4) = 18, AG*'s used 0
NL(1,2) = 20, AG*'s used 20
NL(1,5) = 19, AG*'s used 18
Max in loop 100, 0.1706896551724138
AUD TV 0.2206896551724138, ss 47
AG*(1,2) = 23
AG*(1,4) = 18
AG*(1,5) = 20
AG*(1,6) = 37
AG*(1,2) = 23
AG*(1,4) = 18
AG*(1,5) = 20
AG*(1,6) = 37
AG*(3,2) = 33
AG*(3,4) = 19
AG*(3,5) = 34
AG*(3,6) = 20
NL(1,4) = 18, AG*'s used 0
NL(1,2) = 21, AG*'s used 20
NL(1,5) = 20, AG*'s used 18
Max in loop 49, 0.2206896551724138
AUD TV 0.2706896551724138, ss 29
AG*(1,2) = 23
AG*(1,4) = 18
AG*(1,5) = 20
AG*(1,6) = 43
AG*(1,2) = 23
AG*(1,4) = 18
AG*(1,5) = 20
AG*(1,6) = 43
AG*(3,2) = 33
AG*(3,4) = 19
AG*(3,5) = 34
AG*(3,6) = 20
NL(1,4) = 18, AG*'s used 0
NL(1,2) = 21, AG*'s used 20
NL(1,5) = 20, AG*'s used 18
Max in loop 49, 0.2706896551724138
AUD TV 0.32068965517241377, ss 20
AG*(1,2) = 23
AG*(1,4) = 18
AG*(1,5) = 21
AG*(1,6) = 51
AG*(1,2) = 23
AG*(1,4) = 18
AG*(1,5) = 21
AG*(1,6) = 51
AG*(3,2) = 33
AG*(3,4) = 19
AG*(3,5) = 34
AG*(3,6) = 20
NL(1,4) = 18, AG*'s used 0
NL(1,2) = 21, AG*'s used 21
NL(1,5) = 20, AG*'s used 18
Max in loop 49, 0.32068965517241377
AUD TV 0.37068965517241376, ss 15
AG*(1,2) = 23
AG*(1,4) = 18
AG*(1,5) = 21
AG*(1,6) = 62
AG*(1,2) = 23
AG*(1,4) = 18
AG*(1,5) = 21
AG*(1,6) = 62
AG*(3,2) = 33
AG*(3,4) = 19
AG*(3,5) = 34
AG*(3,6) = 20
NL(1,4) = 18, AG*'s used 0
NL(1,2) = 21, AG*'s used 21
NL(1,5) = 20, AG*'s used 18
Max in loop 49, 0.37068965517241376
AUD TV 0.42068965517241375, ss 11
AG*(1,2) = 24
AG*(1,4) = 19
AG*(1,5) = 21
AG*(1,6) = 80
AG*(1,2) = 24
AG*(1,4) = 19
AG*(1,5) = 21
AG*(1,6) = 80
AG*(3,2) = 33
AG*(3,4) = 19
AG*(3,5) = 34
AG*(3,6) = 20
NL(1,4) = 19, AG*'s used 0
NL(1,2) = 21, AG*'s used 21
NL(1,5) = 21, AG*'s used 19
Max in loop 49, 0.42068965517241375
AUD TV 0.47068965517241373, ss 8
AG*(1,2) = 24
AG*(1,4) = 19
AG*(1,5) = 22
AG*(1,6) = 112
AG*(1,2) = 24
AG*(1,4) = 19
AG*(1,5) = 22
AG*(1,6) = 112
AG*(3,2) = 33
AG*(3,4) = 19
AG*(3,5) = 34
AG*(3,6) = 20
NL(1,4) = 19, AG*'s used 0
NL(1,2) = 21, AG*'s used 22
NL(1,5) = 21, AG*'s used 19
Max in loop 49, 0.47068965517241373
AUD TV 0.5206896551724137, ss 7
AG*(1,2) = 24
AG*(1,4) = 19
AG*(1,5) = 22
AG*(1,6) = 186
AG*(1,2) = 24
AG*(1,4) = 19
AG*(1,5) = 22
AG*(1,6) = 186
AG*(3,2) = 33
AG*(3,4) = 19
AG*(3,5) = 34
AG*(3,6) = 20
NL(1,4) = 19, AG*'s used 0
NL(1,2) = 21, AG*'s used 22
NL(1,5) = 21, AG*'s used 19
Max in loop 49, 0.5206896551724137
AUD TV 0.5706896551724138, ss 5
AG*(1,2) = 24
AG*(1,4) = 19
AG*(1,5) = 22
AG*(1,6) = 700
AG*(1,2) = 24
AG*(1,4) = 19
AG*(1,5) = 22
AG*(1,6) = 700
AG*(3,2) = 33
AG*(3,4) = 19
AG*(3,5) = 34
AG*(3,6) = 20
NL(1,4) = 19, AG*'s used 0
NL(1,2) = 21, AG*'s used 22
NL(1,5) = 22, AG*'s used 19
Max in loop 49, 0.5706896551724138
AUD TV 0.6206896551724138, ss 4
AG*(1,2) = 24
AG*(1,4) = 20
AG*(1,5) = 23
AG*(1,2) = 24
AG*(1,4) = 20
AG*(1,5) = 23
AG*(3,2) = 33
AG*(3,4) = 19
AG*(3,5) = 34
AG*(3,6) = 20
NL(1,4) = 20, AG*'s used 0
NL(1,2) = 21, AG*'s used 23
NL(1,5) = 22, AG*'s used 20
Max in loop 49, 0.6206896551724138
Sample size to show min tv of 0.0603448275862069 is 93
Sample size required for audit is 49 ballots
------------------------------------------------
Assertion set BEFORE filtering:
(2, 'MT', None, (0.6206896551724138, 4))
(0, 'AG*', 3, 20)
(0, 'NL', 3, 20)
(0, 'AG*', 4, 23)
(2, 'QT', None, 49)
(0, 'NL', 4, 22)
(0, 'NL', 1, 23)
------------------------------------------------
Final set of assertions AFTER filtering:
(2, 'MT', None, (0.6206896551724138, 4))
(0, 'AG*', 3, 20)
(0, 'NL', 3, 20)
(0, 'AG*', 4, 23)
(2, 'QT', None, 49)
(0, 'NL', 4, 22)
(0, 'NL', 1, 23)
------------------------------------------------
Explanations for AG* inclusion:
   Explanation for (0, 'AG*', 3, 20): []
   Explanation for (0, 'AG*', 4, 23): []
------------------------------------------------
