VALID BALLOTS 5559
Winner 4
Winner 1
Computing AG relationships
2 AG 6 = 3000
4 AG 6 = 128
4 AG 3 = 116
4 AG 7 = 211
1 AG 8 = 856
Ruling out candidates: [(6, 3000)]
STAGE 1 ASN (Ruling out candidates): 3000
ALTERNATE OUTCOME PAIR: 3,7
   (1) can we show that 5 NL 7?
        a. margin -0.04934940336991023
      no
   (1) can we show that 5 NL 3?
        a. margin -0.030041374347903993
      no
   (1) can we show that 8 NL 7?
        a. margin -0.046591113509623416
      no
   (1) can we show that 8 NL 3?
        a. margin -0.03705702464471927
      no
   (1) can we show that 2 NL 7?
        a. margin 0.02206631888229338
      yes, 206, ags used 211 = 211
   (1) can we show that 2 NL 3?
        a. margin 0.04755051867841975
      yes, 96, ags used 116 = 116
   (1) can we show that 4 NL 7?
        a. margin 0.025064460034777802
      yes, 142, ags used 128 = 142
   (1) can we show that 4 NL 3?
        a. margin 0.044672303172032635
      yes, 102, ags used 0 = 102
   (1) can we show that 1 NL 7?
        a. margin 0.052647358637645025
      yes, 86, ags used 211 = 211
   (1) can we show that 1 NL 3?
        a. margin 0.06667865923127692
      yes, 68, ags used 116 = 116
      Best assertion(s) require sample: 102

ALTERNATE OUTCOME PAIR: 3,5
   (1) can we show that 7 NL 5?
        a. margin -0.25346285303112004
      no
   (1) can we show that 7 NL 3?
        a. margin -0.06625891946992846
      no
   (1) can we show that 8 NL 5?
        a. margin -0.2555015890148099
      no
   (1) can we show that 8 NL 3?
        a. margin -0.03597769382982585
      no
   (1) can we show that 2 NL 5?
        a. margin -0.0011992564609943912
      no
   (1) can we show that 2 NL 3?
        a. margin 0.04461234034898376
      yes, 102, ags used 116 = 116
   (1) can we show that 4 NL 5?
        a. margin -0.03142051927804734
      no
   (1) can we show that 4 NL 3?
        a. margin 0.045331894225579816
      yes, 100, ags used 0 = 100
   (1) can we show that 1 NL 5?
        a. margin -0.0539065779216884
      no
   (1) can we show that 1 NL 3?
        a. margin 0.06739821310787297
      yes, 67, ags used 116 = 116
      Best assertion(s) require sample: 100

ALTERNATE OUTCOME PAIR: 3,8
   (1) can we show that 7 NL 8?
        a. margin -0.06212148467949852
      no
   (1) can we show that 7 NL 3?
        a. margin -0.06727828746177333
      no
   (1) can we show that 5 NL 8?
        a. margin -0.059842897403609485
      no
   (1) can we show that 5 NL 3?
        a. margin -0.030221262817053063
      no
   (1) can we show that 2 NL 8?
        a. margin 0.01451100317802978
      yes, 312, ags used 856 = 856
   (1) can we show that 2 NL 3?
        a. margin 0.04731066738622092
      yes, 96, ags used 116 = 116
   (1) can we show that 4 NL 8?
        a. margin 0.13077891707141576
      yes, 34, ags used 856 = 856
   (1) can we show that 4 NL 3?
        a. margin 0.0432331954188403
      yes, 105, ags used 0 = 105
   (1) can we show that 1 NL 8?
        a. margin 0.008934460634406616
      yes, 573, ags used 0 = 573
   (1) can we show that 1 NL 3?
        a. margin 0.06272111290999605
      yes, 73, ags used 116 = 116
      Best assertion(s) require sample: 105

ALTERNATE OUTCOME PAIR: 3,2
   (1) can we show that 7 NL 2?
        a. margin -0.26821370750134843
      no
   (1) can we show that 7 NL 3?
        a. margin -0.059663008934460415
      no
   (1) can we show that 5 NL 2?
        a. margin -0.18336631288601024
      no
   (1) can we show that 5 NL 3?
        a. margin -0.03136055645499802
      no
   (1) can we show that 8 NL 2?
        a. margin -0.2737302872219214
      no
   (1) can we show that 8 NL 3?
        a. margin -0.029381783294357255
      no
   (1) can we show that 4 NL 2?
        a. margin -0.050128920069556715
      no
   (1) can we show that 4 NL 3?
        a. margin 0.05210769323019693
      yes, 87, ags used 0 = 87
   (1) can we show that 1 NL 2?
        a. margin -0.07303471847454557
      no
   (1) can we show that 1 NL 3?
        a. margin 0.07429393775858983
      yes, 61, ags used 116 = 116
      Best assertion(s) require sample: 87

ALTERNATE OUTCOME PAIR: 3,4
   (1) can we show that 7 NL 4?
        a. margin -0.41020567248305995
      no
   (1) can we show that 7 NL 3?
        a. margin -0.18462553217005406
      no
   (1) can we show that 5 NL 4?
        a. margin -0.36361455897343575
      no
   (1) can we show that 5 NL 3?
        a. margin -0.14552977154164382
      no
   (1) can we show that 8 NL 4?
        a. margin -0.35839779336811095
      no
   (1) can we show that 8 NL 3?
        a. margin -0.1672962763086876
      no
   (1) can we show that 2 NL 4?
        a. margin -0.2737302872219216
      no
   (1) can we show that 2 NL 3?
        a. margin -0.06026263716495739
      no
   (1) can we show that 1 NL 4?
        a. margin -0.13149847094801137
      no
   (1) can we show that 1 NL 3?
        a. margin 0.04191401331174727
      yes, 109, ags used 856 = 856
      Best assertion(s) require sample: 856

ALTERNATE OUTCOME PAIR: 3,1
   (1) can we show that 7 NL 1?
        a. margin -0.313545601726929
      no
   (1) can we show that 7 NL 3?
        a. margin -0.062301373148647254
      no
   (1) can we show that 5 NL 1?
        a. margin -0.3172033339329612
      no
   (1) can we show that 5 NL 3?
        a. margin -0.02458475745038069
      no
   (1) can we show that 8 NL 1?
        a. margin -0.22294177609881805
      no
   (1) can we show that 8 NL 3?
        a. margin -0.038016429813515384
      no
   (1) can we show that 2 NL 1?
        a. margin -0.23421478683216368
      no
   (1) can we show that 2 NL 3?
        a. margin 0.05276728428374411
      yes, 86, ags used 116 = 116
   (1) can we show that 4 NL 1?
        a. margin -0.08340828686214541
      no
   (1) can we show that 4 NL 3?
        a. margin 0.04898962643161209
      yes, 93, ags used 0 = 93
      Best assertion(s) require sample: 93

ALTERNATE OUTCOME PAIR: 7,5
   (1) can we show that 3 NL 5?
        a. margin -0.26347664448042163
      no
   (1) can we show that 3 NL 7?
        a. margin -0.11308988427175126
      no
   (1) can we show that 8 NL 5?
        a. margin -0.25328296456197064
      no
   (1) can we show that 8 NL 7?
        a. margin -0.04239371589614449
      no
   (1) can we show that 2 NL 5?
        a. margin 0.0009594051687957794
      yes, 5559, ags used 3000 = 5559
   (1) can we show that 2 NL 7?
        a. margin 0.020087545721652722
      yes, 226, ags used 211 = 226
   (1) can we show that 4 NL 5?
        a. margin -0.022546021466690158
      no
   (1) can we show that 4 NL 7?
        a. margin 0.029081969179108436
      yes, 84, ags used 116 = 116
   (1) can we show that 1 NL 5?
        a. margin -0.051328176530550884
      no
   (1) can we show that 1 NL 7?
        a. margin 0.05642501648977616
      yes, 81, ags used 211 = 211
      Best assertion(s) require sample: 116

ALTERNATE OUTCOME PAIR: 7,8
   (1) can we show that 3 NL 8?
        a. margin -0.08202914193200195
      no
   (1) can we show that 3 NL 7?
        a. margin -0.11458895484799403
      no
   (1) can we show that 5 NL 8?
        a. margin -0.0575043473046708
      no
   (1) can we show that 5 NL 7?
        a. margin -0.04707081609402142
      no
   (1) can we show that 2 NL 8?
        a. margin 0.016969478923068104
      yes, 267, ags used 856 = 856
   (1) can we show that 2 NL 7?
        a. margin 0.024344906158181967
      yes, 187, ags used 211 = 211
   (1) can we show that 4 NL 8?
        a. margin 0.13809438148348008
      yes, 33, ags used 856 = 856
   (1) can we show that 4 NL 7?
        a. margin 0.027223121664567973
      yes, 87, ags used 116 = 116
   (1) can we show that 1 NL 8?
        a. margin 0.011512862025543802
      yes, 447, ags used 0 = 447
   (1) can we show that 1 NL 7?
        a. margin 0.05102836241530251
      yes, 89, ags used 211 = 211
      Best assertion(s) require sample: 116

ALTERNATE OUTCOME PAIR: 7,2
   (1) can we show that 3 NL 2?
        a. margin -0.28062601187263836
      no
   (1) can we show that 3 NL 7?
        a. margin -0.11021166876536537
      no
   (1) can we show that 5 NL 2?
        a. margin -0.1831264615938113
      no
   (1) can we show that 5 NL 7?
        a. margin -0.051328176530550995
      no
   (1) can we show that 8 NL 2?
        a. margin -0.2719913653534801
      no
   (1) can we show that 8 NL 7?
        a. margin -0.039755351681956874
      no
   (1) can we show that 4 NL 2?
        a. margin -0.04173412484259764
      no
   (1) can we show that 4 NL 7?
        a. margin 0.031780296216345816
      yes, 80, ags used 116 = 116
   (1) can we show that 1 NL 2?
        a. margin -0.07117587096000433
      no
   (1) can we show that 1 NL 7?
        a. margin 0.05912334352701332
      yes, 77, ags used 211 = 211
      Best assertion(s) require sample: 116

ALTERNATE OUTCOME PAIR: 7,4
   (1) can we show that 3 NL 4?
        a. margin -0.41398333033519186
      no
   (1) can we show that 3 NL 7?
        a. margin -0.1973976134796419
      no
   (1) can we show that 5 NL 4?
        a. margin -0.3644540384961318
      no
   (1) can we show that 5 NL 7?
        a. margin -0.15158601666966498
      no
   (1) can we show that 8 NL 4?
        a. margin -0.35827786772201153
      no
   (1) can we show that 8 NL 7?
        a. margin -0.15824189002818212
      no
   (1) can we show that 2 NL 4?
        a. margin -0.27397013851412066
      no
   (1) can we show that 2 NL 7?
        a. margin -0.07195538765965137
      no
   (1) can we show that 1 NL 4?
        a. margin -0.13155843377106058
      no
   (1) can we show that 1 NL 7?
        a. margin 0.04533189422558048
      yes, 100, ags used 856 = 856
      Best assertion(s) require sample: 856

ALTERNATE OUTCOME PAIR: 7,1
   (1) can we show that 3 NL 1?
        a. margin -0.33219403969538863
      no
   (1) can we show that 3 NL 7?
        a. margin -0.10925226359657003
      no
   (1) can we show that 5 NL 1?
        a. margin -0.31432511842657507
      no
   (1) can we show that 5 NL 7?
        a. margin -0.04155423637344857
      no
   (1) can we show that 8 NL 1?
        a. margin -0.22132277987647575
      no
   (1) can we show that 8 NL 7?
        a. margin -0.046471187863524444
      no
   (1) can we show that 2 NL 1?
        a. margin -0.2312766085027279
      no
   (1) can we show that 2 NL 7?
        a. margin 0.030041374347904215
      yes, 152, ags used 211 = 211
   (1) can we show that 4 NL 1?
        a. margin -0.07525334292738517
      no
   (1) can we show that 4 NL 7?
        a. margin 0.033039515500389305
      yes, 78, ags used 116 = 116
      Best assertion(s) require sample: 116

ALTERNATE OUTCOME PAIR: 5,8
   (1) can we show that 3 NL 8?
        a. margin -0.08520717155363666
      no
   (1) can we show that 3 NL 5?
        a. margin -0.26875337290879653
      no
   (1) can we show that 7 NL 8?
        a. margin -0.06284103855609502
      no
   (1) can we show that 7 NL 5?
        a. margin -0.2572405108832524
      no
   (1) can we show that 2 NL 8?
        a. margin 0.013011932601786791
      yes, 347, ags used 856 = 856
   (1) can we show that 2 NL 5?
        a. margin -0.0024584757450379913
      no
   (1) can we show that 4 NL 8?
        a. margin 0.01589014810817302
      yes, 285, ags used 211 = 285
   (1) can we show that 4 NL 5?
        a. margin 0.003058103975535076
      yes, 3000, ags used 211 = 3000
   (1) can we show that 1 NL 8?
        a. margin 0.009953828626251715
      yes, 516, ags used 0 = 516
   (1) can we show that 1 NL 5?
        a. margin -0.15212568207711208
      no
      Best assertion(s) require sample: 285

ALTERNATE OUTCOME PAIR: 5,2
   (1) can we show that 3 NL 2?
        a. margin -0.2580200275828979
      no
   (1) can we show that 3 NL 5?
        a. margin -0.21934400671583565
      no
   (1) can we show that 7 NL 2?
        a. margin -0.24464831804281262
      no
   (1) can we show that 7 NL 5?
        a. margin -0.20711159081369468
      no
   (1) can we show that 8 NL 2?
        a. margin -0.24980512082508732
      no
   (1) can we show that 8 NL 5?
        a. margin -0.2084907357438378
      no
   (1) can we show that 4 NL 2?
        a. margin 0.010853270971997286
      yes, 474, ags used 211 = 474
   (1) can we show that 4 NL 5?
        a. margin 0.008514720873058712
      yes, 89, ags used 211 = 211
   (1) can we show that 1 NL 2?
        a. margin -0.048809737962463684
      no
   (1) can we show that 1 NL 5?
        a. margin -0.007015650296815612
      no
      Best assertion(s) require sample: 211

ALTERNATE OUTCOME PAIR: 5,4
   (1) can we show that 3 NL 4?
        a. margin -0.4137434790429929
      no
   (1) can we show that 3 NL 5?
        a. margin -0.2539425556155176
      no
   (1) can we show that 7 NL 4?
        a. margin -0.4112850032979549
      no
   (1) can we show that 7 NL 5?
        a. margin -0.24189002818252592
      no
   (1) can we show that 8 NL 4?
        a. margin -0.3561791689152718
      no
   (1) can we show that 8 NL 5?
        a. margin -0.2414103255981277
      no
   (1) can we show that 2 NL 4?
        a. margin -0.2832044132637763
      no
   (1) can we show that 2 NL 5?
        a. margin 0.00029981411524837576
      yes, 610, ags used 3000 = 3000
   (1) can we show that 1 NL 4?
        a. margin -0.1292198836721229
      no
   (1) can we show that 1 NL 5?
        a. margin -0.04035497991245385
      no
      Best assertion(s) require sample: 3000

ALTERNATE OUTCOME PAIR: 5,1
   (1) can we show that 3 NL 1?
        a. margin -0.3364514001319179
      no
   (1) can we show that 3 NL 5?
        a. margin -0.2667146369251061
      no
   (1) can we show that 7 NL 1?
        a. margin -0.31510463512622144
      no
   (1) can we show that 7 NL 5?
        a. margin -0.25448222102296547
      no
   (1) can we show that 8 NL 1?
        a. margin -0.2234814415062656
      no
   (1) can we show that 8 NL 5?
        a. margin -0.25784013911374926
      no
   (1) can we show that 2 NL 1?
        a. margin -0.2382922587995442
      no
   (1) can we show that 2 NL 5?
        a. margin -0.00017988846914918089
      no
   (1) can we show that 4 NL 1?
        a. margin -0.047670444324518835
      no
   (1) can we show that 4 NL 5?
        a. margin 0.004437248905678759
      yes, 1518, ags used 211 = 1518
      Best assertion(s) require sample: 1518

ALTERNATE OUTCOME PAIR: 8,2
   (1) can we show that 3 NL 2?
        a. margin -0.2864424057084607
      no
   (1) can we show that 3 NL 8?
        a. margin -0.08466750614618923
      no
   (1) can we show that 7 NL 2?
        a. margin -0.2730107333453258
      no
   (1) can we show that 7 NL 8?
        a. margin -0.06188163338729957
      no
   (1) can we show that 5 NL 2?
        a. margin -0.1870840079150925
      no
   (1) can we show that 5 NL 8?
        a. margin -0.061341967979852474
      no
   (1) can we show that 4 NL 2?
        a. margin -0.016969478923067438
      no
   (1) can we show that 4 NL 8?
        a. margin 0.016729627630868604
      yes, 271, ags used 211 = 271
   (1) can we show that 1 NL 2?
        a. margin -0.17239311626791387
      no
   (1) can we show that 1 NL 8?
        a. margin 0.011692750494693538
      yes, 386, ags used 0 = 386
      Best assertion(s) require sample: 271

ALTERNATE OUTCOME PAIR: 8,4
   (1) can we show that 3 NL 4?
        a. margin -0.4116447802362535
      no
   (1) can we show that 3 NL 8?
        a. margin -0.07723211608802438
      no
   (1) can we show that 7 NL 4?
        a. margin -0.40882652755291704
      no
   (1) can we show that 7 NL 8?
        a. margin -0.05576542543622853
      no
   (1) can we show that 5 NL 4?
        a. margin -0.3606763806440004
      no
   (1) can we show that 5 NL 8?
        a. margin -0.05204773040714672
      no
   (1) can we show that 2 NL 4?
        a. margin -0.2698926665467407
      no
   (1) can we show that 2 NL 8?
        a. margin 0.022066318882293157
      yes, 206, ags used 856 = 856
   (1) can we show that 1 NL 4?
        a. margin -0.23499430353181028
      no
   (1) can we show that 1 NL 8?
        a. margin 0.01900821490675675
      yes, 239, ags used 0 = 239
      Best assertion(s) require sample: 239

ALTERNATE OUTCOME PAIR: 8,1
   (1) can we show that 3 NL 1?
        a. margin -0.30497091803082077
      no
   (1) can we show that 3 NL 8?
        a. margin -0.2220423337530727
      no
   (1) can we show that 7 NL 1?
        a. margin -0.28488337230916827
      no
   (1) can we show that 7 NL 8?
        a. margin -0.20039575463212755
      no
   (1) can we show that 5 NL 1?
        a. margin -0.2883012532230016
      no
   (1) can we show that 5 NL 8?
        a. margin -0.21040954608142903
      no
   (1) can we show that 2 NL 1?
        a. margin -0.20525274329915422
      no
   (1) can we show that 2 NL 8?
        a. margin -0.12760088744978104
      no
   (1) can we show that 4 NL 1?
        a. margin -0.016909516100018007
      no
   (1) can we show that 4 NL 8?
        a. margin 0.02032739701385089
      yes, 142, ags used 128 = 142
      Best assertion(s) require sample: 142

ALTERNATE OUTCOME PAIR: 2,4
   (1) can we show that 3 NL 4?
        a. margin -0.40732745697667416
      no
   (1) can we show that 3 NL 2?
        a. margin -0.2709719973616346
      no
   (1) can we show that 7 NL 4?
        a. margin -0.40229057984049854
      no
   (1) can we show that 7 NL 2?
        a. margin -0.2565809198297049
      no
   (1) can we show that 5 NL 4?
        a. margin -0.3714097259698984
      no
   (1) can we show that 5 NL 2?
        a. margin -0.17233315344486388
      no
   (1) can we show that 8 NL 4?
        a. margin -0.3475445223961139
      no
   (1) can we show that 8 NL 2?
        a. margin -0.25951909815913987
      no
   (1) can we show that 1 NL 4?
        a. margin -0.12052527432991533
      no
   (1) can we show that 1 NL 2?
        a. margin -0.059063380703963
      no

ALTERNATE OUTCOME PAIR: 2,1
   (1) can we show that 3 NL 1?
        a. margin -0.33519218084787383
      no
   (1) can we show that 3 NL 2?
        a. margin -0.28398392996342214
      no
   (1) can we show that 7 NL 1?
        a. margin -0.31378545301912764
      no
   (1) can we show that 7 NL 2?
        a. margin -0.27025244348503874
      no
   (1) can we show that 5 NL 1?
        a. margin -0.3208610661389937
      no
   (1) can we show that 5 NL 2?
        a. margin -0.18408586676260663
      no
   (1) can we show that 8 NL 1?
        a. margin -0.22024344906158122
      no
   (1) can we show that 8 NL 2?
        a. margin -0.2770882053127056
      no
   (1) can we show that 4 NL 1?
        a. margin -0.046291299394375596
      no
   (1) can we show that 4 NL 2?
        a. margin -0.014870780116327809
      no

RULE OUT PAIR STAGE ASN 3000
------------------------------------------------
EXAMINING WAYS TO REDUCE COST OF AUDIT
------------------------------------------------
Alternate outcome cannot be ruled out: 2,4
Alternate outcome cannot be ruled out: 2,1
Full audit not possible
PARTIAL audit sample size: 3000
------------------------------------------------
Final set of assertions generated:
4 NL 3 = 100 [rules out (3, 5), G = set(), O = set()]
4 NL 3 = 93 [rules out (3, 1), G = set(), O = set()]
4 NL 5 = 1518 [rules out (5, 1), G = {2, 5, 6}, O = set()]
4 NL 8 = 271 [rules out (8, 2), G = {2, 5, 6}, O = set()]
4 NL 3 = 105 [rules out (3, 8), G = set(), O = set()]
4 NL 3 = 87 [rules out (3, 2), G = set(), O = set()]
(3, 'AG', 2, 116)
4 NL 5 = 211 [rules out (5, 2), G = {2, 5, 6}, O = set()]
1 NL 8 = 239 [rules out (8, 4), G = set(), O = set()]
(1, 'AG', 5, 3000)
(3, 'AG', 5, 128)
(3, 'AG', 6, 211)
4 NL 3 = 102 [rules out (3, 7), G = set(), O = set()]
4 NL 7 = 116 [rules out (7, 8), G = {2}, O = set()]
4 NL 7 = 116 [rules out (7, 1), G = {2}, O = set()]
1 NL 3 = 856 [rules out (3, 4), G = {7}, O = set()]
4 NL 7 = 116 [rules out (7, 5), G = {2}, O = set()]
1 NL 7 = 856 [rules out (7, 4), G = {7}, O = set()]
4 NL 8 = 285 [rules out (5, 8), G = {2, 5, 6}, O = set()]

2 NL 5 = 3000 [rules out (5, 4), G = {5}, O = set()]
4 NL 8 = 142 [rules out (8, 1), G = {2, 5}, O = set()]
(0, 'AG', 7, 856)
4 NL 7 = 116 [rules out (7, 2), G = {2}, O = set()]
[] are verified winners with these assertions.
[1, 2, 4] remain as potential winners in this audit.
------------------------------------------------
