VALID BALLOTS 4841
Winner 3
Winner 2
Computing AG relationships
1 AG 5 = 255
2 AG 5 = 90
Ruling out candidates: [(5, 255)]
STAGE 1 ASN (Ruling out candidates): 255
ALTERNATE OUTCOME PAIR: 6,1
   (1) can we show that 3 NL 1?
        a. margin -0.2067754596157818
      no
   (1) can we show that 3 NL 6?
        a. margin -0.0091578874888113
      no
   (1) can we show that 2 NL 1?
        a. margin -0.12339048405976716
      no
   (1) can we show that 2 NL 6?
        a. margin -0.10218274461199484
      no
   (1) can we show that 2 NL 1?
        a. margin -0.12339048405976716
      no
   (1) can we show that 2 NL 6?
        a. margin -0.10218274461199484
      no

ALTERNATE OUTCOME PAIR: 6,3
   (1) can we show that 1 NL 3?
        a. margin -0.1757212697101147
      no
   (1) can we show that 1 NL 6?
        a. margin -0.12421675962266765
      no
   (1) can we show that 2 NL 3?
        a. margin -0.11237347655443086
      no
   (1) can we show that 2 NL 6?
        a. margin -0.05708187013702393
      no
   (1) can we show that 2 NL 3?
        a. margin -0.11237347655443086
      no
   (1) can we show that 2 NL 6?
        a. margin -0.05708187013702393
      no

ALTERNATE OUTCOME PAIR: 6,2
   (1) can we show that 1 NL 2?
        a. margin -0.22323211457687797
      no
   (1) can we show that 1 NL 6?
        a. margin -0.16071059698409385
      no
   (1) can we show that 3 NL 2?
        a. margin -0.24320044068030022
      no
   (1) can we show that 3 NL 6?
        a. margin -0.002478826688700919
      no

ALTERNATE OUTCOME PAIR: 6,2
   (1) can we show that 1 NL 2?
        a. margin -0.22323211457687797
      no
   (1) can we show that 1 NL 6?
        a. margin -0.16071059698409385
      no
   (1) can we show that 3 NL 2?
        a. margin -0.24320044068030022
      no
   (1) can we show that 3 NL 6?
        a. margin -0.002478826688700919
      no

ALTERNATE OUTCOME PAIR: 1,3
   (1) can we show that 6 NL 3?
        a. margin -0.20608689664669821
      no
   (1) can we show that 6 NL 1?
        a. margin -0.30152172416167444
      no
   (1) can we show that 2 NL 3?
        a. margin -0.1366108930661707
      no
   (1) can we show that 2 NL 1?
        a. margin -0.10941265578737158
      no
   (1) can we show that 2 NL 3?
        a. margin -0.1366108930661707
      no
   (1) can we show that 2 NL 1?
        a. margin -0.10941265578737158
      no

ALTERNATE OUTCOME PAIR: 1,2
   (1) can we show that 6 NL 2?
        a. margin -0.31605040280933683
      no
   (1) can we show that 6 NL 1?
        a. margin -0.2742546305859671
      no
   (1) can we show that 3 NL 2?
        a. margin -0.21751704193348487
      no
   (1) can we show that 3 NL 1?
        a. margin -0.17455071266267308
      no

ALTERNATE OUTCOME PAIR: 1,2
   (1) can we show that 6 NL 2?
        a. margin -0.31605040280933683
      no
   (1) can we show that 6 NL 1?
        a. margin -0.2742546305859671
      no
   (1) can we show that 3 NL 2?
        a. margin -0.21751704193348487
      no
   (1) can we show that 3 NL 1?
        a. margin -0.17455071266267308
      no

RULE OUT PAIR STAGE ASN 0
------------------------------------------------
EXAMINING WAYS TO REDUCE COST OF AUDIT
ALTERNATE OUTCOME PAIR: 5,6
   (1) can we show that 1 NL 6?
        a. margin -0.19121393651449425
      no
   (1) can we show that 1 NL 5?
        a. margin 0.02210287130758104
      yes, 56, ags used 90 = 90
   (1) can we show that 3 NL 6?
        a. margin -0.0167320801487294
      no
   (1) can we show that 3 NL 5?
        a. margin 0.08331611925910609
      yes, 54, ags used 90 = 90
   (1) can we show that 2 NL 6?
        a. margin -0.11705570474419857
      no
   (1) can we show that 2 NL 5?
        a. margin 0.05591131308958208
      yes, 81, ags used 0 = 81
   (1) can we show that 2 NL 6?
        a. margin -0.11705570474419857
      no
   (1) can we show that 2 NL 5?
        a. margin 0.05591131308958208
      yes, 81, ags used 0 = 81
      Best assertion(s) require sample: 81

ALTERNATE OUTCOME PAIR: 5,1
   (1) can we show that 6 NL 1?
        a. margin -0.30351855677201667
      no
   (1) can we show that 6 NL 5?
        a. margin 0.010810438614611062
      yes, 473, ags used 90 = 473
   (1) can we show that 3 NL 1?
        a. margin -0.20319493217654727
      no
   (1) can we show that 3 NL 5?
        a. margin 0.09584796529642592
      yes, 47, ags used 90 = 90
   (1) can we show that 2 NL 1?
        a. margin -0.13454520415892013
      no
   (1) can we show that 2 NL 5?
        a. margin 0.06637747021965135
      yes, 68, ags used 0 = 68
   (1) can we show that 2 NL 1?
        a. margin -0.13454520415892013
      no
   (1) can we show that 2 NL 5?
        a. margin 0.06637747021965135
      yes, 68, ags used 0 = 68
      Best assertion(s) require sample: 68

ALTERNATE OUTCOME PAIR: 5,3
   (1) can we show that 6 NL 3?
        a. margin -0.21910073676237674
      no
   (1) can we show that 6 NL 5?
        a. margin 0.05777043310610752
      yes, 79, ags used 255 = 255
   (1) can we show that 1 NL 3?
        a. margin -0.22405839013977835
      no
   (1) can we show that 1 NL 5?
        a. margin 0.023548853542656456
      yes, 55, ags used 90 = 90
   (1) can we show that 2 NL 3?
        a. margin -0.1538249672932589
      no
   (1) can we show that 2 NL 5?
        a. margin 0.058734421262824466
      yes, 77, ags used 0 = 77
   (1) can we show that 2 NL 3?
        a. margin -0.1538249672932589
      no
   (1) can we show that 2 NL 5?
        a. margin 0.058734421262824466
      yes, 77, ags used 0 = 77
      Best assertion(s) require sample: 77

ALTERNATE OUTCOME PAIR: 5,2
   (1) can we show that 6 NL 2?
        a. margin -0.3421469393376023
      no
   (1) can we show that 6 NL 5?
        a. margin 0.01625008607037115
      yes, 278, ags used 255 = 278
   (1) can we show that 1 NL 2?
        a. margin -0.2485023755422433
      no
   (1) can we show that 1 NL 5?
        a. margin 0.029608207670591025
      yes, 153, ags used 0 = 153
   (1) can we show that 3 NL 2?
        a. margin -0.24216759622667472
      no
   (1) can we show that 3 NL 5?
        a. margin 0.09963506162638547
      yes, 45, ags used 255 = 255
      Best assertion(s) require sample: 153

ALTERNATE OUTCOME PAIR: 5,2
   (1) can we show that 6 NL 2?
        a. margin -0.3421469393376023
      no
   (1) can we show that 6 NL 5?
        a. margin 0.01625008607037115
      yes, 278, ags used 255 = 278
   (1) can we show that 1 NL 2?
        a. margin -0.2485023755422433
      no
   (1) can we show that 1 NL 5?
        a. margin 0.029608207670591025
      yes, 153, ags used 0 = 153
   (1) can we show that 3 NL 2?
        a. margin -0.24216759622667472
      no
   (1) can we show that 3 NL 5?
        a. margin 0.09963506162638547
      yes, 45, ags used 255 = 255
      Best assertion(s) require sample: 153

4 ruled out by pairs, sample size 153
STAGE 1 ASN NOW 0
NEW RULE OUT PAIR STAGE ASN 153
------------------------------------------------
Alternate outcome cannot be ruled out: 6,1
Alternate outcome cannot be ruled out: 6,3
Alternate outcome cannot be ruled out: 6,2
Alternate outcome cannot be ruled out: 6,2
Alternate outcome cannot be ruled out: 1,3
Alternate outcome cannot be ruled out: 1,2
Alternate outcome cannot be ruled out: 1,2
Full audit not possible
PARTIAL audit sample size: 153
------------------------------------------------
Final set of assertions generated:
2 NL 5 = 77 [rules out (5, 3), G = set(), O = set()]
2 NL 5 = 68 [rules out (5, 1), G = set(), O = set()]
2 NL 5 = 81 [rules out (5, 6), G = set(), O = set()]
1 NL 5 = 153 [rules out (5, 2), G = set(), O = set()]
[] are verified winners with these assertions.
[1, 2, 3, 6] remain as potential winners in this audit.
------------------------------------------------
