VALID BALLOTS 6559
Winner 1
Winner 3
Computing AG relationships
5 AG 6 = 287
7 AG 6 = 134
1 AG 6 = 18
1 AG 4 = 20
1 AG 8 = 155
1 AG 5 = 55
1 AG 7 = 29
2 AG 6 = 33
2 AG 4 = 6277
2 AG 5 = 96
3 AG 6 = 31
3 AG 4 = 2677
3 AG 8 = 61
3 AG 5 = 144
Ruling out candidates: [(6, 31), (4, 2677), (8, 155), (5, 96)]
STAGE 1 ASN (Ruling out candidates): 2677
ALTERNATE OUTCOME PAIR: 7,1
   (1) can we show that 2 NL 1?
        a. margin -0.19459267164710103
      no
   (1) can we show that 2 NL 7?
        a. margin -0.08837729328657906
      no
   (1) can we show that 3 NL 1?
        a. margin -0.1705036336839969
      no
   (1) can we show that 3 NL 7?
        a. margin -0.06398333079229657
      no

ALTERNATE OUTCOME PAIR: 7,2
   (1) can we show that 1 NL 2?
        a. margin -0.016669207704426592
      no
   (1) can we show that 1 NL 7?
        a. margin 0.16115261472785392
      yes, 26, ags used 20 = 26
   (1) can we show that 3 NL 2?
        a. margin -0.061848859074046136
      no
   (1) can we show that 3 NL 7?
        a. margin 0.08090664227270383
      yes, 56, ags used 31 = 56
      Best assertion(s) require sample: 26

ALTERNATE OUTCOME PAIR: 7,3
   (1) can we show that 1 NL 3?
        a. margin -0.032728566346496124
      no
   (1) can we show that 1 NL 7?
        a. margin 0.16216902983178239
      yes, 26, ags used 20 = 26
   (1) can we show that 2 NL 3?
        a. margin -0.11749758601412841
      no
   (1) can we show that 2 NL 7?
        a. margin 0.06789652894241982
      yes, 66, ags used 33 = 66
      Best assertion(s) require sample: 26

ALTERNATE OUTCOME PAIR: 1,2
   (1) can we show that 7 NL 2?
        a. margin -0.2557300401483973
      no
   (1) can we show that 7 NL 1?
        a. margin -0.28708644610458955
      no
   (1) can we show that 3 NL 2?
        a. margin -0.051074858972405046
      no
   (1) can we show that 3 NL 1?
        a. margin -0.1946434924022974
      no

ALTERNATE OUTCOME PAIR: 2,3
   (1) can we show that 7 NL 3?
        a. margin -0.26101539868882484
      no
   (1) can we show that 7 NL 2?
        a. margin -0.23779031356406044
      no
   (1) can we show that 1 NL 3?
        a. margin 0.08588707628195191
      yes, 53, ags used 29 = 53
   (1) can we show that 1 NL 2?
        a. margin 0.00035574528637427605
      yes, 46, ags used 29 = 46
      Best assertion(s) require sample: 46

RULE OUT PAIR STAGE ASN 46
------------------------------------------------
EXAMINING WAYS TO REDUCE COST OF AUDIT
ALTERNATE OUTCOME PAIR: 4,7
   (1) can we show that 1 NL 7?
        a. margin 0.15744269959851587
      yes, 28, ags used 18 = 28
   (1) can we show that 1 NL 4?
        a. margin 0.2186817096102045
      yes, 20, ags used 18 = 20
   (1) can we show that 2 NL 7?
        a. margin 0.06525384967220593
      yes, 69, ags used 33 = 69
   (1) can we show that 2 NL 4?
        a. margin 0.016516745438836633
      yes, 30, ags used 20 = 30
   (1) can we show that 3 NL 7?
        a. margin 0.0791787365960257
      yes, 57, ags used 31 = 57
   (1) can we show that 3 NL 4?
        a. margin 0.017228236011586517
      yes, 30, ags used 20 = 30
      Best assertion(s) require sample: 20

ALTERNATE OUTCOME PAIR: 4,1
   (1) can we show that 7 NL 1?
        a. margin -0.2931341159729638
      no
   (1) can we show that 7 NL 4?
        a. margin 0.040148396605173
      yes, 114, ags used 2677 = 2677
   (1) can we show that 2 NL 1?
        a. margin -0.22879503989429306
      no
   (1) can we show that 2 NL 4?
        a. margin 0.03623519845504841
      yes, 55, ags used 96 = 96
   (1) can we show that 3 NL 1?
        a. margin -0.20231742643695716
      no
   (1) can we show that 3 NL 4?
        a. margin 0.0371499720485835
      yes, 67, ags used 61 = 67
      Best assertion(s) require sample: 67

ALTERNATE OUTCOME PAIR: 4,2
   (1) can we show that 7 NL 2?
        a. margin -0.2599989835848965
      no
   (1) can we show that 7 NL 4?
        a. margin 0.026630075722923863
      yes, 170, ags used 134 = 170
   (1) can we show that 1 NL 2?
        a. margin 0.06479646287543783
      yes, 67, ags used 55 = 67
   (1) can we show that 1 NL 4?
        a. margin 0.22909996442546943
      yes, 19, ags used 18 = 19
   (1) can we show that 3 NL 2?
        a. margin -0.06891294404634918
      no
   (1) can we show that 3 NL 4?
        a. margin 0.01240026426792551
      yes, 29, ags used 20 = 29
      Best assertion(s) require sample: 19

ALTERNATE OUTCOME PAIR: 4,3
   (1) can we show that 7 NL 3?
        a. margin -0.2874421913909643
      no
   (1) can we show that 7 NL 4?
        a. margin 0.021903745489657345
      yes, 207, ags used 134 = 207
   (1) can we show that 1 NL 3?
        a. margin 0.048076434415815106
      yes, 89, ags used 55 = 89
   (1) can we show that 1 NL 4?
        a. margin 0.22427199268181042
      yes, 20, ags used 18 = 20
   (1) can we show that 2 NL 3?
        a. margin -0.13015195405803726
      no
   (1) can we show that 2 NL 4?
        a. margin 0.007216547237890891
      yes, 29, ags used 20 = 29
      Best assertion(s) require sample: 20

3 ruled out by pairs, sample size 67
STAGE 1 ASN NOW 155
NEW RULE OUT PAIR STAGE ASN 67
ALTERNATE OUTCOME PAIR: 8,4
   (1) can we show that 7 NL 4?
        a. margin 0.017126594501193804
      yes, 264, ags used 134 = 264
   (1) can we show that 7 NL 8?
        a. margin 0.017177415256390383
      yes, 185, ags used 155 = 185
   (1) can we show that 1 NL 4?
        a. margin 0.21929155867256123
      yes, 20, ags used 18 = 20
   (1) can we show that 1 NL 8?
        a. margin 0.03094983991462108
      yes, 36, ags used 29 = 36
   (1) can we show that 2 NL 4?
        a. margin 0.003455811353356042
      yes, 30, ags used 20 = 30
   (1) can we show that 2 NL 8?
        a. margin 0.10860395385475408
      yes, 42, ags used 61 = 61
   (1) can we show that 3 NL 4?
        a. margin 0.003862377394927785
      yes, 30, ags used 20 = 30
   (1) can we show that 3 NL 8?
        a. margin 0.07618031203943687
      yes, 59, ags used 31 = 59
      Best assertion(s) require sample: 20

ALTERNATE OUTCOME PAIR: 8,7
   (1) can we show that 4 NL 7?
        a. margin -0.11556639731666385
      no
   (1) can we show that 4 NL 8?
        a. margin -0.05747827412715356
      no
   (1) can we show that 1 NL 7?
        a. margin 0.15790008639528308
      yes, 27, ags used 20 = 27
   (1) can we show that 1 NL 8?
        a. margin 0.03039081160746049
      yes, 18, ags used 61 = 61
   (1) can we show that 2 NL 7?
        a. margin 0.06525384967220593
      yes, 69, ags used 33 = 69
   (1) can we show that 2 NL 8?
        a. margin 0.11099252934898596
      yes, 41, ags used 61 = 61
   (1) can we show that 3 NL 7?
        a. margin 0.07861970828886511
      yes, 57, ags used 31 = 57
   (1) can we show that 3 NL 8?
        a. margin 0.07887381206484712
      yes, 57, ags used 31 = 57
      Best assertion(s) require sample: 27

ALTERNATE OUTCOME PAIR: 8,1
   (1) can we show that 4 NL 1?
        a. margin -0.4673984855414949
      no
   (1) can we show that 4 NL 8?
        a. margin -0.07887381206484756
      no
   (1) can we show that 7 NL 1?
        a. margin -0.2949128424048383
      no
   (1) can we show that 7 NL 8?
        a. margin 0.01804136809472978
      yes, 250, ags used 134 = 250
   (1) can we show that 2 NL 1?
        a. margin -0.22462773796818647
      no
   (1) can we show that 2 NL 8?
        a. margin 0.11536311429587776
      yes, 39, ags used 61 = 61
   (1) can we show that 3 NL 1?
        a. margin -0.23712964374650636
      no
   (1) can we show that 3 NL 8?
        a. margin 0.08420999136047147
      yes, 53, ags used 31 = 53
      Best assertion(s) require sample: 53

ALTERNATE OUTCOME PAIR: 8,2
   (1) can we show that 4 NL 2?
        a. margin -0.37632769222950624
      no
   (1) can we show that 4 NL 8?
        a. margin -0.05143060425877943
      no
   (1) can we show that 7 NL 2?
        a. margin -0.25750876658027133
      no
   (1) can we show that 7 NL 8?
        a. margin 0.024089037963103577
      yes, 146, ags used 155 = 155
   (1) can we show that 1 NL 2?
        a. margin 0.0799918686791683
      yes, 54, ags used 55 = 55
   (1) can we show that 1 NL 8?
        a. margin 0.04838135894699258
      yes, 29, ags used 29 = 29
   (1) can we show that 3 NL 2?
        a. margin -0.1022513594552017
      no
   (1) can we show that 3 NL 8?
        a. margin 0.08293947248056033
      yes, 54, ags used 31 = 54
      Best assertion(s) require sample: 29

ALTERNATE OUTCOME PAIR: 8,3
   (1) can we show that 4 NL 3?
        a. margin -0.4206433907607863
      no
   (1) can we show that 4 NL 8?
        a. margin -0.20160593586420672
      no
   (1) can we show that 7 NL 3?
        a. margin -0.27844691772119745
      no
   (1) can we show that 7 NL 8?
        a. margin -0.12420592570005651
      no
   (1) can we show that 1 NL 3?
        a. margin 0.06962443461909773
      yes, 62, ags used 55 = 62
   (1) can we show that 1 NL 8?
        a. margin 0.07856888753366742
      yes, 24, ags used 29 = 29
   (1) can we show that 2 NL 3?
        a. margin -0.11561721807186076
      no
   (1) can we show that 2 NL 8?
        a. margin 0.0075722925242660555
      yes, 54, ags used 155 = 155
      Best assertion(s) require sample: 29

7 ruled out by pairs, sample size 53
STAGE 1 ASN NOW 96
NEW RULE OUT PAIR STAGE ASN 67
ALTERNATE OUTCOME PAIR: 5,4
   (1) can we show that 8 NL 4?
        a. margin 0.012451085023123198
      yes, 365, ags used 6277 = 6277
   (1) can we show that 8 NL 5?
        a. margin -0.06515220816181355
      no
   (1) can we show that 7 NL 4?
        a. margin 0.01819383036031863
      yes, 248, ags used 134 = 248
   (1) can we show that 7 NL 5?
        a. margin 0.000863952838339177
      yes, 6559, ags used 144 = 6559
   (1) can we show that 1 NL 4?
        a. margin 0.22025715302129334
      yes, 20, ags used 18 = 20
   (1) can we show that 1 NL 5?
        a. margin 0.08217716115261453
      yes, 25, ags used 29 = 29
   (1) can we show that 2 NL 4?
        a. margin 0.0032017075773742576
      yes, 30, ags used 20 = 30
   (1) can we show that 2 NL 5?
        a. margin 0.04746658535345838
      yes, 79, ags used 55 = 79
   (1) can we show that 3 NL 4?
        a. margin 0.0049804340092489685
      yes, 30, ags used 20 = 30
   (1) can we show that 3 NL 5?
        a. margin 0.03211871728413862
      yes, 64, ags used 61 = 64
      Best assertion(s) require sample: 20

ALTERNATE OUTCOME PAIR: 5,8
   (1) can we show that 4 NL 8?
        a. margin -0.05270112313868991
      no
   (1) can we show that 4 NL 5?
        a. margin -0.08329521776693616
      no
   (1) can we show that 7 NL 8?
        a. margin 0.022107028510443216
      yes, 154, ags used 155 = 155
   (1) can we show that 7 NL 5?
        a. margin 0.0010672358591248265
      yes, 6559, ags used 144 = 6559
   (1) can we show that 1 NL 8?
        a. margin 0.03999593433958326
      yes, 31, ags used 29 = 31
   (1) can we show that 1 NL 5?
        a. margin 0.08497230268841749
      yes, 23, ags used 29 = 29
   (1) can we show that 2 NL 8?
        a. margin 0.1108908878385928
      yes, 41, ags used 61 = 61
   (1) can we show that 2 NL 5?
        a. margin 0.04883874574376135
      yes, 77, ags used 55 = 77
   (1) can we show that 3 NL 8?
        a. margin 0.08055089698632845
      yes, 56, ags used 31 = 56
   (1) can we show that 3 NL 5?
        a. margin 0.03252528332571014
      yes, 46, ags used 96 = 96
      Best assertion(s) require sample: 29

ALTERNATE OUTCOME PAIR: 5,7
   (1) can we show that 4 NL 7?
        a. margin -0.11637952939980667
      no
   (1) can we show that 4 NL 5?
        a. margin -0.08354932154291828
      no
   (1) can we show that 8 NL 7?
        a. margin -0.09101997255679195
      no
   (1) can we show that 8 NL 5?
        a. margin -0.06515220816181322
      no
   (1) can we show that 1 NL 7?
        a. margin 0.15713777506733706
      yes, 27, ags used 20 = 27
   (1) can we show that 1 NL 5?
        a. margin 0.08212634039741817
      yes, 50, ags used 20 = 50
   (1) can we show that 2 NL 7?
        a. margin 0.06423743456827768
      yes, 70, ags used 33 = 70
   (1) can we show that 2 NL 5?
        a. margin 0.04777150988463652
      yes, 79, ags used 55 = 79
   (1) can we show that 3 NL 7?
        a. margin 0.07826396300248994
      yes, 58, ags used 31 = 58
   (1) can we show that 3 NL 5?
        a. margin 0.03227117954972791
      yes, 64, ags used 61 = 64
      Best assertion(s) require sample: 27

ALTERNATE OUTCOME PAIR: 5,1
   (1) can we show that 4 NL 1?
        a. margin -0.46826243837983406
      no
   (1) can we show that 4 NL 5?
        a. margin -0.08705595365147145
      no
   (1) can we show that 8 NL 1?
        a. margin -0.44219139096406956
      no
   (1) can we show that 8 NL 5?
        a. margin -0.06876048178075966
      no
   (1) can we show that 7 NL 1?
        a. margin -0.2948620216496418
      no
   (1) can we show that 7 NL 5?
        a. margin -0.0005590283071607027
      no
   (1) can we show that 2 NL 1?
        a. margin -0.27224678558723403
      no
   (1) can we show that 2 NL 5?
        a. margin 0.04939777405092216
      yes, 90, ags used 33 = 90
   (1) can we show that 3 NL 1?
        a. margin -0.22076536057325813
      no
   (1) can we show that 3 NL 5?
        a. margin 0.033795802205620395
      yes, 70, ags used 61 = 70
      Best assertion(s) require sample: 70

ALTERNATE OUTCOME PAIR: 5,2
   (1) can we show that 4 NL 2?
        a. margin -0.36214870152970424
      no
   (1) can we show that 4 NL 5?
        a. margin -0.12014026528434296
      no
   (1) can we show that 8 NL 2?
        a. margin -0.3069065406311936
      no
   (1) can we show that 8 NL 5?
        a. margin -0.10169233114804166
      no
   (1) can we show that 7 NL 2?
        a. margin -0.2429232098388987
      no
   (1) can we show that 7 NL 5?
        a. margin -0.037912283376532296
      no
   (1) can we show that 1 NL 2?
        a. margin 0.09467906693093364
      yes, 48, ags used 29 = 48
   (1) can we show that 1 NL 5?
        a. margin 0.10662194440209238
      yes, 21, ags used 29 = 29
   (1) can we show that 3 NL 2?
        a. margin -0.07084413274381307
      no
   (1) can we show that 3 NL 5?
        a. margin 0.05021090613406409
      yes, 51, ags used 61 = 61
      Best assertion(s) require sample: 29

ALTERNATE OUTCOME PAIR: 5,3
   (1) can we show that 4 NL 3?
        a. margin -0.4199319001880363
      no
   (1) can we show that 4 NL 5?
        a. margin -0.10377598211109462
      no
   (1) can we show that 8 NL 3?
        a. margin -0.38313767342582683
      no
   (1) can we show that 8 NL 5?
        a. margin -0.07252121766529485
      no
   (1) can we show that 7 NL 3?
        a. margin -0.27758296488285816
      no
   (1) can we show that 7 NL 5?
        a. margin -0.01941352848503397
      no
   (1) can we show that 1 NL 3?
        a. margin 0.07059002896782918
      yes, 64, ags used 29 = 64
   (1) can we show that 1 NL 5?
        a. margin 0.0958987650556482
      yes, 22, ags used 29 = 29
   (1) can we show that 2 NL 3?
        a. margin -0.16613304873710455
      no
   (1) can we show that 2 NL 5?
        a. margin 0.05610611373684993
      yes, 69, ags used 55 = 69
      Best assertion(s) require sample: 29

4 ruled out by pairs, sample size 70
STAGE 1 ASN NOW 31
NEW RULE OUT PAIR STAGE ASN 70
------------------------------------------------
Alternate outcome cannot be ruled out: 7,1
Alternate outcome cannot be ruled out: 1,2
Full audit not possible
PARTIAL audit sample size: 70
------------------------------------------------
Final set of assertions generated:
1 NL 4 = 20 [rules out (5, 4), G = {5}, O = set()]

(0, 'AG', 3, 20)
1 NL 4 = 19 [rules out (4, 2), G = {5}, O = set()]
1 NL 8 = 29 [rules out (8, 2), G = {3, 5, 6}, O = set()]
1 NL 2 = 46 [rules out (2, 3), G = {3, 5, 6}, O = set()]
1 NL 5 = 29 [rules out (5, 3), G = {3, 5, 6}, O = set()]
1 NL 4 = 20 [rules out (4, 7), G = {5}, O = set()]
1 NL 4 = 20 [rules out (4, 3), G = {5}, O = set()]
(2, 'AG', 5, 31)
1 NL 8 = 29 [rules out (8, 3), G = {3, 5, 6}, O = set()]
1 NL 5 = 29 [rules out (5, 2), G = {3, 5, 6}, O = set()]
(0, 'AG', 6, 29)
1 NL 7 = 26 [rules out (7, 2), G = {3, 5}, O = set()]
3 NL 8 = 53 [rules out (8, 1), G = {5}, O = set()]
1 NL 7 = 27 [rules out (8, 7), G = {3, 5}, O = set()]

1 NL 4 = 20 [rules out (8, 4), G = {5}, O = set()]

(0, 'AG', 5, 18)
3 NL 4 = 67 [rules out (4, 1), G = {5, 7}, O = set()]
1 NL 5 = 29 [rules out (5, 8), G = {3, 5, 6}, O = set()]
1 NL 7 = 26 [rules out (7, 3), G = {3, 5}, O = set()]
(2, 'AG', 7, 61)
1 NL 7 = 27 [rules out (5, 7), G = {3, 5}, O = set()]

3 NL 5 = 70 [rules out (5, 1), G = {5, 7}, O = set()]
[1] are verified winners with these assertions.
[2, 3, 7] remain as potential winners in this audit.
------------------------------------------------
