VALID BALLOTS 5705
Winner 4
Winner 3
Computing AG relationships
4 AG 2 = 34
4 AG 5 = 24
4 AG 1 = 37
3 AG 2 = 28
3 AG 5 = 27
3 AG 7 = 36
3 AG 1 = 29
Ruling out candidates: [(2, 34), (5, 27), (1, 37)]
STAGE 1 ASN (Ruling out candidates): 37
ALTERNATE OUTCOME PAIR: 4,7
   (1) can we show that 3 NL 7?
        a. margin 0.14192229038854753
      yes, 28, ags used 28 = 28
   (1) can we show that 3 NL 4?
        a. margin -0.08939526730937752
      no
   (1) can we show that 3 NL 7?
        a. margin 0.14192229038854753
      yes, 28, ags used 28 = 28
   (1) can we show that 3 NL 4?
        a. margin -0.08939526730937752
      no
      Best assertion(s) require sample: 28

ALTERNATE OUTCOME PAIR: 7,3
   (1) can we show that 4 NL 3?
        a. margin -0.07823546596552722
      no
   (1) can we show that 4 NL 7?
        a. margin 0.033420975752263216
      yes, 94, ags used 37 = 94
      Best assertion(s) require sample: 94

ALTERNATE OUTCOME PAIR: 7,3
   (1) can we show that 4 NL 3?
        a. margin -0.07823546596552722
      no
   (1) can we show that 4 NL 7?
        a. margin 0.033420975752263216
      yes, 94, ags used 37 = 94
      Best assertion(s) require sample: 94

RULE OUT PAIR STAGE ASN 94
------------------------------------------------
FULL audit sample size: 94
------------------------------------------------
Final set of assertions generated:
(3, 'AG', 4, 24)
(2, 'AG', 1, 28)
4 NL 7 = 94 [rules out (7, 3), G = {0, 1, 4}, O = set()]
3 NL 7 = 28 [rules out (4, 7), G = {1, 4}, O = set()]

(2, 'AG', 4, 27)
(2, 'AG', 0, 29)
(3, 'AG', 1, 34)
(3, 'AG', 0, 37)
All winners are verified in audit.
------------------------------------------------
