VALID BALLOTS 6925
79 ballot checks required to assert that first winner has a quota's worth of votes
AUD TV 0.12897885919425608, ss 110
AG*(1,2) = 49
AG*(1,4) = 18
AG*(1,5) = 29
AG*(1,2) = 49
AG*(1,4) = 18
AG*(1,5) = 29
AG*(2,4) = 259
AG*(3,2) = 60
AG*(3,4) = 24
AG*(3,5) = 35
AG*(5,4) = 6925
AG*(6,1) = 162
AG*(6,2) = 28
AG*(6,3) = 222
AG*(6,4) = 14
AG*(6,5) = 20
NL(1,4) = 18, AG*'s used 0
NL(1,2) = 48, AG*'s used 29
NL(1,5) = 29, AG*'s used 18
NL(1,3) NOT POSSIBLE
Max in loop inf, 0.12897885919425608
AUD TV 0.1789788591942561, ss 52
AG*(1,2) = 51
AG*(1,4) = 18
AG*(1,5) = 29
AG*(1,2) = 51
AG*(1,4) = 18
AG*(1,5) = 29
AG*(2,4) = 264
AG*(3,2) = 64
AG*(3,4) = 24
AG*(3,5) = 35
AG*(5,4) = 1152
AG*(6,1) = 162
AG*(6,2) = 28
AG*(6,3) = 222
AG*(6,4) = 14
AG*(6,5) = 20
NL(1,4) = 18, AG*'s used 0
NL(1,2) = 50, AG*'s used 29
NL(1,5) = 29, AG*'s used 18
NL(1,3) NOT POSSIBLE
Max in loop inf, 0.1789788591942561
AUD TV 0.2289788591942561, ss 32
AG*(1,2) = 53
AG*(1,4) = 18
AG*(1,5) = 29
AG*(1,2) = 53
AG*(1,4) = 18
AG*(1,5) = 29
AG*(2,4) = 269
AG*(3,2) = 67
AG*(3,4) = 24
AG*(3,5) = 35
AG*(6,1) = 162
AG*(6,2) = 28
AG*(6,3) = 222
AG*(6,4) = 14
AG*(6,5) = 20
NL(1,4) = 18, AG*'s used 0
NL(1,2) = 52, AG*'s used 29
NL(1,5) = 29, AG*'s used 18
NL(1,3) NOT POSSIBLE
Max in loop inf, 0.2289788591942561
AUD TV 0.2789788591942561, ss 22
AG*(1,2) = 55
AG*(1,4) = 18
AG*(1,5) = 29
AG*(1,2) = 55
AG*(1,4) = 18
AG*(1,5) = 29
AG*(2,4) = 274
AG*(3,2) = 72
AG*(3,4) = 24
AG*(3,5) = 35
AG*(6,1) = 162
AG*(6,2) = 28
AG*(6,3) = 222
AG*(6,4) = 14
AG*(6,5) = 20
NL(1,4) = 18, AG*'s used 0
NL(1,2) = 54, AG*'s used 29
NL(1,5) = 29, AG*'s used 18
NL(1,3) NOT POSSIBLE
Max in loop inf, 0.2789788591942561
AUD TV 0.32897885919425607, ss 16
AG*(1,2) = 58
AG*(1,4) = 18
AG*(1,5) = 29
AG*(1,2) = 58
AG*(1,4) = 18
AG*(1,5) = 29
AG*(2,4) = 280
AG*(3,2) = 77
AG*(3,4) = 24
AG*(3,5) = 35
AG*(6,1) = 162
AG*(6,2) = 28
AG*(6,3) = 222
AG*(6,4) = 14
AG*(6,5) = 20
NL(1,4) = 18, AG*'s used 0
NL(1,2) = 56, AG*'s used 29
NL(1,5) = 29, AG*'s used 18
NL(1,3) NOT POSSIBLE
Max in loop inf, 0.32897885919425607
AUD TV 0.37897885919425606, ss 12
AG*(1,2) = 60
AG*(1,4) = 18
AG*(1,5) = 29
AG*(1,2) = 60
AG*(1,4) = 18
AG*(1,5) = 29
AG*(2,4) = 285
AG*(3,2) = 83
AG*(3,4) = 24
AG*(3,5) = 36
AG*(6,1) = 162
AG*(6,2) = 28
AG*(6,3) = 222
AG*(6,4) = 14
AG*(6,5) = 20
NL(1,4) = 18, AG*'s used 0
NL(1,2) = 58, AG*'s used 29
NL(1,5) = 29, AG*'s used 18
NL(1,3) NOT POSSIBLE
Max in loop inf, 0.37897885919425606
AUD TV 0.42897885919425605, ss 10
AG*(1,2) = 63
AG*(1,4) = 18
AG*(1,5) = 30
AG*(1,2) = 63
AG*(1,4) = 18
AG*(1,5) = 30
AG*(2,4) = 291
AG*(3,2) = 90
AG*(3,4) = 24
AG*(3,5) = 36
AG*(6,1) = 162
AG*(6,2) = 28
AG*(6,3) = 222
AG*(6,4) = 14
AG*(6,5) = 20
NL(1,4) = 18, AG*'s used 0
NL(1,2) = 61, AG*'s used 30
NL(1,5) = 30, AG*'s used 18
NL(1,3) NOT POSSIBLE
Max in loop inf, 0.42897885919425605
AUD TV 0.47897885919425603, ss 8
AG*(1,2) = 66
AG*(1,4) = 18
AG*(1,5) = 30
AG*(1,2) = 66
AG*(1,4) = 18
AG*(1,5) = 30
AG*(2,4) = 298
AG*(3,2) = 97
AG*(3,4) = 24
AG*(3,5) = 36
AG*(6,1) = 162
AG*(6,2) = 28
AG*(6,3) = 222
AG*(6,4) = 14
AG*(6,5) = 20
NL(1,4) = 18, AG*'s used 0
NL(1,2) = 63, AG*'s used 30
NL(1,5) = 30, AG*'s used 18
NL(1,3) NOT POSSIBLE
Max in loop inf, 0.47897885919425603
AUD TV 0.528978859194256, ss 6
AG*(1,2) = 69
AG*(1,4) = 18
AG*(1,5) = 30
AG*(1,2) = 69
AG*(1,4) = 18
AG*(1,5) = 30
AG*(2,4) = 304
AG*(3,2) = 107
AG*(3,4) = 24
AG*(3,5) = 36
AG*(6,1) = 162
AG*(6,2) = 28
AG*(6,3) = 222
AG*(6,4) = 14
AG*(6,5) = 20
NL(1,4) = 18, AG*'s used 0
NL(1,2) = 66, AG*'s used 30
NL(1,5) = 30, AG*'s used 18
NL(1,3) NOT POSSIBLE
Max in loop inf, 0.528978859194256
AUD TV 0.5789788591942561, ss 5
AG*(1,2) = 72
AG*(1,4) = 18
AG*(1,5) = 30
AG*(1,2) = 72
AG*(1,4) = 18
AG*(1,5) = 30
AG*(2,4) = 311
AG*(3,2) = 118
AG*(3,4) = 24
AG*(3,5) = 36
AG*(6,1) = 162
AG*(6,2) = 28
AG*(6,3) = 222
AG*(6,4) = 14
AG*(6,5) = 20
NL(1,4) = 18, AG*'s used 0
NL(1,2) = 70, AG*'s used 30
NL(1,5) = 30, AG*'s used 18
NL(1,3) NOT POSSIBLE
Max in loop inf, 0.5789788591942561
AUD TV 0.6289788591942561, ss 3
AG*(1,2) = 76
AG*(1,4) = 18
AG*(1,5) = 30
AG*(1,2) = 76
AG*(1,4) = 18
AG*(1,5) = 30
AG*(2,4) = 318
AG*(3,2) = 133
AG*(3,4) = 24
AG*(3,5) = 36
AG*(6,1) = 162
AG*(6,2) = 28
AG*(6,3) = 222
AG*(6,4) = 14
AG*(6,5) = 20
NL(1,4) = 18, AG*'s used 0
NL(1,2) = 73, AG*'s used 30
NL(1,5) = 30, AG*'s used 18
NL(1,3) NOT POSSIBLE
Max in loop inf, 0.6289788591942561
Sample size to show min tv of 0.03948942959712804 is 153
AUD TV 0.12897885919425608, ss 110
AG*(1,2) = 45
AG*(1,4) = 18
AG*(1,5) = 28
AG*(1,2) = 45
AG*(1,4) = 18
AG*(1,5) = 28
AG*(2,4) = 238
AG*(3,2) = 58
AG*(3,4) = 23
AG*(3,5) = 34
AG*(5,4) = 6925
AG*(6,1) = 162
AG*(6,2) = 28
AG*(6,3) = 222
AG*(6,4) = 14
AG*(6,5) = 20
NL(1,4) = 18, AG*'s used 0
NL(1,2) = 44, AG*'s used 28
NL(1,5) = 27, AG*'s used 18
NL(1,3) = 5130, AG*'s used 45
Max in loop 5130, 0.12897885919425608
AUD TV 0.1789788591942561, ss 52
AG*(1,2) = 47
AG*(1,4) = 18
AG*(1,5) = 28
AG*(1,2) = 47
AG*(1,4) = 18
AG*(1,5) = 28
AG*(2,4) = 242
AG*(3,2) = 61
AG*(3,4) = 23
AG*(3,5) = 34
AG*(5,4) = 6913
AG*(6,1) = 162
AG*(6,2) = 28
AG*(6,3) = 222
AG*(6,4) = 14
AG*(6,5) = 20
NL(1,4) = 18, AG*'s used 0
NL(1,2) = 46, AG*'s used 28
NL(1,5) = 28, AG*'s used 18
NL(1,3) NOT POSSIBLE
Max in loop inf, 0.1789788591942561
Breaking out of inner loop inf > 5130
New mintv = 0.08948942959712805
Sample size required for audit is 5130 ballots
------------------------------------------------
Assertion set BEFORE filtering:
(5, 'LT', None, (0.03948942959712804, 153))
(0, 'NL', 4, 27)
(5, 'QT', None, 79)
(0, 'AG*', 1, 45)
(0, 'AG*', 4, 28)
(0, 'NL', 3, 18)
(0, 'NL', 2, 5130)
(0, 'NL', 1, 44)
(5, 'MT', None, (0.12897885919425608, 110))
(0, 'AG*', 3, 18)
------------------------------------------------
Final set of assertions AFTER filtering:
(5, 'LT', None, (0.03948942959712804, 153))
(0, 'NL', 4, 27)
(5, 'QT', None, 79)
(0, 'AG*', 1, 45)
(0, 'AG*', 4, 28)
(0, 'NL', 3, 18)
(0, 'NL', 2, 5130)
(0, 'NL', 1, 44)
(5, 'MT', None, (0.12897885919425608, 110))
(0, 'AG*', 3, 18)
------------------------------------------------
Explanations for AG* inclusion:
   Explanation for (0, 'AG*', 1, 45): []
   Explanation for (0, 'AG*', 4, 28): []
   Explanation for (0, 'AG*', 3, 18): []
------------------------------------------------
