VALID BALLOTS 4774
Winner 4
Winner 2
Computing AG relationships
4 AG 7 = 19
4 AG 3 = 23
4 AG 1 = 36
4 AG 6 = 29
5 AG 7 = 112
5 AG 3 = 24
5 AG 1 = 109
5 AG 6 = 153
2 AG 7 = 68
2 AG 3 = 30
2 AG 1 = 41
2 AG 6 = 43
Ruling out candidates: [(7, 68), (3, 24), (1, 41), (6, 43)]
STAGE 1 ASN (Ruling out candidates): 68
ALTERNATE OUTCOME PAIR: 4,5
   (1) can we show that 2 NL 5?
        a. margin -0.027719592235720847
      no
   (1) can we show that 2 NL 4?
        a. margin -0.12491272168691481
      no

ALTERNATE OUTCOME PAIR: 5,2
   (1) can we show that 4 NL 2?
        a. margin -0.004259181678536672
      no
   (1) can we show that 4 NL 5?
        a. margin 0.0023739701159049
      yes, 92, ags used 36 = 92
      Best assertion(s) require sample: 92

RULE OUT PAIR STAGE ASN 92
------------------------------------------------
Alternate outcome cannot be ruled out: 4,5
Full audit not possible
PARTIAL audit sample size: 92
------------------------------------------------
Final set of assertions generated:
(3, 'AG', 6, 19)
(1, 'AG', 6, 68)
(4, 'AG', 2, 24)
(1, 'AG', 0, 41)
(3, 'AG', 0, 36)
(3, 'AG', 2, 23)
(1, 'AG', 5, 43)
4 NL 5 = 92 [rules out (5, 2), G = {0, 2, 5, 6}, O = set()]
(3, 'AG', 5, 29)
[4] are verified winners with these assertions.
[2, 5] remain as potential winners in this audit.
------------------------------------------------
