VALID BALLOTS 991
6 ballot checks required to assert that first winner has a quota's worth of votes
AUD TV 0.5632352941176471, ss 29
AG*(3,2) = 725
AG*(1,2) = 478
AG*(3,2) = 725
AG*(4,1) = 8
AG*(4,2) = 7
AG*(4,3) = 8
AG*(4,5) = 8
NL(3,2) = 83, AG*'s used 478
NL(3,5) NOT POSSIBLE
NL(3,1) NOT POSSIBLE
Max in loop inf, 0.5632352941176471
AUD TV 0.6132352941176471, ss 12
AG*(3,2) = 991
AG*(1,2) = 744
AG*(3,2) = 991
AG*(4,1) = 8
AG*(4,2) = 7
AG*(4,3) = 8
AG*(4,5) = 8
NL(3,2) = 88, AG*'s used 744
NL(3,5) NOT POSSIBLE
NL(3,1) NOT POSSIBLE
Max in loop inf, 0.6132352941176471
AUD TV 0.6632352941176471, ss 7
AG*(1,2) = 991
AG*(4,1) = 8
AG*(4,2) = 7
AG*(4,3) = 8
AG*(4,5) = 8
NL(3,2) = 93, AG*'s used 991
NL(3,5) NOT POSSIBLE
NL(3,1) NOT POSSIBLE
Max in loop inf, 0.6632352941176471
Sample size to show min tv of 0.2566176470588235 is 9
AUD TV 0.5632352941176471, ss 29
AG*(3,2) = 126
AG*(1,2) = 103
AG*(3,2) = 126
AG*(4,1) = 8
AG*(4,2) = 7
AG*(4,3) = 8
AG*(4,5) = 8
AG*(5,2) = 712
NL(3,2) = 55, AG*'s used 103
NL(3,5) NOT POSSIBLE
NL(3,1) NOT POSSIBLE
Max in loop inf, 0.5632352941176471
AUD TV 0.6132352941176471, ss 12
AG*(3,2) = 145
AG*(1,2) = 114
AG*(3,2) = 145
AG*(4,1) = 8
AG*(4,2) = 7
AG*(4,3) = 8
AG*(4,5) = 8
AG*(5,2) = 991
NL(3,2) = 57, AG*'s used 114
NL(3,5) NOT POSSIBLE
NL(3,1) NOT POSSIBLE
Max in loop inf, 0.6132352941176471
AUD TV 0.6632352941176471, ss 7
AG*(3,2) = 169
AG*(1,2) = 127
AG*(3,2) = 169
AG*(4,1) = 8
AG*(4,2) = 7
AG*(4,3) = 8
AG*(4,5) = 8
NL(3,2) = 59, AG*'s used 127
NL(3,5) NOT POSSIBLE
NL(3,1) NOT POSSIBLE
Max in loop inf, 0.6632352941176471
New mintv = 0.3066176470588235
Sample size to show min tv of 0.3066176470588235 is 11
AUD TV 0.5632352941176471, ss 29
AG*(3,2) = 110
AG*(1,2) = 91
AG*(3,2) = 110
AG*(4,1) = 8
AG*(4,2) = 7
AG*(4,3) = 8
AG*(4,5) = 8
AG*(5,2) = 493
NL(3,2) = 51, AG*'s used 91
NL(3,5) NOT POSSIBLE
NL(3,1) NOT POSSIBLE
Max in loop inf, 0.5632352941176471
AUD TV 0.6132352941176471, ss 12
AG*(3,2) = 123
AG*(1,2) = 98
AG*(3,2) = 123
AG*(4,1) = 8
AG*(4,2) = 7
AG*(4,3) = 8
AG*(4,5) = 8
AG*(5,2) = 890
NL(3,2) = 53, AG*'s used 98
NL(3,5) NOT POSSIBLE
NL(3,1) NOT POSSIBLE
Max in loop inf, 0.6132352941176471
AUD TV 0.6632352941176471, ss 7
AG*(3,2) = 141
AG*(1,2) = 108
AG*(3,2) = 141
AG*(4,1) = 8
AG*(4,2) = 7
AG*(4,3) = 8
AG*(4,5) = 8
NL(3,2) = 55, AG*'s used 108
NL(3,5) NOT POSSIBLE
NL(3,1) NOT POSSIBLE
Max in loop inf, 0.6632352941176471
New mintv = 0.3566176470588235
Sample size to show min tv of 0.3566176470588235 is 13
AUD TV 0.5632352941176471, ss 29
AG*(3,2) = 97
AG*(1,2) = 80
AG*(3,2) = 97
AG*(4,1) = 8
AG*(4,2) = 7
AG*(4,3) = 8
AG*(4,5) = 8
AG*(5,2) = 345
NL(3,2) = 48, AG*'s used 80
NL(3,5) NOT POSSIBLE
NL(3,1) NOT POSSIBLE
Max in loop inf, 0.5632352941176471
AUD TV 0.6132352941176471, ss 12
AG*(3,2) = 107
AG*(1,2) = 87
AG*(3,2) = 107
AG*(4,1) = 8
AG*(4,2) = 7
AG*(4,3) = 8
AG*(4,5) = 8
AG*(5,2) = 570
NL(3,2) = 50, AG*'s used 87
NL(3,5) NOT POSSIBLE
NL(3,1) NOT POSSIBLE
Max in loop inf, 0.6132352941176471
AUD TV 0.6632352941176471, ss 7
AG*(3,2) = 121
AG*(1,2) = 94
AG*(3,2) = 121
AG*(4,1) = 8
AG*(4,2) = 7
AG*(4,3) = 8
AG*(4,5) = 8
AG*(5,2) = 988
NL(3,2) = 52, AG*'s used 94
NL(3,5) NOT POSSIBLE
NL(3,1) NOT POSSIBLE
Max in loop inf, 0.6632352941176471
New mintv = 0.4066176470588235
Sample size to show min tv of 0.4066176470588235 is 18
AUD TV 0.5632352941176471, ss 29
AG*(3,2) = 87
AG*(1,2) = 72
AG*(3,2) = 87
AG*(4,1) = 8
AG*(4,2) = 7
AG*(4,3) = 8
AG*(4,5) = 8
AG*(5,2) = 284
NL(3,2) = 46, AG*'s used 72
NL(3,5) NOT POSSIBLE
NL(3,1) NOT POSSIBLE
Max in loop inf, 0.5632352941176471
AUD TV 0.6132352941176471, ss 12
AG*(3,2) = 95
AG*(1,2) = 77
AG*(3,2) = 95
AG*(4,1) = 8
AG*(4,2) = 7
AG*(4,3) = 8
AG*(4,5) = 8
AG*(5,2) = 435
NL(3,2) = 47, AG*'s used 77
NL(3,5) NOT POSSIBLE
NL(3,1) NOT POSSIBLE
Max in loop inf, 0.6132352941176471
AUD TV 0.6632352941176471, ss 7
AG*(3,2) = 105
AG*(1,2) = 83
AG*(3,2) = 105
AG*(4,1) = 8
AG*(4,2) = 7
AG*(4,3) = 8
AG*(4,5) = 8
AG*(5,2) = 712
NL(3,2) = 49, AG*'s used 83
NL(3,5) NOT POSSIBLE
NL(3,1) NOT POSSIBLE
Max in loop inf, 0.6632352941176471
New mintv = 0.45661764705882346
Sample size to show min tv of 0.45661764705882346 is 31
AUD TV 0.5632352941176471, ss 29
AG*(3,2) = 79
AG*(1,2) = 66
AG*(3,2) = 79
AG*(4,1) = 8
AG*(4,2) = 7
AG*(4,3) = 8
AG*(4,5) = 8
AG*(5,2) = 241
NL(3,2) = 43, AG*'s used 66
NL(3,5) NOT POSSIBLE
NL(3,1) NOT POSSIBLE
Max in loop inf, 0.5632352941176471
AUD TV 0.6132352941176471, ss 12
AG*(3,2) = 85
AG*(1,2) = 70
AG*(3,2) = 85
AG*(4,1) = 8
AG*(4,2) = 7
AG*(4,3) = 8
AG*(4,5) = 8
AG*(5,2) = 312
NL(3,2) = 45, AG*'s used 70
NL(3,5) NOT POSSIBLE
NL(3,1) NOT POSSIBLE
Max in loop inf, 0.6132352941176471
AUD TV 0.6632352941176471, ss 7
AG*(3,2) = 94
AG*(1,2) = 75
AG*(3,2) = 94
AG*(4,1) = 8
AG*(4,2) = 7
AG*(4,3) = 8
AG*(4,5) = 8
AG*(5,2) = 493
NL(3,2) = 46, AG*'s used 75
NL(3,5) NOT POSSIBLE
NL(3,1) NOT POSSIBLE
Max in loop inf, 0.6632352941176471
New mintv = 0.5066176470588235
Sample size to show min tv of 0.5066176470588235 is 252
AUD TV 0.5632352941176471, ss 29
AG*(3,2) = 72
AG*(1,2) = 60
AG*(3,2) = 72
AG*(4,1) = 8
AG*(4,2) = 7
AG*(4,3) = 8
AG*(4,5) = 8
AG*(5,2) = 186
NL(3,2) = 41, AG*'s used 60
NL(3,5) NOT POSSIBLE
NL(3,1) NOT POSSIBLE
Max in loop inf, 0.5632352941176471
AUD TV 0.6132352941176471, ss 12
AG*(3,2) = 78
AG*(1,2) = 64
AG*(3,2) = 78
AG*(4,1) = 8
AG*(4,2) = 7
AG*(4,3) = 8
AG*(4,5) = 8
AG*(5,2) = 261
NL(3,2) = 42, AG*'s used 64
NL(3,5) NOT POSSIBLE
NL(3,1) NOT POSSIBLE
Max in loop inf, 0.6132352941176471
AUD TV 0.6632352941176471, ss 7
AG*(3,2) = 84
AG*(1,2) = 68
AG*(3,2) = 84
AG*(4,1) = 8
AG*(4,2) = 7
AG*(4,3) = 8
AG*(4,5) = 8
AG*(5,2) = 345
NL(3,2) = 43, AG*'s used 68
NL(3,5) NOT POSSIBLE
NL(3,1) NOT POSSIBLE
Max in loop inf, 0.6632352941176471
New mintv = 0.5566176470588236
Sample size required for audit is inf ballots
------------------------------------------------
Assertion set BEFORE filtering:
(4, 'AG', 1, 345)
(3, 'MT', None, (0.6632352941176471, 7))
(3, 'LT', None, (0.5066176470588235, 252))
(2, 'AG*', 1, 84)
(0, 'AG', 1, 68)
(3, 'QT', None, 6)
(2, 'NL', 1, 68)
------------------------------------------------
Final set of assertions AFTER filtering:
(4, 'AG', 1, 345)
(3, 'MT', None, (0.6632352941176471, 7))
(3, 'LT', None, (0.5066176470588235, 252))
(2, 'AG*', 1, 84)
(0, 'AG', 1, 68)
(3, 'QT', None, 6)
(2, 'NL', 1, 68)
------------------------------------------------
Explanations for AG* inclusion:
   Explanation for (4, 'AG', 1, 345): []
   Explanation for (2, 'AG*', 1, 84): []
   Explanation for (0, 'AG', 1, 68): []
------------------------------------------------
