VALID BALLOTS 10555
Winner 5
Winner 4
Computing AG relationships
6 AG 2 = 94
8 AG 7 = 242
8 AG 2 = 94
5 AG 7 = 97
5 AG 2 = 43
1 AG 2 = 66
3 AG 7 = 67
3 AG 2 = 36
4 AG 7 = 71
4 AG 2 = 34
Ruling out candidates: [(7, 71), (2, 36)]
STAGE 1 ASN (Ruling out candidates): 71
ALTERNATE OUTCOME PAIR: 6,8
   (1) can we show that 5 NL 8?
        a. margin -0.11536396652455416
      no
   (1) can we show that 5 NL 6?
        a. margin -0.03890731091109967
      no
   (1) can we show that 1 NL 8?
        a. margin -0.261550607926734
      no
   (1) can we show that 1 NL 6?
        a. margin -0.26843518079899054
      no
   (1) can we show that 3 NL 8?
        a. margin -0.13323859150481632
      no
   (1) can we show that 3 NL 6?
        a. margin -0.1650718458866257
      no
   (1) can we show that 4 NL 8?
        a. margin -0.1285330806884577
      no
   (1) can we show that 4 NL 6?
        a. margin -0.17836728248855227
      no

ALTERNATE OUTCOME PAIR: 6,5
   (1) can we show that 8 NL 5?
        a. margin -0.18146218222011834
      no
   (1) can we show that 8 NL 6?
        a. margin -0.15512395389231015
      no
   (1) can we show that 1 NL 5?
        a. margin -0.26284541291647046
      no
   (1) can we show that 1 NL 6?
        a. margin -0.24383388599400146
      no
   (1) can we show that 3 NL 5?
        a. margin -0.15092373282804394
      no
   (1) can we show that 3 NL 6?
        a. margin -0.13592294331280552
      no
   (1) can we show that 4 NL 5?
        a. margin -0.17220906363492916
      no
   (1) can we show that 4 NL 6?
        a. margin -0.1499763145428703
      no

ALTERNATE OUTCOME PAIR: 6,1
   (1) can we show that 8 NL 1?
        a. margin -0.14795515553450211
      no
   (1) can we show that 8 NL 6?
        a. margin -0.20486341386388796
      no
   (1) can we show that 5 NL 1?
        a. margin -0.0975525027633033
      no
   (1) can we show that 5 NL 6?
        a. margin -0.05918206221380018
      no
   (1) can we show that 3 NL 1?
        a. margin -0.03243328596241901
      no
   (1) can we show that 3 NL 6?
        a. margin -0.18736775619769475
      no
   (1) can we show that 4 NL 1?
        a. margin 0.0014842886467709704
      yes, 1858, ags used 71 = 1858
   (1) can we show that 4 NL 6?
        a. margin -0.20268435180799016
      no
      Best assertion(s) require sample: 1858

ALTERNATE OUTCOME PAIR: 6,3
   (1) can we show that 8 NL 3?
        a. margin -0.266161376914575
      no
   (1) can we show that 8 NL 6?
        a. margin -0.19690510026843622
      no
   (1) can we show that 5 NL 3?
        a. margin -0.23186483499131538
      no
   (1) can we show that 5 NL 6?
        a. margin -0.053750197378808484
      no
   (1) can we show that 1 NL 3?
        a. margin -0.2962261171640622
      no
   (1) can we show that 1 NL 6?
        a. margin -0.28501500078951647
      no
   (1) can we show that 4 NL 3?
        a. margin -0.16162955945049773
      no
   (1) can we show that 4 NL 6?
        a. margin -0.1935259750513193
      no

ALTERNATE OUTCOME PAIR: 6,4
   (1) can we show that 8 NL 4?
        a. margin -0.2590241591662721
      no
   (1) can we show that 8 NL 6?
        a. margin -0.2008842570661621
      no
   (1) can we show that 5 NL 4?
        a. margin -0.2290225801357968
      no
   (1) can we show that 5 NL 6?
        a. margin -0.0536554555502915
      no
   (1) can we show that 1 NL 4?
        a. margin -0.2612663824411816
      no
   (1) can we show that 1 NL 6?
        a. margin -0.2882678035686096
      no
   (1) can we show that 3 NL 4?
        a. margin -0.15206063477025122
      no
   (1) can we show that 3 NL 6?
        a. margin -0.18199905258171523
      no

ALTERNATE OUTCOME PAIR: 8,5
   (1) can we show that 6 NL 5?
        a. margin -0.15035528185694058
      no
   (1) can we show that 6 NL 8?
        a. margin -0.16674561819043143
      no
   (1) can we show that 1 NL 5?
        a. margin -0.2745933996526144
      no
   (1) can we show that 1 NL 8?
        a. margin -0.25896099794726135
      no
   (1) can we show that 3 NL 5?
        a. margin -0.16766145586609849
      no
   (1) can we show that 3 NL 8?
        a. margin -0.1305226590873202
      no
   (1) can we show that 4 NL 5?
        a. margin -0.18702036949313172
      no
   (1) can we show that 4 NL 8?
        a. margin -0.12540660034738615
      no

ALTERNATE OUTCOME PAIR: 8,1
   (1) can we show that 6 NL 1?
        a. margin -0.1542712774356546
      no
   (1) can we show that 6 NL 8?
        a. margin -0.1649771040581085
      no
   (1) can we show that 5 NL 1?
        a. margin -0.09688930996368206
      no
   (1) can we show that 5 NL 8?
        a. margin -0.11596399810516289
      no
   (1) can we show that 3 NL 1?
        a. margin -0.03271751144797097
      no
   (1) can we show that 3 NL 8?
        a. margin -0.15512395389231004
      no
   (1) can we show that 4 NL 1?
        a. margin 0.0012316437707251549
      yes, 1957, ags used 71 = 1957
   (1) can we show that 4 NL 8?
        a. margin -0.15237644086530855
      no
      Best assertion(s) require sample: 1957

ALTERNATE OUTCOME PAIR: 8,3
   (1) can we show that 6 NL 3?
        a. margin -0.2769619453655465
      no
   (1) can we show that 6 NL 8?
        a. margin -0.15067108795199802
      no
   (1) can we show that 5 NL 3?
        a. margin -0.220685299226276
      no
   (1) can we show that 5 NL 8?
        a. margin -0.10191062687509689
      no
   (1) can we show that 1 NL 3?
        a. margin -0.2880151586925641
      no
   (1) can we show that 1 NL 8?
        a. margin -0.268150955313439
      no
   (1) can we show that 4 NL 3?
        a. margin -0.15588188852044849
      no
   (1) can we show that 4 NL 8?
        a. margin -0.14002842254855496
      no

ALTERNATE OUTCOME PAIR: 8,4
   (1) can we show that 6 NL 4?
        a. margin -0.2742144323385447
      no
   (1) can we show that 6 NL 8?
        a. margin -0.14751302700142166
      no
   (1) can we show that 5 NL 4?
        a. margin -0.22002210642665443
      no
   (1) can we show that 5 NL 8?
        a. margin -0.09802621190588934
      no
   (1) can we show that 1 NL 4?
        a. margin -0.2541923259118908
      no
   (1) can we show that 1 NL 8?
        a. margin -0.2679614716564037
      no
   (1) can we show that 3 NL 4?
        a. margin -0.14852360650560537
      no
   (1) can we show that 3 NL 8?
        a. margin -0.14176535607137275
      no

ALTERNATE OUTCOME PAIR: 5,1
   (1) can we show that 6 NL 1?
        a. margin -0.154334438654666
      no
   (1) can we show that 6 NL 5?
        a. margin -0.15686088741512738
      no
   (1) can we show that 8 NL 1?
        a. margin -0.14615506079267326
      no
   (1) can we show that 8 NL 5?
        a. margin -0.21335859782093824
      no
   (1) can we show that 3 NL 1?
        a. margin -0.03126480341070548
      no
   (1) can we show that 3 NL 5?
        a. margin -0.18727301436917743
      no
   (1) can we show that 4 NL 1?
        a. margin 0.0029369966840364636
      yes, 1133, ags used 71 = 1133
   (1) can we show that 4 NL 5?
        a. margin -0.20871624822359092
      no
      Best assertion(s) require sample: 1133

ALTERNATE OUTCOME PAIR: 5,3
   (1) can we show that 6 NL 3?
        a. margin -0.28586767724617135
      no
   (1) can we show that 6 NL 5?
        a. margin -0.14672351176377807
      no
   (1) can we show that 8 NL 3?
        a. margin -0.2621506395073434
      no
   (1) can we show that 8 NL 5?
        a. margin -0.2036633507026695
      no
   (1) can we show that 1 NL 3?
        a. margin -0.29319437865150944
      no
   (1) can we show that 1 NL 5?
        a. margin -0.28665719248381627
      no
   (1) can we show that 4 NL 3?
        a. margin -0.1582820148428863
      no
   (1) can we show that 4 NL 5?
        a. margin -0.19857887257224116
      no

ALTERNATE OUTCOME PAIR: 1,3
   (1) can we show that 6 NL 3?
        a. margin -0.26815095531343824
      no
   (1) can we show that 6 NL 1?
        a. margin -0.14170219485236057
      no
   (1) can we show that 8 NL 3?
        a. margin -0.2524869729985796
      no
   (1) can we show that 8 NL 1?
        a. margin -0.1360808463603348
      no
   (1) can we show that 5 NL 3?
        a. margin -0.21310595294489243
      no
   (1) can we show that 5 NL 1?
        a. margin -0.08454129164692759
      no
   (1) can we show that 4 NL 3?
        a. margin -0.16270330017369306
      no
   (1) can we show that 4 NL 1?
        a. margin 0.008747828833096882
      yes, 487, ags used 71 = 487
      Best assertion(s) require sample: 487

ALTERNATE OUTCOME PAIR: 1,4
   (1) can we show that 6 NL 4?
        a. margin -0.25573977577767304
      no
   (1) can we show that 6 NL 1?
        a. margin -0.1290383704405499
      no
   (1) can we show that 8 NL 4?
        a. margin -0.23521237959892682
      no
   (1) can we show that 8 NL 1?
        a. margin -0.12439602084320267
      no
   (1) can we show that 5 NL 4?
        a. margin -0.20221064266540367
      no
   (1) can we show that 5 NL 1?
        a. margin -0.07178272540659991
      no
   (1) can we show that 3 NL 4?
        a. margin -0.13737565135007068
      no
   (1) can we show that 3 NL 1?
        a. margin -0.014179693668087356
      no

ALTERNATE OUTCOME PAIR: 3,4
   (1) can we show that 6 NL 4?
        a. margin -0.25558187273014477
      no
   (1) can we show that 6 NL 3?
        a. margin -0.2543502289594195
      no
   (1) can we show that 8 NL 4?
        a. margin -0.23688615190273254
      no
   (1) can we show that 8 NL 3?
        a. margin -0.24294962892783867
      no
   (1) can we show that 5 NL 4?
        a. margin -0.2020527396178753
      no
   (1) can we show that 5 NL 3?
        a. margin -0.19889467866729882
      no
   (1) can we show that 1 NL 4?
        a. margin -0.2470235275540832
      no
   (1) can we show that 1 NL 3?
        a. margin -0.2836254539712625
      no

RULE OUT PAIR STAGE ASN 1957
------------------------------------------------
Alternate outcome cannot be ruled out: 6,8
Alternate outcome cannot be ruled out: 6,5
Alternate outcome cannot be ruled out: 6,3
Alternate outcome cannot be ruled out: 6,4
Alternate outcome cannot be ruled out: 8,5
Alternate outcome cannot be ruled out: 8,3
Alternate outcome cannot be ruled out: 8,4
Alternate outcome cannot be ruled out: 5,3
Alternate outcome cannot be ruled out: 1,4
Alternate outcome cannot be ruled out: 3,4
Full audit not possible
PARTIAL audit sample size: 1957
------------------------------------------------
Final set of assertions generated:
(3, 'AG', 1, 34)
(2, 'AG', 6, 67)
4 NL 1 = 487 [rules out (1, 3), G = {1, 6}, O = set()]
(2, 'AG', 1, 36)
4 NL 1 = 1133 [rules out (5, 1), G = {1, 6}, O = set()]

4 NL 1 = 1858 [rules out (6, 1), G = {1, 6}, O = set()]

4 NL 1 = 1957 [rules out (8, 1), G = {1, 6}, O = set()]

(3, 'AG', 6, 71)
[] are verified winners with these assertions.
[1, 3, 4, 5, 6, 8] remain as potential winners in this audit.
------------------------------------------------
