VALID BALLOTS 5663
Winner 6
Winner 7
Computing AG relationships
8 AG 2 = 200
6 AG 2 = 20
6 AG 3 = 29
6 AG 8 = 50
6 AG 4 = 28
5 AG 2 = 65
1 AG 2 = 31
1 AG 3 = 117
1 AG 4 = 129
7 AG 2 = 26
7 AG 3 = 67
7 AG 4 = 71
Ruling out candidates: [(2, 26), (3, 67), (4, 71)]
STAGE 1 ASN (Ruling out candidates): 71
ALTERNATE OUTCOME PAIR: 8,6
   (1) can we show that 5 NL 6?
        a. margin -0.31655777267643714
      no
   (1) can we show that 5 NL 8?
        a. margin -0.19671552180822915
      no
   (1) can we show that 1 NL 6?
        a. margin -0.21366766731414466
      no
   (1) can we show that 1 NL 8?
        a. margin -0.10600977102831355
      no
   (1) can we show that 7 NL 6?
        a. margin -0.1828241803519931
      no
   (1) can we show that 7 NL 8?
        a. margin -0.06739655070928363
      no

ALTERNATE OUTCOME PAIR: 8,5
   (1) can we show that 6 NL 5?
        a. margin -0.029842839484372607
      no
   (1) can we show that 6 NL 8?
        a. margin 0.10200718111719298
      yes, 31, ags used 29 = 31
   (1) can we show that 1 NL 5?
        a. margin -0.02996056271705294
      no
   (1) can we show that 1 NL 8?
        a. margin 0.08658543763611726
      yes, 52, ags used 50 = 52
   (1) can we show that 7 NL 5?
        a. margin -0.004414621225499626
      no
   (1) can we show that 7 NL 8?
        a. margin 0.12254988521984744
      yes, 37, ags used 50 = 50
      Best assertion(s) require sample: 31

ALTERNATE OUTCOME PAIR: 8,1
   (1) can we show that 6 NL 1?
        a. margin -0.1498616752016011
      no
   (1) can we show that 6 NL 8?
        a. margin 0.09959385484725325
      yes, 32, ags used 29 = 32
   (1) can we show that 5 NL 1?
        a. margin -0.29660368473718257
      no
   (1) can we show that 5 NL 8?
        a. margin 0.009947613161457758
      yes, 535, ags used 65 = 535
   (1) can we show that 7 NL 1?
        a. margin -0.05827300017658532
      no
   (1) can we show that 7 NL 8?
        a. margin 0.11778209429630948
      yes, 38, ags used 50 = 50
      Best assertion(s) require sample: 32

ALTERNATE OUTCOME PAIR: 8,7
   (1) can we show that 6 NL 7?
        a. margin -0.15404084996174006
      no
   (1) can we show that 6 NL 8?
        a. margin 0.10147742657013348
      yes, 31, ags used 29 = 31
   (1) can we show that 5 NL 7?
        a. margin -0.3130849373123784
      no
   (1) can we show that 5 NL 8?
        a. margin 0.01183118488433732
      yes, 356, ags used 65 = 356
   (1) can we show that 1 NL 7?
        a. margin -0.13879569132968428
      no
   (1) can we show that 1 NL 8?
        a. margin 0.08405438813349808
      yes, 54, ags used 50 = 54
      Best assertion(s) require sample: 31

ALTERNATE OUTCOME PAIR: 6,5
   (1) can we show that 8 NL 5?
        a. margin -0.2814173877214666
      no
   (1) can we show that 8 NL 6?
        a. margin -0.37600800517982147
      no
   (1) can we show that 1 NL 5?
        a. margin -0.01771734651833634
      no
   (1) can we show that 1 NL 6?
        a. margin -0.22349755724292142
      no
   (1) can we show that 7 NL 5?
        a. margin 0.0034139737477183463
      yes, 750, ags used 71 = 750
   (1) can we show that 7 NL 6?
        a. margin -0.19153569957031025
      no
      Best assertion(s) require sample: 750

ALTERNATE OUTCOME PAIR: 6,1
   (1) can we show that 8 NL 1?
        a. margin -0.40326093354523507
      no
   (1) can we show that 8 NL 6?
        a. margin -0.37112249102360284
      no
   (1) can we show that 5 NL 1?
        a. margin -0.28789216551886476
      no
   (1) can we show that 5 NL 6?
        a. margin -0.3232679969391954
      no
   (1) can we show that 7 NL 1?
        a. margin -0.05020895873800735
      no
   (1) can we show that 7 NL 6?
        a. margin -0.19671552180822882
      no

ALTERNATE OUTCOME PAIR: 5,1
   (1) can we show that 8 NL 1?
        a. margin -0.38318912237330016
      no
   (1) can we show that 8 NL 5?
        a. margin -0.25292836541291386
      no
   (1) can we show that 6 NL 1?
        a. margin -0.06286420625110367
      no
   (1) can we show that 6 NL 5?
        a. margin 0.00017658484901916793
      yes, 72, ags used 50 = 72
   (1) can we show that 7 NL 1?
        a. margin -0.044263935487668715
      no
   (1) can we show that 7 NL 5?
        a. margin -0.0008240626287601138
      no
      Best assertion(s) require sample: 72

ALTERNATE OUTCOME PAIR: 5,7
   (1) can we show that 8 NL 7?
        a. margin -0.39607981635175693
      no
   (1) can we show that 8 NL 5?
        a. margin -0.25075048560833446
      no
   (1) can we show that 6 NL 7?
        a. margin -0.06869150626876219
      no
   (1) can we show that 6 NL 5?
        a. margin 0.0038260050620988473
      yes, 68, ags used 50 = 68
   (1) can we show that 1 NL 7?
        a. margin -0.12808287715580702
      no
   (1) can we show that 1 NL 5?
        a. margin -0.02801812937783288
      no
      Best assertion(s) require sample: 68

ALTERNATE OUTCOME PAIR: 1,7
   (1) can we show that 8 NL 7?
        a. margin -0.36429454352816426
      no
   (1) can we show that 8 NL 1?
        a. margin -0.34581199599740986
      no
   (1) can we show that 6 NL 7?
        a. margin -0.03837777385367125
      no
   (1) can we show that 6 NL 1?
        a. margin -0.026075696038613705
      no
   (1) can we show that 5 NL 7?
        a. margin -0.2664665371711098
      no
   (1) can we show that 5 NL 1?
        a. margin -0.2396256401200776
      no

RULE OUT PAIR STAGE ASN 750
------------------------------------------------
Alternate outcome cannot be ruled out: 8,6
Alternate outcome cannot be ruled out: 6,1
Alternate outcome cannot be ruled out: 1,7
Full audit not possible
PARTIAL audit sample size: 750
------------------------------------------------
Final set of assertions generated:
(6, 'AG', 2, 67)
7 NL 5 = 750 [rules out (6, 5), G = {1, 2, 3}, O = set()]

(5, 'AG', 1, 20)
6 NL 8 = 32 [rules out (8, 1), G = {1, 2, 3}, O = set()]
(6, 'AG', 1, 26)
6 NL 8 = 31 [rules out (8, 7), G = {1, 2, 3}, O = set()]
(6, 'AG', 3, 71)
(5, 'AG', 2, 29)
6 NL 8 = 31 [rules out (8, 5), G = {1, 2, 3}, O = set()]
6 NL 5 = 72 [rules out (5, 1), G = {1, 2, 3, 7}, O = set()]
6 NL 5 = 68 [rules out (5, 7), G = {1, 2, 3, 7}, O = set()]
(5, 'AG', 3, 28)
(5, 'AG', 7, 50)
[] are verified winners with these assertions.
[1, 6, 7, 8] remain as potential winners in this audit.
------------------------------------------------
