VALID BALLOTS 7703
Winner 1
Winner 6
Computing AG relationships
2 AG 5 = 455
4 AG 5 = 137
8 AG 5 = 179
1 AG 5 = 21
1 AG 7 = 98
1 AG 2 = 44
1 AG 8 = 35
3 AG 5 = 36
3 AG 7 = 428
6 AG 5 = 50
Ruling out candidates: [(5, 36), (7, 428)]
STAGE 1 ASN (Ruling out candidates): 428
ALTERNATE OUTCOME PAIR: 2,4
   (1) can we show that 8 NL 4?
        a. margin -0.24423384828421846
      no
   (1) can we show that 8 NL 2?
        a. margin -0.06257302349733906
      no
   (1) can we show that 1 NL 4?
        a. margin 0.043143364057293354
      yes, 94, ags used 98 = 98
   (1) can we show that 1 NL 2?
        a. margin 0.10645203167596984
      yes, 22, ags used 35 = 35
   (1) can we show that 3 NL 4?
        a. margin -0.09520100393785991
      no
   (1) can we show that 3 NL 2?
        a. margin 0.07339131939936805
      yes, 62, ags used 44 = 62
   (1) can we show that 6 NL 4?
        a. margin -0.03340689774546757
      no
   (1) can we show that 6 NL 2?
        a. margin 0.03102687264702042
      yes, 136, ags used 50 = 136
      Best assertion(s) require sample: 35

ALTERNATE OUTCOME PAIR: 2,8
   (1) can we show that 4 NL 8?
        a. margin -0.014972521528409
      no
   (1) can we show that 4 NL 2?
        a. margin -0.026266822450127902
      no
   (1) can we show that 1 NL 8?
        a. margin 0.13739235795577476
      yes, 32, ags used 21 = 32
   (1) can we show that 1 NL 2?
        a. margin 0.10524038253494306
      yes, 42, ags used 21 = 42
   (1) can we show that 3 NL 8?
        a. margin 0.062486477130122564
      yes, 72, ags used 36 = 72
   (1) can we show that 3 NL 2?
        a. margin 0.0739105976026655
      yes, 62, ags used 44 = 62
   (1) can we show that 6 NL 8?
        a. margin 0.04370591544419922
      yes, 99, ags used 50 = 99
   (1) can we show that 6 NL 2?
        a. margin 0.032887619542169455
      yes, 129, ags used 50 = 129
      Best assertion(s) require sample: 32

ALTERNATE OUTCOME PAIR: 2,1
   (1) can we show that 4 NL 1?
        a. margin -0.3588645116621231
      no
   (1) can we show that 4 NL 2?
        a. margin -0.20628326625989946
      no
   (1) can we show that 8 NL 1?
        a. margin -0.2826171621446192
      no
   (1) can we show that 8 NL 2?
        a. margin -0.1032930892725783
      no
   (1) can we show that 3 NL 1?
        a. margin -0.23518975291012145
      no
   (1) can we show that 3 NL 2?
        a. margin -0.059197715175905996
      no
   (1) can we show that 6 NL 1?
        a. margin -0.2917910770695403
      no
   (1) can we show that 6 NL 2?
        a. margin -0.14094075901164116
      no

ALTERNATE OUTCOME PAIR: 2,3
   (1) can we show that 4 NL 3?
        a. margin -0.28317971353152493
      no
   (1) can we show that 4 NL 2?
        a. margin -0.01588125838417953
      no
   (1) can we show that 8 NL 3?
        a. margin -0.26526461551776426
      no
   (1) can we show that 8 NL 2?
        a. margin -0.052057639880567
      no
   (1) can we show that 1 NL 3?
        a. margin 0.037777489289886335
      yes, 106, ags used 98 = 106
   (1) can we show that 1 NL 2?
        a. margin 0.11727032757800004
      yes, 21, ags used 35 = 35
   (1) can we show that 6 NL 3?
        a. margin -0.21212514604699506
      no
   (1) can we show that 6 NL 2?
        a. margin 0.043013544506469215
      yes, 100, ags used 50 = 100
      Best assertion(s) require sample: 35

ALTERNATE OUTCOME PAIR: 2,6
   (1) can we show that 4 NL 6?
        a. margin -0.15803366653684758
      no
   (1) can we show that 4 NL 2?
        a. margin -0.028170842528884688
      no
   (1) can we show that 8 NL 6?
        a. margin -0.2691592020424943
      no
   (1) can we show that 8 NL 2?
        a. margin -0.06097191570383875
      no
   (1) can we show that 1 NL 6?
        a. margin 0.022761694577869696
      yes, 163, ags used 98 = 163
   (1) can we show that 1 NL 2?
        a. margin 0.1082695053875109
      yes, 22, ags used 35 = 35
   (1) can we show that 3 NL 6?
        a. margin -0.12259292916179854
      no
   (1) can we show that 3 NL 2?
        a. margin 0.07395387078627391
      yes, 62, ags used 44 = 62
      Best assertion(s) require sample: 35

ALTERNATE OUTCOME PAIR: 4,8
   (1) can we show that 2 NL 8?
        a. margin -0.03306071227660223
      no
   (1) can we show that 2 NL 4?
        a. margin -0.2633173222553983
      no
   (1) can we show that 1 NL 8?
        a. margin 0.13111774633259765
      yes, 34, ags used 21 = 34
   (1) can we show that 1 NL 4?
        a. margin -0.013371413734908466
      no
   (1) can we show that 3 NL 8?
        a. margin 0.0560387727725129
      yes, 81, ags used 36 = 81
   (1) can we show that 3 NL 4?
        a. margin -0.09585010169198172
      no
   (1) can we show that 6 NL 8?
        a. margin 0.0365225669652518
      yes, 117, ags used 50 = 117
   (1) can we show that 6 NL 4?
        a. margin -0.032757799991345316
      no
      Best assertion(s) require sample: 34

ALTERNATE OUTCOME PAIR: 4,1
   (1) can we show that 2 NL 1?
        a. margin -0.3517677095503915
      no
   (1) can we show that 2 NL 4?
        a. margin -0.2582976329568566
      no
   (1) can we show that 8 NL 1?
        a. margin -0.291747803885932
      no
   (1) can we show that 8 NL 4?
        a. margin -0.24245964775628548
      no
   (1) can we show that 3 NL 1?
        a. margin -0.24916699121554364
      no
   (1) can we show that 3 NL 4?
        a. margin -0.09109005149508886
      no
   (1) can we show that 6 NL 1?
        a. margin -0.30879743822753036
      no
   (1) can we show that 6 NL 4?
        a. margin -0.025617724696006428
      no

ALTERNATE OUTCOME PAIR: 4,3
   (1) can we show that 2 NL 3?
        a. margin -0.29127179886624266
      no
   (1) can we show that 2 NL 4?
        a. margin -0.24938335713358473
      no
   (1) can we show that 8 NL 3?
        a. margin -0.2579081743043836
      no
   (1) can we show that 8 NL 4?
        a. margin -0.23038642952962052
      no
   (1) can we show that 1 NL 3?
        a. margin 0.04582630144099631
      yes, 48, ags used 44 = 48
   (1) can we show that 1 NL 4?
        a. margin 0.05655805097580968
      yes, 43, ags used 44 = 44
   (1) can we show that 6 NL 3?
        a. margin -0.2238521788047948
      no
   (1) can we show that 6 NL 4?
        a. margin -0.02436280237137123
      no
      Best assertion(s) require sample: 44

ALTERNATE OUTCOME PAIR: 4,6
   (1) can we show that 2 NL 6?
        a. margin -0.254835778268207
      no
   (1) can we show that 2 NL 4?
        a. margin -0.2111731360076159
      no
   (1) can we show that 8 NL 6?
        a. margin -0.23579557748063518
      no
   (1) can we show that 8 NL 4?
        a. margin -0.1932147648102469
      no
   (1) can we show that 1 NL 6?
        a. margin 0.05599549958890404
      yes, 44, ags used 44 = 44
   (1) can we show that 1 NL 4?
        a. margin 0.0007789173049455034
      yes, 32, ags used 44 = 44
   (1) can we show that 3 NL 6?
        a. margin -0.09052750010818356
      no
   (1) can we show that 3 NL 4?
        a. margin -0.0458263014409972
      no
      Best assertion(s) require sample: 44

ALTERNATE OUTCOME PAIR: 8,1
   (1) can we show that 2 NL 1?
        a. margin -0.3230343156346013
      no
   (1) can we show that 2 NL 8?
        a. margin -0.20139339651218235
      no
   (1) can we show that 4 NL 1?
        a. margin -0.34406508286814685
      no
   (1) can we show that 4 NL 8?
        a. margin -0.2360119433986767
      no
   (1) can we show that 3 NL 1?
        a. margin -0.21865939677182056
      no
   (1) can we show that 3 NL 8?
        a. margin -0.11194772599420222
      no
   (1) can we show that 6 NL 1?
        a. margin -0.27712146782638813
      no
   (1) can we show that 6 NL 8?
        a. margin -0.1710156216192833
      no

ALTERNATE OUTCOME PAIR: 8,3
   (1) can we show that 2 NL 3?
        a. margin -0.30092171881085295
      no
   (1) can we show that 2 NL 8?
        a. margin -0.03068068717815564
      no
   (1) can we show that 4 NL 3?
        a. margin -0.28374226491843024
      no
   (1) can we show that 4 NL 8?
        a. margin -0.01869401531870718
      no
   (1) can we show that 1 NL 3?
        a. margin -0.022502055476221416
      no
   (1) can we show that 1 NL 8?
        a. margin 0.13483924012289594
      yes, 33, ags used 21 = 33
   (1) can we show that 6 NL 3?
        a. margin -0.2129040633519408
      no
   (1) can we show that 6 NL 8?
        a. margin 0.03994114847029273
      yes, 107, ags used 50 = 107
      Best assertion(s) require sample: 33

ALTERNATE OUTCOME PAIR: 8,6
   (1) can we show that 2 NL 6?
        a. margin -0.2888917737677962
      no
   (1) can we show that 2 NL 8?
        a. margin -0.03202215587000723
      no
   (1) can we show that 4 NL 6?
        a. margin -0.15837985200571236
      no
   (1) can we show that 4 NL 8?
        a. margin -0.021809684538491525
      no
   (1) can we show that 1 NL 6?
        a. margin -0.03370981003072393
      no
   (1) can we show that 1 NL 8?
        a. margin 0.1318533904539354
      yes, 34, ags used 21 = 34
   (1) can we show that 3 NL 6?
        a. margin -0.12319875373231215
      no
   (1) can we show that 3 NL 8?
        a. margin 0.05668787052663471
      yes, 80, ags used 36 = 80
      Best assertion(s) require sample: 34

ALTERNATE OUTCOME PAIR: 1,3
   (1) can we show that 2 NL 3?
        a. margin -0.28677138777099853
      no
   (1) can we show that 2 NL 1?
        a. margin -0.34380544376649824
      no
   (1) can we show that 4 NL 3?
        a. margin -0.2627547708684934
      no
   (1) can we show that 4 NL 1?
        a. margin -0.3643169327967464
      no
   (1) can we show that 8 NL 3?
        a. margin -0.2633173222553986
      no
   (1) can we show that 8 NL 1?
        a. margin -0.28279025487905196
      no
   (1) can we show that 6 NL 3?
        a. margin -0.1924358475053014
      no
   (1) can we show that 6 NL 1?
        a. margin -0.29737331775498765
      no

ALTERNATE OUTCOME PAIR: 3,6
   (1) can we show that 2 NL 6?
        a. margin -0.2739625254229957
      no
   (1) can we show that 2 NL 3?
        a. margin -0.2835258990003895
      no
   (1) can we show that 4 NL 6?
        a. margin -0.15119650352676495
      no
   (1) can we show that 4 NL 3?
        a. margin -0.2934354580466485
      no
   (1) can we show that 8 NL 6?
        a. margin -0.25410013414686927
      no
   (1) can we show that 8 NL 3?
        a. margin -0.2502920939893549
      no
   (1) can we show that 1 NL 6?
        a. margin 0.03738803063741325
      yes, 53, ags used 44 = 53
   (1) can we show that 1 NL 3?
        a. margin 0.05292310355272778
      yes, 45, ags used 44 = 45
      Best assertion(s) require sample: 45

RULE OUT PAIR STAGE ASN 45
------------------------------------------------
EXAMINING WAYS TO REDUCE COST OF AUDIT
ALTERNATE OUTCOME PAIR: 7,2
   (1) can we show that 4 NL 2?
        a. margin -0.025184992859925037
      no
   (1) can we show that 4 NL 7?
        a. margin 0.06192392574321648
      yes, 74, ags used 428 = 428
   (1) can we show that 8 NL 2?
        a. margin -0.06222683802847395
      no
   (1) can we show that 8 NL 7?
        a. margin -0.0004327318360817234
      no
   (1) can we show that 1 NL 2?
        a. margin 0.10688476351205134
      yes, 22, ags used 35 = 35
   (1) can we show that 1 NL 7?
        a. margin 0.05227400579860575
      yes, 31, ags used 35 = 35
   (1) can we show that 3 NL 2?
        a. margin 0.07404041715348963
      yes, 61, ags used 44 = 61
   (1) can we show that 3 NL 7?
        a. margin 0.016573629321908756
      yes, 58, ags used 98 = 98
   (1) can we show that 6 NL 2?
        a. margin 0.03383962958154774
      yes, 125, ags used 50 = 125
   (1) can we show that 6 NL 7?
        a. margin 0.05352892812324139
      yes, 85, ags used 98 = 98
      Best assertion(s) require sample: 35

ALTERNATE OUTCOME PAIR: 7,4
   (1) can we show that 2 NL 4?
        a. margin -0.26106711670777616
      no
   (1) can we show that 2 NL 7?
        a. margin -0.004500411095244572
      no
   (1) can we show that 8 NL 4?
        a. margin -0.24276256004154217
      no
   (1) can we show that 8 NL 7?
        a. margin 0.003202215586999957
      yes, 2487, ags used 428 = 2487
   (1) can we show that 1 NL 4?
        a. margin 0.04470119866718569
      yes, 49, ags used 44 = 49
   (1) can we show that 1 NL 7?
        a. margin 0.058288978320134355
      yes, 30, ags used 35 = 35
   (1) can we show that 3 NL 4?
        a. margin -0.112120818728634
      no
   (1) can we show that 3 NL 7?
        a. margin 0.017915098013760344
      yes, 55, ags used 98 = 98
   (1) can we show that 6 NL 4?
        a. margin -0.033839629581548625
      no
   (1) can we show that 6 NL 7?
        a. margin 0.04963434159851099
      yes, 92, ags used 98 = 98
      Best assertion(s) require sample: 35

ALTERNATE OUTCOME PAIR: 7,8
   (1) can we show that 2 NL 8?
        a. margin -0.032844346358561816
      no
   (1) can we show that 2 NL 7?
        a. margin -0.010818295902029873
      no
   (1) can we show that 4 NL 8?
        a. margin -0.02150677225323494
      no
   (1) can we show that 4 NL 7?
        a. margin 0.05906789562508097
      yes, 77, ags used 428 = 428
   (1) can we show that 1 NL 8?
        a. margin 0.13072828768012457
      yes, 34, ags used 21 = 34
   (1) can we show that 1 NL 7?
        a. margin 0.0473408628672809
      yes, 58, ags used 44 = 58
   (1) can we show that 3 NL 8?
        a. margin 0.056558050975810126
      yes, 80, ags used 36 = 80
   (1) can we show that 3 NL 7?
        a. margin 0.016184170669436115
      yes, 60, ags used 98 = 98
   (1) can we show that 6 NL 8?
        a. margin 0.037214937902980916
      yes, 115, ags used 50 = 115
   (1) can we show that 6 NL 7?
        a. margin 0.04915833657882196
      yes, 93, ags used 98 = 98
      Best assertion(s) require sample: 34

ALTERNATE OUTCOME PAIR: 7,1
   (1) can we show that 2 NL 1?
        a. margin -0.351464797265135
      no
   (1) can we show that 2 NL 7?
        a. margin -0.025011900125492592
      no
   (1) can we show that 4 NL 1?
        a. margin -0.3737072136397074
      no
   (1) can we show that 4 NL 7?
        a. margin 0.011813579125015794
      yes, 386, ags used 428 = 428
   (1) can we show that 8 NL 1?
        a. margin -0.2917045307023236
      no
   (1) can we show that 8 NL 7?
        a. margin -0.010731749534813595
      no
   (1) can we show that 3 NL 1?
        a. margin -0.26552425461941254
      no
   (1) can we show that 3 NL 7?
        a. margin 0.02384352416807256
      yes, 188, ags used 36 = 188
   (1) can we show that 6 NL 1?
        a. margin -0.30693669133238166
      no
   (1) can we show that 6 NL 7?
        a. margin 0.07732917910770687
      yes, 59, ags used 428 = 428
      Best assertion(s) require sample: 188

ALTERNATE OUTCOME PAIR: 7,3
   (1) can we show that 2 NL 3?
        a. margin -0.29867151326323094
      no
   (1) can we show that 2 NL 7?
        a. margin -0.09576355532476577
      no
   (1) can we show that 4 NL 3?
        a. margin -0.28975723743995885
      no
   (1) can we show that 4 NL 7?
        a. margin 0.0035051278722568746
      yes, 1086, ags used 137 = 1086
   (1) can we show that 8 NL 3?
        a. margin -0.2651780691505474
      no
   (1) can we show that 8 NL 7?
        a. margin -0.10182180102990268
      no
   (1) can we show that 1 NL 3?
        a. margin 0.038513133411224976
      yes, 52, ags used 44 = 52
   (1) can we show that 1 NL 7?
        a. margin 0.073477865766584
      yes, 27, ags used 35 = 35
   (1) can we show that 6 NL 3?
        a. margin -0.21883248950625322
      no
   (1) can we show that 6 NL 7?
        a. margin 0.07053528928123165
      yes, 65, ags used 98 = 98
      Best assertion(s) require sample: 35

ALTERNATE OUTCOME PAIR: 7,6
   (1) can we show that 2 NL 6?
        a. margin -0.2857761045480113
      no
   (1) can we show that 2 NL 7?
        a. margin -0.00047600501968947384
      no
   (1) can we show that 4 NL 6?
        a. margin -0.1585529447401447
      no
   (1) can we show that 4 NL 7?
        a. margin 0.060495910684148946
      yes, 75, ags used 428 = 428
   (1) can we show that 8 NL 6?
        a. margin -0.2667791769440475
      no
   (1) can we show that 8 NL 7?
        a. margin 0.00722662166255561
      yes, 802, ags used 428 = 802
   (1) can we show that 1 NL 6?
        a. margin 0.025314812410748733
      yes, 62, ags used 44 = 62
   (1) can we show that 1 NL 7?
        a. margin 0.06616469773681222
      yes, 28, ags used 35 = 35
   (1) can we show that 3 NL 6?
        a. margin -0.13916655848370751
      no
   (1) can we show that 3 NL 7?
        a. margin 0.02232896274178864
      yes, 53, ags used 98 = 98
      Best assertion(s) require sample: 35

6 ruled out by pairs, sample size 188
STAGE 1 ASN NOW 36
NEW RULE OUT PAIR STAGE ASN 188
------------------------------------------------
Alternate outcome cannot be ruled out: 2,1
Alternate outcome cannot be ruled out: 4,1
Alternate outcome cannot be ruled out: 8,1
Alternate outcome cannot be ruled out: 1,3
Full audit not possible
PARTIAL audit sample size: 188
------------------------------------------------
Final set of assertions generated:
(0, 'AG', 7, 35)
1 NL 2 = 35 [rules out (2, 4), G = {4, 7}, O = set()]
1 NL 4 = 44 [rules out (4, 3), G = {1, 4, 7}, O = set()]
1 NL 8 = 34 [rules out (4, 8), G = {4}, O = set()]

(0, 'AG', 4, 21)
(2, 'AG', 4, 36)
1 NL 7 = 35 [rules out (7, 6), G = {4, 7}, O = set()]
1 NL 2 = 35 [rules out (2, 6), G = {4, 7}, O = set()]
1 NL 8 = 34 [rules out (8, 6), G = {4}, O = set()]
1 NL 8 = 32 [rules out (2, 8), G = {4}, O = set()]

1 NL 7 = 35 [rules out (7, 3), G = {4, 7}, O = set()]
(0, 'AG', 1, 44)
1 NL 2 = 35 [rules out (2, 3), G = {4, 7}, O = set()]
1 NL 8 = 33 [rules out (8, 3), G = {4}, O = set()]
1 NL 6 = 44 [rules out (4, 6), G = {1, 4, 7}, O = set()]

1 NL 7 = 35 [rules out (7, 4), G = {4, 7}, O = set()]
1 NL 2 = 35 [rules out (7, 2), G = {4, 7}, O = set()]

3 NL 7 = 188 [rules out (7, 1), G = {4}, O = set()]
1 NL 8 = 34 [rules out (7, 8), G = {4}, O = set()]

1 NL 3 = 45 [rules out (3, 6), G = {1, 4, 7}, O = set()]
[1] are verified winners with these assertions.
[2, 3, 4, 6, 8] remain as potential winners in this audit.
------------------------------------------------
