VALID BALLOTS 3789
Winner 1
Winner 4
Computing AG relationships
1 AG 6 = 32
1 AG 3 = 39
1 AG 7 = 331
1 AG 2 = 28
5 AG 6 = 55
5 AG 3 = 25
5 AG 7 = 34
5 AG 2 = 42
4 AG 6 = 36
4 AG 3 = 20
4 AG 7 = 25
4 AG 2 = 30
Ruling out candidates: [(6, 36), (3, 25), (7, 34), (2, 30)]
STAGE 1 ASN (Ruling out candidates): 36
ALTERNATE OUTCOME PAIR: 1,5
   (1) can we show that 4 NL 5?
        a. margin 0.0008797395970800981
      yes, 256, ags used 36 = 256
   (1) can we show that 4 NL 1?
        a. margin -0.015395442948886728
      no
      Best assertion(s) require sample: 256

ALTERNATE OUTCOME PAIR: 5,4
   (1) can we show that 1 NL 4?
        a. margin -0.1665347057271046
      no
   (1) can we show that 1 NL 5?
        a. margin -0.14841207002727141
      no

RULE OUT PAIR STAGE ASN 256
------------------------------------------------
Alternate outcome cannot be ruled out: 5,4
Full audit not possible
PARTIAL audit sample size: 256
------------------------------------------------
Final set of assertions generated:
(0, 'AG', 1, 28)
(0, 'AG', 5, 32)
(3, 'AG', 5, 36)
(3, 'AG', 1, 30)
(3, 'AG', 6, 25)
(4, 'AG', 2, 25)
(4, 'AG', 6, 34)
4 NL 5 = 256 [rules out (1, 5), G = {1, 2, 5, 6}, O = set()]

(3, 'AG', 2, 20)
[4] are verified winners with these assertions.
[1, 5] remain as potential winners in this audit.
------------------------------------------------
