VALID BALLOTS 4921
41 ballot checks required to assert that first winner has a quota's worth of votes
AUD TV 0.19218504966021954, ss 95
AG*(2,3) = 185
AG*(2,4) = 54
AG*(2,5) = 27
AG*(2,6) = 116
AG*(2,7) = 43
AG*(2,8) = 24
AG*(1,2) = 102
AG*(1,3) = 37
AG*(1,4) = 16
AG*(1,5) = 19
AG*(1,6) = 31
AG*(1,7) = 21
AG*(1,8) = 13
AG*(2,3) = 185
AG*(2,4) = 54
AG*(2,5) = 27
AG*(2,6) = 116
AG*(2,7) = 43
AG*(2,8) = 24
AG*(3,6) = 195
AG*(3,8) = 84
AG*(4,8) = 315
NL(2,5) = 27, AG*'s used 24
NL(2,8) = 24, AG*'s used 0
NL(2,7) = 39, AG*'s used 27
NL(2,6) = 66, AG*'s used 54
NL(2,4) = 41, AG*'s used 43
NL(2,3) = 84, AG*'s used 54
Max in loop 95, 0.19218504966021954
AUD TV 0.24218504966021953, ss 44
AG*(2,3) = 190
AG*(2,4) = 68
AG*(2,5) = 28
AG*(2,6) = 118
AG*(2,7) = 44
AG*(2,8) = 24
AG*(1,2) = 102
AG*(1,3) = 37
AG*(1,4) = 16
AG*(1,5) = 19
AG*(1,6) = 31
AG*(1,7) = 21
AG*(1,8) = 13
AG*(2,3) = 190
AG*(2,4) = 68
AG*(2,5) = 28
AG*(2,6) = 118
AG*(2,7) = 44
AG*(2,8) = 24
AG*(3,6) = 207
AG*(3,8) = 93
AG*(4,8) = 322
NL(2,5) = 27, AG*'s used 24
NL(2,8) = 24, AG*'s used 0
NL(2,7) = 40, AG*'s used 28
NL(2,6) = 67, AG*'s used 68
NL(2,4) = 49, AG*'s used 44
NL(2,3) = 85, AG*'s used 68
Max in loop 85, 0.24218504966021953
AUD TV 0.2921850496602195, ss 27
AG*(2,3) = 195
AG*(2,4) = 90
AG*(2,5) = 28
AG*(2,6) = 119
AG*(2,7) = 45
AG*(2,8) = 25
AG*(1,2) = 102
AG*(1,3) = 37
AG*(1,4) = 16
AG*(1,5) = 19
AG*(1,6) = 31
AG*(1,7) = 21
AG*(1,8) = 13
AG*(2,3) = 195
AG*(2,4) = 90
AG*(2,5) = 28
AG*(2,6) = 119
AG*(2,7) = 45
AG*(2,8) = 25
AG*(3,6) = 222
AG*(3,8) = 103
AG*(4,8) = 328
NL(2,5) = 28, AG*'s used 25
NL(2,8) = 25, AG*'s used 0
NL(2,7) = 41, AG*'s used 28
NL(2,6) = 72, AG*'s used 45
NL(2,4) = 60, AG*'s used 45
NL(2,3) = 87, AG*'s used 90
Max in loop 90, 0.2921850496602195
Breaking out of inner loop 90 > 85
Sample size to show min tv of 0.07109252483010978 is 76
AUD TV 0.19218504966021954, ss 95
AG*(2,3) = 171
AG*(2,4) = 53
AG*(2,5) = 27
AG*(2,6) = 110
AG*(2,7) = 42
AG*(2,8) = 24
AG*(1,2) = 102
AG*(1,3) = 37
AG*(1,4) = 16
AG*(1,5) = 19
AG*(1,6) = 31
AG*(1,7) = 21
AG*(1,8) = 13
AG*(2,3) = 171
AG*(2,4) = 53
AG*(2,5) = 27
AG*(2,6) = 110
AG*(2,7) = 42
AG*(2,8) = 24
AG*(3,6) = 193
AG*(3,8) = 84
AG*(4,8) = 123
NL(2,5) = 27, AG*'s used 24
NL(2,8) = 24, AG*'s used 0
NL(2,7) = 38, AG*'s used 27
NL(2,6) = 55, AG*'s used 53
NL(2,4) = 41, AG*'s used 42
NL(2,3) = 67, AG*'s used 53
Max in loop 95, 0.19218504966021954
AUD TV 0.24218504966021953, ss 44
AG*(2,3) = 175
AG*(2,4) = 66
AG*(2,5) = 27
AG*(2,6) = 112
AG*(2,7) = 43
AG*(2,8) = 24
AG*(1,2) = 102
AG*(1,3) = 37
AG*(1,4) = 16
AG*(1,5) = 19
AG*(1,6) = 31
AG*(1,7) = 21
AG*(1,8) = 13
AG*(2,3) = 175
AG*(2,4) = 66
AG*(2,5) = 27
AG*(2,6) = 112
AG*(2,7) = 43
AG*(2,8) = 24
AG*(3,6) = 205
AG*(3,8) = 92
AG*(4,8) = 124
NL(2,5) = 27, AG*'s used 24
NL(2,8) = 24, AG*'s used 0
NL(2,7) = 39, AG*'s used 27
NL(2,6) = 56, AG*'s used 66
NL(2,4) = 48, AG*'s used 43
NL(2,3) = 68, AG*'s used 66
Max in loop 76, 0.24218504966021953
AUD TV 0.2921850496602195, ss 27
AG*(2,3) = 180
AG*(2,4) = 86
AG*(2,5) = 28
AG*(2,6) = 113
AG*(2,7) = 44
AG*(2,8) = 25
AG*(1,2) = 102
AG*(1,3) = 37
AG*(1,4) = 16
AG*(1,5) = 19
AG*(1,6) = 31
AG*(1,7) = 21
AG*(1,8) = 13
AG*(2,3) = 180
AG*(2,4) = 86
AG*(2,5) = 28
AG*(2,6) = 113
AG*(2,7) = 44
AG*(2,8) = 25
AG*(3,6) = 219
AG*(3,8) = 103
AG*(4,8) = 125
NL(2,5) = 27, AG*'s used 25
NL(2,8) = 25, AG*'s used 0
NL(2,7) = 40, AG*'s used 28
NL(2,6) = 69, AG*'s used 44
NL(2,4) = 58, AG*'s used 44
NL(2,3) = 69, AG*'s used 86
Max in loop 86, 0.2921850496602195
Breaking out of inner loop 86 > 76
New mintv = 0.12109252483010978
Sample size to show min tv of 0.12109252483010978 is 243
Sample size required for audit is 76 ballots
------------------------------------------------
Assertion set BEFORE filtering:
(0, 'LT', None, (0.07109252483010978, 76))
(1, 'AG*', 7, 24)
(0, 'QT', None, 41)
(1, 'AG*', 6, 43)
(1, 'AG*', 3, 66)
(1, 'NL', 2, 68)
(0, 'MT', None, (0.24218504966021953, 44))
(1, 'NL', 3, 48)
(1, 'NL', 4, 27)
(1, 'NL', 6, 39)
(1, 'NL', 7, 24)
(1, 'NL', 5, 66)
(1, 'AG*', 4, 27)
------------------------------------------------
Final set of assertions AFTER filtering:
(0, 'LT', None, (0.07109252483010978, 76))
(1, 'AG*', 7, 24)
(0, 'QT', None, 41)
(1, 'AG*', 6, 43)
(1, 'AG*', 3, 66)
(1, 'NL', 2, 68)
(0, 'MT', None, (0.24218504966021953, 44))
(1, 'NL', 3, 48)
(1, 'NL', 4, 27)
(1, 'NL', 6, 39)
(1, 'NL', 7, 24)
(1, 'NL', 5, 66)
(1, 'AG*', 4, 27)
------------------------------------------------
Explanations for AG* inclusion:
   Explanation for (1, 'AG*', 7, 24): []
   Explanation for (1, 'AG*', 6, 43): []
   Explanation for (1, 'AG*', 3, 66): []
   Explanation for (1, 'AG*', 4, 27): []
------------------------------------------------
