VALID BALLOTS 5823
Winner 1
Winner 2
Computing AG relationships
1 AG 4 = 26
1 AG 5 = 41
1 AG 3 = 77
2 AG 4 = 241
2 AG 6 = 60
2 AG 3 = 69
Ruling out candidates: [(4, 241), (3, 77)]
STAGE 1 ASN (Ruling out candidates): 241
ALTERNATE OUTCOME PAIR: 6,5
   (1) can we show that 1 NL 5?
        a. margin 0.11219875207510421
      yes, 36, ags used 26 = 36
   (1) can we show that 1 NL 6?
        a. margin 0.19068063426641468
      yes, 23, ags used 60 = 60
   (1) can we show that 2 NL 5?
        a. margin 0.09817390806571669
      yes, 46, ags used 41 = 46
   (1) can we show that 2 NL 6?
        a. margin 0.08077165264182229
      yes, 56, ags used 0 = 56
   (1) can we show that 2 NL 5?
        a. margin 0.09817390806571669
      yes, 46, ags used 41 = 46
   (1) can we show that 2 NL 6?
        a. margin 0.08077165264182229
      yes, 56, ags used 0 = 56
      Best assertion(s) require sample: 36

ALTERNATE OUTCOME PAIR: 6,1
   (1) can we show that 5 NL 1?
        a. margin -0.2711088213406606
      no
   (1) can we show that 5 NL 6?
        a. margin -0.0025187474955638
      no
   (1) can we show that 2 NL 1?
        a. margin -0.16389031999542036
      no
   (1) can we show that 2 NL 6?
        a. margin 0.0848932394527444
      yes, 53, ags used 0 = 53
   (1) can we show that 2 NL 1?
        a. margin -0.16389031999542036
      no
   (1) can we show that 2 NL 6?
        a. margin 0.0848932394527444
      yes, 53, ags used 0 = 53
      Best assertion(s) require sample: 53

ALTERNATE OUTCOME PAIR: 6,2
   (1) can we show that 5 NL 2?
        a. margin -0.31404201728776693
      no
   (1) can we show that 5 NL 6?
        a. margin -0.18982197034747295
      no
   (1) can we show that 1 NL 2?
        a. margin 0.009559791630889158
      yes, 378, ags used 77 = 378
   (1) can we show that 1 NL 6?
        a. margin 0.0074989982254274334
      yes, 40, ags used 41 = 41
      Best assertion(s) require sample: 41

ALTERNATE OUTCOME PAIR: 6,2
   (1) can we show that 5 NL 2?
        a. margin -0.31404201728776693
      no
   (1) can we show that 5 NL 6?
        a. margin -0.18982197034747295
      no
   (1) can we show that 1 NL 2?
        a. margin 0.009559791630889158
      yes, 378, ags used 77 = 378
   (1) can we show that 1 NL 6?
        a. margin 0.0074989982254274334
      yes, 40, ags used 41 = 41
      Best assertion(s) require sample: 41

ALTERNATE OUTCOME PAIR: 5,1
   (1) can we show that 6 NL 1?
        a. margin -0.36378728032514707
      no
   (1) can we show that 6 NL 5?
        a. margin -0.2842177571698431
      no
   (1) can we show that 2 NL 1?
        a. margin -0.07395958555154802
      no
   (1) can we show that 2 NL 5?
        a. margin 0.006754822829011742
      yes, 391, ags used 241 = 391
   (1) can we show that 2 NL 1?
        a. margin -0.07395958555154802
      no
   (1) can we show that 2 NL 5?
        a. margin 0.006754822829011742
      yes, 391, ags used 241 = 391
      Best assertion(s) require sample: 391

ALTERNATE OUTCOME PAIR: 5,2
   (1) can we show that 6 NL 2?
        a. margin -0.39653099776747347
      no
   (1) can we show that 6 NL 5?
        a. margin -0.07945503463277781
      no
   (1) can we show that 1 NL 2?
        a. margin -0.10956551605701548
      no
   (1) can we show that 1 NL 5?
        a. margin 0.11746522411128235
      yes, 35, ags used 26 = 35
      Best assertion(s) require sample: 35

ALTERNATE OUTCOME PAIR: 5,2
   (1) can we show that 6 NL 2?
        a. margin -0.39653099776747347
      no
   (1) can we show that 6 NL 5?
        a. margin -0.07945503463277781
      no
   (1) can we show that 1 NL 2?
        a. margin -0.10956551605701548
      no
   (1) can we show that 1 NL 5?
        a. margin 0.11746522411128235
      yes, 35, ags used 26 = 35
      Best assertion(s) require sample: 35

RULE OUT PAIR STAGE ASN 391
------------------------------------------------
FULL audit sample size: 391
------------------------------------------------
Final set of assertions generated:
(1, 'AG', 3, 241)
1 NL 5 = 36 [rules out (6, 5), G = {3}, O = set()]

(0, 'AG', 3, 26)
(0, 'AG', 4, 41)
2 NL 6 = 53 [rules out (6, 1), G = set(), O = set()]
(1, 'AG', 2, 69)
2 NL 5 = 391 [rules out (5, 1), G = {2, 3, 5}, O = set()]
(1, 'AG', 5, 60)
1 NL 5 = 35 [rules out (5, 2), G = {3}, O = set()]
1 NL 6 = 41 [rules out (6, 2), G = {3, 4}, O = set()]
(0, 'AG', 2, 77)
All winners are verified in audit.
------------------------------------------------
