VALID BALLOTS 5782
Winner 9
Winner 3
Computing AG relationships
5 AG 7 = 617
9 AG 7 = 19
9 AG 8 = 35
9 AG 11 = 19
9 AG 6 = 26
9 AG 1 = 42
9 AG 5 = 109
9 AG 10 = 79
10 AG 7 = 154
2 AG 7 = 130
3 AG 7 = 32
3 AG 8 = 121
3 AG 11 = 62
3 AG 2 = 161
Ruling out candidates: [(7, 32), (8, 121), (11, 62)]
STAGE 1 ASN (Ruling out candidates): 121
ALTERNATE OUTCOME PAIR: 6,1
   (1) can we show that 5 NL 1?
        a. margin -0.057650178715554334
      no
   (1) can we show that 5 NL 6?
        a. margin -0.003574311080364212
      no
   (1) can we show that 9 NL 1?
        a. margin 0.10942003920212118
      yes, 39, ags used 35 = 39
   (1) can we show that 9 NL 6?
        a. margin 0.1781967024097768
      yes, 24, ags used 19 = 24
   (1) can we show that 10 NL 1?
        a. margin -0.060129136400323024
      no
   (1) can we show that 10 NL 6?
        a. margin 0.00028825089357731315
      yes, 5782, ags used 154 = 5782
   (1) can we show that 2 NL 1?
        a. margin -0.009800530381644412
      no
   (1) can we show that 2 NL 6?
        a. margin 0.02161881701833246
      yes, 206, ags used 130 = 206
   (1) can we show that 3 NL 1?
        a. margin 0.10209846650524557
      yes, 44, ags used 42 = 44
   (1) can we show that 3 NL 6?
        a. margin 0.12982820246742732
      yes, 34, ags used 32 = 34
   (1) can we show that 3 NL 1?
        a. margin 0.10209846650524557
      yes, 44, ags used 42 = 44
   (1) can we show that 3 NL 6?
        a. margin 0.12982820246742732
      yes, 34, ags used 32 = 34
      Best assertion(s) require sample: 24

ALTERNATE OUTCOME PAIR: 6,5
   (1) can we show that 1 NL 5?
        a. margin -0.13616972212613854
      no
   (1) can we show that 1 NL 6?
        a. margin -0.022022368269341785
      no
   (1) can we show that 9 NL 5?
        a. margin 0.043987086359967176
      yes, 75, ags used 42 = 75
   (1) can we show that 9 NL 6?
        a. margin 0.17877320419693277
      yes, 24, ags used 19 = 24
   (1) can we show that 10 NL 5?
        a. margin -0.11702986279257466
      no
   (1) can we show that 10 NL 6?
        a. margin 0.0008071025020175426
      yes, 5585, ags used 154 = 5585
   (1) can we show that 2 NL 5?
        a. margin -0.05274991352473224
      no
   (1) can we show that 2 NL 6?
        a. margin 0.021907067911910216
      yes, 203, ags used 130 = 203
   (1) can we show that 3 NL 5?
        a. margin 0.07050616856912173
      yes, 64, ags used 109 = 109
   (1) can we show that 3 NL 6?
        a. margin 0.1300011530035743
      yes, 34, ags used 32 = 34
   (1) can we show that 3 NL 5?
        a. margin 0.07050616856912173
      yes, 64, ags used 109 = 109
   (1) can we show that 3 NL 6?
        a. margin 0.1300011530035743
      yes, 34, ags used 32 = 34
      Best assertion(s) require sample: 24

ALTERNATE OUTCOME PAIR: 6,9
   (1) can we show that 1 NL 9?
        a. margin -0.3219185979476531
      no
   (1) can we show that 1 NL 6?
        a. margin -0.14101233713824524
      no
   (1) can we show that 5 NL 9?
        a. margin -0.3144817248933467
      no
   (1) can we show that 5 NL 6?
        a. margin -0.12440908566816644
      no
   (1) can we show that 10 NL 9?
        a. margin -0.292459356624005
      no
   (1) can we show that 10 NL 6?
        a. margin -0.12556208924247758
      no
   (1) can we show that 2 NL 9?
        a. margin -0.2943618125216182
      no
   (1) can we show that 2 NL 6?
        a. margin -0.11904761904762007
      no
   (1) can we show that 3 NL 9?
        a. margin -0.08751297129021118
      no
   (1) can we show that 3 NL 6?
        a. margin 0.09062608094084701
      yes, 50, ags used 161 = 161
   (1) can we show that 3 NL 9?
        a. margin -0.08751297129021118
      no
   (1) can we show that 3 NL 6?
        a. margin 0.09062608094084701
      yes, 50, ags used 161 = 161
      Best assertion(s) require sample: 161

ALTERNATE OUTCOME PAIR: 6,10
   (1) can we show that 1 NL 10?
        a. margin -0.14493254929090282
      no
   (1) can we show that 1 NL 6?
        a. margin -0.023060071486221356
      no
   (1) can we show that 5 NL 10?
        a. margin -0.11933586994119683
      no
   (1) can we show that 5 NL 6?
        a. margin -0.0038625619739420802
      no
   (1) can we show that 9 NL 10?
        a. margin 0.05920673354087347
      yes, 60, ags used 42 = 60
   (1) can we show that 9 NL 6?
        a. margin 0.17675544794188824
      yes, 25, ags used 19 = 25
   (1) can we show that 2 NL 10?
        a. margin -0.0628963449786698
      no
   (1) can we show that 2 NL 6?
        a. margin 0.01988931165686636
      yes, 223, ags used 130 = 223
   (1) can we show that 3 NL 10?
        a. margin 0.06358814712325556
      yes, 72, ags used 79 = 79
   (1) can we show that 3 NL 6?
        a. margin 0.128098697105961
      yes, 35, ags used 32 = 35
   (1) can we show that 3 NL 10?
        a. margin 0.06358814712325556
      yes, 72, ags used 79 = 79
   (1) can we show that 3 NL 6?
        a. margin 0.128098697105961
      yes, 35, ags used 32 = 35
      Best assertion(s) require sample: 25

ALTERNATE OUTCOME PAIR: 6,2
   (1) can we show that 1 NL 2?
        a. margin -0.08209385449094897
      no
   (1) can we show that 1 NL 6?
        a. margin -0.023175371843652703
      no
   (1) can we show that 5 NL 2?
        a. margin -0.07073676928398476
      no
   (1) can we show that 5 NL 6?
        a. margin -0.004266113224951074
      no
   (1) can we show that 9 NL 2?
        a. margin 0.18413467081747936
      yes, 24, ags used 161 = 161
   (1) can we show that 9 NL 6?
        a. margin 0.17744725008647455
      yes, 24, ags used 19 = 24
   (1) can we show that 10 NL 2?
        a. margin -0.04952150351666096
      no
   (1) can we show that 10 NL 6?
        a. margin 5.7650178715729083e-05
      yes, 1656, ags used 154 = 1656
   (1) can we show that 3 NL 2?
        a. margin 0.029516891502363363
      yes, 135, ags used 121 = 135
   (1) can we show that 3 NL 6?
        a. margin 0.12625389138706322
      yes, 35, ags used 32 = 35
   (1) can we show that 3 NL 2?
        a. margin 0.029516891502363363
      yes, 135, ags used 121 = 135
   (1) can we show that 3 NL 6?
        a. margin 0.12625389138706322
      yes, 35, ags used 32 = 35
      Best assertion(s) require sample: 24

ALTERNATE OUTCOME PAIR: 6,3
   (1) can we show that 1 NL 3?
        a. margin -0.3425573619278218
      no
   (1) can we show that 1 NL 6?
        a. margin -0.022598870056497078
      no
   (1) can we show that 5 NL 3?
        a. margin -0.3226680502709557
      no
   (1) can we show that 5 NL 6?
        a. margin -0.003689611437795559
      no
   (1) can we show that 9 NL 3?
        a. margin -0.07183212267958028
      no
   (1) can we show that 9 NL 6?
        a. margin 0.17831200276720782
      yes, 24, ags used 19 = 24
   (1) can we show that 10 NL 3?
        a. margin -0.2937276605557476
      no
   (1) can we show that 10 NL 6?
        a. margin 0.00040355125100899336
      yes, 5782, ags used 154 = 5782
   (1) can we show that 2 NL 3?
        a. margin -0.20091087282370568
      no
   (1) can we show that 2 NL 6?
        a. margin 0.018851608439986123
      yes, 235, ags used 130 = 235
      Best assertion(s) require sample: 24

ALTERNATE OUTCOME PAIR: 6,3
   (1) can we show that 1 NL 3?
        a. margin -0.3425573619278218
      no
   (1) can we show that 1 NL 6?
        a. margin -0.022598870056497078
      no
   (1) can we show that 5 NL 3?
        a. margin -0.3226680502709557
      no
   (1) can we show that 5 NL 6?
        a. margin -0.003689611437795559
      no
   (1) can we show that 9 NL 3?
        a. margin -0.07183212267958028
      no
   (1) can we show that 9 NL 6?
        a. margin 0.17831200276720782
      yes, 24, ags used 19 = 24
   (1) can we show that 10 NL 3?
        a. margin -0.2937276605557476
      no
   (1) can we show that 10 NL 6?
        a. margin 0.00040355125100899336
      yes, 5782, ags used 154 = 5782
   (1) can we show that 2 NL 3?
        a. margin -0.20091087282370568
      no
   (1) can we show that 2 NL 6?
        a. margin 0.018851608439986123
      yes, 235, ags used 130 = 235
      Best assertion(s) require sample: 24

ALTERNATE OUTCOME PAIR: 1,5
   (1) can we show that 6 NL 5?
        a. margin -0.1892078865444483
      no
   (1) can we show that 6 NL 1?
        a. margin -0.12585034013605434
      no
   (1) can we show that 9 NL 5?
        a. margin 0.05078980744840211
      yes, 59, ags used 35 = 59
   (1) can we show that 9 NL 1?
        a. margin 0.11524270725239183
      yes, 33, ags used 26 = 33
   (1) can we show that 10 NL 5?
        a. margin -0.11074599331257984
      no
   (1) can we show that 10 NL 1?
        a. margin -0.05528652138821655
      no
   (1) can we show that 2 NL 5?
        a. margin -0.046581344402168545
      no
   (1) can we show that 2 NL 1?
        a. margin -0.004784964833391525
      no
   (1) can we show that 3 NL 5?
        a. margin 0.07650178715553957
      yes, 59, ags used 109 = 109
   (1) can we show that 3 NL 1?
        a. margin 0.10682578115992092
      yes, 42, ags used 42 = 42
   (1) can we show that 3 NL 5?
        a. margin 0.07650178715553957
      yes, 59, ags used 109 = 109
   (1) can we show that 3 NL 1?
        a. margin 0.10682578115992092
      yes, 42, ags used 42 = 42
      Best assertion(s) require sample: 33

ALTERNATE OUTCOME PAIR: 1,9
   (1) can we show that 6 NL 9?
        a. margin -0.3405972558514929
      no
   (1) can we show that 6 NL 1?
        a. margin -0.17197048310849805
      no
   (1) can we show that 5 NL 9?
        a. margin -0.3173642338291248
      no
   (1) can we show that 5 NL 1?
        a. margin -0.11864406779661096
      no
   (1) can we show that 10 NL 9?
        a. margin -0.29407356162804077
      no
   (1) can we show that 10 NL 1?
        a. margin -0.12752219531880604
      no
   (1) can we show that 2 NL 9?
        a. margin -0.2962066182405163
      no
   (1) can we show that 2 NL 1?
        a. margin -0.09760175256543491
      no
   (1) can we show that 3 NL 9?
        a. margin -0.08958837772397121
      no
   (1) can we show that 3 NL 1?
        a. margin 0.013317191283288787
      yes, 41, ags used 161 = 161
   (1) can we show that 3 NL 9?
        a. margin -0.08958837772397121
      no
   (1) can we show that 3 NL 1?
        a. margin 0.013317191283288787
      yes, 41, ags used 161 = 161
      Best assertion(s) require sample: 161

ALTERNATE OUTCOME PAIR: 1,10
   (1) can we show that 6 NL 10?
        a. margin -0.18119451170298606
      no
   (1) can we show that 6 NL 1?
        a. margin -0.12925170068027236
      no
   (1) can we show that 5 NL 10?
        a. margin -0.11777931511587691
      no
   (1) can we show that 5 NL 1?
        a. margin -0.05638187478381218
      no
   (1) can we show that 9 NL 10?
        a. margin 0.06162804104692654
      yes, 52, ags used 35 = 52
   (1) can we show that 9 NL 1?
        a. margin 0.11126484492101829
      yes, 34, ags used 26 = 34
   (1) can we show that 2 NL 10?
        a. margin -0.060647988008763365
      no
   (1) can we show that 2 NL 1?
        a. margin -0.008647526807333383
      no
   (1) can we show that 3 NL 10?
        a. margin 0.06566355355701581
      yes, 69, ags used 79 = 79
   (1) can we show that 3 NL 1?
        a. margin 0.10319381990084087
      yes, 44, ags used 42 = 44
   (1) can we show that 3 NL 10?
        a. margin 0.06566355355701581
      yes, 69, ags used 79 = 79
   (1) can we show that 3 NL 1?
        a. margin 0.10319381990084087
      yes, 44, ags used 42 = 44
      Best assertion(s) require sample: 34

ALTERNATE OUTCOME PAIR: 1,2
   (1) can we show that 6 NL 2?
        a. margin -0.11310965063991685
      no
   (1) can we show that 6 NL 1?
        a. margin -0.12573503977862377
      no
   (1) can we show that 5 NL 2?
        a. margin -0.06987201660325149
      no
   (1) can we show that 5 NL 1?
        a. margin -0.054248818171336866
      no
   (1) can we show that 9 NL 2?
        a. margin 0.1937622506629768
      yes, 23, ags used 161 = 161
   (1) can we show that 9 NL 1?
        a. margin 0.11501210653752869
      yes, 33, ags used 26 = 33
   (1) can we show that 10 NL 2?
        a. margin -0.04802259887005644
      no
   (1) can we show that 10 NL 1?
        a. margin -0.05545947192436351
      no
   (1) can we show that 3 NL 2?
        a. margin 0.030900495791536642
      yes, 130, ags used 121 = 130
   (1) can we show that 3 NL 1?
        a. margin 0.10134901418194375
      yes, 45, ags used 42 = 45
   (1) can we show that 3 NL 2?
        a. margin 0.030900495791536642
      yes, 130, ags used 121 = 130
   (1) can we show that 3 NL 1?
        a. margin 0.10134901418194375
      yes, 45, ags used 42 = 45
      Best assertion(s) require sample: 33

ALTERNATE OUTCOME PAIR: 1,3
   (1) can we show that 6 NL 3?
        a. margin -0.37726276951458537
      no
   (1) can we show that 6 NL 1?
        a. margin -0.12112302548137899
      no
   (1) can we show that 5 NL 3?
        a. margin -0.32105384526692016
      no
   (1) can we show that 5 NL 1?
        a. margin -0.0511357085206966
      no
   (1) can we show that 9 NL 3?
        a. margin -0.06116683961720304
      no
   (1) can we show that 9 NL 1?
        a. margin 0.11985472154963528
      yes, 32, ags used 26 = 32
   (1) can we show that 10 NL 3?
        a. margin -0.29107575233483207
      no
   (1) can we show that 10 NL 1?
        a. margin -0.05217341173757639
      no
   (1) can we show that 2 NL 3?
        a. margin -0.19923901764095486
      no
   (1) can we show that 2 NL 1?
        a. margin -0.009454629309351037
      no
      Best assertion(s) require sample: 32

ALTERNATE OUTCOME PAIR: 1,3
   (1) can we show that 6 NL 3?
        a. margin -0.37726276951458537
      no
   (1) can we show that 6 NL 1?
        a. margin -0.12112302548137899
      no
   (1) can we show that 5 NL 3?
        a. margin -0.32105384526692016
      no
   (1) can we show that 5 NL 1?
        a. margin -0.0511357085206966
      no
   (1) can we show that 9 NL 3?
        a. margin -0.06116683961720304
      no
   (1) can we show that 9 NL 1?
        a. margin 0.11985472154963528
      yes, 32, ags used 26 = 32
   (1) can we show that 10 NL 3?
        a. margin -0.29107575233483207
      no
   (1) can we show that 10 NL 1?
        a. margin -0.05217341173757639
      no
   (1) can we show that 2 NL 3?
        a. margin -0.19923901764095486
      no
   (1) can we show that 2 NL 1?
        a. margin -0.009454629309351037
      no
      Best assertion(s) require sample: 32

ALTERNATE OUTCOME PAIR: 5,9
   (1) can we show that 6 NL 9?
        a. margin -0.34215381067681283
      no
   (1) can we show that 6 NL 5?
        a. margin -0.23204196933010468
      no
   (1) can we show that 1 NL 9?
        a. margin -0.32601176063645787
      no
   (1) can we show that 1 NL 5?
        a. margin -0.19324339905453713
      no
   (1) can we show that 10 NL 9?
        a. margin -0.2956877666320762
      no
   (1) can we show that 10 NL 5?
        a. margin -0.17721664937161308
      no
   (1) can we show that 2 NL 9?
        a. margin -0.2977631730658362
      no
   (1) can we show that 2 NL 5?
        a. margin -0.13542026980283783
      no
   (1) can we show that 3 NL 9?
        a. margin -0.09091433183442876
      no
   (1) can we show that 3 NL 5?
        a. margin 0.08491871324800715
      yes, 53, ags used 161 = 161
   (1) can we show that 3 NL 9?
        a. margin -0.09091433183442876
      no
   (1) can we show that 3 NL 5?
        a. margin 0.08491871324800715
      yes, 53, ags used 161 = 161
      Best assertion(s) require sample: 161

ALTERNATE OUTCOME PAIR: 5,10
   (1) can we show that 6 NL 10?
        a. margin -0.1789461547330793
      no
   (1) can we show that 6 NL 5?
        a. margin -0.19116799262077688
      no
   (1) can we show that 1 NL 10?
        a. margin -0.14158883892540086
      no
   (1) can we show that 1 NL 5?
        a. margin -0.13224950997348084
      no
   (1) can we show that 9 NL 10?
        a. margin 0.06364579730197062
      yes, 45, ags used 42 = 45
   (1) can we show that 9 NL 5?
        a. margin 0.04819554940620252
      yes, 53, ags used 42 = 53
   (1) can we show that 2 NL 10?
        a. margin -0.05863023175371895
      no
   (1) can we show that 2 NL 5?
        a. margin -0.049406203159230166
      no
   (1) can we show that 3 NL 10?
        a. margin 0.06733540873976662
      yes, 68, ags used 79 = 79
   (1) can we show that 3 NL 5?
        a. margin 0.07333102732618424
      yes, 62, ags used 109 = 109
   (1) can we show that 3 NL 10?
        a. margin 0.06733540873976662
      yes, 68, ags used 79 = 79
   (1) can we show that 3 NL 5?
        a. margin 0.07333102732618424
      yes, 62, ags used 109 = 109
      Best assertion(s) require sample: 45

ALTERNATE OUTCOME PAIR: 5,2
   (1) can we show that 6 NL 2?
        a. margin -0.112129597601752
      no
   (1) can we show that 6 NL 5?
        a. margin -0.18724778046811952
      no
   (1) can we show that 1 NL 2?
        a. margin -0.08013374841461984
      no
   (1) can we show that 1 NL 5?
        a. margin -0.12971290210999686
      no
   (1) can we show that 9 NL 2?
        a. margin 0.0020754064337595857
      yes, 23, ags used 161 = 161
   (1) can we show that 9 NL 5?
        a. margin 0.05217341173757495
      yes, 51, ags used 42 = 51
   (1) can we show that 10 NL 2?
        a. margin -0.047215496368038457
      no
   (1) can we show that 10 NL 5?
        a. margin -0.10959298973826859
      no
   (1) can we show that 3 NL 2?
        a. margin 0.03182289865098542
      yes, 127, ags used 121 = 127
   (1) can we show that 3 NL 5?
        a. margin 0.06952611553095833
      yes, 65, ags used 109 = 109
   (1) can we show that 3 NL 2?
        a. margin 0.03182289865098542
      yes, 127, ags used 121 = 127
   (1) can we show that 3 NL 5?
        a. margin 0.06952611553095833
      yes, 65, ags used 109 = 109
      Best assertion(s) require sample: 51

ALTERNATE OUTCOME PAIR: 5,3
   (1) can we show that 6 NL 3?
        a. margin -0.37426496022137623
      no
   (1) can we show that 6 NL 5?
        a. margin -0.17842730312463895
      no
   (1) can we show that 1 NL 3?
        a. margin -0.3380606479880084
      no
   (1) can we show that 1 NL 5?
        a. margin -0.12169952726853439
      no
   (1) can we show that 9 NL 3?
        a. margin -0.05476766977977665
      no
   (1) can we show that 9 NL 5?
        a. margin 0.06168569122564027
      yes, 46, ags used 42 = 46
   (1) can we show that 10 NL 3?
        a. margin -0.28859679465006305
      no
   (1) can we show that 10 NL 5?
        a. margin -0.1019255159690996
      no
   (1) can we show that 2 NL 3?
        a. margin -0.1969906606710481
      no
   (1) can we show that 2 NL 5?
        a. margin -0.04992505476766995
      no
      Best assertion(s) require sample: 46

ALTERNATE OUTCOME PAIR: 5,3
   (1) can we show that 6 NL 3?
        a. margin -0.37426496022137623
      no
   (1) can we show that 6 NL 5?
        a. margin -0.17842730312463895
      no
   (1) can we show that 1 NL 3?
        a. margin -0.3380606479880084
      no
   (1) can we show that 1 NL 5?
        a. margin -0.12169952726853439
      no
   (1) can we show that 9 NL 3?
        a. margin -0.05476766977977665
      no
   (1) can we show that 9 NL 5?
        a. margin 0.06168569122564027
      yes, 46, ags used 42 = 46
   (1) can we show that 10 NL 3?
        a. margin -0.28859679465006305
      no
   (1) can we show that 10 NL 5?
        a. margin -0.1019255159690996
      no
   (1) can we show that 2 NL 3?
        a. margin -0.1969906606710481
      no
   (1) can we show that 2 NL 5?
        a. margin -0.04992505476766995
      no
      Best assertion(s) require sample: 46

ALTERNATE OUTCOME PAIR: 9,10
   (1) can we show that 6 NL 10?
        a. margin -0.2133633114262652
      no
   (1) can we show that 6 NL 9?
        a. margin -0.33984780352819033
      no
   (1) can we show that 1 NL 10?
        a. margin -0.19353164994811534
      no
   (1) can we show that 1 NL 9?
        a. margin -0.3229563011645329
      no
   (1) can we show that 5 NL 10?
        a. margin -0.16724316845382248
      no
   (1) can we show that 5 NL 9?
        a. margin -0.31546177793151076
      no
   (1) can we show that 2 NL 10?
        a. margin -0.12873284907183347
      no
   (1) can we show that 2 NL 9?
        a. margin -0.29574541681079136
      no
   (1) can we show that 3 NL 10?
        a. margin 0.0005188516084364547
      yes, 48, ags used 161 = 161
   (1) can we show that 3 NL 9?
        a. margin -0.08906952611553065
      no
   (1) can we show that 3 NL 10?
        a. margin 0.0005188516084364547
      yes, 48, ags used 161 = 161
   (1) can we show that 3 NL 9?
        a. margin -0.08906952611553065
      no
      Best assertion(s) require sample: 161

ALTERNATE OUTCOME PAIR: 9,2
   (1) can we show that 6 NL 2?
        a. margin -0.11345555171220989
      no
   (1) can we show that 6 NL 9?
        a. margin -0.34417156693185713
      no
   (1) can we show that 1 NL 2?
        a. margin -0.08122910181021514
      no
   (1) can we show that 1 NL 9?
        a. margin -0.3277989161766398
      no
   (1) can we show that 5 NL 2?
        a. margin -0.06958376570967328
      no
   (1) can we show that 5 NL 9?
        a. margin -0.32059264383719566
      no
   (1) can we show that 10 NL 2?
        a. margin -0.04802259887005622
      no
   (1) can we show that 10 NL 9?
        a. margin -0.2982243744955606
      no
   (1) can we show that 3 NL 2?
        a. margin 0.03614666205465089
      yes, 116, ags used 62 = 116
   (1) can we show that 3 NL 9?
        a. margin -0.18776663207655953
      no
   (1) can we show that 3 NL 2?
        a. margin 0.03614666205465089
      yes, 116, ags used 62 = 116
   (1) can we show that 3 NL 9?
        a. margin -0.18776663207655953
      no
      Best assertion(s) require sample: 116

ALTERNATE OUTCOME PAIR: 10,2
   (1) can we show that 6 NL 2?
        a. margin -0.11224489795918335
      no
   (1) can we show that 6 NL 10?
        a. margin -0.17808140205234646
      no
   (1) can we show that 1 NL 2?
        a. margin -0.07973019716361074
      no
   (1) can we show that 1 NL 10?
        a. margin -0.1407817364233831
      no
   (1) can we show that 5 NL 2?
        a. margin -0.06854606249279316
      no
   (1) can we show that 5 NL 10?
        a. margin -0.11570390868211688
      no
   (1) can we show that 9 NL 2?
        a. margin 0.004554364118528609
      yes, 22, ags used 161 = 161
   (1) can we show that 9 NL 10?
        a. margin 0.06433759944655715
      yes, 45, ags used 42 = 45
   (1) can we show that 3 NL 2?
        a. margin 0.03182289865098542
      yes, 127, ags used 121 = 127
   (1) can we show that 3 NL 10?
        a. margin 0.0631269456935315
      yes, 72, ags used 79 = 79
   (1) can we show that 3 NL 2?
        a. margin 0.03182289865098542
      yes, 127, ags used 121 = 127
   (1) can we show that 3 NL 10?
        a. margin 0.0631269456935315
      yes, 72, ags used 79 = 79
      Best assertion(s) require sample: 45

ALTERNATE OUTCOME PAIR: 10,3
   (1) can we show that 6 NL 3?
        a. margin -0.37144010146431417
      no
   (1) can we show that 6 NL 10?
        a. margin -0.16672431684538203
      no
   (1) can we show that 1 NL 3?
        a. margin -0.33402513547791957
      no
   (1) can we show that 1 NL 10?
        a. margin -0.129943502824859
      no
   (1) can we show that 5 NL 3?
        a. margin -0.31476997578692445
      no
   (1) can we show that 5 NL 10?
        a. margin -0.10578807794304168
      no
   (1) can we show that 9 NL 3?
        a. margin -0.05067450709097232
      no
   (1) can we show that 9 NL 10?
        a. margin 0.07580998501095171
      yes, 40, ags used 42 = 42
   (1) can we show that 2 NL 3?
        a. margin -0.19381990084169254
      no
   (1) can we show that 2 NL 10?
        a. margin -0.0579960797878476
      no
      Best assertion(s) require sample: 42

ALTERNATE OUTCOME PAIR: 10,3
   (1) can we show that 6 NL 3?
        a. margin -0.37144010146431417
      no
   (1) can we show that 6 NL 10?
        a. margin -0.16672431684538203
      no
   (1) can we show that 1 NL 3?
        a. margin -0.33402513547791957
      no
   (1) can we show that 1 NL 10?
        a. margin -0.129943502824859
      no
   (1) can we show that 5 NL 3?
        a. margin -0.31476997578692445
      no
   (1) can we show that 5 NL 10?
        a. margin -0.10578807794304168
      no
   (1) can we show that 9 NL 3?
        a. margin -0.05067450709097232
      no
   (1) can we show that 9 NL 10?
        a. margin 0.07580998501095171
      yes, 40, ags used 42 = 42
   (1) can we show that 2 NL 3?
        a. margin -0.19381990084169254
      no
   (1) can we show that 2 NL 10?
        a. margin -0.0579960797878476
      no
      Best assertion(s) require sample: 42

ALTERNATE OUTCOME PAIR: 2,3
   (1) can we show that 6 NL 3?
        a. margin -0.34855298051423833
      no
   (1) can we show that 6 NL 2?
        a. margin -0.25913755332641386
      no
   (1) can we show that 1 NL 3?
        a. margin -0.31159921595756823
      no
   (1) can we show that 1 NL 2?
        a. margin -0.22593105038625583
      no
   (1) can we show that 5 NL 3?
        a. margin -0.2917099043007021
      no
   (1) can we show that 5 NL 2?
        a. margin -0.20431223336792326
      no
   (1) can we show that 9 NL 3?
        a. margin -0.013086590568431422
      no
   (1) can we show that 9 NL 2?
        a. margin 0.002997809293207032
      yes, 84, ags used 79 = 84
   (1) can we show that 10 NL 3?
        a. margin -0.2627695145854947
      no
   (1) can we show that 10 NL 2?
        a. margin -0.17802375187363073
      no
      Best assertion(s) require sample: 84

ALTERNATE OUTCOME PAIR: 2,3
   (1) can we show that 6 NL 3?
        a. margin -0.34855298051423833
      no
   (1) can we show that 6 NL 2?
        a. margin -0.25913755332641386
      no
   (1) can we show that 1 NL 3?
        a. margin -0.31159921595756823
      no
   (1) can we show that 1 NL 2?
        a. margin -0.22593105038625583
      no
   (1) can we show that 5 NL 3?
        a. margin -0.2917099043007021
      no
   (1) can we show that 5 NL 2?
        a. margin -0.20431223336792326
      no
   (1) can we show that 9 NL 3?
        a. margin -0.013086590568431422
      no
   (1) can we show that 9 NL 2?
        a. margin 0.002997809293207032
      yes, 84, ags used 79 = 84
   (1) can we show that 10 NL 3?
        a. margin -0.2627695145854947
      no
   (1) can we show that 10 NL 2?
        a. margin -0.17802375187363073
      no
      Best assertion(s) require sample: 84

RULE OUT PAIR STAGE ASN 161
------------------------------------------------
EXAMINING WAYS TO REDUCE COST OF AUDIT
------------------------------------------------
FULL audit sample size: 161
------------------------------------------------
Final set of assertions generated:
(8, 'AG', 7, 35)
9 NL 6 = 24 [rules out (6, 5), G = {10, 6}, O = set()]
3 NL 6 = 161 [rules out (6, 9), G = {1, 10, 6, 7}, O = set()]
9 NL 6 = 25 [rules out (6, 10), G = {10, 6}, O = set()]
9 NL 10 = 42 [rules out (10, 3), G = {0, 5, 6, 7, 10}, O = set()]
9 NL 5 = 46 [rules out (5, 3), G = {0, 5, 6, 7, 10}, O = set()]
(2, 'AG', 6, 32)
3 NL 10 = 161 [rules out (9, 10), G = {1, 10, 6, 7}, O = set()]

9 NL 10 = 45 [rules out (10, 2), G = {0, 5, 6, 7, 10}, O = set()]
3 NL 2 = 116 [rules out (9, 2), G = {10, 6}, O = set()]

(2, 'AG', 10, 62)
9 NL 1 = 33 [rules out (1, 2), G = {10, 5, 6}, O = set()]
9 NL 6 = 24 [rules out (6, 1), G = {10, 6}, O = set()]
(2, 'AG', 1, 161)
(8, 'AG', 6, 19)
9 NL 1 = 34 [rules out (1, 10), G = {10, 5, 6}, O = set()]
3 NL 5 = 161 [rules out (5, 9), G = {1, 10, 6, 7}, O = set()]
9 NL 5 = 51 [rules out (5, 2), G = {0, 5, 6, 7, 10}, O = set()]
9 NL 10 = 45 [rules out (5, 10), G = {0, 5, 6, 7, 10}, O = set()]

3 NL 1 = 161 [rules out (1, 9), G = {1, 10, 6, 7}, O = set()]
(8, 'AG', 9, 79)
9 NL 6 = 24 [rules out (6, 2), G = {10, 6}, O = set()]
9 NL 1 = 33 [rules out (1, 5), G = {10, 5, 6}, O = set()]
9 NL 2 = 84 [rules out (2, 3), G = {0, 5, 6, 7, 9, 10}, O = set()]
9 NL 1 = 32 [rules out (1, 3), G = {10, 5, 6}, O = set()]
9 NL 6 = 24 [rules out (6, 3), G = {10, 6}, O = set()]
(8, 'AG', 5, 26)
(8, 'AG', 0, 42)
(8, 'AG', 10, 19)
(2, 'AG', 7, 121)
All winners are verified in audit.
------------------------------------------------
