VALID BALLOTS 4515
Winner 1
Winner 5
Computing AG relationships
1 AG 4 = 94
1 AG 2 = 49
1 AG 7 = 36
1 AG 3 = 37
Ruling out candidates: []
STAGE 1 ASN (Ruling out candidates): 0
ALTERNATE OUTCOME PAIR: 4,2
   (1) can we show that 7 NL 2?
        a. margin -0.08342561830933926
      no
   (1) can we show that 7 NL 4?
        a. margin -0.1223329641934291
      no
   (1) can we show that 1 NL 2?
        a. margin 0.09966777408637872
      yes, 35, ags used 36 = 36
   (1) can we show that 1 NL 4?
        a. margin 0.05987449243263221
      yes, 21, ags used 37 = 37
   (1) can we show that 3 NL 2?
        a. margin -0.05928386858619428
      no
   (1) can we show that 3 NL 4?
        a. margin -0.09841269841269829
      no
   (1) can we show that 6 NL 2?
        a. margin 0.06703580657069019
      yes, 68, ags used 49 = 68
   (1) can we show that 6 NL 4?
        a. margin 0.07153931339977881
      yes, 63, ags used 94 = 94
   (1) can we show that 5 NL 2?
        a. margin 0.10697674418604652
      yes, 42, ags used 49 = 49
   (1) can we show that 5 NL 4?
        a. margin 0.11052048726467345
      yes, 41, ags used 94 = 94
      Best assertion(s) require sample: 36

ALTERNATE OUTCOME PAIR: 4,7
   (1) can we show that 2 NL 7?
        a. margin -0.05574012550756724
      no
   (1) can we show that 2 NL 4?
        a. margin -0.10933923957179759
      no
   (1) can we show that 1 NL 7?
        a. margin 0.13023255813953494
      yes, 35, ags used 0 = 35
   (1) can we show that 1 NL 4?
        a. margin 0.054263565891472965
      yes, 27, ags used 37 = 37
   (1) can we show that 3 NL 7?
        a. margin -0.025470653377630326
      no
   (1) can we show that 3 NL 4?
        a. margin -0.10358065706902908
      no
   (1) can we show that 6 NL 7?
        a. margin 0.05145810262089334
      yes, 88, ags used 36 = 88
   (1) can we show that 6 NL 4?
        a. margin 0.0657069029162054
      yes, 69, ags used 94 = 94
   (1) can we show that 5 NL 7?
        a. margin 0.09538575119970472
      yes, 47, ags used 36 = 47
   (1) can we show that 5 NL 4?
        a. margin 0.10505721668512402
      yes, 43, ags used 94 = 94
      Best assertion(s) require sample: 35

ALTERNATE OUTCOME PAIR: 4,1
   (1) can we show that 2 NL 1?
        a. margin -0.4031007751937985
      no
   (1) can we show that 2 NL 4?
        a. margin -0.17320044296788473
      no
   (1) can we show that 7 NL 1?
        a. margin -0.36825396825396817
      no
   (1) can we show that 7 NL 4?
        a. margin -0.166629752676264
      no
   (1) can we show that 3 NL 1?
        a. margin -0.25389442598744894
      no
   (1) can we show that 3 NL 4?
        a. margin -0.12336655592469536
      no
   (1) can we show that 6 NL 1?
        a. margin -0.3104466592838684
      no
   (1) can we show that 6 NL 4?
        a. margin -0.03905500184569921
      no
   (1) can we show that 5 NL 1?
        a. margin -0.2631967515688445
      no
   (1) can we show that 5 NL 4?
        a. margin 0.0031746031746033854
      yes, 2622, ags used 0 = 2622
      Best assertion(s) require sample: 2622

ALTERNATE OUTCOME PAIR: 4,3
   (1) can we show that 2 NL 3?
        a. margin -0.07722406792174219
      no
   (1) can we show that 2 NL 4?
        a. margin -0.11332595053525285
      no
   (1) can we show that 7 NL 3?
        a. margin -0.06592838685861924
      no
   (1) can we show that 7 NL 4?
        a. margin -0.13126614987080087
      no
   (1) can we show that 1 NL 3?
        a. margin 0.12344038390550005
      yes, 29, ags used 36 = 36
   (1) can we show that 1 NL 4?
        a. margin 0.0494647471391656
      yes, 49, ags used 49 = 49
   (1) can we show that 6 NL 3?
        a. margin 0.023846437799926345
      yes, 190, ags used 37 = 190
   (1) can we show that 6 NL 4?
        a. margin 0.06164636397194512
      yes, 74, ags used 94 = 94
   (1) can we show that 5 NL 3?
        a. margin 0.0672572905131048
      yes, 68, ags used 37 = 68
   (1) can we show that 5 NL 4?
        a. margin 0.10084902177925437
      yes, 45, ags used 94 = 94
      Best assertion(s) require sample: 36

ALTERNATE OUTCOME PAIR: 4,6
   (1) can we show that 2 NL 6?
        a. margin -0.32919896640826896
      no
   (1) can we show that 2 NL 4?
        a. margin -0.09700996677740858
      no
   (1) can we show that 7 NL 6?
        a. margin -0.3215946843853821
      no
   (1) can we show that 7 NL 4?
        a. margin -0.1135474344776668
      no
   (1) can we show that 1 NL 6?
        a. margin 0.04651162790697705
      yes, 74, ags used 49 = 74
   (1) can we show that 1 NL 4?
        a. margin 0.06895533407161336
      yes, 20, ags used 37 = 37
   (1) can we show that 3 NL 6?
        a. margin -0.271982281284607
      no
   (1) can we show that 3 NL 4?
        a. margin -0.08859357696566961
      no
   (1) can we show that 5 NL 6?
        a. margin -0.0053894425987448535
      no
   (1) can we show that 5 NL 4?
        a. margin 0.1030638612033965
      yes, 44, ags used 94 = 94
      Best assertion(s) require sample: 37

ALTERNATE OUTCOME PAIR: 4,5
   (1) can we show that 2 NL 5?
        a. margin -0.34521963824289426
      no
   (1) can we show that 2 NL 4?
        a. margin -0.09317091177556269
      no
   (1) can we show that 7 NL 5?
        a. margin -0.3375415282392028
      no
   (1) can we show that 7 NL 4?
        a. margin -0.10860095976375017
      no
   (1) can we show that 1 NL 5?
        a. margin 0.0372831303063863
      yes, 88, ags used 49 = 88
   (1) can we show that 1 NL 4?
        a. margin 0.07331118493909194
      yes, 20, ags used 37 = 37
   (1) can we show that 3 NL 5?
        a. margin -0.2837209302325582
      no
   (1) can we show that 3 NL 4?
        a. margin -0.0843853820598005
      no
   (1) can we show that 6 NL 5?
        a. margin -0.13525286083425614
      no
   (1) can we show that 6 NL 4?
        a. margin 0.06282761166482076
      yes, 72, ags used 94 = 94
      Best assertion(s) require sample: 37

ALTERNATE OUTCOME PAIR: 2,7
   (1) can we show that 4 NL 7?
        a. margin -0.06570690291620529
      no
   (1) can we show that 4 NL 2?
        a. margin -0.07633813215208551
      no
   (1) can we show that 1 NL 7?
        a. margin 0.13104466592838704
      yes, 34, ags used 0 = 34
   (1) can we show that 1 NL 2?
        a. margin 0.09737910668143224
      yes, 21, ags used 37 = 37
   (1) can we show that 3 NL 7?
        a. margin -0.02510151347360623
      no
   (1) can we show that 3 NL 2?
        a. margin -0.061720191952749914
      no
   (1) can we show that 6 NL 7?
        a. margin 0.05204872646733105
      yes, 87, ags used 36 = 87
   (1) can we show that 6 NL 2?
        a. margin 0.06519010705057249
      yes, 70, ags used 49 = 70
   (1) can we show that 5 NL 7?
        a. margin 0.09664082687338515
      yes, 47, ags used 36 = 47
   (1) can we show that 5 NL 2?
        a. margin 0.10483573274270985
      yes, 43, ags used 49 = 49
      Best assertion(s) require sample: 34

ALTERNATE OUTCOME PAIR: 2,1
   (1) can we show that 4 NL 1?
        a. margin -0.4229605020302696
      no
   (1) can we show that 4 NL 2?
        a. margin -0.15009228497600602
      no
   (1) can we show that 7 NL 1?
        a. margin -0.3660391288298266
      no
   (1) can we show that 7 NL 2?
        a. margin -0.1303802141011442
      no
   (1) can we show that 3 NL 1?
        a. margin -0.25263935031376894
      no
   (1) can we show that 3 NL 2?
        a. margin -0.08276116648209675
      no
   (1) can we show that 6 NL 1?
        a. margin -0.30860095976375035
      no
   (1) can we show that 6 NL 2?
        a. margin -0.03654485049833889
      no
   (1) can we show that 5 NL 1?
        a. margin -0.26120339608711696
      no
   (1) can we show that 5 NL 2?
        a. margin 0.0051679586563309066
      yes, 1181, ags used 0 = 1181
      Best assertion(s) require sample: 1181

ALTERNATE OUTCOME PAIR: 2,3
   (1) can we show that 4 NL 3?
        a. margin -0.09634551495016608
      no
   (1) can we show that 4 NL 2?
        a. margin -0.07877445551864148
      no
   (1) can we show that 7 NL 3?
        a. margin -0.06430417128091559
      no
   (1) can we show that 7 NL 2?
        a. margin -0.08851974898486514
      no
   (1) can we show that 1 NL 3?
        a. margin 0.12513842746400927
      yes, 29, ags used 36 = 36
   (1) can we show that 1 NL 2?
        a. margin 0.0932447397563676
      yes, 36, ags used 36 = 36
   (1) can we show that 6 NL 3?
        a. margin 0.025249169435215935
      yes, 180, ags used 37 = 180
   (1) can we show that 6 NL 2?
        a. margin 0.06172019195274969
      yes, 74, ags used 49 = 74
   (1) can we show that 5 NL 3?
        a. margin 0.06851236618678502
      yes, 66, ags used 37 = 66
   (1) can we show that 5 NL 2?
        a. margin 0.1012919896640827
      yes, 45, ags used 49 = 49
      Best assertion(s) require sample: 36

ALTERNATE OUTCOME PAIR: 2,6
   (1) can we show that 4 NL 6?
        a. margin -0.33650793650793653
      no
   (1) can we show that 4 NL 2?
        a. margin -0.07264673311184944
      no
   (1) can we show that 7 NL 6?
        a. margin -0.32255444813584344
      no
   (1) can we show that 7 NL 2?
        a. margin -0.07722406792174219
      no
   (1) can we show that 1 NL 6?
        a. margin 0.04510889627168724
      yes, 85, ags used 94 = 94
   (1) can we show that 1 NL 2?
        a. margin 0.10586932447397568
      yes, 33, ags used 36 = 36
   (1) can we show that 3 NL 6?
        a. margin -0.27390180878552983
      no
   (1) can we show that 3 NL 2?
        a. margin -0.0530823181985971
      no
   (1) can we show that 5 NL 6?
        a. margin -0.006053894425987361
      no
   (1) can we show that 5 NL 2?
        a. margin 0.10180878552971606
      yes, 44, ags used 49 = 49
      Best assertion(s) require sample: 36

ALTERNATE OUTCOME PAIR: 2,5
   (1) can we show that 4 NL 5?
        a. margin -0.35393133997785176
      no
   (1) can we show that 4 NL 2?
        a. margin -0.07161314138058317
      no
   (1) can we show that 7 NL 5?
        a. margin -0.3381321520856404
      no
   (1) can we show that 7 NL 2?
        a. margin -0.07604282022886644
      no
   (1) can we show that 1 NL 5?
        a. margin 0.036249538575120255
      yes, 102, ags used 94 = 102
   (1) can we show that 1 NL 2?
        a. margin 0.10690291620524195
      yes, 33, ags used 36 = 36
   (1) can we show that 3 NL 5?
        a. margin -0.2849760059062385
      no
   (1) can we show that 3 NL 2?
        a. margin -0.05197489848652648
      no
   (1) can we show that 6 NL 5?
        a. margin -0.1356220007382798
      no
   (1) can we show that 6 NL 2?
        a. margin 0.06157253599114054
      yes, 74, ags used 49 = 74
      Best assertion(s) require sample: 36

ALTERNATE OUTCOME PAIR: 7,1
   (1) can we show that 4 NL 1?
        a. margin -0.4131413805832408
      no
   (1) can we show that 4 NL 7?
        a. margin -0.21823551125876706
      no
   (1) can we show that 2 NL 1?
        a. margin -0.39165743816906606
      no
   (1) can we show that 2 NL 7?
        a. margin -0.20457733480989293
      no
   (1) can we show that 3 NL 1?
        a. margin -0.24422296050203007
      no
   (1) can we show that 3 NL 7?
        a. margin -0.0547803617571061
      no
   (1) can we show that 6 NL 1?
        a. margin -0.2978959025470651
      no
   (1) can we show that 6 NL 7?
        a. margin -0.11354743447766691
      no
   (1) can we show that 5 NL 1?
        a. margin -0.25145810262089296
      no
   (1) can we show that 5 NL 7?
        a. margin -0.06747877445551853
      no

ALTERNATE OUTCOME PAIR: 7,3
   (1) can we show that 4 NL 3?
        a. margin -0.09501661129568084
      no
   (1) can we show that 4 NL 7?
        a. margin -0.06696197858988573
      no
   (1) can we show that 2 NL 3?
        a. margin -0.07456626061277227
      no
   (1) can we show that 2 NL 7?
        a. margin -0.057290513104466645
      no
   (1) can we show that 1 NL 3?
        a. margin 0.1263196751568847
      yes, 36, ags used 0 = 36
   (1) can we show that 1 NL 7?
        a. margin 0.12683647102251783
      yes, 36, ags used 0 = 36
   (1) can we show that 6 NL 3?
        a. margin 0.02679955703211534
      yes, 169, ags used 37 = 169
   (1) can we show that 6 NL 7?
        a. margin 0.04865263935031394
      yes, 93, ags used 36 = 93
   (1) can we show that 5 NL 3?
        a. margin 0.070136581764489
      yes, 65, ags used 37 = 65
   (1) can we show that 5 NL 7?
        a. margin 0.09294942783314908
      yes, 49, ags used 36 = 49
      Best assertion(s) require sample: 36

ALTERNATE OUTCOME PAIR: 7,6
   (1) can we show that 4 NL 6?
        a. margin -0.33628645256552236
      no
   (1) can we show that 4 NL 7?
        a. margin -0.0661498708010334
      no
   (1) can we show that 2 NL 6?
        a. margin -0.33067552602436356
      no
   (1) can we show that 2 NL 7?
        a. margin -0.05551864156515307
      no
   (1) can we show that 1 NL 6?
        a. margin 0.0031746031746033854
      yes, 226, ags used 94 = 226
   (1) can we show that 1 NL 7?
        a. margin 0.1307493540051683
      yes, 34, ags used 0 = 34
   (1) can we show that 3 NL 6?
        a. margin -0.27449243263196754
      no
   (1) can we show that 3 NL 7?
        a. margin -0.02510151347360645
      no
   (1) can we show that 5 NL 6?
        a. margin -0.005832410483573192
      no
   (1) can we show that 5 NL 7?
        a. margin 0.09132521225544488
      yes, 50, ags used 36 = 50
      Best assertion(s) require sample: 34

ALTERNATE OUTCOME PAIR: 7,5
   (1) can we show that 4 NL 5?
        a. margin -0.35393133997785164
      no
   (1) can we show that 4 NL 7?
        a. margin -0.06526393503137651
      no
   (1) can we show that 2 NL 5?
        a. margin -0.3462532299741603
      no
   (1) can we show that 2 NL 7?
        a. margin -0.054411221853082004
      no
   (1) can we show that 1 NL 5?
        a. margin 0.0034699150978223514
      yes, 454, ags used 94 = 454
   (1) can we show that 1 NL 7?
        a. margin 0.13244739756367685
      yes, 34, ags used 0 = 34
   (1) can we show that 3 NL 5?
        a. margin -0.2857881136950905
      no
   (1) can we show that 3 NL 7?
        a. margin -0.02332964193429299
      no
   (1) can we show that 6 NL 5?
        a. margin -0.1355481727574751
      no
   (1) can we show that 6 NL 7?
        a. margin 0.04769287559985247
      yes, 95, ags used 36 = 95
      Best assertion(s) require sample: 34

ALTERNATE OUTCOME PAIR: 1,3
   (1) can we show that 4 NL 3?
        a. margin -0.3032115171650054
      no
   (1) can we show that 4 NL 1?
        a. margin -0.388409007013658
      no
   (1) can we show that 2 NL 3?
        a. margin -0.2775932078257657
      no
   (1) can we show that 2 NL 1?
        a. margin -0.3667035806570689
      no
   (1) can we show that 7 NL 3?
        a. margin -0.24732373569582833
      no
   (1) can we show that 7 NL 1?
        a. margin -0.3328165374677
      no
   (1) can we show that 6 NL 3?
        a. margin -0.19091915836101858
      no
   (1) can we show that 6 NL 1?
        a. margin -0.2746400885935768
      no
   (1) can we show that 5 NL 3?
        a. margin -0.14544112218530791
      no
   (1) can we show that 5 NL 1?
        a. margin -0.22746400885935747
      no

ALTERNATE OUTCOME PAIR: 1,6
   (1) can we show that 4 NL 6?
        a. margin -0.3354005167958657
      no
   (1) can we show that 4 NL 1?
        a. margin -0.42547065337763
      no
   (1) can we show that 2 NL 6?
        a. margin -0.3294942783314877
      no
   (1) can we show that 2 NL 1?
        a. margin -0.4036913990402362
      no
   (1) can we show that 7 NL 6?
        a. margin -0.3228497600590623
      no
   (1) can we show that 7 NL 1?
        a. margin -0.3672942045035068
      no
   (1) can we show that 3 NL 6?
        a. margin -0.27589516426725735
      no
   (1) can we show that 3 NL 1?
        a. margin -0.25382059800664447
      no
   (1) can we show that 5 NL 6?
        a. margin -0.0028792912513845303
      no
   (1) can we show that 5 NL 1?
        a. margin -0.2655592469545959
      no

ALTERNATE OUTCOME PAIR: 3,6
   (1) can we show that 4 NL 6?
        a. margin -0.337763012181617
      no
   (1) can we show that 4 NL 3?
        a. margin -0.09760059062384652
      no
   (1) can we show that 2 NL 6?
        a. margin -0.332373569582872
      no
   (1) can we show that 2 NL 3?
        a. margin -0.07678110003691385
      no
   (1) can we show that 7 NL 6?
        a. margin -0.325138427464009
      no
   (1) can we show that 7 NL 3?
        a. margin -0.06519010705057215
      no
   (1) can we show that 1 NL 6?
        a. margin -0.05234403839055013
      no
   (1) can we show that 1 NL 3?
        a. margin 0.12572905131044676
      yes, 29, ags used 36 = 36
   (1) can we show that 5 NL 6?
        a. margin -0.006127722406792269
      no
   (1) can we show that 5 NL 3?
        a. margin 0.06718346253229956
      yes, 68, ags used 37 = 68
      Best assertion(s) require sample: 36

ALTERNATE OUTCOME PAIR: 3,5
   (1) can we show that 4 NL 5?
        a. margin -0.35444813584348467
      no
   (1) can we show that 4 NL 3?
        a. margin -0.09700996677740858
      no
   (1) can we show that 2 NL 5?
        a. margin -0.3468438538205981
      no
   (1) can we show that 2 NL 3?
        a. margin -0.076485788113695
      no
   (1) can we show that 7 NL 5?
        a. margin -0.3405684754521965
      no
   (1) can we show that 7 NL 3?
        a. margin -0.06452565522332954
      no
   (1) can we show that 1 NL 5?
        a. margin -0.06157253599114065
      no
   (1) can we show that 1 NL 3?
        a. margin 0.12609819121447052
      yes, 29, ags used 36 = 36
   (1) can we show that 6 NL 5?
        a. margin -0.13436692506459957
      no
   (1) can we show that 6 NL 3?
        a. margin 0.023994093761535717
      yes, 189, ags used 37 = 189
      Best assertion(s) require sample: 36

ALTERNATE OUTCOME PAIR: 6,5
   (1) can we show that 4 NL 5?
        a. margin -0.3068290882244369
      no
   (1) can we show that 4 NL 6?
        a. margin -0.275452196382429
      no
   (1) can we show that 2 NL 5?
        a. margin -0.2988556662975266
      no
   (1) can we show that 2 NL 6?
        a. margin -0.2694721299372461
      no
   (1) can we show that 7 NL 5?
        a. margin -0.2922111480251012
      no
   (1) can we show that 7 NL 6?
        a. margin -0.2623108157991878
      no
   (1) can we show that 1 NL 5?
        a. margin 0.08276116648209708
      yes, 46, ags used 49 = 49
   (1) can we show that 1 NL 6?
        a. margin 0.10513104466592837
      yes, 43, ags used 37 = 43
   (1) can we show that 3 NL 5?
        a. margin -0.23861203396087094
      no
   (1) can we show that 3 NL 6?
        a. margin -0.2134366925064599
      no
      Best assertion(s) require sample: 43

RULE OUT PAIR STAGE ASN 2622
------------------------------------------------
Alternate outcome cannot be ruled out: 7,1
Alternate outcome cannot be ruled out: 1,3
Alternate outcome cannot be ruled out: 1,6
Full audit not possible
PARTIAL audit sample size: 2622
------------------------------------------------
Final set of assertions generated:
5 NL 4 = 2622 [rules out (4, 1), G = set(), O = set()]
1 NL 7 = 34 [rules out (7, 5), G = set(), O = set()]
1 NL 3 = 36 [rules out (3, 5), G = {6}, O = set()]
1 NL 4 = 37 [rules out (4, 6), G = {2, 6}, O = set()]
1 NL 3 = 36 [rules out (2, 3), G = {6}, O = set()]

1 NL 3 = 36 [rules out (7, 3), G = set(), O = set()]

1 NL 3 = 36 [rules out (3, 6), G = {6}, O = set()]
1 NL 3 = 36 [rules out (4, 3), G = {6}, O = set()]

1 NL 2 = 36 [rules out (4, 2), G = {6}, O = set()]

1 NL 7 = 35 [rules out (4, 7), G = set(), O = set()]

1 NL 4 = 37 [rules out (4, 5), G = {2, 6}, O = set()]
(0, 'AG', 6, 36)
1 NL 2 = 36 [rules out (2, 6), G = {6}, O = set()]
1 NL 7 = 34 [rules out (7, 6), G = set(), O = set()]
1 NL 7 = 34 [rules out (2, 7), G = set(), O = set()]

(0, 'AG', 2, 37)
5 NL 2 = 1181 [rules out (2, 1), G = set(), O = set()]
1 NL 6 = 43 [rules out (6, 5), G = {2, 6}, O = set()]
1 NL 2 = 36 [rules out (2, 5), G = {6}, O = set()]
[1] are verified winners with these assertions.
[3, 5, 6, 7] remain as potential winners in this audit.
------------------------------------------------
