VALID BALLOTS 6957
Winner 5
Winner 1
Computing AG relationships
9 AG 8 = 196
11 AG 3 = 210
11 AG 6 = 1006
11 AG 8 = 565
5 AG 3 = 20
5 AG 6 = 20
5 AG 8 = 22
5 AG 7 = 25
5 AG 10 = 41
5 AG 11 = 35
5 AG 4 = 28
2 AG 3 = 73
2 AG 6 = 155
2 AG 8 = 48
2 AG 7 = 676
2 AG 10 = 145
1 AG 3 = 41
1 AG 6 = 59
1 AG 8 = 32
1 AG 7 = 83
1 AG 10 = 60
1 AG 9 = 242
1 AG 4 = 362
Ruling out candidates: [(3, 41), (6, 59), (8, 32), (7, 83), (10, 60), (4, 362)]
STAGE 1 ASN (Ruling out candidates): 362
ALTERNATE OUTCOME PAIR: 9,11
   (1) can we show that 5 NL 11?
        a. margin 0.1308035072588749
      yes, 23, ags used 28 = 28
   (1) can we show that 5 NL 9?
        a. margin 0.20530880168655052
      yes, 22, ags used 242 = 242
   (1) can we show that 2 NL 11?
        a. margin 0.02486704039097276
      yes, 132, ags used 145 = 145
   (1) can we show that 2 NL 9?
        a. margin 0.0038330698097834848
      yes, 111, ags used 242 = 242
   (1) can we show that 1 NL 11?
        a. margin 0.07436155430980773
      yes, 55, ags used 60 = 60
   (1) can we show that 1 NL 9?
        a. margin 0.02127353744430005
      yes, 135, ags used 83 = 135
      Best assertion(s) require sample: 28

ALTERNATE OUTCOME PAIR: 9,5
   (1) can we show that 11 NL 5?
        a. margin -0.33726222988836163
      no
   (1) can we show that 11 NL 9?
        a. margin -0.05390254420008633
      no
   (1) can we show that 2 NL 5?
        a. margin -0.29936275214412333
      no
   (1) can we show that 2 NL 9?
        a. margin 0.005989171577786001
      yes, 106, ags used 242 = 242
   (1) can we show that 1 NL 5?
        a. margin -0.2554261894494755
      no
   (1) can we show that 1 NL 9?
        a. margin 0.023525465957547453
      yes, 126, ags used 83 = 126
      Best assertion(s) require sample: 126

ALTERNATE OUTCOME PAIR: 9,2
   (1) can we show that 11 NL 2?
        a. margin -0.3242297925350963
      no
   (1) can we show that 11 NL 9?
        a. margin -0.03847443821570562
      no
   (1) can we show that 5 NL 2?
        a. margin 0.02558574098030797
      yes, 128, ags used 41 = 128
   (1) can we show that 5 NL 9?
        a. margin 0.0031143692204496087
      yes, 44, ags used 41 = 44
   (1) can we show that 1 NL 2?
        a. margin -0.04087010684682191
      no
   (1) can we show that 1 NL 9?
        a. margin 0.03540798236787723
      yes, 95, ags used 83 = 95
      Best assertion(s) require sample: 44

ALTERNATE OUTCOME PAIR: 9,1
   (1) can we show that 11 NL 1?
        a. margin -0.3133055435772122
      no
   (1) can we show that 11 NL 9?
        a. margin -0.245220641080925
      no
   (1) can we show that 5 NL 1?
        a. margin 0.03794739111686107
      yes, 95, ags used 41 = 95
   (1) can we show that 5 NL 9?
        a. margin 0.01653011355469336
      yes, 39, ags used 41 = 41
   (1) can we show that 2 NL 1?
        a. margin -0.10047434238896102
      no
   (1) can we show that 2 NL 9?
        a. margin 0.009151454170858164
      yes, 236, ags used 155 = 236
      Best assertion(s) require sample: 41

ALTERNATE OUTCOME PAIR: 11,5
   (1) can we show that 9 NL 5?
        a. margin -0.3711848977049492
      no
   (1) can we show that 9 NL 11?
        a. margin -0.2482870969287544
      no
   (1) can we show that 2 NL 5?
        a. margin -0.2735374443007047
      no
   (1) can we show that 2 NL 11?
        a. margin -0.16688227684347023
      no
   (1) can we show that 1 NL 5?
        a. margin -0.21105840640122764
      no
   (1) can we show that 1 NL 11?
        a. margin -0.09927650807340715
      no

ALTERNATE OUTCOME PAIR: 11,2
   (1) can we show that 9 NL 2?
        a. margin -0.2923194863686457
      no
   (1) can we show that 9 NL 11?
        a. margin -0.03909731205979594
      no
   (1) can we show that 5 NL 2?
        a. margin -0.08154856020315249
      no
   (1) can we show that 5 NL 11?
        a. margin 0.131570121220832
      yes, 23, ags used 28 = 28
   (1) can we show that 1 NL 2?
        a. margin -0.039528532413397266
      no
   (1) can we show that 1 NL 11?
        a. margin 0.07440946768242962
      yes, 55, ags used 60 = 60
      Best assertion(s) require sample: 28

ALTERNATE OUTCOME PAIR: 11,1
   (1) can we show that 9 NL 1?
        a. margin -0.2513535527765801
      no
   (1) can we show that 9 NL 11?
        a. margin -0.0388577451966845
      no
   (1) can we show that 5 NL 1?
        a. margin -0.06894734320348805
      no
   (1) can we show that 5 NL 11?
        a. margin 0.13262421541852198
      yes, 23, ags used 28 = 28
   (1) can we show that 2 NL 1?
        a. margin -0.10287001102007565
      no
   (1) can we show that 2 NL 11?
        a. margin 0.02505869388146209
      yes, 132, ags used 145 = 145
      Best assertion(s) require sample: 28

ALTERNATE OUTCOME PAIR: 5,2
   (1) can we show that 9 NL 2?
        a. margin -0.28594700780988014
      no
   (1) can we show that 9 NL 5?
        a. margin -0.39293756887547304
      no
   (1) can we show that 11 NL 2?
        a. margin -0.34617411719610935
      no
   (1) can we show that 11 NL 5?
        a. margin -0.3295002635235498
      no
   (1) can we show that 1 NL 2?
        a. margin -0.03488093526903546
      no
   (1) can we show that 1 NL 5?
        a. margin -0.23415265200517488
      no

ALTERNATE OUTCOME PAIR: 2,1
   (1) can we show that 9 NL 1?
        a. margin -0.227540606583297
      no
   (1) can we show that 9 NL 2?
        a. margin -0.2426812323319435
      no
   (1) can we show that 11 NL 1?
        a. margin -0.2960567294331846
      no
   (1) can we show that 11 NL 2?
        a. margin -0.28987590436490784
      no
   (1) can we show that 5 NL 1?
        a. margin 0.05433376455368766
      yes, 71, ags used 41 = 71
   (1) can we show that 5 NL 2?
        a. margin 0.05922092856116179
      yes, 66, ags used 41 = 66
      Best assertion(s) require sample: 66

RULE OUT PAIR STAGE ASN 126
------------------------------------------------
EXAMINING WAYS TO REDUCE COST OF AUDIT
ALTERNATE OUTCOME PAIR: 4,9
   (1) can we show that 11 NL 9?
        a. margin -0.0546691581620431
      no
   (1) can we show that 11 NL 4?
        a. margin -0.01705716065353846
      no
   (1) can we show that 5 NL 9?
        a. margin 0.003162282593071497
      yes, 19, ags used 242 = 242
   (1) can we show that 5 NL 4?
        a. margin 0.15935987734176593
      yes, 26, ags used 25 = 26
   (1) can we show that 2 NL 9?
        a. margin 0.0023956686311148445
      yes, 114, ags used 242 = 242
   (1) can we show that 2 NL 4?
        a. margin 0.030808298596138206
      yes, 140, ags used 73 = 140
   (1) can we show that 1 NL 9?
        a. margin 0.019884049638253964
      yes, 140, ags used 83 = 140
   (1) can we show that 1 NL 4?
        a. margin 0.014613578649801173
      yes, 57, ags used 41 = 57
      Best assertion(s) require sample: 26

ALTERNATE OUTCOME PAIR: 4,11
   (1) can we show that 9 NL 11?
        a. margin -0.03598294283934711
      no
   (1) can we show that 9 NL 4?
        a. margin -0.031095778831872423
      no
   (1) can we show that 5 NL 11?
        a. margin 0.13209716831967744
      yes, 31, ags used 25 = 31
   (1) can we show that 5 NL 4?
        a. margin 0.16007857793110047
      yes, 26, ags used 25 = 26
   (1) can we show that 2 NL 11?
        a. margin 0.028220976474533366
      yes, 121, ags used 145 = 145
   (1) can we show that 2 NL 4?
        a. margin 0.03171865267596119
      yes, 137, ags used 73 = 137
   (1) can we show that 1 NL 11?
        a. margin 0.07771549039336767
      yes, 58, ags used 41 = 58
   (1) can we show that 1 NL 4?
        a. margin 0.019165349048918534
      yes, 57, ags used 41 = 57
      Best assertion(s) require sample: 26

ALTERNATE OUTCOME PAIR: 4,5
   (1) can we show that 9 NL 5?
        a. margin -0.37928225767811785
      no
   (1) can we show that 9 NL 4?
        a. margin -0.07824253749221544
      no
   (1) can we show that 11 NL 5?
        a. margin -0.3235110919457622
      no
   (1) can we show that 11 NL 4?
        a. margin -0.02874802357337969
      no
   (1) can we show that 2 NL 5?
        a. margin -0.2813952374107618
      no
   (1) can we show that 2 NL 4?
        a. margin -0.001724881414404189
      no
   (1) can we show that 1 NL 5?
        a. margin -0.22126395476977712
      no
   (1) can we show that 1 NL 4?
        a. margin 0.030041684634179777
      yes, 107, ags used 83 = 107
      Best assertion(s) require sample: 107

ALTERNATE OUTCOME PAIR: 4,2
   (1) can we show that 9 NL 2?
        a. margin -0.294475588136649
      no
   (1) can we show that 9 NL 4?
        a. margin -0.03152699918547286
      no
   (1) can we show that 11 NL 2?
        a. margin -0.34813856547362354
      no
   (1) can we show that 11 NL 4?
        a. margin -0.01653011355469347
      no
   (1) can we show that 5 NL 2?
        a. margin -0.05021321450816929
      no
   (1) can we show that 5 NL 4?
        a. margin 0.1601744046763447
      yes, 26, ags used 25 = 26
   (1) can we show that 1 NL 2?
        a. margin -0.0436011690862923
      no
   (1) can we show that 1 NL 4?
        a. margin 0.015140625748645942
      yes, 57, ags used 41 = 57
      Best assertion(s) require sample: 26

ALTERNATE OUTCOME PAIR: 4,1
   (1) can we show that 9 NL 1?
        a. margin -0.2537971347803172
      no
   (1) can we show that 9 NL 4?
        a. margin -0.033683100953476375
      no
   (1) can we show that 11 NL 1?
        a. margin -0.3368789229073835
      no
   (1) can we show that 11 NL 4?
        a. margin -0.02127353744430094
      no
   (1) can we show that 5 NL 1?
        a. margin -0.03775573762637152
      no
   (1) can we show that 5 NL 4?
        a. margin 0.15993483781323325
      yes, 26, ags used 25 = 26
   (1) can we show that 2 NL 1?
        a. margin -0.10493028604283439
      no
   (1) can we show that 2 NL 4?
        a. margin 0.03095203871400498
      yes, 140, ags used 73 = 140
      Best assertion(s) require sample: 26

3 ruled out by pairs, sample size 107
STAGE 1 ASN NOW 83
NEW RULE OUT PAIR STAGE ASN 126
------------------------------------------------
Alternate outcome cannot be ruled out: 11,5
Alternate outcome cannot be ruled out: 5,2
Full audit not possible
PARTIAL audit sample size: 126
------------------------------------------------
Final set of assertions generated:
(4, 'AG', 2, 20)
5 NL 9 = 44 [rules out (9, 2), G = {2, 3, 5, 6, 7, 9, 10}, O = set()]
5 NL 4 = 26 [rules out (4, 11), G = {2, 5, 6, 7}, O = set()]
(0, 'AG', 6, 83)
(4, 'AG', 10, 35)
1 NL 4 = 107 [rules out (4, 5), G = {2, 5, 6, 7, 9}, O = set()]
(4, 'AG', 6, 25)
(0, 'AG', 9, 60)
(0, 'AG', 7, 32)
5 NL 11 = 28 [rules out (11, 2), G = {2, 3, 5, 6, 7}, O = set()]
5 NL 4 = 26 [rules out (4, 9), G = {2, 5, 6, 7}, O = set()]
5 NL 4 = 26 [rules out (4, 2), G = {2, 5, 6, 7}, O = set()]
1 NL 9 = 126 [rules out (9, 5), G = {2, 5, 6, 7, 9}, O = set()]
(0, 'AG', 5, 59)
(4, 'AG', 5, 20)
5 NL 4 = 26 [rules out (4, 1), G = {2, 5, 6, 7}, O = set()]
5 NL 2 = 66 [rules out (2, 1), G = {2, 3, 5, 6, 7, 9, 10}, O = set()]
5 NL 11 = 28 [rules out (11, 1), G = {2, 3, 5, 6, 7}, O = set()]
(4, 'AG', 9, 41)
5 NL 11 = 28 [rules out (9, 11), G = {2, 3, 5, 6, 7}, O = set()]

(0, 'AG', 2, 41)
(4, 'AG', 3, 28)
5 NL 9 = 41 [rules out (9, 1), G = {2, 3, 5, 6, 7, 9, 10}, O = set()]
(4, 'AG', 7, 22)
[5] are verified winners with these assertions.
[1, 2, 11] remain as potential winners in this audit.
------------------------------------------------
