VALID BALLOTS 5529
Winner 6
Winner 2
Computing AG relationships
6 AG 8 = 67
6 AG 1 = 1118
Ruling out candidates: []
STAGE 1 ASN (Ruling out candidates): 0
ALTERNATE OUTCOME PAIR: 8,3
   (1) can we show that 4 NL 3?
        a. margin -0.22879363356845706
      no
   (1) can we show that 4 NL 8?
        a. margin -0.01838789413396036
      no
   (1) can we show that 5 NL 3?
        a. margin -0.16175318020136242
      no
   (1) can we show that 5 NL 8?
        a. margin -0.01597636703442451
      no
   (1) can we show that 1 NL 3?
        a. margin -0.18978718273346595
      no
   (1) can we show that 1 NL 8?
        a. margin 0.0318321577138716
      yes, 143, ags used 67 = 143
   (1) can we show that 6 NL 3?
        a. margin -0.010610719237957644
      no
   (1) can we show that 6 NL 8?
        a. margin 0.07035630312895602
      yes, 65, ags used 0 = 65
   (1) can we show that 7 NL 3?
        a. margin -0.12829324169530365
      no
   (1) can we show that 7 NL 8?
        a. margin 0.032857056731175005
      yes, 139, ags used 67 = 139
   (1) can we show that 2 NL 3?
        a. margin 0.0003014408874417729
      yes, 5529, ags used 0 = 5529
   (1) can we show that 2 NL 8?
        a. margin 0.034906854765780704
      yes, 130, ags used 67 = 130
      Best assertion(s) require sample: 65

ALTERNATE OUTCOME PAIR: 8,4
   (1) can we show that 3 NL 4?
        a. margin -0.26382106468921396
      no
   (1) can we show that 3 NL 8?
        a. margin -0.05817809127630025
      no
   (1) can we show that 5 NL 4?
        a. margin -0.20136251281123752
      no
   (1) can we show that 5 NL 8?
        a. margin -0.010731295592934176
      no
   (1) can we show that 1 NL 4?
        a. margin -0.15674926146982582
      no
   (1) can we show that 1 NL 8?
        a. margin 0.03617290649303673
      yes, 126, ags used 67 = 126
   (1) can we show that 6 NL 4?
        a. margin -0.004762766021583764
      no
   (1) can we show that 6 NL 8?
        a. margin 0.07620425634533001
      yes, 60, ags used 0 = 60
   (1) can we show that 7 NL 4?
        a. margin -0.11593416531018297
      no
   (1) can we show that 7 NL 8?
        a. margin 0.03798155181768825
      yes, 120, ags used 67 = 120
   (1) can we show that 2 NL 4?
        a. margin -0.15873877132694303
      no
   (1) can we show that 2 NL 8?
        a. margin 0.042262012419364225
      yes, 108, ags used 67 = 108
      Best assertion(s) require sample: 60

ALTERNATE OUTCOME PAIR: 8,5
   (1) can we show that 3 NL 5?
        a. margin -0.23096400795803895
      no
   (1) can we show that 3 NL 8?
        a. margin -0.061373364683185216
      no
   (1) can we show that 4 NL 5?
        a. margin -0.24736239223488243
      no
   (1) can we show that 4 NL 8?
        a. margin -0.015192620727075279
      no
   (1) can we show that 1 NL 5?
        a. margin -0.2277687345511541
      no
   (1) can we show that 1 NL 8?
        a. margin 0.03629348284801326
      yes, 125, ags used 67 = 125
   (1) can we show that 6 NL 5?
        a. margin -0.02984264785675561
      no
   (1) can we show that 6 NL 8?
        a. margin 0.07493820461807355
      yes, 61, ags used 0 = 61
   (1) can we show that 7 NL 5?
        a. margin -0.16042684029661802
      no
   (1) can we show that 7 NL 8?
        a. margin 0.035931753783082776
      yes, 127, ags used 67 = 127
   (1) can we show that 2 NL 5?
        a. margin -0.10863929583408682
      no
   (1) can we show that 2 NL 8?
        a. margin 0.03846385723759549
      yes, 118, ags used 67 = 118
      Best assertion(s) require sample: 61

ALTERNATE OUTCOME PAIR: 8,1
   (1) can we show that 3 NL 1?
        a. margin -0.14728401760414755
      no
   (1) can we show that 3 NL 8?
        a. margin -0.056731175016579094
      no
   (1) can we show that 4 NL 1?
        a. margin -0.10068125640561887
      no
   (1) can we show that 4 NL 8?
        a. margin -0.014891179839633506
      no
   (1) can we show that 5 NL 1?
        a. margin -0.11123168746608791
      no
   (1) can we show that 5 NL 8?
        a. margin -0.008560921203352279
      no
   (1) can we show that 6 NL 1?
        a. margin 0.008259480315909729
      yes, 697, ags used 0 = 697
   (1) can we show that 6 NL 8?
        a. margin 0.0773497317176095
      yes, 59, ags used 0 = 59
   (1) can we show that 7 NL 1?
        a. margin -0.03707722915536282
      no
   (1) can we show that 7 NL 8?
        a. margin 0.038825586302526194
      yes, 117, ags used 67 = 117
   (1) can we show that 2 NL 1?
        a. margin -0.05353590160969446
      no
   (1) can we show that 2 NL 8?
        a. margin 0.043889793211550954
      yes, 104, ags used 67 = 104
      Best assertion(s) require sample: 59

ALTERNATE OUTCOME PAIR: 8,6
   (1) can we show that 3 NL 6?
        a. margin -0.4120696931331762
      no
   (1) can we show that 3 NL 8?
        a. margin -0.14824862844396136
      no
   (1) can we show that 4 NL 6?
        a. margin -0.3716163260384636
      no
   (1) can we show that 4 NL 8?
        a. margin -0.07722915536263353
      no
   (1) can we show that 5 NL 6?
        a. margin -0.3499728703201299
      no
   (1) can we show that 5 NL 8?
        a. margin -0.08735756918068349
      no
   (1) can we show that 1 NL 6?
        a. margin -0.3221197323204913
      no
   (1) can we show that 1 NL 8?
        a. margin -0.06438777355760572
      no
   (1) can we show that 7 NL 6?
        a. margin -0.25381322722614075
      no
   (1) can we show that 7 NL 8?
        a. margin -0.009043226623259182
      no
   (1) can we show that 2 NL 6?
        a. margin -0.2996322421173203
      no
   (1) can we show that 2 NL 8?
        a. margin -0.04358835232410907
      no

ALTERNATE OUTCOME PAIR: 8,7
   (1) can we show that 3 NL 7?
        a. margin -0.3533490082594801
      no
   (1) can we show that 3 NL 8?
        a. margin -0.059263278471091585
      no
   (1) can we show that 4 NL 7?
        a. margin -0.31946705251100227
      no
   (1) can we show that 4 NL 8?
        a. margin -0.014469162597214313
      no
   (1) can we show that 5 NL 7?
        a. margin -0.28751431844215325
      no
   (1) can we show that 5 NL 8?
        a. margin -0.010851871947910707
      no
   (1) can we show that 1 NL 7?
        a. margin -0.26544884548140046
      no
   (1) can we show that 1 NL 8?
        a. margin 0.03617290649303695
      yes, 126, ags used 67 = 126
   (1) can we show that 6 NL 7?
        a. margin -0.053957918852113096
      no
   (1) can we show that 6 NL 8?
        a. margin 0.07596310363537695
      yes, 60, ags used 0 = 60
   (1) can we show that 2 NL 7?
        a. margin -0.23988665822632138
      no
   (1) can we show that 2 NL 8?
        a. margin 0.041116537047084956
      yes, 111, ags used 67 = 111
      Best assertion(s) require sample: 60

ALTERNATE OUTCOME PAIR: 8,2
   (1) can we show that 3 NL 2?
        a. margin -0.24320250798818321
      no
   (1) can we show that 3 NL 8?
        a. margin -0.06414662084765188
      no
   (1) can we show that 4 NL 2?
        a. margin -0.26786037258093676
      no
   (1) can we show that 4 NL 8?
        a. margin -0.016096943389401486
      no
   (1) can we show that 5 NL 2?
        a. margin -0.20516066799300647
      no
   (1) can we show that 5 NL 8?
        a. margin -0.014650027129679888
      no
   (1) can we show that 1 NL 2?
        a. margin -0.22831132814854982
      no
   (1) can we show that 1 NL 8?
        a. margin 0.03502743112075679
      yes, 130, ags used 67 = 130
   (1) can we show that 6 NL 2?
        a. margin -0.04961717007294897
      no
   (1) can we show that 6 NL 8?
        a. margin 0.07373244106830645
      yes, 62, ags used 0 = 62
   (1) can we show that 7 NL 2?
        a. margin -0.1677217097727135
      no
   (1) can we show that 7 NL 8?
        a. margin 0.03550973654066425
      yes, 128, ags used 67 = 128
      Best assertion(s) require sample: 62

ALTERNATE OUTCOME PAIR: 3,4
   (1) can we show that 8 NL 4?
        a. margin -0.2996322421173202
      no
   (1) can we show that 8 NL 3?
        a. margin -0.28642913124736213
      no
   (1) can we show that 5 NL 4?
        a. margin -0.205281244347983
      no
   (1) can we show that 5 NL 3?
        a. margin -0.16078856936154817
      no
   (1) can we show that 1 NL 4?
        a. margin -0.15807560137457077
      no
   (1) can we show that 1 NL 3?
        a. margin -0.1879785374088141
      no
   (1) can we show that 6 NL 4?
        a. margin -0.0021703743895828964
      no
   (1) can we show that 6 NL 3?
        a. margin -0.004280460601676195
      no
   (1) can we show that 7 NL 4?
        a. margin -0.11756194610236936
      no
   (1) can we show that 7 NL 3?
        a. margin -0.12678603725809356
      no
   (1) can we show that 2 NL 4?
        a. margin -0.1645867245433169
      no
   (1) can we show that 2 NL 3?
        a. margin 0.001386628082232777
      yes, 5529, ags used 0 = 5529
      Best assertion(s) require sample: 5529

ALTERNATE OUTCOME PAIR: 3,5
   (1) can we show that 8 NL 5?
        a. margin -0.3226623259178871
      no
   (1) can we show that 8 NL 3?
        a. margin -0.2750346657020549
      no
   (1) can we show that 4 NL 5?
        a. margin -0.23934406462892588
      no
   (1) can we show that 4 NL 3?
        a. margin -0.21727859166817332
      no
   (1) can we show that 1 NL 5?
        a. margin -0.22035328872008175
      no
   (1) can we show that 1 NL 3?
        a. margin -0.17586061373364625
      no
   (1) can we show that 6 NL 5?
        a. margin -0.0178453005365653
      no
   (1) can we show that 6 NL 3?
        a. margin 0.004823054199071697
      yes, 1420, ags used 1118 = 1420
   (1) can we show that 7 NL 5?
        a. margin -0.15295110628805708
      no
   (1) can we show that 7 NL 3?
        a. margin -0.11834569240971826
      no
   (1) can we show that 2 NL 5?
        a. margin -0.11062880569120404
      no
   (1) can we show that 2 NL 3?
        a. margin 0.00512449508651347
      yes, 1340, ags used 0 = 1340
      Best assertion(s) require sample: 1340

ALTERNATE OUTCOME PAIR: 3,1
   (1) can we show that 8 NL 1?
        a. margin -0.16452643636582842
      no
   (1) can we show that 8 NL 3?
        a. margin -0.2876951829746184
      no
   (1) can we show that 4 NL 1?
        a. margin -0.10170615542292172
      no
   (1) can we show that 4 NL 3?
        a. margin -0.22915536263338754
      no
   (1) can we show that 5 NL 1?
        a. margin -0.11322119732320479
      no
   (1) can we show that 5 NL 3?
        a. margin -0.16175318020136242
      no
   (1) can we show that 6 NL 1?
        a. margin 0.006390546813769937
      yes, 610, ags used 67 = 610
   (1) can we show that 6 NL 3?
        a. margin -0.03412310845843136
      no
   (1) can we show that 7 NL 1?
        a. margin -0.0384638572375956
      no
   (1) can we show that 7 NL 3?
        a. margin -0.12829324169530354
      no
   (1) can we show that 2 NL 1?
        a. margin -0.05564598782178809
      no
   (1) can we show that 2 NL 3?
        a. margin 0.001386628082232777
      yes, 5529, ags used 0 = 5529
      Best assertion(s) require sample: 610

ALTERNATE OUTCOME PAIR: 3,6
   (1) can we show that 8 NL 6?
        a. margin -0.4636763730632423
      no
   (1) can we show that 8 NL 3?
        a. margin -0.2753963947669855
      no
   (1) can we show that 4 NL 6?
        a. margin -0.36769759450171835
      no
   (1) can we show that 4 NL 3?
        a. margin -0.21631398082835918
      no
   (1) can we show that 5 NL 6?
        a. margin -0.3498522939651535
      no
   (1) can we show that 5 NL 3?
        a. margin -0.15222764815819578
      no
   (1) can we show that 1 NL 6?
        a. margin -0.3185627298486766
      no
   (1) can we show that 1 NL 3?
        a. margin -0.17676493639597224
      no
   (1) can we show that 7 NL 6?
        a. margin -0.25073853017423275
      no
   (1) can we show that 7 NL 3?
        a. margin -0.11918972689455554
      no
   (1) can we show that 2 NL 6?
        a. margin -0.3026466509917405
      no
   (1) can we show that 2 NL 3?
        a. margin 0.008862362090794385
      yes, 651, ags used 0 = 651
      Best assertion(s) require sample: 651

ALTERNATE OUTCOME PAIR: 3,7
   (1) can we show that 8 NL 7?
        a. margin -0.41164767589075746
      no
   (1) can we show that 8 NL 3?
        a. margin -0.2788328208838241
      no
   (1) can we show that 4 NL 7?
        a. margin -0.3168746608790014
      no
   (1) can we show that 4 NL 3?
        a. margin -0.22023271236510455
      no
   (1) can we show that 5 NL 7?
        a. margin -0.2881774883945256
      no
   (1) can we show that 5 NL 3?
        a. margin -0.15524205703261573
      no
   (1) can we show that 1 NL 7?
        a. margin -0.26243443660698096
      no
   (1) can we show that 1 NL 3?
        a. margin -0.18092482064267124
      no
   (1) can we show that 6 NL 7?
        a. margin -0.048170253813227704
      no
   (1) can we show that 6 NL 3?
        a. margin 0.0006028817748837678
      yes, 5529, ags used 1118 = 5529
   (1) can we show that 2 NL 7?
        a. margin -0.24374510158557894
      no
   (1) can we show that 2 NL 3?
        a. margin 0.005787665038885947
      yes, 1085, ags used 0 = 1085
      Best assertion(s) require sample: 1085

ALTERNATE OUTCOME PAIR: 3,2
   (1) can we show that 8 NL 2?
        a. margin -0.3159703382166751
      no
   (1) can we show that 8 NL 3?
        a. margin -0.24585518779767246
      no
   (1) can we show that 4 NL 2?
        a. margin -0.25110025923916246
      no
   (1) can we show that 4 NL 3?
        a. margin -0.18683306203653416
      no
   (1) can we show that 5 NL 2?
        a. margin -0.18924458913607
      no
   (1) can we show that 5 NL 3?
        a. margin -0.12389220473865059
      no
   (1) can we show that 1 NL 2?
        a. margin -0.21185265569421796
      no
   (1) can we show that 1 NL 3?
        a. margin -0.14758545849159
      no
   (1) can we show that 6 NL 2?
        a. margin -0.02815457888708095
      no
   (1) can we show that 6 NL 3?
        a. margin 0.0029541206969307954
      yes, 945, ags used 67 = 945
   (1) can we show that 7 NL 2?
        a. margin -0.1509013082534515
      no
   (1) can we show that 7 NL 3?
        a. margin -0.08759872189063733
      no
      Best assertion(s) require sample: 945

ALTERNATE OUTCOME PAIR: 4,5
   (1) can we show that 8 NL 5?
        a. margin -0.32567673479230674
      no
   (1) can we show that 8 NL 4?
        a. margin -0.2939651534334108
      no
   (1) can we show that 3 NL 5?
        a. margin -0.2247543256767338
      no
   (1) can we show that 3 NL 4?
        a. margin -0.26177126665460815
      no
   (1) can we show that 1 NL 5?
        a. margin -0.22258395128715214
      no
   (1) can we show that 1 NL 4?
        a. margin -0.1504792910110324
      no
   (1) can we show that 6 NL 5?
        a. margin -0.019653945861216826
      no
   (1) can we show that 6 NL 4?
        a. margin 0.003134985229396259
      yes, 3030, ags used 1118 = 3030
   (1) can we show that 7 NL 5?
        a. margin -0.15506119250015016
      no
   (1) can we show that 7 NL 4?
        a. margin -0.11267860372580918
      no
   (1) can we show that 2 NL 5?
        a. margin -0.1026707662627353
      no
   (1) can we show that 2 NL 4?
        a. margin -0.15783444866461627
      no
      Best assertion(s) require sample: 3030

ALTERNATE OUTCOME PAIR: 4,1
   (1) can we show that 8 NL 1?
        a. margin -0.15910050039187273
      no
   (1) can we show that 8 NL 4?
        a. margin -0.2832941460179652
      no
   (1) can we show that 3 NL 1?
        a. margin -0.14240067522758681
      no
   (1) can we show that 3 NL 4?
        a. margin -0.24597576415264888
      no
   (1) can we show that 5 NL 1?
        a. margin -0.10671007415445799
      no
   (1) can we show that 5 NL 4?
        a. margin -0.18405980587206805
      no
   (1) can we show that 6 NL 1?
        a. margin 0.013203110869957957
      yes, 279, ags used 67 = 279
   (1) can we show that 6 NL 4?
        a. margin -0.015313197082052477
      no
   (1) can we show that 7 NL 1?
        a. margin -0.03243503948875637
      no
   (1) can we show that 7 NL 4?
        a. margin -0.10297220715017763
      no
   (1) can we show that 2 NL 1?
        a. margin -0.04871284741062254
      no
   (1) can we show that 2 NL 4?
        a. margin -0.14149635256526172
      no
      Best assertion(s) require sample: 279

ALTERNATE OUTCOME PAIR: 4,6
   (1) can we show that 8 NL 6?
        a. margin -0.46030023512389173
      no
   (1) can we show that 8 NL 4?
        a. margin -0.28431904503526717
      no
   (1) can we show that 3 NL 6?
        a. margin -0.4041116537047076
      no
   (1) can we show that 3 NL 4?
        a. margin -0.2503165129318129
      no
   (1) can we show that 5 NL 6?
        a. margin -0.3441852052812435
      no
   (1) can we show that 5 NL 4?
        a. margin -0.190329776330861
      no
   (1) can we show that 1 NL 6?
        a. margin -0.3153071682643026
      no
   (1) can we show that 1 NL 4?
        a. margin -0.14414903237475063
      no
   (1) can we show that 7 NL 6?
        a. margin -0.2467595104599979
      no
   (1) can we show that 7 NL 4?
        a. margin -0.10809670223669099
      no
   (1) can we show that 2 NL 6?
        a. margin -0.2919153553988054
      no
   (1) can we show that 2 NL 4?
        a. margin -0.14523421956954163
      no

ALTERNATE OUTCOME PAIR: 4,7
   (1) can we show that 8 NL 7?
        a. margin -0.40935672514619825
      no
   (1) can we show that 8 NL 4?
        a. margin -0.28709230119973383
      no
   (1) can we show that 3 NL 7?
        a. margin -0.3464761560258024
      no
   (1) can we show that 3 NL 4?
        a. margin -0.25272804003134897
      no
   (1) can we show that 5 NL 7?
        a. margin -0.28281184059805786
      no
   (1) can we show that 5 NL 4?
        a. margin -0.19105323446072153
      no
   (1) can we show that 1 NL 7?
        a. margin -0.2600831976849334
      no
   (1) can we show that 1 NL 4?
        a. margin -0.1471031530716821
      no
   (1) can we show that 6 NL 7?
        a. margin -0.045095556761319266
      no
   (1) can we show that 6 NL 4?
        a. margin 0.005908241393862257
      yes, 1063, ags used 1118 = 1118
   (1) can we show that 2 NL 7?
        a. margin -0.23361668776752786
      no
   (1) can we show that 2 NL 4?
        a. margin -0.1490323747513106
      no
      Best assertion(s) require sample: 1118

ALTERNATE OUTCOME PAIR: 4,2
   (1) can we show that 8 NL 2?
        a. margin -0.3306203653463553
      no
   (1) can we show that 8 NL 4?
        a. margin -0.29312111894857384
      no
   (1) can we show that 3 NL 2?
        a. margin -0.23994694640380976
      no
   (1) can we show that 3 NL 4?
        a. margin -0.26780008440344827
      no
   (1) can we show that 5 NL 2?
        a. margin -0.203412310845843
      no
   (1) can we show that 5 NL 4?
        a. margin -0.20178453005365637
      no
   (1) can we show that 1 NL 2?
        a. margin -0.2257792246940371
      no
   (1) can we show that 1 NL 4?
        a. margin -0.1495749683487071
      no
   (1) can we show that 6 NL 2?
        a. margin -0.04226201241936445
      no
   (1) can we show that 6 NL 4?
        a. margin 0.003074697051907549
      yes, 3083, ags used 1118 = 3083
   (1) can we show that 7 NL 2?
        a. margin -0.16531018267317732
      no
   (1) can we show that 7 NL 4?
        a. margin -0.11225658648339087
      no
      Best assertion(s) require sample: 3083

ALTERNATE OUTCOME PAIR: 5,1
   (1) can we show that 8 NL 1?
        a. margin -0.16416470730089805
      no
   (1) can we show that 8 NL 5?
        a. margin -0.3288720081991917
      no
   (1) can we show that 3 NL 1?
        a. margin -0.14885151021884557
      no
   (1) can we show that 3 NL 5?
        a. margin -0.2277687345511541
      no
   (1) can we show that 4 NL 1?
        a. margin -0.10140471453547917
      no
   (1) can we show that 4 NL 5?
        a. margin -0.24736239223488232
      no
   (1) can we show that 6 NL 1?
        a. margin 0.006812564056188908
      yes, 585, ags used 67 = 585
   (1) can we show that 6 NL 5?
        a. margin -0.05190812081750751
      no
   (1) can we show that 7 NL 1?
        a. margin -0.03822270452764209
      no
   (1) can we show that 7 NL 5?
        a. margin -0.15904021221438436
      no
   (1) can we show that 2 NL 1?
        a. margin -0.05504310604690377
      no
   (1) can we show that 2 NL 5?
        a. margin -0.10550431060469068
      no
      Best assertion(s) require sample: 585

ALTERNATE OUTCOME PAIR: 5,6
   (1) can we show that 8 NL 6?
        a. margin -0.4577078434918904
      no
   (1) can we show that 8 NL 5?
        a. margin -0.311689877614999
      no
   (1) can we show that 3 NL 6?
        a. margin -0.4049556881895452
      no
   (1) can we show that 3 NL 5?
        a. margin -0.21311870742147399
      no
   (1) can we show that 4 NL 6?
        a. margin -0.36263338759269237
      no
   (1) can we show that 4 NL 5?
        a. margin -0.22867305721347986
      no
   (1) can we show that 1 NL 6?
        a. margin -0.31114728401760283
      no
   (1) can we show that 1 NL 5?
        a. margin -0.20757219509254177
      no
   (1) can we show that 7 NL 6?
        a. margin -0.24573461144269482
      no
   (1) can we show that 7 NL 5?
        a. margin -0.1465002712967982
      no
   (1) can we show that 2 NL 6?
        a. margin -0.29336227165852713
      no
   (1) can we show that 2 NL 5?
        a. margin -0.09133658889491691
      no

ALTERNATE OUTCOME PAIR: 5,7
   (1) can we show that 8 NL 7?
        a. margin -0.4052571290769875
      no
   (1) can we show that 8 NL 5?
        a. margin -0.31916561162355983
      no
   (1) can we show that 3 NL 7?
        a. margin -0.34641586784831435
      no
   (1) can we show that 3 NL 5?
        a. margin -0.22077530596250028
      no
   (1) can we show that 4 NL 7?
        a. margin -0.3109061313076502
      no
   (1) can we show that 4 NL 5?
        a. margin -0.2375354193042737
      no
   (1) can we show that 1 NL 7?
        a. margin -0.2551998553083732
      no
   (1) can we show that 1 NL 5?
        a. margin -0.21685657442575423
      no
   (1) can we show that 6 NL 7?
        a. margin -0.042925182371737036
      no
   (1) can we show that 6 NL 5?
        a. margin -0.01766443600410017
      no
   (1) can we show that 2 NL 7?
        a. margin -0.2344004340748771
      no
   (1) can we show that 2 NL 5?
        a. margin -0.09953578103333915
      no

ALTERNATE OUTCOME PAIR: 5,2
   (1) can we show that 8 NL 2?
        a. margin -0.31820100078374536
      no
   (1) can we show that 8 NL 5?
        a. margin -0.3051787544462523
      no
   (1) can we show that 3 NL 2?
        a. margin -0.23108458431301548
      no
   (1) can we show that 3 NL 5?
        a. margin -0.22583951287152582
      no
   (1) can we show that 4 NL 2?
        a. margin -0.25417495629107056
      no
   (1) can we show that 4 NL 5?
        a. margin -0.22294568035208284
      no
   (1) can we show that 1 NL 2?
        a. margin -0.21269669017905501
      no
   (1) can we show that 1 NL 5?
        a. margin -0.20214625911858675
      no
   (1) can we show that 6 NL 2?
        a. margin -0.03225417495629135
      no
   (1) can we show that 6 NL 5?
        a. margin -0.001989509857117655
      no
   (1) can we show that 7 NL 2?
        a. margin -0.15542292156508075
      no
   (1) can we show that 7 NL 5?
        a. margin -0.13703502743112084
      no

ALTERNATE OUTCOME PAIR: 1,6
   (1) can we show that 8 NL 6?
        a. margin -0.4516187375655628
      no
   (1) can we show that 8 NL 1?
        a. margin -0.2199312714776629
      no
   (1) can we show that 3 NL 6?
        a. margin -0.3947669861940063
      no
   (1) can we show that 3 NL 1?
        a. margin -0.21607282811840556
      no
   (1) can we show that 4 NL 6?
        a. margin -0.3600409959606915
      no
   (1) can we show that 4 NL 1?
        a. margin -0.14680171218424043
      no
   (1) can we show that 5 NL 6?
        a. margin -0.33393621510821647
      no
   (1) can we show that 5 NL 1?
        a. margin -0.1703141014047138
      no
   (1) can we show that 7 NL 6?
        a. margin -0.24181587990594977
      no
   (1) can we show that 7 NL 1?
        a. margin -0.06710074154458279
      no
   (1) can we show that 2 NL 6?
        a. margin -0.28257068788810413
      no
   (1) can we show that 2 NL 1?
        a. margin -0.12087779586423075
      no

ALTERNATE OUTCOME PAIR: 1,7
   (1) can we show that 8 NL 7?
        a. margin -0.39892687044070585
      no
   (1) can we show that 8 NL 1?
        a. margin -0.15668897329233733
      no
   (1) can we show that 3 NL 7?
        a. margin -0.3362874540302636
      no
   (1) can we show that 3 NL 1?
        a. margin -0.14071260625791282
      no
   (1) can we show that 4 NL 7?
        a. margin -0.30710797612588103
      no
   (1) can we show that 4 NL 1?
        a. margin -0.09483330318924454
      no
   (1) can we show that 5 NL 7?
        a. margin -0.2717188159401932
      no
   (1) can we show that 5 NL 1?
        a. margin -0.10466027611985262
      no
   (1) can we show that 6 NL 7?
        a. margin -0.06752275878700265
      no
   (1) can we show that 6 NL 1?
        a. margin 0.015433773437028675
      yes, 245, ags used 67 = 245
   (1) can we show that 2 NL 7?
        a. margin -0.22330740941701244
      no
   (1) can we show that 2 NL 1?
        a. margin -0.04720564297341279
      no
      Best assertion(s) require sample: 245

ALTERNATE OUTCOME PAIR: 1,2
   (1) can we show that 8 NL 2?
        a. margin -0.3326098752034724
      no
   (1) can we show that 8 NL 1?
        a. margin -0.1640441309459213
      no
   (1) can we show that 3 NL 2?
        a. margin -0.24175559172846173
      no
   (1) can we show that 3 NL 1?
        a. margin -0.1491529511062879
      no
   (1) can we show that 4 NL 2?
        a. margin -0.26780008440344816
      no
   (1) can we show that 4 NL 1?
        a. margin -0.10152529089045648
      no
   (1) can we show that 5 NL 2?
        a. margin -0.20461807439561097
      no
   (1) can we show that 5 NL 1?
        a. margin -0.11273889190329767
      no
   (1) can we show that 6 NL 2?
        a. margin -0.07288840658346896
      no
   (1) can we show that 6 NL 1?
        a. margin 0.006933140411164995
      yes, 577, ags used 67 = 577
   (1) can we show that 7 NL 2?
        a. margin -0.16748055706275988
      no
   (1) can we show that 7 NL 1?
        a. margin -0.03810212817266556
      no
      Best assertion(s) require sample: 577

ALTERNATE OUTCOME PAIR: 6,7
   (1) can we show that 8 NL 7?
        a. margin -0.3840959787785604
      no
   (1) can we show that 8 NL 6?
        a. margin -0.444806173509374
      no
   (1) can we show that 3 NL 7?
        a. margin -0.3239283776451425
      no
   (1) can we show that 3 NL 6?
        a. margin -0.39072767830228416
      no
   (1) can we show that 4 NL 7?
        a. margin -0.2902272864291302
      no
   (1) can we show that 4 NL 6?
        a. margin -0.35033459938505995
      no
   (1) can we show that 5 NL 7?
        a. margin -0.2598420449749791
      no
   (1) can we show that 5 NL 6?
        a. margin -0.330017483571471
      no
   (1) can we show that 1 NL 7?
        a. margin -0.23675167299692434
      no
   (1) can we show that 1 NL 6?
        a. margin -0.30228492192680956
      no
   (1) can we show that 2 NL 7?
        a. margin -0.21112919756435655
      no
   (1) can we show that 2 NL 6?
        a. margin -0.2785313799963821
      no

ALTERNATE OUTCOME PAIR: 7,2
   (1) can we show that 8 NL 2?
        a. margin -0.3216977150780723
      no
   (1) can we show that 8 NL 7?
        a. margin -0.4021824320250793
      no
   (1) can we show that 3 NL 2?
        a. margin -0.23446072225236547
      no
   (1) can we show that 3 NL 7?
        a. margin -0.35328872008199175
      no
   (1) can we show that 4 NL 2?
        a. margin -0.2574305178754438
      no
   (1) can we show that 4 NL 7?
        a. margin -0.3081931633206725
      no
   (1) can we show that 5 NL 2?
        a. margin -0.19666003496714235
      no
   (1) can we show that 5 NL 7?
        a. margin -0.2837161632603844
      no
   (1) can we show that 1 NL 2?
        a. margin -0.21733887984566114
      no
   (1) can we show that 1 NL 7?
        a. margin -0.25218544643395413
      no
   (1) can we show that 6 NL 2?
        a. margin -0.037438958220293195
      no
   (1) can we show that 6 NL 7?
        a. margin -0.041237113402062375
      no

RULE OUT PAIR STAGE ASN 5529
------------------------------------------------
Alternate outcome cannot be ruled out: 8,6
Alternate outcome cannot be ruled out: 4,6
Alternate outcome cannot be ruled out: 5,6
Alternate outcome cannot be ruled out: 5,7
Alternate outcome cannot be ruled out: 5,2
Alternate outcome cannot be ruled out: 1,6
Alternate outcome cannot be ruled out: 6,7
Alternate outcome cannot be ruled out: 7,2
Full audit not possible
PARTIAL audit sample size: 5529
------------------------------------------------
Final set of assertions generated:
(5, 'AG', 7, 67)
6 NL 1 = 585 [rules out (5, 1), G = {7}, O = set()]

(5, 'AG', 0, 1118)
6 NL 4 = 1118 [rules out (4, 7), G = {0, 7}, O = set()]
2 NL 3 = 5529 [rules out (3, 4), G = set(), O = set()]
6 NL 8 = 61 [rules out (8, 5), G = set(), O = set()]
2 NL 3 = 1085 [rules out (3, 7), G = set(), O = set()]
6 NL 1 = 577 [rules out (1, 2), G = {7}, O = set()]
6 NL 1 = 610 [rules out (3, 1), G = {7}, O = set()]

6 NL 1 = 279 [rules out (4, 1), G = {7}, O = set()]

6 NL 1 = 245 [rules out (1, 7), G = {7}, O = set()]
2 NL 3 = 1340 [rules out (3, 5), G = set(), O = set()]
6 NL 8 = 62 [rules out (8, 2), G = set(), O = set()]
6 NL 4 = 3030 [rules out (4, 5), G = {0, 7}, O = set()]
6 NL 4 = 3083 [rules out (4, 2), G = {0, 7}, O = set()]
6 NL 8 = 60 [rules out (8, 7), G = set(), O = set()]
2 NL 3 = 651 [rules out (3, 6), G = set(), O = set()]
6 NL 3 = 945 [rules out (3, 2), G = {7}, O = set()]
6 NL 8 = 60 [rules out (8, 4), G = set(), O = set()]
6 NL 8 = 65 [rules out (8, 3), G = set(), O = set()]
6 NL 8 = 59 [rules out (8, 1), G = set(), O = set()]
[] are verified winners with these assertions.
[1, 2, 4, 5, 6, 7, 8] remain as potential winners in this audit.
------------------------------------------------
