VALID BALLOTS 5891
Winner 1
Winner 7
Computing AG relationships
9 AG 2 = 146
9 AG 3 = 291
9 AG 4 = 127
1 AG 2 = 18
1 AG 3 = 19
1 AG 4 = 17
1 AG 8 = 2094
1 AG 6 = 33
1 AG 9 = 27
7 AG 2 = 23
7 AG 3 = 19
7 AG 4 = 22
7 AG 8 = 31
7 AG 6 = 131
7 AG 5 = 80
5 AG 2 = 58
5 AG 3 = 35
5 AG 4 = 53
Ruling out candidates: [(2, 23), (3, 19), (4, 22), (8, 2094), (6, 131)]
STAGE 1 ASN (Ruling out candidates): 2094
ALTERNATE OUTCOME PAIR: 9,1
   (1) can we show that 7 NL 1?
        a. margin 0.026141571889322757
      yes, 94, ags used 131 = 131
   (1) can we show that 7 NL 9?
        a. margin 0.01731454761500384
      yes, 31, ags used 80 = 80
   (1) can we show that 5 NL 1?
        a. margin -0.23318055791320025
      no
   (1) can we show that 5 NL 9?
        a. margin -0.10943246760595238
      no
      Best assertion(s) require sample: 80

ALTERNATE OUTCOME PAIR: 9,7
   (1) can we show that 1 NL 7?
        a. margin -0.1248231765970691
      no
   (1) can we show that 1 NL 9?
        a. margin 0.17337181010581038
      yes, 25, ags used 19 = 25
   (1) can we show that 5 NL 7?
        a. margin -0.2689979064109087
      no
   (1) can we show that 5 NL 9?
        a. margin 0.09613534770554
      yes, 46, ags used 35 = 46
      Best assertion(s) require sample: 25

ALTERNATE OUTCOME PAIR: 9,5
   (1) can we show that 1 NL 5?
        a. margin 0.001414587223447894
      yes, 46, ags used 80 = 80
   (1) can we show that 1 NL 9?
        a. margin 0.16867538052396291
      yes, 26, ags used 19 = 26
   (1) can we show that 7 NL 5?
        a. margin 0.05771515871668642
      yes, 58, ags used 31 = 58
   (1) can we show that 7 NL 9?
        a. margin 0.19560912125841678
      yes, 23, ags used 27 = 27
      Best assertion(s) require sample: 26

ALTERNATE OUTCOME PAIR: 1,5
   (1) can we show that 9 NL 5?
        a. margin -0.14089288745544037
      no
   (1) can we show that 9 NL 1?
        a. margin -0.29915690601482403
      no
   (1) can we show that 7 NL 5?
        a. margin 0.06094041758614743
      yes, 56, ags used 31 = 56
   (1) can we show that 7 NL 1?
        a. margin -0.08855316018785708
      no
      Best assertion(s) require sample: 56

ALTERNATE OUTCOME PAIR: 7,5
   (1) can we show that 9 NL 5?
        a. margin -0.21264075142873295
      no
   (1) can we show that 9 NL 7?
        a. margin -0.36592542296157915
      no
   (1) can we show that 1 NL 5?
        a. margin 0.003847677247778458
      yes, 38, ags used 33 = 38
   (1) can we show that 1 NL 7?
        a. margin -0.0015277542013234502
      no
      Best assertion(s) require sample: 38

RULE OUT PAIR STAGE ASN 80
------------------------------------------------
EXAMINING WAYS TO REDUCE COST OF AUDIT
ALTERNATE OUTCOME PAIR: 8,9
   (1) can we show that 1 NL 9?
        a. margin 0.16833587959033514
      yes, 26, ags used 19 = 26
   (1) can we show that 1 NL 8?
        a. margin 0.004187178181406681
      yes, 22, ags used 31 = 31
   (1) can we show that 7 NL 9?
        a. margin 0.19589203870310623
      yes, 23, ags used 27 = 27
   (1) can we show that 7 NL 8?
        a. margin 0.15079499801957708
      yes, 29, ags used 23 = 29
   (1) can we show that 5 NL 9?
        a. margin 0.09200475301307076
      yes, 48, ags used 35 = 48
   (1) can we show that 5 NL 8?
        a. margin 0.12029649748203397
      yes, 37, ags used 35 = 37
      Best assertion(s) require sample: 26

ALTERNATE OUTCOME PAIR: 8,1
   (1) can we show that 9 NL 1?
        a. margin -0.3013636620834038
      no
   (1) can we show that 9 NL 8?
        a. margin -0.013806371300854159
      no
   (1) can we show that 7 NL 1?
        a. margin -0.025179652577377865
      no
   (1) can we show that 7 NL 8?
        a. margin 0.15634017993549376
      yes, 28, ags used 23 = 28
   (1) can we show that 5 NL 1?
        a. margin -0.2570022067560682
      no
   (1) can we show that 5 NL 8?
        a. margin 0.12550217846432377
      yes, 35, ags used 35 = 35
      Best assertion(s) require sample: 28

ALTERNATE OUTCOME PAIR: 8,7
   (1) can we show that 9 NL 7?
        a. margin -0.39529225372036425
      no
   (1) can we show that 9 NL 8?
        a. margin -0.15549142760142587
      no
   (1) can we show that 1 NL 7?
        a. margin -0.03621343292027368
      no
   (1) can we show that 1 NL 8?
        a. margin 0.04888813444236839
      yes, 27, ags used 33 = 33
   (1) can we show that 5 NL 7?
        a. margin -0.2748260057715156
      no
   (1) can we show that 5 NL 8?
        a. margin 0.095116844904656
      yes, 48, ags used 2094 = 2094
      Best assertion(s) require sample: 33

ALTERNATE OUTCOME PAIR: 8,5
   (1) can we show that 9 NL 5?
        a. margin -0.1412889718780056
      no
   (1) can we show that 9 NL 8?
        a. margin 0.00022633395575244464
      yes, 488, ags used 2094 = 2094
   (1) can we show that 1 NL 5?
        a. margin 0.05850732756181731
      yes, 49, ags used 33 = 49
   (1) can we show that 1 NL 8?
        a. margin 0.03711876874328057
      yes, 15, ags used 31 = 31
   (1) can we show that 7 NL 5?
        a. margin 0.05918632942907265
      yes, 73, ags used 23 = 73
   (1) can we show that 7 NL 8?
        a. margin 0.1627341141854799
      yes, 27, ags used 23 = 27
      Best assertion(s) require sample: 27

7 ruled out by pairs, sample size 33
STAGE 1 ASN NOW 131
NEW RULE OUT PAIR STAGE ASN 80
ALTERNATE OUTCOME PAIR: 6,8
   (1) can we show that 9 NL 8?
        a. margin -0.004583262603971683
      no
   (1) can we show that 9 NL 6?
        a. margin 0.0129010354778476
      yes, 318, ags used 291 = 318
   (1) can we show that 1 NL 8?
        a. margin 0.008091438918123472
      yes, 16, ags used 31 = 31
   (1) can we show that 1 NL 6?
        a. margin 0.14145872234481982
      yes, 20, ags used 27 = 27
   (1) can we show that 7 NL 8?
        a. margin 0.15039891359701185
      yes, 29, ags used 23 = 29
   (1) can we show that 7 NL 6?
        a. margin 0.036892434787528794
      yes, 21, ags used 33 = 33
   (1) can we show that 5 NL 8?
        a. margin 0.11984382957053064
      yes, 37, ags used 35 = 37
   (1) can we show that 5 NL 6?
        a. margin 0.0853844848073333
      yes, 51, ags used 35 = 51
      Best assertion(s) require sample: 27

ALTERNATE OUTCOME PAIR: 6,9
   (1) can we show that 8 NL 9?
        a. margin -0.07174786397329191
      no
   (1) can we show that 8 NL 6?
        a. margin -0.034629095230010676
      no
   (1) can we show that 1 NL 9?
        a. margin 0.1720138063713006
      yes, 25, ags used 19 = 25
   (1) can we show that 1 NL 6?
        a. margin 0.14049680303287437
      yes, 31, ags used 19 = 31
   (1) can we show that 7 NL 9?
        a. margin 0.19923046455044346
      yes, 22, ags used 27 = 27
   (1) can we show that 7 NL 6?
        a. margin 0.05018955468794095
      yes, 19, ags used 33 = 33
   (1) can we show that 5 NL 9?
        a. margin 0.09579584677191222
      yes, 46, ags used 35 = 46
   (1) can we show that 5 NL 6?
        a. margin 0.08487523340689207
      yes, 52, ags used 35 = 52
      Best assertion(s) require sample: 25

ALTERNATE OUTCOME PAIR: 6,1
   (1) can we show that 8 NL 1?
        a. margin -0.4179822327844729
      no
   (1) can we show that 8 NL 6?
        a. margin -0.16663837492219646
      no
   (1) can we show that 9 NL 1?
        a. margin -0.2946302268997901
      no
   (1) can we show that 9 NL 6?
        a. margin -0.01635262830306161
      no
   (1) can we show that 7 NL 1?
        a. margin 0.010241611497765035
      yes, 441, ags used 80 = 441
   (1) can we show that 7 NL 6?
        a. margin 0.07865104962371783
      yes, 46, ags used 31 = 46
   (1) can we show that 5 NL 1?
        a. margin -0.24721326316980652
      no
   (1) can we show that 5 NL 6?
        a. margin 0.012278617099530376
      yes, 369, ags used 131 = 369
      Best assertion(s) require sample: 46

ALTERNATE OUTCOME PAIR: 6,7
   (1) can we show that 8 NL 7?
        a. margin -0.4859390029989247
      no
   (1) can we show that 8 NL 6?
        a. margin -0.060487749674644875
      no
   (1) can we show that 9 NL 7?
        a. margin -0.39585808860974336
      no
   (1) can we show that 9 NL 6?
        a. margin -0.03921235783398469
      no
   (1) can we show that 1 NL 7?
        a. margin -0.06784360323657579
      no
   (1) can we show that 1 NL 6?
        a. margin 0.15752843320318988
      yes, 19, ags used 27 = 27
   (1) can we show that 5 NL 7?
        a. margin -0.2706388275901088
      no
   (1) can we show that 5 NL 6?
        a. margin 0.0995303570418149
      yes, 44, ags used 35 = 44
      Best assertion(s) require sample: 27

ALTERNATE OUTCOME PAIR: 6,5
   (1) can we show that 8 NL 5?
        a. margin -0.19272336332258244
      no
   (1) can we show that 8 NL 6?
        a. margin -0.034798845696825564
      no
   (1) can we show that 9 NL 5?
        a. margin -0.14264697561251627
      no
   (1) can we show that 9 NL 6?
        a. margin 0.01420245572342016
      yes, 292, ags used 291 = 292
   (1) can we show that 1 NL 5?
        a. margin 0.05562156962598297
      yes, 29, ags used 80 = 80
   (1) can we show that 1 NL 6?
        a. margin 0.14417472981383916
      yes, 20, ags used 27 = 27
   (1) can we show that 7 NL 5?
        a. margin 0.0579414926724382
      yes, 58, ags used 31 = 58
   (1) can we show that 7 NL 6?
        a. margin 0.038080688055225353
      yes, 19, ags used 33 = 33
      Best assertion(s) require sample: 27

5 ruled out by pairs, sample size 46
STAGE 1 ASN NOW 23
NEW RULE OUT PAIR STAGE ASN 80
------------------------------------------------
FULL audit sample size: 80
------------------------------------------------
Final set of assertions generated:
1 NL 6 = 27 [rules out (6, 7), G = {8, 1, 2, 3}, O = set()]
1 NL 6 = 27 [rules out (6, 5), G = {8, 1, 2, 3}, O = set()]
(0, 'AG', 5, 33)
(6, 'AG', 2, 19)
(6, 'AG', 1, 23)
(0, 'AG', 8, 27)
7 NL 8 = 28 [rules out (8, 1), G = {1, 2, 3}, O = set()]
(6, 'AG', 3, 22)
(0, 'AG', 3, 17)
7 NL 9 = 80 [rules out (9, 1), G = {1, 2, 3, 4, 7}, O = set()]
1 NL 9 = 26 [rules out (8, 9), G = {1, 2, 3}, O = set()]

(0, 'AG', 1, 18)
1 NL 9 = 25 [rules out (9, 7), G = {1, 2, 3}, O = set()]
7 NL 8 = 27 [rules out (8, 5), G = {1, 2, 3}, O = set()]
7 NL 5 = 56 [rules out (1, 5), G = {1, 2, 3, 7}, O = set()]

(6, 'AG', 4, 80)
1 NL 9 = 26 [rules out (9, 5), G = {1, 2, 3}, O = set()]
1 NL 5 = 38 [rules out (7, 5), G = {1, 2, 3, 5, 8}, O = set()]

1 NL 6 = 27 [rules out (6, 8), G = {8, 1, 2, 3}, O = set()]
(6, 'AG', 7, 31)
7 NL 6 = 46 [rules out (6, 1), G = {1, 2, 3, 7}, O = set()]
1 NL 8 = 33 [rules out (8, 7), G = {1, 2, 3, 5, 8}, O = set()]
(0, 'AG', 2, 19)
1 NL 9 = 25 [rules out (6, 9), G = {1, 2, 3}, O = set()]

All winners are verified in audit.
------------------------------------------------
