VALID BALLOTS 3674
23 ballot checks required to assert that first winner has a quota's worth of votes
AUD TV 0.27761664564943256, ss 76
AG*(4,1) = 47
AG*(4,3) = 39
AG*(4,5) = 26
AG*(4,6) = 32
AG*(4,7) = 31
AG*(4,8) = 39
AG*(1,5) = 416
AG*(2,1) = 16
AG*(2,3) = 15
AG*(2,4) = 46
AG*(2,5) = 12
AG*(2,6) = 24
AG*(2,7) = 12
AG*(2,8) = 12
AG*(2,9) = 16
AG*(4,1) = 47
AG*(4,3) = 39
AG*(4,5) = 26
AG*(4,6) = 32
AG*(4,7) = 31
AG*(4,8) = 39
AG*(9,5) = 166
AG*(9,7) = 137
AG*(9,8) = 218
NL(4,5) = 26, AG*'s used 0
NL(4,7) = 31, AG*'s used 26
NL(4,8) = 31, AG*'s used 32
NL(4,6) = 31, AG*'s used 31
NL(4,3) = 31, AG*'s used 32
NL(4,1) = 36, AG*'s used 32
Max in loop 76, 0.27761664564943256
AUD TV 0.32761664564943255, ss 35
AG*(4,1) = 47
AG*(4,3) = 40
AG*(4,5) = 26
AG*(4,6) = 33
AG*(4,7) = 32
AG*(4,8) = 40
AG*(1,5) = 722
AG*(2,1) = 16
AG*(2,3) = 15
AG*(2,4) = 46
AG*(2,5) = 12
AG*(2,6) = 24
AG*(2,7) = 12
AG*(2,8) = 12
AG*(2,9) = 16
AG*(4,1) = 47
AG*(4,3) = 40
AG*(4,5) = 26
AG*(4,6) = 33
AG*(4,7) = 32
AG*(4,8) = 40
AG*(9,5) = 170
AG*(9,7) = 140
AG*(9,8) = 227
NL(4,5) = 26, AG*'s used 0
NL(4,7) = 32, AG*'s used 26
NL(4,8) = 32, AG*'s used 33
NL(4,6) = 32, AG*'s used 32
NL(4,3) = 31, AG*'s used 33
NL(4,1) = 36, AG*'s used 33
Max in loop 36, 0.32761664564943255
AUD TV 0.37761664564943254, ss 21
AG*(4,1) = 48
AG*(4,3) = 40
AG*(4,5) = 26
AG*(4,6) = 34
AG*(4,7) = 33
AG*(4,8) = 43
AG*(1,5) = 1353
AG*(2,1) = 16
AG*(2,3) = 15
AG*(2,4) = 46
AG*(2,5) = 12
AG*(2,6) = 24
AG*(2,7) = 12
AG*(2,8) = 12
AG*(2,9) = 16
AG*(4,1) = 48
AG*(4,3) = 40
AG*(4,5) = 26
AG*(4,6) = 34
AG*(4,7) = 33
AG*(4,8) = 43
AG*(9,5) = 174
AG*(9,7) = 143
AG*(9,8) = 237
NL(4,5) = 26, AG*'s used 0
NL(4,7) = 32, AG*'s used 26
NL(4,8) = 33, AG*'s used 34
NL(4,6) = 32, AG*'s used 33
NL(4,3) = 32, AG*'s used 34
NL(4,1) = 36, AG*'s used 34
Max in loop 36, 0.37761664564943254
AUD TV 0.4276166456494325, ss 15
AG*(4,1) = 49
AG*(4,3) = 41
AG*(4,5) = 26
AG*(4,6) = 34
AG*(4,7) = 34
AG*(4,8) = 45
AG*(1,5) = 3666
AG*(2,1) = 16
AG*(2,3) = 15
AG*(2,4) = 46
AG*(2,5) = 12
AG*(2,6) = 24
AG*(2,7) = 12
AG*(2,8) = 12
AG*(2,9) = 16
AG*(4,1) = 49
AG*(4,3) = 41
AG*(4,5) = 26
AG*(4,6) = 34
AG*(4,7) = 34
AG*(4,8) = 45
AG*(9,5) = 178
AG*(9,7) = 147
AG*(9,8) = 248
NL(4,5) = 26, AG*'s used 0
NL(4,7) = 33, AG*'s used 26
NL(4,8) = 35, AG*'s used 34
NL(4,6) = 33, AG*'s used 34
NL(4,3) = 32, AG*'s used 34
NL(4,1) = 37, AG*'s used 34
Max in loop 37, 0.4276166456494325
Breaking out of inner loop 37 > 36
Sample size to show min tv of 0.11380832282471627 is 41
Sample size required for audit is 36 ballots
------------------------------------------------
Assertion set BEFORE filtering:
(1, 'MT', None, (0.37761664564943254, 21))
(3, 'NL', 5, 33)
(3, 'NL', 2, 34)
(3, 'NL', 4, 26)
(3, 'NL', 0, 36)
(3, 'AG*', 4, 26)
(1, 'QT', None, 23)
(3, 'NL', 6, 32)
(3, 'AG*', 5, 34)
(3, 'NL', 7, 34)
(3, 'AG*', 6, 33)
------------------------------------------------
Final set of assertions AFTER filtering:
(1, 'MT', None, (0.37761664564943254, 21))
(3, 'NL', 5, 33)
(3, 'NL', 2, 34)
(3, 'NL', 4, 26)
(3, 'NL', 0, 36)
(3, 'AG*', 4, 26)
(1, 'QT', None, 23)
(3, 'NL', 6, 32)
(3, 'AG*', 5, 34)
(3, 'NL', 7, 34)
(3, 'AG*', 6, 33)
------------------------------------------------
Explanations for AG* inclusion:
   Explanation for (3, 'AG*', 4, 26): []
   Explanation for (3, 'AG*', 5, 34): []
   Explanation for (3, 'AG*', 6, 33): []
------------------------------------------------
