VALID BALLOTS 4841
Winner 3
Winner 2
Computing AG relationships
1 AG 5 = 255
2 AG 5 = 90
Ruling out candidates: [(5, 255)]
STAGE 1 ASN (Ruling out candidates): 255
ALTERNATE OUTCOME PAIR: 6,1
   (1) can we show that 3 NL 1?
        a. margin -0.2067754596157818
      no
   (1) can we show that 3 NL 6?
        a. margin -0.0091578874888113
      no
   (1) can we show that 2 NL 1?
        a. margin -0.12339048405976716
      no
   (1) can we show that 2 NL 6?
        a. margin -0.10218274461199484
      no
   (1) can we show that 2 NL 1?
        a. margin -0.12339048405976716
      no
   (1) can we show that 2 NL 6?
        a. margin -0.10218274461199484
      no

ALTERNATE OUTCOME PAIR: 6,3
   (1) can we show that 1 NL 3?
        a. margin -0.1757212697101147
      no
   (1) can we show that 1 NL 6?
        a. margin -0.12421675962266765
      no
   (1) can we show that 2 NL 3?
        a. margin -0.11237347655443086
      no
   (1) can we show that 2 NL 6?
        a. margin -0.05708187013702393
      no
   (1) can we show that 2 NL 3?
        a. margin -0.11237347655443086
      no
   (1) can we show that 2 NL 6?
        a. margin -0.05708187013702393
      no

ALTERNATE OUTCOME PAIR: 6,2
   (1) can we show that 1 NL 2?
        a. margin -0.22323211457687797
      no
   (1) can we show that 1 NL 6?
        a. margin -0.16071059698409385
      no
   (1) can we show that 3 NL 2?
        a. margin -0.24320044068030022
      no
   (1) can we show that 3 NL 6?
        a. margin -0.002478826688700919
      no

ALTERNATE OUTCOME PAIR: 6,2
   (1) can we show that 1 NL 2?
        a. margin -0.22323211457687797
      no
   (1) can we show that 1 NL 6?
        a. margin -0.16071059698409385
      no
   (1) can we show that 3 NL 2?
        a. margin -0.24320044068030022
      no
   (1) can we show that 3 NL 6?
        a. margin -0.002478826688700919
      no

ALTERNATE OUTCOME PAIR: 1,3
   (1) can we show that 6 NL 3?
        a. margin -0.20608689664669821
      no
   (1) can we show that 6 NL 1?
        a. margin -0.30152172416167444
      no
   (1) can we show that 2 NL 3?
        a. margin -0.1366108930661707
      no
   (1) can we show that 2 NL 1?
        a. margin -0.10941265578737158
      no
   (1) can we show that 2 NL 3?
        a. margin -0.1366108930661707
      no
   (1) can we show that 2 NL 1?
        a. margin -0.10941265578737158
      no

ALTERNATE OUTCOME PAIR: 1,2
   (1) can we show that 6 NL 2?
        a. margin -0.31605040280933683
      no
   (1) can we show that 6 NL 1?
        a. margin -0.2742546305859671
      no
   (1) can we show that 3 NL 2?
        a. margin -0.21751704193348487
      no
   (1) can we show that 3 NL 1?
        a. margin -0.17455071266267308
      no

ALTERNATE OUTCOME PAIR: 1,2
   (1) can we show that 6 NL 2?
        a. margin -0.31605040280933683
      no
   (1) can we show that 6 NL 1?
        a. margin -0.2742546305859671
      no
   (1) can we show that 3 NL 2?
        a. margin -0.21751704193348487
      no
   (1) can we show that 3 NL 1?
        a. margin -0.17455071266267308
      no

RULE OUT PAIR STAGE ASN 0
------------------------------------------------
Alternate outcome cannot be ruled out: 6,1
Alternate outcome cannot be ruled out: 6,3
Alternate outcome cannot be ruled out: 6,2
Alternate outcome cannot be ruled out: 6,2
Alternate outcome cannot be ruled out: 1,3
Alternate outcome cannot be ruled out: 1,2
Alternate outcome cannot be ruled out: 1,2
Full audit not possible
PARTIAL audit sample size: 255
------------------------------------------------
Final set of assertions generated:
(0, 'AG', 4, 255)
(1, 'AG', 4, 90)
[] are verified winners with these assertions.
[1, 2, 3, 6] remain as potential winners in this audit.
------------------------------------------------
