VALID BALLOTS 11414
11414 ballot checks required to assert that first winner has a quota's worth of votes
AUD TV 0.05183630640083946, ss 130
AG*(6,3) = 75
AG*(6,4) = 29
AG*(1,2) = 44
AG*(1,3) = 96
AG*(1,4) = 16
AG*(1,5) = 31
AG*(1,6) = 11414
AG*(1,7) = 83
AG*(2,4) = 42
AG*(2,5) = 103
AG*(3,4) = 92
AG*(6,3) = 75
AG*(6,4) = 29
AG*(7,4) = 59
NL(6,4) = 29, AG*'s used 0
NL(6,5) = 69, AG*'s used 75
NL(6,3) = 71, AG*'s used 29
NL(6,7) = 92, AG*'s used 75
NL(6,2) = 116, AG*'s used 75
Max in loop 11414, 0.05183630640083946
AUD TV 0.10183630640083946, ss 61
AG*(6,3) = 79
AG*(6,4) = 29
AG*(1,2) = 44
AG*(1,3) = 96
AG*(1,4) = 16
AG*(1,5) = 31
AG*(1,6) = 11414
AG*(1,7) = 83
AG*(2,4) = 42
AG*(2,5) = 114
AG*(3,4) = 94
AG*(6,3) = 79
AG*(6,4) = 29
AG*(7,4) = 60
NL(6,4) = 29, AG*'s used 0
NL(6,5) = 75, AG*'s used 79
NL(6,3) = 74, AG*'s used 29
NL(6,7) = 109, AG*'s used 79
NL(6,2) = 131, AG*'s used 79
Max in loop 11414, 0.10183630640083946
AUD TV 0.15183630640083945, ss 38
AG*(6,3) = 83
AG*(6,4) = 29
AG*(1,2) = 44
AG*(1,3) = 96
AG*(1,4) = 16
AG*(1,5) = 31
AG*(1,6) = 11414
AG*(1,7) = 83
AG*(2,4) = 43
AG*(2,5) = 128
AG*(3,4) = 95
AG*(6,3) = 83
AG*(6,4) = 29
AG*(7,4) = 60
NL(6,4) = 29, AG*'s used 0
NL(6,5) = 82, AG*'s used 83
NL(6,3) = 78, AG*'s used 29
NL(6,7) = 134, AG*'s used 83
NL(6,2) = 151, AG*'s used 83
Max in loop 11414, 0.15183630640083945
AUD TV 0.20183630640083944, ss 27
AG*(6,3) = 88
AG*(6,4) = 29
AG*(1,2) = 44
AG*(1,3) = 96
AG*(1,4) = 16
AG*(1,5) = 31
AG*(1,6) = 11414
AG*(1,7) = 83
AG*(2,4) = 43
AG*(2,5) = 146
AG*(3,4) = 97
AG*(6,3) = 88
AG*(6,4) = 29
AG*(7,4) = 61
NL(6,4) = 29, AG*'s used 0
NL(6,5) = 90, AG*'s used 88
NL(6,3) = 82, AG*'s used 29
NL(6,7) = 174, AG*'s used 88
NL(6,2) = 177, AG*'s used 88
Max in loop 11414, 0.20183630640083944
AUD TV 0.2518363064008394, ss 20
AG*(6,3) = 93
AG*(6,4) = 29
AG*(1,2) = 44
AG*(1,3) = 96
AG*(1,4) = 16
AG*(1,5) = 31
AG*(1,6) = 11414
AG*(1,7) = 83
AG*(2,4) = 43
AG*(2,5) = 169
AG*(3,4) = 99
AG*(6,3) = 93
AG*(6,4) = 29
AG*(7,4) = 61
NL(6,4) = 29, AG*'s used 0
NL(6,5) = 101, AG*'s used 93
NL(6,3) = 86, AG*'s used 29
NL(6,7) = 248, AG*'s used 93
NL(6,2) = 215, AG*'s used 93
Max in loop 11414, 0.2518363064008394
AUD TV 0.3018363064008394, ss 15
AG*(6,3) = 98
AG*(6,4) = 29
AG*(1,2) = 44
AG*(1,3) = 96
AG*(1,4) = 16
AG*(1,5) = 31
AG*(1,6) = 11414
AG*(1,7) = 83
AG*(2,4) = 44
AG*(2,5) = 201
AG*(3,4) = 101
AG*(6,3) = 98
AG*(6,4) = 29
AG*(7,4) = 62
NL(6,4) = 29, AG*'s used 0
NL(6,5) = 114, AG*'s used 98
NL(6,3) = 91, AG*'s used 29
NL(6,7) = 554, AG*'s used 98
NL(6,2) = 312, AG*'s used 98
Max in loop 11414, 0.3018363064008394
AUD TV 0.3518363064008394, ss 12
AG*(6,3) = 105
AG*(6,4) = 29
AG*(1,2) = 44
AG*(1,3) = 96
AG*(1,4) = 16
AG*(1,5) = 31
AG*(1,6) = 11414
AG*(1,7) = 83
AG*(2,4) = 44
AG*(2,5) = 249
AG*(3,4) = 103
AG*(6,3) = 105
AG*(6,4) = 29
AG*(7,4) = 62
NL(6,4) = 29, AG*'s used 0
NL(6,5) = 131, AG*'s used 105
NL(6,3) = 97, AG*'s used 29
NL(6,7) = 5262, AG*'s used 105
NL(6,2) = 480, AG*'s used 105
Max in loop 11414, 0.3518363064008394
AUD TV 0.4018363064008394, ss 10
AG*(6,3) = 112
AG*(6,4) = 30
AG*(1,2) = 44
AG*(1,3) = 96
AG*(1,4) = 16
AG*(1,5) = 31
AG*(1,6) = 11414
AG*(1,7) = 83
AG*(2,4) = 45
AG*(2,5) = 420
AG*(3,4) = 104
AG*(6,3) = 112
AG*(6,4) = 30
AG*(7,4) = 63
NL(6,4) = 30, AG*'s used 0
NL(6,5) = 154, AG*'s used 112
NL(6,3) = 103, AG*'s used 30
NL(6,7) NOT POSSIBLE
NL(6,2) = 757, AG*'s used 112
Max in loop inf, 0.4018363064008394
Breaking out of inner loop inf > 11414
Sample size to show min tv of 0.0009181532004197271 is 11414
Sample size required for audit is inf ballots
------------------------------------------------
Assertion set BEFORE filtering:
(5, 'NL', 6, 5262)
(5, 'NL', 2, 97)
(5, 'NL', 3, 29)
(0, 'MT', None, (0.3518363064008394, 12))
(5, 'AG*', 3, 29)
(0, 'QT', None, 11414)
(5, 'NL', 4, 131)
(5, 'AG*', 2, 105)
(5, 'NL', 1, 480)
------------------------------------------------
Final set of assertions AFTER filtering:
(5, 'NL', 6, 5262)
(5, 'NL', 2, 97)
(5, 'NL', 3, 29)
(0, 'MT', None, (0.3518363064008394, 12))
(5, 'AG*', 3, 29)
(0, 'QT', None, 11414)
(5, 'NL', 4, 131)
(5, 'AG*', 2, 105)
(5, 'NL', 1, 480)
------------------------------------------------
Explanations for AG* inclusion:
   Explanation for (5, 'AG*', 3, 29): []
   Explanation for (5, 'AG*', 2, 105): []
------------------------------------------------
