VALID BALLOTS 5729
Winner 4
Winner 1
Computing AG relationships
4 AG 6 = 23
4 AG 5 = 20
4 AG 7 = 26
4 AG 3 = 65
1 AG 6 = 20
1 AG 5 = 19
1 AG 7 = 73
1 AG 3 = 26
Ruling out candidates: [(6, 23), (5, 20), (7, 73), (3, 65)]
STAGE 1 ASN (Ruling out candidates): 73
RULE OUT PAIR STAGE ASN 0
------------------------------------------------
EXAMINING WAYS TO REDUCE COST OF AUDIT
ALTERNATE OUTCOME PAIR: 7,4
   (1) can we show that 1 NL 4?
        a. margin -0.03973933787164696
      no
   (1) can we show that 1 NL 7?
        a. margin 0.11398149764356735
      yes, 29, ags used 26 = 29
   (1) can we show that 1 NL 4?
        a. margin -0.03973933787164696
      no
   (1) can we show that 1 NL 7?
        a. margin 0.11398149764356735
      yes, 29, ags used 26 = 29
      Best assertion(s) require sample: 29

ALTERNATE OUTCOME PAIR: 7,1
   (1) can we show that 4 NL 1?
        a. margin -0.16617210682492578
      no
   (1) can we show that 4 NL 7?
        a. margin 0.18967824518531406
      yes, 23, ags used 23 = 23
      Best assertion(s) require sample: 23

ALTERNATE OUTCOME PAIR: 7,1
   (1) can we show that 4 NL 1?
        a. margin -0.16617210682492578
      no
   (1) can we show that 4 NL 7?
        a. margin 0.18967824518531406
      yes, 23, ags used 23 = 23
      Best assertion(s) require sample: 23

6 ruled out by pairs, sample size 29
STAGE 1 ASN NOW 65
NEW RULE OUT PAIR STAGE ASN 29
ALTERNATE OUTCOME PAIR: 3,7
   (1) can we show that 4 NL 7?
        a. margin 0.17827427706987797
      yes, 25, ags used 23 = 25
   (1) can we show that 4 NL 3?
        a. margin 0.07005294699482145
      yes, 22, ags used 26 = 26
   (1) can we show that 1 NL 7?
        a. margin 0.06330365974282892
      yes, 19, ags used 26 = 26
   (1) can we show that 1 NL 3?
        a. margin 0.1712340722639205
      yes, 25, ags used 20 = 25
   (1) can we show that 1 NL 7?
        a. margin 0.06330365974282892
      yes, 19, ags used 26 = 26
   (1) can we show that 1 NL 3?
        a. margin 0.1712340722639205
      yes, 25, ags used 20 = 25
      Best assertion(s) require sample: 25

ALTERNATE OUTCOME PAIR: 3,4
   (1) can we show that 7 NL 4?
        a. margin -0.3908768255076511
      no
   (1) can we show that 7 NL 3?
        a. margin -0.07243847093733624
      no
   (1) can we show that 1 NL 4?
        a. margin -0.07249665444812936
      no
   (1) can we show that 1 NL 3?
        a. margin 0.17356141269564174
      yes, 25, ags used 20 = 25
   (1) can we show that 1 NL 4?
        a. margin -0.07249665444812936
      no
   (1) can we show that 1 NL 3?
        a. margin 0.17356141269564174
      yes, 25, ags used 20 = 25
      Best assertion(s) require sample: 25

ALTERNATE OUTCOME PAIR: 3,1
   (1) can we show that 7 NL 1?
        a. margin -0.5008436609064989
      no
   (1) can we show that 7 NL 3?
        a. margin -0.162215628090999
      no
   (1) can we show that 4 NL 1?
        a. margin -0.12684005352883032
      no
   (1) can we show that 4 NL 3?
        a. margin 0.10391575027637079
      yes, 34, ags used 26 = 34
      Best assertion(s) require sample: 34

ALTERNATE OUTCOME PAIR: 3,1
   (1) can we show that 7 NL 1?
        a. margin -0.5008436609064989
      no
   (1) can we show that 7 NL 3?
        a. margin -0.162215628090999
      no
   (1) can we show that 4 NL 1?
        a. margin -0.12684005352883032
      no
   (1) can we show that 4 NL 3?
        a. margin 0.10391575027637079
      yes, 34, ags used 26 = 34
      Best assertion(s) require sample: 34

2 ruled out by pairs, sample size 34
STAGE 1 ASN NOW 23
NEW RULE OUT PAIR STAGE ASN 34
------------------------------------------------
FULL audit sample size: 34
------------------------------------------------
Final set of assertions generated:
4 NL 7 = 25 [rules out (3, 7), G = {4, 5}, O = set()]

(0, 'AG', 4, 19)
(0, 'AG', 5, 20)
1 NL 3 = 25 [rules out (3, 4), G = {4, 5}, O = set()]
4 NL 3 = 34 [rules out (3, 1), G = {4, 5, 6}, O = set()]
(3, 'AG', 5, 23)
(3, 'AG', 6, 26)
(3, 'AG', 4, 20)
4 NL 7 = 23 [rules out (7, 1), G = {4, 5}, O = set()]
(0, 'AG', 2, 26)
1 NL 7 = 29 [rules out (7, 4), G = {2, 4, 5}, O = set()]
All winners are verified in audit.
------------------------------------------------
