VALID BALLOTS 4100
53 ballot checks required to assert that first winner has a quota's worth of votes
AUD TV 0.16348897535667964, ss 101
AG*(6,3) = 56
AG*(6,5) = 116
AG*(1,3) = 172
AG*(2,1) = 38
AG*(2,3) = 15
AG*(2,4) = 121
AG*(2,5) = 22
AG*(2,6) = 253
AG*(2,7) = 66
AG*(4,3) = 56
AG*(4,5) = 50
AG*(6,3) = 56
AG*(6,5) = 116
AG*(7,3) = 54
AG*(7,5) = 92
NL(6,5) = 36, AG*'s used 50
NL(6,3) = 53, AG*'s used 54
NL(6,1) NOT POSSIBLE
NL(6,7) NOT POSSIBLE
NL(6,4) NOT POSSIBLE
Max in loop inf, 0.16348897535667964
AUD TV 0.21348897535667966, ss 47
AG*(6,3) = 60
AG*(6,5) = 126
AG*(1,3) = 211
AG*(2,1) = 38
AG*(2,3) = 15
AG*(2,4) = 121
AG*(2,5) = 22
AG*(2,6) = 253
AG*(2,7) = 66
AG*(4,3) = 60
AG*(4,5) = 50
AG*(6,3) = 60
AG*(6,5) = 126
AG*(7,3) = 58
AG*(7,5) = 101
NL(6,5) = 36, AG*'s used 50
NL(6,3) = 56, AG*'s used 58
NL(6,1) NOT POSSIBLE
NL(6,7) NOT POSSIBLE
NL(6,4) NOT POSSIBLE
Max in loop inf, 0.21348897535667966
AUD TV 0.26348897535667964, ss 29
AG*(6,3) = 64
AG*(6,5) = 139
AG*(1,3) = 273
AG*(2,1) = 38
AG*(2,3) = 15
AG*(2,4) = 121
AG*(2,5) = 22
AG*(2,6) = 253
AG*(2,7) = 66
AG*(4,3) = 64
AG*(4,5) = 51
AG*(6,3) = 64
AG*(6,5) = 139
AG*(7,3) = 63
AG*(7,5) = 112
NL(6,5) = 36, AG*'s used 51
NL(6,3) = 59, AG*'s used 63
NL(6,1) NOT POSSIBLE
NL(6,7) NOT POSSIBLE
NL(6,4) NOT POSSIBLE
Max in loop inf, 0.26348897535667964
AUD TV 0.31348897535667963, ss 20
AG*(6,3) = 69
AG*(6,5) = 154
AG*(1,3) = 386
AG*(2,1) = 38
AG*(2,3) = 15
AG*(2,4) = 121
AG*(2,5) = 22
AG*(2,6) = 253
AG*(2,7) = 66
AG*(4,3) = 69
AG*(4,5) = 52
AG*(6,3) = 69
AG*(6,5) = 154
AG*(7,3) = 69
AG*(7,5) = 126
NL(6,5) = 36, AG*'s used 52
NL(6,3) = 53, AG*'s used 69
NL(6,1) NOT POSSIBLE
NL(6,7) NOT POSSIBLE
NL(6,4) NOT POSSIBLE
Max in loop inf, 0.31348897535667963
AUD TV 0.3634889753566796, ss 15
AG*(6,3) = 75
AG*(6,5) = 173
AG*(1,3) = 929
AG*(2,1) = 38
AG*(2,3) = 15
AG*(2,4) = 121
AG*(2,5) = 22
AG*(2,6) = 253
AG*(2,7) = 66
AG*(4,3) = 75
AG*(4,5) = 52
AG*(6,3) = 75
AG*(6,5) = 173
AG*(7,3) = 76
AG*(7,5) = 143
NL(6,5) = 37, AG*'s used 52
NL(6,3) = 58, AG*'s used 75
NL(6,1) NOT POSSIBLE
NL(6,7) NOT POSSIBLE
NL(6,4) NOT POSSIBLE
Max in loop inf, 0.3634889753566796
AUD TV 0.4134889753566796, ss 11
AG*(6,3) = 82
AG*(6,5) = 197
AG*(1,3) = 4100
AG*(2,1) = 38
AG*(2,3) = 15
AG*(2,4) = 121
AG*(2,5) = 22
AG*(2,6) = 253
AG*(2,7) = 66
AG*(4,3) = 81
AG*(4,5) = 53
AG*(6,3) = 82
AG*(6,5) = 197
AG*(7,3) = 85
AG*(7,5) = 166
NL(6,5) = 37, AG*'s used 53
NL(6,3) = 62, AG*'s used 81
NL(6,1) NOT POSSIBLE
NL(6,7) NOT POSSIBLE
NL(6,4) NOT POSSIBLE
Max in loop inf, 0.4134889753566796
AUD TV 0.4634889753566796, ss 9
AG*(6,3) = 90
AG*(6,5) = 229
AG*(2,1) = 38
AG*(2,3) = 15
AG*(2,4) = 121
AG*(2,5) = 22
AG*(2,6) = 253
AG*(2,7) = 66
AG*(4,3) = 90
AG*(4,5) = 53
AG*(6,3) = 90
AG*(6,5) = 229
AG*(7,3) = 96
AG*(7,5) = 199
NL(6,5) = 37, AG*'s used 53
NL(6,3) = 66, AG*'s used 90
NL(6,1) NOT POSSIBLE
NL(6,7) NOT POSSIBLE
NL(6,4) NOT POSSIBLE
Max in loop inf, 0.4634889753566796
AUD TV 0.5134889753566796, ss 7
AG*(6,3) = 100
AG*(6,5) = 273
AG*(2,1) = 38
AG*(2,3) = 15
AG*(2,4) = 121
AG*(2,5) = 22
AG*(2,6) = 253
AG*(2,7) = 66
AG*(4,3) = 99
AG*(4,5) = 54
AG*(6,3) = 100
AG*(6,5) = 273
AG*(7,3) = 110
AG*(7,5) = 246
NL(6,5) = 37, AG*'s used 54
NL(6,3) = 71, AG*'s used 99
NL(6,1) NOT POSSIBLE
NL(6,7) NOT POSSIBLE
NL(6,4) NOT POSSIBLE
Max in loop inf, 0.5134889753566796
AUD TV 0.5634889753566796, ss 5
AG*(6,3) = 112
AG*(6,5) = 339
AG*(2,1) = 38
AG*(2,3) = 15
AG*(2,4) = 121
AG*(2,5) = 22
AG*(2,6) = 253
AG*(2,7) = 66
AG*(4,3) = 111
AG*(4,5) = 55
AG*(6,3) = 112
AG*(6,5) = 339
AG*(7,3) = 129
AG*(7,5) = 323
NL(6,5) = 37, AG*'s used 55
NL(6,3) = 76, AG*'s used 111
NL(6,1) NOT POSSIBLE
NL(6,7) NOT POSSIBLE
NL(6,4) NOT POSSIBLE
Max in loop inf, 0.5634889753566796
AUD TV 0.6134889753566797, ss 4
AG*(6,3) = 128
AG*(6,5) = 508
AG*(2,1) = 38
AG*(2,3) = 15
AG*(2,4) = 121
AG*(2,5) = 22
AG*(2,6) = 253
AG*(2,7) = 66
AG*(4,3) = 127
AG*(4,5) = 55
AG*(6,3) = 128
AG*(6,5) = 508
AG*(7,3) = 156
AG*(7,5) = 535
NL(6,5) = 38, AG*'s used 55
NL(6,3) = 82, AG*'s used 127
NL(6,1) NOT POSSIBLE
NL(6,7) NOT POSSIBLE
NL(6,4) NOT POSSIBLE
Max in loop inf, 0.6134889753566797
AUD TV 0.6634889753566797, ss 3
AG*(6,3) = 148
AG*(6,5) = 918
AG*(2,1) = 38
AG*(2,3) = 15
AG*(2,4) = 121
AG*(2,5) = 22
AG*(2,6) = 253
AG*(2,7) = 66
AG*(4,3) = 147
AG*(4,5) = 56
AG*(6,3) = 148
AG*(6,5) = 918
AG*(7,3) = 197
AG*(7,5) = 1321
NL(6,5) = 38, AG*'s used 56
NL(6,3) = 89, AG*'s used 147
NL(6,1) NOT POSSIBLE
NL(6,7) NOT POSSIBLE
NL(6,4) NOT POSSIBLE
Max in loop inf, 0.6634889753566797
Sample size to show min tv of 0.05674448767833982 is 100
AUD TV 0.16348897535667964, ss 101
AG*(6,3) = 55
AG*(6,5) = 108
AG*(1,3) = 150
AG*(2,1) = 38
AG*(2,3) = 15
AG*(2,4) = 121
AG*(2,5) = 22
AG*(2,6) = 253
AG*(2,7) = 66
AG*(4,3) = 54
AG*(4,5) = 48
AG*(6,3) = 55
AG*(6,5) = 108
AG*(7,3) = 54
AG*(7,5) = 91
NL(6,5) = 35, AG*'s used 48
NL(6,3) = 45, AG*'s used 54
NL(6,1) NOT POSSIBLE
NL(6,7) NOT POSSIBLE
NL(6,4) NOT POSSIBLE
Max in loop inf, 0.16348897535667964
AUD TV 0.21348897535667966, ss 47
AG*(6,3) = 58
AG*(6,5) = 117
AG*(1,3) = 179
AG*(2,1) = 38
AG*(2,3) = 15
AG*(2,4) = 121
AG*(2,5) = 22
AG*(2,6) = 253
AG*(2,7) = 66
AG*(4,3) = 57
AG*(4,5) = 48
AG*(6,3) = 58
AG*(6,5) = 117
AG*(7,3) = 58
AG*(7,5) = 100
NL(6,5) = 35, AG*'s used 48
NL(6,3) = 48, AG*'s used 57
NL(6,1) NOT POSSIBLE
NL(6,7) NOT POSSIBLE
NL(6,4) NOT POSSIBLE
Max in loop inf, 0.21348897535667966
AUD TV 0.26348897535667964, ss 29
AG*(6,3) = 62
AG*(6,5) = 128
AG*(1,3) = 222
AG*(2,1) = 38
AG*(2,3) = 15
AG*(2,4) = 121
AG*(2,5) = 22
AG*(2,6) = 253
AG*(2,7) = 66
AG*(4,3) = 61
AG*(4,5) = 49
AG*(6,3) = 62
AG*(6,5) = 128
AG*(7,3) = 63
AG*(7,5) = 111
NL(6,5) = 35, AG*'s used 49
NL(6,3) = 51, AG*'s used 61
NL(6,1) NOT POSSIBLE
NL(6,7) NOT POSSIBLE
NL(6,4) NOT POSSIBLE
Max in loop inf, 0.26348897535667964
AUD TV 0.31348897535667963, ss 20
AG*(6,3) = 67
AG*(6,5) = 141
AG*(1,3) = 292
AG*(2,1) = 38
AG*(2,3) = 15
AG*(2,4) = 121
AG*(2,5) = 22
AG*(2,6) = 253
AG*(2,7) = 66
AG*(4,3) = 65
AG*(4,5) = 49
AG*(6,3) = 67
AG*(6,5) = 141
AG*(7,3) = 69
AG*(7,5) = 124
NL(6,5) = 36, AG*'s used 49
NL(6,3) = 53, AG*'s used 65
NL(6,1) NOT POSSIBLE
NL(6,7) NOT POSSIBLE
NL(6,4) NOT POSSIBLE
Max in loop inf, 0.31348897535667963
AUD TV 0.3634889753566796, ss 15
AG*(6,3) = 72
AG*(6,5) = 156
AG*(1,3) = 425
AG*(2,1) = 38
AG*(2,3) = 15
AG*(2,4) = 121
AG*(2,5) = 22
AG*(2,6) = 253
AG*(2,7) = 66
AG*(4,3) = 70
AG*(4,5) = 50
AG*(6,3) = 72
AG*(6,5) = 156
AG*(7,3) = 76
AG*(7,5) = 141
NL(6,5) = 36, AG*'s used 50
NL(6,3) = 56, AG*'s used 70
NL(6,1) NOT POSSIBLE
NL(6,7) NOT POSSIBLE
NL(6,4) NOT POSSIBLE
Max in loop inf, 0.3634889753566796
AUD TV 0.4134889753566796, ss 11
AG*(6,3) = 78
AG*(6,5) = 176
AG*(1,3) = 1205
AG*(2,1) = 38
AG*(2,3) = 15
AG*(2,4) = 121
AG*(2,5) = 22
AG*(2,6) = 253
AG*(2,7) = 66
AG*(4,3) = 76
AG*(4,5) = 50
AG*(6,3) = 78
AG*(6,5) = 176
AG*(7,3) = 84
AG*(7,5) = 164
NL(6,5) = 36, AG*'s used 50
NL(6,3) = 60, AG*'s used 76
NL(6,1) NOT POSSIBLE
NL(6,7) NOT POSSIBLE
NL(6,4) NOT POSSIBLE
Max in loop inf, 0.4134889753566796
AUD TV 0.4634889753566796, ss 9
AG*(6,3) = 85
AG*(6,5) = 201
AG*(1,3) = 4100
AG*(2,1) = 38
AG*(2,3) = 15
AG*(2,4) = 121
AG*(2,5) = 22
AG*(2,6) = 253
AG*(2,7) = 66
AG*(4,3) = 83
AG*(4,5) = 51
AG*(6,3) = 85
AG*(6,5) = 201
AG*(7,3) = 95
AG*(7,5) = 195
NL(6,5) = 36, AG*'s used 51
NL(6,3) = 63, AG*'s used 83
NL(6,1) NOT POSSIBLE
NL(6,7) NOT POSSIBLE
NL(6,4) NOT POSSIBLE
Max in loop inf, 0.4634889753566796
AUD TV 0.5134889753566796, ss 7
AG*(6,3) = 94
AG*(6,5) = 234
AG*(2,1) = 38
AG*(2,3) = 15
AG*(2,4) = 121
AG*(2,5) = 22
AG*(2,6) = 253
AG*(2,7) = 66
AG*(4,3) = 91
AG*(4,5) = 52
AG*(6,3) = 94
AG*(6,5) = 234
AG*(7,3) = 109
AG*(7,5) = 240
NL(6,5) = 36, AG*'s used 52
NL(6,3) = 68, AG*'s used 91
NL(6,1) NOT POSSIBLE
NL(6,7) NOT POSSIBLE
NL(6,4) NOT POSSIBLE
Max in loop inf, 0.5134889753566796
AUD TV 0.5634889753566796, ss 5
AG*(6,3) = 105
AG*(6,5) = 281
AG*(2,1) = 38
AG*(2,3) = 15
AG*(2,4) = 121
AG*(2,5) = 22
AG*(2,6) = 253
AG*(2,7) = 66
AG*(4,3) = 102
AG*(4,5) = 52
AG*(6,3) = 105
AG*(6,5) = 281
AG*(7,3) = 127
AG*(7,5) = 313
NL(6,5) = 37, AG*'s used 52
NL(6,3) = 73, AG*'s used 102
NL(6,1) NOT POSSIBLE
NL(6,7) NOT POSSIBLE
NL(6,4) NOT POSSIBLE
Max in loop inf, 0.5634889753566796
AUD TV 0.6134889753566797, ss 4
AG*(6,3) = 118
AG*(6,5) = 350
AG*(2,1) = 38
AG*(2,3) = 15
AG*(2,4) = 121
AG*(2,5) = 22
AG*(2,6) = 253
AG*(2,7) = 66
AG*(4,3) = 114
AG*(4,5) = 53
AG*(6,3) = 118
AG*(6,5) = 350
AG*(7,3) = 154
AG*(7,5) = 511
NL(6,5) = 37, AG*'s used 53
NL(6,3) = 78, AG*'s used 114
NL(6,1) NOT POSSIBLE
NL(6,7) NOT POSSIBLE
NL(6,4) NOT POSSIBLE
Max in loop inf, 0.6134889753566797
AUD TV 0.6634889753566797, ss 3
AG*(6,3) = 136
AG*(6,5) = 531
AG*(2,1) = 38
AG*(2,3) = 15
AG*(2,4) = 121
AG*(2,5) = 22
AG*(2,6) = 253
AG*(2,7) = 66
AG*(4,3) = 131
AG*(4,5) = 53
AG*(6,3) = 136
AG*(6,5) = 531
AG*(7,3) = 193
AG*(7,5) = 1218
NL(6,5) = 37, AG*'s used 53
NL(6,3) = 85, AG*'s used 131
NL(6,1) NOT POSSIBLE
NL(6,7) NOT POSSIBLE
NL(6,4) NOT POSSIBLE
Max in loop inf, 0.6634889753566797
New mintv = 0.10674448767833983
Sample size to show min tv of 0.10674448767833983 is 1173
AUD TV 0.16348897535667964, ss 101
AG*(6,3) = 53
AG*(6,5) = 102
AG*(1,3) = 135
AG*(2,1) = 38
AG*(2,3) = 15
AG*(2,4) = 121
AG*(2,5) = 22
AG*(2,6) = 253
AG*(2,7) = 66
AG*(4,3) = 51
AG*(4,5) = 46
AG*(6,3) = 53
AG*(6,5) = 102
AG*(7,3) = 53
AG*(7,5) = 90
NL(6,5) = 34, AG*'s used 46
NL(6,3) = 45, AG*'s used 51
NL(6,1) NOT POSSIBLE
NL(6,7) NOT POSSIBLE
NL(6,4) NOT POSSIBLE
Max in loop inf, 0.16348897535667964
AUD TV 0.21348897535667966, ss 47
AG*(6,3) = 56
AG*(6,5) = 110
AG*(1,3) = 158
AG*(2,1) = 38
AG*(2,3) = 15
AG*(2,4) = 121
AG*(2,5) = 22
AG*(2,6) = 253
AG*(2,7) = 66
AG*(4,3) = 55
AG*(4,5) = 47
AG*(6,3) = 56
AG*(6,5) = 110
AG*(7,3) = 57
AG*(7,5) = 99
NL(6,5) = 35, AG*'s used 47
NL(6,3) = 47, AG*'s used 55
NL(6,1) NOT POSSIBLE
NL(6,7) NOT POSSIBLE
NL(6,4) NOT POSSIBLE
Max in loop inf, 0.21348897535667966
AUD TV 0.26348897535667964, ss 29
AG*(6,3) = 60
AG*(6,5) = 120
AG*(1,3) = 191
AG*(2,1) = 38
AG*(2,3) = 15
AG*(2,4) = 121
AG*(2,5) = 22
AG*(2,6) = 253
AG*(2,7) = 66
AG*(4,3) = 58
AG*(4,5) = 47
AG*(6,3) = 60
AG*(6,5) = 120
AG*(7,3) = 62
AG*(7,5) = 110
NL(6,5) = 35, AG*'s used 47
NL(6,3) = 49, AG*'s used 58
NL(6,1) NOT POSSIBLE
NL(6,7) NOT POSSIBLE
NL(6,4) NOT POSSIBLE
Max in loop inf, 0.26348897535667964
AUD TV 0.31348897535667963, ss 20
AG*(6,3) = 64
AG*(6,5) = 131
AG*(1,3) = 240
AG*(2,1) = 38
AG*(2,3) = 15
AG*(2,4) = 121
AG*(2,5) = 22
AG*(2,6) = 253
AG*(2,7) = 66
AG*(4,3) = 62
AG*(4,5) = 48
AG*(6,3) = 64
AG*(6,5) = 131
AG*(7,3) = 68
AG*(7,5) = 123
NL(6,5) = 35, AG*'s used 48
NL(6,3) = 52, AG*'s used 62
NL(6,1) NOT POSSIBLE
NL(6,7) NOT POSSIBLE
NL(6,4) NOT POSSIBLE
Max in loop inf, 0.31348897535667963
AUD TV 0.3634889753566796, ss 15
AG*(6,3) = 69
AG*(6,5) = 144
AG*(1,3) = 324
AG*(2,1) = 38
AG*(2,3) = 15
AG*(2,4) = 121
AG*(2,5) = 22
AG*(2,6) = 253
AG*(2,7) = 66
AG*(4,3) = 67
AG*(4,5) = 48
AG*(6,3) = 69
AG*(6,5) = 144
AG*(7,3) = 75
AG*(7,5) = 140
NL(6,5) = 35, AG*'s used 48
NL(6,3) = 55, AG*'s used 67
NL(6,1) NOT POSSIBLE
NL(6,7) NOT POSSIBLE
NL(6,4) NOT POSSIBLE
Max in loop inf, 0.3634889753566796
AUD TV 0.4134889753566796, ss 11
AG*(6,3) = 75
AG*(6,5) = 161
AG*(1,3) = 567
AG*(2,1) = 38
AG*(2,3) = 15
AG*(2,4) = 121
AG*(2,5) = 22
AG*(2,6) = 253
AG*(2,7) = 66
AG*(4,3) = 72
AG*(4,5) = 49
AG*(6,3) = 75
AG*(6,5) = 161
AG*(7,3) = 83
AG*(7,5) = 161
NL(6,5) = 35, AG*'s used 49
NL(6,3) = 58, AG*'s used 72
NL(6,1) NOT POSSIBLE
NL(6,7) NOT POSSIBLE
NL(6,4) NOT POSSIBLE
Max in loop inf, 0.4134889753566796
AUD TV 0.4634889753566796, ss 9
AG*(6,3) = 81
AG*(6,5) = 181
AG*(1,3) = 1748
AG*(2,1) = 38
AG*(2,3) = 15
AG*(2,4) = 121
AG*(2,5) = 22
AG*(2,6) = 253
AG*(2,7) = 66
AG*(4,3) = 78
AG*(4,5) = 49
AG*(6,3) = 81
AG*(6,5) = 181
AG*(7,3) = 94
AG*(7,5) = 191
NL(6,5) = 36, AG*'s used 49
NL(6,3) = 61, AG*'s used 78
NL(6,1) NOT POSSIBLE
NL(6,7) NOT POSSIBLE
NL(6,4) NOT POSSIBLE
Max in loop inf, 0.4634889753566796
AUD TV 0.5134889753566796, ss 7
AG*(6,3) = 89
AG*(6,5) = 208
AG*(2,1) = 38
AG*(2,3) = 15
AG*(2,4) = 121
AG*(2,5) = 22
AG*(2,6) = 253
AG*(2,7) = 66
AG*(4,3) = 85
AG*(4,5) = 50
AG*(6,3) = 89
AG*(6,5) = 208
AG*(7,3) = 108
AG*(7,5) = 235
NL(6,5) = 36, AG*'s used 50
NL(6,3) = 65, AG*'s used 85
NL(6,1) NOT POSSIBLE
NL(6,7) NOT POSSIBLE
NL(6,4) NOT POSSIBLE
Max in loop inf, 0.5134889753566796
AUD TV 0.5634889753566796, ss 5
AG*(6,3) = 99
AG*(6,5) = 244
AG*(2,1) = 38
AG*(2,3) = 15
AG*(2,4) = 121
AG*(2,5) = 22
AG*(2,6) = 253
AG*(2,7) = 66
AG*(4,3) = 94
AG*(4,5) = 50
AG*(6,3) = 99
AG*(6,5) = 244
AG*(7,3) = 126
AG*(7,5) = 304
NL(6,5) = 36, AG*'s used 50
NL(6,3) = 70, AG*'s used 94
NL(6,1) NOT POSSIBLE
NL(6,7) NOT POSSIBLE
NL(6,4) NOT POSSIBLE
Max in loop inf, 0.5634889753566796
AUD TV 0.6134889753566797, ss 4
AG*(6,3) = 111
AG*(6,5) = 294
AG*(2,1) = 38
AG*(2,3) = 15
AG*(2,4) = 121
AG*(2,5) = 22
AG*(2,6) = 253
AG*(2,7) = 66
AG*(4,3) = 105
AG*(4,5) = 51
AG*(6,3) = 111
AG*(6,5) = 294
AG*(7,3) = 152
AG*(7,5) = 431
NL(6,5) = 36, AG*'s used 51
NL(6,3) = 75, AG*'s used 105
NL(6,1) NOT POSSIBLE
NL(6,7) NOT POSSIBLE
NL(6,4) NOT POSSIBLE
Max in loop inf, 0.6134889753566797
AUD TV 0.6634889753566797, ss 3
AG*(6,3) = 127
AG*(6,5) = 372
AG*(2,1) = 38
AG*(2,3) = 15
AG*(2,4) = 121
AG*(2,5) = 22
AG*(2,6) = 253
AG*(2,7) = 66
AG*(4,3) = 119
AG*(4,5) = 51
AG*(6,3) = 127
AG*(6,5) = 372
AG*(7,3) = 190
AG*(7,5) = 1139
NL(6,5) = 36, AG*'s used 51
NL(6,3) = 81, AG*'s used 119
NL(6,1) NOT POSSIBLE
NL(6,7) NOT POSSIBLE
NL(6,4) NOT POSSIBLE
Max in loop inf, 0.6634889753566797
New mintv = 0.15674448767833982
Sample size required for audit is inf ballots
------------------------------------------------
Assertion set BEFORE filtering:
(3, 'AG', 2, 119)
(5, 'NL', 4, 51)
(3, 'AG', 4, 51)
(6, 'AG', 4, 1139)
(0, 'AG', 2, 1748)
(1, 'LT', None, (0.10674448767833983, 1173))
(6, 'AG', 2, 190)
(5, 'AG*', 2, 127)
(5, 'AG*', 4, 372)
(1, 'QT', None, 53)
(5, 'NL', 2, 119)
(1, 'MT', None, (0.6634889753566797, 3))
------------------------------------------------
Final set of assertions AFTER filtering:
(3, 'AG', 2, 119)
(5, 'NL', 4, 51)
(3, 'AG', 4, 51)
(6, 'AG', 4, 1139)
(0, 'AG', 2, 1748)
(1, 'LT', None, (0.10674448767833983, 1173))
(6, 'AG', 2, 190)
(5, 'AG*', 2, 127)
(5, 'AG*', 4, 372)
(1, 'QT', None, 53)
(5, 'NL', 2, 119)
(1, 'MT', None, (0.6634889753566797, 3))
------------------------------------------------
Explanations for AG* inclusion:
   Explanation for (3, 'AG', 2, 119): []
   Explanation for (3, 'AG', 4, 51): []
   Explanation for (6, 'AG', 4, 1139): []
   Explanation for (0, 'AG', 2, 1748): []
   Explanation for (6, 'AG', 2, 190): []
   Explanation for (5, 'AG*', 2, 127): []
   Explanation for (5, 'AG*', 4, 372): []
------------------------------------------------
