VALID BALLOTS 4921
Winner 1
Winner 6
Computing AG relationships
1 AG 2 = 80
1 AG 7 = 81
1 AG 3 = 36
1 AG 4 = 96
1 AG 5 = 114
6 AG 2 = 35
6 AG 7 = 60
6 AG 4 = 46
Ruling out candidates: [(2, 80), (7, 81), (4, 96)]
STAGE 1 ASN (Ruling out candidates): 96
ALTERNATE OUTCOME PAIR: 3,1
   (1) can we show that 6 NL 1?
        a. margin -0.05662805662805592
      no
   (1) can we show that 6 NL 3?
        a. margin 0.009279956648377441
      yes, 108, ags used 60 = 108
   (1) can we show that 5 NL 1?
        a. margin -0.27352164194269435
      no
   (1) can we show that 5 NL 3?
        a. margin -0.1700196437038537
      no
      Best assertion(s) require sample: 108

ALTERNATE OUTCOME PAIR: 3,6
   (1) can we show that 1 NL 6?
        a. margin -0.05906658538237475
      no
   (1) can we show that 1 NL 3?
        a. margin 0.13574476732371443
      yes, 33, ags used 0 = 33
   (1) can we show that 5 NL 6?
        a. margin -0.3033936191830927
      no
   (1) can we show that 5 NL 3?
        a. margin 0.018695387116440143
      yes, 242, ags used 36 = 242
      Best assertion(s) require sample: 33

ALTERNATE OUTCOME PAIR: 3,5
   (1) can we show that 1 NL 5?
        a. margin 0.04260651629072698
      yes, 83, ags used 81 = 83
   (1) can we show that 1 NL 3?
        a. margin 0.13405134457766033
      yes, 34, ags used 0 = 34
   (1) can we show that 6 NL 5?
        a. margin 0.024791709002235818
      yes, 21, ags used 114 = 114
   (1) can we show that 6 NL 3?
        a. margin 0.16758111494953654
      yes, 27, ags used 36 = 36
      Best assertion(s) require sample: 34

ALTERNATE OUTCOME PAIR: 1,5
   (1) can we show that 3 NL 5?
        a. margin -0.17835128361444152
      no
   (1) can we show that 3 NL 1?
        a. margin -0.30495156810946233
      no
   (1) can we show that 6 NL 5?
        a. margin 0.02838176522387048
      yes, 74, ags used 60 = 74
   (1) can we show that 6 NL 1?
        a. margin -0.06177606177606143
      no
      Best assertion(s) require sample: 74

ALTERNATE OUTCOME PAIR: 6,5
   (1) can we show that 3 NL 5?
        a. margin -0.12897107633949711
      no
   (1) can we show that 3 NL 6?
        a. margin -0.3335365440628595
      no
   (1) can we show that 1 NL 5?
        a. margin 0.06272437851385226
      yes, 34, ags used 36 = 36
   (1) can we show that 1 NL 6?
        a. margin -0.023911129174286727
      no
      Best assertion(s) require sample: 36

RULE OUT PAIR STAGE ASN 108
------------------------------------------------
FULL audit sample size: 108
------------------------------------------------
Final set of assertions generated:
(5, 'AG', 6, 60)
(0, 'AG', 1, 80)
1 NL 5 = 36 [rules out (6, 5), G = {2}, O = set()]

1 NL 3 = 33 [rules out (3, 6), G = set(), O = set()]
1 NL 3 = 34 [rules out (3, 5), G = set(), O = set()]
6 NL 3 = 108 [rules out (3, 1), G = {1, 3, 6}, O = set()]
6 NL 5 = 74 [rules out (1, 5), G = {1, 3, 6}, O = set()]

(5, 'AG', 3, 46)
(0, 'AG', 2, 36)
(0, 'AG', 3, 96)
(0, 'AG', 6, 81)
(5, 'AG', 1, 35)
All winners are verified in audit.
------------------------------------------------
