VALID BALLOTS 5260
2624 ballot checks required to assert that first winner has a quota's worth of votes
AUD TV 0.05454029511918275, ss 129
AG*(1,5) = 27
AG*(1,6) = 81
AG*(1,7) = 30
AG*(1,8) = 39
AG*(1,5) = 27
AG*(1,6) = 81
AG*(1,7) = 30
AG*(1,8) = 39
AG*(2,5) = 73
AG*(2,7) = 139
AG*(3,2) = 193
AG*(3,4) = 128
AG*(3,5) = 19
AG*(3,6) = 45
AG*(3,7) = 20
AG*(3,8) = 127
AG*(4,5) = 31
AG*(4,6) = 188
AG*(4,7) = 56
NL(1,5) = 27, AG*'s used 0
NL(1,7) = 30, AG*'s used 27
NL(1,8) = 38, AG*'s used 30
NL(1,6) = 48, AG*'s used 39
NL(1,2) = 103, AG*'s used 81
NL(1,4) = 194, AG*'s used 81
Max in loop 2624, 0.05454029511918275
AUD TV 0.10454029511918275, ss 61
AG*(1,5) = 27
AG*(1,6) = 86
AG*(1,7) = 32
AG*(1,8) = 40
AG*(1,5) = 27
AG*(1,6) = 86
AG*(1,7) = 32
AG*(1,8) = 40
AG*(2,5) = 74
AG*(2,7) = 180
AG*(3,2) = 193
AG*(3,4) = 128
AG*(3,5) = 19
AG*(3,6) = 45
AG*(3,7) = 20
AG*(3,8) = 127
AG*(4,5) = 31
AG*(4,6) = 232
AG*(4,7) = 62
NL(1,5) = 27, AG*'s used 0
NL(1,7) = 32, AG*'s used 27
NL(1,8) = 39, AG*'s used 32
NL(1,6) = 50, AG*'s used 40
NL(1,2) = 114, AG*'s used 86
NL(1,4) = 199, AG*'s used 86
Max in loop 2624, 0.10454029511918275
AUD TV 0.15454029511918277, ss 38
AG*(1,5) = 27
AG*(1,6) = 92
AG*(1,7) = 34
AG*(1,8) = 41
AG*(1,5) = 27
AG*(1,6) = 92
AG*(1,7) = 34
AG*(1,8) = 41
AG*(2,5) = 74
AG*(2,7) = 255
AG*(3,2) = 193
AG*(3,4) = 128
AG*(3,5) = 19
AG*(3,6) = 45
AG*(3,7) = 20
AG*(3,8) = 127
AG*(4,5) = 32
AG*(4,6) = 302
AG*(4,7) = 70
NL(1,5) = 27, AG*'s used 0
NL(1,7) = 33, AG*'s used 27
NL(1,8) = 40, AG*'s used 34
NL(1,6) = 52, AG*'s used 41
NL(1,2) = 127, AG*'s used 92
NL(1,4) = 205, AG*'s used 92
Max in loop 2624, 0.15454029511918277
AUD TV 0.20454029511918276, ss 27
AG*(1,5) = 27
AG*(1,6) = 99
AG*(1,7) = 35
AG*(1,8) = 42
AG*(1,5) = 27
AG*(1,6) = 99
AG*(1,7) = 35
AG*(1,8) = 42
AG*(2,5) = 75
AG*(2,7) = 498
AG*(3,2) = 193
AG*(3,4) = 128
AG*(3,5) = 19
AG*(3,6) = 45
AG*(3,7) = 20
AG*(3,8) = 127
AG*(4,5) = 32
AG*(4,6) = 492
AG*(4,7) = 81
NL(1,5) = 27, AG*'s used 0
NL(1,7) = 35, AG*'s used 27
NL(1,8) = 41, AG*'s used 35
NL(1,6) = 55, AG*'s used 42
NL(1,2) = 144, AG*'s used 99
NL(1,4) = 211, AG*'s used 99
Max in loop 2624, 0.20454029511918276
AUD TV 0.25454029511918275, ss 20
AG*(1,5) = 27
AG*(1,6) = 108
AG*(1,7) = 38
AG*(1,8) = 43
AG*(1,5) = 27
AG*(1,6) = 108
AG*(1,7) = 38
AG*(1,8) = 43
AG*(2,5) = 76
AG*(2,7) = 3001
AG*(3,2) = 193
AG*(3,4) = 128
AG*(3,5) = 19
AG*(3,6) = 45
AG*(3,7) = 20
AG*(3,8) = 127
AG*(4,5) = 33
AG*(4,6) = 1064
AG*(4,7) = 95
NL(1,5) = 27, AG*'s used 0
NL(1,7) = 37, AG*'s used 27
NL(1,8) = 42, AG*'s used 38
NL(1,6) = 57, AG*'s used 43
NL(1,2) = 165, AG*'s used 108
NL(1,4) = 217, AG*'s used 108
Max in loop 2624, 0.25454029511918275
AUD TV 0.30454029511918274, ss 15
AG*(1,5) = 27
AG*(1,6) = 117
AG*(1,7) = 40
AG*(1,8) = 45
AG*(1,5) = 27
AG*(1,6) = 117
AG*(1,7) = 40
AG*(1,8) = 45
AG*(2,5) = 77
AG*(3,2) = 193
AG*(3,4) = 128
AG*(3,5) = 19
AG*(3,6) = 45
AG*(3,7) = 20
AG*(3,8) = 127
AG*(4,5) = 33
AG*(4,6) = 5260
AG*(4,7) = 114
NL(1,5) = 27, AG*'s used 0
NL(1,7) = 40, AG*'s used 27
NL(1,8) = 43, AG*'s used 40
NL(1,6) = 60, AG*'s used 45
NL(1,2) = 194, AG*'s used 117
NL(1,4) = 224, AG*'s used 117
Max in loop 2624, 0.30454029511918274
AUD TV 0.3545402951191827, ss 12
AG*(1,5) = 28
AG*(1,6) = 129
AG*(1,7) = 43
AG*(1,8) = 46
AG*(1,5) = 28
AG*(1,6) = 129
AG*(1,7) = 43
AG*(1,8) = 46
AG*(2,5) = 77
AG*(3,2) = 193
AG*(3,4) = 128
AG*(3,5) = 19
AG*(3,6) = 45
AG*(3,7) = 20
AG*(3,8) = 127
AG*(4,5) = 33
AG*(4,7) = 145
NL(1,5) = 28, AG*'s used 0
NL(1,7) = 43, AG*'s used 28
NL(1,8) = 44, AG*'s used 43
NL(1,6) = 63, AG*'s used 46
NL(1,2) = 235, AG*'s used 129
NL(1,4) = 231, AG*'s used 129
Max in loop 2624, 0.3545402951191827
AUD TV 0.4045402951191827, ss 10
AG*(1,5) = 28
AG*(1,6) = 143
AG*(1,7) = 46
AG*(1,8) = 47
AG*(1,5) = 28
AG*(1,6) = 143
AG*(1,7) = 46
AG*(1,8) = 47
AG*(2,5) = 78
AG*(3,2) = 193
AG*(3,4) = 128
AG*(3,5) = 19
AG*(3,6) = 45
AG*(3,7) = 20
AG*(3,8) = 127
AG*(4,5) = 34
AG*(4,7) = 196
NL(1,5) = 28, AG*'s used 0
NL(1,7) = 46, AG*'s used 28
NL(1,8) = 46, AG*'s used 46
NL(1,6) = 66, AG*'s used 47
NL(1,2) = 298, AG*'s used 143
NL(1,4) = 239, AG*'s used 143
Max in loop 2624, 0.4045402951191827
AUD TV 0.4545402951191827, ss 8
AG*(1,5) = 28
AG*(1,6) = 161
AG*(1,7) = 50
AG*(1,8) = 49
AG*(1,5) = 28
AG*(1,6) = 161
AG*(1,7) = 50
AG*(1,8) = 49
AG*(2,5) = 79
AG*(3,2) = 193
AG*(3,4) = 128
AG*(3,5) = 19
AG*(3,6) = 45
AG*(3,7) = 20
AG*(3,8) = 127
AG*(4,5) = 34
AG*(4,7) = 306
NL(1,5) = 28, AG*'s used 0
NL(1,7) = 37, AG*'s used 49
NL(1,8) = 48, AG*'s used 28
NL(1,6) = 69, AG*'s used 50
NL(1,2) = 464, AG*'s used 161
NL(1,4) = 247, AG*'s used 161
Max in loop 2624, 0.4545402951191827
AUD TV 0.5045402951191827, ss 6
AG*(1,5) = 28
AG*(1,6) = 183
AG*(1,7) = 54
AG*(1,8) = 50
AG*(1,5) = 28
AG*(1,6) = 183
AG*(1,7) = 54
AG*(1,8) = 50
AG*(2,5) = 80
AG*(3,2) = 193
AG*(3,4) = 128
AG*(3,5) = 19
AG*(3,6) = 45
AG*(3,7) = 20
AG*(3,8) = 127
AG*(4,5) = 35
AG*(4,7) = 876
NL(1,5) = 28, AG*'s used 0
NL(1,7) = 39, AG*'s used 50
NL(1,8) = 50, AG*'s used 28
NL(1,6) = 73, AG*'s used 54
NL(1,2) = 818, AG*'s used 183
NL(1,4) = 256, AG*'s used 183
Max in loop 2624, 0.5045402951191827
AUD TV 0.5545402951191828, ss 5
AG*(1,5) = 28
AG*(1,6) = 213
AG*(1,7) = 59
AG*(1,8) = 52
AG*(1,5) = 28
AG*(1,6) = 213
AG*(1,7) = 59
AG*(1,8) = 52
AG*(2,5) = 81
AG*(3,2) = 193
AG*(3,4) = 128
AG*(3,5) = 19
AG*(3,6) = 45
AG*(3,7) = 20
AG*(3,8) = 127
AG*(4,5) = 35
NL(1,5) = 28, AG*'s used 0
NL(1,7) = 42, AG*'s used 52
NL(1,8) = 51, AG*'s used 28
NL(1,6) = 78, AG*'s used 59
NL(1,2) = 3009, AG*'s used 213
NL(1,4) = 265, AG*'s used 213
Max in loop 3009, 0.5545402951191828
Breaking out of inner loop 3009 > 2624
Sample size to show min tv of 0.0022701475595913734 is 5260
Sample size required for audit is 2624 ballots
------------------------------------------------
Assertion set BEFORE filtering:
(2, 'MT', None, (0.5045402951191827, 6))
(0, 'NL', 6, 50)
(0, 'NL', 7, 50)
(0, 'NL', 4, 28)
(0, 'NL', 3, 256)
(0, 'NL', 1, 818)
(0, 'NL', 5, 73)
(0, 'AG*', 4, 28)
(0, 'AG*', 6, 54)
(2, 'QT', None, 2624)
(0, 'AG*', 7, 50)
(0, 'AG*', 5, 183)
------------------------------------------------
Final set of assertions AFTER filtering:
(2, 'MT', None, (0.5045402951191827, 6))
(0, 'NL', 6, 50)
(0, 'NL', 7, 50)
(0, 'NL', 4, 28)
(0, 'NL', 3, 256)
(0, 'NL', 1, 818)
(0, 'NL', 5, 73)
(0, 'AG*', 4, 28)
(0, 'AG*', 6, 54)
(2, 'QT', None, 2624)
(0, 'AG*', 7, 50)
(0, 'AG*', 5, 183)
------------------------------------------------
Explanations for AG* inclusion:
   Explanation for (0, 'AG*', 4, 28): []
   Explanation for (0, 'AG*', 6, 54): []
   Explanation for (0, 'AG*', 7, 50): []
   Explanation for (0, 'AG*', 5, 183): []
------------------------------------------------
