VALID BALLOTS 4832
Winner 6
Winner 2
Computing AG relationships
1 AG 3 = 137
4 AG 3 = 53
6 AG 3 = 28
5 AG 3 = 37
2 AG 3 = 30
Ruling out candidates: [(3, 30)]
STAGE 1 ASN (Ruling out candidates): 30
ALTERNATE OUTCOME PAIR: 1,4
   (1) can we show that 6 NL 4?
        a. margin -0.01897075055187647
      no
   (1) can we show that 6 NL 1?
        a. margin -0.13189845474613682
      no
   (1) can we show that 5 NL 4?
        a. margin -0.24330849889624728
      no
   (1) can we show that 5 NL 1?
        a. margin -0.09147350993377479
      no
   (1) can we show that 2 NL 4?
        a. margin -0.19619205298013231
      no
   (1) can we show that 2 NL 1?
        a. margin -0.03856236203090524
      no

ALTERNATE OUTCOME PAIR: 1,6
   (1) can we show that 4 NL 6?
        a. margin -0.1667356512141278
      no
   (1) can we show that 4 NL 1?
        a. margin -0.21371412803532008
      no
   (1) can we show that 5 NL 6?
        a. margin -0.2534492273730684
      no
   (1) can we show that 5 NL 1?
        a. margin -0.08471302428256067
      no
   (1) can we show that 2 NL 6?
        a. margin -0.21502483443708598
      no
   (1) can we show that 2 NL 1?
        a. margin -0.03504415011037498
      no

ALTERNATE OUTCOME PAIR: 1,5
   (1) can we show that 4 NL 5?
        a. margin -0.17197847682119194
      no
   (1) can we show that 4 NL 1?
        a. margin -0.1699779249448118
      no
   (1) can we show that 6 NL 5?
        a. margin -0.09368101545253871
      no
   (1) can we show that 6 NL 1?
        a. margin -0.08733443708609234
      no
   (1) can we show that 2 NL 5?
        a. margin -0.053807947019867686
      no
   (1) can we show that 2 NL 1?
        a. margin -0.017315121412803225
      no

ALTERNATE OUTCOME PAIR: 1,2
   (1) can we show that 4 NL 2?
        a. margin -0.2548979028697572
      no
   (1) can we show that 4 NL 1?
        a. margin -0.17673841059602602
      no
   (1) can we show that 6 NL 2?
        a. margin -0.17115066225165576
      no
   (1) can we show that 6 NL 1?
        a. margin -0.09402593818984506
      no
   (1) can we show that 5 NL 2?
        a. margin -0.21109271523178796
      no
   (1) can we show that 5 NL 1?
        a. margin -0.07250275938189854
      no

ALTERNATE OUTCOME PAIR: 4,6
   (1) can we show that 1 NL 6?
        a. margin -0.3113272626931568
      no
   (1) can we show that 1 NL 4?
        a. margin -0.26945364238410596
      no
   (1) can we show that 5 NL 6?
        a. margin -0.20957505518763775
      no
   (1) can we show that 5 NL 4?
        a. margin -0.17597958057395136
      no
   (1) can we show that 2 NL 6?
        a. margin -0.16915011037527583
      no
   (1) can we show that 2 NL 4?
        a. margin -0.12886313465783672
      no

ALTERNATE OUTCOME PAIR: 4,5
   (1) can we show that 1 NL 5?
        a. margin -0.1910871964679911
      no
   (1) can we show that 1 NL 4?
        a. margin -0.33995584988962446
      no
   (1) can we show that 6 NL 5?
        a. margin -0.10685706401766015
      no
   (1) can we show that 6 NL 4?
        a. margin -0.016970198675496873
      no
   (1) can we show that 2 NL 5?
        a. margin -0.059671633554084
      no
   (1) can we show that 2 NL 4?
        a. margin -0.19715783664459152
      no

ALTERNATE OUTCOME PAIR: 4,2
   (1) can we show that 1 NL 2?
        a. margin -0.33740342163355397
      no
   (1) can we show that 1 NL 4?
        a. margin -0.32857339955849874
      no
   (1) can we show that 6 NL 2?
        a. margin -0.19067328918322268
      no
   (1) can we show that 6 NL 4?
        a. margin -0.012141280353200723
      no
   (1) can we show that 5 NL 2?
        a. margin -0.20681567328918293
      no
   (1) can we show that 5 NL 4?
        a. margin -0.23185706401765993
      no

ALTERNATE OUTCOME PAIR: 6,5
   (1) can we show that 1 NL 5?
        a. margin -0.1886037527593818
      no
   (1) can we show that 1 NL 6?
        a. margin -0.3576158940397349
      no
   (1) can we show that 4 NL 5?
        a. margin -0.18349889624724047
      no
   (1) can we show that 4 NL 6?
        a. margin -0.163976269315673
      no
   (1) can we show that 2 NL 5?
        a. margin -0.05718818984547458
      no
   (1) can we show that 2 NL 6?
        a. margin -0.21412803532008828
      no

ALTERNATE OUTCOME PAIR: 5,2
   (1) can we show that 1 NL 2?
        a. margin -0.33084988962472417
      no
   (1) can we show that 1 NL 5?
        a. margin -0.17687637969094894
      no
   (1) can we show that 4 NL 2?
        a. margin -0.2304773730684324
      no
   (1) can we show that 4 NL 5?
        a. margin -0.1608029801324501
      no
   (1) can we show that 6 NL 2?
        a. margin -0.14735099337748325
      no
   (1) can we show that 6 NL 5?
        a. margin -0.08291942604856462
      no

RULE OUT PAIR STAGE ASN 0
------------------------------------------------
Alternate outcome cannot be ruled out: 1,4
Alternate outcome cannot be ruled out: 1,6
Alternate outcome cannot be ruled out: 1,5
Alternate outcome cannot be ruled out: 1,2
Alternate outcome cannot be ruled out: 4,6
Alternate outcome cannot be ruled out: 4,5
Alternate outcome cannot be ruled out: 4,2
Alternate outcome cannot be ruled out: 6,5
Alternate outcome cannot be ruled out: 5,2
Full audit not possible
PARTIAL audit sample size: 30
------------------------------------------------
Final set of assertions generated:
(5, 'AG', 2, 28)
(1, 'AG', 2, 30)
[] are verified winners with these assertions.
[1, 2, 4, 5, 6] remain as potential winners in this audit.
------------------------------------------------
