VALID BALLOTS 4936
Winner 3
Winner 6
Computing AG relationships
3 AG 5 = 39
3 AG 9 = 40
3 AG 2 = 56
3 AG 1 = 43
3 AG 4 = 40
8 AG 5 = 152
8 AG 9 = 318
6 AG 5 = 347
6 AG 9 = 347
6 AG 7 = 182
Ruling out candidates: [(5, 152), (9, 318)]
STAGE 1 ASN (Ruling out candidates): 318
ALTERNATE OUTCOME PAIR: 2,1
   (1) can we show that 7 NL 1?
        a. margin -0.00040518638573705523
      no
   (1) can we show that 7 NL 2?
        a. margin -0.01019719070772529
      no
   (1) can we show that 4 NL 1?
        a. margin -0.049500270124257506
      no
   (1) can we show that 4 NL 2?
        a. margin -0.06861156131820645
      no
   (1) can we show that 3 NL 1?
        a. margin 0.11156131820637438
      yes, 21, ags used 40 = 40
   (1) can we show that 3 NL 2?
        a. margin 0.09130199891950252
      yes, 23, ags used 40 = 40
   (1) can we show that 8 NL 1?
        a. margin 0.0538222582387895
      yes, 84, ags used 43 = 84
   (1) can we show that 8 NL 2?
        a. margin 0.0395056726094003
      yes, 115, ags used 56 = 115
   (1) can we show that 6 NL 1?
        a. margin 0.09150459211237139
      yes, 50, ags used 43 = 50
   (1) can we show that 6 NL 2?
        a. margin 0.08110480821177712
      yes, 56, ags used 56 = 56
      Best assertion(s) require sample: 40

ALTERNATE OUTCOME PAIR: 2,7
   (1) can we show that 1 NL 7?
        a. margin -0.09359805510534847
      no
   (1) can we show that 1 NL 2?
        a. margin -0.0746893571042676
      no
   (1) can we show that 4 NL 7?
        a. margin -0.029781199351701426
      no
   (1) can we show that 4 NL 2?
        a. margin -0.06975958941112947
      no
   (1) can we show that 3 NL 7?
        a. margin 0.033495407887628614
      yes, 113, ags used 43 = 113
   (1) can we show that 3 NL 2?
        a. margin 0.08988384656942161
      yes, 23, ags used 40 = 40
   (1) can we show that 8 NL 7?
        a. margin 0.0491626148028097
      yes, 93, ags used 182 = 182
   (1) can we show that 8 NL 2?
        a. margin 0.03626418152350053
      yes, 125, ags used 56 = 125
   (1) can we show that 6 NL 7?
        a. margin 0.026269584008643987
      yes, 173, ags used 0 = 173
   (1) can we show that 6 NL 2?
        a. margin 0.0728660183684493
      yes, 62, ags used 56 = 62
      Best assertion(s) require sample: 40

ALTERNATE OUTCOME PAIR: 2,4
   (1) can we show that 1 NL 4?
        a. margin -0.10008103727714746
      no
   (1) can we show that 1 NL 2?
        a. margin -0.07921393841166924
      no
   (1) can we show that 7 NL 4?
        a. margin -0.04240950837385171
      no
   (1) can we show that 7 NL 2?
        a. margin -0.018300918422474055
      no
   (1) can we show that 3 NL 4?
        a. margin 0.11453268503511604
      yes, 39, ags used 39 = 39
   (1) can we show that 3 NL 2?
        a. margin 0.08299567801188501
      yes, 48, ags used 43 = 48
   (1) can we show that 8 NL 4?
        a. margin 0.039370610480821355
      yes, 116, ags used 40 = 116
   (1) can we show that 8 NL 2?
        a. margin 0.03126688276607226
      yes, 145, ags used 56 = 145
   (1) can we show that 6 NL 4?
        a. margin 0.04902755267423031
      yes, 93, ags used 40 = 93
   (1) can we show that 6 NL 2?
        a. margin 0.0730686115613175
      yes, 62, ags used 56 = 62
      Best assertion(s) require sample: 39

ALTERNATE OUTCOME PAIR: 2,3
   (1) can we show that 1 NL 3?
        a. margin -0.3943814154511074
      no
   (1) can we show that 1 NL 2?
        a. margin -0.1361426256077788
      no
   (1) can we show that 7 NL 3?
        a. margin -0.342517558076715
      no
   (1) can we show that 7 NL 2?
        a. margin -0.09913560237709318
      no
   (1) can we show that 4 NL 3?
        a. margin -0.24176121015667174
      no
   (1) can we show that 4 NL 2?
        a. margin -0.08758779038357634
      no
   (1) can we show that 8 NL 3?
        a. margin -0.22616153430578045
      no
   (1) can we show that 8 NL 2?
        a. margin -0.006415451107509518
      no
   (1) can we show that 6 NL 3?
        a. margin -0.14552944354402997
      no
   (1) can we show that 6 NL 2?
        a. margin 0.0845488924905442
      yes, 54, ags used 182 = 182
      Best assertion(s) require sample: 182

ALTERNATE OUTCOME PAIR: 2,8
   (1) can we show that 1 NL 8?
        a. margin -0.33745272825499706
      no
   (1) can we show that 1 NL 2?
        a. margin -0.07077255537547178
      no
   (1) can we show that 7 NL 8?
        a. margin -0.25081037277147455
      no
   (1) can we show that 7 NL 2?
        a. margin -0.007968665586169044
      no
   (1) can we show that 4 NL 8?
        a. margin -0.18888438681793596
      no
   (1) can we show that 4 NL 2?
        a. margin -0.06516747703943859
      no
   (1) can we show that 3 NL 8?
        a. margin 0.0852917341977304
      yes, 49, ags used 43 = 49
   (1) can we show that 3 NL 2?
        a. margin 0.09494867639113891
      yes, 23, ags used 40 = 40
   (1) can we show that 6 NL 8?
        a. margin -0.05483522420313336
      no
   (1) can we show that 6 NL 2?
        a. margin 0.0832658022690429
      yes, 54, ags used 56 = 56
      Best assertion(s) require sample: 40

ALTERNATE OUTCOME PAIR: 2,6
   (1) can we show that 1 NL 6?
        a. margin -0.30713128038897863
      no
   (1) can we show that 1 NL 2?
        a. margin -0.07151539708265742
      no
   (1) can we show that 7 NL 6?
        a. margin -0.1851701782820091
      no
   (1) can we show that 7 NL 2?
        a. margin -0.01796326310102636
      no
   (1) can we show that 4 NL 6?
        a. margin -0.2444624527282544
      no
   (1) can we show that 4 NL 2?
        a. margin -0.06395191788222565
      no
   (1) can we show that 3 NL 6?
        a. margin 0.02464883846569421
      yes, 145, ags used 43 = 145
   (1) can we show that 3 NL 2?
        a. margin 0.09582658022690427
      yes, 23, ags used 40 = 40
   (1) can we show that 8 NL 6?
        a. margin -0.15147217720151218
      no
   (1) can we show that 8 NL 2?
        a. margin 0.0406537007023231
      yes, 112, ags used 56 = 112
      Best assertion(s) require sample: 40

ALTERNATE OUTCOME PAIR: 1,7
   (1) can we show that 2 NL 7?
        a. margin -0.10163425175580731
      no
   (1) can we show that 2 NL 1?
        a. margin -0.07961912479740696
      no
   (1) can we show that 4 NL 7?
        a. margin -0.029376012965963927
      no
   (1) can we show that 4 NL 1?
        a. margin -0.04794705564559698
      no
   (1) can we show that 3 NL 7?
        a. margin 0.034170718530524
      yes, 110, ags used 56 = 110
   (1) can we show that 3 NL 1?
        a. margin 0.11291193949216627
      yes, 21, ags used 40 = 40
   (1) can we show that 8 NL 7?
        a. margin 0.04936520799567834
      yes, 92, ags used 182 = 182
   (1) can we show that 8 NL 1?
        a. margin 0.05382225823878972
      yes, 84, ags used 43 = 84
   (1) can we show that 6 NL 7?
        a. margin 0.026472177201512403
      yes, 172, ags used 0 = 172
   (1) can we show that 6 NL 1?
        a. margin 0.08711507293354948
      yes, 52, ags used 43 = 52
      Best assertion(s) require sample: 40

ALTERNATE OUTCOME PAIR: 1,4
   (1) can we show that 2 NL 4?
        a. margin -0.10757698541328997
      no
   (1) can we show that 2 NL 1?
        a. margin -0.08380605078335968
      no
   (1) can we show that 7 NL 4?
        a. margin -0.042949756888168156
      no
   (1) can we show that 7 NL 1?
        a. margin -0.0047947055645595205
      no
   (1) can we show that 3 NL 4?
        a. margin 0.11385737439222021
      yes, 39, ags used 39 = 39
   (1) can we show that 3 NL 1?
        a. margin 0.10696920583468383
      yes, 40, ags used 40 = 40
   (1) can we show that 8 NL 4?
        a. margin 0.03916801728795272
      yes, 116, ags used 40 = 116
   (1) can we show that 8 NL 1?
        a. margin 0.049567801188546534
      yes, 92, ags used 43 = 92
   (1) can we show that 6 NL 4?
        a. margin 0.04868989735278251
      yes, 93, ags used 40 = 93
   (1) can we show that 6 NL 1?
        a. margin 0.08711507293354903
      yes, 52, ags used 43 = 52
      Best assertion(s) require sample: 39

ALTERNATE OUTCOME PAIR: 1,3
   (1) can we show that 2 NL 3?
        a. margin -0.4012020529443544
      no
   (1) can we show that 2 NL 1?
        a. margin -0.13762830902214918
      no
   (1) can we show that 7 NL 3?
        a. margin -0.3423149648838465
      no
   (1) can we show that 7 NL 1?
        a. margin -0.07712047541869249
      no
   (1) can we show that 4 NL 3?
        a. margin -0.24122096164235518
      no
   (1) can we show that 4 NL 1?
        a. margin -0.06212857914640746
      no
   (1) can we show that 8 NL 3?
        a. margin -0.2256212857914639
      no
   (1) can we show that 8 NL 1?
        a. margin 0.0030388978930304678
      yes, 275, ags used 318 = 318
   (1) can we show that 6 NL 3?
        a. margin -0.14525931928687197
      no
   (1) can we show that 6 NL 1?
        a. margin 0.014181523500808924
      yes, 42, ags used 182 = 182
      Best assertion(s) require sample: 182

ALTERNATE OUTCOME PAIR: 1,8
   (1) can we show that 2 NL 8?
        a. margin -0.3456239870340354
      no
   (1) can we show that 2 NL 1?
        a. margin -0.07691788222582296
      no
   (1) can we show that 7 NL 8?
        a. margin -0.2494597514856829
      no
   (1) can we show that 7 NL 1?
        a. margin 0.003714208535927188
      yes, 2191, ags used 43 = 2191
   (1) can we show that 4 NL 8?
        a. margin -0.18800648298217149
      no
   (1) can we show that 4 NL 1?
        a. margin -0.044300378173960264
      no
   (1) can we show that 3 NL 8?
        a. margin 0.08569692058346856
      yes, 53, ags used 40 = 53
   (1) can we show that 3 NL 1?
        a. margin 0.11709886547811954
      yes, 38, ags used 39 = 39
   (1) can we show that 6 NL 8?
        a. margin -0.05361966504592064
      no
   (1) can we show that 6 NL 1?
        a. margin 0.004051863857374105
      yes, 47, ags used 43 = 47
      Best assertion(s) require sample: 39

ALTERNATE OUTCOME PAIR: 1,6
   (1) can we show that 2 NL 6?
        a. margin -0.31388438681793596
      no
   (1) can we show that 2 NL 1?
        a. margin -0.07556726094003208
      no
   (1) can we show that 7 NL 6?
        a. margin -0.18496758508914046
      no
   (1) can we show that 7 NL 1?
        a. margin -0.004321988114532438
      no
   (1) can we show that 4 NL 6?
        a. margin -0.24385467314964848
      no
   (1) can we show that 4 NL 1?
        a. margin -0.04281469475958932
      no
   (1) can we show that 3 NL 6?
        a. margin 0.025324149108590044
      yes, 140, ags used 56 = 140
   (1) can we show that 3 NL 1?
        a. margin 0.1181793625067531
      yes, 38, ags used 0 = 38
   (1) can we show that 8 NL 6?
        a. margin -0.150729335494327
      no
   (1) can we show that 8 NL 1?
        a. margin 0.05719881145326866
      yes, 79, ags used 43 = 79
      Best assertion(s) require sample: 38

ALTERNATE OUTCOME PAIR: 7,4
   (1) can we show that 2 NL 4?
        a. margin -0.10784710967044853
      no
   (1) can we show that 2 NL 7?
        a. margin -0.10136412749864898
      no
   (1) can we show that 1 NL 4?
        a. margin -0.10055375472717443
      no
   (1) can we show that 1 NL 7?
        a. margin -0.09326039978390022
      no
   (1) can we show that 3 NL 4?
        a. margin 0.11405996758508885
      yes, 39, ags used 39 = 39
   (1) can we show that 3 NL 7?
        a. margin 0.15768503511615362
      yes, 28, ags used 182 = 182
   (1) can we show that 8 NL 4?
        a. margin 0.03835764451647772
      yes, 119, ags used 40 = 119
   (1) can we show that 8 NL 7?
        a. margin 0.04896002160994084
      yes, 93, ags used 182 = 182
   (1) can we show that 6 NL 4?
        a. margin 0.04774446245272812
      yes, 95, ags used 40 = 95
   (1) can we show that 6 NL 7?
        a. margin 0.027350081037276208
      yes, 166, ags used 0 = 166
      Best assertion(s) require sample: 39

ALTERNATE OUTCOME PAIR: 7,3
   (1) can we show that 2 NL 3?
        a. margin -0.4022825499729874
      no
   (1) can we show that 2 NL 7?
        a. margin -0.10089141004862168
      no
   (1) can we show that 1 NL 3?
        a. margin -0.39532685035116133
      no
   (1) can we show that 1 NL 7?
        a. margin -0.0927876823338728
      no
   (1) can we show that 4 NL 3?
        a. margin -0.24216639654240912
      no
   (1) can we show that 4 NL 7?
        a. margin -0.029983792544570287
      no
   (1) can we show that 8 NL 3?
        a. margin -0.22811993517017815
      no
   (1) can we show that 8 NL 7?
        a. margin 0.04963533225283712
      yes, 92, ags used 182 = 182
   (1) can we show that 6 NL 3?
        a. margin -0.2439222042139383
      no
   (1) can we show that 6 NL 7?
        a. margin 0.030253916801727954
      yes, 150, ags used 0 = 150
      Best assertion(s) require sample: 150

ALTERNATE OUTCOME PAIR: 7,8
   (1) can we show that 2 NL 8?
        a. margin -0.33833063209076164
      no
   (1) can we show that 2 NL 7?
        a. margin -0.09690707725553693
      no
   (1) can we show that 1 NL 8?
        a. margin -0.32988924905456496
      no
   (1) can we show that 1 NL 7?
        a. margin -0.08853322528362972
      no
   (1) can we show that 4 NL 8?
        a. margin -0.18084819016747677
      no
   (1) can we show that 4 NL 7?
        a. margin -0.02444624527282413
      no
   (1) can we show that 3 NL 8?
        a. margin 0.09326039978389988
      yes, 45, ags used 43 = 45
   (1) can we show that 3 NL 7?
        a. margin 0.04085629389519152
      yes, 77, ags used 56 = 77
   (1) can we show that 6 NL 8?
        a. margin -0.15241761210156668
      no
   (1) can we show that 6 NL 7?
        a. margin 0.03221231766612598
      yes, 141, ags used 0 = 141
      Best assertion(s) require sample: 45

ALTERNATE OUTCOME PAIR: 7,6
   (1) can we show that 2 NL 6?
        a. margin -0.28349540788762784
      no
   (1) can we show that 2 NL 7?
        a. margin -0.24513776337115012
      no
   (1) can we show that 1 NL 6?
        a. margin -0.2772150189086976
      no
   (1) can we show that 1 NL 7?
        a. margin -0.23966774716369454
      no
   (1) can we show that 4 NL 6?
        a. margin -0.2148838465694214
      no
   (1) can we show that 4 NL 7?
        a. margin -0.1781469475958929
      no
   (1) can we show that 3 NL 6?
        a. margin 0.05402485143165836
      yes, 63, ags used 56 = 63
   (1) can we show that 3 NL 7?
        a. margin 0.0907617504051863
      yes, 46, ags used 43 = 46
   (1) can we show that 8 NL 6?
        a. margin -0.12236628849270625
      no
   (1) can we show that 8 NL 7?
        a. margin -0.08603457590491559
      no
      Best assertion(s) require sample: 46

ALTERNATE OUTCOME PAIR: 4,3
   (1) can we show that 2 NL 3?
        a. margin -0.3701377633711498
      no
   (1) can we show that 2 NL 4?
        a. margin -0.2975418692598576
      no
   (1) can we show that 1 NL 3?
        a. margin -0.3628444084278759
      no
   (1) can we show that 1 NL 4?
        a. margin -0.2910588870880585
      no
   (1) can we show that 7 NL 3?
        a. margin -0.31179092382495865
      no
   (1) can we show that 7 NL 4?
        a. margin -0.24176121015666996
      no
   (1) can we show that 8 NL 3?
        a. margin -0.19658292814694678
      no
   (1) can we show that 8 NL 4?
        a. margin -0.12547271745002475
      no
   (1) can we show that 6 NL 3?
        a. margin -0.1148028092922736
      no
   (1) can we show that 6 NL 4?
        a. margin -0.044908157752564626
      no

ALTERNATE OUTCOME PAIR: 4,8
   (1) can we show that 2 NL 8?
        a. margin -0.33596704484062634
      no
   (1) can we show that 2 NL 4?
        a. margin -0.10102647217720107
      no
   (1) can we show that 1 NL 8?
        a. margin -0.32752566180442966
      no
   (1) can we show that 1 NL 4?
        a. margin -0.09353052404105822
      no
   (1) can we show that 7 NL 8?
        a. margin -0.24020799567801143
      no
   (1) can we show that 7 NL 4?
        a. margin -0.036331712587789444
      no
   (1) can we show that 3 NL 8?
        a. margin 0.003781739600215994
      yes, 2147, ags used 56 = 2147
   (1) can we show that 3 NL 4?
        a. margin 0.12175850891409978
      yes, 37, ags used 0 = 37
   (1) can we show that 6 NL 8?
        a. margin -0.0441653160453801
      no
   (1) can we show that 6 NL 4?
        a. margin 0.05510534846029258
      yes, 83, ags used 40 = 83
      Best assertion(s) require sample: 37

ALTERNATE OUTCOME PAIR: 4,6
   (1) can we show that 2 NL 6?
        a. margin -0.3133441383036193
      no
   (1) can we show that 2 NL 4?
        a. margin -0.10723933009184206
      no
   (1) can we show that 1 NL 6?
        a. margin -0.30659103187466186
      no
   (1) can we show that 1 NL 4?
        a. margin -0.09981091301998912
      no
   (1) can we show that 7 NL 6?
        a. margin -0.18429227444624474
      no
   (1) can we show that 7 NL 4?
        a. margin -0.04321988114532682
      no
   (1) can we show that 3 NL 6?
        a. margin -0.05807671528903302
      no
   (1) can we show that 3 NL 4?
        a. margin 0.11493787142085332
      yes, 39, ags used 39 = 39
   (1) can we show that 8 NL 6?
        a. margin -0.1522825499729874
      no
   (1) can we show that 8 NL 4?
        a. margin 0.03903295515937355
      yes, 117, ags used 40 = 117
      Best assertion(s) require sample: 39

ALTERNATE OUTCOME PAIR: 3,8
   (1) can we show that 2 NL 8?
        a. margin -0.31894921663965314
      no
   (1) can we show that 2 NL 3?
        a. margin -0.3912749864937862
      no
   (1) can we show that 1 NL 8?
        a. margin -0.3114532685035104
      no
   (1) can we show that 1 NL 3?
        a. margin -0.3841166936790914
      no
   (1) can we show that 7 NL 8?
        a. margin -0.21866558616963594
      no
   (1) can we show that 7 NL 3?
        a. margin -0.33205024311183007
      no
   (1) can we show that 4 NL 8?
        a. margin -0.18699351701782807
      no
   (1) can we show that 4 NL 3?
        a. margin -0.23386007563479072
      no
   (1) can we show that 6 NL 8?
        a. margin -0.023163155051322493
      no
   (1) can we show that 6 NL 3?
        a. margin -0.13506212857914512
      no

ALTERNATE OUTCOME PAIR: 8,6
   (1) can we show that 2 NL 6?
        a. margin -0.3067260940032408
      no
   (1) can we show that 2 NL 8?
        a. margin -0.3339411129119394
      no
   (1) can we show that 1 NL 6?
        a. margin -0.2995002701242563
      no
   (1) can we show that 1 NL 8?
        a. margin -0.32502701242571563
      no
   (1) can we show that 7 NL 6?
        a. margin -0.17943003781739508
      no
   (1) can we show that 7 NL 8?
        a. margin -0.25216099405726633
      no
   (1) can we show that 4 NL 6?
        a. margin -0.23669638033495266
      no
   (1) can we show that 4 NL 8?
        a. margin -0.17585089141004784
      no
   (1) can we show that 3 NL 6?
        a. margin 0.03214478660183695
      yes, 90, ags used 56 = 90
   (1) can we show that 3 NL 8?
        a. margin 0.09846029173419746
      yes, 43, ags used 43 = 43
      Best assertion(s) require sample: 43

RULE OUT PAIR STAGE ASN 182
------------------------------------------------
Alternate outcome cannot be ruled out: 4,3
Alternate outcome cannot be ruled out: 3,8
Full audit not possible
PARTIAL audit sample size: 318
------------------------------------------------
Final set of assertions generated:
3 NL 2 = 40 [rules out (2, 6), G = {8, 3, 4}, O = set()]
6 NL 2 = 182 [rules out (2, 3), G = {6}, O = set()]
3 NL 1 = 40 [rules out (2, 1), G = {8, 3, 4}, O = set()]

3 NL 1 = 38 [rules out (1, 6), G = set(), O = set()]
3 NL 4 = 39 [rules out (7, 4), G = {4}, O = set()]

3 NL 1 = 40 [rules out (1, 7), G = {8, 3, 4}, O = set()]
3 NL 4 = 39 [rules out (1, 4), G = {4}, O = set()]

(7, 'AG', 8, 318)
6 NL 7 = 150 [rules out (7, 3), G = set(), O = set()]
3 NL 8 = 43 [rules out (8, 6), G = {8, 0, 3, 4}, O = set()]
(2, 'AG', 3, 40)
(5, 'AG', 6, 182)
3 NL 2 = 40 [rules out (2, 7), G = {8, 3, 4}, O = set()]
3 NL 2 = 40 [rules out (2, 8), G = {8, 3, 4}, O = set()]
3 NL 1 = 39 [rules out (1, 8), G = {4}, O = set()]
3 NL 4 = 39 [rules out (2, 4), G = {4}, O = set()]

3 NL 4 = 39 [rules out (4, 6), G = {4}, O = set()]
(2, 'AG', 8, 40)
(7, 'AG', 4, 152)
3 NL 8 = 45 [rules out (7, 8), G = {8, 0, 3, 4}, O = set()]

6 NL 1 = 182 [rules out (1, 3), G = {6}, O = set()]
(2, 'AG', 4, 39)
(2, 'AG', 0, 43)
3 NL 7 = 46 [rules out (7, 6), G = {8, 0, 3, 4}, O = set()]
3 NL 4 = 37 [rules out (4, 8), G = set(), O = set()]
[3] are verified winners with these assertions.
[4, 6, 8] remain as potential winners in this audit.
------------------------------------------------
