VALID BALLOTS 6193
Winner 2
Winner 3
Computing AG relationships
6 AG 5 = 482
6 AG 4 = 202
1 AG 5 = 229
1 AG 4 = 123
2 AG 5 = 22
2 AG 4 = 21
2 AG 8 = 35
2 AG 6 = 80
2 AG 1 = 101
7 AG 5 = 24
7 AG 4 = 27
7 AG 8 = 54
3 AG 5 = 33
3 AG 4 = 28
3 AG 8 = 129
3 AG 9 = 38
Ruling out candidates: [(5, 24), (4, 27), (8, 54)]
STAGE 1 ASN (Ruling out candidates): 54
ALTERNATE OUTCOME PAIR: 9,6
   (1) can we show that 1 NL 6?
        a. margin -0.05737660799827726
      no
   (1) can we show that 1 NL 9?
        a. margin 0.017977286183325614
      yes, 230, ags used 229 = 230
   (1) can we show that 2 NL 6?
        a. margin 0.060390763765540756
      yes, 69, ags used 35 = 69
   (1) can we show that 2 NL 9?
        a. margin 0.18483233758544593
      yes, 24, ags used 38 = 38
   (1) can we show that 7 NL 6?
        a. margin 0.11055492760643748
      yes, 41, ags used 80 = 80
   (1) can we show that 7 NL 9?
        a. margin 0.16018084934603571
      yes, 28, ags used 38 = 38
   (1) can we show that 3 NL 6?
        a. margin 0.07745303837666162
      yes, 59, ags used 80 = 80
   (1) can we show that 3 NL 9?
        a. margin 0.1220733085741954
      yes, 37, ags used 33 = 37
      Best assertion(s) require sample: 37

ALTERNATE OUTCOME PAIR: 9,1
   (1) can we show that 6 NL 1?
        a. margin -0.12024328542978635
      no
   (1) can we show that 6 NL 9?
        a. margin -0.002260616825448092
      no
   (1) can we show that 2 NL 1?
        a. margin 0.048334140696485006
      yes, 44, ags used 80 = 80
   (1) can we show that 2 NL 9?
        a. margin 0.18542440389687243
      yes, 24, ags used 38 = 38
   (1) can we show that 7 NL 1?
        a. margin 0.09112438774960907
      yes, 50, ags used 101 = 101
   (1) can we show that 7 NL 9?
        a. margin 0.16044997039668396
      yes, 28, ags used 38 = 38
   (1) can we show that 3 NL 1?
        a. margin 0.06431993110501089
      yes, 71, ags used 101 = 101
   (1) can we show that 3 NL 9?
        a. margin 0.12255772646536323
      yes, 37, ags used 33 = 37
      Best assertion(s) require sample: 37

ALTERNATE OUTCOME PAIR: 9,2
   (1) can we show that 6 NL 2?
        a. margin -0.39221701921524277
      no
   (1) can we show that 6 NL 9?
        a. margin -0.001991495774799623
      no
   (1) can we show that 1 NL 2?
        a. margin -0.3916249529038155
      no
   (1) can we show that 1 NL 9?
        a. margin 0.019322891436567735
      yes, 221, ags used 123 = 221
   (1) can we show that 7 NL 2?
        a. margin -0.20959147424511515
      no
   (1) can we show that 7 NL 9?
        a. margin 0.16152645459927806
      yes, 28, ags used 38 = 38
   (1) can we show that 3 NL 2?
        a. margin -0.2627159696431455
      no
   (1) can we show that 3 NL 9?
        a. margin 0.12428010118951383
      yes, 36, ags used 33 = 36
      Best assertion(s) require sample: 36

ALTERNATE OUTCOME PAIR: 9,7
   (1) can we show that 6 NL 7?
        a. margin -0.2314979277679099
      no
   (1) can we show that 6 NL 9?
        a. margin -0.0025297378760968936
      no
   (1) can we show that 1 NL 7?
        a. margin -0.23973303191775652
      no
   (1) can we show that 1 NL 9?
        a. margin 0.017600516712417136
      yes, 235, ags used 229 = 235
   (1) can we show that 2 NL 7?
        a. margin 0.018192583023844078
      yes, 69, ags used 101 = 101
   (1) can we show that 2 NL 9?
        a. margin 0.18493998600570527
      yes, 24, ags used 38 = 38
   (1) can we show that 3 NL 7?
        a. margin -0.1391894073954466
      no
   (1) can we show that 3 NL 9?
        a. margin 0.12228860541471454
      yes, 37, ags used 33 = 37
      Best assertion(s) require sample: 37

ALTERNATE OUTCOME PAIR: 9,3
   (1) can we show that 6 NL 3?
        a. margin -0.23865654771516198
      no
   (1) can we show that 6 NL 9?
        a. margin -0.14306475052478695
      no
   (1) can we show that 1 NL 3?
        a. margin -0.21782657839496178
      no
   (1) can we show that 1 NL 9?
        a. margin -0.13127724850637934
      no
   (1) can we show that 2 NL 3?
        a. margin 0.016147263038914117
      yes, 71, ags used 101 = 101
   (1) can we show that 2 NL 9?
        a. margin 0.0462349965014246
      yes, 45, ags used 80 = 80
   (1) can we show that 7 NL 3?
        a. margin -0.09160880564077767
      no
   (1) can we show that 7 NL 9?
        a. margin 0.001022659992463204
      yes, 6193, ags used 54 = 6193
      Best assertion(s) require sample: 80

ALTERNATE OUTCOME PAIR: 6,1
   (1) can we show that 9 NL 1?
        a. margin -0.10366542870983364
      no
   (1) can we show that 9 NL 6?
        a. margin -0.08488077937456173
      no
   (1) can we show that 2 NL 1?
        a. margin 0.04677323860272309
      yes, 87, ags used 35 = 87
   (1) can we show that 2 NL 6?
        a. margin 0.06308197427202633
      yes, 66, ags used 35 = 66
   (1) can we show that 7 NL 1?
        a. margin 0.08950966144571759
      yes, 51, ags used 101 = 101
   (1) can we show that 7 NL 6?
        a. margin 0.11249259917110699
      yes, 40, ags used 80 = 80
   (1) can we show that 3 NL 1?
        a. margin 0.024812960869798895
      yes, 37, ags used 101 = 101
   (1) can we show that 3 NL 6?
        a. margin 0.13805909898272217
      yes, 33, ags used 80 = 80
      Best assertion(s) require sample: 66

ALTERNATE OUTCOME PAIR: 6,2
   (1) can we show that 9 NL 2?
        a. margin -0.4301630873566925
      no
   (1) can we show that 9 NL 6?
        a. margin -0.295494913612142
      no
   (1) can we show that 1 NL 2?
        a. margin -0.3798374508854072
      no
   (1) can we show that 1 NL 6?
        a. margin -0.24570751924215517
      no
   (1) can we show that 7 NL 2?
        a. margin -0.19909575326982065
      no
   (1) can we show that 7 NL 6?
        a. margin -0.0904784972280549
      no
   (1) can we show that 3 NL 2?
        a. margin -0.18865385650465594
      no
   (1) can we show that 3 NL 6?
        a. margin -0.05748425641853805
      no

ALTERNATE OUTCOME PAIR: 6,7
   (1) can we show that 9 NL 7?
        a. margin -0.30346089671134024
      no
   (1) can we show that 9 NL 6?
        a. margin -0.07486947629043428
      no
   (1) can we show that 1 NL 7?
        a. margin -0.23521179826686023
      no
   (1) can we show that 1 NL 6?
        a. margin -0.04618117229129659
      no
   (1) can we show that 2 NL 7?
        a. margin 0.010711017815813184
      yes, 422, ags used 101 = 422
   (1) can we show that 2 NL 6?
        a. margin 0.07298562893589366
      yes, 58, ags used 35 = 58
   (1) can we show that 3 NL 7?
        a. margin -0.0760536089132896
      no
   (1) can we show that 3 NL 6?
        a. margin 0.14866246837827557
      yes, 30, ags used 80 = 80
      Best assertion(s) require sample: 58

ALTERNATE OUTCOME PAIR: 6,3
   (1) can we show that 9 NL 3?
        a. margin -0.25022875289305124
      no
   (1) can we show that 9 NL 6?
        a. margin -0.0882178804026047
      no
   (1) can we show that 1 NL 3?
        a. margin -0.2341353140642658
      no
   (1) can we show that 1 NL 6?
        a. margin -0.0492491522686902
      no
   (1) can we show that 2 NL 3?
        a. margin -0.010980138866462097
      no
   (1) can we show that 2 NL 6?
        a. margin 0.06927175843694355
      yes, 61, ags used 35 = 61
   (1) can we show that 7 NL 3?
        a. margin -0.10754077183917343
      no
   (1) can we show that 7 NL 6?
        a. margin 0.11938209806770961
      yes, 38, ags used 80 = 80
      Best assertion(s) require sample: 61

ALTERNATE OUTCOME PAIR: 1,2
   (1) can we show that 9 NL 2?
        a. margin -0.43000161472630305
      no
   (1) can we show that 9 NL 1?
        a. margin -0.18784649335270986
      no
   (1) can we show that 6 NL 2?
        a. margin -0.38096775929813165
      no
   (1) can we show that 6 NL 1?
        a. margin -0.16367942300446736
      no
   (1) can we show that 7 NL 2?
        a. margin -0.20011841326228552
      no
   (1) can we show that 7 NL 1?
        a. margin 0.00796598309919716
      yes, 329, ags used 54 = 329
   (1) can we show that 3 NL 2?
        a. margin -0.18903062597556353
      no
   (1) can we show that 3 NL 1?
        a. margin 0.041390817589750606
      yes, 110, ags used 38 = 110
      Best assertion(s) require sample: 110

ALTERNATE OUTCOME PAIR: 1,7
   (1) can we show that 9 NL 7?
        a. margin -0.29974702621239013
      no
   (1) can we show that 9 NL 1?
        a. margin -0.09042467301792356
      no
   (1) can we show that 6 NL 7?
        a. margin -0.22482372571182496
      no
   (1) can we show that 6 NL 1?
        a. margin -0.10947844340384305
      no
   (1) can we show that 2 NL 7?
        a. margin 0.024274718768501513
      yes, 188, ags used 80 = 188
   (1) can we show that 2 NL 1?
        a. margin 0.06006781850476206
      yes, 70, ags used 35 = 70
   (1) can we show that 3 NL 7?
        a. margin -0.0725012110447284
      no
   (1) can we show that 3 NL 1?
        a. margin 0.042036708111306664
      yes, 33, ags used 101 = 101
      Best assertion(s) require sample: 70

ALTERNATE OUTCOME PAIR: 1,3
   (1) can we show that 9 NL 3?
        a. margin -0.24565369503202517
      no
   (1) can we show that 9 NL 1?
        a. margin -0.10194305398568282
      no
   (1) can we show that 6 NL 3?
        a. margin -0.2518973034070726
      no
   (1) can we show that 6 NL 1?
        a. margin -0.11077022444695594
      no
   (1) can we show that 2 NL 3?
        a. margin 0.002368265245707546
      yes, 4902, ags used 80 = 4902
   (1) can we show that 2 NL 1?
        a. margin 0.058237795360351674
      yes, 72, ags used 35 = 72
   (1) can we show that 7 NL 3?
        a. margin -0.10361160449970419
      no
   (1) can we show that 7 NL 1?
        a. margin 0.007427740997899779
      yes, 45, ags used 101 = 101
      Best assertion(s) require sample: 72

ALTERNATE OUTCOME PAIR: 2,7
   (1) can we show that 9 NL 7?
        a. margin -0.2883901178750199
      no
   (1) can we show that 9 NL 2?
        a. margin -0.4099790085580477
      no
   (1) can we show that 6 NL 7?
        a. margin -0.22514667097260344
      no
   (1) can we show that 6 NL 2?
        a. margin -0.3677270036062209
      no
   (1) can we show that 1 NL 7?
        a. margin -0.22234781204585774
      no
   (1) can we show that 1 NL 2?
        a. margin -0.3647666720490863
      no
   (1) can we show that 3 NL 7?
        a. margin -0.061628720598525866
      no
   (1) can we show that 3 NL 2?
        a. margin -0.16836212928575311
      no

ALTERNATE OUTCOME PAIR: 7,3
   (1) can we show that 9 NL 3?
        a. margin -0.2492599171107167
      no
   (1) can we show that 9 NL 7?
        a. margin -0.3078744819419774
      no
   (1) can we show that 6 NL 3?
        a. margin -0.2562032402174499
      no
   (1) can we show that 6 NL 7?
        a. margin -0.229022014101943
      no
   (1) can we show that 1 NL 3?
        a. margin -0.23467355616556318
      no
   (1) can we show that 1 NL 7?
        a. margin -0.23612680983906575
      no
   (1) can we show that 2 NL 3?
        a. margin 0.046611765972334185
      yes, 98, ags used 101 = 101
   (1) can we show that 2 NL 7?
        a. margin 0.020184078798643146
      yes, 67, ags used 101 = 101
      Best assertion(s) require sample: 101

RULE OUT PAIR STAGE ASN 110
------------------------------------------------
Alternate outcome cannot be ruled out: 6,2
Alternate outcome cannot be ruled out: 2,7
Full audit not possible
PARTIAL audit sample size: 110
------------------------------------------------
Final set of assertions generated:
(1, 'AG', 0, 101)
3 NL 9 = 37 [rules out (9, 1), G = {3, 4}, O = set()]
2 NL 6 = 58 [rules out (6, 7), G = {3, 4, 7}, O = set()]
2 NL 6 = 66 [rules out (6, 1), G = {3, 4, 7}, O = set()]
2 NL 9 = 80 [rules out (9, 3), G = {3, 4, 5, 7}, O = set()]
2 NL 3 = 101 [rules out (7, 3), G = {0, 3, 4, 5, 7}, O = set()]

(1, 'AG', 5, 80)
(6, 'AG', 7, 54)
(1, 'AG', 4, 22)
2 NL 1 = 72 [rules out (1, 3), G = {3, 4, 7}, O = set()]
3 NL 1 = 110 [rules out (1, 2), G = {8, 3, 4}, O = set()]
2 NL 1 = 70 [rules out (1, 7), G = {3, 4, 7}, O = set()]
3 NL 9 = 37 [rules out (9, 6), G = {3, 4}, O = set()]
(6, 'AG', 3, 27)
(2, 'AG', 4, 33)
(1, 'AG', 3, 21)
3 NL 9 = 36 [rules out (9, 2), G = {3, 4}, O = set()]
(2, 'AG', 8, 38)
3 NL 9 = 37 [rules out (9, 7), G = {3, 4}, O = set()]
(2, 'AG', 3, 28)
2 NL 6 = 61 [rules out (6, 3), G = {3, 4, 7}, O = set()]
(1, 'AG', 7, 35)
(6, 'AG', 4, 24)
[2] are verified winners with these assertions.
[3, 6, 7] remain as potential winners in this audit.
------------------------------------------------
