VALID BALLOTS 5589
Winner 3
Winner 7
Computing AG relationships
6 AG 8 = 576
6 AG 1 = 2687
3 AG 8 = 21
3 AG 1 = 18
3 AG 4 = 27
3 AG 2 = 27
3 AG 6 = 36
3 AG 5 = 39
9 AG 8 = 94
9 AG 1 = 168
9 AG 4 = 685
9 AG 2 = 156
7 AG 8 = 52
7 AG 1 = 76
7 AG 4 = 101
7 AG 2 = 77
5 AG 8 = 108
5 AG 1 = 62
Ruling out candidates: [(8, 52), (1, 62), (4, 101), (2, 77)]
STAGE 1 ASN (Ruling out candidates): 101
ALTERNATE OUTCOME PAIR: 6,3
   (1) can we show that 9 NL 3?
        a. margin -0.3370310729408952
      no
   (1) can we show that 9 NL 6?
        a. margin -0.11236357130076935
      no
   (1) can we show that 7 NL 3?
        a. margin -0.3019621876304638
      no
   (1) can we show that 7 NL 6?
        a. margin -0.07246376811594268
      no
   (1) can we show that 5 NL 3?
        a. margin -0.26331484463529475
      no
   (1) can we show that 5 NL 6?
        a. margin -0.050694817200453546
      no

ALTERNATE OUTCOME PAIR: 6,9
   (1) can we show that 3 NL 9?
        a. margin 0.10574342458400365
      yes, 43, ags used 39 = 43
   (1) can we show that 3 NL 6?
        a. margin 0.1335361126021346
      yes, 30, ags used 27 = 30
   (1) can we show that 7 NL 9?
        a. margin -0.046877795670067335
      no
   (1) can we show that 7 NL 6?
        a. margin 0.038289497226694946
      yes, 83, ags used 77 = 83
   (1) can we show that 5 NL 9?
        a. margin -0.20248106399475185
      no
   (1) can we show that 5 NL 6?
        a. margin -0.027792688018131617
      no
      Best assertion(s) require sample: 30

ALTERNATE OUTCOME PAIR: 6,7
   (1) can we show that 3 NL 7?
        a. margin 0.10252281266773933
      yes, 44, ags used 39 = 44
   (1) can we show that 3 NL 6?
        a. margin 0.13562354625156514
      yes, 30, ags used 27 = 30
   (1) can we show that 9 NL 7?
        a. margin -0.13759169797817172
      no
   (1) can we show that 9 NL 6?
        a. margin 0.004234508260273273
      yes, 250, ags used 168 = 250
   (1) can we show that 5 NL 7?
        a. margin -0.20522454821971725
      no
   (1) can we show that 5 NL 6?
        a. margin -0.026301663982823742
      no
      Best assertion(s) require sample: 30

ALTERNATE OUTCOME PAIR: 6,5
   (1) can we show that 3 NL 5?
        a. margin 0.12113079262837645
      yes, 33, ags used 27 = 33
   (1) can we show that 3 NL 6?
        a. margin 0.12995765491739686
      yes, 31, ags used 27 = 31
   (1) can we show that 9 NL 5?
        a. margin 0.0021470746108436245
      yes, 5532, ags used 685 = 5532
   (1) can we show that 9 NL 6?
        a. margin 0.00465199499015867
      yes, 244, ags used 168 = 244
   (1) can we show that 7 NL 5?
        a. margin 0.014075266893303295
      yes, 111, ags used 101 = 111
   (1) can we show that 7 NL 6?
        a. margin 0.040019085107651176
      yes, 81, ags used 77 = 81
      Best assertion(s) require sample: 31

ALTERNATE OUTCOME PAIR: 3,9
   (1) can we show that 6 NL 9?
        a. margin -0.25490546907616096
      no
   (1) can we show that 6 NL 3?
        a. margin -0.3743066738235815
      no
   (1) can we show that 7 NL 9?
        a. margin -0.04216615971849569
      no
   (1) can we show that 7 NL 3?
        a. margin -0.31919842547861843
      no
   (1) can we show that 5 NL 9?
        a. margin -0.2074312637919724
      no
   (1) can we show that 5 NL 3?
        a. margin -0.27536231884057916
      no

ALTERNATE OUTCOME PAIR: 3,5
   (1) can we show that 6 NL 5?
        a. margin -0.2718435021172525
      no
   (1) can we show that 6 NL 3?
        a. margin -0.34132522216258054
      no
   (1) can we show that 9 NL 5?
        a. margin -0.24309655871652458
      no
   (1) can we show that 9 NL 3?
        a. margin -0.3166935050993016
      no
   (1) can we show that 7 NL 5?
        a. margin -0.20558239398819056
      no
   (1) can we show that 7 NL 3?
        a. margin -0.28180354267310703
      no

ALTERNATE OUTCOME PAIR: 9,7
   (1) can we show that 6 NL 7?
        a. margin -0.24190373948828037
      no
   (1) can we show that 6 NL 9?
        a. margin -0.22425001491024044
      no
   (1) can we show that 3 NL 7?
        a. margin 0.0013121011510692782
      yes, 23, ags used 39 = 39
   (1) can we show that 3 NL 9?
        a. margin 0.01306137054929235
      yes, 21, ags used 39 = 39
   (1) can we show that 5 NL 7?
        a. margin -0.17671616866464024
      no
   (1) can we show that 5 NL 9?
        a. margin -0.16568259080336423
      no
      Best assertion(s) require sample: 39

ALTERNATE OUTCOME PAIR: 9,5
   (1) can we show that 6 NL 5?
        a. margin -0.05868670602970072
      no
   (1) can we show that 6 NL 9?
        a. margin -0.26218166636846163
      no
   (1) can we show that 3 NL 5?
        a. margin 0.11981869147730584
      yes, 33, ags used 27 = 33
   (1) can we show that 3 NL 9?
        a. margin 0.03363750223653561
      yes, 135, ags used 36 = 135
   (1) can we show that 7 NL 5?
        a. margin 0.009840758633029356
      yes, 124, ags used 101 = 124
   (1) can we show that 7 NL 9?
        a. margin -0.048130255859725635
      no
      Best assertion(s) require sample: 33

ALTERNATE OUTCOME PAIR: 7,5
   (1) can we show that 6 NL 5?
        a. margin -0.05725532295580571
      no
   (1) can we show that 6 NL 7?
        a. margin -0.27148565634877997
      no
   (1) can we show that 3 NL 5?
        a. margin 0.12125007455120151
      yes, 33, ags used 27 = 33
   (1) can we show that 3 NL 7?
        a. margin 0.03053617224309635
      yes, 149, ags used 36 = 149
   (1) can we show that 9 NL 5?
        a. margin -0.0010138963440091686
      no
   (1) can we show that 9 NL 7?
        a. margin -0.13765133893958426
      no
      Best assertion(s) require sample: 33

RULE OUT PAIR STAGE ASN 39
------------------------------------------------
EXAMINING WAYS TO REDUCE COST OF AUDIT
ALTERNATE OUTCOME PAIR: 4,6
   (1) can we show that 3 NL 6?
        a. margin 0.13097155126140558
      yes, 31, ags used 27 = 31
   (1) can we show that 3 NL 4?
        a. margin 0.1719448917516544
      yes, 25, ags used 21 = 25
   (1) can we show that 9 NL 6?
        a. margin 0.004771276912983957
      yes, 242, ags used 168 = 242
   (1) can we show that 9 NL 4?
        a. margin 0.01538736804437213
      yes, 65, ags used 27 = 65
   (1) can we show that 7 NL 6?
        a. margin 0.04013836703047691
      yes, 80, ags used 77 = 80
   (1) can we show that 7 NL 4?
        a. margin 0.052424405081408665
      yes, 43, ags used 27 = 43
   (1) can we show that 5 NL 6?
        a. margin -0.030357249358860083
      no
   (1) can we show that 5 NL 4?
        a. margin 0.0009542553825958588
      yes, 62, ags used 101 = 101
      Best assertion(s) require sample: 25

ALTERNATE OUTCOME PAIR: 4,3
   (1) can we show that 6 NL 3?
        a. margin -0.3784219001610305
      no
   (1) can we show that 6 NL 4?
        a. margin 0.02964155782191158
      yes, 154, ags used 101 = 154
   (1) can we show that 9 NL 3?
        a. margin -0.3643466332677281
      no
   (1) can we show that 9 NL 4?
        a. margin 0.018965825729110097
      yes, 127, ags used 101 = 127
   (1) can we show that 7 NL 3?
        a. margin -0.33064949006977973
      no
   (1) can we show that 7 NL 4?
        a. margin 0.05540645315202397
      yes, 63, ags used 77 = 77
   (1) can we show that 5 NL 3?
        a. margin -0.2787022126796682
      no
   (1) can we show that 5 NL 4?
        a. margin 0.06333870101986006
      yes, 72, ags used 101 = 101
      Best assertion(s) require sample: 77

ALTERNATE OUTCOME PAIR: 4,9
   (1) can we show that 6 NL 9?
        a. margin -0.26432874097930437
      no
   (1) can we show that 6 NL 4?
        a. margin 0.04514820778910855
      yes, 101, ags used 101 = 101
   (1) can we show that 3 NL 9?
        a. margin 0.02976083974473598
      yes, 28, ags used 39 = 39
   (1) can we show that 3 NL 4?
        a. margin 0.17689509154887473
      yes, 24, ags used 21 = 24
   (1) can we show that 7 NL 9?
        a. margin -0.06333870101986094
      no
   (1) can we show that 7 NL 4?
        a. margin 0.04687779567006589
      yes, 43, ags used 27 = 43
   (1) can we show that 5 NL 9?
        a. margin -0.2054631120653665
      no
   (1) can we show that 5 NL 4?
        a. margin 0.003697739607561701
      yes, 64, ags used 101 = 101
      Best assertion(s) require sample: 24

ALTERNATE OUTCOME PAIR: 4,7
   (1) can we show that 6 NL 7?
        a. margin -0.27393093576668437
      no
   (1) can we show that 6 NL 4?
        a. margin 0.04604282221029332
      yes, 99, ags used 685 = 685
   (1) can we show that 3 NL 7?
        a. margin 0.026540227828472096
      yes, 29, ags used 39 = 39
   (1) can we show that 3 NL 4?
        a. margin 0.1800560625037273
      yes, 24, ags used 21 = 24
   (1) can we show that 9 NL 7?
        a. margin -0.1516073239100615
      no
   (1) can we show that 9 NL 4?
        a. margin 0.011212500745512166
      yes, 65, ags used 27 = 65
   (1) can we show that 5 NL 7?
        a. margin -0.2079083914832709
      no
   (1) can we show that 5 NL 4?
        a. margin 0.0066201467167643635
      yes, 632, ags used 108 = 632
      Best assertion(s) require sample: 24

ALTERNATE OUTCOME PAIR: 4,5
   (1) can we show that 6 NL 5?
        a. margin -0.061370549293254584
      no
   (1) can we show that 6 NL 4?
        a. margin 0.04371682471521421
      yes, 104, ags used 101 = 104
   (1) can we show that 3 NL 5?
        a. margin 0.11618059283115612
      yes, 35, ags used 27 = 35
   (1) can we show that 3 NL 4?
        a. margin 0.1671736148386711
      yes, 25, ags used 21 = 25
   (1) can we show that 9 NL 5?
        a. margin -0.011689628436810207
      no
   (1) can we show that 9 NL 4?
        a. margin 0.012703524780819375
      yes, 68, ags used 27 = 68
   (1) can we show that 7 NL 5?
        a. margin 0.009423271903143293
      yes, 176, ags used 77 = 176
   (1) can we show that 7 NL 4?
        a. margin 0.04944235701079469
      yes, 44, ags used 27 = 44
      Best assertion(s) require sample: 25

3 ruled out by pairs, sample size 77
STAGE 1 ASN NOW 77
NEW RULE OUT PAIR STAGE ASN 77
------------------------------------------------
Alternate outcome cannot be ruled out: 6,3
Alternate outcome cannot be ruled out: 3,9
Alternate outcome cannot be ruled out: 3,5
Full audit not possible
PARTIAL audit sample size: 77
------------------------------------------------
Final set of assertions generated:
3 NL 4 = 25 [rules out (4, 6), G = {0, 7}, O = set()]
3 NL 7 = 39 [rules out (9, 7), G = {0, 1, 3, 4, 5, 7}, O = set()]

3 NL 6 = 31 [rules out (6, 5), G = {0, 1, 3, 7}, O = set()]
(2, 'AG', 3, 27)
7 NL 4 = 77 [rules out (4, 3), G = {0, 1, 7}, O = set()]
(2, 'AG', 5, 36)
(6, 'AG', 7, 52)
(2, 'AG', 7, 21)
3 NL 4 = 24 [rules out (4, 9), G = {0, 7}, O = set()]
(2, 'AG', 4, 39)
3 NL 5 = 33 [rules out (7, 5), G = {0, 1, 3, 7}, O = set()]

3 NL 4 = 24 [rules out (4, 7), G = {0, 7}, O = set()]
(6, 'AG', 1, 77)
(2, 'AG', 1, 27)
3 NL 5 = 33 [rules out (9, 5), G = {0, 1, 3, 7}, O = set()]

3 NL 4 = 25 [rules out (4, 5), G = {0, 7}, O = set()]
3 NL 6 = 30 [rules out (6, 9), G = {0, 1, 3, 7}, O = set()]
3 NL 6 = 30 [rules out (6, 7), G = {0, 1, 3, 7}, O = set()]
(2, 'AG', 0, 18)
(6, 'AG', 0, 76)
(4, 'AG', 0, 62)
[3] are verified winners with these assertions.
[9, 5, 6, 7] remain as potential winners in this audit.
------------------------------------------------
