VALID BALLOTS 8979
173 ballot checks required to assert that first winner has a quota's worth of votes
AUD TV 0.08791773778920309, ss 121
AG*(2,1) = 25
AG*(2,4) = 48
AG*(2,5) = 37
AG*(2,8) = 190
AG*(2,9) = 28
AG*(2,1) = 25
AG*(2,4) = 48
AG*(2,5) = 37
AG*(2,8) = 190
AG*(2,9) = 28
AG*(3,1) = 15
AG*(3,2) = 119
AG*(3,4) = 64
AG*(3,5) = 24
AG*(3,6) = 48
AG*(3,7) = 38
AG*(3,8) = 28
AG*(3,9) = 14
AG*(4,1) = 100
AG*(4,9) = 151
AG*(6,1) = 41
AG*(6,7) = 38
AG*(6,9) = 32
AG*(7,9) = 8979
AG*(8,1) = 113
AG*(8,9) = 71
NL(2,9) = 28, AG*'s used 25
NL(2,1) = 25, AG*'s used 0
NL(2,5) = 36, AG*'s used 28
NL(2,7) = 28, AG*'s used 38
NL(2,4) = 43, AG*'s used 37
NL(2,8) = 42, AG*'s used 48
NL(2,6) = 124, AG*'s used 190
Max in loop 190, 0.08791773778920309
AUD TV 0.13791773778920308, ss 57
AG*(2,1) = 26
AG*(2,4) = 49
AG*(2,5) = 38
AG*(2,8) = 243
AG*(2,9) = 29
AG*(2,1) = 26
AG*(2,4) = 49
AG*(2,5) = 38
AG*(2,8) = 243
AG*(2,9) = 29
AG*(3,1) = 15
AG*(3,2) = 119
AG*(3,4) = 64
AG*(3,5) = 24
AG*(3,6) = 48
AG*(3,7) = 38
AG*(3,8) = 28
AG*(3,9) = 14
AG*(4,1) = 101
AG*(4,9) = 158
AG*(6,1) = 41
AG*(6,7) = 38
AG*(6,9) = 32
AG*(7,9) = 8979
AG*(8,1) = 115
AG*(8,9) = 72
NL(2,9) = 28, AG*'s used 26
NL(2,1) = 26, AG*'s used 0
NL(2,5) = 37, AG*'s used 29
NL(2,7) = 29, AG*'s used 38
NL(2,4) = 44, AG*'s used 38
NL(2,8) = 44, AG*'s used 49
NL(2,6) = 152, AG*'s used 243
Max in loop 243, 0.13791773778920308
Breaking out of inner loop 243 > 190
Sample size to show min tv of 0.018958868894601542 is 342
Sample size required for audit is 190 ballots
------------------------------------------------
Assertion set BEFORE filtering:
(2, 'MT', None, (0.08791773778920309, 121))
(1, 'NL', 8, 28)
(1, 'NL', 3, 43)
(5, 'AG', 6, 38)
(1, 'AG*', 4, 37)
(1, 'AG*', 3, 48)
(1, 'NL', 6, 38)
(1, 'NL', 7, 48)
(1, 'NL', 5, 190)
(1, 'AG*', 0, 25)
(1, 'AG*', 8, 28)
(1, 'NL', 0, 25)
(1, 'NL', 4, 36)
(1, 'AG*', 7, 190)
(2, 'QT', None, 173)
------------------------------------------------
Final set of assertions AFTER filtering:
(2, 'MT', None, (0.08791773778920309, 121))
(1, 'NL', 8, 28)
(1, 'NL', 3, 43)
(5, 'AG', 6, 38)
(1, 'AG*', 4, 37)
(1, 'AG*', 3, 48)
(1, 'NL', 6, 38)
(1, 'NL', 7, 48)
(1, 'NL', 5, 190)
(1, 'AG*', 0, 25)
(1, 'AG*', 8, 28)
(1, 'NL', 0, 25)
(1, 'NL', 4, 36)
(1, 'AG*', 7, 190)
(2, 'QT', None, 173)
------------------------------------------------
Explanations for AG* inclusion:
   Explanation for (5, 'AG', 6, 38): []
   Explanation for (1, 'AG*', 4, 37): []
   Explanation for (1, 'AG*', 3, 48): []
   Explanation for (1, 'AG*', 0, 25): []
   Explanation for (1, 'AG*', 8, 28): []
   Explanation for (1, 'AG*', 7, 190): []
------------------------------------------------
