VALID BALLOTS 2331
Winner 4
Winner 2
Computing AG relationships
7 AG 5 = 105
7 AG 6 = 167
4 AG 5 = 29
4 AG 6 = 31
4 AG 8 = 53
4 AG 3 = 42
9 AG 5 = 79
9 AG 6 = 165
2 AG 5 = 30
2 AG 6 = 27
2 AG 8 = 26
2 AG 3 = 38
Ruling out candidates: [(5, 30), (6, 31), (8, 53), (3, 42)]
STAGE 1 ASN (Ruling out candidates): 53
ALTERNATE OUTCOME PAIR: 1,7
   (1) can we show that 4 NL 7?
        a. margin -0.04676104676104642
      no
   (1) can we show that 4 NL 1?
        a. margin 0.011583011583011782
      yes, 134, ags used 53 = 134
   (1) can we show that 9 NL 7?
        a. margin -0.22908622908622933
      no
   (1) can we show that 9 NL 1?
        a. margin -0.10582010582010637
      no
   (1) can we show that 2 NL 7?
        a. margin -0.10710710710710725
      no
   (1) can we show that 2 NL 1?
        a. margin -0.024739024739025228
      no
      Best assertion(s) require sample: 134

ALTERNATE OUTCOME PAIR: 1,4
   (1) can we show that 7 NL 4?
        a. margin -0.28185328185328196
      no
   (1) can we show that 7 NL 1?
        a. margin -0.09352209352209406
      no
   (1) can we show that 9 NL 4?
        a. margin -0.2829972829972829
      no
   (1) can we show that 9 NL 1?
        a. margin -0.09466609466609521
      no
   (1) can we show that 2 NL 4?
        a. margin -0.1607321607321608
      no
   (1) can we show that 2 NL 1?
        a. margin -0.013871013871014082
      no

ALTERNATE OUTCOME PAIR: 1,9
   (1) can we show that 7 NL 9?
        a. margin -0.10138710138710161
      no
   (1) can we show that 7 NL 1?
        a. margin -0.09223509223509263
      no
   (1) can we show that 4 NL 9?
        a. margin 0.0045760045760046
      yes, 225, ags used 53 = 225
   (1) can we show that 4 NL 1?
        a. margin 0.02016302016301985
      yes, 107, ags used 53 = 107
   (1) can we show that 2 NL 9?
        a. margin -0.032747032747032834
      no
   (1) can we show that 2 NL 1?
        a. margin -0.013585013585014294
      no
      Best assertion(s) require sample: 107

ALTERNATE OUTCOME PAIR: 1,2
   (1) can we show that 7 NL 2?
        a. margin -0.1940511940511942
      no
   (1) can we show that 7 NL 1?
        a. margin -0.10010010010010073
      no
   (1) can we show that 4 NL 2?
        a. margin -0.06778206778206797
      no
   (1) can we show that 4 NL 1?
        a. margin 0.011154011154011378
      yes, 136, ags used 53 = 136
   (1) can we show that 9 NL 2?
        a. margin -0.20749320749320765
      no
   (1) can we show that 9 NL 1?
        a. margin -0.10110110110110182
      no
      Best assertion(s) require sample: 136

ALTERNATE OUTCOME PAIR: 7,4
   (1) can we show that 1 NL 4?
        a. margin -0.3720863720863721
      no
   (1) can we show that 1 NL 7?
        a. margin -0.2890032890032893
      no
   (1) can we show that 9 NL 4?
        a. margin -0.27456027456027476
      no
   (1) can we show that 9 NL 7?
        a. margin -0.20577720577720615
      no
   (1) can we show that 2 NL 4?
        a. margin -0.1525811525811529
      no
   (1) can we show that 2 NL 7?
        a. margin -0.08322608322608405
      no

ALTERNATE OUTCOME PAIR: 7,9
   (1) can we show that 1 NL 9?
        a. margin -0.18632918632918627
      no
   (1) can we show that 1 NL 7?
        a. margin -0.2994422994422996
      no
   (1) can we show that 4 NL 9?
        a. margin 0.00028600028600012095
      yes, 200, ags used 53 = 200
   (1) can we show that 4 NL 7?
        a. margin -0.03575003575003599
      no
   (1) can we show that 2 NL 9?
        a. margin -0.029315029315029606
      no
   (1) can we show that 2 NL 7?
        a. margin -0.09094809094809131
      no
      Best assertion(s) require sample: 200

ALTERNATE OUTCOME PAIR: 7,2
   (1) can we show that 1 NL 2?
        a. margin -0.27599027599027603
      no
   (1) can we show that 1 NL 7?
        a. margin -0.29357929357929435
      no
   (1) can we show that 4 NL 2?
        a. margin -0.06249106249106262
      no
   (1) can we show that 4 NL 7?
        a. margin -0.03517803517803475
      no
   (1) can we show that 9 NL 2?
        a. margin -0.20020020020020046
      no
   (1) can we show that 9 NL 7?
        a. margin -0.20777920777920922
      no

ALTERNATE OUTCOME PAIR: 4,9
   (1) can we show that 1 NL 9?
        a. margin -0.18103818103818126
      no
   (1) can we show that 1 NL 4?
        a. margin -0.36994136994137006
      no
   (1) can we show that 7 NL 9?
        a. margin -0.09452309452309482
      no
   (1) can we show that 7 NL 4?
        a. margin -0.2749892749892753
      no
   (1) can we show that 2 NL 9?
        a. margin -0.022165022165022252
      no
   (1) can we show that 2 NL 4?
        a. margin -0.1472901472901479
      no

ALTERNATE OUTCOME PAIR: 9,2
   (1) can we show that 1 NL 2?
        a. margin -0.28285428285428293
      no
   (1) can we show that 1 NL 9?
        a. margin -0.19390819390819425
      no
   (1) can we show that 7 NL 2?
        a. margin -0.1957671957671957
      no
   (1) can we show that 7 NL 9?
        a. margin -0.10553410553410558
      no
   (1) can we show that 4 NL 2?
        a. margin -0.06921206921206924
      no
   (1) can we show that 4 NL 9?
        a. margin 0.007722007722007707
      yes, 290, ags used 53 = 290
      Best assertion(s) require sample: 290

RULE OUT PAIR STAGE ASN 290
------------------------------------------------
Alternate outcome cannot be ruled out: 1,4
Alternate outcome cannot be ruled out: 7,4
Alternate outcome cannot be ruled out: 7,2
Alternate outcome cannot be ruled out: 4,9
Full audit not possible
PARTIAL audit sample size: 290
------------------------------------------------
Final set of assertions generated:
(1, 'AG', 7, 26)
(3, 'AG', 7, 53)
(3, 'AG', 2, 42)
4 NL 9 = 290 [rules out (9, 2), G = {2, 4, 5, 7}, O = set()]
(1, 'AG', 2, 38)
4 NL 9 = 200 [rules out (7, 9), G = {2, 4, 5, 7}, O = set()]

4 NL 1 = 136 [rules out (1, 2), G = {2, 4, 5, 7}, O = set()]
4 NL 1 = 134 [rules out (1, 7), G = {2, 4, 5, 7}, O = set()]
(1, 'AG', 4, 30)
(3, 'AG', 4, 29)
4 NL 1 = 107 [rules out (1, 9), G = {2, 4, 5, 7}, O = set()]
(1, 'AG', 5, 27)
(3, 'AG', 5, 31)
[] are verified winners with these assertions.
[1, 2, 4, 7, 9] remain as potential winners in this audit.
------------------------------------------------
