VALID BALLOTS 4061
Winner 1
Winner 2
Computing AG relationships
1 AG 4 = 53
1 AG 6 = 56
1 AG 3 = 37
2 AG 4 = 2867
2 AG 6 = 61
2 AG 3 = 108
Ruling out candidates: [(4, 2867), (6, 61), (3, 108)]
STAGE 1 ASN (Ruling out candidates): 2867
RULE OUT PAIR STAGE ASN 0
------------------------------------------------
FULL audit sample size: 2867
------------------------------------------------
Final set of assertions generated:
(1, 'AG', 5, 61)
(1, 'AG', 3, 2867)
(1, 'AG', 2, 108)
(0, 'AG', 5, 56)
(0, 'AG', 3, 53)
(0, 'AG', 2, 37)
All winners are verified in audit.
------------------------------------------------
