VALID BALLOTS 10353
Winner 1
Winner 4
Computing AG relationships
Ruling out candidates: []
STAGE 1 ASN (Ruling out candidates): 0
ALTERNATE OUTCOME PAIR: 3,2
   (1) can we show that 1 NL 2?
        a. margin -0.10438198267812882
      no
   (1) can we show that 1 NL 3?
        a. margin -0.09491612737048849
      no
   (1) can we show that 5 NL 2?
        a. margin -0.2239286519205388
      no
   (1) can we show that 5 NL 3?
        a. margin -0.11230239222125649
      no
   (1) can we show that 4 NL 2?
        a. margin -0.25309894072571604
      no
   (1) can we show that 4 NL 3?
        a. margin -0.012975305064554576
      no
   (1) can we show that 4 NL 2?
        a. margin -0.25309894072571604
      no
   (1) can we show that 4 NL 3?
        a. margin -0.012975305064554576
      no

ALTERNATE OUTCOME PAIR: 3,1
   (1) can we show that 2 NL 1?
        a. margin -0.125342090859332
      no
   (1) can we show that 2 NL 3?
        a. margin -0.1331659100421777
      no
   (1) can we show that 5 NL 1?
        a. margin -0.21333590907627453
      no
   (1) can we show that 5 NL 3?
        a. margin -0.11078914324350375
      no
   (1) can we show that 4 NL 1?
        a. margin -0.24418043079300722
      no
   (1) can we show that 4 NL 3?
        a. margin -0.011236678579477521
      no
   (1) can we show that 4 NL 1?
        a. margin -0.24418043079300722
      no
   (1) can we show that 4 NL 3?
        a. margin -0.011236678579477521
      no

ALTERNATE OUTCOME PAIR: 3,5
   (1) can we show that 2 NL 5?
        a. margin -0.13001062493963045
      no
   (1) can we show that 2 NL 3?
        a. margin -0.12450497440355468
      no
   (1) can we show that 1 NL 5?
        a. margin -0.09601081812035162
      no
   (1) can we show that 1 NL 3?
        a. margin -0.08506391062172047
      no
   (1) can we show that 4 NL 5?
        a. margin -0.1876428732412505
      no
   (1) can we show that 4 NL 3?
        a. margin -0.011107891432435069
      no
   (1) can we show that 4 NL 5?
        a. margin -0.1876428732412505
      no
   (1) can we show that 4 NL 3?
        a. margin -0.011107891432435069
      no

ALTERNATE OUTCOME PAIR: 3,4
   (1) can we show that 2 NL 4?
        a. margin -0.20805563604752242
      no
   (1) can we show that 2 NL 3?
        a. margin -0.10348047264882976
      no
   (1) can we show that 1 NL 4?
        a. margin -0.17247818667696957
      no
   (1) can we show that 1 NL 3?
        a. margin -0.06442577030812324
      no
   (1) can we show that 5 NL 4?
        a. margin -0.21111433078978747
      no
   (1) can we show that 5 NL 3?
        a. margin -0.09047297079751437
      no

ALTERNATE OUTCOME PAIR: 3,4
   (1) can we show that 2 NL 4?
        a. margin -0.20805563604752242
      no
   (1) can we show that 2 NL 3?
        a. margin -0.10348047264882976
      no
   (1) can we show that 1 NL 4?
        a. margin -0.17247818667696957
      no
   (1) can we show that 1 NL 3?
        a. margin -0.06442577030812324
      no
   (1) can we show that 5 NL 4?
        a. margin -0.21111433078978747
      no
   (1) can we show that 5 NL 3?
        a. margin -0.09047297079751437
      no

ALTERNATE OUTCOME PAIR: 2,1
   (1) can we show that 3 NL 1?
        a. margin -0.37209826459319373
      no
   (1) can we show that 3 NL 2?
        a. margin -0.3709391802698091
      no
   (1) can we show that 5 NL 1?
        a. margin -0.17202743166232015
      no
   (1) can we show that 5 NL 2?
        a. margin -0.16748768472906406
      no
   (1) can we show that 4 NL 1?
        a. margin -0.19833220644579674
      no
   (1) can we show that 4 NL 2?
        a. margin -0.19472616632860063
      no
   (1) can we show that 4 NL 1?
        a. margin -0.19833220644579674
      no
   (1) can we show that 4 NL 2?
        a. margin -0.19472616632860063
      no

ALTERNATE OUTCOME PAIR: 2,5
   (1) can we show that 3 NL 5?
        a. margin -0.34128593966322174
      no
   (1) can we show that 3 NL 2?
        a. margin -0.39627805145046546
      no
   (1) can we show that 1 NL 5?
        a. margin -0.09691232814965067
      no
   (1) can we show that 1 NL 2?
        a. margin -0.0788821275636693
      no
   (1) can we show that 4 NL 5?
        a. margin -0.15908432338452638
      no
   (1) can we show that 4 NL 2?
        a. margin -0.22309153546476113
      no
   (1) can we show that 4 NL 5?
        a. margin -0.15908432338452638
      no
   (1) can we show that 4 NL 2?
        a. margin -0.22309153546476113
      no

ALTERNATE OUTCOME PAIR: 2,4
   (1) can we show that 3 NL 4?
        a. margin -0.36755851765993763
      no
   (1) can we show that 3 NL 2?
        a. margin -0.4214559386973181
      no
   (1) can we show that 1 NL 4?
        a. margin -0.1813323030361571
      no
   (1) can we show that 1 NL 2?
        a. margin -0.09652596670852254
      no
   (1) can we show that 5 NL 4?
        a. margin -0.21191925045880433
      no
   (1) can we show that 5 NL 2?
        a. margin -0.21645899739206065
      no

ALTERNATE OUTCOME PAIR: 2,4
   (1) can we show that 3 NL 4?
        a. margin -0.36755851765993763
      no
   (1) can we show that 3 NL 2?
        a. margin -0.4214559386973181
      no
   (1) can we show that 1 NL 4?
        a. margin -0.1813323030361571
      no
   (1) can we show that 1 NL 2?
        a. margin -0.09652596670852254
      no
   (1) can we show that 5 NL 4?
        a. margin -0.21191925045880433
      no
   (1) can we show that 5 NL 2?
        a. margin -0.21645899739206065
      no

ALTERNATE OUTCOME PAIR: 1,5
   (1) can we show that 3 NL 5?
        a. margin -0.3409317750088542
      no
   (1) can we show that 3 NL 1?
        a. margin -0.38748832866479954
      no
   (1) can we show that 2 NL 5?
        a. margin -0.13284394217457074
      no
   (1) can we show that 2 NL 1?
        a. margin -0.11487813516211087
      no
   (1) can we show that 4 NL 5?
        a. margin -0.15940629125213313
      no
   (1) can we show that 4 NL 1?
        a. margin -0.2167487684729067
      no
   (1) can we show that 4 NL 5?
        a. margin -0.15940629125213313
      no
   (1) can we show that 4 NL 1?
        a. margin -0.2167487684729067
      no

ALTERNATE OUTCOME PAIR: 5,4
   (1) can we show that 3 NL 4?
        a. margin -0.35915515631539974
      no
   (1) can we show that 3 NL 5?
        a. margin -0.35976689526385286
      no
   (1) can we show that 2 NL 4?
        a. margin -0.20444959593032608
      no
   (1) can we show that 2 NL 5?
        a. margin -0.11520010302971762
      no
   (1) can we show that 1 NL 4?
        a. margin -0.16690814256737163
      no
   (1) can we show that 1 NL 5?
        a. margin -0.08097491870311335
      no

ALTERNATE OUTCOME PAIR: 5,4
   (1) can we show that 3 NL 4?
        a. margin -0.35915515631539974
      no
   (1) can we show that 3 NL 5?
        a. margin -0.35976689526385286
      no
   (1) can we show that 2 NL 4?
        a. margin -0.20444959593032608
      no
   (1) can we show that 2 NL 5?
        a. margin -0.11520010302971762
      no
   (1) can we show that 1 NL 4?
        a. margin -0.16690814256737163
      no
   (1) can we show that 1 NL 5?
        a. margin -0.08097491870311335
      no

RULE OUT PAIR STAGE ASN 0
------------------------------------------------
EXAMINING WAYS TO REDUCE COST OF AUDIT
------------------------------------------------
Alternate outcome cannot be ruled out: 3,2
Alternate outcome cannot be ruled out: 3,1
Alternate outcome cannot be ruled out: 3,5
Alternate outcome cannot be ruled out: 3,4
Alternate outcome cannot be ruled out: 3,4
Alternate outcome cannot be ruled out: 2,1
Alternate outcome cannot be ruled out: 2,5
Alternate outcome cannot be ruled out: 2,4
Alternate outcome cannot be ruled out: 2,4
Alternate outcome cannot be ruled out: 1,5
Alternate outcome cannot be ruled out: 5,4
Alternate outcome cannot be ruled out: 5,4
Full audit not possible
PARTIAL audit sample size: 0
------------------------------------------------
Final set of assertions generated:
[] are verified winners with these assertions.
[1, 2, 3, 4, 5] remain as potential winners in this audit.
------------------------------------------------
