VALID BALLOTS 3834
Winner 5
Winner 3
Computing AG relationships
5 AG 8 = 22
5 AG 6 = 36
5 AG 2 = 28
5 AG 7 = 24
5 AG 4 = 63
5 AG 1 = 1736
1 AG 8 = 40
1 AG 6 = 97
3 AG 8 = 36
3 AG 6 = 55
3 AG 4 = 1010
Ruling out candidates: [(8, 36), (6, 55), (4, 1010)]
STAGE 1 ASN (Ruling out candidates): 1010
ALTERNATE OUTCOME PAIR: 2,7
   (1) can we show that 5 NL 7?
        a. margin 0.19196661450182617
      yes, 23, ags used 22 = 23
   (1) can we show that 5 NL 2?
        a. margin 0.16405842462180487
      yes, 27, ags used 22 = 27
   (1) can we show that 1 NL 7?
        a. margin 0.12902103981916202
      yes, 35, ags used 24 = 35
   (1) can we show that 1 NL 2?
        a. margin 0.13119457485654662
      yes, 34, ags used 28 = 34
   (1) can we show that 3 NL 7?
        a. margin 0.12232655190401687
      yes, 36, ags used 36 = 36
   (1) can we show that 3 NL 2?
        a. margin 0.12928186402364816
      yes, 35, ags used 28 = 35
      Best assertion(s) require sample: 23

ALTERNATE OUTCOME PAIR: 2,5
   (1) can we show that 7 NL 5?
        a. margin -0.35298209007129233
      no
   (1) can we show that 7 NL 2?
        a. margin -0.07772561293688063
      no
   (1) can we show that 1 NL 5?
        a. margin -0.24474004520952874
      no
   (1) can we show that 1 NL 2?
        a. margin -0.0013041210224301603
      no
   (1) can we show that 3 NL 5?
        a. margin -0.18866284124500077
      no
   (1) can we show that 3 NL 2?
        a. margin 0.017909928708051304
      yes, 170, ags used 55 = 170
      Best assertion(s) require sample: 170

ALTERNATE OUTCOME PAIR: 2,1
   (1) can we show that 7 NL 1?
        a. margin -0.22161363241175458
      no
   (1) can we show that 7 NL 2?
        a. margin -0.048339419231437475
      no
   (1) can we show that 5 NL 1?
        a. margin 0.004607894279255786
      yes, 57, ags used 36 = 57
   (1) can we show that 5 NL 2?
        a. margin 0.1735350373848028
      yes, 18, ags used 24 = 24
   (1) can we show that 3 NL 1?
        a. margin -0.017822987306555294
      no
   (1) can we show that 3 NL 2?
        a. margin 0.13484611371935373
      yes, 33, ags used 28 = 33
      Best assertion(s) require sample: 24

ALTERNATE OUTCOME PAIR: 2,3
   (1) can we show that 7 NL 3?
        a. margin -0.2915145192140499
      no
   (1) can we show that 7 NL 2?
        a. margin -0.046774474004520505
      no
   (1) can we show that 5 NL 3?
        a. margin 0.03199443575030414
      yes, 97, ags used 63 = 97
   (1) can we show that 5 NL 2?
        a. margin 0.17501304121022487
      yes, 18, ags used 24 = 24
   (1) can we show that 1 NL 3?
        a. margin -0.15023474178403773
      no
   (1) can we show that 1 NL 2?
        a. margin 0.14058424621805
      yes, 32, ags used 28 = 32
      Best assertion(s) require sample: 24

ALTERNATE OUTCOME PAIR: 7,5
   (1) can we show that 2 NL 5?
        a. margin -0.3960180838115108
      no
   (1) can we show that 2 NL 7?
        a. margin -0.26925752043122864
      no
   (1) can we show that 1 NL 5?
        a. margin -0.23056859676577968
      no
   (1) can we show that 1 NL 7?
        a. margin -0.11058946270213788
      no
   (1) can we show that 3 NL 5?
        a. margin -0.17344809598330702
      no
   (1) can we show that 3 NL 7?
        a. margin -0.06529299252303866
      no

ALTERNATE OUTCOME PAIR: 7,1
   (1) can we show that 2 NL 1?
        a. margin -0.24665275604242753
      no
   (1) can we show that 2 NL 7?
        a. margin -0.05173013388975822
      no
   (1) can we show that 5 NL 1?
        a. margin 0.003999304468788045
      yes, 107, ags used 63 = 107
   (1) can we show that 5 NL 7?
        a. margin 0.19127108328986275
      yes, 23, ags used 22 = 23
   (1) can we show that 3 NL 1?
        a. margin -0.01817075291253689
      no
   (1) can we show that 3 NL 7?
        a. margin 0.12093548948009047
      yes, 37, ags used 36 = 37
      Best assertion(s) require sample: 23

ALTERNATE OUTCOME PAIR: 7,3
   (1) can we show that 2 NL 3?
        a. margin -0.35758998435054756
      no
   (1) can we show that 2 NL 7?
        a. margin -0.049034950443401226
      no
   (1) can we show that 5 NL 3?
        a. margin 0.005303425491218983
      yes, 1040, ags used 1736 = 1736
   (1) can we show that 5 NL 7?
        a. margin 0.19361850113023849
      yes, 23, ags used 22 = 23
   (1) can we show that 1 NL 3?
        a. margin -0.1491914449660926
      no
   (1) can we show that 1 NL 7?
        a. margin 0.12962962962962954
      yes, 35, ags used 24 = 35
      Best assertion(s) require sample: 23

ALTERNATE OUTCOME PAIR: 5,1
   (1) can we show that 2 NL 1?
        a. margin -0.257868196835333
      no
   (1) can we show that 2 NL 5?
        a. margin -0.41540601634498353
      no
   (1) can we show that 7 NL 1?
        a. margin -0.22856894453138588
      no
   (1) can we show that 7 NL 5?
        a. margin -0.3539384454877409
      no
   (1) can we show that 3 NL 1?
        a. margin -0.027560424274039264
      no
   (1) can we show that 3 NL 5?
        a. margin -0.19466179794818284
      no

ALTERNATE OUTCOME PAIR: 1,3
   (1) can we show that 2 NL 3?
        a. margin -0.3366371065901582
      no
   (1) can we show that 2 NL 1?
        a. margin -0.23578508085550365
      no
   (1) can we show that 7 NL 3?
        a. margin -0.26751869240132153
      no
   (1) can we show that 7 NL 1?
        a. margin -0.2100504260128675
      no
   (1) can we show that 5 NL 3?
        a. margin 0.05607720396452831
      yes, 55, ags used 36 = 55
   (1) can we show that 5 NL 1?
        a. margin 0.01617110067814287
      yes, 39, ags used 36 = 39
      Best assertion(s) require sample: 39

RULE OUT PAIR STAGE ASN 170
------------------------------------------------
Alternate outcome cannot be ruled out: 7,5
Alternate outcome cannot be ruled out: 5,1
Full audit not possible
PARTIAL audit sample size: 1010
------------------------------------------------
Final set of assertions generated:
(4, 'AG', 5, 36)
(2, 'AG', 5, 55)
(4, 'AG', 7, 22)
(2, 'AG', 7, 36)
5 NL 7 = 23 [rules out (2, 7), G = {7}, O = set()]

5 NL 7 = 23 [rules out (7, 3), G = {7}, O = set()]
(4, 'AG', 1, 28)
5 NL 1 = 39 [rules out (1, 3), G = {1, 5, 6, 7}, O = set()]
3 NL 2 = 170 [rules out (2, 5), G = {5, 7}, O = set()]
(2, 'AG', 3, 1010)
(4, 'AG', 6, 24)
(4, 'AG', 3, 63)
5 NL 7 = 23 [rules out (7, 1), G = {7}, O = set()]
5 NL 2 = 24 [rules out (2, 3), G = {6, 7}, O = set()]
5 NL 2 = 24 [rules out (2, 1), G = {6, 7}, O = set()]
[5] are verified winners with these assertions.
[1, 3, 7] remain as potential winners in this audit.
------------------------------------------------
