VALID BALLOTS 6709
Winner 6
Winner 4
Computing AG relationships
5 AG 3 = 55
5 AG 2 = 101
7 AG 3 = 32
7 AG 2 = 41
7 AG 8 = 411
6 AG 3 = 54
6 AG 2 = 97
4 AG 3 = 20
4 AG 2 = 24
4 AG 8 = 32
4 AG 1 = 328
1 AG 3 = 29
1 AG 2 = 46
Ruling out candidates: [(3, 29), (2, 41), (8, 411)]
STAGE 1 ASN (Ruling out candidates): 411
ALTERNATE OUTCOME PAIR: 5,7
   (1) can we show that 6 NL 7?
        a. margin -0.2365479207035326
      no
   (1) can we show that 6 NL 5?
        a. margin -0.06762060913201207
      no
   (1) can we show that 4 NL 7?
        a. margin 0.0052168728573558365
      yes, 1098, ags used 328 = 1098
   (1) can we show that 4 NL 5?
        a. margin 0.020917175932825938
      yes, 218, ags used 328 = 328
   (1) can we show that 1 NL 7?
        a. margin -0.1738460774084568
      no
   (1) can we show that 1 NL 5?
        a. margin -0.17175932826551477
      no
      Best assertion(s) require sample: 328

ALTERNATE OUTCOME PAIR: 5,6
   (1) can we show that 7 NL 6?
        a. margin -0.10662294430367236
      no
   (1) can we show that 7 NL 5?
        a. margin -0.09385402692900147
      no
   (1) can we show that 4 NL 6?
        a. margin 0.04004570974313015
      yes, 114, ags used 328 = 328
   (1) can we show that 4 NL 5?
        a. margin 0.05226809758036355
      yes, 87, ags used 328 = 328
   (1) can we show that 1 NL 6?
        a. margin -0.16018283897252505
      no
   (1) can we show that 1 NL 5?
        a. margin -0.14179957271327148
      no
      Best assertion(s) require sample: 328

ALTERNATE OUTCOME PAIR: 5,4
   (1) can we show that 7 NL 4?
        a. margin -0.22904556068962134
      no
   (1) can we show that 7 NL 5?
        a. margin -0.125254633079943
      no
   (1) can we show that 6 NL 4?
        a. margin -0.29184677299150397
      no
   (1) can we show that 6 NL 5?
        a. margin -0.062850896805287
      no
   (1) can we show that 1 NL 4?
        a. margin -0.252546330799424
      no
   (1) can we show that 1 NL 5?
        a. margin -0.17379639290505378
      no

ALTERNATE OUTCOME PAIR: 5,1
   (1) can we show that 7 NL 1?
        a. margin -0.013911660952948823
      no
   (1) can we show that 7 NL 5?
        a. margin -0.1358871168082676
      no
   (1) can we show that 6 NL 1?
        a. margin -0.08948179062950279
      no
   (1) can we show that 6 NL 5?
        a. margin -0.07169473841108953
      no
   (1) can we show that 4 NL 1?
        a. margin 0.0149053510210162
      yes, 188, ags used 32 = 188
   (1) can we show that 4 NL 5?
        a. margin -0.06235405177125264
      no
      Best assertion(s) require sample: 188

ALTERNATE OUTCOME PAIR: 7,6
   (1) can we show that 5 NL 6?
        a. margin -0.07447707060168007
      no
   (1) can we show that 5 NL 7?
        a. margin -0.24251006111193918
      no
   (1) can we show that 4 NL 6?
        a. margin 0.008992895116012756
      yes, 503, ags used 328 = 503
   (1) can we show that 4 NL 7?
        a. margin 0.006757092462860381
      yes, 851, ags used 328 = 851
   (1) can we show that 1 NL 6?
        a. margin -0.1889998509464903
      no
   (1) can we show that 1 NL 7?
        a. margin -0.17195806627912769
      no
      Best assertion(s) require sample: 503

ALTERNATE OUTCOME PAIR: 7,4
   (1) can we show that 5 NL 4?
        a. margin -0.27579867839220995
      no
   (1) can we show that 5 NL 7?
        a. margin -0.2151835842400759
      no
   (1) can we show that 6 NL 4?
        a. margin -0.271078650568887
      no
   (1) can we show that 6 NL 7?
        a. margin -0.20703532568191996
      no
   (1) can we show that 1 NL 4?
        a. margin -0.24921746907139686
      no
   (1) can we show that 1 NL 7?
        a. margin -0.16376012321756894
      no

ALTERNATE OUTCOME PAIR: 7,1
   (1) can we show that 5 NL 1?
        a. margin -0.07894867590798449
      no
   (1) can we show that 5 NL 7?
        a. margin -0.21697222636259839
      no
   (1) can we show that 6 NL 1?
        a. margin -0.0782530928603371
      no
   (1) can we show that 6 NL 7?
        a. margin -0.20867491429423235
      no
   (1) can we show that 4 NL 1?
        a. margin 0.025736572762954824
      yes, 130, ags used 32 = 130
   (1) can we show that 4 NL 7?
        a. margin -0.05698812540368714
      no
      Best assertion(s) require sample: 130

ALTERNATE OUTCOME PAIR: 6,1
   (1) can we show that 5 NL 1?
        a. margin -0.0901276891737468
      no
   (1) can we show that 5 NL 6?
        a. margin -0.08585482188105598
      no
   (1) can we show that 7 NL 1?
        a. margin -0.013812291946142419
      no
   (1) can we show that 7 NL 6?
        a. margin -0.15099120584289782
      no
   (1) can we show that 4 NL 1?
        a. margin 0.01500472002782316
      yes, 187, ags used 32 = 187
   (1) can we show that 4 NL 6?
        a. margin -0.07596760570378136
      no
      Best assertion(s) require sample: 187

ALTERNATE OUTCOME PAIR: 4,1
   (1) can we show that 5 NL 1?
        a. margin -0.15774829830575876
      no
   (1) can we show that 5 NL 4?
        a. margin -0.2697371689769965
      no
   (1) can we show that 7 NL 1?
        a. margin -0.062552789784867
      no
   (1) can we show that 7 NL 4?
        a. margin -0.22218909921995378
      no
   (1) can we show that 6 NL 1?
        a. margin -0.15655587022407735
      no
   (1) can we show that 6 NL 4?
        a. margin -0.26437124260942957
      no

RULE OUT PAIR STAGE ASN 503
------------------------------------------------
EXAMINING WAYS TO REDUCE COST OF AUDIT
------------------------------------------------
Alternate outcome cannot be ruled out: 5,4
Alternate outcome cannot be ruled out: 7,4
Alternate outcome cannot be ruled out: 4,1
Full audit not possible
PARTIAL audit sample size: 503
------------------------------------------------
Final set of assertions generated:
4 NL 5 = 328 [rules out (5, 7), G = {0, 1, 2, 7}, O = set()]
(3, 'AG', 2, 20)
4 NL 1 = 187 [rules out (6, 1), G = {1, 2, 7}, O = set()]

(0, 'AG', 2, 29)
(6, 'AG', 1, 41)
(3, 'AG', 0, 328)
4 NL 1 = 130 [rules out (7, 1), G = {1, 2, 7}, O = set()]

4 NL 1 = 188 [rules out (5, 1), G = {1, 2, 7}, O = set()]

(3, 'AG', 7, 32)
(6, 'AG', 7, 411)
4 NL 6 = 503 [rules out (7, 6), G = {0, 1, 2, 7}, O = set()]

(3, 'AG', 1, 24)
4 NL 6 = 328 [rules out (5, 6), G = {0, 1, 2, 7}, O = set()]

[4] are verified winners with these assertions.
[1, 5, 6, 7] remain as potential winners in this audit.
------------------------------------------------
