VALID BALLOTS 8369
Winner 2
Winner 7
Computing AG relationships
4 AG 1 = 2777
2 AG 1 = 23
2 AG 6 = 108
2 AG 5 = 33
2 AG 4 = 45
3 AG 1 = 112
8 AG 1 = 73
8 AG 9 = 127
7 AG 1 = 27
7 AG 6 = 81
Ruling out candidates: [(1, 27), (6, 108)]
STAGE 1 ASN (Ruling out candidates): 108
ALTERNATE OUTCOME PAIR: 5,9
   (1) can we show that 4 NL 9?
        a. margin -0.01824192456287088
      no
   (1) can we show that 4 NL 5?
        a. margin -0.008165053570717395
      no
   (1) can we show that 2 NL 9?
        a. margin 0.05544270522165129
      yes, 82, ags used 45 = 82
   (1) can we show that 2 NL 5?
        a. margin 0.13872625164296837
      yes, 32, ags used 23 = 32
   (1) can we show that 3 NL 9?
        a. margin 0.020313060102760128
      yes, 225, ags used 127 = 225
   (1) can we show that 3 NL 5?
        a. margin 0.010992950173258409
      yes, 465, ags used 112 = 465
   (1) can we show that 8 NL 9?
        a. margin 0.03628470147767571
      yes, 121, ags used 73 = 121
   (1) can we show that 8 NL 5?
        a. margin 0.03879396184331063
      yes, 114, ags used 73 = 114
   (1) can we show that 7 NL 9?
        a. margin 0.004859202612817137
      yes, 29, ags used 127 = 127
   (1) can we show that 7 NL 5?
        a. margin 0.1576452782092641
      yes, 29, ags used 33 = 33
      Best assertion(s) require sample: 32

ALTERNATE OUTCOME PAIR: 5,4
   (1) can we show that 9 NL 4?
        a. margin -0.06448400844386015
      no
   (1) can we show that 9 NL 5?
        a. margin -0.026964591548173544
      no
   (1) can we show that 2 NL 4?
        a. margin 0.10534910582706036
      yes, 42, ags used 23 = 42
   (1) can we show that 2 NL 5?
        a. margin 0.14342613613733213
      yes, 31, ags used 23 = 31
   (1) can we show that 3 NL 4?
        a. margin -0.018401242681323926
      no
   (1) can we show that 3 NL 5?
        a. margin 0.017365674911379525
      yes, 240, ags used 112 = 240
   (1) can we show that 8 NL 4?
        a. margin 0.007806587804197962
      yes, 61, ags used 127 = 127
   (1) can we show that 8 NL 5?
        a. margin 0.045684470466404115
      yes, 97, ags used 73 = 97
   (1) can we show that 7 NL 4?
        a. margin 0.12211733779423994
      yes, 37, ags used 45 = 45
   (1) can we show that 7 NL 5?
        a. margin 0.163659537180866
      yes, 27, ags used 33 = 33
      Best assertion(s) require sample: 31

ALTERNATE OUTCOME PAIR: 5,2
   (1) can we show that 9 NL 2?
        a. margin -0.43059704464890236
      no
   (1) can we show that 9 NL 5?
        a. margin -0.3179591349026162
      no
   (1) can we show that 4 NL 2?
        a. margin -0.32492930258493646
      no
   (1) can we show that 4 NL 5?
        a. margin -0.076632014975903
      no
   (1) can we show that 3 NL 2?
        a. margin -0.36690962679730743
      no
   (1) can we show that 3 NL 5?
        a. margin -0.2558648982355518
      no
   (1) can we show that 8 NL 2?
        a. margin -0.290237782291791
      no
   (1) can we show that 8 NL 5?
        a. margin -0.17807782690086393
      no
   (1) can we show that 7 NL 2?
        a. margin -0.15704783526506605
      no
   (1) can we show that 7 NL 5?
        a. margin -0.05002588919424966
      no

ALTERNATE OUTCOME PAIR: 5,3
   (1) can we show that 9 NL 3?
        a. margin -0.16736368343489882
      no
   (1) can we show that 9 NL 5?
        a. margin -0.031425498864858015
      no
   (1) can we show that 4 NL 3?
        a. margin -0.20125861313577886
      no
   (1) can we show that 4 NL 5?
        a. margin -0.008005735452264351
      no
   (1) can we show that 2 NL 3?
        a. margin 0.055960489106623656
      yes, 82, ags used 45 = 82
   (1) can we show that 2 NL 5?
        a. margin 0.13964233082407285
      yes, 32, ags used 23 = 32
   (1) can we show that 8 NL 3?
        a. margin -0.025610387541323276
      no
   (1) can we show that 8 NL 5?
        a. margin 0.04122356314971953
      yes, 107, ags used 73 = 107
   (1) can we show that 7 NL 3?
        a. margin 0.0021109650695019244
      yes, 490, ags used 81 = 490
   (1) can we show that 7 NL 5?
        a. margin 0.1591189708049543
      yes, 28, ags used 33 = 33
      Best assertion(s) require sample: 32

ALTERNATE OUTCOME PAIR: 5,8
   (1) can we show that 9 NL 8?
        a. margin -0.14952005416816028
      no
   (1) can we show that 9 NL 5?
        a. margin -0.03377544111204045
      no
   (1) can we show that 4 NL 8?
        a. margin -0.19683753534870752
      no
   (1) can we show that 4 NL 5?
        a. margin -0.006532042856574272
      no
   (1) can we show that 2 NL 8?
        a. margin 0.05345122874098873
      yes, 85, ags used 45 = 85
   (1) can we show that 2 NL 5?
        a. margin 0.14179312542318945
      yes, 31, ags used 23 = 31
   (1) can we show that 3 NL 8?
        a. margin -0.14322698848926596
      no
   (1) can we show that 3 NL 5?
        a. margin 0.011152268291711342
      yes, 460, ags used 112 = 460
   (1) can we show that 7 NL 8?
        a. margin -0.0011152268291709788
      no
   (1) can we show that 7 NL 5?
        a. margin 0.15772493726849057
      yes, 29, ags used 33 = 33
      Best assertion(s) require sample: 31

ALTERNATE OUTCOME PAIR: 5,7
   (1) can we show that 9 NL 7?
        a. margin -0.35579718803520943
      no
   (1) can we show that 9 NL 5?
        a. margin -0.023061297646074563
      no
   (1) can we show that 4 NL 7?
        a. margin -0.32520810929222943
      no
   (1) can we show that 4 NL 5?
        a. margin -0.0008364201218783451
      no
   (1) can we show that 2 NL 7?
        a. margin -0.049149639542757084
      no
   (1) can we show that 2 NL 5?
        a. margin 0.14824550922053614
      yes, 30, ags used 23 = 30
   (1) can we show that 3 NL 7?
        a. margin -0.31943282749830737
      no
   (1) can we show that 3 NL 5?
        a. margin 0.02047237822121284
      yes, 207, ags used 112 = 207
   (1) can we show that 8 NL 7?
        a. margin -0.21312781296052907
      no
   (1) can we show that 8 NL 5?
        a. margin 0.04946827577966317
      yes, 90, ags used 73 = 90
      Best assertion(s) require sample: 30

ALTERNATE OUTCOME PAIR: 9,4
   (1) can we show that 5 NL 4?
        a. margin -0.0877046242083881
      no
   (1) can we show that 5 NL 9?
        a. margin -0.06328912255546282
      no
   (1) can we show that 2 NL 4?
        a. margin 0.1030389931094915
      yes, 36, ags used 33 = 36
   (1) can we show that 2 NL 9?
        a. margin 0.01764448161867227
      yes, 23, ags used 127 = 127
   (1) can we show that 3 NL 4?
        a. margin -0.02254351376110253
      no
   (1) can we show that 3 NL 9?
        a. margin 0.02023340104353344
      yes, 226, ags used 127 = 226
   (1) can we show that 8 NL 4?
        a. margin 0.003305850957900036
      yes, 2001, ags used 73 = 2001
   (1) can we show that 8 NL 9?
        a. margin 0.03620504241844902
      yes, 121, ags used 73 = 121
   (1) can we show that 7 NL 4?
        a. margin 0.11841319154020802
      yes, 38, ags used 45 = 45
   (1) can we show that 7 NL 9?
        a. margin 0.0047795435535906705
      yes, 29, ags used 127 = 127
      Best assertion(s) require sample: 36

ALTERNATE OUTCOME PAIR: 9,2
   (1) can we show that 5 NL 2?
        a. margin -0.4149042099812801
      no
   (1) can we show that 5 NL 9?
        a. margin -0.0631696339666229
      no
   (1) can we show that 4 NL 2?
        a. margin -0.3311427092046042
      no
   (1) can we show that 4 NL 9?
        a. margin -0.018162265503644415
      no
   (1) can we show that 3 NL 2?
        a. margin -0.37790257697056595
      no
   (1) can we show that 3 NL 9?
        a. margin 0.02043254869159994
      yes, 224, ags used 127 = 224
   (1) can we show that 8 NL 2?
        a. margin -0.36726809256382686
      no
   (1) can we show that 8 NL 9?
        a. margin 0.03668299677380804
      yes, 120, ags used 73 = 120
   (1) can we show that 7 NL 2?
        a. margin -0.1673636834348987
      no
   (1) can we show that 7 NL 9?
        a. margin 0.0052973274385628155
      yes, 29, ags used 127 = 127
      Best assertion(s) require sample: 120

ALTERNATE OUTCOME PAIR: 9,3
   (1) can we show that 5 NL 3?
        a. margin -0.23622894013621687
      no
   (1) can we show that 5 NL 9?
        a. margin -0.06026207830485519
      no
   (1) can we show that 4 NL 3?
        a. margin -0.19110208308439858
      no
   (1) can we show that 4 NL 9?
        a. margin -0.01521488031226359
      no
   (1) can we show that 2 NL 3?
        a. margin 0.004500736846297926
      yes, 40, ags used 45 = 45
   (1) can we show that 2 NL 9?
        a. margin 0.0007567610626515453
      yes, 42, ags used 45 = 45
   (1) can we show that 8 NL 3?
        a. margin -0.09296212211733779
      no
   (1) can we show that 8 NL 9?
        a. margin 0.03935157525789634
      yes, 112, ags used 73 = 112
   (1) can we show that 7 NL 3?
        a. margin 0.005894770382761649
      yes, 253, ags used 81 = 253
   (1) can we show that 7 NL 9?
        a. margin 0.0005576134145848233
      yes, 29, ags used 127 = 127
      Best assertion(s) require sample: 45

ALTERNATE OUTCOME PAIR: 9,8
   (1) can we show that 5 NL 8?
        a. margin -0.2185446289879318
      no
   (1) can we show that 5 NL 9?
        a. margin -0.19321304815390172
      no
   (1) can we show that 4 NL 8?
        a. margin -0.17385589676185942
      no
   (1) can we show that 4 NL 9?
        a. margin -0.14796670251324395
      no
   (1) can we show that 2 NL 8?
        a. margin 0.0148165850161317
      yes, 37, ags used 45 = 45
   (1) can we show that 2 NL 9?
        a. margin 0.03955072290596351
      yes, 31, ags used 45 = 45
   (1) can we show that 3 NL 8?
        a. margin -0.12088262237623004
      no
   (1) can we show that 3 NL 9?
        a. margin -0.09276297446927217
      no
   (1) can we show that 7 NL 8?
        a. margin 0.009160791811048785
      yes, 214, ags used 81 = 214
   (1) can we show that 7 NL 9?
        a. margin 0.03732026924762022
      yes, 92, ags used 81 = 92
      Best assertion(s) require sample: 45

ALTERNATE OUTCOME PAIR: 9,7
   (1) can we show that 5 NL 7?
        a. margin -0.36698928585653423
      no
   (1) can we show that 5 NL 9?
        a. margin -0.058071454176125914
      no
   (1) can we show that 4 NL 7?
        a. margin -0.31736169195841823
      no
   (1) can we show that 4 NL 9?
        a. margin -0.013183574301987355
      no
   (1) can we show that 2 NL 7?
        a. margin 0.0009957382403313897
      yes, 829, ags used 108 = 829
   (1) can we show that 2 NL 9?
        a. margin 0.005655793205082693
      yes, 40, ags used 45 = 45
   (1) can we show that 3 NL 7?
        a. margin -0.3161269765404072
      no
   (1) can we show that 3 NL 9?
        a. margin 0.024455331182538398
      yes, 187, ags used 127 = 187
   (1) can we show that 8 NL 7?
        a. margin -0.2821523877803004
      no
   (1) can we show that 8 NL 9?
        a. margin 0.041900665153144834
      yes, 105, ags used 73 = 105
      Best assertion(s) require sample: 45

ALTERNATE OUTCOME PAIR: 4,2
   (1) can we show that 5 NL 2?
        a. margin -0.3961445015334367
      no
   (1) can we show that 5 NL 4?
        a. margin -0.27872704823356054
      no
   (1) can we show that 9 NL 2?
        a. margin -0.4165372206954233
      no
   (1) can we show that 9 NL 4?
        a. margin -0.3148524315927824
      no
   (1) can we show that 3 NL 2?
        a. margin -0.35304895049189455
      no
   (1) can we show that 3 NL 4?
        a. margin -0.2538335922252759
      no
   (1) can we show that 8 NL 2?
        a. margin -0.2761381288086985
      no
   (1) can we show that 8 NL 4?
        a. margin -0.175568566535229
      no
   (1) can we show that 7 NL 2?
        a. margin -0.14350579519655882
      no
   (1) can we show that 7 NL 4?
        a. margin -0.052375831441431875
      no

ALTERNATE OUTCOME PAIR: 4,3
   (1) can we show that 5 NL 3?
        a. margin -0.24614649300991742
      no
   (1) can we show that 5 NL 4?
        a. margin -0.08587246584617814
      no
   (1) can we show that 9 NL 3?
        a. margin -0.1672840243756719
      no
   (1) can we show that 9 NL 4?
        a. margin -0.06651531445413605
      no
   (1) can we show that 2 NL 3?
        a. margin 0.018480901740550282
      yes, 203, ags used 108 = 203
   (1) can we show that 2 NL 4?
        a. margin 0.10403473134982244
      yes, 35, ags used 33 = 35
   (1) can we show that 8 NL 3?
        a. margin -0.025610387541322943
      no
   (1) can we show that 8 NL 4?
        a. margin 0.005735452264308938
      yes, 63, ags used 127 = 127
   (1) can we show that 7 NL 3?
        a. margin 0.002270283187955302
      yes, 484, ags used 81 = 484
   (1) can we show that 7 NL 4?
        a. margin 0.1200462022543507
      yes, 38, ags used 45 = 45
      Best assertion(s) require sample: 35

ALTERNATE OUTCOME PAIR: 4,8
   (1) can we show that 5 NL 8?
        a. margin -0.24160592663400648
      no
   (1) can we show that 5 NL 4?
        a. margin -0.08575297725733899
      no
   (1) can we show that 9 NL 8?
        a. margin -0.1499980085235193
      no
   (1) can we show that 9 NL 4?
        a. margin -0.06886525670131827
      no
   (1) can we show that 2 NL 8?
        a. margin 0.01569283466762239
      yes, 232, ags used 108 = 232
   (1) can we show that 2 NL 4?
        a. margin 0.10610586688971257
      yes, 35, ags used 33 = 35
   (1) can we show that 3 NL 8?
        a. margin -0.14322698848926596
      no
   (1) can we show that 3 NL 4?
        a. margin -0.022384195642649485
      no
   (1) can we show that 7 NL 8?
        a. margin -0.0011550563587845453
      no
   (1) can we show that 7 NL 4?
        a. margin 0.1184530210698207
      yes, 38, ags used 45 = 45
      Best assertion(s) require sample: 35

ALTERNATE OUTCOME PAIR: 4,7
   (1) can we show that 5 NL 7?
        a. margin -0.3739196240092403
      no
   (1) can we show that 5 NL 4?
        a. margin -0.0805353088780022
      no
   (1) can we show that 9 NL 7?
        a. margin -0.3520133827219498
      no
   (1) can we show that 9 NL 4?
        a. margin -0.05890787429800459
      no
   (1) can we show that 2 NL 7?
        a. margin -0.08639024973115061
      no
   (1) can we show that 2 NL 4?
        a. margin 0.11172183056518104
      yes, 33, ags used 33 = 33
   (1) can we show that 3 NL 7?
        a. margin -0.31584816983311426
      no
   (1) can we show that 3 NL 4?
        a. margin -0.013462381009280433
      no
   (1) can we show that 8 NL 7?
        a. margin -0.20934400764726946
      no
   (1) can we show that 8 NL 4?
        a. margin 0.013422551479667089
      yes, 57, ags used 127 = 127
      Best assertion(s) require sample: 33

ALTERNATE OUTCOME PAIR: 2,3
   (1) can we show that 5 NL 3?
        a. margin -0.24379655076273543
      no
   (1) can we show that 5 NL 2?
        a. margin -0.41120006372724727
      no
   (1) can we show that 9 NL 3?
        a. margin -0.1572071533835182
      no
   (1) can we show that 9 NL 2?
        a. margin -0.436491815031664
      no
   (1) can we show that 4 NL 3?
        a. margin -0.19870952324053037
      no
   (1) can we show that 4 NL 2?
        a. margin -0.327677540128251
      no
   (1) can we show that 8 NL 3?
        a. margin -0.01565300513800927
      no
   (1) can we show that 8 NL 2?
        a. margin -0.2960528936153263
      no
   (1) can we show that 7 NL 3?
        a. margin 0.007129485800771995
      yes, 237, ags used 81 = 237
   (1) can we show that 7 NL 2?
        a. margin -0.16377902576970627
      no
      Best assertion(s) require sample: 237

ALTERNATE OUTCOME PAIR: 2,8
   (1) can we show that 5 NL 8?
        a. margin -0.241088142749034
      no
   (1) can we show that 5 NL 2?
        a. margin -0.4122356314971921
      no
   (1) can we show that 9 NL 8?
        a. margin -0.14625403273987336
      no
   (1) can we show that 9 NL 2?
        a. margin -0.4419086310590672
      no
   (1) can we show that 4 NL 8?
        a. margin -0.19631975146373526
      no
   (1) can we show that 4 NL 2?
        a. margin -0.32859361930935616
      no
   (1) can we show that 3 NL 8?
        a. margin -0.14227107977854792
      no
   (1) can we show that 3 NL 2?
        a. margin -0.37734496355598035
      no
   (1) can we show that 7 NL 8?
        a. margin -0.00035846576651954454
      no
   (1) can we show that 7 NL 2?
        a. margin -0.16700521766837972
      no

ALTERNATE OUTCOME PAIR: 3,8
   (1) can we show that 5 NL 8?
        a. margin -0.23459592942207363
      no
   (1) can we show that 5 NL 3?
        a. margin -0.22674951208826255
      no
   (1) can we show that 9 NL 8?
        a. margin -0.14414306767037066
      no
   (1) can we show that 9 NL 3?
        a. margin -0.1684789102640698
      no
   (1) can we show that 4 NL 8?
        a. margin -0.18990719719600124
      no
   (1) can we show that 4 NL 3?
        a. margin -0.1817819731548973
      no
   (1) can we show that 2 NL 8?
        a. margin 0.0019914764806623353
      yes, 42, ags used 45 = 45
   (1) can we show that 2 NL 3?
        a. margin 0.013781017246186078
      yes, 37, ags used 45 = 45
   (1) can we show that 7 NL 8?
        a. margin 0.004460907316683915
      yes, 2137, ags used 81 = 2137
   (1) can we show that 7 NL 3?
        a. margin 0.011869199824749765
      yes, 190, ags used 81 = 190
      Best assertion(s) require sample: 45

ALTERNATE OUTCOME PAIR: 3,7
   (1) can we show that 5 NL 7?
        a. margin -0.36177161747719755
      no
   (1) can we show that 5 NL 3?
        a. margin -0.22909945433544376
      no
   (1) can we show that 9 NL 7?
        a. margin -0.34599912375034847
      no
   (1) can we show that 9 NL 3?
        a. margin -0.1510335762934638
      no
   (1) can we show that 4 NL 7?
        a. margin -0.3123033416975346
      no
   (1) can we show that 4 NL 3?
        a. margin -0.18393276775401224
      no
   (1) can we show that 2 NL 7?
        a. margin 0.006054088501215027
      yes, 485, ags used 108 = 485
   (1) can we show that 2 NL 3?
        a. margin 0.011152268291712009
      yes, 38, ags used 45 = 45
   (1) can we show that 8 NL 7?
        a. margin -0.20336957820528134
      no
   (1) can we show that 8 NL 3?
        a. margin -0.00943959851834153
      no
      Best assertion(s) require sample: 45

ALTERNATE OUTCOME PAIR: 8,7
   (1) can we show that 5 NL 7?
        a. margin -0.35531923367985074
      no
   (1) can we show that 5 NL 8?
        a. margin -0.2299757039869358
      no
   (1) can we show that 9 NL 7?
        a. margin -0.35818695981200466
      no
   (1) can we show that 9 NL 8?
        a. margin -0.13984147847213946
      no
   (1) can we show that 4 NL 7?
        a. margin -0.30573146931134776
      no
   (1) can we show that 4 NL 8?
        a. margin -0.18544628987931644
      no
   (1) can we show that 2 NL 7?
        a. margin 0.012625960887401533
      yes, 244, ags used 108 = 244
   (1) can we show that 2 NL 8?
        a. margin 0.003066873780220636
      yes, 41, ags used 45 = 45
   (1) can we show that 3 NL 7?
        a. margin -0.3077229457920104
      no
   (1) can we show that 3 NL 8?
        a. margin -0.13366790138208462
      no
      Best assertion(s) require sample: 45

RULE OUT PAIR STAGE ASN 237
------------------------------------------------
Alternate outcome cannot be ruled out: 5,2
Alternate outcome cannot be ruled out: 4,2
Alternate outcome cannot be ruled out: 2,8
Full audit not possible
PARTIAL audit sample size: 237
------------------------------------------------
Final set of assertions generated:
2 NL 5 = 30 [rules out (5, 7), G = {0}, O = set()]
2 NL 5 = 31 [rules out (5, 8), G = {0}, O = set()]
(1, 'AG', 5, 108)
2 NL 5 = 32 [rules out (5, 3), G = {0}, O = set()]
2 NL 9 = 45 [rules out (9, 7), G = {0, 3, 4}, O = set()]
2 NL 8 = 45 [rules out (9, 8), G = {0, 3, 4}, O = set()]

7 NL 3 = 237 [rules out (2, 3), G = {0, 5}, O = set()]

(1, 'AG', 4, 33)
2 NL 4 = 35 [rules out (4, 3), G = {0, 4}, O = set()]
(7, 'AG', 0, 73)
(1, 'AG', 3, 45)
(1, 'AG', 0, 23)
8 NL 9 = 120 [rules out (9, 2), G = {0}, O = set()]
2 NL 4 = 35 [rules out (4, 8), G = {0, 4}, O = set()]
2 NL 8 = 45 [rules out (3, 8), G = {0, 3, 4}, O = set()]

2 NL 3 = 45 [rules out (9, 3), G = {0, 3, 4}, O = set()]

2 NL 5 = 31 [rules out (5, 4), G = {0}, O = set()]
2 NL 5 = 32 [rules out (5, 9), G = {0}, O = set()]
2 NL 4 = 33 [rules out (4, 7), G = {0, 4}, O = set()]
(6, 'AG', 0, 27)
(6, 'AG', 5, 81)
2 NL 8 = 45 [rules out (8, 7), G = {0, 3, 4}, O = set()]
2 NL 3 = 45 [rules out (3, 7), G = {0, 3, 4}, O = set()]
2 NL 4 = 36 [rules out (9, 4), G = {0, 4}, O = set()]

[2] are verified winners with these assertions.
[4, 5, 7, 8] remain as potential winners in this audit.
------------------------------------------------
