VALID BALLOTS 3508
30 ballot checks required to assert that first winner has a quota's worth of votes
AUD TV 0.2318181818181818, ss 86
AG*(2,4) = 221
AG*(1,3) = 78
AG*(1,4) = 118
AG*(2,4) = 221
NL(2,4) = 221, AG*'s used 0
Max in loop 221, 0.2318181818181818
AUD TV 0.2818181818181818, ss 40
AG*(2,4) = 325
AG*(1,3) = 78
AG*(1,4) = 118
AG*(2,4) = 325
NL(2,4) = 325, AG*'s used 0
Max in loop 325, 0.2818181818181818
Breaking out of inner loop 325 > 221
Sample size to show min tv of 0.09090909090909091 is 56
AUD TV 0.2318181818181818, ss 86
AG*(2,3) = 914
AG*(2,4) = 141
AG*(1,3) = 78
AG*(1,4) = 118
AG*(2,3) = 914
AG*(2,4) = 141
NL(2,4) = 141, AG*'s used 0
Max in loop 141, 0.2318181818181818
AUD TV 0.2818181818181818, ss 40
AG*(2,3) = 1203
AG*(2,4) = 178
AG*(1,3) = 78
AG*(1,4) = 118
AG*(2,3) = 1203
AG*(2,4) = 178
NL(2,4) = 178, AG*'s used 0
Max in loop 178, 0.2818181818181818
Breaking out of inner loop 178 > 141
New mintv = 0.14090909090909093
Sample size to show min tv of 0.14090909090909093 is 117
AUD TV 0.2318181818181818, ss 86
AG*(2,3) = 355
AG*(2,4) = 118
AG*(1,3) = 78
AG*(1,4) = 118
AG*(2,3) = 355
AG*(2,4) = 118
NL(2,4) = 118, AG*'s used 0
Max in loop 118, 0.2318181818181818
AUD TV 0.2818181818181818, ss 40
AG*(2,3) = 390
AG*(2,4) = 142
AG*(1,3) = 78
AG*(1,4) = 118
AG*(2,3) = 390
AG*(2,4) = 142
NL(2,4) = 142, AG*'s used 0
Max in loop 142, 0.2818181818181818
Breaking out of inner loop 142 > 118
New mintv = 0.19090909090909092
Sample size required for audit is 118 ballots
------------------------------------------------
Assertion set BEFORE filtering:
(0, 'MT', None, (0.2318181818181818, 86))
(0, 'QT', None, 30)
(1, 'NL', 3, 118)
(0, 'LT', None, (0.14090909090909093, 117))
------------------------------------------------
Final set of assertions AFTER filtering:
(0, 'MT', None, (0.2318181818181818, 86))
(0, 'QT', None, 30)
(1, 'NL', 3, 118)
(0, 'LT', None, (0.14090909090909093, 117))
------------------------------------------------
Explanations for AG* inclusion:
------------------------------------------------
