VALID BALLOTS 5732
55 ballot checks required to assert that first winner has a quota's worth of votes
AUD TV 0.15950605778191984, ss 103
AG*(4,5) = 90
AG*(4,6) = 34
AG*(4,7) = 33
AG*(1,6) = 85
AG*(1,7) = 76
AG*(2,5) = 111
AG*(2,6) = 36
AG*(2,7) = 35
AG*(4,5) = 90
AG*(4,6) = 34
AG*(4,7) = 33
AG*(8,1) = 44
AG*(8,2) = 5496
AG*(8,3) = 16
AG*(8,4) = 5496
AG*(8,5) = 15
AG*(8,6) = 14
AG*(8,7) = 14
AG*(8,9) = 28
AG*(9,5) = 519
AG*(9,6) = 106
AG*(9,7) = 103
NL(4,7) = 33, AG*'s used 0
NL(4,6) = 34, AG*'s used 33
NL(4,3) NOT POSSIBLE
NL(4,5) = 86, AG*'s used 34
NL(4,1) NOT POSSIBLE
NL(4,9) NOT POSSIBLE
NL(4,2) NOT POSSIBLE
Max in loop inf, 0.15950605778191984
AUD TV 0.20950605778191983, ss 48
AG*(4,5) = 100
AG*(4,6) = 34
AG*(4,7) = 33
AG*(1,6) = 86
AG*(1,7) = 77
AG*(2,5) = 126
AG*(2,6) = 36
AG*(2,7) = 35
AG*(4,5) = 100
AG*(4,6) = 34
AG*(4,7) = 33
AG*(8,1) = 44
AG*(8,2) = 5496
AG*(8,3) = 16
AG*(8,4) = 5496
AG*(8,5) = 15
AG*(8,6) = 14
AG*(8,7) = 14
AG*(8,9) = 28
AG*(9,5) = 992
AG*(9,6) = 107
AG*(9,7) = 104
NL(4,7) = 33, AG*'s used 0
NL(4,6) = 34, AG*'s used 33
NL(4,3) NOT POSSIBLE
NL(4,5) = 96, AG*'s used 34
NL(4,1) NOT POSSIBLE
NL(4,9) NOT POSSIBLE
NL(4,2) NOT POSSIBLE
Max in loop inf, 0.20950605778191983
AUD TV 0.2595060577819198, ss 30
AG*(4,5) = 113
AG*(4,6) = 34
AG*(4,7) = 34
AG*(1,6) = 86
AG*(1,7) = 77
AG*(2,5) = 147
AG*(2,6) = 36
AG*(2,7) = 36
AG*(4,5) = 113
AG*(4,6) = 34
AG*(4,7) = 34
AG*(8,1) = 44
AG*(8,2) = 5496
AG*(8,3) = 16
AG*(8,4) = 5496
AG*(8,5) = 15
AG*(8,6) = 14
AG*(8,7) = 14
AG*(8,9) = 28
AG*(9,5) = 5732
AG*(9,6) = 108
AG*(9,7) = 105
NL(4,7) = 33, AG*'s used 34
NL(4,6) = 34, AG*'s used 34
NL(4,3) NOT POSSIBLE
NL(4,5) = 108, AG*'s used 34
NL(4,1) NOT POSSIBLE
NL(4,9) NOT POSSIBLE
NL(4,2) NOT POSSIBLE
Max in loop inf, 0.2595060577819198
AUD TV 0.3095060577819198, ss 21
AG*(4,5) = 129
AG*(4,6) = 34
AG*(4,7) = 34
AG*(1,6) = 87
AG*(1,7) = 78
AG*(2,5) = 176
AG*(2,6) = 37
AG*(2,7) = 36
AG*(4,5) = 129
AG*(4,6) = 34
AG*(4,7) = 34
AG*(8,1) = 44
AG*(8,2) = 5496
AG*(8,3) = 16
AG*(8,4) = 5496
AG*(8,5) = 15
AG*(8,6) = 14
AG*(8,7) = 14
AG*(8,9) = 28
AG*(9,6) = 109
AG*(9,7) = 106
NL(4,7) = 34, AG*'s used 34
NL(4,6) = 34, AG*'s used 34
NL(4,3) NOT POSSIBLE
NL(4,5) = 122, AG*'s used 34
NL(4,1) NOT POSSIBLE
NL(4,9) NOT POSSIBLE
NL(4,2) NOT POSSIBLE
Max in loop inf, 0.3095060577819198
AUD TV 0.3595060577819198, ss 15
AG*(4,5) = 151
AG*(4,6) = 34
AG*(4,7) = 34
AG*(1,6) = 88
AG*(1,7) = 78
AG*(2,5) = 218
AG*(2,6) = 37
AG*(2,7) = 36
AG*(4,5) = 151
AG*(4,6) = 34
AG*(4,7) = 34
AG*(8,1) = 44
AG*(8,2) = 5496
AG*(8,3) = 16
AG*(8,4) = 5496
AG*(8,5) = 15
AG*(8,6) = 14
AG*(8,7) = 14
AG*(8,9) = 28
AG*(9,6) = 110
AG*(9,7) = 108
NL(4,7) = 34, AG*'s used 34
NL(4,6) = 34, AG*'s used 34
NL(4,3) NOT POSSIBLE
NL(4,5) = 142, AG*'s used 34
NL(4,1) NOT POSSIBLE
NL(4,9) NOT POSSIBLE
NL(4,2) NOT POSSIBLE
Max in loop inf, 0.3595060577819198
AUD TV 0.4095060577819198, ss 11
AG*(4,5) = 182
AG*(4,6) = 34
AG*(4,7) = 34
AG*(1,6) = 89
AG*(1,7) = 79
AG*(2,5) = 288
AG*(2,6) = 37
AG*(2,7) = 36
AG*(4,5) = 182
AG*(4,6) = 34
AG*(4,7) = 34
AG*(8,1) = 44
AG*(8,2) = 5496
AG*(8,3) = 16
AG*(8,4) = 5496
AG*(8,5) = 15
AG*(8,6) = 14
AG*(8,7) = 14
AG*(8,9) = 28
AG*(9,6) = 112
AG*(9,7) = 109
NL(4,7) = 34, AG*'s used 34
NL(4,6) = 34, AG*'s used 34
NL(4,3) NOT POSSIBLE
NL(4,5) = 169, AG*'s used 34
NL(4,1) NOT POSSIBLE
NL(4,9) NOT POSSIBLE
NL(4,2) NOT POSSIBLE
Max in loop inf, 0.4095060577819198
AUD TV 0.4595060577819198, ss 9
AG*(4,5) = 229
AG*(4,6) = 34
AG*(4,7) = 34
AG*(1,6) = 90
AG*(1,7) = 80
AG*(2,5) = 423
AG*(2,6) = 37
AG*(2,7) = 36
AG*(4,5) = 229
AG*(4,6) = 34
AG*(4,7) = 34
AG*(8,1) = 44
AG*(8,2) = 5496
AG*(8,3) = 16
AG*(8,4) = 5496
AG*(8,5) = 15
AG*(8,6) = 14
AG*(8,7) = 14
AG*(8,9) = 28
AG*(9,6) = 113
AG*(9,7) = 110
NL(4,7) = 34, AG*'s used 34
NL(4,6) = 34, AG*'s used 34
NL(4,3) NOT POSSIBLE
NL(4,5) = 209, AG*'s used 34
NL(4,1) NOT POSSIBLE
NL(4,9) NOT POSSIBLE
NL(4,2) NOT POSSIBLE
Max in loop inf, 0.4595060577819198
AUD TV 0.5095060577819198, ss 7
AG*(4,5) = 308
AG*(4,6) = 35
AG*(4,7) = 34
AG*(1,6) = 90
AG*(1,7) = 80
AG*(2,5) = 1019
AG*(2,6) = 37
AG*(2,7) = 36
AG*(4,5) = 308
AG*(4,6) = 35
AG*(4,7) = 34
AG*(8,1) = 44
AG*(8,2) = 5496
AG*(8,3) = 16
AG*(8,4) = 5496
AG*(8,5) = 15
AG*(8,6) = 14
AG*(8,7) = 14
AG*(8,9) = 28
AG*(9,6) = 114
AG*(9,7) = 111
NL(4,7) = 34, AG*'s used 0
NL(4,6) = 35, AG*'s used 34
NL(4,3) NOT POSSIBLE
NL(4,5) = 273, AG*'s used 35
NL(4,1) NOT POSSIBLE
NL(4,9) NOT POSSIBLE
NL(4,2) NOT POSSIBLE
Max in loop inf, 0.5095060577819198
AUD TV 0.5595060577819199, ss 5
AG*(4,5) = 536
AG*(4,6) = 35
AG*(4,7) = 35
AG*(1,6) = 91
AG*(1,7) = 81
AG*(2,5) = 5732
AG*(2,6) = 37
AG*(2,7) = 36
AG*(4,5) = 536
AG*(4,6) = 35
AG*(4,7) = 35
AG*(8,1) = 44
AG*(8,2) = 5496
AG*(8,3) = 16
AG*(8,4) = 5496
AG*(8,5) = 15
AG*(8,6) = 14
AG*(8,7) = 14
AG*(8,9) = 28
AG*(9,6) = 115
AG*(9,7) = 112
NL(4,7) = 34, AG*'s used 35
NL(4,6) = 35, AG*'s used 35
NL(4,3) NOT POSSIBLE
NL(4,5) = 393, AG*'s used 35
NL(4,1) NOT POSSIBLE
NL(4,9) NOT POSSIBLE
NL(4,2) NOT POSSIBLE
Max in loop inf, 0.5595060577819199
AUD TV 0.6095060577819199, ss 4
AG*(4,5) = 1522
AG*(4,6) = 35
AG*(4,7) = 35
AG*(1,6) = 92
AG*(1,7) = 81
AG*(2,6) = 37
AG*(2,7) = 37
AG*(4,5) = 1522
AG*(4,6) = 35
AG*(4,7) = 35
AG*(8,1) = 44
AG*(8,2) = 5496
AG*(8,3) = 16
AG*(8,4) = 5496
AG*(8,5) = 15
AG*(8,6) = 14
AG*(8,7) = 14
AG*(8,9) = 28
AG*(9,6) = 117
AG*(9,7) = 114
NL(4,7) = 34, AG*'s used 35
NL(4,6) = 35, AG*'s used 35
NL(4,3) NOT POSSIBLE
NL(4,5) = 897, AG*'s used 35
NL(4,1) NOT POSSIBLE
NL(4,9) NOT POSSIBLE
NL(4,2) NOT POSSIBLE
Max in loop inf, 0.6095060577819199
AUD TV 0.65950605778192, ss 3
AG*(4,6) = 35
AG*(4,7) = 35
AG*(1,6) = 93
AG*(1,7) = 82
AG*(2,6) = 38
AG*(2,7) = 37
AG*(4,6) = 35
AG*(4,7) = 35
AG*(8,1) = 44
AG*(8,2) = 5496
AG*(8,3) = 16
AG*(8,4) = 5496
AG*(8,5) = 15
AG*(8,6) = 14
AG*(8,7) = 14
AG*(8,9) = 28
AG*(9,6) = 118
AG*(9,7) = 115
NL(4,7) = 35, AG*'s used 35
NL(4,6) = 35, AG*'s used 35
NL(4,3) NOT POSSIBLE
NL(4,5) = 127, AG*'s used 5732
NL(4,1) NOT POSSIBLE
NL(4,9) NOT POSSIBLE
NL(4,2) NOT POSSIBLE
Max in loop inf, 0.65950605778192
Sample size to show min tv of 0.054753028890959926 is 105
AUD TV 0.15950605778191984, ss 103
AG*(4,5) = 88
AG*(4,6) = 33
AG*(4,7) = 33
AG*(1,6) = 84
AG*(1,7) = 75
AG*(2,5) = 108
AG*(2,6) = 36
AG*(2,7) = 35
AG*(4,5) = 88
AG*(4,6) = 33
AG*(4,7) = 33
AG*(8,1) = 44
AG*(8,2) = 5496
AG*(8,3) = 16
AG*(8,4) = 5496
AG*(8,5) = 15
AG*(8,6) = 14
AG*(8,7) = 14
AG*(8,9) = 28
AG*(9,5) = 374
AG*(9,6) = 101
AG*(9,7) = 98
NL(4,7) = 33, AG*'s used 33
NL(4,6) = 33, AG*'s used 33
NL(4,3) NOT POSSIBLE
NL(4,5) = 85, AG*'s used 33
NL(4,1) NOT POSSIBLE
NL(4,9) NOT POSSIBLE
NL(4,2) NOT POSSIBLE
Max in loop inf, 0.15950605778191984
AUD TV 0.20950605778191983, ss 48
AG*(4,5) = 98
AG*(4,6) = 34
AG*(4,7) = 33
AG*(1,6) = 85
AG*(1,7) = 76
AG*(2,5) = 123
AG*(2,6) = 36
AG*(2,7) = 35
AG*(4,5) = 98
AG*(4,6) = 34
AG*(4,7) = 33
AG*(8,1) = 44
AG*(8,2) = 5496
AG*(8,3) = 16
AG*(8,4) = 5496
AG*(8,5) = 15
AG*(8,6) = 14
AG*(8,7) = 14
AG*(8,9) = 28
AG*(9,5) = 645
AG*(9,6) = 102
AG*(9,7) = 99
NL(4,7) = 33, AG*'s used 0
NL(4,6) = 33, AG*'s used 33
NL(4,3) NOT POSSIBLE
NL(4,5) = 94, AG*'s used 34
NL(4,1) NOT POSSIBLE
NL(4,9) NOT POSSIBLE
NL(4,2) NOT POSSIBLE
Max in loop inf, 0.20950605778191983
AUD TV 0.2595060577819198, ss 30
AG*(4,5) = 111
AG*(4,6) = 34
AG*(4,7) = 33
AG*(1,6) = 85
AG*(1,7) = 76
AG*(2,5) = 142
AG*(2,6) = 36
AG*(2,7) = 35
AG*(4,5) = 111
AG*(4,6) = 34
AG*(4,7) = 33
AG*(8,1) = 44
AG*(8,2) = 5496
AG*(8,3) = 16
AG*(8,4) = 5496
AG*(8,5) = 15
AG*(8,6) = 14
AG*(8,7) = 14
AG*(8,9) = 28
AG*(9,5) = 2250
AG*(9,6) = 103
AG*(9,7) = 100
NL(4,7) = 33, AG*'s used 0
NL(4,6) = 34, AG*'s used 33
NL(4,3) NOT POSSIBLE
NL(4,5) = 106, AG*'s used 34
NL(4,1) NOT POSSIBLE
NL(4,9) NOT POSSIBLE
NL(4,2) NOT POSSIBLE
Max in loop inf, 0.2595060577819198
AUD TV 0.3095060577819198, ss 21
AG*(4,5) = 126
AG*(4,6) = 34
AG*(4,7) = 34
AG*(1,6) = 86
AG*(1,7) = 77
AG*(2,5) = 169
AG*(2,6) = 36
AG*(2,7) = 35
AG*(4,5) = 126
AG*(4,6) = 34
AG*(4,7) = 34
AG*(8,1) = 44
AG*(8,2) = 5496
AG*(8,3) = 16
AG*(8,4) = 5496
AG*(8,5) = 15
AG*(8,6) = 14
AG*(8,7) = 14
AG*(8,9) = 28
AG*(9,6) = 104
AG*(9,7) = 101
NL(4,7) = 33, AG*'s used 34
NL(4,6) = 34, AG*'s used 34
NL(4,3) NOT POSSIBLE
NL(4,5) = 120, AG*'s used 34
NL(4,1) NOT POSSIBLE
NL(4,9) NOT POSSIBLE
NL(4,2) NOT POSSIBLE
Max in loop inf, 0.3095060577819198
AUD TV 0.3595060577819198, ss 15
AG*(4,5) = 147
AG*(4,6) = 34
AG*(4,7) = 34
AG*(1,6) = 87
AG*(1,7) = 78
AG*(2,5) = 208
AG*(2,6) = 36
AG*(2,7) = 36
AG*(4,5) = 147
AG*(4,6) = 34
AG*(4,7) = 34
AG*(8,1) = 44
AG*(8,2) = 5496
AG*(8,3) = 16
AG*(8,4) = 5496
AG*(8,5) = 15
AG*(8,6) = 14
AG*(8,7) = 14
AG*(8,9) = 28
AG*(9,6) = 105
AG*(9,7) = 102
NL(4,7) = 34, AG*'s used 34
NL(4,6) = 34, AG*'s used 34
NL(4,3) NOT POSSIBLE
NL(4,5) = 139, AG*'s used 34
NL(4,1) NOT POSSIBLE
NL(4,9) NOT POSSIBLE
NL(4,2) NOT POSSIBLE
Max in loop inf, 0.3595060577819198
AUD TV 0.4095060577819198, ss 11
AG*(4,5) = 177
AG*(4,6) = 34
AG*(4,7) = 34
AG*(1,6) = 88
AG*(1,7) = 78
AG*(2,5) = 270
AG*(2,6) = 36
AG*(2,7) = 36
AG*(4,5) = 177
AG*(4,6) = 34
AG*(4,7) = 34
AG*(8,1) = 44
AG*(8,2) = 5496
AG*(8,3) = 16
AG*(8,4) = 5496
AG*(8,5) = 15
AG*(8,6) = 14
AG*(8,7) = 14
AG*(8,9) = 28
AG*(9,6) = 106
AG*(9,7) = 103
NL(4,7) = 34, AG*'s used 34
NL(4,6) = 34, AG*'s used 34
NL(4,3) NOT POSSIBLE
NL(4,5) = 164, AG*'s used 34
NL(4,1) NOT POSSIBLE
NL(4,9) NOT POSSIBLE
NL(4,2) NOT POSSIBLE
Max in loop inf, 0.4095060577819198
AUD TV 0.4595060577819198, ss 9
AG*(4,5) = 220
AG*(4,6) = 34
AG*(4,7) = 34
AG*(1,6) = 89
AG*(1,7) = 79
AG*(2,5) = 386
AG*(2,6) = 37
AG*(2,7) = 36
AG*(4,5) = 220
AG*(4,6) = 34
AG*(4,7) = 34
AG*(8,1) = 44
AG*(8,2) = 5496
AG*(8,3) = 16
AG*(8,4) = 5496
AG*(8,5) = 15
AG*(8,6) = 14
AG*(8,7) = 14
AG*(8,9) = 28
AG*(9,6) = 107
AG*(9,7) = 104
NL(4,7) = 34, AG*'s used 34
NL(4,6) = 34, AG*'s used 34
NL(4,3) NOT POSSIBLE
NL(4,5) = 201, AG*'s used 34
NL(4,1) NOT POSSIBLE
NL(4,9) NOT POSSIBLE
NL(4,2) NOT POSSIBLE
Max in loop inf, 0.4595060577819198
AUD TV 0.5095060577819198, ss 7
AG*(4,5) = 293
AG*(4,6) = 34
AG*(4,7) = 34
AG*(1,6) = 89
AG*(1,7) = 79
AG*(2,5) = 862
AG*(2,6) = 37
AG*(2,7) = 36
AG*(4,5) = 293
AG*(4,6) = 34
AG*(4,7) = 34
AG*(8,1) = 44
AG*(8,2) = 5496
AG*(8,3) = 16
AG*(8,4) = 5496
AG*(8,5) = 15
AG*(8,6) = 14
AG*(8,7) = 14
AG*(8,9) = 28
AG*(9,6) = 108
AG*(9,7) = 105
NL(4,7) = 34, AG*'s used 34
NL(4,6) = 34, AG*'s used 34
NL(4,3) NOT POSSIBLE
NL(4,5) = 260, AG*'s used 34
NL(4,1) NOT POSSIBLE
NL(4,9) NOT POSSIBLE
NL(4,2) NOT POSSIBLE
Max in loop inf, 0.5095060577819198
AUD TV 0.5595060577819199, ss 5
AG*(4,5) = 436
AG*(4,6) = 35
AG*(4,7) = 34
AG*(1,6) = 90
AG*(1,7) = 80
AG*(2,5) = 5732
AG*(2,6) = 37
AG*(2,7) = 36
AG*(4,5) = 436
AG*(4,6) = 35
AG*(4,7) = 34
AG*(8,1) = 44
AG*(8,2) = 5496
AG*(8,3) = 16
AG*(8,4) = 5496
AG*(8,5) = 15
AG*(8,6) = 14
AG*(8,7) = 14
AG*(8,9) = 28
AG*(9,6) = 109
AG*(9,7) = 107
NL(4,7) = 34, AG*'s used 0
NL(4,6) = 35, AG*'s used 34
NL(4,3) NOT POSSIBLE
NL(4,5) = 368, AG*'s used 35
NL(4,1) NOT POSSIBLE
NL(4,9) NOT POSSIBLE
NL(4,2) NOT POSSIBLE
Max in loop inf, 0.5595060577819199
AUD TV 0.6095060577819199, ss 4
AG*(4,5) = 1200
AG*(4,6) = 35
AG*(4,7) = 34
AG*(1,6) = 91
AG*(1,7) = 81
AG*(2,6) = 37
AG*(2,7) = 36
AG*(4,5) = 1200
AG*(4,6) = 35
AG*(4,7) = 34
AG*(8,1) = 44
AG*(8,2) = 5496
AG*(8,3) = 16
AG*(8,4) = 5496
AG*(8,5) = 15
AG*(8,6) = 14
AG*(8,7) = 14
AG*(8,9) = 28
AG*(9,6) = 110
AG*(9,7) = 108
NL(4,7) = 34, AG*'s used 0
NL(4,6) = 35, AG*'s used 34
NL(4,3) NOT POSSIBLE
NL(4,5) = 800, AG*'s used 35
NL(4,1) NOT POSSIBLE
NL(4,9) NOT POSSIBLE
NL(4,2) NOT POSSIBLE
Max in loop inf, 0.6095060577819199
AUD TV 0.65950605778192, ss 3
AG*(4,5) = 1373
AG*(4,6) = 35
AG*(4,7) = 35
AG*(1,6) = 92
AG*(1,7) = 81
AG*(2,6) = 37
AG*(2,7) = 36
AG*(4,5) = 1373
AG*(4,6) = 35
AG*(4,7) = 35
AG*(8,1) = 44
AG*(8,2) = 5496
AG*(8,3) = 16
AG*(8,4) = 5496
AG*(8,5) = 15
AG*(8,6) = 14
AG*(8,7) = 14
AG*(8,9) = 28
AG*(9,6) = 111
AG*(9,7) = 109
NL(4,7) = 34, AG*'s used 35
NL(4,6) = 35, AG*'s used 35
NL(4,3) NOT POSSIBLE
NL(4,5) = 134, AG*'s used 2250
NL(4,1) NOT POSSIBLE
NL(4,9) NOT POSSIBLE
NL(4,2) NOT POSSIBLE
Max in loop inf, 0.65950605778192
New mintv = 0.10475302889095993
Sample size to show min tv of 0.10475302889095993 is 2007
AUD TV 0.15950605778191984, ss 103
AG*(4,5) = 87
AG*(4,6) = 33
AG*(4,7) = 33
AG*(1,6) = 83
AG*(1,7) = 75
AG*(2,5) = 106
AG*(2,6) = 35
AG*(2,7) = 35
AG*(4,5) = 87
AG*(4,6) = 33
AG*(4,7) = 33
AG*(8,1) = 44
AG*(8,2) = 5496
AG*(8,3) = 16
AG*(8,4) = 5496
AG*(8,5) = 15
AG*(8,6) = 14
AG*(8,7) = 14
AG*(8,9) = 28
AG*(9,5) = 321
AG*(9,6) = 97
AG*(9,7) = 94
NL(4,7) = 33, AG*'s used 33
NL(4,6) = 33, AG*'s used 33
NL(4,3) NOT POSSIBLE
NL(4,5) = 84, AG*'s used 33
NL(4,1) NOT POSSIBLE
NL(4,9) NOT POSSIBLE
NL(4,2) NOT POSSIBLE
Max in loop inf, 0.15950605778191984
AUD TV 0.20950605778191983, ss 48
AG*(4,5) = 97
AG*(4,6) = 33
AG*(4,7) = 33
AG*(1,6) = 84
AG*(1,7) = 75
AG*(2,5) = 120
AG*(2,6) = 36
AG*(2,7) = 35
AG*(4,5) = 97
AG*(4,6) = 33
AG*(4,7) = 33
AG*(8,1) = 44
AG*(8,2) = 5496
AG*(8,3) = 16
AG*(8,4) = 5496
AG*(8,5) = 15
AG*(8,6) = 14
AG*(8,7) = 14
AG*(8,9) = 28
AG*(9,5) = 517
AG*(9,6) = 97
AG*(9,7) = 95
NL(4,7) = 33, AG*'s used 33
NL(4,6) = 33, AG*'s used 33
NL(4,3) NOT POSSIBLE
NL(4,5) = 93, AG*'s used 33
NL(4,1) NOT POSSIBLE
NL(4,9) NOT POSSIBLE
NL(4,2) NOT POSSIBLE
Max in loop inf, 0.20950605778191983
AUD TV 0.2595060577819198, ss 30
AG*(4,5) = 109
AG*(4,6) = 33
AG*(4,7) = 33
AG*(1,6) = 85
AG*(1,7) = 76
AG*(2,5) = 138
AG*(2,6) = 36
AG*(2,7) = 35
AG*(4,5) = 109
AG*(4,6) = 33
AG*(4,7) = 33
AG*(8,1) = 44
AG*(8,2) = 5496
AG*(8,3) = 16
AG*(8,4) = 5496
AG*(8,5) = 15
AG*(8,6) = 14
AG*(8,7) = 14
AG*(8,9) = 28
AG*(9,5) = 987
AG*(9,6) = 98
AG*(9,7) = 96
NL(4,7) = 33, AG*'s used 33
NL(4,6) = 33, AG*'s used 33
NL(4,3) NOT POSSIBLE
NL(4,5) = 104, AG*'s used 33
NL(4,1) NOT POSSIBLE
NL(4,9) NOT POSSIBLE
NL(4,2) NOT POSSIBLE
Max in loop inf, 0.2595060577819198
AUD TV 0.3095060577819198, ss 21
AG*(4,5) = 124
AG*(4,6) = 34
AG*(4,7) = 33
AG*(1,6) = 85
AG*(1,7) = 76
AG*(2,5) = 163
AG*(2,6) = 36
AG*(2,7) = 35
AG*(4,5) = 124
AG*(4,6) = 34
AG*(4,7) = 33
AG*(8,1) = 44
AG*(8,2) = 5496
AG*(8,3) = 16
AG*(8,4) = 5496
AG*(8,5) = 15
AG*(8,6) = 14
AG*(8,7) = 14
AG*(8,9) = 28
AG*(9,5) = 5732
AG*(9,6) = 99
AG*(9,7) = 97
NL(4,7) = 33, AG*'s used 0
NL(4,6) = 34, AG*'s used 33
NL(4,3) NOT POSSIBLE
NL(4,5) = 118, AG*'s used 34
NL(4,1) NOT POSSIBLE
NL(4,9) NOT POSSIBLE
NL(4,2) NOT POSSIBLE
Max in loop inf, 0.3095060577819198
AUD TV 0.3595060577819198, ss 15
AG*(4,5) = 144
AG*(4,6) = 34
AG*(4,7) = 34
AG*(1,6) = 86
AG*(1,7) = 77
AG*(2,5) = 199
AG*(2,6) = 36
AG*(2,7) = 35
AG*(4,5) = 144
AG*(4,6) = 34
AG*(4,7) = 34
AG*(8,1) = 44
AG*(8,2) = 5496
AG*(8,3) = 16
AG*(8,4) = 5496
AG*(8,5) = 15
AG*(8,6) = 14
AG*(8,7) = 14
AG*(8,9) = 28
AG*(9,6) = 100
AG*(9,7) = 98
NL(4,7) = 33, AG*'s used 34
NL(4,6) = 34, AG*'s used 34
NL(4,3) NOT POSSIBLE
NL(4,5) = 136, AG*'s used 34
NL(4,1) NOT POSSIBLE
NL(4,9) NOT POSSIBLE
NL(4,2) NOT POSSIBLE
Max in loop inf, 0.3595060577819198
AUD TV 0.4095060577819198, ss 11
AG*(4,5) = 172
AG*(4,6) = 34
AG*(4,7) = 34
AG*(1,6) = 87
AG*(1,7) = 77
AG*(2,5) = 256
AG*(2,6) = 36
AG*(2,7) = 35
AG*(4,5) = 172
AG*(4,6) = 34
AG*(4,7) = 34
AG*(8,1) = 44
AG*(8,2) = 5496
AG*(8,3) = 16
AG*(8,4) = 5496
AG*(8,5) = 15
AG*(8,6) = 14
AG*(8,7) = 14
AG*(8,9) = 28
AG*(9,6) = 101
AG*(9,7) = 99
NL(4,7) = 33, AG*'s used 34
NL(4,6) = 34, AG*'s used 34
NL(4,3) NOT POSSIBLE
NL(4,5) = 160, AG*'s used 34
NL(4,1) NOT POSSIBLE
NL(4,9) NOT POSSIBLE
NL(4,2) NOT POSSIBLE
Max in loop inf, 0.4095060577819198
AUD TV 0.4595060577819198, ss 9
AG*(4,5) = 213
AG*(4,6) = 34
AG*(4,7) = 34
AG*(1,6) = 88
AG*(1,7) = 78
AG*(2,5) = 358
AG*(2,6) = 36
AG*(2,7) = 36
AG*(4,5) = 213
AG*(4,6) = 34
AG*(4,7) = 34
AG*(8,1) = 44
AG*(8,2) = 5496
AG*(8,3) = 16
AG*(8,4) = 5496
AG*(8,5) = 15
AG*(8,6) = 14
AG*(8,7) = 14
AG*(8,9) = 28
AG*(9,6) = 102
AG*(9,7) = 100
NL(4,7) = 34, AG*'s used 34
NL(4,6) = 34, AG*'s used 34
NL(4,3) NOT POSSIBLE
NL(4,5) = 195, AG*'s used 34
NL(4,1) NOT POSSIBLE
NL(4,9) NOT POSSIBLE
NL(4,2) NOT POSSIBLE
Max in loop inf, 0.4595060577819198
AUD TV 0.5095060577819198, ss 7
AG*(4,5) = 280
AG*(4,6) = 34
AG*(4,7) = 34
AG*(1,6) = 88
AG*(1,7) = 79
AG*(2,5) = 676
AG*(2,6) = 37
AG*(2,7) = 36
AG*(4,5) = 280
AG*(4,6) = 34
AG*(4,7) = 34
AG*(8,1) = 44
AG*(8,2) = 5496
AG*(8,3) = 16
AG*(8,4) = 5496
AG*(8,5) = 15
AG*(8,6) = 14
AG*(8,7) = 14
AG*(8,9) = 28
AG*(9,6) = 103
AG*(9,7) = 101
NL(4,7) = 34, AG*'s used 34
NL(4,6) = 34, AG*'s used 34
NL(4,3) NOT POSSIBLE
NL(4,5) = 250, AG*'s used 34
NL(4,1) NOT POSSIBLE
NL(4,9) NOT POSSIBLE
NL(4,2) NOT POSSIBLE
Max in loop inf, 0.5095060577819198
AUD TV 0.5595060577819199, ss 5
AG*(4,5) = 409
AG*(4,6) = 34
AG*(4,7) = 34
AG*(1,6) = 89
AG*(1,7) = 79
AG*(2,5) = 4217
AG*(2,6) = 37
AG*(2,7) = 36
AG*(4,5) = 409
AG*(4,6) = 34
AG*(4,7) = 34
AG*(8,1) = 44
AG*(8,2) = 5496
AG*(8,3) = 16
AG*(8,4) = 5496
AG*(8,5) = 15
AG*(8,6) = 14
AG*(8,7) = 14
AG*(8,9) = 28
AG*(9,6) = 104
AG*(9,7) = 102
NL(4,7) = 34, AG*'s used 34
NL(4,6) = 34, AG*'s used 34
NL(4,3) NOT POSSIBLE
NL(4,5) = 348, AG*'s used 34
NL(4,1) NOT POSSIBLE
NL(4,9) NOT POSSIBLE
NL(4,2) NOT POSSIBLE
Max in loop inf, 0.5595060577819199
AUD TV 0.6095060577819199, ss 4
AG*(4,5) = 964
AG*(4,6) = 35
AG*(4,7) = 34
AG*(1,6) = 90
AG*(1,7) = 80
AG*(2,6) = 37
AG*(2,7) = 36
AG*(4,5) = 964
AG*(4,6) = 35
AG*(4,7) = 34
AG*(8,1) = 44
AG*(8,2) = 5496
AG*(8,3) = 16
AG*(8,4) = 5496
AG*(8,5) = 15
AG*(8,6) = 14
AG*(8,7) = 14
AG*(8,9) = 28
AG*(9,6) = 105
AG*(9,7) = 103
NL(4,7) = 34, AG*'s used 0
NL(4,6) = 34, AG*'s used 34
NL(4,3) NOT POSSIBLE
NL(4,5) = 650, AG*'s used 35
NL(4,1) NOT POSSIBLE
NL(4,9) NOT POSSIBLE
NL(4,2) NOT POSSIBLE
Max in loop inf, 0.6095060577819199
AUD TV 0.65950605778192, ss 3
AG*(4,5) = 5732
AG*(4,6) = 35
AG*(4,7) = 34
AG*(1,6) = 91
AG*(1,7) = 80
AG*(2,6) = 37
AG*(2,7) = 36
AG*(4,5) = 5732
AG*(4,6) = 35
AG*(4,7) = 34
AG*(8,1) = 44
AG*(8,2) = 5496
AG*(8,3) = 16
AG*(8,4) = 5496
AG*(8,5) = 15
AG*(8,6) = 14
AG*(8,7) = 14
AG*(8,9) = 28
AG*(9,6) = 106
AG*(9,7) = 104
NL(4,7) = 34, AG*'s used 0
NL(4,6) = 35, AG*'s used 34
NL(4,3) NOT POSSIBLE
NL(4,5) = 3770, AG*'s used 35
NL(4,1) NOT POSSIBLE
NL(4,9) NOT POSSIBLE
NL(4,2) NOT POSSIBLE
Max in loop inf, 0.65950605778192
New mintv = 0.15475302889095993
Sample size required for audit is inf ballots
------------------------------------------------
Assertion set BEFORE filtering:
(3, 'AG*', 4, 5732)
(7, 'LT', None, (0.10475302889095993, 2007))
(3, 'NL', 5, 35)
(7, 'QT', None, 55)
(3, 'AG*', 5, 35)
(3, 'AG*', 6, 34)
(7, 'MT', None, (0.65950605778192, 3))
(3, 'NL', 4, 3770)
(3, 'NL', 6, 34)
------------------------------------------------
Final set of assertions AFTER filtering:
(3, 'AG*', 4, 5732)
(7, 'LT', None, (0.10475302889095993, 2007))
(3, 'NL', 5, 35)
(7, 'QT', None, 55)
(3, 'AG*', 5, 35)
(3, 'AG*', 6, 34)
(7, 'MT', None, (0.65950605778192, 3))
(3, 'NL', 4, 3770)
(3, 'NL', 6, 34)
------------------------------------------------
Explanations for AG* inclusion:
   Explanation for (3, 'AG*', 4, 5732): []
   Explanation for (3, 'AG*', 5, 35): []
   Explanation for (3, 'AG*', 6, 34): []
------------------------------------------------
