VALID BALLOTS 13547
Winner 5
Winner 4
Computing AG relationships
1 AG 6 = 46
1 AG 2 = 40
3 AG 6 = 38
3 AG 2 = 51
7 AG 6 = 22
7 AG 2 = 25
5 AG 6 = 24
5 AG 2 = 29
4 AG 6 = 27
4 AG 2 = 26
Ruling out candidates: [(6, 24), (2, 26)]
STAGE 1 ASN (Ruling out candidates): 26
ALTERNATE OUTCOME PAIR: 1,3
   (1) can we show that 7 NL 3?
        a. margin -0.013853005585492295
      no
   (1) can we show that 7 NL 1?
        a. margin -0.06035776678723437
      no
   (1) can we show that 5 NL 3?
        a. margin 0.000541325262666259
      yes, 13547, ags used 29 = 13547
   (1) can we show that 5 NL 1?
        a. margin -0.11943603749907716
      no
   (1) can we show that 4 NL 3?
        a. margin -0.10390984473807219
      no
   (1) can we show that 4 NL 1?
        a. margin -0.001919244113087415
      no
      Best assertion(s) require sample: 13547

ALTERNATE OUTCOME PAIR: 1,7
   (1) can we show that 3 NL 7?
        a. margin -0.37823872444083617
      no
   (1) can we show that 3 NL 1?
        a. margin -0.21116606382716918
      no
   (1) can we show that 5 NL 7?
        a. margin -0.22733200462587
      no
   (1) can we show that 5 NL 1?
        a. margin -0.107477670332915
      no
   (1) can we show that 4 NL 7?
        a. margin -0.23847838389803377
      no
   (1) can we show that 4 NL 1?
        a. margin 0.004675081813932502
      yes, 1111, ags used 27 = 1111
      Best assertion(s) require sample: 1111

ALTERNATE OUTCOME PAIR: 1,5
   (1) can we show that 3 NL 5?
        a. margin -0.3433478506926506
      no
   (1) can we show that 3 NL 1?
        a. margin -0.22115597549272847
      no
   (1) can we show that 7 NL 5?
        a. margin -0.15063605718363193
      no
   (1) can we show that 7 NL 1?
        a. margin -0.05560886789202946
      no
   (1) can we show that 4 NL 5?
        a. margin -0.2517408528333457
      no
   (1) can we show that 4 NL 1?
        a. margin 0.0003444797126062049
      yes, 13254, ags used 27 = 13254
      Best assertion(s) require sample: 13254

ALTERNATE OUTCOME PAIR: 1,4
   (1) can we show that 3 NL 4?
        a. margin -0.3028714844615048
      no
   (1) can we show that 3 NL 1?
        a. margin -0.18001525553012898
      no
   (1) can we show that 7 NL 4?
        a. margin -0.11249723185945171
      no
   (1) can we show that 7 NL 1?
        a. margin -0.024359636819959563
      no
   (1) can we show that 5 NL 4?
        a. margin -0.16279126989985415
      no
   (1) can we show that 5 NL 1?
        a. margin -0.0768681872985405
      no

ALTERNATE OUTCOME PAIR: 3,7
   (1) can we show that 1 NL 7?
        a. margin -0.3452670948057386
      no
   (1) can we show that 1 NL 3?
        a. margin -0.15639378952289573
      no
   (1) can we show that 5 NL 7?
        a. margin -0.23333579390270864
      no
   (1) can we show that 5 NL 3?
        a. margin 0.006717354395807229
      yes, 727, ags used 29 = 727
   (1) can we show that 4 NL 7?
        a. margin -0.22054083314879003
      no
   (1) can we show that 4 NL 3?
        a. margin -0.08880194877094505
      no
      Best assertion(s) require sample: 727

ALTERNATE OUTCOME PAIR: 3,5
   (1) can we show that 1 NL 5?
        a. margin -0.33503112620260367
      no
   (1) can we show that 1 NL 3?
        a. margin -0.14389409709406764
      no
   (1) can we show that 7 NL 5?
        a. margin -0.1347407790162639
      no
   (1) can we show that 7 NL 3?
        a. margin 0.0033955857385403743
      yes, 1702, ags used 25 = 1702
   (1) can we show that 4 NL 5?
        a. margin -0.22051622745503252
      no
   (1) can we show that 4 NL 3?
        a. margin -0.07684358160478255
      no
      Best assertion(s) require sample: 1702

ALTERNATE OUTCOME PAIR: 3,4
   (1) can we show that 1 NL 4?
        a. margin -0.24758249058832182
      no
   (1) can we show that 1 NL 3?
        a. margin -0.17226446199650636
      no
   (1) can we show that 7 NL 4?
        a. margin -0.14505056470067135
      no
   (1) can we show that 7 NL 3?
        a. margin -0.013336286016584098
      no
   (1) can we show that 5 NL 4?
        a. margin -0.1988632169484017
      no
   (1) can we show that 5 NL 3?
        a. margin 0.000639748037695842
      yes, 13547, ags used 29 = 13547
      Best assertion(s) require sample: 13547

ALTERNATE OUTCOME PAIR: 7,5
   (1) can we show that 1 NL 5?
        a. margin -0.32563175118722476
      no
   (1) can we show that 1 NL 7?
        a. margin -0.32912575970079483
      no
   (1) can we show that 3 NL 5?
        a. margin -0.3178809576536007
      no
   (1) can we show that 3 NL 7?
        a. margin -0.3680027558377009
      no
   (1) can we show that 4 NL 5?
        a. margin -0.21780960114170356
      no
   (1) can we show that 4 NL 7?
        a. margin -0.2088777343077185
      no

ALTERNATE OUTCOME PAIR: 7,4
   (1) can we show that 1 NL 4?
        a. margin -0.22059004453630549
      no
   (1) can we show that 1 NL 7?
        a. margin -0.3464481681060999
      no
   (1) can we show that 3 NL 4?
        a. margin -0.30781722890676844
      no
   (1) can we show that 3 NL 7?
        a. margin -0.3547648925961472
      no
   (1) can we show that 5 NL 4?
        a. margin -0.176865726729165
      no
   (1) can we show that 5 NL 7?
        a. margin -0.20725375851972128
      no

RULE OUT PAIR STAGE ASN 13547
------------------------------------------------
EXAMINING WAYS TO REDUCE COST OF AUDIT
------------------------------------------------
Alternate outcome cannot be ruled out: 1,4
Alternate outcome cannot be ruled out: 7,5
Alternate outcome cannot be ruled out: 7,4
Full audit not possible
PARTIAL audit sample size: 13547
------------------------------------------------
Final set of assertions generated:
(4, 'AG', 5, 24)
5 NL 3 = 727 [rules out (3, 7), G = {1, 5}, O = set()]
(3, 'AG', 5, 27)
(4, 'AG', 1, 29)
4 NL 1 = 13254 [rules out (1, 5), G = {1, 5}, O = set()]
(3, 'AG', 1, 26)
5 NL 3 = 13547 [rules out (3, 4), G = {1, 5}, O = set()]
7 NL 3 = 1702 [rules out (3, 5), G = {1, 5}, O = set()]
(6, 'AG', 5, 22)
4 NL 1 = 1111 [rules out (1, 7), G = {1, 5}, O = set()]
(6, 'AG', 1, 25)
5 NL 3 = 13547 [rules out (1, 3), G = {1, 5}, O = set()]

[] are verified winners with these assertions.
[1, 4, 5, 7] remain as potential winners in this audit.
------------------------------------------------
