VALID BALLOTS 10362
Winner 6
Winner 2
Computing AG relationships
4 AG 8 = 77
4 AG 9 = 84
7 AG 8 = 59
7 AG 9 = 72
6 AG 8 = 25
6 AG 1 = 93
6 AG 9 = 36
6 AG 3 = 39
6 AG 5 = 166
2 AG 8 = 48
2 AG 9 = 48
2 AG 3 = 178
Ruling out candidates: [(8, 48), (9, 48), (3, 178)]
STAGE 1 ASN (Ruling out candidates): 178
ALTERNATE OUTCOME PAIR: 1,10
   (1) can we show that 5 NL 10?
        a. margin -0.2766840378305353
      no
   (1) can we show that 5 NL 1?
        a. margin 0.02808338158656598
      yes, 163, ags used 93 = 163
   (1) can we show that 4 NL 10?
        a. margin -0.17963070192369635
      no
   (1) can we show that 4 NL 1?
        a. margin 3.216882197798476e-05
      yes, 759, ags used 93 = 759
   (1) can we show that 7 NL 10?
        a. margin -0.030528212056874504
      no
   (1) can we show that 7 NL 1?
        a. margin 0.0037637521713955735
      yes, 58, ags used 93 = 93
   (1) can we show that 6 NL 10?
        a. margin -0.04448948079521309
      no
   (1) can we show that 6 NL 1?
        a. margin 0.056295438461044345
      yes, 56, ags used 39 = 56
   (1) can we show that 2 NL 10?
        a. margin -0.13494820819661613
      no
   (1) can we show that 2 NL 1?
        a. margin 0.0346458212700258
      yes, 132, ags used 93 = 132
      Best assertion(s) require sample: 56

ALTERNATE OUTCOME PAIR: 1,5
   (1) can we show that 10 NL 5?
        a. margin -0.0837997812520106
      no
   (1) can we show that 10 NL 1?
        a. margin -0.018690085569066373
      no
   (1) can we show that 4 NL 5?
        a. margin -0.036736794698577935
      no
   (1) can we show that 4 NL 1?
        a. margin 0.01016534774496547
      yes, 581, ags used 93 = 581
   (1) can we show that 7 NL 5?
        a. margin 0.0021874798944863105
      yes, 211, ags used 166 = 211
   (1) can we show that 7 NL 1?
        a. margin 0.014636813999871157
      yes, 51, ags used 93 = 93
   (1) can we show that 6 NL 5?
        a. margin 0.030849900276652242
      yes, 83, ags used 39 = 83
   (1) can we show that 6 NL 1?
        a. margin 0.06623560445216503
      yes, 50, ags used 39 = 50
   (1) can we show that 2 NL 5?
        a. margin 0.0020909734285530224
      yes, 10349, ags used 178 = 10349
   (1) can we show that 2 NL 1?
        a. margin 0.04503635076883472
      yes, 102, ags used 93 = 102
      Best assertion(s) require sample: 50

ALTERNATE OUTCOME PAIR: 1,4
   (1) can we show that 10 NL 4?
        a. margin -0.3821977739175193
      no
   (1) can we show that 10 NL 1?
        a. margin -0.028630251560187503
      no
   (1) can we show that 5 NL 4?
        a. margin -0.37450942546483945
      no
   (1) can we show that 5 NL 1?
        a. margin 0.02592807051405832
      yes, 177, ags used 93 = 177
   (1) can we show that 7 NL 4?
        a. margin -0.27578331081515806
      no
   (1) can we show that 7 NL 1?
        a. margin 0.008556906646079332
      yes, 57, ags used 93 = 93
   (1) can we show that 6 NL 4?
        a. margin -0.07691565334877404
      no
   (1) can we show that 6 NL 1?
        a. margin 0.052853374509426176
      yes, 59, ags used 39 = 59
   (1) can we show that 2 NL 4?
        a. margin -0.06613909798623185
      no
   (1) can we show that 2 NL 1?
        a. margin 0.029337965643698727
      yes, 156, ags used 93 = 156
      Best assertion(s) require sample: 59

ALTERNATE OUTCOME PAIR: 1,7
   (1) can we show that 10 NL 7?
        a. margin -0.2924145917776496
      no
   (1) can we show that 10 NL 1?
        a. margin -0.02891977095798748
      no
   (1) can we show that 5 NL 7?
        a. margin -0.30824165219069743
      no
   (1) can we show that 5 NL 1?
        a. margin 0.033133886637071175
      yes, 138, ags used 93 = 138
   (1) can we show that 4 NL 7?
        a. margin -0.2111883162838586
      no
   (1) can we show that 4 NL 1?
        a. margin 0.00585472559994904
      yes, 1236, ags used 93 = 1236
   (1) can we show that 6 NL 7?
        a. margin -0.07926397735314938
      no
   (1) can we show that 6 NL 1?
        a. margin 0.0625683587467043
      yes, 52, ags used 39 = 52
   (1) can we show that 2 NL 7?
        a. margin -0.162516888631539
      no
   (1) can we show that 2 NL 1?
        a. margin 0.040500546869974174
      yes, 113, ags used 93 = 113
      Best assertion(s) require sample: 52

ALTERNATE OUTCOME PAIR: 1,6
   (1) can we show that 10 NL 6?
        a. margin -0.37171073795277665
      no
   (1) can we show that 10 NL 1?
        a. margin -0.08827124750691584
      no
   (1) can we show that 5 NL 6?
        a. margin -0.36083767612430073
      no
   (1) can we show that 5 NL 1?
        a. margin -0.09129511677282409
      no
   (1) can we show that 4 NL 6?
        a. margin -0.20395033133886697
      no
   (1) can we show that 4 NL 1?
        a. margin -0.04629093482596536
      no
   (1) can we show that 7 NL 6?
        a. margin -0.26584314482403704
      no
   (1) can we show that 7 NL 1?
        a. margin 0.013671749340540051
      yes, 228, ags used 72 = 228
   (1) can we show that 2 NL 6?
        a. margin -0.16611979669304566
      no
   (1) can we show that 2 NL 1?
        a. margin -0.009554140127386979
      no
      Best assertion(s) require sample: 228

ALTERNATE OUTCOME PAIR: 1,2
   (1) can we show that 10 NL 2?
        a. margin -0.3903043170559095
      no
   (1) can we show that 10 NL 1?
        a. margin -0.029466640931608445
      no
   (1) can we show that 5 NL 2?
        a. margin -0.387151772502091
      no
   (1) can we show that 5 NL 1?
        a. margin 0.025413369362415672
      yes, 180, ags used 93 = 180
   (1) can we show that 4 NL 2?
        a. margin -0.20214887730811326
      no
   (1) can we show that 4 NL 1?
        a. margin -0.0056617126680820196
      no
   (1) can we show that 7 NL 2?
        a. margin -0.2776812713118446
      no
   (1) can we show that 7 NL 1?
        a. margin 0.007430997876858747
      yes, 58, ags used 93 = 93
   (1) can we show that 6 NL 2?
        a. margin -0.0819018207553237
      no
   (1) can we show that 6 NL 1?
        a. margin 0.05240301100173772
      yes, 59, ags used 39 = 59
      Best assertion(s) require sample: 59

ALTERNATE OUTCOME PAIR: 10,5
   (1) can we show that 1 NL 5?
        a. margin -0.13620279225374754
      no
   (1) can we show that 1 NL 10?
        a. margin -0.35218426301228867
      no
   (1) can we show that 4 NL 5?
        a. margin -0.03554654828540127
      no
   (1) can we show that 4 NL 10?
        a. margin -0.16907932831499783
      no
   (1) can we show that 7 NL 5?
        a. margin 0.0010294023032875188
      yes, 220, ags used 166 = 220
   (1) can we show that 7 NL 10?
        a. margin -0.025670719938235997
      no
   (1) can we show that 6 NL 5?
        a. margin 0.03220099079971783
      yes, 81, ags used 39 = 81
   (1) can we show that 6 NL 10?
        a. margin -0.03371292543267057
      no
   (1) can we show that 2 NL 5?
        a. margin 0.0003860258637335967
      yes, 3764, ags used 178 = 3764
   (1) can we show that 2 NL 10?
        a. margin -0.12442900340989571
      no
      Best assertion(s) require sample: 81

ALTERNATE OUTCOME PAIR: 10,4
   (1) can we show that 1 NL 4?
        a. margin -0.4518432734993246
      no
   (1) can we show that 1 NL 10?
        a. margin -0.35411439233095476
      no
   (1) can we show that 5 NL 4?
        a. margin -0.37113169915717736
      no
   (1) can we show that 5 NL 10?
        a. margin -0.2691243646657686
      no
   (1) can we show that 7 NL 4?
        a. margin -0.27513993437560336
      no
   (1) can we show that 7 NL 10?
        a. margin -0.02698964163932227
      no
   (1) can we show that 6 NL 4?
        a. margin -0.06488451392909966
      no
   (1) can we show that 6 NL 10?
        a. margin -0.033841600720580844
      no
   (1) can we show that 2 NL 4?
        a. margin -0.06337257929614615
      no
   (1) can we show that 2 NL 10?
        a. margin -0.13739303866692398
      no

ALTERNATE OUTCOME PAIR: 10,7
   (1) can we show that 1 NL 7?
        a. margin -0.38113620279225546
      no
   (1) can we show that 1 NL 10?
        a. margin -0.3207553239400396
      no
   (1) can we show that 5 NL 7?
        a. margin -0.29466640931609267
      no
   (1) can we show that 5 NL 10?
        a. margin -0.2382101267451614
      no
   (1) can we show that 4 NL 7?
        a. margin -0.19806343691694162
      no
   (1) can we show that 4 NL 10?
        a. margin -0.14180016727787526
      no
   (1) can we show that 6 NL 7?
        a. margin -0.05613459435115398
      no
   (1) can we show that 6 NL 10?
        a. margin 0.003281219841730687
      yes, 4159, ags used 166 = 4159
   (1) can we show that 2 NL 7?
        a. margin -0.1495206845525321
      no
   (1) can we show that 2 NL 10?
        a. margin -0.09760020588046059
      no
      Best assertion(s) require sample: 4159

ALTERNATE OUTCOME PAIR: 10,6
   (1) can we show that 1 NL 6?
        a. margin -0.4369491089236316
      no
   (1) can we show that 1 NL 10?
        a. margin -0.33638937142122216
      no
   (1) can we show that 5 NL 6?
        a. margin -0.3570739239529055
      no
   (1) can we show that 5 NL 10?
        a. margin -0.2486328250659524
      no
   (1) can we show that 4 NL 6?
        a. margin -0.2006369426751603
      no
   (1) can we show that 4 NL 10?
        a. margin -0.16804992601171087
      no
   (1) can we show that 7 NL 6?
        a. margin -0.2661326642218367
      no
   (1) can we show that 7 NL 10?
        a. margin -0.01740333268995664
      no
   (1) can we show that 2 NL 6?
        a. margin -0.16261339509747186
      no
   (1) can we show that 2 NL 10?
        a. margin -0.12407514636813977
      no

ALTERNATE OUTCOME PAIR: 10,2
   (1) can we show that 1 NL 2?
        a. margin -0.46374573763108806
      no
   (1) can we show that 1 NL 10?
        a. margin -0.3491282249244051
      no
   (1) can we show that 5 NL 2?
        a. margin -0.38444959145596125
      no
   (1) can we show that 5 NL 10?
        a. margin -0.26368783375153115
      no
   (1) can we show that 4 NL 2?
        a. margin -0.2002830856334047
      no
   (1) can we show that 4 NL 10?
        a. margin -0.1815608312423601
      no
   (1) can we show that 7 NL 2?
        a. margin -0.2772952454481118
      no
   (1) can we show that 7 NL 10?
        a. margin -0.025413369362412785
      no
   (1) can we show that 6 NL 2?
        a. margin -0.07028887602136014
      no
   (1) can we show that 6 NL 10?
        a. margin -0.030560380878851268
      no

ALTERNATE OUTCOME PAIR: 5,4
   (1) can we show that 1 NL 4?
        a. margin -0.4538055716399665
      no
   (1) can we show that 1 NL 5?
        a. margin -0.13822942803834548
      no
   (1) can we show that 10 NL 4?
        a. margin -0.381136202792254
      no
   (1) can we show that 10 NL 5?
        a. margin -0.08453966415749836
      no
   (1) can we show that 7 NL 4?
        a. margin -0.27481824615582606
      no
   (1) can we show that 7 NL 5?
        a. margin 0.0018336228527315868
      yes, 218, ags used 166 = 218
   (1) can we show that 6 NL 4?
        a. margin -0.07533938107186511
      no
   (1) can we show that 6 NL 5?
        a. margin 0.029498809753587096
      yes, 85, ags used 39 = 85
   (1) can we show that 2 NL 4?
        a. margin -0.0646271633532779
      no
   (1) can we show that 2 NL 5?
        a. margin 0.0
      no
      Best assertion(s) require sample: 85

ALTERNATE OUTCOME PAIR: 5,7
   (1) can we show that 1 NL 7?
        a. margin -0.3868300842823139
      no
   (1) can we show that 1 NL 5?
        a. margin -0.13292157241201852
      no
   (1) can we show that 10 NL 7?
        a. margin -0.283246477513994
      no
   (1) can we show that 10 NL 5?
        a. margin -0.08367110596409943
      no
   (1) can we show that 4 NL 7?
        a. margin -0.19986489094769422
      no
   (1) can we show that 4 NL 5?
        a. margin -0.03158978318213945
      no
   (1) can we show that 6 NL 7?
        a. margin -0.0671685002895196
      no
   (1) can we show that 6 NL 5?
        a. margin 0.036318600012868574
      yes, 75, ags used 39 = 75
   (1) can we show that 2 NL 7?
        a. margin -0.1509682815415302
      no
   (1) can we show that 2 NL 5?
        a. margin 0.004021102747218119
      yes, 1024, ags used 178 = 1024
      Best assertion(s) require sample: 75

ALTERNATE OUTCOME PAIR: 5,6
   (1) can we show that 1 NL 6?
        a. margin -0.4399408093675612
      no
   (1) can we show that 1 NL 5?
        a. margin -0.1501318921701088
      no
   (1) can we show that 10 NL 6?
        a. margin -0.3708421797593775
      no
   (1) can we show that 10 NL 5?
        a. margin -0.09698899826288365
      no
   (1) can we show that 4 NL 6?
        a. margin -0.20282442256964628
      no
   (1) can we show that 4 NL 5?
        a. margin -0.05047288168307262
      no
   (1) can we show that 7 NL 6?
        a. margin -0.2650710930965712
      no
   (1) can we show that 7 NL 5?
        a. margin 0.001479765810976419
      yes, 742, ags used 72 = 742
   (1) can we show that 2 NL 6?
        a. margin -0.1647043685260252
      no
   (1) can we show that 2 NL 5?
        a. margin -0.01199897059769639
      no
      Best assertion(s) require sample: 742

ALTERNATE OUTCOME PAIR: 5,2
   (1) can we show that 1 NL 2?
        a. margin -0.4660618928134852
      no
   (1) can we show that 1 NL 5?
        a. margin -0.13851894743614535
      no
   (1) can we show that 10 NL 2?
        a. margin -0.3899182911921769
      no
   (1) can we show that 10 NL 5?
        a. margin -0.0851830405970535
      no
   (1) can we show that 4 NL 2?
        a. margin -0.20195586437624702
      no
   (1) can we show that 4 NL 5?
        a. margin -0.03934246927877516
      no
   (1) can we show that 7 NL 2?
        a. margin -0.2774882583799785
      no
   (1) can we show that 7 NL 5?
        a. margin 0.0009328958373544527
      yes, 226, ags used 166 = 226
   (1) can we show that 6 NL 2?
        a. margin -0.08112976902785796
      no
   (1) can we show that 6 NL 5?
        a. margin 0.029370134465676268
      yes, 85, ags used 39 = 85
      Best assertion(s) require sample: 85

ALTERNATE OUTCOME PAIR: 4,7
   (1) can we show that 1 NL 7?
        a. margin -0.3891462394647126
      no
   (1) can we show that 1 NL 4?
        a. margin -0.44856205365759527
      no
   (1) can we show that 10 NL 7?
        a. margin -0.2867850479315467
      no
   (1) can we show that 10 NL 4?
        a. margin -0.38071800810654344
      no
   (1) can we show that 5 NL 7?
        a. margin -0.3005533037380196
      no
   (1) can we show that 5 NL 4?
        a. margin -0.3674001158077599
      no
   (1) can we show that 6 NL 7?
        a. margin -0.0681657337708288
      no
   (1) can we show that 6 NL 4?
        a. margin -0.061796307019236885
      no
   (1) can we show that 2 NL 7?
        a. margin -0.1645113555941583
      no
   (1) can we show that 2 NL 4?
        a. margin -0.06211799523901407
      no

ALTERNATE OUTCOME PAIR: 4,6
   (1) can we show that 1 NL 6?
        a. margin -0.41751914044907845
      no
   (1) can we show that 1 NL 4?
        a. margin -0.4120826095348411
      no
   (1) can we show that 10 NL 6?
        a. margin -0.34938557550022764
      no
   (1) can we show that 10 NL 4?
        a. margin -0.3429839799266575
      no
   (1) can we show that 5 NL 6?
        a. margin -0.3377404619442863
      no
   (1) can we show that 5 NL 4?
        a. margin -0.3288940359004082
      no
   (1) can we show that 7 NL 6?
        a. margin -0.24351798237148792
      no
   (1) can we show that 7 NL 4?
        a. margin -0.23656951682429717
      no
   (1) can we show that 2 NL 6?
        a. margin -0.16216303158978362
      no
   (1) can we show that 2 NL 4?
        a. margin -0.04815672650067482
      no

ALTERNATE OUTCOME PAIR: 4,2
   (1) can we show that 1 NL 2?
        a. margin -0.42913208518304224
      no
   (1) can we show that 1 NL 4?
        a. margin -0.4051341439876488
      no
   (1) can we show that 10 NL 2?
        a. margin -0.35350318471337794
      no
   (1) can we show that 10 NL 4?
        a. margin -0.33355851508718004
      no
   (1) can we show that 5 NL 2?
        a. margin -0.3502219648716485
      no
   (1) can we show that 5 NL 4?
        a. margin -0.32493727079714585
      no
   (1) can we show that 7 NL 2?
        a. margin -0.24100881425722476
      no
   (1) can we show that 7 NL 4?
        a. margin -0.2277552596023963
      no
   (1) can we show that 6 NL 2?
        a. margin -0.0387634304831741
      no
   (1) can we show that 6 NL 4?
        a. margin -0.022679019494304176
      no

ALTERNATE OUTCOME PAIR: 7,6
   (1) can we show that 1 NL 6?
        a. margin -0.43350704497201376
      no
   (1) can we show that 1 NL 7?
        a. margin -0.37209676381651235
      no
   (1) can we show that 10 NL 6?
        a. margin -0.3713247120890435
      no
   (1) can we show that 10 NL 7?
        a. margin -0.27423920736023
      no
   (1) can we show that 5 NL 6?
        a. margin -0.352602457698
      no
   (1) can we show that 5 NL 7?
        a. margin -0.28064080293380134
      no
   (1) can we show that 4 NL 6?
        a. margin -0.19658367110596586
      no
   (1) can we show that 4 NL 7?
        a. margin -0.19928585215209682
      no
   (1) can we show that 2 NL 6?
        a. margin -0.15875313646014422
      no
   (1) can we show that 2 NL 7?
        a. margin -0.15186900855690733
      no

ALTERNATE OUTCOME PAIR: 7,2
   (1) can we show that 1 NL 2?
        a. margin -0.4570546226597183
      no
   (1) can we show that 1 NL 7?
        a. margin -0.38239078684938765
      no
   (1) can we show that 10 NL 2?
        a. margin -0.38686225310429156
      no
   (1) can we show that 10 NL 7?
        a. margin -0.28102682879753127
      no
   (1) can we show that 5 NL 2?
        a. margin -0.377372450620859
      no
   (1) can we show that 5 NL 7?
        a. margin -0.29347616290291734
      no
   (1) can we show that 4 NL 2?
        a. margin -0.19352763301807963
      no
   (1) can we show that 4 NL 7?
        a. margin -0.21154217332561331
      no
   (1) can we show that 6 NL 2?
        a. margin -0.06375860515987863
      no
   (1) can we show that 6 NL 7?
        a. margin -0.06305089107636819
      no

RULE OUT PAIR STAGE ASN 4159
------------------------------------------------
Alternate outcome cannot be ruled out: 10,4
Alternate outcome cannot be ruled out: 10,6
Alternate outcome cannot be ruled out: 10,2
Alternate outcome cannot be ruled out: 4,7
Alternate outcome cannot be ruled out: 4,6
Alternate outcome cannot be ruled out: 4,2
Alternate outcome cannot be ruled out: 7,6
Alternate outcome cannot be ruled out: 7,2
Full audit not possible
PARTIAL audit sample size: 4159
------------------------------------------------
Final set of assertions generated:
(5, 'AG', 2, 39)
6 NL 1 = 52 [rules out (1, 7), G = {8, 2, 7}, O = set()]
6 NL 5 = 75 [rules out (5, 7), G = {8, 2, 7}, O = set()]
(1, 'AG', 7, 48)
(5, 'AG', 4, 166)
6 NL 1 = 59 [rules out (1, 2), G = {8, 2, 7}, O = set()]
6 NL 1 = 50 [rules out (1, 5), G = {8, 2, 7}, O = set()]
6 NL 1 = 59 [rules out (1, 4), G = {8, 2, 7}, O = set()]
6 NL 5 = 85 [rules out (5, 2), G = {8, 2, 7}, O = set()]
7 NL 1 = 228 [rules out (1, 6), G = {8, 7}, O = set()]
7 NL 5 = 742 [rules out (5, 6), G = {8, 7}, O = set()]
6 NL 5 = 81 [rules out (10, 5), G = {8, 2, 7}, O = set()]

(1, 'AG', 2, 178)
(5, 'AG', 8, 36)
(1, 'AG', 8, 48)
6 NL 1 = 56 [rules out (1, 10), G = {8, 2, 7}, O = set()]
(5, 'AG', 0, 93)
6 NL 5 = 85 [rules out (5, 4), G = {8, 2, 7}, O = set()]
(6, 'AG', 8, 72)
(5, 'AG', 7, 25)
6 NL 10 = 4159 [rules out (10, 7), G = {0, 2, 4, 7, 8}, O = set()]
(6, 'AG', 7, 59)
[] are verified winners with these assertions.
[2, 4, 6, 7, 10] remain as potential winners in this audit.
------------------------------------------------
