VALID BALLOTS 7194
Winner 2
Winner 4
Computing AG relationships
3 AG 6 = 222
1 AG 6 = 96
2 AG 6 = 38
2 AG 5 = 46
8 AG 6 = 33
8 AG 7 = 129
4 AG 6 = 26
4 AG 7 = 64
Ruling out candidates: [(6, 33), (7, 129)]
STAGE 1 ASN (Ruling out candidates): 129
ALTERNATE OUTCOME PAIR: 5,3
   (1) can we show that 1 NL 3?
        a. margin -0.16282086924288763
      no
   (1) can we show that 1 NL 5?
        a. margin 0.04540821054582511
      yes, 99, ags used 96 = 99
   (1) can we show that 2 NL 3?
        a. margin -0.07608192011861747
      no
   (1) can we show that 2 NL 5?
        a. margin 0.10281716245018946
      yes, 44, ags used 38 = 44
   (1) can we show that 8 NL 3?
        a. margin -0.134046890927625
      no
   (1) can we show that 8 NL 5?
        a. margin 0.08752664257251386
      yes, 52, ags used 46 = 52
   (1) can we show that 4 NL 3?
        a. margin -0.10411453989435682
      no
   (1) can we show that 4 NL 5?
        a. margin 0.12362153646557328
      yes, 37, ags used 46 = 46
      Best assertion(s) require sample: 44

ALTERNATE OUTCOME PAIR: 5,1
   (1) can we show that 3 NL 1?
        a. margin -0.17922342692984905
      no
   (1) can we show that 3 NL 5?
        a. margin 0.025345195069965465
      yes, 180, ags used 46 = 180
   (1) can we show that 2 NL 1?
        a. margin -0.09614493559447701
      no
   (1) can we show that 2 NL 5?
        a. margin 0.10226114354554694
      yes, 44, ags used 38 = 44
   (1) can we show that 8 NL 1?
        a. margin -0.10411453989435682
      no
   (1) can we show that 8 NL 5?
        a. margin 0.08636826985450807
      yes, 53, ags used 46 = 53
   (1) can we show that 4 NL 1?
        a. margin -0.07376517468260635
      no
   (1) can we show that 4 NL 5?
        a. margin 0.12264850338244804
      yes, 37, ags used 46 = 46
      Best assertion(s) require sample: 44

ALTERNATE OUTCOME PAIR: 5,2
   (1) can we show that 3 NL 2?
        a. margin -0.20558798999165984
      no
   (1) can we show that 3 NL 5?
        a. margin -0.11268649800759911
      no
   (1) can we show that 1 NL 2?
        a. margin -0.1903901399314245
      no
   (1) can we show that 1 NL 5?
        a. margin -0.1053655824298031
      no
   (1) can we show that 8 NL 2?
        a. margin -0.15925308127143034
      no
   (1) can we show that 8 NL 5?
        a. margin -0.07617458993605841
      no
   (1) can we show that 4 NL 2?
        a. margin -0.12765267352423348
      no
   (1) can we show that 4 NL 5?
        a. margin -0.04378648874061841
      no

ALTERNATE OUTCOME PAIR: 5,8
   (1) can we show that 3 NL 8?
        a. margin -0.3116949309609861
      no
   (1) can we show that 3 NL 5?
        a. margin 0.02483551107404325
      yes, 184, ags used 46 = 184
   (1) can we show that 1 NL 8?
        a. margin -0.28820313223982974
      no
   (1) can we show that 1 NL 5?
        a. margin 0.0436011491057362
      yes, 103, ags used 96 = 103
   (1) can we show that 2 NL 8?
        a. margin -0.21939579279028842
      no
   (1) can we show that 2 NL 5?
        a. margin 0.10300250208507
      yes, 44, ags used 38 = 44
   (1) can we show that 4 NL 8?
        a. margin -0.017468260587526818
      no
   (1) can we show that 4 NL 5?
        a. margin 0.1201000834028354
      yes, 38, ags used 46 = 46
      Best assertion(s) require sample: 44

ALTERNATE OUTCOME PAIR: 5,4
   (1) can we show that 3 NL 4?
        a. margin -0.32100824761375224
      no
   (1) can we show that 3 NL 5?
        a. margin 0.024789176165322724
      yes, 184, ags used 46 = 184
   (1) can we show that 1 NL 4?
        a. margin -0.29353164674265597
      no
   (1) can we show that 1 NL 5?
        a. margin 0.04346214437957552
      yes, 104, ags used 96 = 104
   (1) can we show that 2 NL 4?
        a. margin -0.22963580761745916
      no
   (1) can we show that 2 NL 5?
        a. margin 0.10253915299786831
      yes, 44, ags used 38 = 44
   (1) can we show that 8 NL 4?
        a. margin -0.09475488833287027
      no
   (1) can we show that 8 NL 5?
        a. margin 0.08368084514873497
      yes, 54, ags used 46 = 54
      Best assertion(s) require sample: 44

ALTERNATE OUTCOME PAIR: 3,1
   (1) can we show that 5 NL 1?
        a. margin -0.25516634232230595
      no
   (1) can we show that 5 NL 3?
        a. margin -0.24339727550736767
      no
   (1) can we show that 2 NL 1?
        a. margin -0.015939208599759946
      no
   (1) can we show that 2 NL 3?
        a. margin 0.008479288295800913
      yes, 535, ags used 46 = 535
   (1) can we show that 8 NL 1?
        a. margin -0.09368918543230542
      no
   (1) can we show that 8 NL 3?
        a. margin -0.12084144194236046
      no
   (1) can we show that 4 NL 1?
        a. margin -0.06329348531183476
      no
   (1) can we show that 4 NL 3?
        a. margin -0.09141877490501449
      no
      Best assertion(s) require sample: 535

ALTERNATE OUTCOME PAIR: 3,2
   (1) can we show that 5 NL 2?
        a. margin -0.25901213974608495
      no
   (1) can we show that 5 NL 3?
        a. margin -0.2574367528495972
      no
   (1) can we show that 1 NL 2?
        a. margin -0.20387359836901153
      no
   (1) can we show that 1 NL 3?
        a. margin -0.14234083958854649
      no
   (1) can we show that 8 NL 2?
        a. margin -0.16856639792419648
      no
   (1) can we show that 8 NL 3?
        a. margin -0.10851635622277933
      no
   (1) can we show that 4 NL 2?
        a. margin -0.1374293392642021
      no
   (1) can we show that 4 NL 3?
        a. margin -0.07876934482439157
      no

ALTERNATE OUTCOME PAIR: 3,8
   (1) can we show that 5 NL 8?
        a. margin -0.3755907700861828
      no
   (1) can we show that 5 NL 3?
        a. margin -0.24849411546659317
      no
   (1) can we show that 1 NL 8?
        a. margin -0.2835233064590864
      no
   (1) can we show that 1 NL 3?
        a. margin -0.15786303400982382
      no
   (1) can we show that 2 NL 8?
        a. margin -0.14873505699193812
      no
   (1) can we show that 2 NL 3?
        a. margin 0.0045871559633012815
      yes, 1376, ags used 46 = 1376
   (1) can we show that 4 NL 8?
        a. margin -0.013900472616069415
      no
   (1) can we show that 4 NL 3?
        a. margin -0.11115744601983168
      no
      Best assertion(s) require sample: 1376

ALTERNATE OUTCOME PAIR: 3,4
   (1) can we show that 5 NL 4?
        a. margin -0.388981558706329
      no
   (1) can we show that 5 NL 3?
        a. margin -0.24770642201834903
      no
   (1) can we show that 1 NL 4?
        a. margin -0.28908349550551404
      no
   (1) can we show that 1 NL 3?
        a. margin -0.15758502455750234
      no
   (1) can we show that 2 NL 4?
        a. margin -0.1587897321842281
      no
   (1) can we show that 2 NL 3?
        a. margin 0.005050505050503418
      yes, 1134, ags used 46 = 1134
   (1) can we show that 8 NL 4?
        a. margin -0.0900750625521275
      no
   (1) can we show that 8 NL 3?
        a. margin -0.1411361319618203
      no
      Best assertion(s) require sample: 1134

ALTERNATE OUTCOME PAIR: 1,2
   (1) can we show that 5 NL 2?
        a. margin -0.26068019646001295
      no
   (1) can we show that 5 NL 1?
        a. margin -0.26670373459364316
      no
   (1) can we show that 3 NL 2?
        a. margin -0.22078584005189505
      no
   (1) can we show that 3 NL 1?
        a. margin -0.1694467611898809
      no
   (1) can we show that 8 NL 2?
        a. margin -0.1710684829950887
      no
   (1) can we show that 8 NL 1?
        a. margin -0.08706329348531294
      no
   (1) can we show that 4 NL 2?
        a. margin -0.13960707997405253
      no
   (1) can we show that 4 NL 1?
        a. margin -0.056760263182282666
      no

ALTERNATE OUTCOME PAIR: 1,8
   (1) can we show that 5 NL 8?
        a. margin -0.3729496802891298
      no
   (1) can we show that 5 NL 1?
        a. margin -0.25233991289037205
      no
   (1) can we show that 3 NL 8?
        a. margin -0.30641275136687973
      no
   (1) can we show that 3 NL 1?
        a. margin -0.1701417848206842
      no
   (1) can we show that 2 NL 8?
        a. margin -0.14590862756000422
      no
   (1) can we show that 2 NL 1?
        a. margin -0.012371420628302543
      no
   (1) can we show that 4 NL 8?
        a. margin -0.013298118802706371
      no
   (1) can we show that 4 NL 1?
        a. margin -0.07853767028078984
      no

ALTERNATE OUTCOME PAIR: 1,4
   (1) can we show that 5 NL 4?
        a. margin -0.3852747660087109
      no
   (1) can we show that 5 NL 1?
        a. margin -0.25099620053748484
      no
   (1) can we show that 3 NL 4?
        a. margin -0.31438235566675954
      no
   (1) can we show that 3 NL 1?
        a. margin -0.16782503938467264
      no
   (1) can we show that 2 NL 4?
        a. margin -0.15536094893893115
      no
   (1) can we show that 2 NL 1?
        a. margin -0.011213047910296647
      no
   (1) can we show that 8 NL 4?
        a. margin -0.08738763784635395
      no
   (1) can we show that 8 NL 1?
        a. margin -0.10847002131405825
      no

ALTERNATE OUTCOME PAIR: 2,8
   (1) can we show that 5 NL 8?
        a. margin -0.38110462422389024
      no
   (1) can we show that 5 NL 2?
        a. margin -0.2636456306181074
      no
   (1) can we show that 3 NL 8?
        a. margin -0.3106755629691408
      no
   (1) can we show that 3 NL 2?
        a. margin -0.22477064220183496
      no
   (1) can we show that 1 NL 8?
        a. margin -0.286488740617181
      no
   (1) can we show that 1 NL 2?
        a. margin -0.210036141228802
      no
   (1) can we show that 4 NL 8?
        a. margin -0.01542952460383673
      no
   (1) can we show that 4 NL 2?
        a. margin -0.14910573626169976
      no

ALTERNATE OUTCOME PAIR: 8,4
   (1) can we show that 5 NL 4?
        a. margin -0.33940320637568255
      no
   (1) can we show that 5 NL 8?
        a. margin -0.3164674265591694
      no
   (1) can we show that 3 NL 4?
        a. margin -0.26675006950236313
      no
   (1) can we show that 3 NL 8?
        a. margin -0.24826244092299177
      no
   (1) can we show that 1 NL 4?
        a. margin -0.2393198035399875
      no
   (1) can we show that 1 NL 8?
        a. margin -0.22495598183671595
      no
   (1) can we show that 2 NL 4?
        a. margin -0.10911871003614226
      no
   (1) can we show that 2 NL 8?
        a. margin -0.08928736910388457
      no

RULE OUT PAIR STAGE ASN 1376
------------------------------------------------
Alternate outcome cannot be ruled out: 5,2
Alternate outcome cannot be ruled out: 3,2
Alternate outcome cannot be ruled out: 1,2
Alternate outcome cannot be ruled out: 1,8
Alternate outcome cannot be ruled out: 1,4
Alternate outcome cannot be ruled out: 2,8
Alternate outcome cannot be ruled out: 8,4
Full audit not possible
PARTIAL audit sample size: 1376
------------------------------------------------
Final set of assertions generated:
(7, 'AG', 5, 33)
(1, 'AG', 5, 38)
2 NL 5 = 44 [rules out (5, 8), G = {5}, O = set()]
(1, 'AG', 4, 46)
(3, 'AG', 6, 64)
(7, 'AG', 6, 129)
(3, 'AG', 5, 26)
2 NL 3 = 1134 [rules out (3, 4), G = {4, 5}, O = set()]
2 NL 5 = 44 [rules out (5, 3), G = {5}, O = set()]
2 NL 5 = 44 [rules out (5, 1), G = {5}, O = set()]
2 NL 5 = 44 [rules out (5, 4), G = {5}, O = set()]
2 NL 3 = 535 [rules out (3, 1), G = {4, 5}, O = set()]
2 NL 3 = 1376 [rules out (3, 8), G = {4, 5}, O = set()]
[] are verified winners with these assertions.
[1, 2, 3, 4, 5, 8] remain as potential winners in this audit.
------------------------------------------------
