VALID BALLOTS 5963
Winner 2
Winner 8
Computing AG relationships
1 AG 4 = 1323
6 AG 4 = 311
6 AG 7 = 4946
2 AG 4 = 23
2 AG 3 = 29
2 AG 7 = 25
2 AG 5 = 338
2 AG 1 = 92
2 AG 6 = 76
9 AG 4 = 57
9 AG 3 = 50
9 AG 7 = 94
9 AG 5 = 385
8 AG 4 = 28
8 AG 3 = 27
8 AG 7 = 35
8 AG 5 = 53
8 AG 9 = 133
Ruling out candidates: [(4, 28), (3, 29), (7, 35), (5, 338)]
STAGE 1 ASN (Ruling out candidates): 338
ALTERNATE OUTCOME PAIR: 1,6
   (1) can we show that 2 NL 6?
        a. margin 0.06350271116328443
      yes, 68, ags used 29 = 68
   (1) can we show that 2 NL 1?
        a. margin 0.051707753367991716
      yes, 82, ags used 29 = 82
   (1) can we show that 9 NL 6?
        a. margin 0.01537257532561953
      yes, 283, ags used 94 = 283
   (1) can we show that 9 NL 1?
        a. margin 0.009447146291017061
      yes, 477, ags used 385 = 477
   (1) can we show that 8 NL 6?
        a. margin 0.10744032645759938
      yes, 42, ags used 76 = 76
   (1) can we show that 8 NL 1?
        a. margin 0.08932863771032507
      yes, 51, ags used 92 = 92
   (1) can we show that 8 NL 6?
        a. margin 0.10744032645759938
      yes, 42, ags used 76 = 76
   (1) can we show that 8 NL 1?
        a. margin 0.08932863771032507
      yes, 51, ags used 92 = 92
      Best assertion(s) require sample: 68

ALTERNATE OUTCOME PAIR: 1,2
   (1) can we show that 6 NL 2?
        a. margin -0.3242774889596952
      no
   (1) can we show that 6 NL 1?
        a. margin -0.13729107272625596
      no
   (1) can we show that 9 NL 2?
        a. margin -0.27519704846553705
      no
   (1) can we show that 9 NL 1?
        a. margin -0.08753982894516132
      no
   (1) can we show that 8 NL 2?
        a. margin -0.05416736542009104
      no
   (1) can we show that 8 NL 1?
        a. margin 0.1314215439655657
      yes, 34, ags used 133 = 133
   (1) can we show that 8 NL 2?
        a. margin -0.05416736542009104
      no
   (1) can we show that 8 NL 1?
        a. margin 0.1314215439655657
      yes, 34, ags used 133 = 133
      Best assertion(s) require sample: 133

ALTERNATE OUTCOME PAIR: 1,9
   (1) can we show that 6 NL 9?
        a. margin -0.0867013248364914
      no
   (1) can we show that 6 NL 1?
        a. margin -0.10067639331432676
      no
   (1) can we show that 2 NL 9?
        a. margin 0.14640281737380478
      yes, 31, ags used 133 = 133
   (1) can we show that 2 NL 1?
        a. margin 0.05645927665045525
      yes, 38, ags used 76 = 76
   (1) can we show that 8 NL 9?
        a. margin 0.03572027502934727
      yes, 84, ags used 53 = 84
   (1) can we show that 8 NL 1?
        a. margin 0.08826653250600947
      yes, 51, ags used 92 = 92
   (1) can we show that 8 NL 9?
        a. margin 0.03572027502934727
      yes, 84, ags used 53 = 84
   (1) can we show that 8 NL 1?
        a. margin 0.08826653250600947
      yes, 51, ags used 92 = 92
      Best assertion(s) require sample: 76

ALTERNATE OUTCOME PAIR: 1,8
   (1) can we show that 6 NL 8?
        a. margin -0.3215383755380399
      no
   (1) can we show that 6 NL 1?
        a. margin -0.09894348482307547
      no
   (1) can we show that 2 NL 8?
        a. margin -0.07328525909776984
      no
   (1) can we show that 2 NL 1?
        a. margin 0.058192185141705766
      yes, 74, ags used 29 = 74
   (1) can we show that 9 NL 8?
        a. margin -0.14008608642182352
      no
   (1) can we show that 9 NL 1?
        a. margin 0.008049639443233447
      yes, 558, ags used 385 = 558
      Best assertion(s) require sample: 74

ALTERNATE OUTCOME PAIR: 1,8
   (1) can we show that 6 NL 8?
        a. margin -0.3215383755380399
      no
   (1) can we show that 6 NL 1?
        a. margin -0.09894348482307547
      no
   (1) can we show that 2 NL 8?
        a. margin -0.07328525909776984
      no
   (1) can we show that 2 NL 1?
        a. margin 0.058192185141705766
      yes, 74, ags used 29 = 74
   (1) can we show that 9 NL 8?
        a. margin -0.14008608642182352
      no
   (1) can we show that 9 NL 1?
        a. margin 0.008049639443233447
      yes, 558, ags used 385 = 558
      Best assertion(s) require sample: 74

ALTERNATE OUTCOME PAIR: 6,2
   (1) can we show that 1 NL 2?
        a. margin -0.37078651685393194
      no
   (1) can we show that 1 NL 6?
        a. margin -0.27715355805243314
      no
   (1) can we show that 9 NL 2?
        a. margin -0.26418469450500237
      no
   (1) can we show that 9 NL 6?
        a. margin -0.16848342556878393
      no
   (1) can we show that 8 NL 2?
        a. margin -0.043043210911733465
      no
   (1) can we show that 8 NL 6?
        a. margin 0.05388786405053447
      yes, 85, ags used 133 = 133
   (1) can we show that 8 NL 2?
        a. margin -0.043043210911733465
      no
   (1) can we show that 8 NL 6?
        a. margin 0.05388786405053447
      yes, 85, ags used 133 = 133
      Best assertion(s) require sample: 133

ALTERNATE OUTCOME PAIR: 6,9
   (1) can we show that 1 NL 9?
        a. margin -0.10285650399686941
      no
   (1) can we show that 1 NL 6?
        a. margin -0.08653362401475706
      no
   (1) can we show that 2 NL 9?
        a. margin 0.10699312426630891
      yes, 42, ags used 133 = 133
   (1) can we show that 2 NL 6?
        a. margin 0.06786293252836861
      yes, 64, ags used 29 = 64
   (1) can we show that 8 NL 9?
        a. margin 0.036614679411929085
      yes, 82, ags used 53 = 82
   (1) can we show that 8 NL 6?
        a. margin 0.10492481413158905
      yes, 43, ags used 76 = 76
   (1) can we show that 8 NL 9?
        a. margin 0.036614679411929085
      yes, 82, ags used 53 = 82
   (1) can we show that 8 NL 6?
        a. margin 0.10492481413158905
      yes, 43, ags used 76 = 76
      Best assertion(s) require sample: 64

ALTERNATE OUTCOME PAIR: 6,8
   (1) can we show that 1 NL 8?
        a. margin -0.3466375985242325
      no
   (1) can we show that 1 NL 6?
        a. margin -0.08608642182346615
      no
   (1) can we show that 2 NL 8?
        a. margin -0.11364525686175853
      no
   (1) can we show that 2 NL 6?
        a. margin 0.06842193526748241
      yes, 63, ags used 29 = 63
   (1) can we show that 9 NL 8?
        a. margin -0.13997428587400051
      no
   (1) can we show that 9 NL 6?
        a. margin 0.012689362177874974
      yes, 339, ags used 94 = 339
      Best assertion(s) require sample: 63

ALTERNATE OUTCOME PAIR: 6,8
   (1) can we show that 1 NL 8?
        a. margin -0.3466375985242325
      no
   (1) can we show that 1 NL 6?
        a. margin -0.08608642182346615
      no
   (1) can we show that 2 NL 8?
        a. margin -0.11364525686175853
      no
   (1) can we show that 2 NL 6?
        a. margin 0.06842193526748241
      yes, 63, ags used 29 = 63
   (1) can we show that 9 NL 8?
        a. margin -0.13997428587400051
      no
   (1) can we show that 9 NL 6?
        a. margin 0.012689362177874974
      yes, 339, ags used 94 = 339
      Best assertion(s) require sample: 63

ALTERNATE OUTCOME PAIR: 2,9
   (1) can we show that 1 NL 9?
        a. margin -0.10201799988819893
      no
   (1) can we show that 1 NL 2?
        a. margin -0.38174297054055495
      no
   (1) can we show that 6 NL 9?
        a. margin -0.08692492593213685
      no
   (1) can we show that 6 NL 2?
        a. margin -0.32612219799876985
      no
   (1) can we show that 8 NL 9?
        a. margin 0.03739728324668801
      yes, 81, ags used 53 = 81
   (1) can we show that 8 NL 2?
        a. margin -0.2031974956677287
      no
   (1) can we show that 8 NL 9?
        a. margin 0.03739728324668801
      yes, 81, ags used 53 = 81
   (1) can we show that 8 NL 2?
        a. margin -0.2031974956677287
      no
      Best assertion(s) require sample: 81

ALTERNATE OUTCOME PAIR: 9,8
   (1) can we show that 1 NL 8?
        a. margin -0.3059980993906851
      no
   (1) can we show that 1 NL 9?
        a. margin -0.2767622561350539
      no
   (1) can we show that 6 NL 8?
        a. margin -0.28089887640449296
      no
   (1) can we show that 6 NL 9?
        a. margin -0.24892391972720584
      no
   (1) can we show that 2 NL 8?
        a. margin -0.000503102465201577
      no
   (1) can we show that 2 NL 9?
        a. margin 0.015428475599530422
      yes, 294, ags used 92 = 294
      Best assertion(s) require sample: 294

ALTERNATE OUTCOME PAIR: 9,8
   (1) can we show that 1 NL 8?
        a. margin -0.3059980993906851
      no
   (1) can we show that 1 NL 9?
        a. margin -0.2767622561350539
      no
   (1) can we show that 6 NL 8?
        a. margin -0.28089887640449296
      no
   (1) can we show that 6 NL 9?
        a. margin -0.24892391972720584
      no
   (1) can we show that 2 NL 8?
        a. margin -0.000503102465201577
      no
   (1) can we show that 2 NL 9?
        a. margin 0.015428475599530422
      yes, 294, ags used 92 = 294
      Best assertion(s) require sample: 294

RULE OUT PAIR STAGE ASN 294
------------------------------------------------
EXAMINING WAYS TO REDUCE COST OF AUDIT
ALTERNATE OUTCOME PAIR: 5,1
   (1) can we show that 6 NL 1?
        a. margin -0.10380680865336245
      no
   (1) can we show that 6 NL 5?
        a. margin 0.003913019173793497
      yes, 358, ags used 385 = 385
   (1) can we show that 2 NL 1?
        a. margin 0.05310526021577422
      yes, 39, ags used 76 = 76
   (1) can we show that 2 NL 5?
        a. margin 0.01766448655598385
      yes, 26, ags used 53 = 53
   (1) can we show that 9 NL 1?
        a. margin -0.0011739057521383822
      no
   (1) can we show that 9 NL 5?
        a. margin 0.017832187377717856
      yes, 153, ags used 94 = 153
   (1) can we show that 8 NL 1?
        a. margin 0.07658337525853831
      yes, 59, ags used 92 = 92
   (1) can we show that 8 NL 5?
        a. margin 0.09245905304935942
      yes, 46, ags used 35 = 46
   (1) can we show that 8 NL 1?
        a. margin 0.07658337525853831
      yes, 59, ags used 92 = 92
   (1) can we show that 8 NL 5?
        a. margin 0.09245905304935942
      yes, 46, ags used 35 = 46
      Best assertion(s) require sample: 46

ALTERNATE OUTCOME PAIR: 5,6
   (1) can we show that 1 NL 6?
        a. margin -0.09150874839286671
      no
   (1) can we show that 1 NL 5?
        a. margin 0.003298116160769027
      yes, 378, ags used 385 = 385
   (1) can we show that 2 NL 6?
        a. margin 0.06272010732852529
      yes, 68, ags used 29 = 68
   (1) can we show that 2 NL 5?
        a. margin 0.014198669573480593
      yes, 26, ags used 53 = 53
   (1) can we show that 9 NL 6?
        a. margin 0.013248364916988553
      yes, 326, ags used 94 = 326
   (1) can we show that 9 NL 5?
        a. margin 0.01604337861255445
      yes, 162, ags used 94 = 162
   (1) can we show that 8 NL 6?
        a. margin 0.09223545195371474
      yes, 49, ags used 76 = 76
   (1) can we show that 8 NL 5?
        a. margin 0.09072614455810735
      yes, 47, ags used 35 = 47
   (1) can we show that 8 NL 6?
        a. margin 0.09223545195371474
      yes, 49, ags used 76 = 76
   (1) can we show that 8 NL 5?
        a. margin 0.09072614455810735
      yes, 47, ags used 35 = 47
      Best assertion(s) require sample: 47

ALTERNATE OUTCOME PAIR: 5,2
   (1) can we show that 1 NL 2?
        a. margin -0.3882274023142709
      no
   (1) can we show that 1 NL 5?
        a. margin -0.005310526021577444
      no
   (1) can we show that 6 NL 2?
        a. margin -0.3306501201855885
      no
   (1) can we show that 6 NL 5?
        a. margin 0.0004472021912911295
      yes, 5963, ags used 4946 = 5963
   (1) can we show that 9 NL 2?
        a. margin -0.2947062440605954
      no
   (1) can we show that 9 NL 5?
        a. margin 0.020515400525462413
      yes, 140, ags used 94 = 140
   (1) can we show that 8 NL 2?
        a. margin -0.09027894236681755
      no
   (1) can we show that 8 NL 5?
        a. margin 0.09519816647101553
      yes, 45, ags used 35 = 45
   (1) can we show that 8 NL 2?
        a. margin -0.09027894236681755
      no
   (1) can we show that 8 NL 5?
        a. margin 0.09519816647101553
      yes, 45, ags used 35 = 45
      Best assertion(s) require sample: 45

ALTERNATE OUTCOME PAIR: 5,9
   (1) can we show that 1 NL 9?
        a. margin -0.10078819386214932
      no
   (1) can we show that 1 NL 5?
        a. margin 0.005310526021577999
      yes, 1071, ags used 338 = 1071
   (1) can we show that 6 NL 9?
        a. margin -0.08368271004527894
      no
   (1) can we show that 6 NL 5?
        a. margin 0.002795013695567672
      yes, 3318, ags used 338 = 3318
   (1) can we show that 2 NL 9?
        a. margin 0.1773156688467774
      yes, 25, ags used 133 = 133
   (1) can we show that 2 NL 5?
        a. margin 0.03521717256414547
      yes, 26, ags used 53 = 53
   (1) can we show that 8 NL 9?
        a. margin 0.038571188998826056
      yes, 103, ags used 35 = 103
   (1) can we show that 8 NL 5?
        a. margin 0.0893286377103244
      yes, 48, ags used 35 = 48
   (1) can we show that 8 NL 9?
        a. margin 0.038571188998826056
      yes, 103, ags used 35 = 103
   (1) can we show that 8 NL 5?
        a. margin 0.0893286377103244
      yes, 48, ags used 35 = 48
      Best assertion(s) require sample: 48

ALTERNATE OUTCOME PAIR: 5,8
   (1) can we show that 1 NL 8?
        a. margin -0.3416624741461226
      no
   (1) can we show that 1 NL 5?
        a. margin 0.007434736430208977
      yes, 686, ags used 385 = 686
   (1) can we show that 6 NL 8?
        a. margin -0.3163955503381961
      no
   (1) can we show that 6 NL 5?
        a. margin 0.005031024652021099
      yes, 1127, ags used 385 = 1127
   (1) can we show that 2 NL 8?
        a. margin -0.04650902789423683
      no
   (1) can we show that 2 NL 5?
        a. margin 0.04349041310302337
      yes, 42, ags used 76 = 76
   (1) can we show that 9 NL 8?
        a. margin -0.14925373134328346
      no
   (1) can we show that 9 NL 5?
        a. margin 0.013695567108278794
      yes, 249, ags used 94 = 249
      Best assertion(s) require sample: 76

ALTERNATE OUTCOME PAIR: 5,8
   (1) can we show that 1 NL 8?
        a. margin -0.3416624741461226
      no
   (1) can we show that 1 NL 5?
        a. margin 0.007434736430208977
      yes, 686, ags used 385 = 686
   (1) can we show that 6 NL 8?
        a. margin -0.3163955503381961
      no
   (1) can we show that 6 NL 5?
        a. margin 0.005031024652021099
      yes, 1127, ags used 385 = 1127
   (1) can we show that 2 NL 8?
        a. margin -0.04650902789423683
      no
   (1) can we show that 2 NL 5?
        a. margin 0.04349041310302337
      yes, 42, ags used 76 = 76
   (1) can we show that 9 NL 8?
        a. margin -0.14925373134328346
      no
   (1) can we show that 9 NL 5?
        a. margin 0.013695567108278794
      yes, 249, ags used 94 = 249
      Best assertion(s) require sample: 76

4 ruled out by pairs, sample size 76
STAGE 1 ASN NOW 35
NEW RULE OUT PAIR STAGE ASN 294
------------------------------------------------
FULL audit sample size: 294
------------------------------------------------
Final set of assertions generated:
2 NL 6 = 64 [rules out (6, 9), G = {2, 3, 6}, O = set()]
(1, 'AG', 2, 29)
(7, 'AG', 8, 133)
8 NL 6 = 133 [rules out (6, 2), G = {2, 3, 4, 6, 8}, O = set()]
(7, 'AG', 4, 53)
(7, 'AG', 3, 28)
(1, 'AG', 6, 25)
8 NL 9 = 81 [rules out (2, 9), G = {2, 3, 4, 6}, O = set()]

8 NL 1 = 133 [rules out (1, 2), G = {2, 3, 4, 6, 8}, O = set()]
2 NL 1 = 74 [rules out (1, 8), G = {2, 3, 6}, O = set()]
2 NL 1 = 76 [rules out (1, 9), G = {2, 3, 5, 6}, O = set()]
8 NL 5 = 48 [rules out (5, 9), G = {2, 3, 6}, O = set()]
2 NL 6 = 68 [rules out (1, 6), G = {2, 3, 6}, O = set()]

2 NL 5 = 76 [rules out (5, 8), G = {2, 3, 5, 6}, O = set()]
2 NL 9 = 294 [rules out (9, 8), G = {0, 2, 3, 5, 6}, O = set()]
(1, 'AG', 5, 76)
(1, 'AG', 0, 92)
8 NL 5 = 45 [rules out (5, 2), G = {2, 3, 6}, O = set()]
(7, 'AG', 2, 27)
2 NL 6 = 63 [rules out (6, 8), G = {2, 3, 6}, O = set()]
8 NL 5 = 47 [rules out (5, 6), G = {2, 3, 6}, O = set()]
(7, 'AG', 6, 35)
8 NL 5 = 46 [rules out (5, 1), G = {2, 3, 6}, O = set()]
(1, 'AG', 3, 23)
All winners are verified in audit.
------------------------------------------------
