VALID BALLOTS 5289
Winner 5
Winner 1
Computing AG relationships
5 AG 4 = 22
5 AG 7 = 61
5 AG 6 = 21
5 AG 8 = 33
3 AG 4 = 54
1 AG 4 = 23
1 AG 7 = 78
1 AG 3 = 119
Ruling out candidates: [(4, 23), (7, 78)]
STAGE 1 ASN (Ruling out candidates): 78
ALTERNATE OUTCOME PAIR: 6,8
   (1) can we show that 5 NL 8?
        a. margin 0.1363836894182895
      yes, 33, ags used 22 = 33
   (1) can we show that 5 NL 6?
        a. margin 0.21352492594693362
      yes, 21, ags used 0 = 21
   (1) can we show that 3 NL 8?
        a. margin 0.04373857692065308
      yes, 100, ags used 54 = 100
   (1) can we show that 3 NL 6?
        a. margin 0.08609062834814396
      yes, 53, ags used 21 = 53
   (1) can we show that 1 NL 8?
        a. margin 0.15333711476649659
      yes, 29, ags used 33 = 33
   (1) can we show that 1 NL 6?
        a. margin 0.19423961681477286
      yes, 23, ags used 23 = 23
   (1) can we show that 1 NL 8?
        a. margin 0.15333711476649659
      yes, 29, ags used 33 = 33
   (1) can we show that 1 NL 6?
        a. margin 0.19423961681477286
      yes, 23, ags used 23 = 23
      Best assertion(s) require sample: 21

ALTERNATE OUTCOME PAIR: 6,5
   (1) can we show that 8 NL 5?
        a. margin -0.3303712106888512
      no
   (1) can we show that 8 NL 6?
        a. margin -0.206214155164807
      no
   (1) can we show that 3 NL 5?
        a. margin -0.24692758555492544
      no
   (1) can we show that 3 NL 6?
        a. margin -0.13178294573643357
      no
   (1) can we show that 1 NL 5?
        a. margin -0.005420054200541924
      no
   (1) can we show that 1 NL 6?
        a. margin 0.1077078212642597
      yes, 42, ags used 119 = 119
   (1) can we show that 1 NL 5?
        a. margin -0.005420054200541924
      no
   (1) can we show that 1 NL 6?
        a. margin 0.1077078212642597
      yes, 42, ags used 119 = 119
      Best assertion(s) require sample: 119

ALTERNATE OUTCOME PAIR: 6,3
   (1) can we show that 8 NL 3?
        a. margin -0.13348459065986007
      no
   (1) can we show that 8 NL 6?
        a. margin -0.005672149744753274
      no
   (1) can we show that 5 NL 3?
        a. margin 0.12982920526879682
      yes, 35, ags used 119 = 119
   (1) can we show that 5 NL 6?
        a. margin 0.21087792273271555
      yes, 21, ags used 0 = 21
   (1) can we show that 1 NL 3?
        a. margin 0.04027226318774835
      yes, 98, ags used 78 = 98
   (1) can we show that 1 NL 6?
        a. margin 0.19077330308186813
      yes, 23, ags used 23 = 23
   (1) can we show that 1 NL 3?
        a. margin 0.04027226318774835
      yes, 98, ags used 78 = 98
   (1) can we show that 1 NL 6?
        a. margin 0.19077330308186813
      yes, 23, ags used 23 = 23
      Best assertion(s) require sample: 21

ALTERNATE OUTCOME PAIR: 6,1
   (1) can we show that 8 NL 1?
        a. margin -0.40398310959853767
      no
   (1) can we show that 8 NL 6?
        a. margin -0.005420054200542035
      no
   (1) can we show that 5 NL 1?
        a. margin -0.13543833112749748
      no
   (1) can we show that 5 NL 6?
        a. margin 0.21157118547929676
      yes, 21, ags used 0 = 21
   (1) can we show that 3 NL 1?
        a. margin -0.18188693514842103
      no
   (1) can we show that 3 NL 6?
        a. margin 0.08281338627339752
      yes, 54, ags used 54 = 54
      Best assertion(s) require sample: 21

ALTERNATE OUTCOME PAIR: 6,1
   (1) can we show that 8 NL 1?
        a. margin -0.40398310959853767
      no
   (1) can we show that 8 NL 6?
        a. margin -0.005420054200542035
      no
   (1) can we show that 5 NL 1?
        a. margin -0.13543833112749748
      no
   (1) can we show that 5 NL 6?
        a. margin 0.21157118547929676
      yes, 21, ags used 0 = 21
   (1) can we show that 3 NL 1?
        a. margin -0.18188693514842103
      no
   (1) can we show that 3 NL 6?
        a. margin 0.08281338627339752
      yes, 54, ags used 54 = 54
      Best assertion(s) require sample: 21

ALTERNATE OUTCOME PAIR: 8,5
   (1) can we show that 6 NL 5?
        a. margin -0.350034663137329
      no
   (1) can we show that 6 NL 8?
        a. margin -0.1181697863490263
      no
   (1) can we show that 3 NL 5?
        a. margin -0.2497636604273018
      no
   (1) can we show that 3 NL 8?
        a. margin -0.0935904707884283
      no
   (1) can we show that 1 NL 5?
        a. margin -0.008067057414759882
      no
   (1) can we show that 1 NL 8?
        a. margin 0.011974538350035147
      yes, 31, ags used 119 = 119
   (1) can we show that 1 NL 5?
        a. margin -0.008067057414759882
      no
   (1) can we show that 1 NL 8?
        a. margin 0.011974538350035147
      yes, 31, ags used 119 = 119
      Best assertion(s) require sample: 119

ALTERNATE OUTCOME PAIR: 8,3
   (1) can we show that 6 NL 3?
        a. margin -0.13581647444381417
      no
   (1) can we show that 6 NL 8?
        a. margin -0.09277116026974241
      no
   (1) can we show that 5 NL 3?
        a. margin 0.14879939497069383
      yes, 30, ags used 119 = 119
   (1) can we show that 5 NL 8?
        a. margin 0.1404172181256691
      yes, 25, ags used 22 = 25
   (1) can we show that 1 NL 3?
        a. margin 0.039894119871431544
      yes, 99, ags used 78 = 99
   (1) can we show that 1 NL 8?
        a. margin 0.15390432974097168
      yes, 29, ags used 33 = 33
   (1) can we show that 1 NL 3?
        a. margin 0.039894119871431544
      yes, 99, ags used 78 = 99
   (1) can we show that 1 NL 8?
        a. margin 0.15390432974097168
      yes, 29, ags used 33 = 33
      Best assertion(s) require sample: 25

ALTERNATE OUTCOME PAIR: 8,1
   (1) can we show that 6 NL 1?
        a. margin -0.4053066112056469
      no
   (1) can we show that 6 NL 8?
        a. margin -0.08943089430894291
      no
   (1) can we show that 5 NL 1?
        a. margin -0.11615302199533639
      no
   (1) can we show that 5 NL 8?
        a. margin 0.14375748408646882
      yes, 24, ags used 22 = 24
   (1) can we show that 3 NL 1?
        a. margin -0.18157181571815695
      no
   (1) can we show that 3 NL 8?
        a. margin 0.04399067246486399
      yes, 100, ags used 54 = 100
      Best assertion(s) require sample: 24

ALTERNATE OUTCOME PAIR: 8,1
   (1) can we show that 6 NL 1?
        a. margin -0.4053066112056469
      no
   (1) can we show that 6 NL 8?
        a. margin -0.08943089430894291
      no
   (1) can we show that 5 NL 1?
        a. margin -0.11615302199533639
      no
   (1) can we show that 5 NL 8?
        a. margin 0.14375748408646882
      yes, 24, ags used 22 = 24
   (1) can we show that 3 NL 1?
        a. margin -0.18157181571815695
      no
   (1) can we show that 3 NL 8?
        a. margin 0.04399067246486399
      yes, 100, ags used 54 = 100
      Best assertion(s) require sample: 24

ALTERNATE OUTCOME PAIR: 5,3
   (1) can we show that 6 NL 3?
        a. margin -0.13493414003907467
      no
   (1) can we show that 6 NL 5?
        a. margin -0.35312283355391694
      no
   (1) can we show that 8 NL 3?
        a. margin -0.13108968298985324
      no
   (1) can we show that 8 NL 5?
        a. margin -0.3399508413688789
      no
   (1) can we show that 1 NL 3?
        a. margin 0.04701581899539975
      yes, 85, ags used 78 = 85
   (1) can we show that 1 NL 5?
        a. margin -0.14369446020041599
      no
   (1) can we show that 1 NL 3?
        a. margin 0.04701581899539975
      yes, 85, ags used 78 = 85
   (1) can we show that 1 NL 5?
        a. margin -0.14369446020041599
      no
      Best assertion(s) require sample: 85

ALTERNATE OUTCOME PAIR: 3,1
   (1) can we show that 6 NL 1?
        a. margin -0.3628915358921031
      no
   (1) can we show that 6 NL 3?
        a. margin -0.3158126930106506
      no
   (1) can we show that 8 NL 1?
        a. margin -0.3615050103989411
      no
   (1) can we show that 8 NL 3?
        a. margin -0.3122203315056401
      no
   (1) can we show that 5 NL 1?
        a. margin -0.043738576920653194
      no
   (1) can we show that 5 NL 3?
        a. margin 0.00245793155606
      yes, 4057, ags used 61 = 4057
      Best assertion(s) require sample: 4057

ALTERNATE OUTCOME PAIR: 3,1
   (1) can we show that 6 NL 1?
        a. margin -0.3628915358921031
      no
   (1) can we show that 6 NL 3?
        a. margin -0.3158126930106506
      no
   (1) can we show that 8 NL 1?
        a. margin -0.3615050103989411
      no
   (1) can we show that 8 NL 3?
        a. margin -0.3122203315056401
      no
   (1) can we show that 5 NL 1?
        a. margin -0.043738576920653194
      no
   (1) can we show that 5 NL 3?
        a. margin 0.00245793155606
      yes, 4057, ags used 61 = 4057
      Best assertion(s) require sample: 4057

RULE OUT PAIR STAGE ASN 4057
------------------------------------------------
FULL audit sample size: 4057
------------------------------------------------
Final set of assertions generated:
5 NL 8 = 24 [rules out (8, 1), G = {3, 5}, O = set()]
(4, 'AG', 6, 61)
5 NL 6 = 21 [rules out (6, 3), G = set(), O = set()]
5 NL 3 = 4057 [rules out (3, 1), G = {3, 5, 6, 7}, O = set()]
5 NL 8 = 25 [rules out (8, 3), G = {3, 5}, O = set()]
(0, 'AG', 2, 119)
(4, 'AG', 3, 22)
(4, 'AG', 5, 21)
1 NL 3 = 85 [rules out (5, 3), G = {3, 6}, O = set()]

5 NL 6 = 21 [rules out (6, 1), G = set(), O = set()]
1 NL 8 = 119 [rules out (8, 5), G = {2, 3, 6}, O = set()]
(0, 'AG', 6, 78)
(0, 'AG', 3, 23)
(4, 'AG', 7, 33)
1 NL 6 = 119 [rules out (6, 5), G = {2, 3, 6}, O = set()]
5 NL 6 = 21 [rules out (6, 8), G = set(), O = set()]
All winners are verified in audit.
------------------------------------------------
