VALID BALLOTS 11183
Winner 1
Winner 4
Computing AG relationships
8 AG 9 = 228
1 AG 9 = 17
1 AG 3 = 23
1 AG 7 = 52
1 AG 8 = 23
1 AG 2 = 52
1 AG 5 = 116
2 AG 9 = 173
5 AG 9 = 45
5 AG 3 = 112
4 AG 9 = 45
4 AG 3 = 60
4 AG 7 = 395
4 AG 6 = 217
Ruling out candidates: [(9, 45), (3, 60), (7, 395)]
STAGE 1 ASN (Ruling out candidates): 395
ALTERNATE OUTCOME PAIR: 6,8
   (1) can we show that 1 NL 8?
        a. margin 0.19481951772034956
      yes, 23, ags used 23 = 23
   (1) can we show that 1 NL 6?
        a. margin 0.0018778503085041809
      yes, 48, ags used 116 = 116
   (1) can we show that 2 NL 8?
        a. margin 0.05111925839816278
      yes, 89, ags used 23 = 89
   (1) can we show that 2 NL 6?
        a. margin 0.008703687144176131
      yes, 681, ags used 217 = 681
   (1) can we show that 5 NL 8?
        a. margin 0.0797639273897881
      yes, 57, ags used 45 = 57
   (1) can we show that 5 NL 6?
        a. margin 0.07010641151748209
      yes, 65, ags used 217 = 217
   (1) can we show that 4 NL 8?
        a. margin 0.10077796655637994
      yes, 44, ags used 45 = 45
   (1) can we show that 4 NL 6?
        a. margin 0.0244716683060604
      yes, 158, ags used 60 = 158
      Best assertion(s) require sample: 23

ALTERNATE OUTCOME PAIR: 6,1
   (1) can we show that 8 NL 1?
        a. margin -0.4078810098661666
      no
   (1) can we show that 8 NL 6?
        a. margin -0.037467584726818104
      no
   (1) can we show that 2 NL 1?
        a. margin -0.39059286416882855
      no
   (1) can we show that 2 NL 6?
        a. margin 0.01824197442546538
      yes, 252, ags used 217 = 252
   (1) can we show that 5 NL 1?
        a. margin -0.25440400608065883
      no
   (1) can we show that 5 NL 6?
        a. margin 0.0742197979075383
      yes, 61, ags used 217 = 217
   (1) can we show that 4 NL 1?
        a. margin -0.2829294464812665
      no
   (1) can we show that 4 NL 6?
        a. margin 0.0341291841783673
      yes, 119, ags used 60 = 119
      Best assertion(s) require sample: 119

ALTERNATE OUTCOME PAIR: 6,2
   (1) can we show that 8 NL 2?
        a. margin -0.1468896241318668
      no
   (1) can we show that 8 NL 6?
        a. margin -0.035857998748100806
      no
   (1) can we show that 1 NL 2?
        a. margin 0.09019642910369896
      yes, 30, ags used 23 = 30
   (1) can we show that 1 NL 6?
        a. margin 0.01582759545739143
      yes, 57, ags used 52 = 57
   (1) can we show that 5 NL 2?
        a. margin -0.04146174252585744
      no
   (1) can we show that 5 NL 6?
        a. margin 0.07314674058839366
      yes, 62, ags used 217 = 217
   (1) can we show that 4 NL 2?
        a. margin 0.002056693195028103
      yes, 221, ags used 60 = 221
   (1) can we show that 4 NL 6?
        a. margin 0.025693761363976053
      yes, 152, ags used 60 = 152
      Best assertion(s) require sample: 30

ALTERNATE OUTCOME PAIR: 6,5
   (1) can we show that 8 NL 5?
        a. margin -0.18847059524874143
      no
   (1) can we show that 8 NL 6?
        a. margin -0.0330263197114683
      no
   (1) can we show that 1 NL 5?
        a. margin 0.04372708575516371
      yes, 43, ags used 23 = 43
   (1) can we show that 1 NL 6?
        a. margin 0.01362186652359254
      yes, 55, ags used 52 = 55
   (1) can we show that 2 NL 5?
        a. margin -0.08545709261080903
      no
   (1) can we show that 2 NL 6?
        a. margin 0.01764583147038401
      yes, 260, ags used 217 = 260
   (1) can we show that 4 NL 5?
        a. margin 0.006676801096902718
      yes, 1080, ags used 395 = 1080
   (1) can we show that 4 NL 6?
        a. margin 0.033384005484516255
      yes, 121, ags used 60 = 121
      Best assertion(s) require sample: 43

ALTERNATE OUTCOME PAIR: 6,4
   (1) can we show that 8 NL 4?
        a. margin -0.31926435959343125
      no
   (1) can we show that 8 NL 6?
        a. margin -0.21786044293421714
      no
   (1) can we show that 1 NL 4?
        a. margin 0.02783987600226534
      yes, 34, ags used 116 = 116
   (1) can we show that 1 NL 6?
        a. margin 0.05013562252227999
      yes, 41, ags used 23 = 41
   (1) can we show that 2 NL 4?
        a. margin -0.29959164207577105
      no
   (1) can we show that 2 NL 6?
        a. margin -0.20400011922859285
      no
   (1) can we show that 5 NL 4?
        a. margin -0.19604161077826465
      no
   (1) can we show that 5 NL 6?
        a. margin -0.09126948642284449
      no
      Best assertion(s) require sample: 41

ALTERNATE OUTCOME PAIR: 8,1
   (1) can we show that 6 NL 1?
        a. margin -0.4299979134996581
      no
   (1) can we show that 6 NL 8?
        a. margin -0.2738084592685359
      no
   (1) can we show that 2 NL 1?
        a. margin -0.3745864258249143
      no
   (1) can we show that 2 NL 8?
        a. margin -0.2228084294613879
      no
   (1) can we show that 5 NL 1?
        a. margin -0.23842737488449828
      no
   (1) can we show that 5 NL 8?
        a. margin -0.08399654237086007
      no
   (1) can we show that 4 NL 1?
        a. margin -0.22256997227935427
      no
   (1) can we show that 4 NL 8?
        a. margin -0.07201406897373974
      no

ALTERNATE OUTCOME PAIR: 8,2
   (1) can we show that 6 NL 2?
        a. margin -0.1304062714238875
      no
   (1) can we show that 6 NL 8?
        a. margin -0.03630510596441028
      no
   (1) can we show that 1 NL 2?
        a. margin 0.08757340010134418
      yes, 50, ags used 23 = 50
   (1) can we show that 1 NL 8?
        a. margin 0.1952070106411523
      yes, 23, ags used 23 = 23
   (1) can we show that 5 NL 2?
        a. margin -0.04393573578944232
      no
   (1) can we show that 5 NL 8?
        a. margin 0.07934662732123177
      yes, 57, ags used 45 = 57
   (1) can we show that 4 NL 2?
        a. margin 0.001937464604012229
      yes, 81, ags used 217 = 217
   (1) can we show that 4 NL 8?
        a. margin 0.10068854511311787
      yes, 44, ags used 45 = 45
      Best assertion(s) require sample: 23

ALTERNATE OUTCOME PAIR: 8,5
   (1) can we show that 6 NL 5?
        a. margin -0.15884229038123432
      no
   (1) can we show that 6 NL 8?
        a. margin -0.032251333869863674
      no
   (1) can we show that 1 NL 5?
        a. margin 0.04131270678708754
      yes, 89, ags used 52 = 89
   (1) can we show that 1 NL 8?
        a. margin 0.1994694327699793
      yes, 22, ags used 17 = 22
   (1) can we show that 2 NL 5?
        a. margin -0.08748397865808355
      no
   (1) can we show that 2 NL 8?
        a. margin 0.055888402038805296
      yes, 82, ags used 23 = 82
   (1) can we show that 4 NL 5?
        a. margin 0.03487436287221657
      yes, 131, ags used 217 = 217
   (1) can we show that 4 NL 8?
        a. margin 0.10489135294643481
      yes, 43, ags used 23 = 43
      Best assertion(s) require sample: 22

ALTERNATE OUTCOME PAIR: 8,4
   (1) can we show that 6 NL 4?
        a. margin -0.3629616382008408
      no
   (1) can we show that 6 NL 8?
        a. margin -0.03612626307788658
      no
   (1) can we show that 1 NL 4?
        a. margin 0.04763182211094197
      yes, 96, ags used 116 = 116
   (1) can we show that 1 NL 8?
        a. margin 0.19747235387045947
      yes, 22, ags used 17 = 22
   (1) can we show that 2 NL 4?
        a. margin -0.3065367075024602
      no
   (1) can we show that 2 NL 8?
        a. margin 0.053235565888698266
      yes, 86, ags used 23 = 86
   (1) can we show that 5 NL 4?
        a. margin -0.20611642671912744
      no
   (1) can we show that 5 NL 8?
        a. margin 0.08113505618647343
      yes, 56, ags used 45 = 56
      Best assertion(s) require sample: 22

ALTERNATE OUTCOME PAIR: 1,2
   (1) can we show that 6 NL 2?
        a. margin -0.1444454380160365
      no
   (1) can we show that 6 NL 1?
        a. margin -0.44829950222063275
      no
   (1) can we show that 8 NL 2?
        a. margin -0.15836537601716894
      no
   (1) can we show that 8 NL 1?
        a. margin -0.4089540671853117
      no
   (1) can we show that 5 NL 2?
        a. margin -0.05633550925511954
      no
   (1) can we show that 5 NL 1?
        a. margin -0.2556260991385738
      no
   (1) can we show that 4 NL 2?
        a. margin 0.0049181793794152995
      yes, 101, ags used 217 = 217
   (1) can we show that 4 NL 1?
        a. margin -0.24111001818236066
      no
      Best assertion(s) require sample: 217

ALTERNATE OUTCOME PAIR: 1,5
   (1) can we show that 6 NL 5?
        a. margin -0.31199141554144894
      no
   (1) can we show that 6 NL 1?
        a. margin -0.4176279471817357
      no
   (1) can we show that 8 NL 5?
        a. margin -0.24403111866225613
      no
   (1) can we show that 8 NL 1?
        a. margin -0.37828251214641473
      no
   (1) can we show that 2 NL 5?
        a. margin -0.2566395421622131
      no
   (1) can we show that 2 NL 1?
        a. margin -0.3571194372410539
      no
   (1) can we show that 4 NL 5?
        a. margin -0.09219350800321946
      no
   (1) can we show that 4 NL 1?
        a. margin -0.21124325613282302
      no

ALTERNATE OUTCOME PAIR: 2,5
   (1) can we show that 6 NL 5?
        a. margin -0.15642791141315704
      no
   (1) can we show that 6 NL 2?
        a. margin -0.1294524426957585
      no
   (1) can we show that 8 NL 5?
        a. margin -0.18703985215654795
      no
   (1) can we show that 8 NL 2?
        a. margin -0.14837998151956866
      no
   (1) can we show that 1 NL 5?
        a. margin 0.045128021699603726
      yes, 43, ags used 23 = 43
   (1) can we show that 1 NL 2?
        a. margin 0.08873587886375134
      yes, 30, ags used 23 = 30
   (1) can we show that 4 NL 5?
        a. margin 0.0008346001371126732
      yes, 124, ags used 217 = 217
   (1) can we show that 4 NL 2?
        a. margin 0.0023845718203225896
      yes, 80, ags used 217 = 217
      Best assertion(s) require sample: 30

ALTERNATE OUTCOME PAIR: 2,4
   (1) can we show that 6 NL 4?
        a. margin -0.35035321470088576
      no
   (1) can we show that 6 NL 2?
        a. margin -0.12682941369340328
      no
   (1) can we show that 8 NL 4?
        a. margin -0.3133625443381334
      no
   (1) can we show that 8 NL 2?
        a. margin -0.13803690124891976
      no
   (1) can we show that 1 NL 4?
        a. margin 0.03359265551879442
      yes, 34, ags used 116 = 116
   (1) can we show that 1 NL 2?
        a. margin 0.09928760916867874
      yes, 28, ags used 23 = 28
   (1) can we show that 5 NL 4?
        a. margin -0.19058690273927648
      no
   (1) can we show that 5 NL 2?
        a. margin -0.033384005484515034
      no
      Best assertion(s) require sample: 28

ALTERNATE OUTCOME PAIR: 5,4
   (1) can we show that 6 NL 4?
        a. margin -0.34629944260633805
      no
   (1) can we show that 6 NL 5?
        a. margin -0.1543712182181296
      no
   (1) can we show that 8 NL 4?
        a. margin -0.31518078035112973
      no
   (1) can we show that 8 NL 5?
        a. margin -0.17565352171450876
      no
   (1) can we show that 1 NL 4?
        a. margin 0.02855524754836236
      yes, 125, ags used 52 = 125
   (1) can we show that 1 NL 5?
        a. margin 0.05681242361918404
      yes, 38, ags used 23 = 38
   (1) can we show that 2 NL 4?
        a. margin -0.2836746251751203
      no
   (1) can we show that 2 NL 5?
        a. margin -0.07332558347491969
      no
      Best assertion(s) require sample: 38

RULE OUT PAIR STAGE ASN 217
------------------------------------------------
EXAMINING WAYS TO REDUCE COST OF AUDIT
ALTERNATE OUTCOME PAIR: 7,6
   (1) can we show that 8 NL 6?
        a. margin -0.03728874184029429
      no
   (1) can we show that 8 NL 7?
        a. margin -0.04274344987928125
      no
   (1) can we show that 1 NL 6?
        a. margin 0.006945065426689823
      yes, 62, ags used 52 = 62
   (1) can we show that 1 NL 7?
        a. margin 0.0930579152880866
      yes, 29, ags used 23 = 29
   (1) can we show that 2 NL 6?
        a. margin 0.008286387075620238
      yes, 715, ags used 217 = 715
   (1) can we show that 2 NL 7?
        a. margin 0.013443023637068174
      yes, 358, ags used 173 = 358
   (1) can we show that 5 NL 6?
        a. margin 0.07162657605293776
      yes, 64, ags used 217 = 217
   (1) can we show that 5 NL 7?
        a. margin 0.07591880532951834
      yes, 60, ags used 395 = 395
   (1) can we show that 4 NL 6?
        a. margin 0.024292825419535813
      yes, 159, ags used 60 = 159
   (1) can we show that 4 NL 7?
        a. margin 0.014605502399475556
      yes, 59, ags used 52 = 59
      Best assertion(s) require sample: 29

ALTERNATE OUTCOME PAIR: 7,8
   (1) can we show that 6 NL 8?
        a. margin -0.03642433455542682
      no
   (1) can we show that 6 NL 7?
        a. margin -0.05347402307073268
      no
   (1) can we show that 1 NL 8?
        a. margin 0.19431279620853115
      yes, 23, ags used 23 = 23
   (1) can we show that 1 NL 7?
        a. margin 0.08837819309070283
      yes, 50, ags used 23 = 50
   (1) can we show that 2 NL 8?
        a. margin 0.05052311544308252
      yes, 90, ags used 23 = 90
   (1) can we show that 2 NL 7?
        a. margin 0.009508480133535446
      yes, 54, ags used 395 = 395
   (1) can we show that 5 NL 8?
        a. margin 0.07919759158246165
      yes, 57, ags used 45 = 57
   (1) can we show that 5 NL 7?
        a. margin 0.07520343378342087
      yes, 61, ags used 395 = 395
   (1) can we show that 4 NL 8?
        a. margin 0.10071835226087189
      yes, 44, ags used 45 = 45
   (1) can we show that 4 NL 7?
        a. margin 0.01630450982145515
      yes, 58, ags used 60 = 60
      Best assertion(s) require sample: 23

ALTERNATE OUTCOME PAIR: 7,1
   (1) can we show that 6 NL 1?
        a. margin -0.44868699514143506
      no
   (1) can we show that 6 NL 7?
        a. margin -0.09559152284717909
      no
   (1) can we show that 8 NL 1?
        a. margin -0.4096694387314084
      no
   (1) can we show that 8 NL 7?
        a. margin -0.05374228740051845
      no
   (1) can we show that 2 NL 1?
        a. margin -0.39315627887567495
      no
   (1) can we show that 2 NL 7?
        a. margin 0.038242570568421286
      yes, 120, ags used 395 = 395
   (1) can we show that 5 NL 1?
        a. margin -0.25625204924140865
      no
   (1) can we show that 5 NL 7?
        a. margin 0.06483054636501828
      yes, 70, ags used 395 = 395
   (1) can we show that 4 NL 1?
        a. margin -0.2556260991385738
      no
   (1) can we show that 4 NL 7?
        a. margin 0.025812989954991705
      yes, 151, ags used 60 = 151
      Best assertion(s) require sample: 151

ALTERNATE OUTCOME PAIR: 7,2
   (1) can we show that 6 NL 2?
        a. margin -0.12760439953500846
      no
   (1) can we show that 6 NL 7?
        a. margin -0.04080598527526891
      no
   (1) can we show that 8 NL 2?
        a. margin -0.14587618110822997
      no
   (1) can we show that 8 NL 7?
        a. margin -0.030164833527079216
      no
   (1) can we show that 1 NL 2?
        a. margin 0.0911800649795822
      yes, 29, ags used 23 = 29
   (1) can we show that 1 NL 7?
        a. margin 0.10799129631285709
      yes, 26, ags used 23 = 26
   (1) can we show that 5 NL 2?
        a. margin -0.04089540671853098
      no
   (1) can we show that 5 NL 7?
        a. margin 0.010343080270649452
      yes, 52, ags used 395 = 395
   (1) can we show that 4 NL 2?
        a. margin 0.004322036424334819
      yes, 199, ags used 60 = 199
   (1) can we show that 4 NL 7?
        a. margin 0.02736296163820162
      yes, 51, ags used 52 = 52
      Best assertion(s) require sample: 26

ALTERNATE OUTCOME PAIR: 7,5
   (1) can we show that 6 NL 5?
        a. margin -0.1569942472204836
      no
   (1) can we show that 6 NL 7?
        a. margin -0.04769143640645035
      no
   (1) can we show that 8 NL 5?
        a. margin -0.18805329518018432
      no
   (1) can we show that 8 NL 7?
        a. margin -0.03743777757906297
      no
   (1) can we show that 1 NL 5?
        a. margin 0.04411457867596713
      yes, 43, ags used 23 = 43
   (1) can we show that 1 NL 7?
        a. margin 0.09767802318996166
      yes, 28, ags used 23 = 28
   (1) can we show that 2 NL 5?
        a. margin -0.08503979254225225
      no
   (1) can we show that 2 NL 7?
        a. margin 0.018420817311991522
      yes, 233, ags used 173 = 233
   (1) can we show that 4 NL 5?
        a. margin 0.000655757250588529
      yes, 125, ags used 217 = 217
   (1) can we show that 4 NL 7?
        a. margin 0.024322632567290503
      yes, 55, ags used 52 = 55
      Best assertion(s) require sample: 28

ALTERNATE OUTCOME PAIR: 7,4
   (1) can we show that 6 NL 4?
        a. margin -0.36251453098453035
      no
   (1) can we show that 6 NL 7?
        a. margin -0.07085159021133258
      no
   (1) can we show that 8 NL 4?
        a. margin -0.32629884646338236
      no
   (1) can we show that 8 NL 7?
        a. margin -0.12733613520522313
      no
   (1) can we show that 1 NL 4?
        a. margin 0.021103460609854574
      yes, 39, ags used 116 = 116
   (1) can we show that 1 NL 7?
        a. margin 0.10942203940505002
      yes, 26, ags used 23 = 26
   (1) can we show that 2 NL 4?
        a. margin -0.3076991862648669
      no
   (1) can we show that 2 NL 7?
        a. margin 0.027005275865152223
      yes, 170, ags used 52 = 170
   (1) can we show that 5 NL 4?
        a. margin -0.2037914691943128
      no
   (1) can we show that 5 NL 7?
        a. margin 0.009299830099257944
      yes, 518, ags used 112 = 518
      Best assertion(s) require sample: 26

6 ruled out by pairs, sample size 151
STAGE 1 ASN NOW 60
NEW RULE OUT PAIR STAGE ASN 217
------------------------------------------------
Alternate outcome cannot be ruled out: 8,1
Alternate outcome cannot be ruled out: 1,5
Full audit not possible
PARTIAL audit sample size: 217
------------------------------------------------
Final set of assertions generated:
1 NL 8 = 23 [rules out (7, 8), G = {8, 2}, O = set()]

(0, 'AG', 7, 23)
1 NL 7 = 29 [rules out (7, 6), G = {8, 2, 7}, O = set()]
1 NL 7 = 28 [rules out (7, 5), G = {8, 2, 7}, O = set()]
1 NL 7 = 26 [rules out (7, 4), G = {8, 2, 7}, O = set()]
1 NL 2 = 30 [rules out (2, 5), G = {8, 2, 7}, O = set()]
4 NL 6 = 119 [rules out (6, 1), G = {8, 2}, O = set()]
1 NL 5 = 43 [rules out (6, 5), G = {8, 2, 7}, O = set()]

1 NL 6 = 41 [rules out (6, 4), G = {8, 2, 7}, O = set()]
1 NL 8 = 22 [rules out (8, 4), G = {8}, O = set()]
(3, 'AG', 8, 45)
1 NL 5 = 38 [rules out (5, 4), G = {8, 2, 7}, O = set()]
1 NL 2 = 28 [rules out (2, 4), G = {8, 2, 7}, O = set()]
1 NL 2 = 30 [rules out (6, 2), G = {8, 2, 7}, O = set()]

(3, 'AG', 5, 217)
(0, 'AG', 2, 23)
1 NL 8 = 22 [rules out (8, 5), G = {8}, O = set()]
1 NL 8 = 23 [rules out (6, 8), G = {8, 2}, O = set()]

4 NL 7 = 151 [rules out (7, 1), G = {8, 2}, O = set()]
(3, 'AG', 2, 60)
1 NL 7 = 26 [rules out (7, 2), G = {8, 2, 7}, O = set()]
(0, 'AG', 8, 17)
1 NL 8 = 23 [rules out (8, 2), G = {8, 2}, O = set()]
4 NL 2 = 217 [rules out (1, 2), G = {8, 2, 5}, O = set()]

[1] are verified winners with these assertions.
[4, 5, 8] remain as potential winners in this audit.
------------------------------------------------
