VALID BALLOTS 4954
Winner 2
Winner 6
Computing AG relationships
3 AG 5 = 110
3 AG 4 = 72
2 AG 5 = 25
2 AG 4 = 23
2 AG 3 = 136
2 AG 8 = 47
8 AG 5 = 1662
8 AG 4 = 377
1 AG 5 = 29
1 AG 4 = 35
1 AG 7 = 239
6 AG 5 = 28
6 AG 4 = 34
6 AG 7 = 160
Ruling out candidates: [(5, 28), (4, 34), (7, 239)]
STAGE 1 ASN (Ruling out candidates): 239
ALTERNATE OUTCOME PAIR: 3,2
   (1) can we show that 8 NL 2?
        a. margin -0.35621046965415126
      no
   (1) can we show that 8 NL 3?
        a. margin -0.29612434396447285
      no
   (1) can we show that 1 NL 2?
        a. margin -0.19963665724666912
      no
   (1) can we show that 1 NL 3?
        a. margin -0.15307495626429812
      no
   (1) can we show that 6 NL 2?
        a. margin -0.1801910913739737
      no
   (1) can we show that 6 NL 3?
        a. margin -0.13053424841878591
      no

ALTERNATE OUTCOME PAIR: 3,8
   (1) can we show that 2 NL 8?
        a. margin 0.09917911452025252
      yes, 45, ags used 25 = 45
   (1) can we show that 2 NL 3?
        a. margin 0.04407213026510548
      yes, 101, ags used 25 = 101
   (1) can we show that 1 NL 8?
        a. margin 0.06365226752792341
      yes, 71, ags used 47 = 71
   (1) can we show that 1 NL 3?
        a. margin 0.045417844166330656
      yes, 100, ags used 136 = 136
   (1) can we show that 6 NL 8?
        a. margin 0.07071726550935242
      yes, 64, ags used 47 = 64
   (1) can we show that 6 NL 3?
        a. margin 0.05954784012918868
      yes, 76, ags used 136 = 136
      Best assertion(s) require sample: 45

ALTERNATE OUTCOME PAIR: 3,1
   (1) can we show that 2 NL 1?
        a. margin -0.14392410173597092
      no
   (1) can we show that 2 NL 3?
        a. margin 0.04023684564661556
      yes, 58, ags used 47 = 58
   (1) can we show that 8 NL 1?
        a. margin -0.3634100390257028
      no
   (1) can we show that 8 NL 3?
        a. margin -0.042457273583635824
      no
   (1) can we show that 6 NL 1?
        a. margin -0.03767998923428861
      no
   (1) can we show that 6 NL 3?
        a. margin 0.05059884268604509
      yes, 90, ags used 136 = 136
      Best assertion(s) require sample: 58

ALTERNATE OUTCOME PAIR: 3,6
   (1) can we show that 2 NL 6?
        a. margin -0.14109810254339905
      no
   (1) can we show that 2 NL 3?
        a. margin 0.043399273314493
      yes, 56, ags used 47 = 56
   (1) can we show that 8 NL 6?
        a. margin -0.3569506122998245
      no
   (1) can we show that 8 NL 3?
        a. margin -0.03902570313551312
      no
   (1) can we show that 1 NL 6?
        a. margin -0.08356883326604803
      no
   (1) can we show that 1 NL 3?
        a. margin 0.03801641770959496
      yes, 120, ags used 136 = 136
      Best assertion(s) require sample: 56

ALTERNATE OUTCOME PAIR: 2,8
   (1) can we show that 3 NL 8?
        a. margin -0.03606513255281918
      no
   (1) can we show that 3 NL 2?
        a. margin -0.29706634369533036
      no
   (1) can we show that 1 NL 8?
        a. margin 0.0014802852913469167
      yes, 337, ags used 239 = 337
   (1) can we show that 1 NL 2?
        a. margin -0.21349751042928256
      no
   (1) can we show that 6 NL 8?
        a. margin 0.008747140357959982
      yes, 126, ags used 160 = 160
   (1) can we show that 6 NL 2?
        a. margin -0.19405194455658714
      no
      Best assertion(s) require sample: 160

ALTERNATE OUTCOME PAIR: 2,1
   (1) can we show that 3 NL 1?
        a. margin -0.31832862333467893
      no
   (1) can we show that 3 NL 2?
        a. margin -0.29020320279908485
      no
   (1) can we show that 8 NL 1?
        a. margin -0.35526846992329375
      no
   (1) can we show that 8 NL 2?
        a. margin -0.3677163235096218
      no
   (1) can we show that 6 NL 1?
        a. margin -0.03142241959359393
      no
   (1) can we show that 6 NL 2?
        a. margin -0.20784551204413948
      no

ALTERNATE OUTCOME PAIR: 8,1
   (1) can we show that 3 NL 1?
        a. margin -0.31987619432108716
      no
   (1) can we show that 3 NL 8?
        a. margin -0.028192706230655284
      no
   (1) can we show that 2 NL 1?
        a. margin -0.08484726147221078
      no
   (1) can we show that 2 NL 8?
        a. margin 0.09897725743506891
      yes, 45, ags used 25 = 45
   (1) can we show that 6 NL 1?
        a. margin -0.039833131476247896
      no
   (1) can we show that 6 NL 8?
        a. margin 0.06937155160812836
      yes, 65, ags used 47 = 65
      Best assertion(s) require sample: 45

ALTERNATE OUTCOME PAIR: 8,6
   (1) can we show that 3 NL 6?
        a. margin -0.31731933790876043
      no
   (1) can we show that 3 NL 8?
        a. margin -0.028394563315838894
      no
   (1) can we show that 2 NL 6?
        a. margin -0.08242497645000646
      no
   (1) can we show that 2 NL 8?
        a. margin 0.09890997174000815
      yes, 45, ags used 25 = 45
   (1) can we show that 1 NL 6?
        a. margin -0.0874714035795987
      no
   (1) can we show that 1 NL 8?
        a. margin 0.06223926793163792
      yes, 73, ags used 47 = 73
      Best assertion(s) require sample: 45

ALTERNATE OUTCOME PAIR: 1,6
   (1) can we show that 3 NL 6?
        a. margin -0.26120306822769435
      no
   (1) can we show that 3 NL 1?
        a. margin -0.26046292558202055
      no
   (1) can we show that 2 NL 6?
        a. margin 0.03162427667877754
      yes, 144, ags used 136 = 144
   (1) can we show that 2 NL 1?
        a. margin 0.03411384739604406
      yes, 133, ags used 136 = 136
   (1) can we show that 8 NL 6?
        a. margin -0.30547705557798355
      no
   (1) can we show that 8 NL 1?
        a. margin -0.3074283407347591
      no
      Best assertion(s) require sample: 136

RULE OUT PAIR STAGE ASN 160
------------------------------------------------
EXAMINING WAYS TO REDUCE COST OF AUDIT
ALTERNATE OUTCOME PAIR: 7,3
   (1) can we show that 2 NL 3?
        a. margin 0.039092988830573994
      yes, 59, ags used 47 = 59
   (1) can we show that 2 NL 7?
        a. margin 0.025770421208450855
      yes, 24, ags used 160 = 160
   (1) can we show that 8 NL 3?
        a. margin -0.04333198761943202
      no
   (1) can we show that 8 NL 7?
        a. margin 0.0025568564123270576
      yes, 2157, ags used 1662 = 2157
   (1) can we show that 1 NL 3?
        a. margin 0.03929484591575849
      yes, 116, ags used 136 = 136
   (1) can we show that 1 NL 7?
        a. margin 0.02657784954918574
      yes, 156, ags used 35 = 156
   (1) can we show that 6 NL 3?
        a. margin 0.052684699232943055
      yes, 86, ags used 136 = 136
   (1) can we show that 6 NL 7?
        a. margin 0.03572870407751294
      yes, 122, ags used 34 = 122
      Best assertion(s) require sample: 59

ALTERNATE OUTCOME PAIR: 7,2
   (1) can we show that 3 NL 2?
        a. margin -0.30265105638541245
      no
   (1) can we show that 3 NL 7?
        a. margin 0.016417709594940044
      yes, 153, ags used 239 = 239
   (1) can we show that 8 NL 2?
        a. margin -0.37868389180460227
      no
   (1) can we show that 8 NL 7?
        a. margin 0.007468712151797119
      yes, 427, ags used 377 = 427
   (1) can we show that 1 NL 2?
        a. margin -0.23724936078589687
      no
   (1) can we show that 1 NL 7?
        a. margin 0.03640156102812475
      yes, 117, ags used 35 = 117
   (1) can we show that 6 NL 2?
        a. margin -0.23274121921679447
      no
   (1) can we show that 6 NL 7?
        a. margin 0.046023415421881264
      yes, 95, ags used 34 = 95
      Best assertion(s) require sample: 95

ALTERNATE OUTCOME PAIR: 7,8
   (1) can we show that 3 NL 8?
        a. margin -0.028529134705961412
      no
   (1) can we show that 3 NL 7?
        a. margin 0.01796528058134883
      yes, 144, ags used 239 = 239
   (1) can we show that 2 NL 8?
        a. margin 0.0987081146548241
      yes, 45, ags used 25 = 45
   (1) can we show that 2 NL 7?
        a. margin 0.08652940384874164
      yes, 52, ags used 136 = 136
   (1) can we show that 1 NL 8?
        a. margin 0.0633158390526174
      yes, 72, ags used 47 = 72
   (1) can we show that 1 NL 7?
        a. margin 0.025097564257839045
      yes, 98, ags used 160 = 160
   (1) can we show that 6 NL 8?
        a. margin 0.07031355133898542
      yes, 65, ags used 47 = 65
   (1) can we show that 6 NL 7?
        a. margin 0.03471941865159511
      yes, 125, ags used 34 = 125
      Best assertion(s) require sample: 45

ALTERNATE OUTCOME PAIR: 7,1
   (1) can we show that 3 NL 1?
        a. margin -0.3112636253532498
      no
   (1) can we show that 3 NL 7?
        a. margin 0.01843628044677703
      yes, 246, ags used 160 = 246
   (1) can we show that 2 NL 1?
        a. margin -0.01614856681469501
      no
   (1) can we show that 2 NL 7?
        a. margin 0.012313282196204645
      yes, 91, ags used 47 = 91
   (1) can we show that 8 NL 1?
        a. margin -0.35728704077513096
      no
   (1) can we show that 8 NL 7?
        a. margin -0.013860853182612654
      no
   (1) can we show that 6 NL 1?
        a. margin -0.06324855335755597
      no
   (1) can we show that 6 NL 7?
        a. margin 0.03283541918988031
      yes, 132, ags used 34 = 132
      Best assertion(s) require sample: 91

ALTERNATE OUTCOME PAIR: 7,6
   (1) can we show that 3 NL 6?
        a. margin -0.30722648364957605
      no
   (1) can we show that 3 NL 7?
        a. margin 0.018638137531961085
      yes, 243, ags used 239 = 243
   (1) can we show that 2 NL 6?
        a. margin -0.012649710671511105
      no
   (1) can we show that 2 NL 7?
        a. margin 0.016619566680123876
      yes, 84, ags used 47 = 84
   (1) can we show that 8 NL 6?
        a. margin -0.35022204279370184
      no
   (1) can we show that 8 NL 7?
        a. margin -0.015475709864081866
      no
   (1) can we show that 1 NL 6?
        a. margin -0.09076840263759911
      no
   (1) can we show that 1 NL 7?
        a. margin 0.023684564661552887
      yes, 173, ags used 35 = 173
      Best assertion(s) require sample: 84

6 ruled out by pairs, sample size 95
STAGE 1 ASN NOW 34
NEW RULE OUT PAIR STAGE ASN 160
------------------------------------------------
Alternate outcome cannot be ruled out: 3,2
Alternate outcome cannot be ruled out: 2,1
Full audit not possible
PARTIAL audit sample size: 160
------------------------------------------------
Final set of assertions generated:
2 NL 7 = 91 [rules out (7, 1), G = {3, 4, 7}, O = set()]
2 NL 8 = 45 [rules out (3, 8), G = {3, 4}, O = set()]

2 NL 3 = 59 [rules out (7, 3), G = {3, 4, 7}, O = set()]

2 NL 8 = 45 [rules out (8, 1), G = {3, 4}, O = set()]
(1, 'AG', 7, 47)
6 NL 7 = 95 [rules out (7, 2), G = {3, 4}, O = set()]
2 NL 7 = 84 [rules out (7, 6), G = {3, 4, 7}, O = set()]
2 NL 3 = 58 [rules out (3, 1), G = {3, 4, 7}, O = set()]
2 NL 3 = 56 [rules out (3, 6), G = {3, 4, 7}, O = set()]
(1, 'AG', 3, 23)
(1, 'AG', 4, 25)
(5, 'AG', 6, 160)
2 NL 8 = 45 [rules out (8, 6), G = {3, 4}, O = set()]
(1, 'AG', 2, 136)
(5, 'AG', 3, 34)
2 NL 8 = 45 [rules out (7, 8), G = {3, 4}, O = set()]

(5, 'AG', 4, 28)
2 NL 1 = 136 [rules out (1, 6), G = {2, 3, 4, 7}, O = set()]
6 NL 8 = 160 [rules out (2, 8), G = {3, 4, 6}, O = set()]

[2] are verified winners with these assertions.
[1, 3, 6] remain as potential winners in this audit.
------------------------------------------------
