VALID BALLOTS 5154
Winner 4
Winner 5
Computing AG relationships
1 AG 2 = 363
4 AG 2 = 16
4 AG 3 = 225
4 AG 1 = 34
4 AG 6 = 28
6 AG 2 = 69
5 AG 2 = 27
5 AG 3 = 175
Ruling out candidates: [(2, 27), (3, 225)]
STAGE 1 ASN (Ruling out candidates): 225
ALTERNATE OUTCOME PAIR: 1,4
   (1) can we show that 6 NL 4?
        a. margin -0.3200103479498124
      no
   (1) can we show that 6 NL 1?
        a. margin -0.08718147716983549
      no
   (1) can we show that 5 NL 4?
        a. margin -0.2050834303453628
      no
   (1) can we show that 5 NL 1?
        a. margin 0.016039322209286944
      yes, 282, ags used 175 = 282
   (1) can we show that 5 NL 4?
        a. margin -0.2050834303453628
      no
   (1) can we show that 5 NL 1?
        a. margin 0.016039322209286944
      yes, 282, ags used 175 = 282
      Best assertion(s) require sample: 282

ALTERNATE OUTCOME PAIR: 1,6
   (1) can we show that 4 NL 6?
        a. margin 0.1627215108006721
      yes, 27, ags used 16 = 27
   (1) can we show that 4 NL 1?
        a. margin 0.13620488940628594
      yes, 33, ags used 16 = 33
   (1) can we show that 5 NL 6?
        a. margin 0.11518561634976088
      yes, 39, ags used 28 = 39
   (1) can we show that 5 NL 1?
        a. margin 0.13626956409261393
      yes, 33, ags used 34 = 34
   (1) can we show that 5 NL 6?
        a. margin 0.11518561634976088
      yes, 39, ags used 28 = 39
   (1) can we show that 5 NL 1?
        a. margin 0.13626956409261393
      yes, 33, ags used 34 = 34
      Best assertion(s) require sample: 27

ALTERNATE OUTCOME PAIR: 1,5
   (1) can we show that 4 NL 5?
        a. margin 0.04152114862242873
      yes, 110, ags used 28 = 110
   (1) can we show that 4 NL 1?
        a. margin 0.15256758504721257
      yes, 17, ags used 28 = 28
   (1) can we show that 6 NL 5?
        a. margin -0.30390635105419717
      no
   (1) can we show that 6 NL 1?
        a. margin -0.04203854611305091
      no
      Best assertion(s) require sample: 28

ALTERNATE OUTCOME PAIR: 1,5
   (1) can we show that 4 NL 5?
        a. margin 0.04152114862242873
      yes, 110, ags used 28 = 110
   (1) can we show that 4 NL 1?
        a. margin 0.15256758504721257
      yes, 17, ags used 28 = 28
   (1) can we show that 6 NL 5?
        a. margin -0.30390635105419717
      no
   (1) can we show that 6 NL 1?
        a. margin -0.04203854611305091
      no
      Best assertion(s) require sample: 28

ALTERNATE OUTCOME PAIR: 4,6
   (1) can we show that 1 NL 6?
        a. margin -0.2588927693700679
      no
   (1) can we show that 1 NL 4?
        a. margin -0.3843616608459449
      no
   (1) can we show that 5 NL 6?
        a. margin -0.06538610787737642
      no
   (1) can we show that 5 NL 4?
        a. margin -0.1830940369939199
      no
   (1) can we show that 5 NL 6?
        a. margin -0.06538610787737642
      no
   (1) can we show that 5 NL 4?
        a. margin -0.1830940369939199
      no

ALTERNATE OUTCOME PAIR: 6,5
   (1) can we show that 1 NL 5?
        a. margin -0.3639891346526969
      no
   (1) can we show that 1 NL 6?
        a. margin -0.05659035053679973
      no
   (1) can we show that 4 NL 5?
        a. margin -0.02392963394127534
      no
   (1) can we show that 4 NL 6?
        a. margin 0.16640796792135526
      yes, 27, ags used 16 = 27
      Best assertion(s) require sample: 27

ALTERNATE OUTCOME PAIR: 6,5
   (1) can we show that 1 NL 5?
        a. margin -0.3639891346526969
      no
   (1) can we show that 1 NL 6?
        a. margin -0.05659035053679973
      no
   (1) can we show that 4 NL 5?
        a. margin -0.02392963394127534
      no
   (1) can we show that 4 NL 6?
        a. margin 0.16640796792135526
      yes, 27, ags used 16 = 27
      Best assertion(s) require sample: 27

RULE OUT PAIR STAGE ASN 282
------------------------------------------------
Alternate outcome cannot be ruled out: 4,6
Full audit not possible
PARTIAL audit sample size: 282
------------------------------------------------
Final set of assertions generated:
(3, 'AG', 1, 16)
(3, 'AG', 2, 225)
4 NL 1 = 28 [rules out (1, 5), G = {1, 5}, O = set()]
5 NL 1 = 282 [rules out (1, 4), G = {1, 2}, O = set()]
(4, 'AG', 2, 175)
4 NL 6 = 27 [rules out (6, 5), G = {1}, O = set()]
(4, 'AG', 1, 27)
(3, 'AG', 5, 28)
4 NL 6 = 27 [rules out (1, 6), G = {1}, O = set()]

[4] are verified winners with these assertions.
[5, 6] remain as potential winners in this audit.
------------------------------------------------
