VALID BALLOTS 48855
18 ballot checks required to assert that first winner has a quota's worth of votes
AG(0,1) = 52
AG(0,2) = 18
AG(0,3) = 14
AG(0,4) = 11
AG(1,2) = 47
AG(1,3) = 29
AG(1,4) = 18
AG(2,4) = 56
AG(3,4) = 188
AUD TV 0.36997160633011816, ss 76
NL(1,2) = 31, AG's used 29
NL(1,3) = 24, AG's used 18
NL(1,4) = 17, AG's used 0
Max in loop 76, 0.36997160633011816
AUD TV 0.41997160633011815, ss 34
NL(1,2) = 32, AG's used 29
NL(1,3) = 24, AG's used 18
NL(1,4) = 17, AG's used 0
Max in loop 34, 0.41997160633011815
AUD TV 0.46997160633011814, ss 21
NL(1,2) = 33, AG's used 29
NL(1,3) = 25, AG's used 18
NL(1,4) = 18, AG's used 0
Max in loop 33, 0.46997160633011814
AUD TV 0.5199716063301182, ss 14
NL(1,2) = 33, AG's used 29
NL(1,3) = 25, AG's used 18
NL(1,4) = 18, AG's used 0
Max in loop 33, 0.5199716063301182
AUD TV 0.5699716063301182, ss 9
NL(1,2) = 34, AG's used 29
NL(1,3) = 25, AG's used 18
NL(1,4) = 18, AG's used 0
Max in loop 34, 0.5699716063301182
Sample size required for audit is 33 ballots
------------------------------------------------
Assertion set BEFORE filtering:
(1, 'AG', 3, 29)
(1, 'AG', 4, 18)
(1, 'NL', 2, 33)
(1, 'NL', 4, 18)
(1, 'NL', 3, 25)
(0, 'QT', None, 18)
(0, 'MT', 0.5199716063301182, 14)
------------------------------------------------
Final set of assertions AFTER filtering:
(1, 'AG', 3, 29)
(1, 'AG', 4, 18)
(1, 'NL', 2, 33)
(0, 'QT', None, 18)
(0, 'MT', 0.5199716063301182, 14)
------------------------------------------------
