VALID BALLOTS 95625
GELIM AG(0,4) = 20
GELIM AG(0,3) = 27
GELIM AG(2,4) = 44
GELIM AG(2,3) = 186
GELIM AG(1,4) = 35
GELIM AG(1,3) = 69
Group elimination sample size 69
34 ballot checks required to assert that first winner has a quota's worth of votes
AUD TV 0.3311005863779883, ss 131
AG*(1,2) = 402
AG*(1,3) = 32
AG*(1,4) = 32
AG*(0,1) = 123
AG*(0,2) = 69
AG*(0,3) = 19
AG*(0,4) = 19
AG*(1,2) = 402
AG*(1,3) = 32
AG*(1,4) = 32
AG*(2,3) = 39
AG*(2,4) = 39
NL(1,2) = 402, AG*'s used 0
Max in loop 402, 0.3311005863779883
AUD TV 0.38110058637798827, ss 60
AG*(1,2) = 628
AG*(1,3) = 32
AG*(1,4) = 32
AG*(0,1) = 123
AG*(0,2) = 69
AG*(0,3) = 19
AG*(0,4) = 19
AG*(1,2) = 628
AG*(1,3) = 32
AG*(1,4) = 32
AG*(2,3) = 39
AG*(2,4) = 39
NL(1,2) = 628, AG*'s used 0
Max in loop 628, 0.38110058637798827
Breaking out of inner loop 628 > 402
Sample size to show min tv of 0.14055029318899415 is 59
AUD TV 0.3311005863779883, ss 131
AG*(1,2) = 247
AG*(1,3) = 30
AG*(1,4) = 30
AG*(0,1) = 123
AG*(0,2) = 69
AG*(0,3) = 19
AG*(0,4) = 19
AG*(1,2) = 247
AG*(1,3) = 30
AG*(1,4) = 30
AG*(2,3) = 37
AG*(2,4) = 37
NL(1,2) = 247, AG*'s used 0
Max in loop 247, 0.3311005863779883
AUD TV 0.38110058637798827, ss 60
AG*(1,2) = 285
AG*(1,3) = 30
AG*(1,4) = 30
AG*(0,1) = 123
AG*(0,2) = 69
AG*(0,3) = 19
AG*(0,4) = 19
AG*(1,2) = 285
AG*(1,3) = 30
AG*(1,4) = 30
AG*(2,3) = 37
AG*(2,4) = 37
NL(1,2) = 285, AG*'s used 0
Max in loop 285, 0.38110058637798827
Breaking out of inner loop 285 > 247
New mintv = 0.19055029318899414
Sample size to show min tv of 0.19055029318899414 is 87
AUD TV 0.3311005863779883, ss 131
AG*(1,2) = 217
AG*(1,3) = 29
AG*(1,4) = 29
AG*(0,1) = 123
AG*(0,2) = 69
AG*(0,3) = 19
AG*(0,4) = 19
AG*(1,2) = 217
AG*(1,3) = 29
AG*(1,4) = 29
AG*(2,3) = 36
AG*(2,4) = 36
NL(1,2) = 217, AG*'s used 0
Max in loop 217, 0.3311005863779883
AUD TV 0.38110058637798827, ss 60
AG*(1,2) = 246
AG*(1,3) = 29
AG*(1,4) = 29
AG*(0,1) = 123
AG*(0,2) = 69
AG*(0,3) = 19
AG*(0,4) = 19
AG*(1,2) = 246
AG*(1,3) = 29
AG*(1,4) = 29
AG*(2,3) = 36
AG*(2,4) = 36
NL(1,2) = 246, AG*'s used 0
Max in loop 246, 0.38110058637798827
Breaking out of inner loop 246 > 217
New mintv = 0.24055029318899412
Sample size to show min tv of 0.24055029318899412 is 184
AUD TV 0.3311005863779883, ss 131
AG*(1,2) = 194
AG*(1,3) = 29
AG*(1,4) = 29
AG*(0,1) = 123
AG*(0,2) = 69
AG*(0,3) = 19
AG*(0,4) = 19
AG*(1,2) = 194
AG*(1,3) = 29
AG*(1,4) = 29
AG*(2,3) = 36
AG*(2,4) = 36
NL(1,2) = 194, AG*'s used 0
Max in loop 194, 0.3311005863779883
AUD TV 0.38110058637798827, ss 60
AG*(1,2) = 216
AG*(1,3) = 29
AG*(1,4) = 29
AG*(0,1) = 123
AG*(0,2) = 69
AG*(0,3) = 19
AG*(0,4) = 19
AG*(1,2) = 216
AG*(1,3) = 29
AG*(1,4) = 29
AG*(2,3) = 36
AG*(2,4) = 36
NL(1,2) = 216, AG*'s used 0
Max in loop 216, 0.38110058637798827
Breaking out of inner loop 216 > 194
New mintv = 0.2905502931889941
Sample size required for audit is 194 ballots
------------------------------------------------
Assertion set BEFORE filtering:
(0, 'MT', 0.3311005863779883, 131)
(1, 'NL', 2, 194)
(0, 'AG', 3, 27)
(0, 'QT', None, 34)
(1, 'AG', 3, 69)
(0, 'AG', 4, 20)
(1, 'AG', 4, 35)
(0, 'LT', 0.24055029318899412, 184)
------------------------------------------------
Final set of assertions AFTER filtering:
(0, 'MT', 0.3311005863779883, 131)
(1, 'NL', 2, 194)
(0, 'AG', 3, 27)
(0, 'QT', None, 34)
(1, 'AG', 3, 69)
(0, 'AG', 4, 20)
(1, 'AG', 4, 35)
(0, 'LT', 0.24055029318899412, 184)
------------------------------------------------
Explanations for AG* inclusion:
------------------------------------------------
