VALID BALLOTS 32086
23 ballot checks required to assert that first winner has a quota's worth of votes
AG(0,1) = 23
AG(0,2) = 18
AG(0,3) = 21
AG(0,4) = 30
AG(0,5) = 22
AG(0,6) = 16
AG(1,2) = 47857
AG(1,6) = 119
AG(2,6) = 612
AG(3,6) = 146
AG(4,1) = 211
AG(4,2) = 79
AG(4,6) = 49
AG(5,2) = 2245
AG(5,6) = 111
AUD TV 0.4105547916542117, ss 100
NL(4,6) = 49, AG's used 0
NL(4,2) = 69, AG's used 49
NL(4,1) = 124, AG's used 79
NL(4,3) = 153, AG's used 79
NL(4,5) = 191, AG's used 79
Max in loop 191, 0.4105547916542117
AUD TV 0.4605547916542117, ss 45
NL(4,6) = 49, AG's used 0
NL(4,2) = 70, AG's used 49
NL(4,1) = 128, AG's used 79
NL(4,3) = 166, AG's used 79
NL(4,5) = 208, AG's used 79
Max in loop 208, 0.4605547916542117
Sample size required for audit is 191 ballots
------------------------------------------------
Assertion set BEFORE filtering:
(4, 'NL', 3, 153)
(4, 'AG', 6, 49)
(4, 'NL', 1, 124)
(0, 'QT', None, 23)
(4, 'NL', 5, 191)
(4, 'NL', 2, 69)
(0, 'MT', 0.4105547916542117, 100)
(4, 'NL', 6, 49)
(4, 'AG', 2, 79)
------------------------------------------------
Final set of assertions AFTER filtering:
(4, 'NL', 3, 153)
(4, 'AG', 6, 49)
(4, 'NL', 1, 124)
(0, 'QT', None, 23)
(4, 'NL', 5, 191)
(0, 'MT', 0.4105547916542117, 100)
(4, 'AG', 2, 79)
------------------------------------------------
