VALID BALLOTS 95625
GELIM AG(0,4) = 20
GELIM AG(0,3) = 27
GELIM AG(2,4) = 44
GELIM AG(2,3) = 186
GELIM AG(1,4) = 35
GELIM AG(1,3) = 69
Group elimination sample size 69
34 ballot checks required to assert that first winner has a quota's worth of votes
AG(0,1) = 123
AG(0,2) = 69
AG(0,3) = 19
AG(0,4) = 19
AG(1,3) = 32
AG(1,4) = 32
AG(2,3) = 39
AG(2,4) = 39
AUD TV 0.3311005863779883, ss 131
NL(1,2) = 402, AG's used 0
Max in loop 402, 0.3311005863779883
AUD TV 0.38110058637798827, ss 60
NL(1,2) = 628, AG's used 0
Max in loop 628, 0.38110058637798827
Sample size required for audit is 402 ballots
------------------------------------------------
Assertion set BEFORE filtering:
(0, 'AG', 4, 20)
(0, 'AG', 3, 27)
(1, 'AG', 3, 69)
(0, 'MT', 0.3311005863779883, 131)
(1, 'NL', 2, 402)
(0, 'QT', None, 34)
(1, 'AG', 4, 35)
------------------------------------------------
Final set of assertions AFTER filtering:
(0, 'AG', 4, 20)
(0, 'AG', 3, 27)
(1, 'AG', 3, 69)
(0, 'MT', 0.3311005863779883, 131)
(1, 'NL', 2, 402)
(0, 'QT', None, 34)
(1, 'AG', 4, 35)
------------------------------------------------
