VALID BALLOTS 9567
Winner 3
Winner 7
Computing AG relationships
1 AG 5 = 170
8 AG 10 = 1041
8 AG 5 = 238
2 AG 10 = 113
2 AG 5 = 70
2 AG 4 = 118
6 AG 10 = 94
6 AG 5 = 73
6 AG 4 = 217
6 AG 11 = 1008
3 AG 10 = 48
3 AG 5 = 41
3 AG 4 = 65
3 AG 9 = 196
3 AG 11 = 90
3 AG 1 = 283
7 AG 10 = 31
7 AG 5 = 33
7 AG 4 = 42
7 AG 9 = 51
7 AG 11 = 42
7 AG 1 = 84
Ruling out candidates: [(10, 48), (5, 41), (4, 65), (9, 196), (11, 90), (1, 283)]
Sample size for ruling out cands: 283
ALTERNATE OUTCOME PAIR: 8,2
   (1) can we show that 6 NL 2? 
        a. margin -0.1261628514685903
      no, min 15.12,1447 vs max 27.74,2696
   (1) can we show that 6 NL 8? 
        a. margin -0.04651405874359871
      no, min 15.12,1447 vs max 19.78,1960
   (1) can we show that 3 NL 2? 
        a. margin -0.07031113898470487
      no, min 19.88,1902 vs max 26.91,2614
   (1) can we show that 3 NL 8? 
        a. margin -0.022612452527786764
      no, min 19.88,1902 vs max 22.14,2177
   (1) can we show that 7 NL 2? 
        a. margin 0.01006933556322065
      yes, 587, ags used 84 = 587
   (1) can we show that 7 NL 8? 
        a. margin -0.09515347897285964
      no, min 25.38,2428 vs max 34.89,3419
Best assertion(s) require sample: 587
ALTERNATE OUTCOME PAIR: 8,6
   (1) can we show that 2 NL 6? 
        a. margin -0.21197867670116122
      no, min 13.80,1320 vs max 35.00,3539
   (1) can we show that 2 NL 8? 
        a. margin -0.1879725445106457
      no, min 13.80,1320 vs max 32.59,3419
   (1) can we show that 3 NL 6? 
        a. margin -0.03801261280094825
      no, min 19.88,1902 vs max 23.68,2394
   (1) can we show that 3 NL 8? 
        a. margin -0.008327235984809445
      no, min 19.88,1902 vs max 20.71,2177
   (1) can we show that 7 NL 6? 
        a. margin -0.10048430368279937
      no, min 25.38,2428 vs max 35.43,3588
   (1) can we show that 7 NL 8? 
        a. margin -0.07250618445350354
      no, min 25.38,2428 vs max 32.63,3419
ALTERNATE OUTCOME PAIR: 8,3
   (1) can we show that 2 NL 3? 
        a. margin -0.24215184139925527
      no, min 13.80,1320 vs max 38.01,3831
   (1) can we show that 2 NL 8? 
        a. margin -0.18194487996934083
      no, min 13.80,1320 vs max 31.99,3419
   (1) can we show that 6 NL 3? 
        a. margin -0.14651057454444172
      no, min 15.12,1447 vs max 29.78,2952
   (1) can we show that 6 NL 8? 
        a. margin -0.04198459983972791
      no, min 15.12,1447 vs max 19.32,1960
   (1) can we show that 7 NL 3? 
        a. margin -0.13003031253266628
      no, min 25.38,2428 vs max 38.38,3875
   (1) can we show that 7 NL 8? 
        a. margin -0.0659210480471073
      no, min 25.38,2428 vs max 31.97,3419
ALTERNATE OUTCOME PAIR: 8,7
   (1) can we show that 2 NL 7? 
        a. margin -0.16093515905369182
      no, min 13.80,1320 vs max 29.89,2886
   (1) can we show that 2 NL 8? 
        a. margin -0.21075920699627315
      no, min 13.80,1320 vs max 34.87,3419
   (1) can we show that 6 NL 7? 
        a. margin -0.16271210062367192
      no, min 15.12,1447 vs max 31.40,3023
   (1) can we show that 6 NL 8? 
        a. margin -0.045120379080869966
      no, min 15.12,1447 vs max 19.64,1960
   (1) can we show that 3 NL 7? 
        a. margin -0.11250479077384068
      no, min 19.88,1902 vs max 31.13,2997
   (1) can we show that 3 NL 8? 
        a. margin -0.020800668966238667
      no, min 19.88,1902 vs max 21.96,2177
ALTERNATE OUTCOME PAIR: 2,6
   (1) can we show that 8 NL 6? 
        a. margin -0.21365109229643608
      no, min 10.17,973 vs max 31.54,3088
   (1) can we show that 8 NL 2? 
        a. margin -0.1729556461447339
      no, min 10.17,973 vs max 27.47,2655
   (1) can we show that 3 NL 6? 
        a. margin -0.04595658687850668
      no, min 19.88,1902 vs max 24.48,2394
   (1) can we show that 3 NL 2? 
        a. margin -0.07111250479077391
      no, min 19.88,1902 vs max 26.99,2614
   (1) can we show that 7 NL 6? 
        a. margin -0.11306226263893393
      no, min 25.38,2428 vs max 36.69,3588
   (1) can we show that 7 NL 2? 
        a. margin 0.009233127765583049
      yes, 641, ags used 84 = 641
Best assertion(s) require sample: 641
ALTERNATE OUTCOME PAIR: 2,3
   (1) can we show that 8 NL 3? 
        a. margin -0.21333751437232262
      no, min 10.17,973 vs max 31.50,3111
   (1) can we show that 8 NL 2? 
        a. margin -0.17103933660848103
      no, min 10.17,973 vs max 27.27,2655
   (1) can we show that 6 NL 3? 
        a. margin -0.14678931047698873
      no, min 15.12,1447 vs max 29.80,2952
   (1) can we show that 6 NL 2? 
        a. margin -0.1254660116372256
      no, min 15.12,1447 vs max 27.67,2696
   (1) can we show that 7 NL 3? 
        a. margin -0.14083132991882008
      no, min 25.38,2428 vs max 39.46,3875
   (1) can we show that 7 NL 2? 
        a. margin 0.011985645099473308
      yes, 493, ags used 84 = 493
Best assertion(s) require sample: 493
ALTERNATE OUTCOME PAIR: 2,7
   (1) can we show that 8 NL 7? 
        a. margin -0.21152573081077353
      no, min 10.17,973 vs max 31.32,3110
   (1) can we show that 8 NL 2? 
        a. margin -0.1565102261245268
      no, min 10.17,973 vs max 25.82,2655
   (1) can we show that 6 NL 7? 
        a. margin -0.15337444688338486
      no, min 15.12,1447 vs max 30.46,3023
   (1) can we show that 6 NL 2? 
        a. margin -0.11149437301836396
      no, min 15.12,1447 vs max 26.27,2696
   (1) can we show that 3 NL 7? 
        a. margin -0.1037942928817821
      no, min 19.88,1902 vs max 30.26,2997
   (1) can we show that 3 NL 2? 
        a. margin -0.05564266053447775
      no, min 19.88,1902 vs max 25.45,2614
ALTERNATE OUTCOME PAIR: 6,3
   (1) can we show that 8 NL 3? 
        a. margin -0.2071007978816073
      no, min 10.17,973 vs max 30.88,3111
   (1) can we show that 8 NL 6? 
        a. margin -0.18671823281418898
      no, min 10.17,973 vs max 28.84,3088
   (1) can we show that 2 NL 3? 
        a. margin -0.2308281941395781
      no, min 13.80,1320 vs max 36.88,3831
   (1) can we show that 2 NL 6? 
        a. margin -0.19372147311940535
      no, min 13.80,1320 vs max 33.17,3539
   (1) can we show that 7 NL 3? 
        a. margin -0.11978676701160329
      no, min 25.38,2428 vs max 37.36,3875
   (1) can we show that 7 NL 6? 
        a. margin -0.0818089962022247
      no, min 25.38,2428 vs max 33.56,3588
ALTERNATE OUTCOME PAIR: 6,7
   (1) can we show that 8 NL 7? 
        a. margin -0.2197135988293093
      no, min 10.17,973 vs max 32.14,3110
   (1) can we show that 8 NL 6? 
        a. margin -0.21173478276018332
      no, min 10.17,973 vs max 31.34,3088
   (1) can we show that 2 NL 7? 
        a. margin -0.15814779972823345
      no, min 13.80,1320 vs max 29.61,2886
   (1) can we show that 2 NL 6? 
        a. margin -0.22302358802829292
      no, min 13.80,1320 vs max 36.10,3539
   (1) can we show that 3 NL 7? 
        a. margin -0.11114595310267994
      no, min 19.88,1902 vs max 31.00,2997
   (1) can we show that 3 NL 6? 
        a. margin -0.042960175603637296
      no, min 19.88,1902 vs max 24.18,2394
Alternate outcome cannot be ruled out: 8,6
Alternate outcome cannot be ruled out: 8,3
Alternate outcome cannot be ruled out: 8,7
Alternate outcome cannot be ruled out: 2,7
Alternate outcome cannot be ruled out: 6,3
Alternate outcome cannot be ruled out: 6,7
Best sample size: inf
------------------------------------------------
Final set of assertions generated:
(7, 'AG', 10, 31)
(7, 'AG', 4, 42)
(3, 'AG', 9, 196)
(7, 'AG', 1, 84)
(3, 'AG', 1, 283)
(7, 'AG', 11, 42)
(3, 'AG', 4, 65)
(7, 'AG', 5, 33)
(3, 'AG', 10, 48)
(3, 'AG', 11, 90)
7 NL 2 = 493 [rules out (2, 3)]
7 NL 2 = 641 [rules out (2, 6)]
(3, 'AG', 5, 41)
(7, 'AG', 9, 51)
7 NL 2 = 587 [rules out (8, 2)]
[] are verified winners with these assertions.
[2, 3, 6, 7, 8] remain as potential winners in this audit.
------------------------------------------------
