VALID BALLOTS 11052
Winner 4
Winner 5
Computing AG relationships
6 AG 8 = 405
6 AG 3 = 105
1 AG 8 = 163
1 AG 3 = 143
4 AG 8 = 26
4 AG 3 = 25
4 AG 7 = 33
4 AG 2 = 37
4 AG 9 = 30
4 AG 1 = 97
10 AG 8 = 62
10 AG 3 = 39
10 AG 7 = 154
10 AG 2 = 192
10 AG 9 = 66
5 AG 8 = 65
5 AG 3 = 45
5 AG 7 = 254
5 AG 2 = 520
5 AG 9 = 82
Ruling out candidates: [(8, 62), (3, 39), (7, 154), (2, 192), (9, 66)]
STAGE 1 ASN (Ruling out candidates): 192
ALTERNATE OUTCOME PAIR: 6,1
   (1) can we show that 4 NL 1?
        a. margin 0.052026782482809786
      yes, 53, ags used 37 = 53
   (1) can we show that 4 NL 6?
        a. margin -0.09630232838701835
      no
   (1) can we show that 10 NL 1?
        a. margin 0.047020147183014505
      yes, 97, ags used 97 = 97
   (1) can we show that 10 NL 6?
        a. margin -0.09717698154180121
      no
   (1) can we show that 5 NL 1?
        a. margin 0.021896489323200097
      yes, 240, ags used 97 = 240
   (1) can we show that 5 NL 6?
        a. margin -0.05950657497888667
      no
      Best assertion(s) require sample: 53

ALTERNATE OUTCOME PAIR: 6,4
   (1) can we show that 1 NL 4?
        a. margin -0.23597538906985183
      no
   (1) can we show that 1 NL 6?
        a. margin -0.27446012788032503
      no
   (1) can we show that 10 NL 4?
        a. margin -0.15795029557244522
      no
   (1) can we show that 10 NL 6?
        a. margin -0.09343708529376094
      no
   (1) can we show that 5 NL 4?
        a. margin -0.1784594040294365
      no
   (1) can we show that 5 NL 6?
        a. margin -0.05706357823621577
      no

ALTERNATE OUTCOME PAIR: 6,10
   (1) can we show that 1 NL 10?
        a. margin -0.29011340330558655
      no
   (1) can we show that 1 NL 6?
        a. margin -0.252081071299314
      no
   (1) can we show that 4 NL 10?
        a. margin -0.053866570153215276
      no
   (1) can we show that 4 NL 6?
        a. margin -0.018729641693809973
      no
   (1) can we show that 5 NL 10?
        a. margin -0.10435516950174883
      no
   (1) can we show that 5 NL 6?
        a. margin -0.041199179635660776
      no

ALTERNATE OUTCOME PAIR: 6,5
   (1) can we show that 1 NL 5?
        a. margin -0.2781095427675243
      no
   (1) can we show that 1 NL 6?
        a. margin -0.24680299191699984
      no
   (1) can we show that 4 NL 5?
        a. margin -0.04370249728555897
      no
   (1) can we show that 4 NL 6?
        a. margin -0.014446857280732806
      no
   (1) can we show that 10 NL 5?
        a. margin -0.10209313548075616
      no
   (1) can we show that 10 NL 6?
        a. margin -0.07012305465074131
      no

ALTERNATE OUTCOME PAIR: 1,4
   (1) can we show that 6 NL 4?
        a. margin -0.234588008203644
      no
   (1) can we show that 6 NL 1?
        a. margin -0.09856436240801003
      no
   (1) can we show that 10 NL 4?
        a. margin -0.14603691639522187
      no
   (1) can we show that 10 NL 1?
        a. margin -0.005278079382312173
      no
   (1) can we show that 5 NL 4?
        a. margin -0.1656412112438166
      no
   (1) can we show that 5 NL 1?
        a. margin -0.029466763180116318
      no

ALTERNATE OUTCOME PAIR: 1,10
   (1) can we show that 6 NL 10?
        a. margin -0.16751115936783667
      no
   (1) can we show that 6 NL 1?
        a. margin -0.03163831584026955
      no
   (1) can we show that 4 NL 10?
        a. margin -0.1191036313186149
      no
   (1) can we show that 4 NL 1?
        a. margin 0.05739534322596307
      yes, 50, ags used 37 = 50
   (1) can we show that 5 NL 10?
        a. margin -0.10927132344070412
      no
   (1) can we show that 5 NL 1?
        a. margin 0.02614911328266456
      yes, 175, ags used 97 = 175
      Best assertion(s) require sample: 50

ALTERNATE OUTCOME PAIR: 1,5
   (1) can we show that 6 NL 5?
        a. margin -0.1936904331041135
      no
   (1) can we show that 6 NL 1?
        a. margin -0.03504644709856375
      no
   (1) can we show that 4 NL 5?
        a. margin -0.11032693931716708
      no
   (1) can we show that 4 NL 1?
        a. margin 0.054077693328508536
      yes, 52, ags used 37 = 52
   (1) can we show that 10 NL 5?
        a. margin -0.10948244661599549
      no
   (1) can we show that 10 NL 1?
        a. margin 0.04864881167812851
      yes, 94, ags used 97 = 97
      Best assertion(s) require sample: 52

ALTERNATE OUTCOME PAIR: 4,10
   (1) can we show that 6 NL 10?
        a. margin -0.1633791772228259
      no
   (1) can we show that 6 NL 4?
        a. margin -0.24399806973096916
      no
   (1) can we show that 1 NL 10?
        a. margin -0.30088068524550815
      no
   (1) can we show that 1 NL 4?
        a. margin -0.2313910001206425
      no
   (1) can we show that 5 NL 10?
        a. margin -0.1048377367595611
      no
   (1) can we show that 5 NL 4?
        a. margin -0.17429726143081214
      no

ALTERNATE OUTCOME PAIR: 10,5
   (1) can we show that 6 NL 5?
        a. margin -0.18621064060803427
      no
   (1) can we show that 6 NL 10?
        a. margin -0.16654602485221337
      no
   (1) can we show that 1 NL 5?
        a. margin -0.26900108577633175
      no
   (1) can we show that 1 NL 10?
        a. margin -0.2811557485824602
      no
   (1) can we show that 4 NL 5?
        a. margin -0.034413077572685746
      no
   (1) can we show that 4 NL 10?
        a. margin -0.04493907588370094
      no

RULE OUT PAIR STAGE ASN 53
------------------------------------------------
Alternate outcome cannot be ruled out: 6,4
Alternate outcome cannot be ruled out: 6,10
Alternate outcome cannot be ruled out: 6,5
Alternate outcome cannot be ruled out: 1,4
Alternate outcome cannot be ruled out: 4,10
Alternate outcome cannot be ruled out: 10,5
Full audit not possible
PARTIAL audit sample size: 192
------------------------------------------------
Final set of assertions generated:
4 NL 1 = 50 [rules out (1, 10), G = {1, 2, 6, 7, 8}, O = set()]
(3, 'AG', 2, 25)
4 NL 1 = 53 [rules out (6, 1), G = {1, 2, 6, 7, 8}, O = set()]

(9, 'AG', 8, 66)
(3, 'AG', 1, 37)
(9, 'AG', 7, 62)
(3, 'AG', 6, 33)
(3, 'AG', 8, 30)
4 NL 1 = 52 [rules out (1, 5), G = {1, 2, 6, 7, 8}, O = set()]
(9, 'AG', 2, 39)
(9, 'AG', 6, 154)
(9, 'AG', 1, 192)
(3, 'AG', 7, 26)
[] are verified winners with these assertions.
[1, 4, 5, 6, 10] remain as potential winners in this audit.
------------------------------------------------
