VALID BALLOTS 5410
Winner 8
Winner 4
Computing AG relationships
8 AG 6 = 17
8 AG 1 = 22
8 AG 5 = 21
8 AG 7 = 18
8 AG 9 = 21
8 AG 3 = 18
8 AG 2 = 28
8 AG 10 = 167
8 AG 4 = 344
10 AG 6 = 30
10 AG 1 = 45
10 AG 5 = 46
10 AG 7 = 31
10 AG 9 = 46
10 AG 3 = 34
10 AG 2 = 81
4 AG 6 = 25
4 AG 1 = 31
4 AG 5 = 33
4 AG 7 = 24
4 AG 9 = 35
4 AG 3 = 28
4 AG 2 = 47
Candidate 8 is a known winner, cost 344
Ruling out candidates: [(6, 25), (1, 31), (5, 33), (7, 24), (9, 35), (3, 28), (2, 47)]
Sample size for ruling out cands: 47
ALTERNATE OUTCOME PAIR: 8,10
   (1) can we show that 4 NL 10? 
        a. margin -0.12273567467652513
      no, min 29.63,1603 vs max 41.90,2655
   (1) can we show that 4 NL 8? 
        a. margin -0.17590881084411603
      no, min 29.63,1603 vs max 47.22,2825
Alternate outcome cannot be ruled out: 8,10
Best sample size: inf
------------------------------------------------
Final set of assertions generated:
(4, 'AG', 7, 24)
(8, 'AG', 6, 17)
(4, 'AG', 9, 35)
(8, 'AG', 10, 167)
(4, 'AG', 1, 31)
(4, 'AG', 3, 28)
(8, 'AG', 1, 22)
(8, 'AG', 3, 18)
(4, 'AG', 6, 25)
(4, 'AG', 5, 33)
(8, 'AG', 2, 28)
(8, 'AG', 5, 21)
(4, 'AG', 2, 47)
(8, 'AG', 9, 21)
(8, 'AG', 4, 344)
(8, 'AG', 7, 18)
[8] are verified winners with these assertions.
[10, 4] remain as potential winners in this audit.
------------------------------------------------
