VALID BALLOTS 8624
Winner 8
Winner 4
Computing AG relationships
8 AG 2 = 19
8 AG 10 = 21
8 AG 1 = 19
8 AG 5 = 22
8 AG 9 = 26
8 AG 3 = 38
8 AG 11 = 45
11 AG 2 = 564
11 AG 1 = 2853
6 AG 2 = 103
6 AG 1 = 92
6 AG 5 = 182
4 AG 2 = 30
4 AG 10 = 42
4 AG 1 = 28
4 AG 5 = 34
4 AG 9 = 75
4 AG 7 = 75
4 AG 3 = 160
4 AG 6 = 713
Ruling out candidates: [(2, 30), (10, 42), (1, 28), (5, 34), (9, 75), (3, 160)]
STAGE 1 ASN (Ruling out candidates): 160
ALTERNATE OUTCOME PAIR: 7,8
   (1) can we show that 11 NL 8?
        a. margin -0.3143552875695732
      no
   (1) can we show that 11 NL 7?
        a. margin -0.05078849721706902
      no
   (1) can we show that 6 NL 8?
        a. margin -0.26453308596165737
      no
   (1) can we show that 6 NL 7?
        a. margin 0.014030612244897656
      yes, 253, ags used 182 = 253
   (1) can we show that 4 NL 8?
        a. margin -0.07942949907235608
      no
   (1) can we show that 4 NL 7?
        a. margin 0.06779529993815636
      yes, 60, ags used 42 = 60
      Best assertion(s) require sample: 60

ALTERNATE OUTCOME PAIR: 7,11
   (1) can we show that 8 NL 11?
        a. margin 0.10277520098948623
      yes, 35, ags used 26 = 35
   (1) can we show that 8 NL 7?
        a. margin 0.009083178726036145
      yes, 23, ags used 75 = 75
   (1) can we show that 6 NL 11?
        a. margin -0.02017625231910969
      no
   (1) can we show that 6 NL 7?
        a. margin 0.012445887445887482
      yes, 277, ags used 182 = 277
   (1) can we show that 4 NL 11?
        a. margin 0.0030534941249222847
      yes, 51, ags used 45 = 51
   (1) can we show that 4 NL 7?
        a. margin 0.06532158317872638
      yes, 62, ags used 42 = 62
      Best assertion(s) require sample: 35

ALTERNATE OUTCOME PAIR: 7,6
   (1) can we show that 8 NL 6?
        a. margin 0.02423469387755106
      yes, 189, ags used 45 = 189
   (1) can we show that 8 NL 7?
        a. margin 0.0019325912183054683
      yes, 61, ags used 45 = 61
   (1) can we show that 11 NL 6?
        a. margin -0.10111317254174368
      no
   (1) can we show that 11 NL 7?
        a. margin -0.04379251700680287
      no
   (1) can we show that 4 NL 6?
        a. margin 0.015499381570809989
      yes, 115, ags used 160 = 160
   (1) can we show that 4 NL 7?
        a. margin 0.07367037724180547
      yes, 56, ags used 42 = 56
      Best assertion(s) require sample: 56

ALTERNATE OUTCOME PAIR: 7,4
   (1) can we show that 8 NL 4?
        a. margin -0.013334879406307953
      no
   (1) can we show that 8 NL 7?
        a. margin 0.021026592455163362
      yes, 48, ags used 45 = 48
   (1) can we show that 11 NL 4?
        a. margin -0.33078231292517013
      no
   (1) can we show that 11 NL 7?
        a. margin -0.19797464440321666
      no
   (1) can we show that 6 NL 4?
        a. margin -0.2044294990723563
      no
   (1) can we show that 6 NL 7?
        a. margin -0.014764996907854155
      no
      Best assertion(s) require sample: 48

ALTERNATE OUTCOME PAIR: 8,11
   (1) can we show that 7 NL 11?
        a. margin -0.15379560915275325
      no
   (1) can we show that 7 NL 8?
        a. margin -0.3266465677179964
      no
   (1) can we show that 6 NL 11?
        a. margin -0.08453153988868434
      no
   (1) can we show that 6 NL 8?
        a. margin -0.25823283858998136
      no
   (1) can we show that 4 NL 11?
        a. margin 0.017238713667284022
      yes, 100, ags used 75 = 100
   (1) can we show that 4 NL 8?
        a. margin -0.0132962275819416
      no
      Best assertion(s) require sample: 100

ALTERNATE OUTCOME PAIR: 8,6
   (1) can we show that 7 NL 6?
        a. margin -0.10702690166975881
      no
   (1) can we show that 7 NL 8?
        a. margin -0.33128478664192973
      no
   (1) can we show that 11 NL 6?
        a. margin -0.09829158936301752
      no
   (1) can we show that 11 NL 8?
        a. margin -0.31145640074211545
      no
   (1) can we show that 4 NL 6?
        a. margin 0.019982993197277032
      yes, 95, ags used 75 = 95
   (1) can we show that 4 NL 8?
        a. margin -0.11305658627087212
      no
      Best assertion(s) require sample: 95

ALTERNATE OUTCOME PAIR: 11,6
   (1) can we show that 7 NL 6?
        a. margin -0.11305658627087223
      no
   (1) can we show that 7 NL 11?
        a. margin -0.08534322820037143
      no
   (1) can we show that 8 NL 6?
        a. margin 0.15928416821273905
      yes, 28, ags used 713 = 713
   (1) can we show that 8 NL 11?
        a. margin 0.10532622139765002
      yes, 34, ags used 26 = 34
   (1) can we show that 4 NL 6?
        a. margin 0.013644094001237006
      yes, 109, ags used 75 = 109
   (1) can we show that 4 NL 11?
        a. margin 0.0006184291898578831
      yes, 50, ags used 45 = 50
      Best assertion(s) require sample: 34

ALTERNATE OUTCOME PAIR: 11,4
   (1) can we show that 7 NL 4?
        a. margin -0.307861781076067
      no
   (1) can we show that 7 NL 11?
        a. margin -0.08487940630797786
      no
   (1) can we show that 8 NL 4?
        a. margin -0.05415120593692069
      no
   (1) can we show that 8 NL 11?
        a. margin 0.10837971552257208
      yes, 34, ags used 26 = 34
   (1) can we show that 6 NL 4?
        a. margin -0.20609152752009907
      no
   (1) can we show that 6 NL 11?
        a. margin -0.01851422387136692
      no
      Best assertion(s) require sample: 34

ALTERNATE OUTCOME PAIR: 6,4
   (1) can we show that 7 NL 4?
        a. margin -0.2941790352504643
      no
   (1) can we show that 7 NL 6?
        a. margin -0.2389842300556595
      no
   (1) can we show that 8 NL 4?
        a. margin 0.0025510204081624632
      yes, 8226, ags used 45 = 8226
   (1) can we show that 8 NL 6?
        a. margin 0.0024350649350646236
      yes, 72, ags used 45 = 72
   (1) can we show that 11 NL 4?
        a. margin -0.31489641311069905
      no
   (1) can we show that 11 NL 6?
        a. margin -0.24296536796536872
      no
      Best assertion(s) require sample: 72

RULE OUT PAIR STAGE ASN 100
------------------------------------------------
EXAMINING WAYS TO REDUCE COST OF AUDIT
ALTERNATE OUTCOME PAIR: 3,7
   (1) can we show that 8 NL 7?
        a. margin 0.009508348794063037
      yes, 21, ags used 75 = 75
   (1) can we show that 8 NL 3?
        a. margin 0.12132807668521917
      yes, 31, ags used 26 = 31
   (1) can we show that 11 NL 7?
        a. margin -0.05430581323438477
      no
   (1) can we show that 11 NL 3?
        a. margin -0.009431045145330774
      no
   (1) can we show that 6 NL 7?
        a. margin 0.011131725417439675
      yes, 345, ags used 182 = 345
   (1) can we show that 6 NL 3?
        a. margin 0.0029761904761904656
      yes, 1451, ags used 182 = 1451
   (1) can we show that 4 NL 7?
        a. margin 0.06431663574520674
      yes, 63, ags used 42 = 63
   (1) can we show that 4 NL 3?
        a. margin 0.029800556586270677
      yes, 44, ags used 42 = 44
      Best assertion(s) require sample: 31

ALTERNATE OUTCOME PAIR: 3,8
   (1) can we show that 7 NL 8?
        a. margin -0.32946815089672266
      no
   (1) can we show that 7 NL 3?
        a. margin -0.10374149659864063
      no
   (1) can we show that 11 NL 8?
        a. margin -0.3132343846629563
      no
   (1) can we show that 11 NL 3?
        a. margin -0.0383426097711822
      no
   (1) can we show that 6 NL 8?
        a. margin -0.2611317254174399
      no
   (1) can we show that 6 NL 3?
        a. margin -0.04081632653061329
      no
   (1) can we show that 4 NL 8?
        a. margin -0.034747990105133075
      no
   (1) can we show that 4 NL 3?
        a. margin 0.04537724180581271
      yes, 62, ags used 75 = 75
      Best assertion(s) require sample: 75

ALTERNATE OUTCOME PAIR: 3,11
   (1) can we show that 7 NL 11?
        a. margin -0.0782699443413738
      no
   (1) can we show that 7 NL 3?
        a. margin -0.04839208410636986
      no
   (1) can we show that 8 NL 11?
        a. margin 0.11112399505256665
      yes, 33, ags used 26 = 33
   (1) can we show that 8 NL 3?
        a. margin 0.1302952999381568
      yes, 29, ags used 26 = 29
   (1) can we show that 6 NL 11?
        a. margin -0.011982065553494792
      no
   (1) can we show that 6 NL 3?
        a. margin 7.73036487320411e-05
      yes, 344, ags used 182 = 344
   (1) can we show that 4 NL 11?
        a. margin 0.00463821892393379
      yes, 47, ags used 45 = 47
   (1) can we show that 4 NL 3?
        a. margin 0.041550711193568235
      yes, 40, ags used 38 = 40
      Best assertion(s) require sample: 29

ALTERNATE OUTCOME PAIR: 3,6
   (1) can we show that 7 NL 6?
        a. margin -0.11251546072974683
      no
   (1) can we show that 7 NL 3?
        a. margin -0.05662492269635133
      no
   (1) can we show that 8 NL 6?
        a. margin 0.17115027829313512
      yes, 26, ags used 713 = 713
   (1) can we show that 8 NL 3?
        a. margin 0.1244588744588746
      yes, 30, ags used 26 = 30
   (1) can we show that 11 NL 6?
        a. margin -0.10412801484230072
      no
   (1) can we show that 11 NL 3?
        a. margin -0.0083487940630802
      no
   (1) can we show that 4 NL 6?
        a. margin 0.01364409400123634
      yes, 109, ags used 75 = 109
   (1) can we show that 4 NL 3?
        a. margin 0.03130797773654925
      yes, 43, ags used 42 = 43
      Best assertion(s) require sample: 30

ALTERNATE OUTCOME PAIR: 3,4
   (1) can we show that 7 NL 4?
        a. margin -0.3060451453308599
      no
   (1) can we show that 7 NL 3?
        a. margin -0.06984384662956122
      no
   (1) can we show that 8 NL 4?
        a. margin -0.040854978354978866
      no
   (1) can we show that 8 NL 3?
        a. margin 0.12615955473098306
      yes, 30, ags used 26 = 30
   (1) can we show that 11 NL 4?
        a. margin -0.33557513914656756
      no
   (1) can we show that 11 NL 3?
        a. margin -0.034632034632035236
      no
   (1) can we show that 6 NL 4?
        a. margin -0.20470006184291922
      no
   (1) can we show that 6 NL 3?
        a. margin -0.0033240568954856498
      no
      Best assertion(s) require sample: 30

2 ruled out by pairs, sample size 75
STAGE 1 ASN NOW 75
NEW RULE OUT PAIR STAGE ASN 100
------------------------------------------------
FULL audit sample size: 100
------------------------------------------------
Final set of assertions generated:
4 NL 3 = 75 [rules out (3, 8), G = {0, 1, 4, 6, 8, 9}, O = set()]
(3, 'AG', 9, 42)
8 NL 6 = 72 [rules out (6, 4), G = {0, 1, 2, 4, 8, 9, 10}, O = set()]
4 NL 6 = 95 [rules out (8, 6), G = {0, 1, 4, 6, 8, 9}, O = set()]

8 NL 11 = 35 [rules out (7, 11), G = {0, 1, 4, 8, 9}, O = set()]

8 NL 11 = 34 [rules out (11, 4), G = {0, 1, 4, 8, 9}, O = set()]
(7, 'AG', 9, 21)
4 NL 7 = 56 [rules out (7, 6), G = {0, 1, 4, 9}, O = set()]
8 NL 11 = 34 [rules out (11, 6), G = {0, 1, 4, 8, 9}, O = set()]
8 NL 3 = 30 [rules out (3, 4), G = {0, 1, 4, 8, 9}, O = set()]
(3, 'AG', 6, 75)
(3, 'AG', 1, 30)
(3, 'AG', 8, 75)
8 NL 3 = 29 [rules out (3, 11), G = {0, 1, 4, 8, 9}, O = set()]
(7, 'AG', 4, 22)
8 NL 3 = 31 [rules out (3, 7), G = {0, 1, 4, 8, 9}, O = set()]
(7, 'AG', 2, 38)
(7, 'AG', 10, 45)
8 NL 3 = 30 [rules out (3, 6), G = {0, 1, 4, 8, 9}, O = set()]
(3, 'AG', 0, 28)
(7, 'AG', 0, 19)
4 NL 7 = 60 [rules out (7, 8), G = {0, 1, 4, 9}, O = set()]
4 NL 11 = 100 [rules out (8, 11), G = {0, 1, 4, 6, 8, 9}, O = set()]

8 NL 7 = 48 [rules out (7, 4), G = {0, 1, 2, 4, 8, 9, 10}, O = set()]
(3, 'AG', 4, 34)
(7, 'AG', 8, 26)
(7, 'AG', 1, 19)
All winners are verified in audit.
------------------------------------------------
