VALID BALLOTS 9560
Winner 6
Winner 3
Computing AG relationships
6 AG 11 = 19
6 AG 5 = 20
6 AG 10 = 23
6 AG 2 = 29
6 AG 8 = 26
6 AG 7 = 27
6 AG 9 = 24
1 AG 11 = 72
1 AG 5 = 59
1 AG 10 = 118
1 AG 9 = 154
4 AG 11 = 47
4 AG 5 = 40
4 AG 10 = 63
4 AG 2 = 250
4 AG 8 = 194
4 AG 7 = 1757
4 AG 9 = 71
3 AG 11 = 51
3 AG 5 = 43
3 AG 10 = 70
3 AG 2 = 428
3 AG 8 = 428
3 AG 9 = 80
Ruling out candidates: [(11, 47), (5, 40), (10, 63), (2, 250), (8, 194), (7, 1757), (9, 71)]
STAGE 1 ASN (Ruling out candidates): 1757
ALTERNATE OUTCOME PAIR: 6,1
   (1) can we show that 4 NL 1?
        a. margin -0.026708507670851755
      no
   (1) can we show that 4 NL 6?
        a. margin -0.17479079497908012
      no
   (1) can we show that 3 NL 1?
        a. margin -0.033960948396095536
      no
   (1) can we show that 3 NL 6?
        a. margin -0.18640167364016802
      no

ALTERNATE OUTCOME PAIR: 6,4
   (1) can we show that 1 NL 4?
        a. margin -0.17447698744770013
      no
   (1) can we show that 1 NL 6?
        a. margin -0.22468619246861965
      no
   (1) can we show that 3 NL 4?
        a. margin -0.05631101813110184
      no
   (1) can we show that 3 NL 6?
        a. margin -0.18594839609484015
      no

ALTERNATE OUTCOME PAIR: 1,4
   (1) can we show that 6 NL 4?
        a. margin -0.020292887029288886
      no
   (1) can we show that 6 NL 1?
        a. margin 0.002859135285913972
      yes, 141, ags used 29 = 141
   (1) can we show that 3 NL 4?
        a. margin -0.06136680613668111
      no
   (1) can we show that 3 NL 1?
        a. margin -0.034658298465829906
      no
      Best assertion(s) require sample: 141

ALTERNATE OUTCOME PAIR: 1,3
   (1) can we show that 6 NL 3?
        a. margin -0.007914923291492237
      no
   (1) can we show that 6 NL 1?
        a. margin 0.005125523012552424
      yes, 131, ags used 29 = 131
   (1) can we show that 4 NL 3?
        a. margin -0.09637377963737837
      no
   (1) can we show that 4 NL 1?
        a. margin -0.027789400278939724
      no
      Best assertion(s) require sample: 131

ALTERNATE OUTCOME PAIR: 4,3
   (1) can we show that 6 NL 3?
        a. margin -0.0022663877266394516
      no
   (1) can we show that 6 NL 4?
        a. margin -0.008926080892608712
      no
   (1) can we show that 1 NL 3?
        a. margin -0.14679218967922036
      no
   (1) can we show that 1 NL 4?
        a. margin -0.15794979079498017
      no

RULE OUT PAIR STAGE ASN 141
------------------------------------------------
Alternate outcome cannot be ruled out: 6,1
Alternate outcome cannot be ruled out: 6,4
Alternate outcome cannot be ruled out: 4,3
Full audit not possible
PARTIAL audit sample size: 1757
------------------------------------------------
Final set of assertions generated:
(3, 'AG', 8, 71)
(5, 'AG', 10, 19)
(3, 'AG', 7, 194)
6 NL 1 = 141 [rules out (1, 4), G = {1, 4, 6, 7, 8, 9, 10}, O = set()]
(5, 'AG', 6, 27)
(3, 'AG', 9, 63)
(3, 'AG', 6, 1757)
(5, 'AG', 7, 26)
(5, 'AG', 9, 23)
(3, 'AG', 4, 40)
6 NL 1 = 131 [rules out (1, 3), G = {1, 4, 6, 7, 8, 9, 10}, O = set()]
(5, 'AG', 8, 24)
(3, 'AG', 10, 47)
(5, 'AG', 4, 20)
(3, 'AG', 1, 250)
(5, 'AG', 1, 29)
[] are verified winners with these assertions.
[1, 3, 4, 6] remain as potential winners in this audit.
------------------------------------------------
