VALID BALLOTS 8682
Winner 3
Winner 4
Computing AG relationships
5 AG 6 = 366
3 AG 8 = 32
3 AG 2 = 41
3 AG 6 = 33
3 AG 1 = 46
3 AG 9 = 55
7 AG 6 = 286
4 AG 8 = 106
4 AG 2 = 153
4 AG 6 = 66
4 AG 1 = 457
Ruling out candidates: [(8, 106), (2, 153), (6, 66), (1, 457)]
STAGE 1 ASN (Ruling out candidates): 457
ALTERNATE OUTCOME PAIR: 9,5
   (1) can we show that 3 NL 5?
        a. margin -0.10546725024955916
      no
   (1) can we show that 3 NL 9?
        a. margin 0.08968747600399185
      yes, 39, ags used 41 = 41
   (1) can we show that 7 NL 5?
        a. margin -0.1811026645166246
      no
   (1) can we show that 7 NL 9?
        a. margin 0.03367119711280009
      yes, 136, ags used 55 = 136
   (1) can we show that 4 NL 5?
        a. margin -0.044690163556784346
      no
   (1) can we show that 4 NL 9?
        a. margin 0.07271749980803222
      yes, 63, ags used 55 = 63
      Best assertion(s) require sample: 41

ALTERNATE OUTCOME PAIR: 9,3
   (1) can we show that 5 NL 3?
        a. margin -0.20567457575059556
      no
   (1) can we show that 5 NL 9?
        a. margin -0.03029255931813135
      no
   (1) can we show that 7 NL 3?
        a. margin -0.2009905551716199
      no
   (1) can we show that 7 NL 9?
        a. margin -0.02215311372187867
      no
   (1) can we show that 4 NL 3?
        a. margin -0.12570068340628182
      no
   (1) can we show that 4 NL 9?
        a. margin 0.01720033786377817
      yes, 137, ags used 153 = 153
      Best assertion(s) require sample: 153

ALTERNATE OUTCOME PAIR: 9,7
   (1) can we show that 5 NL 7?
        a. margin -0.1131075788988718
      no
   (1) can we show that 5 NL 9?
        a. margin 0.021193273439299
      yes, 216, ags used 55 = 216
   (1) can we show that 3 NL 7?
        a. margin -0.10731014359210689
      no
   (1) can we show that 3 NL 9?
        a. margin 0.08949550794747729
      yes, 39, ags used 41 = 41
   (1) can we show that 4 NL 7?
        a. margin -0.033786377946710355
      no
   (1) can we show that 4 NL 9?
        a. margin 0.07271749980803133
      yes, 63, ags used 55 = 63
      Best assertion(s) require sample: 41

ALTERNATE OUTCOME PAIR: 9,4
   (1) can we show that 5 NL 4?
        a. margin -0.2042156185210785
      no
   (1) can we show that 5 NL 9?
        a. margin 0.020617369269753105
      yes, 222, ags used 55 = 222
   (1) can we show that 3 NL 4?
        a. margin -0.137065192351993
      no
   (1) can we show that 3 NL 9?
        a. margin 0.09018659295093223
      yes, 39, ags used 41 = 41
   (1) can we show that 7 NL 4?
        a. margin -0.20913000076787225
      no
   (1) can we show that 7 NL 9?
        a. margin 0.03347922905628464
      yes, 137, ags used 55 = 137
      Best assertion(s) require sample: 41

ALTERNATE OUTCOME PAIR: 5,3
   (1) can we show that 9 NL 3?
        a. margin -0.2934807648007376
      no
   (1) can we show that 9 NL 5?
        a. margin -0.3534515856561464
      no
   (1) can we show that 7 NL 3?
        a. margin -0.2047915226906245
      no
   (1) can we show that 7 NL 5?
        a. margin -0.17135068724564229
      no
   (1) can we show that 4 NL 3?
        a. margin -0.13042309759656023
      no
   (1) can we show that 4 NL 5?
        a. margin -0.040697227981264184
      no

ALTERNATE OUTCOME PAIR: 5,7
   (1) can we show that 9 NL 7?
        a. margin -0.3339476311141826
      no
   (1) can we show that 9 NL 5?
        a. margin -0.3357905244567305
      no
   (1) can we show that 3 NL 7?
        a. margin -0.05636182139292201
      no
   (1) can we show that 3 NL 5?
        a. margin -0.05006526913921683
      no
   (1) can we show that 4 NL 7?
        a. margin -0.02610765568609441
      no
   (1) can we show that 4 NL 5?
        a. margin -0.029601474314674303
      no

ALTERNATE OUTCOME PAIR: 5,4
   (1) can we show that 9 NL 4?
        a. margin -0.37057513629731975
      no
   (1) can we show that 9 NL 5?
        a. margin -0.32749750441526615
      no
   (1) can we show that 3 NL 4?
        a. margin -0.08446594486677594
      no
   (1) can we show that 3 NL 5?
        a. margin -0.042885663825541376
      no
   (1) can we show that 7 NL 4?
        a. margin -0.19300468402057924
      no
   (1) can we show that 7 NL 5?
        a. margin -0.153382477155802
      no

ALTERNATE OUTCOME PAIR: 3,7
   (1) can we show that 9 NL 7?
        a. margin -0.3495354373032328
      no
   (1) can we show that 9 NL 3?
        a. margin -0.29540044536589194
      no
   (1) can we show that 5 NL 7?
        a. margin -0.10992090916071717
      no
   (1) can we show that 5 NL 3?
        a. margin -0.21085771327651104
      no
   (1) can we show that 4 NL 7?
        a. margin -0.03125239960070758
      no
   (1) can we show that 4 NL 3?
        a. margin -0.13134454426783426
      no

ALTERNATE OUTCOME PAIR: 7,4
   (1) can we show that 9 NL 4?
        a. margin -0.366620594333103
      no
   (1) can we show that 9 NL 7?
        a. margin -0.32242954772325927
      no
   (1) can we show that 5 NL 4?
        a. margin -0.1914305459571537
      no
   (1) can we show that 5 NL 7?
        a. margin -0.104392229133073
      no
   (1) can we show that 3 NL 4?
        a. margin -0.08051140290255854
      no
   (1) can we show that 3 NL 7?
        a. margin -0.045381248560241616
      no

RULE OUT PAIR STAGE ASN 153
------------------------------------------------
EXAMINING WAYS TO REDUCE COST OF AUDIT
ALTERNATE OUTCOME PAIR: 1,9
   (1) can we show that 5 NL 9?
        a. margin 0.022844198725331166
      yes, 200, ags used 55 = 200
   (1) can we show that 5 NL 1?
        a. margin 0.03144436765722136
      yes, 145, ags used 46 = 145
   (1) can we show that 3 NL 9?
        a. margin 0.0887660293327186
      yes, 39, ags used 41 = 41
   (1) can we show that 3 NL 1?
        a. margin 0.10481455885740565
      yes, 38, ags used 33 = 38
   (1) can we show that 7 NL 9?
        a. margin 0.03566766490055984
      yes, 128, ags used 55 = 128
   (1) can we show that 7 NL 1?
        a. margin 0.044958918835905415
      yes, 102, ags used 46 = 102
   (1) can we show that 4 NL 9?
        a. margin 0.002725946402518442
      yes, 61, ags used 55 = 61
   (1) can we show that 4 NL 1?
        a. margin 0.021462028718420845
      yes, 53, ags used 46 = 53
      Best assertion(s) require sample: 38

ALTERNATE OUTCOME PAIR: 1,5
   (1) can we show that 9 NL 5?
        a. margin -0.3617829993089148
      no
   (1) can we show that 9 NL 1?
        a. margin -0.01243953006219789
      no
   (1) can we show that 3 NL 5?
        a. margin -0.10773247331644042
      no
   (1) can we show that 3 NL 1?
        a. margin 0.10327881440528253
      yes, 39, ags used 33 = 39
   (1) can we show that 7 NL 5?
        a. margin -0.18052676034707793
      no
   (1) can we show that 7 NL 1?
        a. margin 0.04158028104123446
      yes, 110, ags used 46 = 110
   (1) can we show that 4 NL 5?
        a. margin -0.05624664055901085
      no
   (1) can we show that 4 NL 1?
        a. margin 0.015395838132534534
      yes, 56, ags used 46 = 56
      Best assertion(s) require sample: 39

ALTERNATE OUTCOME PAIR: 1,3
   (1) can we show that 9 NL 3?
        a. margin -0.29394148813637444
      no
   (1) can we show that 9 NL 1?
        a. margin -0.04361514244029896
      no
   (1) can we show that 5 NL 3?
        a. margin -0.20575136297320162
      no
   (1) can we show that 5 NL 1?
        a. margin -0.003954541964219294
      no
   (1) can we show that 7 NL 3?
        a. margin -0.20076019350380137
      no
   (1) can we show that 7 NL 1?
        a. margin 0.007601935038007657
      yes, 939, ags used 457 = 939
   (1) can we show that 4 NL 3?
        a. margin -0.1364125009598408
      no
   (1) can we show that 4 NL 1?
        a. margin 0.030561314597249867
      yes, 127, ags used 106 = 127
      Best assertion(s) require sample: 127

ALTERNATE OUTCOME PAIR: 1,7
   (1) can we show that 9 NL 7?
        a. margin -0.35694540428472665
      no
   (1) can we show that 9 NL 1?
        a. margin -0.012247562005682777
      no
   (1) can we show that 5 NL 7?
        a. margin -0.1147968977962075
      no
   (1) can we show that 5 NL 1?
        a. margin 0.0277201873608226
      yes, 165, ags used 46 = 165
   (1) can we show that 3 NL 7?
        a. margin -0.11072717499808082
      no
   (1) can we show that 3 NL 1?
        a. margin 0.1033172080165854
      yes, 39, ags used 33 = 39
   (1) can we show that 4 NL 7?
        a. margin -0.04584197189587691
      no
   (1) can we show that 4 NL 1?
        a. margin 0.015626199800352847
      yes, 56, ags used 46 = 56
      Best assertion(s) require sample: 39

ALTERNATE OUTCOME PAIR: 1,4
   (1) can we show that 9 NL 4?
        a. margin -0.39357290946786416
      no
   (1) can we show that 9 NL 1?
        a. margin -0.0386239729708977
      no
   (1) can we show that 5 NL 4?
        a. margin -0.2029870229593802
      no
   (1) can we show that 5 NL 1?
        a. margin 0.027912155417338713
      yes, 164, ags used 46 = 164
   (1) can we show that 3 NL 4?
        a. margin -0.1392920218075715
      no
   (1) can we show that 3 NL 1?
        a. margin 0.10400829302004055
      yes, 39, ags used 33 = 39
   (1) can we show that 7 NL 4?
        a. margin -0.20801658604008277
      no
   (1) can we show that 7 NL 1?
        a. margin 0.0415034938186285
      yes, 110, ags used 46 = 110
      Best assertion(s) require sample: 39

0 ruled out by pairs, sample size 127
STAGE 1 ASN NOW 153
NEW RULE OUT PAIR STAGE ASN 153
------------------------------------------------
Alternate outcome cannot be ruled out: 5,3
Alternate outcome cannot be ruled out: 5,7
Alternate outcome cannot be ruled out: 5,4
Alternate outcome cannot be ruled out: 3,7
Alternate outcome cannot be ruled out: 7,4
Full audit not possible
PARTIAL audit sample size: 153
------------------------------------------------
Final set of assertions generated:
3 NL 9 = 41 [rules out (9, 7), G = {1, 5, 7}, O = set()]
(3, 'AG', 1, 153)
(3, 'AG', 7, 106)
3 NL 9 = 41 [rules out (9, 4), G = {1, 5, 7}, O = set()]
3 NL 1 = 38 [rules out (1, 9), G = {5, 7}, O = set()]
3 NL 1 = 39 [rules out (1, 5), G = {5, 7}, O = set()]
3 NL 1 = 39 [rules out (1, 4), G = {5, 7}, O = set()]
(2, 'AG', 7, 32)
(3, 'AG', 5, 66)
(2, 'AG', 1, 41)
3 NL 1 = 39 [rules out (1, 7), G = {5, 7}, O = set()]
3 NL 9 = 41 [rules out (9, 5), G = {1, 5, 7}, O = set()]
4 NL 1 = 127 [rules out (1, 3), G = {5, 7}, O = set()]
4 NL 9 = 153 [rules out (9, 3), G = {1, 5, 7}, O = set()]
(2, 'AG', 5, 33)
[] are verified winners with these assertions.
[3, 4, 5, 7] remain as potential winners in this audit.
------------------------------------------------
