VALID BALLOTS 8680
Winner 1
Winner 6
Computing AG relationships
4 AG 3 = 506
4 AG 5 = 84
4 AG 9 = 608
4 AG 8 = 294
10 AG 3 = 41
10 AG 5 = 31
10 AG 9 = 46
10 AG 2 = 67
10 AG 7 = 72
10 AG 8 = 44
1 AG 3 = 27
1 AG 5 = 23
1 AG 9 = 28
1 AG 2 = 37
1 AG 7 = 39
1 AG 8 = 29
1 AG 4 = 149
6 AG 3 = 35
6 AG 5 = 31
6 AG 9 = 34
6 AG 2 = 47
6 AG 7 = 53
6 AG 8 = 41
Ruling out candidates: [(3, 35), (5, 31), (9, 34), (2, 47), (7, 53), (8, 41)]
Sample size for ruling out cands: 53
ALTERNATE OUTCOME PAIR: 4,10
   (1) can we show that 1 NL 10? 
        a. margin -0.012365591397849984
      no, min 28.18,2446 vs max 29.42,2649
   (1) can we show that 1 NL 4? 
        a. margin 0.06962365591397845
      yes, 65, ags used 39 = 65
   (1) can we show that 6 NL 10? 
        a. margin -0.17288786482335017
      no, min 25.74,2234 vs max 43.03,3932
   (1) can we show that 6 NL 4? 
        a. margin 0.07461597542242737
      yes, 61, ags used 149 = 149
Best assertion(s) require sample: 65
ALTERNATE OUTCOME PAIR: 4,1
   (1) can we show that 10 NL 1? 
        a. margin -0.12972350230414842
      no, min 23.44,2035 vs max 36.42,3301
   (1) can we show that 10 NL 4? 
        a. margin -0.014208909370200584
      no, min 23.44,2035 vs max 24.87,2461
   (1) can we show that 6 NL 1? 
        a. margin -0.2056835637480816
      no, min 25.74,2234 vs max 46.31,4217
   (1) can we show that 6 NL 4? 
        a. margin -0.10096006144393499
      no, min 25.74,2234 vs max 35.83,3510
ALTERNATE OUTCOME PAIR: 4,6
   (1) can we show that 10 NL 6? 
        a. margin -0.06897081413210482
      no, min 23.44,2035 vs max 30.34,2671
   (1) can we show that 10 NL 4? 
        a. margin 0.07849462365591364
      yes, 58, ags used 149 = 149
   (1) can we show that 1 NL 6? 
        a. margin -0.01125192012288756
      no, min 28.18,2446 vs max 29.30,2579
   (1) can we show that 1 NL 4? 
        a. margin 0.05625960061443913
      yes, 81, ags used 39 = 81
Best assertion(s) require sample: 81
ALTERNATE OUTCOME PAIR: 10,1
   (1) can we show that 4 NL 1? 
        a. margin -0.2554915514592946
      no, min 13.19,1145 vs max 38.74,3593
   (1) can we show that 4 NL 10? 
        a. margin -0.19447004608295082
      no, min 13.19,1145 vs max 32.64,3034
   (1) can we show that 6 NL 1? 
        a. margin -0.18694316436252023
      no, min 25.74,2234 vs max 44.43,4217
   (1) can we show that 6 NL 10? 
        a. margin -0.1493471582181285
      no, min 25.74,2234 vs max 40.67,3932
ALTERNATE OUTCOME PAIR: 10,6
   (1) can we show that 4 NL 6? 
        a. margin -0.17496159754224339
      no, min 13.19,1145 vs max 30.69,2734
   (1) can we show that 4 NL 10? 
        a. margin -0.20568356374808094
      no, min 13.19,1145 vs max 33.76,3034
   (1) can we show that 1 NL 6? 
        a. margin 0.043010752688172005
      yes, 106, ags used 149 = 149
   (1) can we show that 1 NL 10? 
        a. margin 0.037634408602149616
      yes, 121, ags used 149 = 149
Best assertion(s) require sample: 149
Alternate outcome cannot be ruled out: 4,1
Alternate outcome cannot be ruled out: 10,1
Best sample size: inf
------------------------------------------------
Final set of assertions generated:
1 NL 4 = 65 [rules out (4, 10)]
(1, 'AG', 3, 27)
(6, 'AG', 7, 53)
(1, 'AG', 4, 149)
(1, 'AG', 2, 37)
(1, 'AG', 8, 29)
(6, 'AG', 8, 41)
(1, 'AG', 7, 39)
(6, 'AG', 5, 31)
(6, 'AG', 2, 47)
(1, 'AG', 9, 28)
(6, 'AG', 9, 34)
(6, 'AG', 3, 35)
(1, 'AG', 5, 23)
1 NL 4 = 81 [rules out (4, 6)]
1 NL 6 = 106 [rules out (10, 6)]
[1] are verified winners with these assertions.
[10, 4, 6] remain as potential winners in this audit.
------------------------------------------------
