VALID BALLOTS 8738
Winner 2
Winner 7
Computing AG relationships
2 AG 3 = 32
2 AG 4 = 25
2 AG 6 = 33
2 AG 5 = 50
2 AG 1 = 67
9 AG 4 = 96
7 AG 3 = 197
7 AG 4 = 41
7 AG 6 = 108
7 AG 8 = 72
7 AG 5 = 3819
7 AG 9 = 740
Ruling out candidates: [(3, 197), (4, 41), (6, 108), (5, 3819)]
STAGE 1 ASN (Ruling out candidates): 3819
ALTERNATE OUTCOME PAIR: 8,2
   (1) can we show that 1 NL 2?
        a. margin -0.29236285954070373
      no
   (1) can we show that 1 NL 8?
        a. margin -0.03227283131151437
      no
   (1) can we show that 9 NL 2?
        a. margin -0.24002441443503497
      no
   (1) can we show that 9 NL 8?
        a. margin 0.057450217441059825
      yes, 79, ags used 72 = 79
   (1) can we show that 7 NL 2?
        a. margin -0.08110170138094175
      no
   (1) can we show that 7 NL 8?
        a. margin 0.07396810864423586
      yes, 58, ags used 41 = 58
      Best assertion(s) require sample: 58

ALTERNATE OUTCOME PAIR: 8,1
   (1) can we show that 2 NL 1?
        a. margin 0.06950484473945195
      yes, 47, ags used 33 = 47
   (1) can we show that 2 NL 8?
        a. margin 0.0007248035400926334
      yes, 22, ags used 72 = 72
   (1) can we show that 9 NL 1?
        a. margin -0.0025558861676969746
      no
   (1) can we show that 9 NL 8?
        a. margin 0.049668116273745344
      yes, 92, ags used 72 = 92
   (1) can we show that 7 NL 1?
        a. margin 0.06755931944762317
      yes, 67, ags used 67 = 67
   (1) can we show that 7 NL 8?
        a. margin 0.06622415503166268
      yes, 65, ags used 41 = 65
      Best assertion(s) require sample: 47

ALTERNATE OUTCOME PAIR: 8,9
   (1) can we show that 2 NL 9?
        a. margin 0.0048828870069421715
      yes, 24, ags used 740 = 740
   (1) can we show that 2 NL 8?
        a. margin 0.008850232700083005
      yes, 46, ags used 67 = 67
   (1) can we show that 1 NL 9?
        a. margin -0.09452964065003455
      no
   (1) can we show that 1 NL 8?
        a. margin -0.029716945143817286
      no
   (1) can we show that 7 NL 9?
        a. margin 0.011902037079422945
      yes, 154, ags used 197 = 197
   (1) can we show that 7 NL 8?
        a. margin 0.07545586327916376
      yes, 57, ags used 41 = 57
      Best assertion(s) require sample: 57

ALTERNATE OUTCOME PAIR: 8,7
   (1) can we show that 2 NL 7?
        a. margin -0.02498664835584108
      no
   (1) can we show that 2 NL 8?
        a. margin 0.02384222171358652
      yes, 40, ags used 67 = 67
   (1) can we show that 1 NL 7?
        a. margin -0.3130769817654694
      no
   (1) can we show that 1 NL 8?
        a. margin -0.1805523765926621
      no
   (1) can we show that 9 NL 7?
        a. margin -0.19409475852597913
      no
   (1) can we show that 9 NL 8?
        a. margin -0.0441367208361958
      no
      Best assertion(s) require sample: 67

ALTERNATE OUTCOME PAIR: 2,1
   (1) can we show that 8 NL 1?
        a. margin -0.18200198367284737
      no
   (1) can we show that 8 NL 2?
        a. margin -0.3233005264362554
      no
   (1) can we show that 9 NL 1?
        a. margin -0.07831692988479633
      no
   (1) can we show that 9 NL 2?
        a. margin -0.23510337987335073
      no
   (1) can we show that 7 NL 1?
        a. margin 0.017853055619134528
      yes, 183, ags used 108 = 183
   (1) can we show that 7 NL 2?
        a. margin -0.015297169451438553
      no
      Best assertion(s) require sample: 183

ALTERNATE OUTCOME PAIR: 2,9
   (1) can we show that 8 NL 9?
        a. margin -0.12100404364080297
      no
   (1) can we show that 8 NL 2?
        a. margin -0.3310063324940874
      no
   (1) can we show that 1 NL 9?
        a. margin -0.09349965667200799
      no
   (1) can we show that 1 NL 2?
        a. margin -0.29346913862821455
      no
   (1) can we show that 7 NL 9?
        a. margin 0.013885709925993028
      yes, 95, ags used 108 = 108
   (1) can we show that 7 NL 2?
        a. margin -0.12249179827573098
      no
      Best assertion(s) require sample: 108

ALTERNATE OUTCOME PAIR: 1,9
   (1) can we show that 8 NL 9?
        a. margin -0.1229877164873735
      no
   (1) can we show that 8 NL 1?
        a. margin -0.1052109559777219
      no
   (1) can we show that 2 NL 9?
        a. margin 0.1345845731288613
      yes, 34, ags used 740 = 740
   (1) can we show that 2 NL 1?
        a. margin 0.07347219043259257
      yes, 45, ags used 33 = 45
   (1) can we show that 7 NL 9?
        a. margin 0.011100938429846163
      yes, 100, ags used 108 = 108
   (1) can we show that 7 NL 1?
        a. margin 0.06828412298771647
      yes, 67, ags used 67 = 67
      Best assertion(s) require sample: 45

ALTERNATE OUTCOME PAIR: 1,7
   (1) can we show that 8 NL 7?
        a. margin -0.32421606775005785
      no
   (1) can we show that 8 NL 1?
        a. margin -0.10246433203631722
      no
   (1) can we show that 2 NL 7?
        a. margin -0.07660028992141754
      no
   (1) can we show that 2 NL 1?
        a. margin 0.07835507743953496
      yes, 43, ags used 33 = 43
   (1) can we show that 9 NL 7?
        a. margin -0.1962310215915175
      no
   (1) can we show that 9 NL 1?
        a. margin 0.0004959182116417438
      yes, 8738, ags used 96 = 8738
      Best assertion(s) require sample: 43

ALTERNATE OUTCOME PAIR: 9,7
   (1) can we show that 8 NL 7?
        a. margin -0.3098725871671636
      no
   (1) can we show that 8 NL 9?
        a. margin -0.19485770962081417
      no
   (1) can we show that 2 NL 7?
        a. margin -0.00400549324788535
      no
   (1) can we show that 2 NL 9?
        a. margin 0.04131380178530364
      yes, 111, ags used 67 = 111
   (1) can we show that 1 NL 7?
        a. margin -0.29331654840924803
      no
   (1) can we show that 1 NL 9?
        a. margin -0.2391088731212343
      no
      Best assertion(s) require sample: 111

RULE OUT PAIR STAGE ASN 183
------------------------------------------------
FULL audit sample size: 3819
------------------------------------------------
Final set of assertions generated:
(6, 'AG', 7, 72)
(6, 'AG', 2, 197)
7 NL 8 = 58 [rules out (8, 2), G = {3}, O = set()]
2 NL 1 = 47 [rules out (8, 1), G = {2, 3, 5}, O = set()]

(1, 'AG', 2, 32)
2 NL 1 = 43 [rules out (1, 7), G = {2, 3, 5}, O = set()]
2 NL 9 = 111 [rules out (9, 7), G = {0, 2, 3, 4, 5}, O = set()]
(6, 'AG', 5, 108)
(1, 'AG', 4, 50)
(1, 'AG', 3, 25)
(6, 'AG', 4, 3819)
(1, 'AG', 5, 33)
2 NL 1 = 45 [rules out (1, 9), G = {2, 3, 5}, O = set()]
7 NL 8 = 57 [rules out (8, 9), G = {3}, O = set()]
(1, 'AG', 0, 67)
7 NL 1 = 183 [rules out (2, 1), G = {3, 5, 7}, O = set()]

2 NL 8 = 67 [rules out (8, 7), G = {0, 2, 3, 4, 5}, O = set()]
(6, 'AG', 3, 41)
7 NL 9 = 108 [rules out (2, 9), G = {3, 5, 7}, O = set()]

All winners are verified in audit.
------------------------------------------------
