VALID BALLOTS 11052
Winner 4
Winner 5
Computing AG relationships
6 AG 8 = 405
6 AG 3 = 105
1 AG 8 = 163
1 AG 3 = 143
4 AG 8 = 26
4 AG 3 = 25
4 AG 7 = 33
4 AG 2 = 37
4 AG 9 = 30
4 AG 1 = 97
10 AG 8 = 62
10 AG 3 = 39
10 AG 7 = 154
10 AG 2 = 192
10 AG 9 = 66
5 AG 8 = 65
5 AG 3 = 45
5 AG 7 = 254
5 AG 2 = 520
5 AG 9 = 82
Ruling out candidates: [(8, 62), (3, 39), (7, 154), (2, 192), (9, 66)]
STAGE 1 ASN (Ruling out candidates): 192
ALTERNATE OUTCOME PAIR: 6,1
   (1) can we show that 4 NL 1?
        a. margin 0.052026782482809786
      yes, 53, ags used 37 = 53
   (1) can we show that 4 NL 6?
        a. margin -0.09630232838701835
      no
   (1) can we show that 10 NL 1?
        a. margin 0.047020147183014505
      yes, 97, ags used 97 = 97
   (1) can we show that 10 NL 6?
        a. margin -0.09717698154180121
      no
   (1) can we show that 5 NL 1?
        a. margin 0.021896489323200097
      yes, 240, ags used 97 = 240
   (1) can we show that 5 NL 6?
        a. margin -0.05950657497888667
      no
      Best assertion(s) require sample: 53

ALTERNATE OUTCOME PAIR: 6,4
   (1) can we show that 1 NL 4?
        a. margin -0.23597538906985183
      no
   (1) can we show that 1 NL 6?
        a. margin -0.27446012788032503
      no
   (1) can we show that 10 NL 4?
        a. margin -0.15795029557244522
      no
   (1) can we show that 10 NL 6?
        a. margin -0.09343708529376094
      no
   (1) can we show that 5 NL 4?
        a. margin -0.1784594040294365
      no
   (1) can we show that 5 NL 6?
        a. margin -0.05706357823621577
      no

ALTERNATE OUTCOME PAIR: 6,10
   (1) can we show that 1 NL 10?
        a. margin -0.29011340330558655
      no
   (1) can we show that 1 NL 6?
        a. margin -0.252081071299314
      no
   (1) can we show that 4 NL 10?
        a. margin -0.053866570153215276
      no
   (1) can we show that 4 NL 6?
        a. margin -0.018729641693809973
      no
   (1) can we show that 5 NL 10?
        a. margin -0.10435516950174883
      no
   (1) can we show that 5 NL 6?
        a. margin -0.041199179635660776
      no

ALTERNATE OUTCOME PAIR: 6,5
   (1) can we show that 1 NL 5?
        a. margin -0.2781095427675243
      no
   (1) can we show that 1 NL 6?
        a. margin -0.24680299191699984
      no
   (1) can we show that 4 NL 5?
        a. margin -0.04370249728555897
      no
   (1) can we show that 4 NL 6?
        a. margin -0.014446857280732806
      no
   (1) can we show that 10 NL 5?
        a. margin -0.10209313548075616
      no
   (1) can we show that 10 NL 6?
        a. margin -0.07012305465074131
      no

ALTERNATE OUTCOME PAIR: 1,4
   (1) can we show that 6 NL 4?
        a. margin -0.234588008203644
      no
   (1) can we show that 6 NL 1?
        a. margin -0.09856436240801003
      no
   (1) can we show that 10 NL 4?
        a. margin -0.14603691639522187
      no
   (1) can we show that 10 NL 1?
        a. margin -0.005278079382312173
      no
   (1) can we show that 5 NL 4?
        a. margin -0.1656412112438166
      no
   (1) can we show that 5 NL 1?
        a. margin -0.029466763180116318
      no

ALTERNATE OUTCOME PAIR: 1,10
   (1) can we show that 6 NL 10?
        a. margin -0.16751115936783667
      no
   (1) can we show that 6 NL 1?
        a. margin -0.03163831584026955
      no
   (1) can we show that 4 NL 10?
        a. margin -0.1191036313186149
      no
   (1) can we show that 4 NL 1?
        a. margin 0.05739534322596307
      yes, 50, ags used 37 = 50
   (1) can we show that 5 NL 10?
        a. margin -0.10927132344070412
      no
   (1) can we show that 5 NL 1?
        a. margin 0.02614911328266456
      yes, 175, ags used 97 = 175
      Best assertion(s) require sample: 50

ALTERNATE OUTCOME PAIR: 1,5
   (1) can we show that 6 NL 5?
        a. margin -0.1936904331041135
      no
   (1) can we show that 6 NL 1?
        a. margin -0.03504644709856375
      no
   (1) can we show that 4 NL 5?
        a. margin -0.11032693931716708
      no
   (1) can we show that 4 NL 1?
        a. margin 0.054077693328508536
      yes, 52, ags used 37 = 52
   (1) can we show that 10 NL 5?
        a. margin -0.10948244661599549
      no
   (1) can we show that 10 NL 1?
        a. margin 0.04864881167812851
      yes, 94, ags used 97 = 97
      Best assertion(s) require sample: 52

ALTERNATE OUTCOME PAIR: 4,10
   (1) can we show that 6 NL 10?
        a. margin -0.1633791772228259
      no
   (1) can we show that 6 NL 4?
        a. margin -0.24399806973096916
      no
   (1) can we show that 1 NL 10?
        a. margin -0.30088068524550815
      no
   (1) can we show that 1 NL 4?
        a. margin -0.2313910001206425
      no
   (1) can we show that 5 NL 10?
        a. margin -0.1048377367595611
      no
   (1) can we show that 5 NL 4?
        a. margin -0.17429726143081214
      no

ALTERNATE OUTCOME PAIR: 10,5
   (1) can we show that 6 NL 5?
        a. margin -0.18621064060803427
      no
   (1) can we show that 6 NL 10?
        a. margin -0.16654602485221337
      no
   (1) can we show that 1 NL 5?
        a. margin -0.26900108577633175
      no
   (1) can we show that 1 NL 10?
        a. margin -0.2811557485824602
      no
   (1) can we show that 4 NL 5?
        a. margin -0.034413077572685746
      no
   (1) can we show that 4 NL 10?
        a. margin -0.04493907588370094
      no

RULE OUT PAIR STAGE ASN 53
------------------------------------------------
EXAMINING WAYS TO REDUCE COST OF AUDIT
ALTERNATE OUTCOME PAIR: 2,6
   (1) can we show that 1 NL 6?
        a. margin -0.2837193871395829
      no
   (1) can we show that 1 NL 2?
        a. margin 0.011521293280251976
      yes, 109, ags used 192 = 192
   (1) can we show that 4 NL 6?
        a. margin -0.0705453010013275
      no
   (1) can we show that 4 NL 2?
        a. margin 0.12495475931958122
      yes, 31, ags used 33 = 33
   (1) can we show that 10 NL 6?
        a. margin -0.10899987935818567
      no
   (1) can we show that 10 NL 2?
        a. margin 0.026118952829051523
      yes, 45, ags used 39 = 45
   (1) can we show that 5 NL 6?
        a. margin -0.0694293642176379
      no
   (1) can we show that 5 NL 2?
        a. margin 0.013330920497045096
      yes, 50, ags used 45 = 50
      Best assertion(s) require sample: 33

ALTERNATE OUTCOME PAIR: 2,1
   (1) can we show that 6 NL 1?
        a. margin -0.0360719025214139
      no
   (1) can we show that 6 NL 2?
        a. margin 0.03405115212932919
      yes, 132, ags used 105 = 132
   (1) can we show that 4 NL 1?
        a. margin 0.04925202075039237
      yes, 66, ags used 33 = 66
   (1) can we show that 4 NL 2?
        a. margin 0.12579925202075248
      yes, 31, ags used 33 = 33
   (1) can we show that 10 NL 1?
        a. margin 0.046416938110749095
      yes, 99, ags used 97 = 99
   (1) can we show that 10 NL 2?
        a. margin 0.02994933043793102
      yes, 44, ags used 39 = 44
   (1) can we show that 5 NL 1?
        a. margin 0.021383761611774688
      yes, 246, ags used 97 = 246
   (1) can we show that 5 NL 2?
        a. margin 0.017493063095670225
      yes, 49, ags used 45 = 49
      Best assertion(s) require sample: 33

ALTERNATE OUTCOME PAIR: 2,4
   (1) can we show that 6 NL 4?
        a. margin -0.24595849921582846
      no
   (1) can we show that 6 NL 2?
        a. margin 0.003528773072748903
      yes, 3275, ags used 520 = 3275
   (1) can we show that 1 NL 4?
        a. margin -0.23627699360598442
      no
   (1) can we show that 1 NL 2?
        a. margin 0.004433586681145574
      yes, 272, ags used 520 = 520
   (1) can we show that 10 NL 4?
        a. margin -0.1626854867897215
      no
   (1) can we show that 10 NL 2?
        a. margin 0.04228495596573967
      yes, 90, ags used 66 = 90
   (1) can we show that 5 NL 4?
        a. margin -0.1825009048136086
      no
   (1) can we show that 5 NL 2?
        a. margin 0.02982868862347865
      yes, 135, ags used 82 = 135
      Best assertion(s) require sample: 90

ALTERNATE OUTCOME PAIR: 2,10
   (1) can we show that 6 NL 10?
        a. margin -0.17312100373989625
      no
   (1) can we show that 6 NL 2?
        a. margin 0.03302569670647948
      yes, 136, ags used 105 = 136
   (1) can we show that 1 NL 10?
        a. margin -0.31110507902038886
      no
   (1) can we show that 1 NL 2?
        a. margin 0.013361080950659021
      yes, 296, ags used 163 = 296
   (1) can we show that 4 NL 10?
        a. margin -0.09416093618048005
      no
   (1) can we show that 4 NL 2?
        a. margin 0.12709615152612086
      yes, 32, ags used 30 = 32
   (1) can we show that 5 NL 10?
        a. margin -0.11988780311255864
      no
   (1) can we show that 5 NL 2?
        a. margin 0.015200868621065178
      yes, 50, ags used 45 = 50
      Best assertion(s) require sample: 32

ALTERNATE OUTCOME PAIR: 2,5
   (1) can we show that 6 NL 5?
        a. margin -0.20029557244540952
      no
   (1) can we show that 6 NL 2?
        a. margin 0.03248280854144059
      yes, 138, ags used 105 = 138
   (1) can we show that 1 NL 5?
        a. margin -0.30006635299794926
      no
   (1) can we show that 1 NL 2?
        a. margin 0.01308963686813902
      yes, 106, ags used 192 = 192
   (1) can we show that 4 NL 5?
        a. margin -0.08544456508625908
      no
   (1) can we show that 4 NL 2?
        a. margin 0.12655326336108175
      yes, 32, ags used 30 = 32
   (1) can we show that 10 NL 5?
        a. margin -0.12214983713355065
      no
   (1) can we show that 10 NL 2?
        a. margin 0.027476173241645974
      yes, 44, ags used 39 = 44
      Best assertion(s) require sample: 32

1 ruled out by pairs, sample size 90
STAGE 1 ASN NOW 154
NEW RULE OUT PAIR STAGE ASN 90
ALTERNATE OUTCOME PAIR: 7,2
   (1) can we show that 6 NL 2?
        a. margin 0.03314633852093207
      yes, 136, ags used 105 = 136
   (1) can we show that 6 NL 7?
        a. margin 0.04635661720352302
      yes, 99, ags used 33 = 99
   (1) can we show that 1 NL 2?
        a. margin 0.011068886476053086
      yes, 106, ags used 192 = 192
   (1) can we show that 1 NL 7?
        a. margin 0.02901435637591998
      yes, 88, ags used 154 = 154
   (1) can we show that 4 NL 2?
        a. margin 0.12420074797925063
      yes, 33, ags used 30 = 33
   (1) can we show that 4 NL 7?
        a. margin 0.14090963928097544
      yes, 29, ags used 30 = 30
   (1) can we show that 10 NL 2?
        a. margin 0.027446012788032492
      yes, 44, ags used 39 = 44
   (1) can we show that 10 NL 7?
        a. margin 0.03456387984075304
      yes, 40, ags used 39 = 40
   (1) can we show that 5 NL 2?
        a. margin 0.014688140909639769
      yes, 50, ags used 45 = 50
   (1) can we show that 5 NL 7?
        a. margin 0.025364941488720483
      yes, 45, ags used 45 = 45
      Best assertion(s) require sample: 30

ALTERNATE OUTCOME PAIR: 7,6
   (1) can we show that 2 NL 6?
        a. margin -0.38324888406321655
      no
   (1) can we show that 2 NL 7?
        a. margin -0.009832307877910118
      no
   (1) can we show that 1 NL 6?
        a. margin -0.2848956448304988
      no
   (1) can we show that 1 NL 7?
        a. margin 0.027415852334419677
      yes, 92, ags used 154 = 154
   (1) can we show that 4 NL 6?
        a. margin -0.06761973700084456
      no
   (1) can we show that 4 NL 7?
        a. margin 0.1395222584147675
      yes, 30, ags used 30 = 30
   (1) can we show that 10 NL 6?
        a. margin -0.10884907709011948
      no
   (1) can we show that 10 NL 7?
        a. margin 0.031758957654723696
      yes, 41, ags used 39 = 41
   (1) can we show that 5 NL 6?
        a. margin -0.066895886114127
      no
   (1) can we show that 5 NL 7?
        a. margin 0.0225298588490781
      yes, 46, ags used 45 = 46
      Best assertion(s) require sample: 30

ALTERNATE OUTCOME PAIR: 7,1
   (1) can we show that 2 NL 1?
        a. margin -0.14277958740499452
      no
   (1) can we show that 2 NL 7?
        a. margin -0.007871878393050591
      no
   (1) can we show that 6 NL 1?
        a. margin -0.035890939799734234
      no
   (1) can we show that 6 NL 7?
        a. margin 0.046477259017976724
      yes, 98, ags used 33 = 98
   (1) can we show that 4 NL 1?
        a. margin 0.049493304379298
      yes, 62, ags used 37 = 62
   (1) can we show that 4 NL 7?
        a. margin 0.14157316926046715
      yes, 29, ags used 30 = 30
   (1) can we show that 10 NL 1?
        a. margin 0.046537579925202355
      yes, 98, ags used 97 = 98
   (1) can we show that 10 NL 7?
        a. margin 0.03776088792375565
      yes, 40, ags used 39 = 40
   (1) can we show that 5 NL 1?
        a. margin 0.02168536614790706
      yes, 243, ags used 97 = 243
   (1) can we show that 5 NL 7?
        a. margin 0.028290505489203754
      yes, 44, ags used 45 = 45
      Best assertion(s) require sample: 30

ALTERNATE OUTCOME PAIR: 7,4
   (1) can we show that 2 NL 4?
        a. margin -0.34934853420195466
      no
   (1) can we show that 2 NL 7?
        a. margin -0.04780431897695636
      no
   (1) can we show that 6 NL 4?
        a. margin -0.24740620098926291
      no
   (1) can we show that 6 NL 7?
        a. margin 0.001658824948729487
      yes, 557, ags used 405 = 557
   (1) can we show that 1 NL 4?
        a. margin -0.2381167812763907
      no
   (1) can we show that 1 NL 7?
        a. margin 0.015110387260226066
      yes, 143, ags used 254 = 254
   (1) can we show that 10 NL 4?
        a. margin -0.16289660996501365
      no
   (1) can we show that 10 NL 7?
        a. margin 0.04870913258535681
      yes, 80, ags used 66 = 80
   (1) can we show that 5 NL 4?
        a. margin -0.1809024007721075
      no
   (1) can we show that 5 NL 7?
        a. margin 0.03902762697551165
      yes, 106, ags used 82 = 106
      Best assertion(s) require sample: 80

ALTERNATE OUTCOME PAIR: 7,10
   (1) can we show that 2 NL 10?
        a. margin -0.41081553866570175
      no
   (1) can we show that 2 NL 7?
        a. margin -0.017070816745082595
      no
   (1) can we show that 6 NL 10?
        a. margin -0.17339244782241514
      no
   (1) can we show that 6 NL 7?
        a. margin 0.0447882736156362
      yes, 102, ags used 33 = 102
   (1) can we show that 1 NL 10?
        a. margin -0.3123718180721443
      no
   (1) can we show that 1 NL 7?
        a. margin 0.02907467728314783
      yes, 155, ags used 143 = 155
   (1) can we show that 4 NL 10?
        a. margin -0.09099408855109159
      no
   (1) can we show that 4 NL 7?
        a. margin 0.14142236699240107
      yes, 29, ags used 30 = 30
   (1) can we show that 5 NL 10?
        a. margin -0.11708288092652885
      no
   (1) can we show that 5 NL 7?
        a. margin 0.024128362890578625
      yes, 45, ags used 45 = 45
      Best assertion(s) require sample: 30

ALTERNATE OUTCOME PAIR: 7,5
   (1) can we show that 2 NL 5?
        a. margin -0.40031970080830015
      no
   (1) can we show that 2 NL 7?
        a. margin -0.01722161901314956
      no
   (1) can we show that 6 NL 5?
        a. margin -0.20141150922909867
      no
   (1) can we show that 6 NL 7?
        a. margin 0.044064422728917974
      yes, 104, ags used 33 = 104
   (1) can we show that 1 NL 5?
        a. margin -0.30136325250331797
      no
   (1) can we show that 1 NL 7?
        a. margin 0.028954035468693684
      yes, 91, ags used 154 = 154
   (1) can we show that 4 NL 5?
        a. margin -0.08233803836409714
      no
   (1) can we show that 4 NL 7?
        a. margin 0.14145252744601367
      yes, 29, ags used 30 = 30
   (1) can we show that 10 NL 5?
        a. margin -0.1220291953190975
      no
   (1) can we show that 10 NL 7?
        a. margin 0.032633610809506886
      yes, 40, ags used 39 = 40
      Best assertion(s) require sample: 30

6 ruled out by pairs, sample size 80
STAGE 1 ASN NOW 66
NEW RULE OUT PAIR STAGE ASN 90
------------------------------------------------
Alternate outcome cannot be ruled out: 6,4
Alternate outcome cannot be ruled out: 6,10
Alternate outcome cannot be ruled out: 6,5
Alternate outcome cannot be ruled out: 1,4
Alternate outcome cannot be ruled out: 4,10
Alternate outcome cannot be ruled out: 10,5
Full audit not possible
PARTIAL audit sample size: 90
------------------------------------------------
Final set of assertions generated:
(3, 'AG', 1, 37)
(3, 'AG', 6, 33)
4 NL 1 = 53 [rules out (6, 1), G = {1, 2, 6, 7, 8}, O = set()]

(3, 'AG', 8, 30)
4 NL 2 = 33 [rules out (2, 6), G = {8, 2, 6, 7}, O = set()]
4 NL 2 = 32 [rules out (2, 10), G = {8, 2, 7}, O = set()]
4 NL 7 = 30 [rules out (7, 2), G = {8, 2, 7}, O = set()]
4 NL 7 = 30 [rules out (7, 5), G = {8, 2, 7}, O = set()]
10 NL 7 = 80 [rules out (7, 4), G = {8, 2, 7}, O = set()]
(9, 'AG', 8, 66)
4 NL 7 = 30 [rules out (7, 6), G = {8, 2, 7}, O = set()]
(9, 'AG', 2, 39)
4 NL 2 = 32 [rules out (2, 5), G = {8, 2, 7}, O = set()]
4 NL 2 = 33 [rules out (2, 1), G = {8, 2, 6, 7}, O = set()]
4 NL 7 = 30 [rules out (7, 10), G = {8, 2, 7}, O = set()]
4 NL 1 = 52 [rules out (1, 5), G = {1, 2, 6, 7, 8}, O = set()]
4 NL 7 = 30 [rules out (7, 1), G = {8, 2, 7}, O = set()]
(3, 'AG', 7, 26)
4 NL 1 = 50 [rules out (1, 10), G = {1, 2, 6, 7, 8}, O = set()]
(9, 'AG', 7, 62)
(3, 'AG', 2, 25)
10 NL 2 = 90 [rules out (2, 4), G = {8, 2, 7}, O = set()]
[] are verified winners with these assertions.
[1, 4, 5, 6, 10] remain as potential winners in this audit.
------------------------------------------------
