VALID BALLOTS 6900
Winner 3
Winner 7
Computing AG relationships
6 AG 4 = 185
8 AG 4 = 83
8 AG 9 = 196
8 AG 5 = 321
8 AG 2 = 240
1 AG 4 = 105
1 AG 9 = 341
3 AG 4 = 60
3 AG 9 = 127
3 AG 5 = 136
3 AG 2 = 107
7 AG 4 = 33
7 AG 9 = 37
7 AG 5 = 40
7 AG 2 = 52
Ruling out candidates: [(4, 60), (9, 127), (5, 136), (2, 107)]
STAGE 1 ASN (Ruling out candidates): 136
ALTERNATE OUTCOME PAIR: 6,8
   (1) can we show that 1 NL 8?
        a. margin -0.21603864734299516
      no
   (1) can we show that 1 NL 6?
        a. margin -0.11285024154589407
      no
   (1) can we show that 3 NL 8?
        a. margin -0.06111111111111178
      no
   (1) can we show that 3 NL 6?
        a. margin -0.09149758454106305
      no
   (1) can we show that 7 NL 8?
        a. margin -0.09318840579710319
      no
   (1) can we show that 7 NL 6?
        a. margin -0.019806763285025286
      no

ALTERNATE OUTCOME PAIR: 6,1
   (1) can we show that 8 NL 1?
        a. margin -0.14777777777777834
      no
   (1) can we show that 8 NL 6?
        a. margin -0.1111594202898557
      no
   (1) can we show that 3 NL 1?
        a. margin -0.12053140096618431
      no
   (1) can we show that 3 NL 6?
        a. margin -0.07743961352657092
      no
   (1) can we show that 7 NL 1?
        a. margin -0.023768115942030543
      no
   (1) can we show that 7 NL 6?
        a. margin -0.011062801932368194
      no

ALTERNATE OUTCOME PAIR: 6,3
   (1) can we show that 8 NL 3?
        a. margin -0.1264734299516913
      no
   (1) can we show that 8 NL 6?
        a. margin -0.12429951690821284
      no
   (1) can we show that 1 NL 3?
        a. margin -0.2136231884057972
      no
   (1) can we show that 1 NL 6?
        a. margin -0.11086956521739189
      no
   (1) can we show that 7 NL 3?
        a. margin -0.09647342995169161
      no
   (1) can we show that 7 NL 6?
        a. margin -0.016038647342995982
      no

ALTERNATE OUTCOME PAIR: 6,7
   (1) can we show that 8 NL 7?
        a. margin -0.17410628019323704
      no
   (1) can we show that 8 NL 6?
        a. margin -0.11024154589372093
      no
   (1) can we show that 1 NL 7?
        a. margin -0.19642512077294683
      no
   (1) can we show that 1 NL 6?
        a. margin -0.10666666666666758
      no
   (1) can we show that 3 NL 7?
        a. margin -0.15304347826086984
      no
   (1) can we show that 3 NL 6?
        a. margin -0.07468599033816703
      no

ALTERNATE OUTCOME PAIR: 8,1
   (1) can we show that 6 NL 1?
        a. margin -0.18801932367149865
      no
   (1) can we show that 6 NL 8?
        a. margin -0.22454106280193287
      no
   (1) can we show that 3 NL 1?
        a. margin -0.13314009661835768
      no
   (1) can we show that 3 NL 8?
        a. margin -0.06280193236715093
      no
   (1) can we show that 7 NL 1?
        a. margin -0.03256038647343129
      no
   (1) can we show that 7 NL 8?
        a. margin -0.09545893719806886
      no

ALTERNATE OUTCOME PAIR: 8,3
   (1) can we show that 6 NL 3?
        a. margin -0.20850241545893788
      no
   (1) can we show that 6 NL 8?
        a. margin -0.19502415458937317
      no
   (1) can we show that 1 NL 3?
        a. margin -0.19516908212560447
      no
   (1) can we show that 1 NL 8?
        a. margin -0.18956521739130483
      no
   (1) can we show that 7 NL 3?
        a. margin -0.08072463768116078
      no
   (1) can we show that 7 NL 8?
        a. margin -0.06888888888889044
      no

ALTERNATE OUTCOME PAIR: 8,7
   (1) can we show that 6 NL 7?
        a. margin -0.21990338164251222
      no
   (1) can we show that 6 NL 8?
        a. margin -0.21864734299516952
      no
   (1) can we show that 1 NL 7?
        a. margin -0.1966183574879229
      no
   (1) can we show that 1 NL 8?
        a. margin -0.21347826086956556
      no
   (1) can we show that 3 NL 7?
        a. margin -0.1574879227053142
      no
   (1) can we show that 3 NL 8?
        a. margin -0.057004830917876115
      no

ALTERNATE OUTCOME PAIR: 1,3
   (1) can we show that 6 NL 3?
        a. margin -0.2288405797101456
      no
   (1) can we show that 6 NL 1?
        a. margin -0.18415458937198137
      no
   (1) can we show that 8 NL 3?
        a. margin -0.12632850241545968
      no
   (1) can we show that 8 NL 1?
        a. margin -0.15956521739130458
      no
   (1) can we show that 7 NL 3?
        a. margin -0.09806763285024256
      no
   (1) can we show that 7 NL 1?
        a. margin -0.028115942028986818
      no

ALTERNATE OUTCOME PAIR: 1,7
   (1) can we show that 6 NL 7?
        a. margin -0.21869565217391318
      no
   (1) can we show that 6 NL 1?
        a. margin -0.16995169082125727
      no
   (1) can we show that 8 NL 7?
        a. margin -0.17183574879227081
      no
   (1) can we show that 8 NL 1?
        a. margin -0.13734299516908333
      no
   (1) can we show that 3 NL 7?
        a. margin -0.15082125603864782
      no
   (1) can we show that 3 NL 1?
        a. margin -0.10898550724637956
      no

RULE OUT PAIR STAGE ASN 0
------------------------------------------------
Alternate outcome cannot be ruled out: 6,8
Alternate outcome cannot be ruled out: 6,1
Alternate outcome cannot be ruled out: 6,3
Alternate outcome cannot be ruled out: 6,7
Alternate outcome cannot be ruled out: 8,1
Alternate outcome cannot be ruled out: 8,3
Alternate outcome cannot be ruled out: 8,7
Alternate outcome cannot be ruled out: 1,3
Alternate outcome cannot be ruled out: 1,7
Full audit not possible
PARTIAL audit sample size: 136
------------------------------------------------
Final set of assertions generated:
(2, 'AG', 4, 136)
(2, 'AG', 3, 60)
(6, 'AG', 3, 33)
(6, 'AG', 4, 40)
(6, 'AG', 1, 52)
(6, 'AG', 8, 37)
(2, 'AG', 1, 107)
(2, 'AG', 8, 127)
[] are verified winners with these assertions.
[1, 3, 6, 7, 8] remain as potential winners in this audit.
------------------------------------------------
