VALID BALLOTS 8624
Winner 8
Winner 4
Computing AG relationships
8 AG 2 = 19
8 AG 10 = 21
8 AG 1 = 19
8 AG 5 = 22
8 AG 9 = 26
8 AG 3 = 38
8 AG 11 = 45
11 AG 2 = 564
11 AG 1 = 2853
6 AG 2 = 103
6 AG 1 = 92
6 AG 5 = 182
4 AG 2 = 30
4 AG 10 = 42
4 AG 1 = 28
4 AG 5 = 34
4 AG 9 = 75
4 AG 7 = 75
4 AG 3 = 160
4 AG 6 = 713
Ruling out candidates: [(2, 30), (10, 42), (1, 28), (5, 34), (9, 75), (3, 160)]
Sample size for ruling out cands: 160
ALTERNATE OUTCOME PAIR: 7,8
   (1) can we show that 11 NL 8? 
        a. margin -0.3143552875695732
      no, min 8.28,714 vs max 39.71,3451
   (1) can we show that 11 NL 7? 
        a. margin -0.050788497217068795
      no, min 8.28,714 vs max 13.36,1200
   (1) can we show that 6 NL 8? 
        a. margin -0.26453308596165725
      no, min 12.64,1090 vs max 39.09,3387
   (1) can we show that 6 NL 7? 
        a. margin 0.01808905380333936
      yes, 253, ags used 182 = 253
   (1) can we show that 4 NL 8? 
        a. margin -0.07942949907235608
      no, min 30.40,2622 vs max 38.35,3324
   (1) can we show that 4 NL 7? 
        a. margin 0.1444418676561534
      yes, 31, ags used 713 = 713
Best assertion(s) require sample: 253
ALTERNATE OUTCOME PAIR: 7,11
   (1) can we show that 8 NL 11? 
        a. margin 0.14022881880024674
      yes, 32, ags used 38 = 38
   (1) can we show that 8 NL 7? 
        a. margin 0.1986317254174399
      yes, 23, ags used 75 = 75
   (1) can we show that 6 NL 11? 
        a. margin -0.02017625231910969
      no, min 12.64,1090 vs max 14.66,1271
   (1) can we show that 6 NL 7? 
        a. margin 0.016504329004328966
      yes, 277, ags used 182 = 277
   (1) can we show that 4 NL 11? 
        a. margin 0.1576994434137291
      yes, 29, ags used 713 = 713
   (1) can we show that 4 NL 7? 
        a. margin 0.14196815089672277
      yes, 32, ags used 713 = 713
Best assertion(s) require sample: 38
ALTERNATE OUTCOME PAIR: 7,6
   (1) can we show that 8 NL 6? 
        a. margin 0.19731756338899187
      yes, 23, ags used 713 = 713
   (1) can we show that 8 NL 7? 
        a. margin 0.24327458256029666
      yes, 18, ags used 75 = 75
   (1) can we show that 11 NL 6? 
        a. margin -0.1011131725417439
      no, min 8.28,714 vs max 18.39,1639
   (1) can we show that 11 NL 7? 
        a. margin -0.04379251700680287
      no, min 8.28,714 vs max 12.66,1200
   (1) can we show that 4 NL 6? 
        a. margin 0.039850030921459334
      yes, 115, ags used 160 = 160
   (1) can we show that 4 NL 7? 
        a. margin 0.09802102659245482
      yes, 46, ags used 160 = 160
Best assertion(s) require sample: 75
ALTERNATE OUTCOME PAIR: 7,4
   (1) can we show that 8 NL 4? 
        a. margin -0.013334879406307953
      no, min 36.44,3143 vs max 37.78,3343
   (1) can we show that 8 NL 7? 
        a. margin 0.09396258503401289
      yes, 48, ags used 45 = 48
   (1) can we show that 11 NL 4? 
        a. margin -0.33078231292517013
      no, min 8.28,714 vs max 41.36,3653
   (1) can we show that 11 NL 7? 
        a. margin -0.19797464440321677
      no, min 8.28,714 vs max 28.08,2796
   (1) can we show that 6 NL 4? 
        a. margin -0.2044294990723563
      no, min 12.64,1090 vs max 33.08,2899
   (1) can we show that 6 NL 7? 
        a. margin -0.014764996907854155
      no, min 12.64,1090 vs max 14.12,1291
Best assertion(s) require sample: 48
ALTERNATE OUTCOME PAIR: 8,11
   (1) can we show that 7 NL 11? 
        a. margin -0.15379560915275325
      no, min 6.71,579 vs max 22.09,2116
   (1) can we show that 7 NL 8? 
        a. margin -0.3266465677179964
      no, min 6.71,579 vs max 39.38,3466
   (1) can we show that 6 NL 11? 
        a. margin -0.08453153988868434
      no, min 12.64,1090 vs max 21.09,2025
   (1) can we show that 6 NL 8? 
        a. margin -0.25823283858998136
      no, min 12.64,1090 vs max 38.46,3387
   (1) can we show that 4 NL 11? 
        a. margin 0.15371830550401988
      yes, 29, ags used 713 = 713
   (1) can we show that 4 NL 8? 
        a. margin -0.013296227581942044
      no, min 36.39,3138 vs max 37.72,3324
Best assertion(s) require sample: 713
ALTERNATE OUTCOME PAIR: 8,6
   (1) can we show that 7 NL 6? 
        a. margin -0.10702690166975948
      no, min 6.71,579 vs max 17.42,1580
   (1) can we show that 7 NL 8? 
        a. margin -0.33128478664192973
      no, min 6.71,579 vs max 39.84,3466
   (1) can we show that 11 NL 6? 
        a. margin -0.09829158936301885
      no, min 8.28,714 vs max 18.11,1639
   (1) can we show that 11 NL 8? 
        a. margin -0.31145640074211545
      no, min 8.28,714 vs max 39.42,3451
   (1) can we show that 4 NL 6? 
        a. margin 0.06172696351267559
      yes, 74, ags used 160 = 160
   (1) can we show that 4 NL 8? 
        a. margin -0.11305658627087212
      no, min 26.91,2321 vs max 38.22,3324
Best assertion(s) require sample: 160
ALTERNATE OUTCOME PAIR: 11,6
   (1) can we show that 7 NL 6? 
        a. margin -0.11305658627087223
      no, min 6.71,579 vs max 18.02,1580
   (1) can we show that 7 NL 11? 
        a. margin -0.08534322820037121
      no, min 6.71,579 vs max 15.25,1336
   (1) can we show that 8 NL 6? 
        a. margin 0.15928416821273972
      yes, 28, ags used 713 = 713
   (1) can we show that 8 NL 11? 
        a. margin 0.14277983920841075
      yes, 32, ags used 38 = 38
   (1) can we show that 4 NL 6? 
        a. margin 0.055388064316635566
      yes, 82, ags used 160 = 160
   (1) can we show that 4 NL 11? 
        a. margin 0.12407235621521329
      yes, 36, ags used 160 = 160
Best assertion(s) require sample: 38
ALTERNATE OUTCOME PAIR: 11,4
   (1) can we show that 7 NL 4? 
        a. margin -0.307861781076067
      no, min 6.71,579 vs max 37.50,3264
   (1) can we show that 7 NL 11? 
        a. margin -0.08487940630797786
      no, min 6.71,579 vs max 15.20,1336
   (1) can we show that 8 NL 4? 
        a. margin -0.05415120593692058
      no, min 32.90,2837 vs max 38.31,3343
   (1) can we show that 8 NL 11? 
        a. margin 0.14583333333333282
      yes, 31, ags used 38 = 38
   (1) can we show that 6 NL 4? 
        a. margin -0.20609152752009907
      no, min 12.64,1090 vs max 33.25,2899
   (1) can we show that 6 NL 11? 
        a. margin -0.01851422387136692
      no, min 12.64,1090 vs max 14.49,1271
Best assertion(s) require sample: 38
ALTERNATE OUTCOME PAIR: 6,4
   (1) can we show that 7 NL 4? 
        a. margin -0.2941790352504643
      no, min 6.71,579 vs max 36.13,3264
   (1) can we show that 7 NL 6? 
        a. margin -0.2389842300556595
      no, min 6.71,579 vs max 30.61,3030
   (1) can we show that 8 NL 4? 
        a. margin 0.0025510204081633514
      yes, 8226, ags used 45 = 8226
   (1) can we show that 8 NL 6? 
        a. margin 0.06296382189239291
      yes, 72, ags used 45 = 72
   (1) can we show that 11 NL 4? 
        a. margin -0.31489641311069905
      no, min 8.28,714 vs max 39.77,3653
   (1) can we show that 11 NL 6? 
        a. margin -0.24296536796536872
      no, min 8.28,714 vs max 32.58,3235
Best assertion(s) require sample: 72
Best sample size: 713
------------------------------------------------
Final set of assertions generated:
(6, 'AG', 5, 182)
(4, 'AG', 5, 34)
(4, 'AG', 6, 713)
8 NL 6 = 72 [rules out (6, 4)]
8 NL 11 = 31 [rules out (11, 4)]
(8, 'AG', 10, 21)
(4, 'AG', 7, 75)
(4, 'AG', 2, 30)
(4, 'AG', 10, 42)
4 NL 6 = 74 [rules out (8, 6)]
6 NL 7 = 253 [rules out (7, 8)]
(4, 'AG', 9, 75)
(4, 'AG', 3, 160)
4 NL 11 = 29 [rules out (8, 11)]
8 NL 7 = 18 [rules out (7, 6)]
(8, 'AG', 3, 38)
(8, 'AG', 11, 45)
(4, 'AG', 1, 28)
(8, 'AG', 1, 19)
(8, 'AG', 9, 26)
(6, 'AG', 2, 103)
(8, 'AG', 2, 19)
8 NL 11 = 32 [rules out (11, 6)]
8 NL 11 = 32 [rules out (7, 11)]
8 NL 7 = 48 [rules out (7, 4)]
(6, 'AG', 1, 92)
(8, 'AG', 5, 22)
All winners are verified in audit.
------------------------------------------------
