VALID BALLOTS 8363
Winner 1
Winner 10
Computing AG relationships
6 AG 9 = 87
6 AG 7 = 213
6 AG 2 = 805
1 AG 9 = 22
1 AG 7 = 26
1 AG 4 = 30
1 AG 5 = 29
1 AG 8 = 33
1 AG 2 = 28
1 AG 6 = 377
3 AG 9 = 43
3 AG 7 = 61
3 AG 4 = 89
3 AG 5 = 77
3 AG 8 = 121
3 AG 2 = 70
10 AG 9 = 24
10 AG 7 = 25
10 AG 4 = 29
10 AG 5 = 30
10 AG 8 = 32
10 AG 2 = 31
Ruling out candidates: [(9, 24), (7, 26), (4, 30), (5, 30), (8, 33), (2, 31)]
Sample size for ruling out cands: 33
ALTERNATE OUTCOME PAIR: 6,1
   (1) can we show that 3 NL 1? 
        a. margin -0.17700984495197147
      no, min 19.45,1627 vs max 37.16,3237
   (1) can we show that 3 NL 6? 
        a. margin -0.017936147315557927
      no, min 19.45,1627 vs max 21.25,1899
   (1) can we show that 10 NL 1? 
        a. margin -0.19088046554266924
      no, min 29.62,2477 vs max 48.71,4306
   (1) can we show that 10 NL 6? 
        a. margin -0.0996054047590611
      no, min 29.62,2477 vs max 39.58,3815
ALTERNATE OUTCOME PAIR: 6,3
   (1) can we show that 1 NL 3? 
        a. margin 0.01709912710749606
      yes, 267, ags used 33 = 267
   (1) can we show that 1 NL 6? 
        a. margin 0.059866873928811515
      yes, 76, ags used 33 = 76
   (1) can we show that 10 NL 3? 
        a. margin -0.15229781976165047
      no, min 29.62,2477 vs max 44.85,3974
   (1) can we show that 10 NL 6? 
        a. margin 0.1074574514727562
      yes, 42, ags used 377 = 377
Best assertion(s) require sample: 76
ALTERNATE OUTCOME PAIR: 6,10
   (1) can we show that 1 NL 10? 
        a. margin -0.023356849615369768
      no, min 29.15,2438 vs max 31.49,2658
   (1) can we show that 1 NL 6? 
        a. margin 0.04731157080792103
      yes, 97, ags used 33 = 97
   (1) can we show that 3 NL 10? 
        a. margin -0.12639005141695558
      no, min 19.45,1627 vs max 32.09,2710
   (1) can we show that 3 NL 6? 
        a. margin 0.031328470644503614
      yes, 146, ags used 377 = 377
Best assertion(s) require sample: 97
ALTERNATE OUTCOME PAIR: 1,3
   (1) can we show that 6 NL 3? 
        a. margin -0.23109729363466103
      no, min 12.85,1075 vs max 35.96,3466
   (1) can we show that 6 NL 1? 
        a. margin -0.26433895332615975
      no, min 12.85,1075 vs max 39.29,3471
   (1) can we show that 10 NL 3? 
        a. margin -0.11710311291801534
      no, min 29.62,2477 vs max 41.33,3974
   (1) can we show that 10 NL 1? 
        a. margin -0.17696998684682752
      no, min 29.62,2477 vs max 47.32,4306
ALTERNATE OUTCOME PAIR: 3,10
   (1) can we show that 6 NL 10? 
        a. margin -0.1940292558491774
      no, min 12.85,1075 vs max 32.26,2724
   (1) can we show that 6 NL 3? 
        a. margin -0.2729881621427733
      no, min 12.85,1075 vs max 40.15,3466
   (1) can we show that 1 NL 10? 
        a. margin 0.02467216708517639
      yes, 185, ags used 377 = 377
   (1) can we show that 1 NL 3? 
        a. margin 0.06233807644784317
      yes, 73, ags used 377 = 377
Best assertion(s) require sample: 377
Alternate outcome cannot be ruled out: 6,1
Alternate outcome cannot be ruled out: 1,3
Best sample size: inf
------------------------------------------------
Final set of assertions generated:
(10, 'AG', 9, 24)
1 NL 6 = 76 [rules out (6, 3)]
(1, 'AG', 5, 29)
(1, 'AG', 7, 26)
(1, 'AG', 9, 22)
(10, 'AG', 4, 29)
(1, 'AG', 6, 377)
(1, 'AG', 4, 30)
(1, 'AG', 8, 33)
(10, 'AG', 8, 32)
(1, 'AG', 2, 28)
(10, 'AG', 5, 30)
(10, 'AG', 2, 31)
1 NL 10 = 185 [rules out (3, 10)]
(10, 'AG', 7, 25)
1 NL 6 = 97 [rules out (6, 10)]
[1] are verified winners with these assertions.
[10, 3, 6] remain as potential winners in this audit.
------------------------------------------------
