VALID BALLOTS 47632
9 ballot checks required to assert that first winner has a quota's worth of votes
AUD TV 0.4627741410555124, ss 43
AG*(4,1) = 34
AG*(4,2) = 23
AG*(4,3) = 34
AG*(0,1) = 11
AG*(0,2) = 10
AG*(0,3) = 11
AG*(0,4) = 17
AG*(1,2) = 500
AG*(3,2) = 489
AG*(4,1) = 34
AG*(4,2) = 23
AG*(4,3) = 34
NL(4,2) = 23, AG*'s used 0
NL(4,1) = 33, AG*'s used 23
NL(4,3) = 31, AG*'s used 34
Max in loop 43, 0.4627741410555124
AUD TV 0.5127741410555124, ss 19
AG*(4,1) = 34
AG*(4,2) = 23
AG*(4,3) = 35
AG*(0,1) = 11
AG*(0,2) = 10
AG*(0,3) = 11
AG*(0,4) = 17
AG*(1,2) = 546
AG*(3,2) = 613
AG*(4,1) = 34
AG*(4,2) = 23
AG*(4,3) = 35
NL(4,2) = 23, AG*'s used 0
NL(4,1) = 34, AG*'s used 23
NL(4,3) = 31, AG*'s used 34
Max in loop 34, 0.5127741410555124
AUD TV 0.5627741410555125, ss 11
AG*(4,1) = 35
AG*(4,2) = 24
AG*(4,3) = 35
AG*(0,1) = 11
AG*(0,2) = 10
AG*(0,3) = 11
AG*(0,4) = 17
AG*(1,2) = 603
AG*(3,2) = 1002
AG*(4,1) = 35
AG*(4,2) = 24
AG*(4,3) = 35
NL(4,2) = 24, AG*'s used 0
NL(4,1) = 27, AG*'s used 35
NL(4,3) = 34, AG*'s used 24
Max in loop 35, 0.5627741410555125
Breaking out of inner loop 35 > 34
Sample size to show min tv of 0.2063870705277562 is 15
AUD TV 0.4627741410555124, ss 43
AG*(4,1) = 32
AG*(4,2) = 22
AG*(4,3) = 32
AG*(0,1) = 11
AG*(0,2) = 10
AG*(0,3) = 11
AG*(0,4) = 17
AG*(1,2) = 236
AG*(3,2) = 299
AG*(4,1) = 32
AG*(4,2) = 22
AG*(4,3) = 32
NL(4,2) = 22, AG*'s used 0
NL(4,1) = 25, AG*'s used 32
NL(4,3) = 28, AG*'s used 32
Max in loop 43, 0.4627741410555124
AUD TV 0.5127741410555124, ss 19
AG*(4,1) = 33
AG*(4,2) = 23
AG*(4,3) = 33
AG*(0,1) = 11
AG*(0,2) = 10
AG*(0,3) = 11
AG*(0,4) = 17
AG*(1,2) = 249
AG*(3,2) = 460
AG*(4,1) = 33
AG*(4,2) = 23
AG*(4,3) = 33
NL(4,2) = 23, AG*'s used 0
NL(4,1) = 32, AG*'s used 23
NL(4,3) = 32, AG*'s used 23
Max in loop 32, 0.5127741410555124
AUD TV 0.5627741410555125, ss 11
AG*(4,1) = 33
AG*(4,2) = 23
AG*(4,3) = 33
AG*(0,1) = 11
AG*(0,2) = 10
AG*(0,3) = 11
AG*(0,4) = 17
AG*(1,2) = 264
AG*(3,2) = 567
AG*(4,1) = 33
AG*(4,2) = 23
AG*(4,3) = 33
NL(4,2) = 23, AG*'s used 0
NL(4,1) = 26, AG*'s used 33
NL(4,3) = 29, AG*'s used 33
Max in loop 33, 0.5627741410555125
Breaking out of inner loop 33 > 32
New mintv = 0.2563870705277562
Sample size to show min tv of 0.2563870705277562 is 19
AUD TV 0.4627741410555124, ss 43
AG*(4,1) = 32
AG*(4,2) = 22
AG*(4,3) = 32
AG*(0,1) = 11
AG*(0,2) = 10
AG*(0,3) = 11
AG*(0,4) = 17
AG*(1,2) = 216
AG*(3,2) = 284
AG*(4,1) = 32
AG*(4,2) = 22
AG*(4,3) = 32
NL(4,2) = 22, AG*'s used 0
NL(4,1) = 31, AG*'s used 22
NL(4,3) = 27, AG*'s used 32
Max in loop 43, 0.4627741410555124
AUD TV 0.5127741410555124, ss 19
AG*(4,1) = 32
AG*(4,2) = 22
AG*(4,3) = 32
AG*(0,1) = 11
AG*(0,2) = 10
AG*(0,3) = 11
AG*(0,4) = 17
AG*(1,2) = 227
AG*(3,2) = 335
AG*(4,1) = 32
AG*(4,2) = 22
AG*(4,3) = 32
NL(4,2) = 22, AG*'s used 0
NL(4,1) = 25, AG*'s used 32
NL(4,3) = 28, AG*'s used 32
Max in loop 32, 0.5127741410555124
AUD TV 0.5627741410555125, ss 11
AG*(4,1) = 33
AG*(4,2) = 23
AG*(4,3) = 33
AG*(0,1) = 11
AG*(0,2) = 10
AG*(0,3) = 11
AG*(0,4) = 17
AG*(1,2) = 239
AG*(3,2) = 528
AG*(4,1) = 33
AG*(4,2) = 23
AG*(4,3) = 33
NL(4,2) = 23, AG*'s used 0
NL(4,1) = 32, AG*'s used 23
NL(4,3) = 32, AG*'s used 23
Max in loop 32, 0.5627741410555125
AUD TV 0.6127741410555125, ss 7
AG*(4,1) = 34
AG*(4,2) = 23
AG*(4,3) = 33
AG*(0,1) = 11
AG*(0,2) = 10
AG*(0,3) = 11
AG*(0,4) = 17
AG*(1,2) = 252
AG*(3,2) = 675
AG*(4,1) = 34
AG*(4,2) = 23
AG*(4,3) = 33
NL(4,2) = 23, AG*'s used 0
NL(4,1) = 26, AG*'s used 33
NL(4,3) = 33, AG*'s used 23
Max in loop 33, 0.6127741410555125
Breaking out of inner loop 33 > 32
New mintv = 0.3063870705277562
Sample size to show min tv of 0.3063870705277562 is 26
AUD TV 0.4627741410555124, ss 43
AG*(4,1) = 31
AG*(4,2) = 22
AG*(4,3) = 32
AG*(0,1) = 11
AG*(0,2) = 10
AG*(0,3) = 11
AG*(0,4) = 17
AG*(1,2) = 199
AG*(3,2) = 271
AG*(4,1) = 31
AG*(4,2) = 22
AG*(4,3) = 32
NL(4,2) = 22, AG*'s used 0
NL(4,1) = 31, AG*'s used 22
NL(4,3) = 27, AG*'s used 31
Max in loop 43, 0.4627741410555124
AUD TV 0.5127741410555124, ss 19
AG*(4,1) = 32
AG*(4,2) = 22
AG*(4,3) = 32
AG*(0,1) = 11
AG*(0,2) = 10
AG*(0,3) = 11
AG*(0,4) = 17
AG*(1,2) = 208
AG*(3,2) = 317
AG*(4,1) = 32
AG*(4,2) = 22
AG*(4,3) = 32
NL(4,2) = 22, AG*'s used 0
NL(4,1) = 31, AG*'s used 22
NL(4,3) = 31, AG*'s used 22
Max in loop 31, 0.5127741410555124
AUD TV 0.5627741410555125, ss 11
AG*(4,1) = 32
AG*(4,2) = 22
AG*(4,3) = 32
AG*(0,1) = 11
AG*(0,2) = 10
AG*(0,3) = 11
AG*(0,4) = 17
AG*(1,2) = 218
AG*(3,2) = 494
AG*(4,1) = 32
AG*(4,2) = 22
AG*(4,3) = 32
NL(4,2) = 22, AG*'s used 0
NL(4,1) = 25, AG*'s used 32
NL(4,3) = 27, AG*'s used 32
Max in loop 32, 0.5627741410555125
Breaking out of inner loop 32 > 31
New mintv = 0.3563870705277562
Sample size to show min tv of 0.3563870705277562 is 46
Sample size required for audit is 31 ballots
------------------------------------------------
Assertion set BEFORE filtering:
(0, 'LT', None, (0.3063870705277562, 26))
(0, 'QT', None, 9)
(4, 'NL', 2, 22)
(4, 'AG*', 2, 22)
(4, 'NL', 1, 31)
(0, 'MT', None, (0.5127741410555124, 19))
(4, 'NL', 3, 31)
------------------------------------------------
Final set of assertions AFTER filtering:
(0, 'LT', None, (0.3063870705277562, 26))
(0, 'QT', None, 9)
(4, 'AG*', 2, 22)
(4, 'NL', 1, 31)
(0, 'MT', None, (0.5127741410555124, 19))
(4, 'NL', 3, 31)
------------------------------------------------
Explanations for AG* inclusion:
   Explanation for (4, 'AG*', 2, 22): []
------------------------------------------------
