VALID BALLOTS 47632
9 ballot checks required to assert that first winner has a quota's worth of votes
AG(0,1) = 11
AG(0,2) = 10
AG(0,3) = 11
AG(0,4) = 17
AG(1,2) = 47632
AG(4,1) = 43
AG(4,2) = 26
AG(4,3) = 39
AUD TV 0.4627741410555124, ss 43
NL(4,2) = 23, AG's used 0
NL(4,1) = 33, AG's used 26
NL(4,3) = 34, AG's used 26
Max in loop 43, 0.4627741410555124
AUD TV 0.5127741410555124, ss 19
NL(4,2) = 23, AG's used 0
NL(4,1) = 34, AG's used 26
NL(4,3) = 34, AG's used 26
Max in loop 34, 0.5127741410555124
AUD TV 0.5627741410555125, ss 11
NL(4,2) = 24, AG's used 0
NL(4,1) = 35, AG's used 26
NL(4,3) = 34, AG's used 26
Max in loop 35, 0.5627741410555125
Sample size required for audit is 34 ballots
------------------------------------------------
Assertion set BEFORE filtering:
(0, 'QT', None, 9)
(4, 'NL', 1, 34)
(4, 'NL', 2, 23)
(4, 'NL', 3, 34)
(0, 'MT', 0.5127741410555124, 19)
(4, 'AG', 2, 26)
------------------------------------------------
Final set of assertions AFTER filtering:
(0, 'QT', None, 9)
(4, 'NL', 1, 34)
(4, 'NL', 3, 34)
(0, 'MT', 0.5127741410555124, 19)
(4, 'AG', 2, 26)
------------------------------------------------
