VALID BALLOTS 49299
24 ballot checks required to assert that first winner has a quota's worth of votes
AG(2,0) = 22
AG(2,1) = 36
AG(2,3) = 51
AG(2,5) = 93
AG(4,0) = 12
AG(4,1) = 12
AG(4,2) = 45
AG(4,3) = 14
AG(4,5) = 22
AUD TV 0.2698433420365535, ss 78
NL(2,0) = 20, AG's used 0
NL(2,1) = 22, AG's used 22
NL(2,3) = 25, AG's used 22
NL(2,5) = 56, AG's used 51
Max in loop 78, 0.2698433420365535
AUD TV 0.3198433420365535, ss 36
NL(2,0) = 20, AG's used 0
NL(2,1) = 22, AG's used 22
NL(2,3) = 26, AG's used 22
NL(2,5) = 57, AG's used 51
Max in loop 57, 0.3198433420365535
AUD TV 0.3698433420365535, ss 22
NL(2,0) = 20, AG's used 0
NL(2,1) = 23, AG's used 22
NL(2,3) = 27, AG's used 22
NL(2,5) = 58, AG's used 51
Max in loop 58, 0.3698433420365535
Sample size required for audit is 57 ballots
------------------------------------------------
Assertion set BEFORE filtering:
(4, 'MT', 0.3198433420365535, 36)
(2, 'AG', 0, 22)
(2, 'AG', 3, 51)
(4, 'QT', None, 24)
(2, 'AG', 1, 36)
(2, 'NL', 0, 20)
(2, 'NL', 3, 26)
(2, 'NL', 5, 57)
(2, 'NL', 1, 22)
------------------------------------------------
Final set of assertions AFTER filtering:
(4, 'MT', 0.3198433420365535, 36)
(2, 'AG', 0, 22)
(2, 'AG', 3, 51)
(4, 'QT', None, 24)
(2, 'AG', 1, 36)
(2, 'NL', 5, 57)
------------------------------------------------
