VALID BALLOTS 43730
10 ballot checks required to assert that first winner has a quota's worth of votes
AG(1,0) = 12
AG(1,2) = 9
AG(1,3) = 21
AG(3,0) = 35
AG(3,2) = 31
AUD TV 0.44000711386366487, ss 47
NL(3,2) = 23, AG's used 0
NL(3,0) = 27, AG's used 0
Max in loop 47, 0.44000711386366487
AUD TV 0.49000711386366486, ss 21
NL(3,2) = 24, AG's used 0
NL(3,0) = 27, AG's used 0
Max in loop 27, 0.49000711386366486
AUD TV 0.5400071138636648, ss 12
NL(3,2) = 24, AG's used 0
NL(3,0) = 28, AG's used 0
Max in loop 28, 0.5400071138636648
Sample size required for audit is 27 ballots
------------------------------------------------
Assertion set BEFORE filtering:
(3, 'NL', 0, 27)
(1, 'MT', 0.49000711386366486, 21)
(1, 'QT', None, 10)
(3, 'NL', 2, 24)
------------------------------------------------
Final set of assertions AFTER filtering:
(3, 'NL', 0, 27)
(1, 'MT', 0.49000711386366486, 21)
(1, 'QT', None, 10)
(3, 'NL', 2, 24)
------------------------------------------------
