VALID BALLOTS 46174
Winner 1
Winner 5
Computing AG relationships
1 AG 3 = 16
1 AG 0 = 16
1 AG 7 = 17
1 AG 8 = 19
1 AG 2 = 18
1 AG 4 = 24
1 AG 6 = 57
6 AG 3 = 32
6 AG 0 = 30
6 AG 7 = 52
6 AG 8 = 33
6 AG 2 = 42
6 AG 4 = 137
5 AG 3 = 26
5 AG 0 = 26
5 AG 7 = 36
5 AG 8 = 28
5 AG 2 = 28
5 AG 4 = 56
Ruling out candidates: [(3, 26), (0, 26), (7, 36), (8, 28), (2, 28), (4, 56)]
STAGE 1 ASN (Ruling out candidates): 56
ALTERNATE OUTCOME PAIR: 1,6
   (1) can we show that 5 NL 6?
        a. margin 0.00788322432538191
      yes, 240, ags used 56 = 240
   (1) can we show that 5 NL 1?
        a. margin -0.09334979281270495
      no
      Best assertion(s) require sample: 240

ALTERNATE OUTCOME PAIR: 6,5
   (1) can we show that 1 NL 5?
        a. margin 0.0025772079525319125
      yes, 217, ags used 24 = 217
   (1) can we show that 1 NL 6?
        a. margin 0.08484572847635219
      yes, 44, ags used 24 = 44
      Best assertion(s) require sample: 44

RULE OUT PAIR STAGE ASN 240
------------------------------------------------
EXAMINING WAYS TO REDUCE COST OF AUDIT
------------------------------------------------
FULL audit sample size: 240
------------------------------------------------
Final set of assertions generated:
(5, 'AG', 2, 28)
(1, 'AG', 4, 24)
(5, 'AG', 8, 28)
(1, 'AG', 2, 18)
(1, 'AG', 0, 16)
(1, 'AG', 8, 19)
(1, 'AG', 7, 17)
(5, 'AG', 0, 26)
(1, 'AG', 3, 16)
(5, 'AG', 7, 36)
(5, 'AG', 3, 26)
5 NL 6 = 240 [rules out (1, 6), G = {0, 2, 3, 4, 7, 8}, O = set()]

1 NL 6 = 44 [rules out (6, 5), G = {0, 2, 3, 4, 7, 8}, O = set()]
(5, 'AG', 4, 56)
All winners are verified in audit.
------------------------------------------------
