VALID BALLOTS 50833
10 ballot checks required to assert that first winner has a quota's worth of votes
AUD TV 0.44546914020692113, ss 46
AG*(3,5) = 31
AG*(3,0) = 37
AG*(3,1) = 40
AG*(3,2) = 206
NL(3,5) = 31, AG*'s used 0
NL(3,0) = 36, AG*'s used 31
NL(3,1) = 38, AG*'s used 37
NL(3,2) = 81, AG*'s used 40
Max in loop 81, 0.44546914020692113
AUD TV 0.4954691402069211, ss 20
AG*(3,5) = 31
AG*(3,0) = 37
AG*(3,1) = 41
AG*(3,2) = 236
NL(3,5) = 31, AG*'s used 0
NL(3,0) = 37, AG*'s used 31
NL(3,1) = 39, AG*'s used 37
NL(3,2) = 86, AG*'s used 41
Max in loop 86, 0.4954691402069211
Sample size to show min tv of 0.19773457010346057 is 16
AUD TV 0.44546914020692113, ss 46
AG*(3,5) = 29
AG*(3,0) = 35
AG*(3,1) = 38
AG*(3,2) = 160
NL(3,5) = 29, AG*'s used 0
NL(3,0) = 34, AG*'s used 29
NL(3,1) = 36, AG*'s used 35
NL(3,2) = 66, AG*'s used 38
Max in loop 66, 0.44546914020692113
AUD TV 0.4954691402069211, ss 20
AG*(3,5) = 30
AG*(3,0) = 35
AG*(3,1) = 38
AG*(3,2) = 177
NL(3,5) = 30, AG*'s used 0
NL(3,0) = 35, AG*'s used 30
NL(3,1) = 36, AG*'s used 35
NL(3,2) = 69, AG*'s used 38
Max in loop 69, 0.4954691402069211
Sample size to show min tv of 0.24773457010346056 is 21
AUD TV 0.44546914020692113, ss 46
AG*(3,5) = 29
AG*(3,0) = 34
AG*(3,1) = 37
AG*(3,2) = 151
NL(3,5) = 29, AG*'s used 0
NL(3,0) = 34, AG*'s used 29
NL(3,1) = 35, AG*'s used 34
NL(3,2) = 63, AG*'s used 37
Max in loop 63, 0.44546914020692113
AUD TV 0.4954691402069211, ss 20
AG*(3,5) = 29
AG*(3,0) = 35
AG*(3,1) = 38
AG*(3,2) = 167
NL(3,5) = 29, AG*'s used 0
NL(3,0) = 34, AG*'s used 29
NL(3,1) = 36, AG*'s used 35
NL(3,2) = 65, AG*'s used 38
Max in loop 65, 0.4954691402069211
Sample size to show min tv of 0.29773457010346055 is 29
AUD TV 0.44546914020692113, ss 46
AG*(3,5) = 29
AG*(3,0) = 34
AG*(3,1) = 37
AG*(3,2) = 143
NL(3,5) = 29, AG*'s used 0
NL(3,0) = 33, AG*'s used 29
NL(3,1) = 35, AG*'s used 34
NL(3,2) = 60, AG*'s used 37
Max in loop 60, 0.44546914020692113
AUD TV 0.4954691402069211, ss 20
AG*(3,5) = 29
AG*(3,0) = 34
AG*(3,1) = 37
AG*(3,2) = 157
NL(3,5) = 29, AG*'s used 0
NL(3,0) = 34, AG*'s used 29
NL(3,1) = 35, AG*'s used 34
NL(3,2) = 62, AG*'s used 37
Max in loop 62, 0.4954691402069211
Sample size required for audit is 60 ballots
------------------------------------------------
Assertion set BEFORE filtering:
(3, 'AG*', 5, 29)
(4, 'QT', None, 10)
(3, 'AG*', 0, 34)
(3, 'NL', 5, 29)
(3, 'NL', 2, 60)
(3, 'AG*', 1, 37)
(4, 'MT', 0.44546914020692113, 46)
(4, 'LT', 0.29773457010346055, 29)
(3, 'NL', 1, 35)
(3, 'NL', 0, 33)
------------------------------------------------
Final set of assertions AFTER filtering:
(3, 'AG*', 5, 29)
(4, 'QT', None, 10)
(3, 'AG*', 0, 34)
(3, 'NL', 2, 60)
(3, 'AG*', 1, 37)
(4, 'MT', 0.44546914020692113, 46)
(4, 'LT', 0.29773457010346055, 29)
------------------------------------------------
Explanations for AG* inclusion:
   Explanation for (3, 'AG*', 5, 29): []
   Explanation for (3, 'AG*', 0, 34): []
   Explanation for (3, 'AG*', 1, 37): []
------------------------------------------------
