VALID BALLOTS 49228
16 ballot checks required to assert that first winner has a quota's worth of votes
AUD TV 0.33720354443575706, ss 65
AG*(2,1) = 48
AG*(2,3) = 84
AG*(2,4) = 33
AG*(2,5) = 22
AG*(2,6) = 36
AG*(0,1) = 12
AG*(0,2) = 30
AG*(0,3) = 14
AG*(0,4) = 11
AG*(0,5) = 11
AG*(0,6) = 11
AG*(2,1) = 48
AG*(2,3) = 84
AG*(2,4) = 33
AG*(2,5) = 22
AG*(2,6) = 36
AG*(3,1) = 4176
AG*(3,4) = 147
AG*(3,5) = 122
AG*(3,6) = 225
NL(2,4) = 30, AG*'s used 22
NL(2,5) = 22, AG*'s used 0
NL(2,6) = 32, AG*'s used 22
NL(2,1) = 40, AG*'s used 36
NL(2,3) = 58, AG*'s used 48
Max in loop 65, 0.33720354443575706
AUD TV 0.38720354443575705, ss 30
AG*(2,1) = 53
AG*(2,3) = 105
AG*(2,4) = 34
AG*(2,5) = 22
AG*(2,6) = 38
AG*(0,1) = 12
AG*(0,2) = 30
AG*(0,3) = 14
AG*(0,4) = 11
AG*(0,5) = 11
AG*(0,6) = 11
AG*(2,1) = 53
AG*(2,3) = 105
AG*(2,4) = 34
AG*(2,5) = 22
AG*(2,6) = 38
AG*(3,4) = 155
AG*(3,5) = 125
AG*(3,6) = 309
NL(2,4) = 31, AG*'s used 22
NL(2,5) = 22, AG*'s used 0
NL(2,6) = 33, AG*'s used 34
NL(2,1) = 43, AG*'s used 38
NL(2,3) = 68, AG*'s used 53
Max in loop 68, 0.38720354443575705
Sample size required for audit is 65 ballots
------------------------------------------------
Assertion set BEFORE filtering:
(2, 'AG*', 1, 48)
(0, 'QT', None, 16)
(0, 'MT', 0.33720354443575706, 65)
(2, 'NL', 1, 40)
(2, 'NL', 4, 30)
(2, 'AG*', 5, 22)
(2, 'NL', 5, 22)
(2, 'NL', 3, 58)
(2, 'AG*', 6, 36)
(2, 'AG*', 4, 33)
(2, 'NL', 6, 32)
------------------------------------------------
Final set of assertions AFTER filtering:
(2, 'AG*', 1, 48)
(0, 'QT', None, 16)
(0, 'MT', 0.33720354443575706, 65)
(2, 'AG*', 5, 22)
(2, 'NL', 3, 58)
(2, 'AG*', 6, 36)
(2, 'AG*', 4, 33)
------------------------------------------------
Explanations for AG* inclusion:
   Explanation for (2, 'AG*', 1, 48): []
   Explanation for (2, 'AG*', 5, 22): []
   Explanation for (2, 'AG*', 6, 36): []
   Explanation for (2, 'AG*', 4, 33): []
------------------------------------------------
