VALID BALLOTS 49228
16 ballot checks required to assert that first winner has a quota's worth of votes
AUD TV 0.33720354443575706, ss 65
AG*(2,1) = 48
AG*(2,3) = 84
AG*(2,4) = 33
AG*(2,5) = 22
AG*(2,6) = 36
AG*(0,1) = 12
AG*(0,2) = 30
AG*(0,3) = 14
AG*(0,4) = 11
AG*(0,5) = 11
AG*(0,6) = 11
AG*(2,1) = 48
AG*(2,3) = 84
AG*(2,4) = 33
AG*(2,5) = 22
AG*(2,6) = 36
AG*(3,1) = 4176
AG*(3,4) = 147
AG*(3,5) = 122
AG*(3,6) = 225
NL(2,4) = 30, AG*'s used 22
NL(2,5) = 22, AG*'s used 0
NL(2,6) = 32, AG*'s used 22
NL(2,1) = 40, AG*'s used 36
NL(2,3) = 58, AG*'s used 48
Max in loop 65, 0.33720354443575706
AUD TV 0.38720354443575705, ss 30
AG*(2,1) = 53
AG*(2,3) = 105
AG*(2,4) = 34
AG*(2,5) = 22
AG*(2,6) = 38
AG*(0,1) = 12
AG*(0,2) = 30
AG*(0,3) = 14
AG*(0,4) = 11
AG*(0,5) = 11
AG*(0,6) = 11
AG*(2,1) = 53
AG*(2,3) = 105
AG*(2,4) = 34
AG*(2,5) = 22
AG*(2,6) = 38
AG*(3,4) = 155
AG*(3,5) = 125
AG*(3,6) = 309
NL(2,4) = 31, AG*'s used 22
NL(2,5) = 22, AG*'s used 0
NL(2,6) = 33, AG*'s used 34
NL(2,1) = 43, AG*'s used 38
NL(2,3) = 68, AG*'s used 53
Max in loop 68, 0.38720354443575705
Breaking out of inner loop 68 > 65
Sample size to show min tv of 0.14360177221787854 is 29
AUD TV 0.33720354443575706, ss 65
AG*(2,1) = 46
AG*(2,3) = 80
AG*(2,4) = 32
AG*(2,5) = 22
AG*(2,6) = 35
AG*(0,1) = 12
AG*(0,2) = 30
AG*(0,3) = 14
AG*(0,4) = 11
AG*(0,5) = 11
AG*(0,6) = 11
AG*(2,1) = 46
AG*(2,3) = 80
AG*(2,4) = 32
AG*(2,5) = 22
AG*(2,6) = 35
AG*(3,1) = 304
AG*(3,4) = 99
AG*(3,5) = 87
AG*(3,6) = 129
NL(2,4) = 29, AG*'s used 22
NL(2,5) = 22, AG*'s used 0
NL(2,6) = 31, AG*'s used 22
NL(2,1) = 38, AG*'s used 35
NL(2,3) = 55, AG*'s used 46
Max in loop 65, 0.33720354443575706
AUD TV 0.38720354443575705, ss 30
AG*(2,1) = 51
AG*(2,3) = 100
AG*(2,4) = 34
AG*(2,5) = 22
AG*(2,6) = 37
AG*(0,1) = 12
AG*(0,2) = 30
AG*(0,3) = 14
AG*(0,4) = 11
AG*(0,5) = 11
AG*(0,6) = 11
AG*(2,1) = 51
AG*(2,3) = 100
AG*(2,4) = 34
AG*(2,5) = 22
AG*(2,6) = 37
AG*(3,1) = 626
AG*(3,4) = 102
AG*(3,5) = 88
AG*(3,6) = 153
NL(2,4) = 30, AG*'s used 22
NL(2,5) = 22, AG*'s used 0
NL(2,6) = 33, AG*'s used 22
NL(2,1) = 42, AG*'s used 37
NL(2,3) = 64, AG*'s used 51
Max in loop 64, 0.38720354443575705
AUD TV 0.43720354443575704, ss 18
AG*(2,1) = 57
AG*(2,3) = 132
AG*(2,4) = 35
AG*(2,5) = 22
AG*(2,6) = 40
AG*(0,1) = 12
AG*(0,2) = 30
AG*(0,3) = 14
AG*(0,4) = 11
AG*(0,5) = 11
AG*(0,6) = 11
AG*(2,1) = 57
AG*(2,3) = 132
AG*(2,4) = 35
AG*(2,5) = 22
AG*(2,6) = 40
AG*(3,1) = 2854
AG*(3,4) = 106
AG*(3,5) = 90
AG*(3,6) = 188
NL(2,4) = 31, AG*'s used 22
NL(2,5) = 22, AG*'s used 0
NL(2,6) = 35, AG*'s used 35
NL(2,1) = 46, AG*'s used 40
NL(2,3) = 75, AG*'s used 57
Max in loop 75, 0.43720354443575704
Breaking out of inner loop 75 > 64
New mintv = 0.19360177221787855
Sample size to show min tv of 0.19360177221787855 is 42
AUD TV 0.33720354443575706, ss 65
AG*(2,1) = 46
AG*(2,3) = 79
AG*(2,4) = 32
AG*(2,5) = 21
AG*(2,6) = 35
AG*(0,1) = 12
AG*(0,2) = 30
AG*(0,3) = 14
AG*(0,4) = 11
AG*(0,5) = 11
AG*(0,6) = 11
AG*(2,1) = 46
AG*(2,3) = 79
AG*(2,4) = 32
AG*(2,5) = 21
AG*(2,6) = 35
AG*(3,1) = 225
AG*(3,4) = 89
AG*(3,5) = 79
AG*(3,6) = 112
NL(2,4) = 29, AG*'s used 21
NL(2,5) = 21, AG*'s used 0
NL(2,6) = 31, AG*'s used 21
NL(2,1) = 38, AG*'s used 35
NL(2,3) = 54, AG*'s used 46
Max in loop 65, 0.33720354443575706
AUD TV 0.38720354443575705, ss 30
AG*(2,1) = 51
AG*(2,3) = 98
AG*(2,4) = 33
AG*(2,5) = 22
AG*(2,6) = 37
AG*(0,1) = 12
AG*(0,2) = 30
AG*(0,3) = 14
AG*(0,4) = 11
AG*(0,5) = 11
AG*(0,6) = 11
AG*(2,1) = 51
AG*(2,3) = 98
AG*(2,4) = 33
AG*(2,5) = 22
AG*(2,6) = 37
AG*(3,1) = 312
AG*(3,4) = 92
AG*(3,5) = 80
AG*(3,6) = 130
NL(2,4) = 30, AG*'s used 22
NL(2,5) = 22, AG*'s used 0
NL(2,6) = 32, AG*'s used 33
NL(2,1) = 41, AG*'s used 37
NL(2,3) = 62, AG*'s used 51
Max in loop 62, 0.38720354443575705
AUD TV 0.43720354443575704, ss 18
AG*(2,1) = 57
AG*(2,3) = 128
AG*(2,4) = 35
AG*(2,5) = 22
AG*(2,6) = 40
AG*(0,1) = 12
AG*(0,2) = 30
AG*(0,3) = 14
AG*(0,4) = 11
AG*(0,5) = 11
AG*(0,6) = 11
AG*(2,1) = 57
AG*(2,3) = 128
AG*(2,4) = 35
AG*(2,5) = 22
AG*(2,6) = 40
AG*(3,1) = 650
AG*(3,4) = 95
AG*(3,5) = 81
AG*(3,6) = 154
NL(2,4) = 31, AG*'s used 22
NL(2,5) = 22, AG*'s used 0
NL(2,6) = 34, AG*'s used 35
NL(2,1) = 45, AG*'s used 40
NL(2,3) = 73, AG*'s used 57
Max in loop 73, 0.43720354443575704
Breaking out of inner loop 73 > 62
New mintv = 0.24360177221787854
Sample size to show min tv of 0.24360177221787854 is 85
Sample size required for audit is 62 ballots
------------------------------------------------
Assertion set BEFORE filtering:
(2, 'AG*', 1, 51)
(0, 'LT', None, (0.19360177221787855, 42))
(2, 'NL', 1, 41)
(2, 'NL', 5, 22)
(2, 'NL', 4, 30)
(2, 'AG*', 6, 37)
(2, 'NL', 3, 62)
(2, 'AG*', 4, 33)
(0, 'QT', None, 16)
(2, 'NL', 6, 33)
(0, 'MT', None, (0.38720354443575705, 30))
(2, 'AG*', 5, 22)
------------------------------------------------
Final set of assertions AFTER filtering:
(2, 'AG*', 1, 51)
(0, 'LT', None, (0.19360177221787855, 42))
(2, 'AG*', 6, 37)
(2, 'NL', 3, 62)
(2, 'AG*', 4, 33)
(0, 'QT', None, 16)
(0, 'MT', None, (0.38720354443575705, 30))
(2, 'AG*', 5, 22)
------------------------------------------------
Explanations for AG* inclusion:
   Explanation for (2, 'AG*', 1, 51): []
   Explanation for (2, 'AG*', 6, 37): []
   Explanation for (2, 'AG*', 4, 33): []
   Explanation for (2, 'AG*', 5, 22): []
------------------------------------------------
