VALID BALLOTS 49228
16 ballot checks required to assert that first winner has a quota's worth of votes
AG(0,1) = 12
AG(0,2) = 30
AG(0,3) = 14
AG(0,4) = 11
AG(0,5) = 11
AG(0,6) = 11
AG(2,4) = 64
AG(2,5) = 26
AG(2,6) = 489
AG(3,4) = 580
AG(3,5) = 175
AUD TV 0.33720354443575706, ss 65
NL(2,4) = 30, AG's used 26
NL(2,5) = 22, AG's used 0
NL(2,6) = 32, AG's used 26
NL(2,1) = 41, AG's used 26
NL(2,3) = 63, AG's used 64
Max in loop 65, 0.33720354443575706
AUD TV 0.38720354443575705, ss 30
NL(2,4) = 31, AG's used 26
NL(2,5) = 22, AG's used 0
NL(2,6) = 34, AG's used 26
NL(2,1) = 45, AG's used 26
NL(2,3) = 75, AG's used 64
Max in loop 75, 0.38720354443575705
Sample size required for audit is 65 ballots
------------------------------------------------
Assertion set BEFORE filtering:
(0, 'MT', 0.33720354443575706, 65)
(2, 'NL', 5, 22)
(2, 'NL', 6, 32)
(2, 'NL', 1, 41)
(2, 'AG', 5, 26)
(2, 'NL', 4, 30)
(0, 'QT', None, 16)
(2, 'NL', 3, 63)
(2, 'AG', 4, 64)
------------------------------------------------
Final set of assertions AFTER filtering:
(0, 'MT', 0.33720354443575706, 65)
(2, 'NL', 6, 32)
(2, 'NL', 1, 41)
(2, 'AG', 5, 26)
(0, 'QT', None, 16)
(2, 'NL', 3, 63)
(2, 'AG', 4, 64)
------------------------------------------------
