VALID BALLOTS 45526
11 ballot checks required to assert that first winner has a quota's worth of votes
AUD TV 0.42996404641281255, ss 48
AG*(2,0) = 32
AG*(2,1) = 31
AG*(2,3) = 33
AG*(2,4) = 39
AG*(2,5) = 36
AG*(2,0) = 32
AG*(2,1) = 31
AG*(2,3) = 33
AG*(2,4) = 39
AG*(2,5) = 36
AG*(6,0) = 9
AG*(6,1) = 9
AG*(6,2) = 18
AG*(6,3) = 9
AG*(6,4) = 10
AG*(6,5) = 10
NL(2,0) = 29, AG*'s used 31
NL(2,1) = 31, AG*'s used 0
NL(2,3) = 31, AG*'s used 31
NL(2,5) = 32, AG*'s used 32
NL(2,4) = 34, AG*'s used 33
Max in loop 48, 0.42996404641281255
AUD TV 0.47996404641281254, ss 22
AG*(2,0) = 34
AG*(2,1) = 33
AG*(2,3) = 35
AG*(2,4) = 42
AG*(2,5) = 38
AG*(2,0) = 34
AG*(2,1) = 33
AG*(2,3) = 35
AG*(2,4) = 42
AG*(2,5) = 38
AG*(6,0) = 9
AG*(6,1) = 9
AG*(6,2) = 18
AG*(6,3) = 9
AG*(6,4) = 10
AG*(6,5) = 10
NL(2,0) = 31, AG*'s used 33
NL(2,1) = 33, AG*'s used 0
NL(2,3) = 32, AG*'s used 33
NL(2,5) = 34, AG*'s used 34
NL(2,4) = 36, AG*'s used 35
Max in loop 36, 0.47996404641281254
AUD TV 0.5299640464128126, ss 13
AG*(2,0) = 35
AG*(2,1) = 34
AG*(2,3) = 37
AG*(2,4) = 45
AG*(2,5) = 40
AG*(2,0) = 35
AG*(2,1) = 34
AG*(2,3) = 37
AG*(2,4) = 45
AG*(2,5) = 40
AG*(6,0) = 9
AG*(6,1) = 9
AG*(6,2) = 18
AG*(6,3) = 9
AG*(6,4) = 10
AG*(6,5) = 10
NL(2,0) = 32, AG*'s used 34
NL(2,1) = 34, AG*'s used 0
NL(2,3) = 34, AG*'s used 34
NL(2,5) = 36, AG*'s used 35
NL(2,4) = 39, AG*'s used 37
Max in loop 39, 0.5299640464128126
Breaking out of inner loop 39 > 36
Sample size to show min tv of 0.18998202320640628 is 18
AUD TV 0.42996404641281255, ss 48
AG*(2,0) = 31
AG*(2,1) = 30
AG*(2,3) = 32
AG*(2,4) = 37
AG*(2,5) = 34
AG*(2,0) = 31
AG*(2,1) = 30
AG*(2,3) = 32
AG*(2,4) = 37
AG*(2,5) = 34
AG*(6,0) = 9
AG*(6,1) = 9
AG*(6,2) = 18
AG*(6,3) = 9
AG*(6,4) = 10
AG*(6,5) = 10
NL(2,0) = 28, AG*'s used 30
NL(2,1) = 30, AG*'s used 0
NL(2,3) = 30, AG*'s used 30
NL(2,5) = 31, AG*'s used 31
NL(2,4) = 32, AG*'s used 32
Max in loop 48, 0.42996404641281255
AUD TV 0.47996404641281254, ss 22
AG*(2,0) = 32
AG*(2,1) = 32
AG*(2,3) = 34
AG*(2,4) = 40
AG*(2,5) = 36
AG*(2,0) = 32
AG*(2,1) = 32
AG*(2,3) = 34
AG*(2,4) = 40
AG*(2,5) = 36
AG*(6,0) = 9
AG*(6,1) = 9
AG*(6,2) = 18
AG*(6,3) = 9
AG*(6,4) = 10
AG*(6,5) = 10
NL(2,0) = 30, AG*'s used 32
NL(2,1) = 31, AG*'s used 32
NL(2,3) = 30, AG*'s used 32
NL(2,5) = 32, AG*'s used 32
NL(2,4) = 34, AG*'s used 34
Max in loop 34, 0.47996404641281254
AUD TV 0.5299640464128126, ss 13
AG*(2,0) = 34
AG*(2,1) = 33
AG*(2,3) = 36
AG*(2,4) = 43
AG*(2,5) = 39
AG*(2,0) = 34
AG*(2,1) = 33
AG*(2,3) = 36
AG*(2,4) = 43
AG*(2,5) = 39
AG*(6,0) = 9
AG*(6,1) = 9
AG*(6,2) = 18
AG*(6,3) = 9
AG*(6,4) = 10
AG*(6,5) = 10
NL(2,0) = 31, AG*'s used 33
NL(2,1) = 33, AG*'s used 0
NL(2,3) = 33, AG*'s used 33
NL(2,5) = 34, AG*'s used 34
NL(2,4) = 37, AG*'s used 36
Max in loop 37, 0.5299640464128126
Breaking out of inner loop 37 > 34
New mintv = 0.23998202320640627
Sample size to show min tv of 0.23998202320640627 is 23
AUD TV 0.42996404641281255, ss 48
AG*(2,0) = 30
AG*(2,1) = 30
AG*(2,3) = 32
AG*(2,4) = 37
AG*(2,5) = 34
AG*(2,0) = 30
AG*(2,1) = 30
AG*(2,3) = 32
AG*(2,4) = 37
AG*(2,5) = 34
AG*(6,0) = 9
AG*(6,1) = 9
AG*(6,2) = 18
AG*(6,3) = 9
AG*(6,4) = 10
AG*(6,5) = 10
NL(2,0) = 28, AG*'s used 30
NL(2,1) = 30, AG*'s used 30
NL(2,3) = 29, AG*'s used 30
NL(2,5) = 30, AG*'s used 30
NL(2,4) = 32, AG*'s used 32
Max in loop 48, 0.42996404641281255
AUD TV 0.47996404641281254, ss 22
AG*(2,0) = 32
AG*(2,1) = 31
AG*(2,3) = 34
AG*(2,4) = 39
AG*(2,5) = 36
AG*(2,0) = 32
AG*(2,1) = 31
AG*(2,3) = 34
AG*(2,4) = 39
AG*(2,5) = 36
AG*(6,0) = 9
AG*(6,1) = 9
AG*(6,2) = 18
AG*(6,3) = 9
AG*(6,4) = 10
AG*(6,5) = 10
NL(2,0) = 29, AG*'s used 31
NL(2,1) = 31, AG*'s used 0
NL(2,3) = 31, AG*'s used 31
NL(2,5) = 32, AG*'s used 32
NL(2,4) = 34, AG*'s used 34
Max in loop 34, 0.47996404641281254
AUD TV 0.5299640464128126, ss 13
AG*(2,0) = 34
AG*(2,1) = 33
AG*(2,3) = 35
AG*(2,4) = 42
AG*(2,5) = 38
AG*(2,0) = 34
AG*(2,1) = 33
AG*(2,3) = 35
AG*(2,4) = 42
AG*(2,5) = 38
AG*(6,0) = 9
AG*(6,1) = 9
AG*(6,2) = 18
AG*(6,3) = 9
AG*(6,4) = 10
AG*(6,5) = 10
NL(2,0) = 31, AG*'s used 33
NL(2,1) = 33, AG*'s used 0
NL(2,3) = 32, AG*'s used 33
NL(2,5) = 34, AG*'s used 34
NL(2,4) = 36, AG*'s used 35
Max in loop 36, 0.5299640464128126
Breaking out of inner loop 36 > 34
New mintv = 0.28998202320640626
Sample size to show min tv of 0.28998202320640626 is 33
AUD TV 0.42996404641281255, ss 48
AG*(2,0) = 30
AG*(2,1) = 30
AG*(2,3) = 32
AG*(2,4) = 37
AG*(2,5) = 34
AG*(2,0) = 30
AG*(2,1) = 30
AG*(2,3) = 32
AG*(2,4) = 37
AG*(2,5) = 34
AG*(6,0) = 9
AG*(6,1) = 9
AG*(6,2) = 18
AG*(6,3) = 9
AG*(6,4) = 10
AG*(6,5) = 10
NL(2,0) = 28, AG*'s used 30
NL(2,1) = 29, AG*'s used 30
NL(2,3) = 28, AG*'s used 30
NL(2,5) = 30, AG*'s used 30
NL(2,4) = 32, AG*'s used 32
Max in loop 48, 0.42996404641281255
AUD TV 0.47996404641281254, ss 22
AG*(2,0) = 32
AG*(2,1) = 31
AG*(2,3) = 33
AG*(2,4) = 39
AG*(2,5) = 36
AG*(2,0) = 32
AG*(2,1) = 31
AG*(2,3) = 33
AG*(2,4) = 39
AG*(2,5) = 36
AG*(6,0) = 9
AG*(6,1) = 9
AG*(6,2) = 18
AG*(6,3) = 9
AG*(6,4) = 10
AG*(6,5) = 10
NL(2,0) = 29, AG*'s used 31
NL(2,1) = 31, AG*'s used 0
NL(2,3) = 30, AG*'s used 31
NL(2,5) = 32, AG*'s used 32
NL(2,4) = 34, AG*'s used 33
Max in loop 34, 0.47996404641281254
AUD TV 0.5299640464128126, ss 13
AG*(2,0) = 33
AG*(2,1) = 33
AG*(2,3) = 35
AG*(2,4) = 42
AG*(2,5) = 38
AG*(2,0) = 33
AG*(2,1) = 33
AG*(2,3) = 35
AG*(2,4) = 42
AG*(2,5) = 38
AG*(6,0) = 9
AG*(6,1) = 9
AG*(6,2) = 18
AG*(6,3) = 9
AG*(6,4) = 10
AG*(6,5) = 10
NL(2,0) = 31, AG*'s used 33
NL(2,1) = 32, AG*'s used 33
NL(2,3) = 31, AG*'s used 33
NL(2,5) = 33, AG*'s used 33
NL(2,4) = 36, AG*'s used 35
Max in loop 36, 0.5299640464128126
Breaking out of inner loop 36 > 34
New mintv = 0.33998202320640625
Sample size to show min tv of 0.33998202320640625 is 70
Sample size required for audit is 34 ballots
------------------------------------------------
Assertion set BEFORE filtering:
(6, 'LT', None, (0.28998202320640626, 33))
(2, 'AG*', 3, 33)
(2, 'AG*', 0, 32)
(2, 'NL', 1, 31)
(2, 'NL', 0, 31)
(2, 'NL', 3, 31)
(2, 'NL', 4, 34)
(2, 'AG*', 1, 31)
(6, 'QT', None, 11)
(6, 'MT', None, (0.47996404641281254, 22))
(2, 'NL', 5, 32)
------------------------------------------------
Final set of assertions AFTER filtering:
(6, 'LT', None, (0.28998202320640626, 33))
(2, 'AG*', 3, 33)
(2, 'AG*', 0, 32)
(2, 'NL', 4, 34)
(2, 'AG*', 1, 31)
(6, 'QT', None, 11)
(6, 'MT', None, (0.47996404641281254, 22))
(2, 'NL', 5, 32)
------------------------------------------------
Explanations for AG* inclusion:
   Explanation for (2, 'AG*', 3, 33): []
   Explanation for (2, 'AG*', 0, 32): []
   Explanation for (2, 'AG*', 1, 31): []
------------------------------------------------
