VALID BALLOTS 45526
11 ballot checks required to assert that first winner has a quota's worth of votes
AUD TV 0.42996404641281255, ss 48
AG*(2,0) = 32
AG*(2,1) = 31
AG*(2,3) = 33
AG*(2,4) = 39
AG*(2,5) = 36
AG*(2,0) = 32
AG*(2,1) = 31
AG*(2,3) = 33
AG*(2,4) = 39
AG*(2,5) = 36
AG*(6,0) = 9
AG*(6,1) = 9
AG*(6,2) = 18
AG*(6,3) = 9
AG*(6,4) = 10
AG*(6,5) = 10
NL(2,0) = 29, AG*'s used 31
NL(2,1) = 31, AG*'s used 0
NL(2,3) = 31, AG*'s used 31
NL(2,5) = 32, AG*'s used 32
NL(2,4) = 34, AG*'s used 33
Max in loop 48, 0.42996404641281255
AUD TV 0.47996404641281254, ss 22
AG*(2,0) = 34
AG*(2,1) = 33
AG*(2,3) = 35
AG*(2,4) = 42
AG*(2,5) = 38
AG*(2,0) = 34
AG*(2,1) = 33
AG*(2,3) = 35
AG*(2,4) = 42
AG*(2,5) = 38
AG*(6,0) = 9
AG*(6,1) = 9
AG*(6,2) = 18
AG*(6,3) = 9
AG*(6,4) = 10
AG*(6,5) = 10
NL(2,0) = 31, AG*'s used 33
NL(2,1) = 33, AG*'s used 0
NL(2,3) = 32, AG*'s used 33
NL(2,5) = 34, AG*'s used 34
NL(2,4) = 36, AG*'s used 35
Max in loop 36, 0.47996404641281254
AUD TV 0.5299640464128126, ss 13
AG*(2,0) = 35
AG*(2,1) = 34
AG*(2,3) = 37
AG*(2,4) = 45
AG*(2,5) = 40
AG*(2,0) = 35
AG*(2,1) = 34
AG*(2,3) = 37
AG*(2,4) = 45
AG*(2,5) = 40
AG*(6,0) = 9
AG*(6,1) = 9
AG*(6,2) = 18
AG*(6,3) = 9
AG*(6,4) = 10
AG*(6,5) = 10
NL(2,0) = 32, AG*'s used 34
NL(2,1) = 34, AG*'s used 0
NL(2,3) = 34, AG*'s used 34
NL(2,5) = 36, AG*'s used 35
NL(2,4) = 39, AG*'s used 37
Max in loop 39, 0.5299640464128126
Sample size required for audit is 36 ballots
------------------------------------------------
Assertion set BEFORE filtering:
(2, 'AG*', 1, 33)
(2, 'NL', 5, 34)
(2, 'AG*', 3, 35)
(2, 'AG*', 0, 34)
(2, 'NL', 4, 36)
(2, 'NL', 1, 33)
(6, 'MT', 0.47996404641281254, 22)
(2, 'NL', 3, 32)
(6, 'QT', None, 11)
(2, 'NL', 0, 31)
------------------------------------------------
Final set of assertions AFTER filtering:
(2, 'AG*', 1, 33)
(2, 'NL', 5, 34)
(2, 'AG*', 3, 35)
(2, 'AG*', 0, 34)
(2, 'NL', 4, 36)
(6, 'MT', 0.47996404641281254, 22)
(6, 'QT', None, 11)
------------------------------------------------
Explanations for AG* inclusion:
   Explanation for (2, 'AG*', 1, 33): []
   Explanation for (2, 'AG*', 3, 35): []
   Explanation for (2, 'AG*', 0, 34): []
------------------------------------------------
