VALID BALLOTS 48756
13 ballot checks required to assert that first winner has a quota's worth of votes
AG(0,1) = 13
AG(0,2) = 11
AG(0,3) = 27
AG(3,2) = 39
AUD TV 0.3912904271703007, ss 55
NL(3,2) = 23, AG's used 0
NL(3,1) = 36, AG's used 39
Max in loop 55, 0.3912904271703007
AUD TV 0.4412904271703007, ss 25
NL(3,2) = 23, AG's used 0
NL(3,1) = 39, AG's used 39
Max in loop 39, 0.4412904271703007
AUD TV 0.4912904271703007, ss 15
NL(3,2) = 24, AG's used 0
NL(3,1) = 43, AG's used 39
Max in loop 43, 0.4912904271703007
Sample size required for audit is 39 ballots
------------------------------------------------
Assertion set BEFORE filtering:
(0, 'QT', None, 13)
(3, 'NL', 1, 39)
(3, 'NL', 2, 23)
(0, 'MT', 0.4412904271703007, 25)
(3, 'AG', 2, 39)
------------------------------------------------
Final set of assertions AFTER filtering:
(0, 'QT', None, 13)
(3, 'NL', 1, 39)
(0, 'MT', 0.4412904271703007, 25)
(3, 'AG', 2, 39)
------------------------------------------------
