VALID BALLOTS 48756
13 ballot checks required to assert that first winner has a quota's worth of votes
AUD TV 0.3912904271703007, ss 55
AG*(3,1) = 41
AG*(3,2) = 23
AG*(0,1) = 13
AG*(0,2) = 11
AG*(0,3) = 27
AG*(1,2) = 637
AG*(3,1) = 41
AG*(3,2) = 23
NL(3,2) = 23, AG*'s used 0
NL(3,1) = 36, AG*'s used 23
Max in loop 55, 0.3912904271703007
AUD TV 0.4412904271703007, ss 25
AG*(3,1) = 45
AG*(3,2) = 23
AG*(0,1) = 13
AG*(0,2) = 11
AG*(0,3) = 27
AG*(1,2) = 979
AG*(3,1) = 45
AG*(3,2) = 23
NL(3,2) = 23, AG*'s used 0
NL(3,1) = 39, AG*'s used 23
Max in loop 39, 0.4412904271703007
AUD TV 0.4912904271703007, ss 15
AG*(3,1) = 50
AG*(3,2) = 24
AG*(0,1) = 13
AG*(0,2) = 11
AG*(0,3) = 27
AG*(1,2) = 1553
AG*(3,1) = 50
AG*(3,2) = 24
NL(3,2) = 24, AG*'s used 0
NL(3,1) = 43, AG*'s used 24
Max in loop 43, 0.4912904271703007
Breaking out of inner loop 43 > 39
Sample size to show min tv of 0.17064521358515036 is 21
AUD TV 0.3912904271703007, ss 55
AG*(3,1) = 39
AG*(3,2) = 22
AG*(0,1) = 13
AG*(0,2) = 11
AG*(0,3) = 27
AG*(1,2) = 118
AG*(3,1) = 39
AG*(3,2) = 22
NL(3,2) = 22, AG*'s used 0
NL(3,1) = 34, AG*'s used 22
Max in loop 55, 0.3912904271703007
AUD TV 0.4412904271703007, ss 25
AG*(3,1) = 42
AG*(3,2) = 23
AG*(0,1) = 13
AG*(0,2) = 11
AG*(0,3) = 27
AG*(1,2) = 124
AG*(3,1) = 42
AG*(3,2) = 23
NL(3,2) = 23, AG*'s used 0
NL(3,1) = 37, AG*'s used 23
Max in loop 37, 0.4412904271703007
AUD TV 0.4912904271703007, ss 15
AG*(3,1) = 47
AG*(3,2) = 23
AG*(0,1) = 13
AG*(0,2) = 11
AG*(0,3) = 27
AG*(1,2) = 131
AG*(3,1) = 47
AG*(3,2) = 23
NL(3,2) = 23, AG*'s used 0
NL(3,1) = 40, AG*'s used 23
Max in loop 40, 0.4912904271703007
Breaking out of inner loop 40 > 37
New mintv = 0.22064521358515038
Sample size to show min tv of 0.22064521358515038 is 29
AUD TV 0.3912904271703007, ss 55
AG*(3,1) = 38
AG*(3,2) = 22
AG*(0,1) = 13
AG*(0,2) = 11
AG*(0,3) = 27
AG*(1,2) = 97
AG*(3,1) = 38
AG*(3,2) = 22
NL(3,2) = 22, AG*'s used 0
NL(3,1) = 33, AG*'s used 22
Max in loop 55, 0.3912904271703007
AUD TV 0.4412904271703007, ss 25
AG*(3,1) = 42
AG*(3,2) = 22
AG*(0,1) = 13
AG*(0,2) = 11
AG*(0,3) = 27
AG*(1,2) = 101
AG*(3,1) = 42
AG*(3,2) = 22
NL(3,2) = 22, AG*'s used 0
NL(3,1) = 36, AG*'s used 22
Max in loop 36, 0.4412904271703007
AUD TV 0.4912904271703007, ss 15
AG*(3,1) = 46
AG*(3,2) = 23
AG*(0,1) = 13
AG*(0,2) = 11
AG*(0,3) = 27
AG*(1,2) = 105
AG*(3,1) = 46
AG*(3,2) = 23
NL(3,2) = 23, AG*'s used 0
NL(3,1) = 39, AG*'s used 23
Max in loop 39, 0.4912904271703007
Breaking out of inner loop 39 > 36
New mintv = 0.27064521358515037
Sample size to show min tv of 0.27064521358515037 is 46
Sample size required for audit is 36 ballots
------------------------------------------------
Assertion set BEFORE filtering:
(0, 'LT', 0.22064521358515038, 29)
(3, 'NL', 1, 36)
(0, 'QT', None, 13)
(0, 'MT', 0.4412904271703007, 25)
(3, 'AG*', 2, 22)
(3, 'NL', 2, 22)
------------------------------------------------
Final set of assertions AFTER filtering:
(0, 'LT', 0.22064521358515038, 29)
(3, 'NL', 1, 36)
(0, 'QT', None, 13)
(0, 'MT', 0.4412904271703007, 25)
(3, 'AG*', 2, 22)
------------------------------------------------
Explanations for AG* inclusion:
   Explanation for (3, 'AG*', 2, 22): []
------------------------------------------------
