VALID BALLOTS 52571
6 ballot checks required to assert that first winner has a quota's worth of votes
AUD TV 0.5638569090354261, ss 29
AG*(0,1) = 54
AG*(0,2) = 39
AG*(0,1) = 54
AG*(0,2) = 39
AG*(3,0) = 10
AG*(3,1) = 8
AG*(3,2) = 7
NL(0,2) = 39, AG*'s used 0
NL(0,1) = 52, AG*'s used 39
Max in loop 52, 0.5638569090354261
AUD TV 0.6138569090354261, ss 12
AG*(0,1) = 56
AG*(0,2) = 40
AG*(0,1) = 56
AG*(0,2) = 40
AG*(3,0) = 10
AG*(3,1) = 8
AG*(3,2) = 7
NL(0,2) = 40, AG*'s used 0
NL(0,1) = 53, AG*'s used 40
Max in loop 53, 0.6138569090354261
Sample size required for audit is 52 ballots
------------------------------------------------
Assertion set BEFORE filtering:
(3, 'QT', None, 6)
(3, 'MT', 0.5638569090354261, 29)
(0, 'NL', 2, 39)
(0, 'AG*', 2, 39)
(0, 'NL', 1, 52)
------------------------------------------------
Final set of assertions AFTER filtering:
(3, 'QT', None, 6)
(3, 'MT', 0.5638569090354261, 29)
(0, 'AG*', 2, 39)
(0, 'NL', 1, 52)
------------------------------------------------
Explanations for AG* inclusion:
   Explanation for (0, 'AG*', 2, 39): []
------------------------------------------------
