VALID BALLOTS 49355
17 ballot checks required to assert that first winner has a quota's worth of votes
AUD TV 0.3336054866100588, ss 65
AG*(2,1) = 53
AG*(2,5) = 31
AG*(2,4) = 62
AG*(0,5) = 66
AG*(0,4) = 2312
AG*(2,1) = 53
AG*(2,5) = 31
AG*(2,4) = 62
AG*(3,0) = 23
AG*(3,1) = 17
AG*(3,2) = 26
AG*(3,5) = 13
AG*(3,4) = 17
NL(2,5) = 31, AG*'s used 0
NL(2,4) = 47, AG*'s used 53
NL(2,1) = 52, AG*'s used 31
NL(2,0) = 99, AG*'s used 62
Max in loop 99, 0.3336054866100588
AUD TV 0.3836054866100588, ss 30
AG*(2,1) = 54
AG*(2,5) = 31
AG*(2,4) = 65
AG*(0,5) = 67
AG*(0,4) = 49355
AG*(2,1) = 54
AG*(2,5) = 31
AG*(2,4) = 65
AG*(3,0) = 23
AG*(3,1) = 17
AG*(3,2) = 26
AG*(3,5) = 13
AG*(3,4) = 17
NL(2,5) = 31, AG*'s used 0
NL(2,4) = 49, AG*'s used 54
NL(2,1) = 53, AG*'s used 31
NL(2,0) = 107, AG*'s used 65
Max in loop 107, 0.3836054866100588
Sample size required for audit is 99 ballots
------------------------------------------------
Assertion set BEFORE filtering:
(2, 'NL', 0, 99)
(3, 'QT', None, 17)
(2, 'NL', 5, 31)
(2, 'AG*', 5, 31)
(2, 'AG*', 1, 53)
(2, 'AG*', 4, 62)
(2, 'NL', 4, 47)
(2, 'NL', 1, 52)
(3, 'MT', 0.3336054866100588, 65)
------------------------------------------------
Final set of assertions AFTER filtering:
(2, 'NL', 0, 99)
(3, 'QT', None, 17)
(2, 'AG*', 5, 31)
(2, 'AG*', 1, 53)
(2, 'AG*', 4, 62)
(3, 'MT', 0.3336054866100588, 65)
------------------------------------------------
Explanations for AG* inclusion:
   Explanation for (2, 'AG*', 5, 31): []
   Explanation for (2, 'AG*', 1, 53): []
   Explanation for (2, 'AG*', 4, 62): []
------------------------------------------------
