VALID BALLOTS 47333
24 ballot checks required to assert that first winner has a quota's worth of votes
AUD TV 0.2715314781922242, ss 78
AG*(7,0) = 69
AG*(7,1) = 65
AG*(7,3) = 41
AG*(7,4) = 42
AG*(7,5) = 41
AG*(2,0) = 91
AG*(2,1) = 64
AG*(2,3) = 56
AG*(2,4) = 47
AG*(2,5) = 45
AG*(6,0) = 24
AG*(6,1) = 18
AG*(6,2) = 39
AG*(6,3) = 20
AG*(6,4) = 17
AG*(6,5) = 16
AG*(6,7) = 39
AG*(7,0) = 69
AG*(7,1) = 65
AG*(7,3) = 41
AG*(7,4) = 42
AG*(7,5) = 41
NL(7,3) = 41, AG*'s used 41
NL(7,4) = 39, AG*'s used 41
NL(7,5) = 40, AG*'s used 41
NL(7,0) = 58, AG*'s used 42
NL(7,1) = 55, AG*'s used 42
NL(7,2) = 47333, AG*'s used 69
Max in loop 47333, 0.2715314781922242
AUD TV 0.32153147819222416, ss 36
AG*(7,0) = 70
AG*(7,1) = 67
AG*(7,3) = 42
AG*(7,4) = 42
AG*(7,5) = 42
AG*(2,0) = 93
AG*(2,1) = 66
AG*(2,3) = 58
AG*(2,4) = 48
AG*(2,5) = 46
AG*(6,0) = 24
AG*(6,1) = 18
AG*(6,2) = 39
AG*(6,3) = 20
AG*(6,4) = 17
AG*(6,5) = 16
AG*(6,7) = 39
AG*(7,0) = 70
AG*(7,1) = 67
AG*(7,3) = 42
AG*(7,4) = 42
AG*(7,5) = 42
NL(7,3) = 39, AG*'s used 42
NL(7,4) = 40, AG*'s used 42
NL(7,5) = 39, AG*'s used 42
NL(7,0) = 58, AG*'s used 42
NL(7,1) = 56, AG*'s used 42
NL(7,2) = 1225, AG*'s used 70
Max in loop 1225, 0.32153147819222416
AUD TV 0.37153147819222415, ss 22
AG*(7,0) = 70
AG*(7,1) = 68
AG*(7,3) = 42
AG*(7,4) = 42
AG*(7,5) = 43
AG*(2,0) = 94
AG*(2,1) = 67
AG*(2,3) = 60
AG*(2,4) = 49
AG*(2,5) = 47
AG*(6,0) = 24
AG*(6,1) = 18
AG*(6,2) = 39
AG*(6,3) = 20
AG*(6,4) = 17
AG*(6,5) = 16
AG*(6,7) = 39
AG*(7,0) = 70
AG*(7,1) = 68
AG*(7,3) = 42
AG*(7,4) = 42
AG*(7,5) = 43
NL(7,3) = 41, AG*'s used 42
NL(7,4) = 41, AG*'s used 42
NL(7,5) = 39, AG*'s used 42
NL(7,0) = 59, AG*'s used 43
NL(7,1) = 57, AG*'s used 43
NL(7,2) NOT POSSIBLE
Max in loop inf, 0.37153147819222415
Sample size required for audit is 1225 ballots
------------------------------------------------
Assertion set BEFORE filtering:
(7, 'NL', 1, 56)
(6, 'MT', 0.32153147819222416, 36)
(7, 'NL', 0, 58)
(7, 'NL', 2, 1225)
(7, 'NL', 5, 39)
(7, 'NL', 3, 39)
(7, 'AG*', 1, 67)
(7, 'AG*', 0, 70)
(7, 'NL', 4, 40)
(7, 'AG*', 5, 42)
(6, 'QT', None, 24)
(7, 'AG*', 3, 42)
(7, 'AG*', 4, 42)
------------------------------------------------
Final set of assertions AFTER filtering:
(6, 'MT', 0.32153147819222416, 36)
(7, 'NL', 2, 1225)
(7, 'AG*', 1, 67)
(7, 'AG*', 0, 70)
(7, 'AG*', 5, 42)
(6, 'QT', None, 24)
(7, 'AG*', 3, 42)
(7, 'AG*', 4, 42)
------------------------------------------------
Explanations for AG* inclusion:
   Explanation for (7, 'AG*', 1, 67): []
   Explanation for (7, 'AG*', 0, 70): []
   Explanation for (7, 'AG*', 5, 42): []
   Explanation for (7, 'AG*', 3, 42): []
   Explanation for (7, 'AG*', 4, 42): []
------------------------------------------------
