VALID BALLOTS 46035
29 ballot checks required to assert that first winner has a quota's worth of votes
AG(2,0) = 27
AG(2,1) = 18
AG(2,3) = 20
AG(2,4) = 29
AG(2,6) = 111
AG(2,7) = 13
AG(4,7) = 2445
AG(5,0) = 17
AG(5,1) = 17
AG(5,3) = 16
AG(5,4) = 19
AG(5,6) = 34
AG(5,7) = 14
AG(6,0) = 60
AG(6,1) = 64
AG(6,3) = 60
AG(6,4) = 175
AG(6,7) = 43
AUD TV 0.23962876907641129, ss 85
NL(5,0) = 16, AG's used 16
NL(5,1) = 15, AG's used 14
NL(5,3) = 14, AG's used 14
NL(5,4) = 17, AG's used 17
NL(5,6) = 26, AG's used 19
NL(5,7) = 14, AG's used 0
Max in loop 85, 0.23962876907641129
AUD TV 0.2896287690764113, ss 39
NL(5,0) = 16, AG's used 16
NL(5,1) = 15, AG's used 14
NL(5,3) = 15, AG's used 14
NL(5,4) = 17, AG's used 17
NL(5,6) = 26, AG's used 19
NL(5,7) = 14, AG's used 0
Max in loop 39, 0.2896287690764113
AUD TV 0.33962876907641126, ss 24
NL(5,0) = 16, AG's used 16
NL(5,1) = 15, AG's used 14
NL(5,3) = 15, AG's used 14
NL(5,4) = 17, AG's used 17
NL(5,6) = 26, AG's used 19
NL(5,7) = 14, AG's used 0
Max in loop 29, 0.33962876907641126
AUD TV 0.38962876907641125, ss 16
NL(5,0) = 16, AG's used 16
NL(5,1) = 15, AG's used 16
NL(5,3) = 15, AG's used 14
NL(5,4) = 17, AG's used 17
NL(5,6) = 26, AG's used 19
NL(5,7) = 14, AG's used 0
Max in loop 29, 0.38962876907641125
AUD TV 0.43962876907641124, ss 12
NL(5,0) = 16, AG's used 16
NL(5,1) = 16, AG's used 16
NL(5,3) = 15, AG's used 14
NL(5,4) = 18, AG's used 17
NL(5,6) = 27, AG's used 19
NL(5,7) = 14, AG's used 0
Max in loop 29, 0.43962876907641124
AUD TV 0.48962876907641123, ss 9
NL(5,0) = 16, AG's used 16
NL(5,1) = 16, AG's used 16
NL(5,3) = 15, AG's used 14
NL(5,4) = 18, AG's used 17
NL(5,6) = 27, AG's used 19
NL(5,7) = 14, AG's used 0
Max in loop 29, 0.48962876907641123
AUD TV 0.5396287690764112, ss 7
NL(5,0) = 16, AG's used 16
NL(5,1) = 16, AG's used 16
NL(5,3) = 15, AG's used 14
NL(5,4) = 18, AG's used 17
NL(5,6) = 27, AG's used 19
NL(5,7) = 14, AG's used 0
Max in loop 29, 0.5396287690764112
AUD TV 0.5896287690764113, ss 5
NL(5,0) = 16, AG's used 16
NL(5,1) = 16, AG's used 16
NL(5,3) = 15, AG's used 14
NL(5,4) = 18, AG's used 17
NL(5,6) = 28, AG's used 19
NL(5,7) = 14, AG's used 0
Max in loop 29, 0.5896287690764113
AUD TV 0.6396287690764113, ss 4
NL(5,0) = 16, AG's used 17
NL(5,1) = 16, AG's used 16
NL(5,3) = 15, AG's used 14
NL(5,4) = 18, AG's used 17
NL(5,6) = 28, AG's used 19
NL(5,7) = 14, AG's used 0
Max in loop 29, 0.6396287690764113
Sample size required for audit is 29 ballots
------------------------------------------------
Assertion set BEFORE filtering:
(5, 'AG', 7, 14)
(2, 'QT', None, 29)
(5, 'NL', 0, 16)
(5, 'NL', 6, 28)
(5, 'NL', 4, 18)
(5, 'AG', 1, 17)
(5, 'NL', 1, 16)
(5, 'AG', 3, 16)
(5, 'AG', 0, 17)
(2, 'MT', 0.6396287690764113, 4)
(5, 'NL', 3, 15)
(5, 'AG', 4, 19)
(5, 'NL', 7, 14)
------------------------------------------------
Final set of assertions AFTER filtering:
(5, 'AG', 7, 14)
(2, 'QT', None, 29)
(5, 'NL', 6, 28)
(5, 'AG', 1, 17)
(5, 'AG', 3, 16)
(5, 'AG', 0, 17)
(2, 'MT', 0.6396287690764113, 4)
(5, 'AG', 4, 19)
------------------------------------------------
