VALID BALLOTS 46035
29 ballot checks required to assert that first winner has a quota's worth of votes
AUD TV 0.23962876907641129, ss 85
AG*(5,0) = 16
AG*(5,1) = 15
AG*(5,3) = 15
AG*(5,4) = 17
AG*(5,6) = 28
AG*(5,7) = 14
AG*(2,0) = 27
AG*(2,1) = 18
AG*(2,3) = 20
AG*(2,4) = 29
AG*(2,6) = 111
AG*(2,7) = 13
AG*(4,7) = 316
AG*(5,0) = 16
AG*(5,1) = 15
AG*(5,3) = 15
AG*(5,4) = 17
AG*(5,6) = 28
AG*(5,7) = 14
AG*(6,0) = 49
AG*(6,1) = 49
AG*(6,3) = 46
AG*(6,4) = 90
AG*(6,7) = 38
NL(5,0) = 16, AG*'s used 15
NL(5,1) = 15, AG*'s used 15
NL(5,3) = 14, AG*'s used 14
NL(5,4) = 17, AG*'s used 16
NL(5,6) = 26, AG*'s used 17
NL(5,7) = 14, AG*'s used 0
Max in loop 85, 0.23962876907641129
AUD TV 0.2896287690764113, ss 39
AG*(5,0) = 16
AG*(5,1) = 15
AG*(5,3) = 15
AG*(5,4) = 18
AG*(5,6) = 29
AG*(5,7) = 14
AG*(2,0) = 27
AG*(2,1) = 18
AG*(2,3) = 20
AG*(2,4) = 29
AG*(2,6) = 111
AG*(2,7) = 13
AG*(4,7) = 332
AG*(5,0) = 16
AG*(5,1) = 15
AG*(5,3) = 15
AG*(5,4) = 18
AG*(5,6) = 29
AG*(5,7) = 14
AG*(6,0) = 49
AG*(6,1) = 50
AG*(6,3) = 46
AG*(6,4) = 93
AG*(6,7) = 39
NL(5,0) = 16, AG*'s used 15
NL(5,1) = 15, AG*'s used 15
NL(5,3) = 14, AG*'s used 15
NL(5,4) = 17, AG*'s used 16
NL(5,6) = 26, AG*'s used 18
NL(5,7) = 14, AG*'s used 0
Max in loop 39, 0.2896287690764113
AUD TV 0.33962876907641126, ss 24
AG*(5,0) = 16
AG*(5,1) = 15
AG*(5,3) = 15
AG*(5,4) = 18
AG*(5,6) = 29
AG*(5,7) = 14
AG*(2,0) = 27
AG*(2,1) = 18
AG*(2,3) = 20
AG*(2,4) = 29
AG*(2,6) = 111
AG*(2,7) = 13
AG*(4,7) = 349
AG*(5,0) = 16
AG*(5,1) = 15
AG*(5,3) = 15
AG*(5,4) = 18
AG*(5,6) = 29
AG*(5,7) = 14
AG*(6,0) = 50
AG*(6,1) = 51
AG*(6,3) = 47
AG*(6,4) = 96
AG*(6,7) = 39
NL(5,0) = 16, AG*'s used 15
NL(5,1) = 15, AG*'s used 15
NL(5,3) = 15, AG*'s used 15
NL(5,4) = 17, AG*'s used 16
NL(5,6) = 26, AG*'s used 18
NL(5,7) = 14, AG*'s used 0
Max in loop 29, 0.33962876907641126
AUD TV 0.38962876907641125, ss 16
AG*(5,0) = 16
AG*(5,1) = 16
AG*(5,3) = 15
AG*(5,4) = 18
AG*(5,6) = 29
AG*(5,7) = 14
AG*(2,0) = 27
AG*(2,1) = 18
AG*(2,3) = 20
AG*(2,4) = 29
AG*(2,6) = 111
AG*(2,7) = 13
AG*(4,7) = 369
AG*(5,0) = 16
AG*(5,1) = 16
AG*(5,3) = 15
AG*(5,4) = 18
AG*(5,6) = 29
AG*(5,7) = 14
AG*(6,0) = 51
AG*(6,1) = 52
AG*(6,3) = 48
AG*(6,4) = 99
AG*(6,7) = 39
NL(5,0) = 16, AG*'s used 16
NL(5,1) = 15, AG*'s used 15
NL(5,3) = 15, AG*'s used 14
NL(5,4) = 17, AG*'s used 16
NL(5,6) = 26, AG*'s used 18
NL(5,7) = 14, AG*'s used 0
Max in loop 29, 0.38962876907641125
AUD TV 0.43962876907641124, ss 12
AG*(5,0) = 16
AG*(5,1) = 16
AG*(5,3) = 15
AG*(5,4) = 18
AG*(5,6) = 30
AG*(5,7) = 14
AG*(2,0) = 27
AG*(2,1) = 18
AG*(2,3) = 20
AG*(2,4) = 29
AG*(2,6) = 111
AG*(2,7) = 13
AG*(4,7) = 447
AG*(5,0) = 16
AG*(5,1) = 16
AG*(5,3) = 15
AG*(5,4) = 18
AG*(5,6) = 30
AG*(5,7) = 14
AG*(6,0) = 51
AG*(6,1) = 53
AG*(6,3) = 49
AG*(6,4) = 103
AG*(6,7) = 39
NL(5,0) = 16, AG*'s used 16
NL(5,1) = 15, AG*'s used 16
NL(5,3) = 15, AG*'s used 14
NL(5,4) = 18, AG*'s used 16
NL(5,6) = 27, AG*'s used 18
NL(5,7) = 14, AG*'s used 0
Max in loop 29, 0.43962876907641124
AUD TV 0.48962876907641123, ss 9
AG*(5,0) = 16
AG*(5,1) = 16
AG*(5,3) = 15
AG*(5,4) = 18
AG*(5,6) = 30
AG*(5,7) = 14
AG*(2,0) = 27
AG*(2,1) = 18
AG*(2,3) = 20
AG*(2,4) = 29
AG*(2,6) = 111
AG*(2,7) = 13
AG*(4,7) = 475
AG*(5,0) = 16
AG*(5,1) = 16
AG*(5,3) = 15
AG*(5,4) = 18
AG*(5,6) = 30
AG*(5,7) = 14
AG*(6,0) = 52
AG*(6,1) = 54
AG*(6,3) = 50
AG*(6,4) = 107
AG*(6,7) = 40
NL(5,0) = 16, AG*'s used 16
NL(5,1) = 16, AG*'s used 16
NL(5,3) = 15, AG*'s used 14
NL(5,4) = 18, AG*'s used 16
NL(5,6) = 27, AG*'s used 18
NL(5,7) = 14, AG*'s used 0
Max in loop 29, 0.48962876907641123
AUD TV 0.5396287690764112, ss 7
AG*(5,0) = 16
AG*(5,1) = 16
AG*(5,3) = 15
AG*(5,4) = 18
AG*(5,6) = 30
AG*(5,7) = 14
AG*(2,0) = 27
AG*(2,1) = 18
AG*(2,3) = 20
AG*(2,4) = 29
AG*(2,6) = 111
AG*(2,7) = 13
AG*(4,7) = 572
AG*(5,0) = 16
AG*(5,1) = 16
AG*(5,3) = 15
AG*(5,4) = 18
AG*(5,6) = 30
AG*(5,7) = 14
AG*(6,0) = 53
AG*(6,1) = 54
AG*(6,3) = 50
AG*(6,4) = 111
AG*(6,7) = 40
NL(5,0) = 16, AG*'s used 16
NL(5,1) = 16, AG*'s used 16
NL(5,3) = 15, AG*'s used 14
NL(5,4) = 18, AG*'s used 16
NL(5,6) = 27, AG*'s used 18
NL(5,7) = 14, AG*'s used 0
Max in loop 29, 0.5396287690764112
AUD TV 0.5896287690764113, ss 5
AG*(5,0) = 17
AG*(5,1) = 16
AG*(5,3) = 15
AG*(5,4) = 18
AG*(5,6) = 31
AG*(5,7) = 14
AG*(2,0) = 27
AG*(2,1) = 18
AG*(2,3) = 20
AG*(2,4) = 29
AG*(2,6) = 111
AG*(2,7) = 13
AG*(4,7) = 612
AG*(5,0) = 17
AG*(5,1) = 16
AG*(5,3) = 15
AG*(5,4) = 18
AG*(5,6) = 31
AG*(5,7) = 14
AG*(6,0) = 53
AG*(6,1) = 55
AG*(6,3) = 51
AG*(6,4) = 116
AG*(6,7) = 40
NL(5,0) = 16, AG*'s used 16
NL(5,1) = 16, AG*'s used 15
NL(5,3) = 15, AG*'s used 14
NL(5,4) = 18, AG*'s used 17
NL(5,6) = 28, AG*'s used 18
NL(5,7) = 14, AG*'s used 0
Max in loop 29, 0.5896287690764113
AUD TV 0.6396287690764113, ss 4
AG*(5,0) = 17
AG*(5,1) = 16
AG*(5,3) = 15
AG*(5,4) = 18
AG*(5,6) = 31
AG*(5,7) = 14
AG*(2,0) = 27
AG*(2,1) = 18
AG*(2,3) = 20
AG*(2,4) = 29
AG*(2,6) = 111
AG*(2,7) = 13
AG*(4,7) = 659
AG*(5,0) = 17
AG*(5,1) = 16
AG*(5,3) = 15
AG*(5,4) = 18
AG*(5,6) = 31
AG*(5,7) = 14
AG*(6,0) = 54
AG*(6,1) = 56
AG*(6,3) = 52
AG*(6,4) = 121
AG*(6,7) = 41
NL(5,0) = 16, AG*'s used 16
NL(5,1) = 16, AG*'s used 15
NL(5,3) = 15, AG*'s used 14
NL(5,4) = 18, AG*'s used 17
NL(5,6) = 28, AG*'s used 18
NL(5,7) = 14, AG*'s used 0
Max in loop 29, 0.6396287690764113
Sample size required for audit is 29 ballots
------------------------------------------------
Assertion set BEFORE filtering:
(5, 'AG*', 1, 16)
(5, 'NL', 0, 16)
(5, 'AG*', 3, 15)
(5, 'NL', 4, 18)
(2, 'QT', None, 29)
(5, 'NL', 3, 15)
(5, 'NL', 7, 14)
(5, 'AG*', 4, 18)
(5, 'NL', 1, 16)
(5, 'AG*', 7, 14)
(5, 'AG*', 0, 17)
(2, 'MT', 0.6396287690764113, 4)
(5, 'NL', 6, 28)
------------------------------------------------
Final set of assertions AFTER filtering:
(5, 'AG*', 1, 16)
(5, 'AG*', 3, 15)
(2, 'QT', None, 29)
(5, 'AG*', 4, 18)
(5, 'AG*', 7, 14)
(5, 'AG*', 0, 17)
(2, 'MT', 0.6396287690764113, 4)
(5, 'NL', 6, 28)
------------------------------------------------
Explanations for AG* inclusion:
   Explanation for (5, 'AG*', 1, 16): []
   Explanation for (5, 'AG*', 3, 15): []
   Explanation for (5, 'AG*', 4, 18): []
   Explanation for (5, 'AG*', 7, 14): []
   Explanation for (5, 'AG*', 0, 17): []
------------------------------------------------
