VALID BALLOTS 47448
7 ballot checks required to assert that first winner has a quota's worth of votes
AG(0,1) = 7
AG(0,2) = 10
AG(0,3) = 8
AG(0,4) = 7
AG(0,5) = 10
AG(2,1) = 71
AG(2,3) = 59
AG(2,4) = 55
AG(5,1) = 82
AG(5,3) = 115
AG(5,4) = 53
AUD TV 0.5263623121234192, ss 34
NL(5,4) = 44, AG's used 0
NL(5,1) = 56, AG's used 53
NL(5,3) = 40, AG's used 59
NL(5,2) NOT POSSIBLE
Max in loop inf, 0.5263623121234192
AUD TV 0.5763623121234193, ss 15
NL(5,4) = 45, AG's used 0
NL(5,1) = 58, AG's used 53
NL(5,3) = 40, AG's used 59
NL(5,2) NOT POSSIBLE
Max in loop inf, 0.5763623121234193
AUD TV 0.6263623121234193, ss 8
NL(5,4) = 45, AG's used 0
NL(5,1) = 60, AG's used 53
NL(5,3) = 41, AG's used 59
NL(5,2) NOT POSSIBLE
Max in loop inf, 0.6263623121234193
Sample size required for audit is inf ballots
------------------------------------------------
Assertion set BEFORE filtering:
(2, 'AG', 3, 59)
(0, 'MT', 0.6263623121234193, 8)
(5, 'AG', 1, 82)
(5, 'NL', 4, 45)
(0, 'QT', None, 7)
(5, 'AG', 4, 53)
(5, 'NL', 1, 60)
(5, 'AG', 3, 115)
(5, 'NL', 3, 41)
------------------------------------------------
Final set of assertions AFTER filtering:
(2, 'AG', 3, 59)
(0, 'MT', 0.6263623121234193, 8)
(5, 'AG', 1, 82)
(0, 'QT', None, 7)
(5, 'AG', 4, 53)
(5, 'AG', 3, 115)
------------------------------------------------
