VALID BALLOTS 47448
7 ballot checks required to assert that first winner has a quota's worth of votes
AUD TV 0.5263623121234192, ss 34
AG*(5,1) = 57
AG*(5,3) = 79
AG*(5,4) = 44
AG*(0,1) = 7
AG*(0,2) = 10
AG*(0,3) = 8
AG*(0,4) = 7
AG*(0,5) = 10
AG*(2,1) = 52
AG*(2,3) = 48
AG*(2,4) = 44
AG*(5,1) = 57
AG*(5,3) = 79
AG*(5,4) = 44
NL(5,4) = 34, AG*'s used 44
NL(5,1) = 36, AG*'s used 52
NL(5,3) = 40, AG*'s used 48
NL(5,2) NOT POSSIBLE
Max in loop inf, 0.5263623121234192
AUD TV 0.5763623121234193, ss 15
AG*(5,1) = 59
AG*(5,3) = 82
AG*(5,4) = 45
AG*(0,1) = 7
AG*(0,2) = 10
AG*(0,3) = 8
AG*(0,4) = 7
AG*(0,5) = 10
AG*(2,1) = 53
AG*(2,3) = 49
AG*(2,4) = 45
AG*(5,1) = 59
AG*(5,3) = 82
AG*(5,4) = 45
NL(5,4) = 35, AG*'s used 45
NL(5,1) = 36, AG*'s used 53
NL(5,3) = 40, AG*'s used 49
NL(5,2) NOT POSSIBLE
Max in loop inf, 0.5763623121234193
AUD TV 0.6263623121234193, ss 8
AG*(5,1) = 61
AG*(5,3) = 84
AG*(5,4) = 45
AG*(0,1) = 7
AG*(0,2) = 10
AG*(0,3) = 8
AG*(0,4) = 7
AG*(0,5) = 10
AG*(2,1) = 55
AG*(2,3) = 50
AG*(2,4) = 46
AG*(5,1) = 61
AG*(5,3) = 84
AG*(5,4) = 45
NL(5,4) = 45, AG*'s used 0
NL(5,1) = 36, AG*'s used 55
NL(5,3) = 41, AG*'s used 50
NL(5,2) NOT POSSIBLE
Max in loop inf, 0.6263623121234193
Sample size required for audit is inf ballots
------------------------------------------------
Assertion set BEFORE filtering:
(2, 'AG', 3, 50)
(5, 'AG*', 1, 61)
(5, 'NL', 4, 45)
(2, 'AG', 1, 55)
(5, 'AG*', 4, 45)
(0, 'MT', 0.6263623121234193, 8)
(0, 'QT', None, 7)
(5, 'AG*', 3, 84)
(5, 'NL', 1, 36)
(5, 'NL', 3, 41)
------------------------------------------------
Final set of assertions AFTER filtering:
(2, 'AG', 3, 50)
(5, 'AG*', 1, 61)
(2, 'AG', 1, 55)
(5, 'AG*', 4, 45)
(0, 'MT', 0.6263623121234193, 8)
(0, 'QT', None, 7)
(5, 'AG*', 3, 84)
------------------------------------------------
Explanations for AG* inclusion:
   Explanation for (2, 'AG', 3, 50): []
   Explanation for (5, 'AG*', 1, 61): []
   Explanation for (2, 'AG', 1, 55): []
   Explanation for (5, 'AG*', 4, 45): []
   Explanation for (5, 'AG*', 3, 84): []
------------------------------------------------
