VALID BALLOTS 51141
7 ballot checks required to assert that first winner has a quota's worth of votes
AG(2,0) = 33
AG(2,1) = 43
AG(2,3) = 31
AG(4,0) = 8
AG(4,1) = 9
AG(4,2) = 12
AG(4,3) = 8
AUD TV 0.525187784755572, ss 34
NL(2,3) = 27, AG's used 0
NL(2,0) = 29, AG's used 0
NL(2,1) = 34, AG's used 33
Max in loop 34, 0.525187784755572
AUD TV 0.5751877847555721, ss 15
NL(2,3) = 27, AG's used 0
NL(2,0) = 29, AG's used 0
NL(2,1) = 35, AG's used 33
Max in loop 35, 0.5751877847555721
Sample size required for audit is 34 ballots
------------------------------------------------
Assertion set BEFORE filtering:
(4, 'QT', None, 7)
(2, 'NL', 3, 27)
(2, 'AG', 3, 31)
(2, 'NL', 0, 29)
(2, 'AG', 0, 33)
(2, 'NL', 1, 34)
(4, 'MT', 0.525187784755572, 34)
------------------------------------------------
Final set of assertions AFTER filtering:
(4, 'QT', None, 7)
(2, 'AG', 3, 31)
(2, 'AG', 0, 33)
(2, 'NL', 1, 34)
(4, 'MT', 0.525187784755572, 34)
------------------------------------------------
