VALID BALLOTS 49169
7 ballot checks required to assert that first winner has a quota's worth of votes
AUD TV 0.5381803703588046, ss 32
AG*(0,1) = 89
AG*(0,3) = 86
AG*(0,1) = 89
AG*(0,3) = 86
AG*(2,0) = 10
AG*(2,1) = 9
AG*(2,3) = 8
AG*(2,4) = 10
AG*(4,1) = 121
AG*(4,3) = 103
NL(0,3) = 86, AG*'s used 0
NL(0,1) = 77, AG*'s used 86
NL(0,4) NOT POSSIBLE
Max in loop inf, 0.5381803703588046
AUD TV 0.5881803703588047, ss 14
AG*(0,1) = 94
AG*(0,3) = 89
AG*(0,1) = 94
AG*(0,3) = 89
AG*(2,0) = 10
AG*(2,1) = 9
AG*(2,3) = 8
AG*(2,4) = 10
AG*(4,1) = 129
AG*(4,3) = 109
NL(0,3) = 89, AG*'s used 0
NL(0,1) = 80, AG*'s used 89
NL(0,4) NOT POSSIBLE
Max in loop inf, 0.5881803703588047
AUD TV 0.6381803703588047, ss 8
AG*(0,1) = 98
AG*(0,3) = 93
AG*(0,1) = 98
AG*(0,3) = 93
AG*(2,0) = 10
AG*(2,1) = 9
AG*(2,3) = 8
AG*(2,4) = 10
AG*(4,1) = 139
AG*(4,3) = 114
NL(0,3) = 93, AG*'s used 0
NL(0,1) = 84, AG*'s used 93
NL(0,4) NOT POSSIBLE
Max in loop inf, 0.6381803703588047
Sample size to show min tv of 0.2440901851794023 is 10
AUD TV 0.5381803703588046, ss 32
AG*(0,1) = 79
AG*(0,3) = 76
AG*(0,1) = 79
AG*(0,3) = 76
AG*(2,0) = 10
AG*(2,1) = 9
AG*(2,3) = 8
AG*(2,4) = 10
AG*(4,1) = 106
AG*(4,3) = 92
NL(0,3) = 76, AG*'s used 0
NL(0,1) = 68, AG*'s used 76
NL(0,4) NOT POSSIBLE
Max in loop inf, 0.5381803703588046
AUD TV 0.5881803703588047, ss 14
AG*(0,1) = 82
AG*(0,3) = 79
AG*(0,1) = 82
AG*(0,3) = 79
AG*(2,0) = 10
AG*(2,1) = 9
AG*(2,3) = 8
AG*(2,4) = 10
AG*(4,1) = 112
AG*(4,3) = 96
NL(0,3) = 79, AG*'s used 0
NL(0,1) = 70, AG*'s used 79
NL(0,4) NOT POSSIBLE
Max in loop inf, 0.5881803703588047
AUD TV 0.6381803703588047, ss 8
AG*(0,1) = 85
AG*(0,3) = 82
AG*(0,1) = 85
AG*(0,3) = 82
AG*(2,0) = 10
AG*(2,1) = 9
AG*(2,3) = 8
AG*(2,4) = 10
AG*(4,1) = 119
AG*(4,3) = 101
NL(0,3) = 82, AG*'s used 0
NL(0,1) = 73, AG*'s used 82
NL(0,4) NOT POSSIBLE
Max in loop inf, 0.6381803703588047
Sample size to show min tv of 0.29409018517940233 is 12
AUD TV 0.5381803703588046, ss 32
AG*(0,1) = 77
AG*(0,3) = 74
AG*(0,1) = 77
AG*(0,3) = 74
AG*(2,0) = 10
AG*(2,1) = 9
AG*(2,3) = 8
AG*(2,4) = 10
AG*(4,1) = 103
AG*(4,3) = 90
NL(0,3) = 74, AG*'s used 0
NL(0,1) = 66, AG*'s used 74
NL(0,4) NOT POSSIBLE
Max in loop inf, 0.5381803703588046
AUD TV 0.5881803703588047, ss 14
AG*(0,1) = 80
AG*(0,3) = 77
AG*(0,1) = 80
AG*(0,3) = 77
AG*(2,0) = 10
AG*(2,1) = 9
AG*(2,3) = 8
AG*(2,4) = 10
AG*(4,1) = 109
AG*(4,3) = 94
NL(0,3) = 77, AG*'s used 0
NL(0,1) = 69, AG*'s used 77
NL(0,4) NOT POSSIBLE
Max in loop inf, 0.5881803703588047
AUD TV 0.6381803703588047, ss 8
AG*(0,1) = 83
AG*(0,3) = 79
AG*(0,1) = 83
AG*(0,3) = 79
AG*(2,0) = 10
AG*(2,1) = 9
AG*(2,3) = 8
AG*(2,4) = 10
AG*(4,1) = 116
AG*(4,3) = 98
NL(0,3) = 79, AG*'s used 0
NL(0,1) = 71, AG*'s used 79
NL(0,4) NOT POSSIBLE
Max in loop inf, 0.6381803703588047
Sample size to show min tv of 0.3440901851794023 is 15
AUD TV 0.5381803703588046, ss 32
AG*(0,1) = 75
AG*(0,3) = 72
AG*(0,1) = 75
AG*(0,3) = 72
AG*(2,0) = 10
AG*(2,1) = 9
AG*(2,3) = 8
AG*(2,4) = 10
AG*(4,1) = 100
AG*(4,3) = 88
NL(0,3) = 72, AG*'s used 0
NL(0,1) = 65, AG*'s used 72
NL(0,4) NOT POSSIBLE
Max in loop inf, 0.5381803703588046
AUD TV 0.5881803703588047, ss 14
AG*(0,1) = 78
AG*(0,3) = 75
AG*(0,1) = 78
AG*(0,3) = 75
AG*(2,0) = 10
AG*(2,1) = 9
AG*(2,3) = 8
AG*(2,4) = 10
AG*(4,1) = 106
AG*(4,3) = 92
NL(0,3) = 75, AG*'s used 0
NL(0,1) = 67, AG*'s used 75
NL(0,4) NOT POSSIBLE
Max in loop inf, 0.5881803703588047
AUD TV 0.6381803703588047, ss 8
AG*(0,1) = 81
AG*(0,3) = 78
AG*(0,1) = 81
AG*(0,3) = 78
AG*(2,0) = 10
AG*(2,1) = 9
AG*(2,3) = 8
AG*(2,4) = 10
AG*(4,1) = 113
AG*(4,3) = 96
NL(0,3) = 78, AG*'s used 0
NL(0,1) = 69, AG*'s used 78
NL(0,4) NOT POSSIBLE
Max in loop inf, 0.6381803703588047
Sample size to show min tv of 0.3940901851794023 is 22
AUD TV 0.5381803703588046, ss 32
AG*(0,1) = 73
AG*(0,3) = 71
AG*(0,1) = 73
AG*(0,3) = 71
AG*(2,0) = 10
AG*(2,1) = 9
AG*(2,3) = 8
AG*(2,4) = 10
AG*(4,1) = 98
AG*(4,3) = 86
NL(0,3) = 71, AG*'s used 0
NL(0,1) = 63, AG*'s used 71
NL(0,4) NOT POSSIBLE
Max in loop inf, 0.5381803703588046
AUD TV 0.5881803703588047, ss 14
AG*(0,1) = 76
AG*(0,3) = 73
AG*(0,1) = 76
AG*(0,3) = 73
AG*(2,0) = 10
AG*(2,1) = 9
AG*(2,3) = 8
AG*(2,4) = 10
AG*(4,1) = 104
AG*(4,3) = 90
NL(0,3) = 73, AG*'s used 0
NL(0,1) = 65, AG*'s used 73
NL(0,4) NOT POSSIBLE
Max in loop inf, 0.5881803703588047
AUD TV 0.6381803703588047, ss 8
AG*(0,1) = 79
AG*(0,3) = 76
AG*(0,1) = 79
AG*(0,3) = 76
AG*(2,0) = 10
AG*(2,1) = 9
AG*(2,3) = 8
AG*(2,4) = 10
AG*(4,1) = 110
AG*(4,3) = 94
NL(0,3) = 76, AG*'s used 0
NL(0,1) = 68, AG*'s used 76
NL(0,4) NOT POSSIBLE
Max in loop inf, 0.6381803703588047
Sample size required for audit is inf ballots
------------------------------------------------
Assertion set BEFORE filtering:
(0, 'NL', 1, 68)
(2, 'LT', 0.3940901851794023, 22)
(0, 'AG*', 3, 76)
(0, 'AG*', 1, 79)
(0, 'NL', 3, 76)
(2, 'MT', 0.6381803703588047, 8)
(2, 'QT', None, 7)
------------------------------------------------
Final set of assertions AFTER filtering:
(2, 'LT', 0.3940901851794023, 22)
(0, 'AG*', 3, 76)
(0, 'AG*', 1, 79)
(2, 'MT', 0.6381803703588047, 8)
(2, 'QT', None, 7)
------------------------------------------------
Explanations for AG* inclusion:
   Explanation for (0, 'AG*', 3, 76): []
   Explanation for (0, 'AG*', 1, 79): []
------------------------------------------------
