VALID BALLOTS 47464
8 ballot checks required to assert that first winner has a quota's worth of votes
AUD TV 0.48335004655826946, ss 40
AG*(0,1) = 37
AG*(0,2) = 26
AG*(0,3) = 24
AG*(0,1) = 37
AG*(0,2) = 26
AG*(0,3) = 24
AG*(1,2) = 47464
AG*(1,3) = 197
AG*(4,0) = 17
AG*(4,1) = 11
AG*(4,2) = 10
AG*(4,3) = 9
NL(0,3) = 24, AG*'s used 0
NL(0,2) = 25, AG*'s used 24
NL(0,1) = 34, AG*'s used 26
Max in loop 40, 0.48335004655826946
AUD TV 0.5333500465582695, ss 18
AG*(0,1) = 38
AG*(0,2) = 26
AG*(0,3) = 24
AG*(0,1) = 38
AG*(0,2) = 26
AG*(0,3) = 24
AG*(1,3) = 215
AG*(4,0) = 17
AG*(4,1) = 11
AG*(4,2) = 10
AG*(4,3) = 9
NL(0,3) = 24, AG*'s used 0
NL(0,2) = 26, AG*'s used 24
NL(0,1) = 35, AG*'s used 26
Max in loop 35, 0.5333500465582695
AUD TV 0.5833500465582695, ss 10
AG*(0,1) = 39
AG*(0,2) = 27
AG*(0,3) = 24
AG*(0,1) = 39
AG*(0,2) = 27
AG*(0,3) = 24
AG*(1,3) = 236
AG*(4,0) = 17
AG*(4,1) = 11
AG*(4,2) = 10
AG*(4,3) = 9
NL(0,3) = 24, AG*'s used 0
NL(0,2) = 26, AG*'s used 24
NL(0,1) = 35, AG*'s used 27
Max in loop 35, 0.5833500465582695
AUD TV 0.6333500465582695, ss 6
AG*(0,1) = 40
AG*(0,2) = 27
AG*(0,3) = 24
AG*(0,1) = 40
AG*(0,2) = 27
AG*(0,3) = 24
AG*(1,3) = 262
AG*(4,0) = 17
AG*(4,1) = 11
AG*(4,2) = 10
AG*(4,3) = 9
NL(0,3) = 24, AG*'s used 0
NL(0,2) = 26, AG*'s used 24
NL(0,1) = 36, AG*'s used 27
Max in loop 36, 0.6333500465582695
Sample size required for audit is 35 ballots
------------------------------------------------
Assertion set BEFORE filtering:
(4, 'MT', 0.5833500465582695, 10)
(0, 'NL', 2, 26)
(0, 'AG*', 2, 27)
(0, 'NL', 1, 35)
(0, 'AG*', 3, 24)
(0, 'NL', 3, 24)
(4, 'QT', None, 8)
------------------------------------------------
Final set of assertions AFTER filtering:
(4, 'MT', 0.5833500465582695, 10)
(0, 'AG*', 2, 27)
(0, 'NL', 1, 35)
(0, 'AG*', 3, 24)
(4, 'QT', None, 8)
------------------------------------------------
Explanations for AG* inclusion:
   Explanation for (0, 'AG*', 2, 27): []
   Explanation for (0, 'AG*', 3, 24): []
------------------------------------------------
