VALID BALLOTS 44075
9 ballot checks required to assert that first winner has a quota's worth of votes
AUD TV 0.4675619425173439, ss 42
AG*(2,0) = 49
AG*(2,1) = 51
AG*(2,0) = 49
AG*(2,1) = 51
AG*(3,0) = 10
AG*(3,1) = 9
AG*(3,2) = 15
NL(2,0) = 49, AG*'s used 0
NL(2,1) = 40, AG*'s used 49
Max in loop 49, 0.4675619425173439
AUD TV 0.5175619425173439, ss 19
AG*(2,0) = 53
AG*(2,1) = 57
AG*(2,0) = 53
AG*(2,1) = 57
AG*(3,0) = 10
AG*(3,1) = 9
AG*(3,2) = 15
NL(2,0) = 53, AG*'s used 0
NL(2,1) = 44, AG*'s used 53
Max in loop 53, 0.5175619425173439
Sample size required for audit is 49 ballots
------------------------------------------------
Assertion set BEFORE filtering:
(2, 'AG*', 0, 49)
(2, 'NL', 1, 40)
(3, 'MT', 0.4675619425173439, 42)
(2, 'NL', 0, 49)
(3, 'QT', None, 9)
------------------------------------------------
Final set of assertions AFTER filtering:
(2, 'AG*', 0, 49)
(2, 'NL', 1, 40)
(3, 'MT', 0.4675619425173439, 42)
(3, 'QT', None, 9)
------------------------------------------------
Explanations for AG* inclusion:
   Explanation for (2, 'AG*', 0, 49): []
------------------------------------------------
