VALID BALLOTS 48637
20 ballot checks required to assert that first winner has a quota's worth of votes
AG(0,1) = 27
AG(0,2) = 59
AG(0,3) = 24
AG(0,4) = 23
AG(5,0) = 79
AG(5,1) = 12
AG(5,2) = 14
AG(5,3) = 12
AG(5,4) = 12
AUD TV 0.2960823064403627, ss 73
NL(0,1) = 18, AG's used 0
NL(0,2) = 23, AG's used 23
NL(0,3) = 18, AG's used 0
NL(0,4) = 17, AG's used 0
Max in loop 73, 0.2960823064403627
AUD TV 0.3460823064403627, ss 33
NL(0,1) = 19, AG's used 0
NL(0,2) = 23, AG's used 24
NL(0,3) = 18, AG's used 0
NL(0,4) = 18, AG's used 0
Max in loop 33, 0.3460823064403627
AUD TV 0.3960823064403627, ss 20
NL(0,1) = 19, AG's used 0
NL(0,2) = 24, AG's used 24
NL(0,3) = 19, AG's used 0
NL(0,4) = 18, AG's used 0
Max in loop 24, 0.3960823064403627
AUD TV 0.4460823064403627, ss 14
NL(0,1) = 20, AG's used 0
NL(0,2) = 26, AG's used 24
NL(0,3) = 19, AG's used 0
NL(0,4) = 18, AG's used 0
Max in loop 26, 0.4460823064403627
Sample size required for audit is 24 ballots
------------------------------------------------
Assertion set BEFORE filtering:
(0, 'AG', 4, 23)
(5, 'QT', None, 20)
(0, 'NL', 3, 19)
(0, 'AG', 3, 24)
(0, 'NL', 1, 19)
(0, 'NL', 4, 18)
(0, 'NL', 2, 24)
(5, 'MT', 0.3960823064403627, 20)
------------------------------------------------
Final set of assertions AFTER filtering:
(0, 'AG', 4, 23)
(5, 'QT', None, 20)
(0, 'AG', 3, 24)
(0, 'NL', 1, 19)
(0, 'NL', 2, 24)
(5, 'MT', 0.3960823064403627, 20)
------------------------------------------------
