VALID BALLOTS 51057
39 ballot checks required to assert that first winner has a quota's worth of votes
AG(4,0) = 25
AG(4,1) = 22
AG(4,2) = 21
AG(4,3) = 33
AG(4,6) = 34
AG(5,0) = 20
AG(5,1) = 16
AG(5,2) = 14
AG(5,3) = 18
AG(5,4) = 561
AG(5,6) = 20
AUD TV 0.19716640777671995, ss 94
NL(4,2) = 18, AG's used 0
NL(4,1) = 19, AG's used 0
NL(4,0) = 22, AG's used 22
NL(4,3) = 21, AG's used 25
NL(4,6) = 22, AG's used 25
Max in loop 94, 0.19716640777671995
AUD TV 0.24716640777671994, ss 44
NL(4,2) = 18, AG's used 0
NL(4,1) = 20, AG's used 0
NL(4,0) = 23, AG's used 22
NL(4,3) = 21, AG's used 25
NL(4,6) = 22, AG's used 25
Max in loop 44, 0.24716640777671994
AUD TV 0.29716640777671993, ss 27
NL(4,2) = 18, AG's used 0
NL(4,1) = 20, AG's used 0
NL(4,0) = 23, AG's used 22
NL(4,3) = 21, AG's used 25
NL(4,6) = 22, AG's used 25
Max in loop 39, 0.29716640777671993
AUD TV 0.3471664077767199, ss 19
NL(4,2) = 19, AG's used 0
NL(4,1) = 20, AG's used 0
NL(4,0) = 23, AG's used 22
NL(4,3) = 22, AG's used 25
NL(4,6) = 22, AG's used 25
Max in loop 39, 0.3471664077767199
AUD TV 0.3971664077767199, ss 14
NL(4,2) = 19, AG's used 0
NL(4,1) = 20, AG's used 0
NL(4,0) = 23, AG's used 22
NL(4,3) = 22, AG's used 25
NL(4,6) = 22, AG's used 25
Max in loop 39, 0.3971664077767199
AUD TV 0.4471664077767199, ss 10
NL(4,2) = 19, AG's used 0
NL(4,1) = 20, AG's used 0
NL(4,0) = 23, AG's used 22
NL(4,3) = 22, AG's used 25
NL(4,6) = 23, AG's used 25
Max in loop 39, 0.4471664077767199
AUD TV 0.4971664077767199, ss 8
NL(4,2) = 19, AG's used 0
NL(4,1) = 20, AG's used 0
NL(4,0) = 23, AG's used 22
NL(4,3) = 22, AG's used 25
NL(4,6) = 23, AG's used 25
Max in loop 39, 0.4971664077767199
AUD TV 0.5471664077767199, ss 6
NL(4,2) = 19, AG's used 0
NL(4,1) = 20, AG's used 0
NL(4,0) = 23, AG's used 22
NL(4,3) = 22, AG's used 25
NL(4,6) = 23, AG's used 25
Max in loop 39, 0.5471664077767199
AUD TV 0.5971664077767199, ss 5
NL(4,2) = 20, AG's used 0
NL(4,1) = 20, AG's used 0
NL(4,0) = 24, AG's used 22
NL(4,3) = 23, AG's used 25
NL(4,6) = 23, AG's used 25
Max in loop 39, 0.5971664077767199
AUD TV 0.64716640777672, ss 3
NL(4,2) = 20, AG's used 0
NL(4,1) = 21, AG's used 21
NL(4,0) = 24, AG's used 22
NL(4,3) = 23, AG's used 25
NL(4,6) = 24, AG's used 25
Max in loop 39, 0.64716640777672
Sample size required for audit is 39 ballots
------------------------------------------------
Assertion set BEFORE filtering:
(4, 'NL', 1, 21)
(4, 'NL', 0, 24)
(4, 'NL', 2, 20)
(4, 'NL', 6, 24)
(4, 'AG', 2, 21)
(5, 'QT', None, 39)
(5, 'MT', 0.64716640777672, 3)
(4, 'AG', 0, 25)
(4, 'NL', 3, 23)
(4, 'AG', 1, 22)
------------------------------------------------
Final set of assertions AFTER filtering:
(4, 'NL', 6, 24)
(4, 'AG', 2, 21)
(5, 'QT', None, 39)
(5, 'MT', 0.64716640777672, 3)
(4, 'AG', 0, 25)
(4, 'NL', 3, 23)
(4, 'AG', 1, 22)
------------------------------------------------
