VALID BALLOTS 44191
13 ballot checks required to assert that first winner has a quota's worth of votes
AG(1,0) = 10
AG(1,2) = 9
AG(1,3) = 43
AG(1,4) = 9
AG(1,7) = 10
AG(1,5) = 10
AG(1,6) = 10
AG(3,0) = 21
AG(3,2) = 19
AG(3,4) = 21
AG(3,7) = 21
AG(3,5) = 21
AG(3,6) = 25
AUD TV 0.38077412320552423, ss 57
NL(3,0) = 15, AG's used 0
NL(3,2) = 14, AG's used 0
NL(3,4) = 15, AG's used 0
NL(3,7) = 15, AG's used 0
NL(3,5) = 15, AG's used 0
NL(3,6) = 16, AG's used 0
Max in loop 57, 0.38077412320552423
AUD TV 0.4307741232055242, ss 26
NL(3,0) = 15, AG's used 0
NL(3,2) = 15, AG's used 0
NL(3,4) = 15, AG's used 0
NL(3,7) = 15, AG's used 0
NL(3,5) = 16, AG's used 0
NL(3,6) = 17, AG's used 0
Max in loop 26, 0.4307741232055242
AUD TV 0.4807741232055242, ss 15
NL(3,0) = 16, AG's used 0
NL(3,2) = 15, AG's used 0
NL(3,4) = 16, AG's used 0
NL(3,7) = 16, AG's used 0
NL(3,5) = 16, AG's used 0
NL(3,6) = 17, AG's used 0
Max in loop 17, 0.4807741232055242
AUD TV 0.5307741232055242, ss 10
NL(3,0) = 16, AG's used 0
NL(3,2) = 15, AG's used 0
NL(3,4) = 16, AG's used 0
NL(3,7) = 16, AG's used 0
NL(3,5) = 16, AG's used 0
NL(3,6) = 18, AG's used 0
Max in loop 18, 0.5307741232055242
Sample size required for audit is 17 ballots
------------------------------------------------
Assertion set BEFORE filtering:
(3, 'NL', 4, 16)
(3, 'NL', 2, 15)
(1, 'MT', 0.4807741232055242, 15)
(1, 'QT', None, 13)
(3, 'NL', 5, 16)
(3, 'NL', 0, 16)
(3, 'NL', 6, 17)
(3, 'NL', 7, 16)
------------------------------------------------
Final set of assertions AFTER filtering:
(3, 'NL', 4, 16)
(3, 'NL', 2, 15)
(1, 'MT', 0.4807741232055242, 15)
(1, 'QT', None, 13)
(3, 'NL', 5, 16)
(3, 'NL', 0, 16)
(3, 'NL', 6, 17)
(3, 'NL', 7, 16)
------------------------------------------------
