VALID BALLOTS 44191
13 ballot checks required to assert that first winner has a quota's worth of votes
AUD TV 0.38077412320552423, ss 57
AG*(3,0) = 15
AG*(3,2) = 14
AG*(3,4) = 15
AG*(3,7) = 15
AG*(3,5) = 15
AG*(3,6) = 16
NL(3,0) = 14, AG*'s used 15
NL(3,2) = 14, AG*'s used 0
NL(3,4) = 14, AG*'s used 15
NL(3,7) = 14, AG*'s used 15
NL(3,5) = 15, AG*'s used 15
NL(3,6) = 15, AG*'s used 15
Max in loop 57, 0.38077412320552423
AUD TV 0.4307741232055242, ss 26
AG*(3,0) = 15
AG*(3,2) = 15
AG*(3,4) = 15
AG*(3,7) = 15
AG*(3,5) = 16
AG*(3,6) = 17
NL(3,0) = 15, AG*'s used 15
NL(3,2) = 14, AG*'s used 15
NL(3,4) = 15, AG*'s used 15
NL(3,7) = 15, AG*'s used 15
NL(3,5) = 16, AG*'s used 15
NL(3,6) = 16, AG*'s used 16
Max in loop 26, 0.4307741232055242
AUD TV 0.4807741232055242, ss 15
AG*(3,0) = 16
AG*(3,2) = 15
AG*(3,4) = 16
AG*(3,7) = 16
AG*(3,5) = 16
AG*(3,6) = 17
NL(3,0) = 15, AG*'s used 16
NL(3,2) = 15, AG*'s used 0
NL(3,4) = 15, AG*'s used 16
NL(3,7) = 15, AG*'s used 16
NL(3,5) = 16, AG*'s used 16
NL(3,6) = 16, AG*'s used 16
Max in loop 16, 0.4807741232055242
AUD TV 0.5307741232055242, ss 10
AG*(3,0) = 16
AG*(3,2) = 15
AG*(3,4) = 16
AG*(3,7) = 16
AG*(3,5) = 16
AG*(3,6) = 18
NL(3,0) = 15, AG*'s used 16
NL(3,2) = 15, AG*'s used 0
NL(3,4) = 15, AG*'s used 16
NL(3,7) = 15, AG*'s used 16
NL(3,5) = 16, AG*'s used 16
NL(3,6) = 17, AG*'s used 16
Max in loop 17, 0.5307741232055242
Sample size to show min tv of 0.16538706160276212 is 23
Sample size required for audit is 16 ballots
------------------------------------------------
Assertion set BEFORE filtering:
(3, 'AG*', 2, 15)
(3, 'AG*', 5, 16)
(3, 'AG*', 4, 16)
(1, 'MT', 0.4807741232055242, 15)
(1, 'QT', None, 13)
(3, 'AG*', 0, 16)
(3, 'NL', 5, 16)
(3, 'AG*', 7, 16)
(3, 'NL', 4, 15)
(3, 'NL', 0, 15)
(3, 'NL', 6, 16)
(3, 'NL', 7, 15)
(3, 'NL', 2, 15)
------------------------------------------------
Final set of assertions AFTER filtering:
(3, 'AG*', 2, 15)
(3, 'AG*', 5, 16)
(3, 'AG*', 4, 16)
(1, 'MT', 0.4807741232055242, 15)
(1, 'QT', None, 13)
(3, 'AG*', 0, 16)
(3, 'AG*', 7, 16)
(3, 'NL', 6, 16)
------------------------------------------------
Explanations for AG* inclusion:
   Explanation for (3, 'AG*', 2, 15): []
   Explanation for (3, 'AG*', 5, 16): []
   Explanation for (3, 'AG*', 4, 16): []
   Explanation for (3, 'AG*', 0, 16): []
   Explanation for (3, 'AG*', 7, 16): []
------------------------------------------------
