VALID BALLOTS 48941
12 ballot checks required to assert that first winner has a quota's worth of votes
AUD TV 0.40073824969156685, ss 53
AG*(7,3) = 33
AG*(7,1) = 38
AG*(7,5) = 41
AG*(7,2) = 39
AG*(7,0) = 49
AG*(7,8) = 52
AG*(7,4) = 83
NL(7,3) = 33, AG*'s used 0
NL(7,1) = 38, AG*'s used 33
NL(7,5) = 39, AG*'s used 39
NL(7,2) = 38, AG*'s used 38
NL(7,0) = 46, AG*'s used 41
NL(7,8) = 48, AG*'s used 41
NL(7,4) = 45, AG*'s used 52
Max in loop 53, 0.40073824969156685
AUD TV 0.45073824969156684, ss 24
AG*(7,3) = 34
AG*(7,1) = 39
AG*(7,5) = 41
AG*(7,2) = 39
AG*(7,0) = 50
AG*(7,8) = 52
AG*(7,4) = 85
NL(7,3) = 34, AG*'s used 0
NL(7,1) = 38, AG*'s used 34
NL(7,5) = 40, AG*'s used 39
NL(7,2) = 38, AG*'s used 39
NL(7,0) = 46, AG*'s used 41
NL(7,8) = 49, AG*'s used 41
NL(7,4) = 46, AG*'s used 52
Max in loop 52, 0.45073824969156684
AUD TV 0.5007382496915669, ss 14
AG*(7,3) = 34
AG*(7,1) = 39
AG*(7,5) = 42
AG*(7,2) = 40
AG*(7,0) = 51
AG*(7,8) = 53
AG*(7,4) = 88
NL(7,3) = 34, AG*'s used 0
NL(7,1) = 39, AG*'s used 34
NL(7,5) = 40, AG*'s used 40
NL(7,2) = 39, AG*'s used 39
NL(7,0) = 47, AG*'s used 42
NL(7,8) = 49, AG*'s used 42
NL(7,4) = 47, AG*'s used 53
Max in loop 53, 0.5007382496915669
Sample size to show min tv of 0.17536912484578343 is 20
AUD TV 0.40073824969156685, ss 53
AG*(7,3) = 33
AG*(7,1) = 38
AG*(7,5) = 40
AG*(7,2) = 39
AG*(7,0) = 48
AG*(7,8) = 51
AG*(7,4) = 81
NL(7,3) = 33, AG*'s used 0
NL(7,1) = 37, AG*'s used 33
NL(7,5) = 38, AG*'s used 39
NL(7,2) = 38, AG*'s used 38
NL(7,0) = 45, AG*'s used 40
NL(7,8) = 47, AG*'s used 40
NL(7,4) = 43, AG*'s used 51
Max in loop 53, 0.40073824969156685
AUD TV 0.45073824969156684, ss 24
AG*(7,3) = 33
AG*(7,1) = 38
AG*(7,5) = 41
AG*(7,2) = 39
AG*(7,0) = 49
AG*(7,8) = 52
AG*(7,4) = 83
NL(7,3) = 33, AG*'s used 0
NL(7,1) = 38, AG*'s used 33
NL(7,5) = 39, AG*'s used 39
NL(7,2) = 38, AG*'s used 38
NL(7,0) = 46, AG*'s used 41
NL(7,8) = 48, AG*'s used 41
NL(7,4) = 44, AG*'s used 52
Max in loop 52, 0.45073824969156684
AUD TV 0.5007382496915669, ss 14
AG*(7,3) = 34
AG*(7,1) = 39
AG*(7,5) = 42
AG*(7,2) = 39
AG*(7,0) = 50
AG*(7,8) = 52
AG*(7,4) = 86
NL(7,3) = 34, AG*'s used 0
NL(7,1) = 38, AG*'s used 34
NL(7,5) = 40, AG*'s used 39
NL(7,2) = 38, AG*'s used 39
NL(7,0) = 46, AG*'s used 42
NL(7,8) = 48, AG*'s used 42
NL(7,4) = 45, AG*'s used 52
Max in loop 52, 0.5007382496915669
AUD TV 0.5507382496915669, ss 9
AG*(7,3) = 34
AG*(7,1) = 39
AG*(7,5) = 42
AG*(7,2) = 40
AG*(7,0) = 51
AG*(7,8) = 53
AG*(7,4) = 88
NL(7,3) = 34, AG*'s used 0
NL(7,1) = 39, AG*'s used 34
NL(7,5) = 40, AG*'s used 40
NL(7,2) = 39, AG*'s used 39
NL(7,0) = 47, AG*'s used 42
NL(7,8) = 49, AG*'s used 42
NL(7,4) = 45, AG*'s used 53
Max in loop 53, 0.5507382496915669
Sample size to show min tv of 0.22536912484578342 is 27
AUD TV 0.40073824969156685, ss 53
AG*(7,3) = 33
AG*(7,1) = 38
AG*(7,5) = 40
AG*(7,2) = 38
AG*(7,0) = 48
AG*(7,8) = 51
AG*(7,4) = 80
NL(7,3) = 33, AG*'s used 0
NL(7,1) = 37, AG*'s used 33
NL(7,5) = 38, AG*'s used 38
NL(7,2) = 37, AG*'s used 38
NL(7,0) = 45, AG*'s used 40
NL(7,8) = 47, AG*'s used 40
NL(7,4) = 43, AG*'s used 51
Max in loop 53, 0.40073824969156685
AUD TV 0.45073824969156684, ss 24
AG*(7,3) = 33
AG*(7,1) = 38
AG*(7,5) = 41
AG*(7,2) = 39
AG*(7,0) = 49
AG*(7,8) = 51
AG*(7,4) = 82
NL(7,3) = 33, AG*'s used 0
NL(7,1) = 38, AG*'s used 33
NL(7,5) = 39, AG*'s used 39
NL(7,2) = 38, AG*'s used 38
NL(7,0) = 45, AG*'s used 41
NL(7,8) = 47, AG*'s used 41
NL(7,4) = 43, AG*'s used 51
Max in loop 51, 0.45073824969156684
AUD TV 0.5007382496915669, ss 14
AG*(7,3) = 34
AG*(7,1) = 39
AG*(7,5) = 41
AG*(7,2) = 39
AG*(7,0) = 50
AG*(7,8) = 52
AG*(7,4) = 85
NL(7,3) = 34, AG*'s used 0
NL(7,1) = 38, AG*'s used 34
NL(7,5) = 39, AG*'s used 39
NL(7,2) = 38, AG*'s used 39
NL(7,0) = 46, AG*'s used 41
NL(7,8) = 48, AG*'s used 41
NL(7,4) = 44, AG*'s used 52
Max in loop 52, 0.5007382496915669
Sample size to show min tv of 0.2753691248457834 is 43
AUD TV 0.40073824969156685, ss 53
AG*(7,3) = 33
AG*(7,1) = 38
AG*(7,5) = 40
AG*(7,2) = 38
AG*(7,0) = 48
AG*(7,8) = 51
AG*(7,4) = 79
NL(7,3) = 33, AG*'s used 0
NL(7,1) = 37, AG*'s used 33
NL(7,5) = 38, AG*'s used 38
NL(7,2) = 37, AG*'s used 38
NL(7,0) = 44, AG*'s used 40
NL(7,8) = 47, AG*'s used 40
NL(7,4) = 42, AG*'s used 51
Max in loop 53, 0.40073824969156685
AUD TV 0.45073824969156684, ss 24
AG*(7,3) = 33
AG*(7,1) = 38
AG*(7,5) = 41
AG*(7,2) = 39
AG*(7,0) = 49
AG*(7,8) = 51
AG*(7,4) = 82
NL(7,3) = 33, AG*'s used 0
NL(7,1) = 37, AG*'s used 33
NL(7,5) = 39, AG*'s used 39
NL(7,2) = 38, AG*'s used 38
NL(7,0) = 45, AG*'s used 41
NL(7,8) = 47, AG*'s used 41
NL(7,4) = 43, AG*'s used 51
Max in loop 51, 0.45073824969156684
AUD TV 0.5007382496915669, ss 14
AG*(7,3) = 34
AG*(7,1) = 39
AG*(7,5) = 41
AG*(7,2) = 39
AG*(7,0) = 50
AG*(7,8) = 52
AG*(7,4) = 84
NL(7,3) = 34, AG*'s used 0
NL(7,1) = 38, AG*'s used 34
NL(7,5) = 39, AG*'s used 39
NL(7,2) = 38, AG*'s used 39
NL(7,0) = 46, AG*'s used 41
NL(7,8) = 48, AG*'s used 41
NL(7,4) = 44, AG*'s used 52
Max in loop 52, 0.5007382496915669
Sample size required for audit is 51 ballots
------------------------------------------------
Assertion set BEFORE filtering:
(7, 'AG*', 3, 33)
(7, 'AG*', 2, 39)
(7, 'NL', 1, 37)
(7, 'NL', 3, 33)
(7, 'NL', 0, 45)
(7, 'AG*', 5, 41)
(7, 'AG*', 0, 49)
(7, 'NL', 8, 47)
(7, 'NL', 5, 39)
(7, 'NL', 4, 43)
(7, 'AG*', 8, 51)
(7, 'AG*', 1, 38)
(6, 'QT', None, 12)
(7, 'NL', 2, 38)
(6, 'LT', 0.2753691248457834, 43)
(6, 'MT', 0.45073824969156684, 24)
------------------------------------------------
Final set of assertions AFTER filtering:
(7, 'AG*', 3, 33)
(7, 'AG*', 2, 39)
(7, 'AG*', 5, 41)
(7, 'AG*', 0, 49)
(7, 'NL', 4, 43)
(7, 'AG*', 8, 51)
(7, 'AG*', 1, 38)
(6, 'QT', None, 12)
(6, 'LT', 0.2753691248457834, 43)
(6, 'MT', 0.45073824969156684, 24)
------------------------------------------------
Explanations for AG* inclusion:
   Explanation for (7, 'AG*', 3, 33): []
   Explanation for (7, 'AG*', 2, 39): []
   Explanation for (7, 'AG*', 5, 41): []
   Explanation for (7, 'AG*', 0, 49): []
   Explanation for (7, 'AG*', 8, 51): []
   Explanation for (7, 'AG*', 1, 38): []
------------------------------------------------
