VALID BALLOTS 51334
14 ballot checks required to assert that first winner has a quota's worth of votes
AUD TV 0.367077064293411, ss 59
AG*(4,0) = 16
AG*(4,2) = 15
AG*(4,3) = 19
NL(4,0) = 16, AG*'s used 15
NL(4,2) = 15, AG*'s used 0
NL(4,3) = 18, AG*'s used 16
Max in loop 59, 0.367077064293411
AUD TV 0.417077064293411, ss 27
AG*(4,0) = 16
AG*(4,2) = 16
AG*(4,3) = 19
NL(4,0) = 16, AG*'s used 16
NL(4,2) = 15, AG*'s used 16
NL(4,3) = 18, AG*'s used 16
Max in loop 27, 0.417077064293411
AUD TV 0.467077064293411, ss 16
AG*(4,0) = 16
AG*(4,2) = 16
AG*(4,3) = 19
NL(4,0) = 16, AG*'s used 16
NL(4,2) = 15, AG*'s used 16
NL(4,3) = 18, AG*'s used 16
Max in loop 18, 0.467077064293411
AUD TV 0.517077064293411, ss 11
AG*(4,0) = 16
AG*(4,2) = 16
AG*(4,3) = 20
NL(4,0) = 16, AG*'s used 16
NL(4,2) = 15, AG*'s used 16
NL(4,3) = 18, AG*'s used 16
Max in loop 18, 0.517077064293411
AUD TV 0.5670770642934111, ss 7
AG*(4,0) = 17
AG*(4,2) = 16
AG*(4,3) = 20
NL(4,0) = 16, AG*'s used 16
NL(4,2) = 16, AG*'s used 0
NL(4,3) = 19, AG*'s used 17
Max in loop 19, 0.5670770642934111
Sample size to show min tv of 0.15853853214670552 is 24
Sample size required for audit is 18 ballots
------------------------------------------------
Assertion set BEFORE filtering:
(4, 'NL', 2, 15)
(4, 'NL', 3, 18)
(4, 'NL', 0, 16)
(4, 'AG*', 0, 16)
(1, 'MT', 0.517077064293411, 11)
(4, 'AG*', 2, 16)
(1, 'QT', None, 14)
------------------------------------------------
Final set of assertions AFTER filtering:
(4, 'NL', 3, 18)
(4, 'AG*', 0, 16)
(1, 'MT', 0.517077064293411, 11)
(4, 'AG*', 2, 16)
(1, 'QT', None, 14)
------------------------------------------------
Explanations for AG* inclusion:
   Explanation for (4, 'AG*', 0, 16): []
   Explanation for (4, 'AG*', 2, 16): []
------------------------------------------------
