VALID BALLOTS 51334
14 ballot checks required to assert that first winner has a quota's worth of votes
AG(1,0) = 18
AG(1,2) = 15
AG(1,3) = 21
AG(1,4) = 65
AG(4,0) = 18
AG(4,2) = 17
AG(4,3) = 21
AUD TV 0.367077064293411, ss 59
NL(4,0) = 16, AG's used 0
NL(4,2) = 15, AG's used 0
NL(4,3) = 18, AG's used 18
Max in loop 59, 0.367077064293411
AUD TV 0.417077064293411, ss 27
NL(4,0) = 16, AG's used 0
NL(4,2) = 16, AG's used 0
NL(4,3) = 18, AG's used 18
Max in loop 27, 0.417077064293411
AUD TV 0.467077064293411, ss 16
NL(4,0) = 16, AG's used 0
NL(4,2) = 16, AG's used 0
NL(4,3) = 18, AG's used 18
Max in loop 18, 0.467077064293411
AUD TV 0.517077064293411, ss 11
NL(4,0) = 16, AG's used 0
NL(4,2) = 16, AG's used 0
NL(4,3) = 18, AG's used 18
Max in loop 18, 0.517077064293411
AUD TV 0.5670770642934111, ss 7
NL(4,0) = 16, AG's used 17
NL(4,2) = 16, AG's used 0
NL(4,3) = 19, AG's used 18
Max in loop 19, 0.5670770642934111
Sample size required for audit is 18 ballots
------------------------------------------------
Assertion set BEFORE filtering:
(4, 'AG', 2, 17)
(4, 'NL', 3, 18)
(1, 'MT', 0.517077064293411, 11)
(4, 'NL', 2, 16)
(1, 'QT', None, 14)
(4, 'AG', 0, 18)
(4, 'NL', 0, 16)
------------------------------------------------
Final set of assertions AFTER filtering:
(4, 'AG', 2, 17)
(4, 'NL', 3, 18)
(1, 'MT', 0.517077064293411, 11)
(1, 'QT', None, 14)
(4, 'AG', 0, 18)
------------------------------------------------
