VALID BALLOTS 48244
20 ballot checks required to assert that first winner has a quota's worth of votes
AG(3,0) = 11
AG(3,1) = 13
AG(3,2) = 13
AG(3,4) = 155
AG(3,5) = 14
AG(4,0) = 15
AG(4,1) = 18
AG(4,2) = 16
AG(4,5) = 15
AUD TV 0.3013383920674084, ss 72
NL(4,0) = 13, AG's used 0
NL(4,1) = 15, AG's used 15
NL(4,2) = 14, AG's used 0
NL(4,5) = 14, AG's used 0
Max in loop 72, 0.3013383920674084
AUD TV 0.3513383920674084, ss 33
NL(4,0) = 13, AG's used 0
NL(4,1) = 15, AG's used 15
NL(4,2) = 14, AG's used 0
NL(4,5) = 14, AG's used 0
Max in loop 33, 0.3513383920674084
AUD TV 0.4013383920674084, ss 20
NL(4,0) = 13, AG's used 0
NL(4,1) = 15, AG's used 16
NL(4,2) = 14, AG's used 0
NL(4,5) = 14, AG's used 0
Max in loop 20, 0.4013383920674084
AUD TV 0.4513383920674084, ss 14
NL(4,0) = 13, AG's used 0
NL(4,1) = 15, AG's used 16
NL(4,2) = 14, AG's used 15
NL(4,5) = 14, AG's used 0
Max in loop 20, 0.4513383920674084
AUD TV 0.5013383920674084, ss 10
NL(4,0) = 14, AG's used 0
NL(4,1) = 15, AG's used 16
NL(4,2) = 14, AG's used 15
NL(4,5) = 14, AG's used 0
Max in loop 20, 0.5013383920674084
AUD TV 0.5513383920674084, ss 7
NL(4,0) = 14, AG's used 0
NL(4,1) = 15, AG's used 16
NL(4,2) = 14, AG's used 15
NL(4,5) = 14, AG's used 15
Max in loop 20, 0.5513383920674084
AUD TV 0.6013383920674085, ss 5
NL(4,0) = 14, AG's used 0
NL(4,1) = 15, AG's used 16
NL(4,2) = 14, AG's used 15
NL(4,5) = 15, AG's used 15
Max in loop 20, 0.6013383920674085
AUD TV 0.6513383920674085, ss 4
NL(4,0) = 14, AG's used 0
NL(4,1) = 15, AG's used 16
NL(4,2) = 14, AG's used 15
NL(4,5) = 15, AG's used 15
Max in loop 20, 0.6513383920674085
Sample size required for audit is 20 ballots
------------------------------------------------
Assertion set BEFORE filtering:
(4, 'NL', 2, 14)
(4, 'NL', 5, 15)
(4, 'NL', 0, 14)
(4, 'NL', 1, 15)
(4, 'AG', 2, 16)
(3, 'QT', None, 20)
(3, 'MT', 0.6513383920674085, 4)
(4, 'AG', 5, 15)
(4, 'AG', 0, 15)
------------------------------------------------
Final set of assertions AFTER filtering:
(4, 'NL', 1, 15)
(4, 'AG', 2, 16)
(3, 'QT', None, 20)
(3, 'MT', 0.6513383920674085, 4)
(4, 'AG', 5, 15)
(4, 'AG', 0, 15)
------------------------------------------------
