VALID BALLOTS 50003
11 ballot checks required to assert that first winner has a quota's worth of votes
AG(2,0) = 49
AG(2,1) = 67
AG(2,3) = 43
AG(2,4) = 39
AG(2,6) = 41
AG(2,7) = 1961
AG(2,8) = 44
AG(5,0) = 10
AG(5,1) = 12
AG(5,2) = 19
AG(5,3) = 12
AG(5,4) = 9
AG(5,6) = 11
AG(5,7) = 15
AG(5,8) = 10
AG(7,0) = 250
AG(7,3) = 146
AG(7,4) = 98
AG(7,6) = 113
AG(7,8) = 113
AUD TV 0.41548783737485245, ss 51
NL(2,6) = 34, AG's used 0
NL(2,8) = 37, AG's used 0
NL(2,4) = 33, AG's used 0
NL(2,3) = 37, AG's used 0
NL(2,0) = 39, AG's used 39
NL(2,1) = 45, AG's used 44
NL(2,7) = 105, AG's used 67
Max in loop 105, 0.41548783737485245
AUD TV 0.46548783737485244, ss 23
NL(2,6) = 35, AG's used 0
NL(2,8) = 37, AG's used 0
NL(2,4) = 33, AG's used 0
NL(2,3) = 38, AG's used 0
NL(2,0) = 40, AG's used 39
NL(2,1) = 46, AG's used 44
NL(2,7) = 109, AG's used 67
Max in loop 109, 0.46548783737485244
Sample size required for audit is 105 ballots
------------------------------------------------
Assertion set BEFORE filtering:
(2, 'AG', 4, 39)
(2, 'AG', 1, 67)
(2, 'AG', 6, 41)
(2, 'NL', 6, 34)
(2, 'AG', 8, 44)
(2, 'NL', 7, 105)
(2, 'NL', 3, 37)
(2, 'NL', 8, 37)
(2, 'NL', 4, 33)
(2, 'AG', 3, 43)
(2, 'NL', 1, 45)
(2, 'AG', 0, 49)
(5, 'MT', 0.41548783737485245, 51)
(5, 'QT', None, 11)
(2, 'NL', 0, 39)
------------------------------------------------
Final set of assertions AFTER filtering:
(2, 'AG', 4, 39)
(2, 'AG', 1, 67)
(2, 'AG', 6, 41)
(2, 'AG', 8, 44)
(2, 'NL', 7, 105)
(2, 'AG', 3, 43)
(2, 'AG', 0, 49)
(5, 'MT', 0.41548783737485245, 51)
(5, 'QT', None, 11)
------------------------------------------------
