VALID BALLOTS 50003
11 ballot checks required to assert that first winner has a quota's worth of votes
AUD TV 0.41548783737485245, ss 51
AG*(2,6) = 34
AG*(2,8) = 37
AG*(2,4) = 33
AG*(2,3) = 37
AG*(2,0) = 40
AG*(2,1) = 48
AG*(2,7) = 178
NL(2,6) = 34, AG*'s used 33
NL(2,8) = 36, AG*'s used 34
NL(2,4) = 33, AG*'s used 0
NL(2,3) = 36, AG*'s used 37
NL(2,0) = 38, AG*'s used 37
NL(2,1) = 44, AG*'s used 40
NL(2,7) = 105, AG*'s used 48
Max in loop 105, 0.41548783737485245
AUD TV 0.46548783737485244, ss 23
AG*(2,6) = 35
AG*(2,8) = 37
AG*(2,4) = 33
AG*(2,3) = 38
AG*(2,0) = 40
AG*(2,1) = 49
AG*(2,7) = 191
NL(2,6) = 35, AG*'s used 33
NL(2,8) = 37, AG*'s used 35
NL(2,4) = 33, AG*'s used 0
NL(2,3) = 37, AG*'s used 37
NL(2,0) = 38, AG*'s used 38
NL(2,1) = 45, AG*'s used 40
NL(2,7) = 109, AG*'s used 49
Max in loop 109, 0.46548783737485244
Sample size to show min tv of 0.18274391868742623 is 19
AUD TV 0.41548783737485245, ss 51
AG*(2,6) = 33
AG*(2,8) = 36
AG*(2,4) = 32
AG*(2,3) = 36
AG*(2,0) = 38
AG*(2,1) = 46
AG*(2,7) = 155
NL(2,6) = 33, AG*'s used 32
NL(2,8) = 35, AG*'s used 33
NL(2,4) = 32, AG*'s used 0
NL(2,3) = 35, AG*'s used 33
NL(2,0) = 36, AG*'s used 36
NL(2,1) = 42, AG*'s used 38
NL(2,7) = 86, AG*'s used 46
Max in loop 86, 0.41548783737485245
AUD TV 0.46548783737485244, ss 23
AG*(2,6) = 34
AG*(2,8) = 36
AG*(2,4) = 32
AG*(2,3) = 36
AG*(2,0) = 39
AG*(2,1) = 47
AG*(2,7) = 166
NL(2,6) = 34, AG*'s used 32
NL(2,8) = 35, AG*'s used 36
NL(2,4) = 32, AG*'s used 0
NL(2,3) = 35, AG*'s used 36
NL(2,0) = 37, AG*'s used 36
NL(2,1) = 43, AG*'s used 39
NL(2,7) = 89, AG*'s used 47
Max in loop 89, 0.46548783737485244
Sample size to show min tv of 0.23274391868742622 is 25
AUD TV 0.41548783737485245, ss 51
AG*(2,6) = 33
AG*(2,8) = 35
AG*(2,4) = 32
AG*(2,3) = 36
AG*(2,0) = 38
AG*(2,1) = 45
AG*(2,7) = 150
NL(2,6) = 33, AG*'s used 32
NL(2,8) = 35, AG*'s used 33
NL(2,4) = 32, AG*'s used 0
NL(2,3) = 35, AG*'s used 35
NL(2,0) = 36, AG*'s used 36
NL(2,1) = 41, AG*'s used 38
NL(2,7) = 81, AG*'s used 45
Max in loop 81, 0.41548783737485245
AUD TV 0.46548783737485244, ss 23
AG*(2,6) = 34
AG*(2,8) = 36
AG*(2,4) = 32
AG*(2,3) = 36
AG*(2,0) = 39
AG*(2,1) = 46
AG*(2,7) = 160
NL(2,6) = 33, AG*'s used 32
NL(2,8) = 35, AG*'s used 34
NL(2,4) = 32, AG*'s used 0
NL(2,3) = 35, AG*'s used 36
NL(2,0) = 36, AG*'s used 36
NL(2,1) = 42, AG*'s used 39
NL(2,7) = 84, AG*'s used 46
Max in loop 84, 0.46548783737485244
Sample size to show min tv of 0.2827439186874262 is 37
AUD TV 0.41548783737485245, ss 51
AG*(2,6) = 33
AG*(2,8) = 35
AG*(2,4) = 32
AG*(2,3) = 35
AG*(2,0) = 38
AG*(2,1) = 45
AG*(2,7) = 145
NL(2,6) = 33, AG*'s used 32
NL(2,8) = 34, AG*'s used 35
NL(2,4) = 32, AG*'s used 0
NL(2,3) = 34, AG*'s used 35
NL(2,0) = 35, AG*'s used 35
NL(2,1) = 41, AG*'s used 38
NL(2,7) = 78, AG*'s used 45
Max in loop 78, 0.41548783737485245
AUD TV 0.46548783737485244, ss 23
AG*(2,6) = 33
AG*(2,8) = 35
AG*(2,4) = 32
AG*(2,3) = 36
AG*(2,0) = 38
AG*(2,1) = 46
AG*(2,7) = 154
NL(2,6) = 33, AG*'s used 32
NL(2,8) = 35, AG*'s used 33
NL(2,4) = 32, AG*'s used 0
NL(2,3) = 35, AG*'s used 35
NL(2,0) = 36, AG*'s used 36
NL(2,1) = 41, AG*'s used 38
NL(2,7) = 80, AG*'s used 46
Max in loop 80, 0.46548783737485244
Sample size required for audit is 78 ballots
------------------------------------------------
Assertion set BEFORE filtering:
(2, 'NL', 1, 41)
(2, 'NL', 7, 78)
(5, 'LT', 0.2827439186874262, 37)
(2, 'NL', 4, 32)
(2, 'AG*', 0, 38)
(2, 'NL', 8, 34)
(2, 'AG*', 4, 32)
(2, 'AG*', 3, 35)
(5, 'MT', 0.41548783737485245, 51)
(2, 'NL', 0, 35)
(2, 'NL', 6, 33)
(5, 'QT', None, 11)
(2, 'AG*', 1, 45)
(2, 'AG*', 6, 33)
(2, 'NL', 3, 34)
(2, 'AG*', 8, 35)
------------------------------------------------
Final set of assertions AFTER filtering:
(2, 'NL', 7, 78)
(5, 'LT', 0.2827439186874262, 37)
(2, 'AG*', 0, 38)
(2, 'AG*', 4, 32)
(2, 'AG*', 3, 35)
(5, 'MT', 0.41548783737485245, 51)
(5, 'QT', None, 11)
(2, 'AG*', 1, 45)
(2, 'AG*', 6, 33)
(2, 'AG*', 8, 35)
------------------------------------------------
Explanations for AG* inclusion:
   Explanation for (2, 'AG*', 0, 38): []
   Explanation for (2, 'AG*', 4, 32): []
   Explanation for (2, 'AG*', 3, 35): []
   Explanation for (2, 'AG*', 1, 45): []
   Explanation for (2, 'AG*', 6, 33): []
   Explanation for (2, 'AG*', 8, 35): []
------------------------------------------------
