VALID BALLOTS 48946
11 ballot checks required to assert that first winner has a quota's worth of votes
AUD TV 0.4279641631719405, ss 49
AG*(1,0) = 34
AG*(1,2) = 20
AG*(1,4) = 21
AG*(0,2) = 121
AG*(0,4) = 174
AG*(1,0) = 34
AG*(1,2) = 20
AG*(1,4) = 21
AG*(3,0) = 15
AG*(3,1) = 24
AG*(3,2) = 11
AG*(3,4) = 12
NL(1,4) = 21, AG*'s used 20
NL(1,2) = 20, AG*'s used 0
NL(1,0) = 32, AG*'s used 21
Max in loop 49, 0.4279641631719405
AUD TV 0.4779641631719405, ss 22
AG*(1,0) = 34
AG*(1,2) = 21
AG*(1,4) = 22
AG*(0,2) = 129
AG*(0,4) = 192
AG*(1,0) = 34
AG*(1,2) = 21
AG*(1,4) = 22
AG*(3,0) = 15
AG*(3,1) = 24
AG*(3,2) = 11
AG*(3,4) = 12
NL(1,4) = 21, AG*'s used 21
NL(1,2) = 21, AG*'s used 0
NL(1,0) = 33, AG*'s used 22
Max in loop 33, 0.4779641631719405
AUD TV 0.5279641631719405, ss 13
AG*(1,0) = 35
AG*(1,2) = 21
AG*(1,4) = 22
AG*(0,2) = 139
AG*(0,4) = 215
AG*(1,0) = 35
AG*(1,2) = 21
AG*(1,4) = 22
AG*(3,0) = 15
AG*(3,1) = 24
AG*(3,2) = 11
AG*(3,4) = 12
NL(1,4) = 22, AG*'s used 21
NL(1,2) = 21, AG*'s used 0
NL(1,0) = 33, AG*'s used 22
Max in loop 33, 0.5279641631719405
AUD TV 0.5779641631719405, ss 8
AG*(1,0) = 35
AG*(1,2) = 21
AG*(1,4) = 22
AG*(0,2) = 151
AG*(0,4) = 243
AG*(1,0) = 35
AG*(1,2) = 21
AG*(1,4) = 22
AG*(3,0) = 15
AG*(3,1) = 24
AG*(3,2) = 11
AG*(3,4) = 12
NL(1,4) = 22, AG*'s used 21
NL(1,2) = 21, AG*'s used 0
NL(1,0) = 34, AG*'s used 22
Max in loop 34, 0.5779641631719405
Sample size required for audit is 33 ballots
------------------------------------------------
Assertion set BEFORE filtering:
(3, 'QT', None, 11)
(1, 'AG*', 4, 22)
(1, 'NL', 0, 33)
(1, 'AG*', 2, 21)
(1, 'NL', 4, 22)
(3, 'MT', 0.5279641631719405, 13)
(1, 'NL', 2, 21)
------------------------------------------------
Final set of assertions AFTER filtering:
(3, 'QT', None, 11)
(1, 'AG*', 4, 22)
(1, 'NL', 0, 33)
(1, 'AG*', 2, 21)
(3, 'MT', 0.5279641631719405, 13)
------------------------------------------------
Explanations for AG* inclusion:
   Explanation for (1, 'AG*', 4, 22): []
   Explanation for (1, 'AG*', 2, 21): []
------------------------------------------------
