VALID BALLOTS 48946
11 ballot checks required to assert that first winner has a quota's worth of votes
AUD TV 0.4279641631719405, ss 49
AG*(1,4) = 21
AG*(1,2) = 20
AG*(1,0) = 34
NL(1,4) = 21, AG*'s used 20
NL(1,2) = 20, AG*'s used 0
NL(1,0) = 32, AG*'s used 21
Max in loop 49, 0.4279641631719405
AUD TV 0.4779641631719405, ss 22
AG*(1,4) = 22
AG*(1,2) = 21
AG*(1,0) = 34
NL(1,4) = 21, AG*'s used 21
NL(1,2) = 21, AG*'s used 0
NL(1,0) = 33, AG*'s used 22
Max in loop 33, 0.4779641631719405
AUD TV 0.5279641631719405, ss 13
AG*(1,4) = 22
AG*(1,2) = 21
AG*(1,0) = 35
NL(1,4) = 22, AG*'s used 21
NL(1,2) = 21, AG*'s used 0
NL(1,0) = 33, AG*'s used 22
Max in loop 33, 0.5279641631719405
AUD TV 0.5779641631719405, ss 8
AG*(1,4) = 22
AG*(1,2) = 21
AG*(1,0) = 35
NL(1,4) = 22, AG*'s used 21
NL(1,2) = 21, AG*'s used 0
NL(1,0) = 34, AG*'s used 22
Max in loop 34, 0.5779641631719405
Sample size to show min tv of 0.18898208158597027 is 18
AUD TV 0.4279641631719405, ss 49
AG*(1,4) = 21
AG*(1,2) = 20
AG*(1,0) = 32
NL(1,4) = 20, AG*'s used 20
NL(1,2) = 20, AG*'s used 0
NL(1,0) = 30, AG*'s used 21
Max in loop 49, 0.4279641631719405
AUD TV 0.4779641631719405, ss 22
AG*(1,4) = 21
AG*(1,2) = 20
AG*(1,0) = 33
NL(1,4) = 21, AG*'s used 20
NL(1,2) = 20, AG*'s used 0
NL(1,0) = 30, AG*'s used 21
Max in loop 30, 0.4779641631719405
AUD TV 0.5279641631719405, ss 13
AG*(1,4) = 21
AG*(1,2) = 20
AG*(1,0) = 33
NL(1,4) = 21, AG*'s used 20
NL(1,2) = 20, AG*'s used 0
NL(1,0) = 30, AG*'s used 21
Max in loop 30, 0.5279641631719405
AUD TV 0.5779641631719405, ss 8
AG*(1,4) = 21
AG*(1,2) = 20
AG*(1,0) = 34
NL(1,4) = 21, AG*'s used 20
NL(1,2) = 20, AG*'s used 0
NL(1,0) = 31, AG*'s used 21
Max in loop 31, 0.5779641631719405
Sample size to show min tv of 0.23898208158597029 is 23
AUD TV 0.4279641631719405, ss 49
AG*(1,4) = 21
AG*(1,2) = 20
AG*(1,0) = 32
NL(1,4) = 20, AG*'s used 20
NL(1,2) = 20, AG*'s used 0
NL(1,0) = 29, AG*'s used 21
Max in loop 49, 0.4279641631719405
AUD TV 0.4779641631719405, ss 22
AG*(1,4) = 21
AG*(1,2) = 20
AG*(1,0) = 32
NL(1,4) = 20, AG*'s used 20
NL(1,2) = 20, AG*'s used 0
NL(1,0) = 29, AG*'s used 21
Max in loop 29, 0.4779641631719405
AUD TV 0.5279641631719405, ss 13
AG*(1,4) = 21
AG*(1,2) = 20
AG*(1,0) = 33
NL(1,4) = 21, AG*'s used 20
NL(1,2) = 20, AG*'s used 0
NL(1,0) = 30, AG*'s used 21
Max in loop 30, 0.5279641631719405
Sample size to show min tv of 0.2889820815859703 is 34
Sample size required for audit is 29 ballots
------------------------------------------------
Assertion set BEFORE filtering:
(3, 'QT', None, 11)
(1, 'NL', 0, 29)
(3, 'LT', 0.23898208158597029, 23)
(1, 'AG*', 2, 20)
(1, 'NL', 4, 20)
(1, 'NL', 2, 20)
(3, 'MT', 0.4779641631719405, 22)
(1, 'AG*', 4, 21)
------------------------------------------------
Final set of assertions AFTER filtering:
(3, 'QT', None, 11)
(1, 'NL', 0, 29)
(3, 'LT', 0.23898208158597029, 23)
(1, 'AG*', 2, 20)
(3, 'MT', 0.4779641631719405, 22)
(1, 'AG*', 4, 21)
------------------------------------------------
Explanations for AG* inclusion:
   Explanation for (1, 'AG*', 2, 20): []
   Explanation for (1, 'AG*', 4, 21): []
------------------------------------------------
