VALID BALLOTS 45576
25 ballot checks required to assert that first winner has a quota's worth of votes
AG(0,1) = 13
AG(0,2) = 13
AG(0,3) = 14
AG(4,1) = 13
AG(4,2) = 14
AG(4,3) = 17
AUD TV 0.2609172120078945, ss 80
NL(4,1) = 13, AG's used 0
NL(4,2) = 12, AG's used 13
NL(4,3) = 13, AG's used 13
Max in loop 80, 0.2609172120078945
AUD TV 0.31091721200789446, ss 37
NL(4,1) = 13, AG's used 0
NL(4,2) = 12, AG's used 13
NL(4,3) = 13, AG's used 14
Max in loop 37, 0.31091721200789446
AUD TV 0.36091721200789445, ss 23
NL(4,1) = 13, AG's used 0
NL(4,2) = 13, AG's used 13
NL(4,3) = 14, AG's used 14
Max in loop 25, 0.36091721200789445
AUD TV 0.41091721200789444, ss 15
NL(4,1) = 13, AG's used 0
NL(4,2) = 13, AG's used 13
NL(4,3) = 14, AG's used 14
Max in loop 25, 0.41091721200789444
AUD TV 0.46091721200789443, ss 11
NL(4,1) = 13, AG's used 0
NL(4,2) = 13, AG's used 13
NL(4,3) = 14, AG's used 14
Max in loop 25, 0.46091721200789443
AUD TV 0.5109172120078944, ss 8
NL(4,1) = 13, AG's used 0
NL(4,2) = 13, AG's used 13
NL(4,3) = 14, AG's used 14
Max in loop 25, 0.5109172120078944
AUD TV 0.5609172120078945, ss 6
NL(4,1) = 13, AG's used 0
NL(4,2) = 13, AG's used 13
NL(4,3) = 14, AG's used 14
Max in loop 25, 0.5609172120078945
AUD TV 0.6109172120078945, ss 5
NL(4,1) = 13, AG's used 0
NL(4,2) = 13, AG's used 13
NL(4,3) = 14, AG's used 14
Max in loop 25, 0.6109172120078945
AUD TV 0.6609172120078946, ss 3
NL(4,1) = 13, AG's used 0
NL(4,2) = 13, AG's used 13
NL(4,3) = 15, AG's used 14
Max in loop 25, 0.6609172120078946
Sample size required for audit is 25 ballots
------------------------------------------------
Assertion set BEFORE filtering:
(4, 'NL', 1, 13)
(4, 'NL', 2, 13)
(4, 'NL', 3, 15)
(0, 'MT', 0.6609172120078946, 3)
(0, 'QT', None, 25)
(4, 'AG', 2, 14)
(4, 'AG', 1, 13)
------------------------------------------------
Final set of assertions AFTER filtering:
(4, 'NL', 3, 15)
(0, 'MT', 0.6609172120078946, 3)
(0, 'QT', None, 25)
(4, 'AG', 2, 14)
(4, 'AG', 1, 13)
------------------------------------------------
