VALID BALLOTS 48730
8 ballot checks required to assert that first winner has a quota's worth of votes
AUD TV 0.4968997922980013, ss 38
AG*(3,0) = 43
AG*(3,1) = 46
AG*(3,4) = 39
AG*(3,5) = 474
AG*(2,0) = 9
AG*(2,1) = 10
AG*(2,3) = 13
AG*(2,4) = 8
AG*(2,5) = 12
AG*(3,0) = 43
AG*(3,1) = 46
AG*(3,4) = 39
AG*(3,5) = 474
AG*(5,0) = 82
AG*(5,1) = 100
AG*(5,4) = 75
NL(3,0) = 43, AG*'s used 39
NL(3,1) = 44, AG*'s used 43
NL(3,4) = 39, AG*'s used 0
NL(3,5) = 202, AG*'s used 46
Max in loop 202, 0.4968997922980013
AUD TV 0.5468997922980013, ss 17
AG*(3,0) = 44
AG*(3,1) = 47
AG*(3,4) = 40
AG*(3,5) = 561
AG*(2,0) = 9
AG*(2,1) = 10
AG*(2,3) = 13
AG*(2,4) = 8
AG*(2,5) = 12
AG*(3,0) = 44
AG*(3,1) = 47
AG*(3,4) = 40
AG*(3,5) = 561
AG*(5,0) = 85
AG*(5,1) = 106
AG*(5,4) = 79
NL(3,0) = 44, AG*'s used 40
NL(3,1) = 45, AG*'s used 44
NL(3,4) = 40, AG*'s used 0
NL(3,5) = 221, AG*'s used 47
Max in loop 221, 0.5468997922980013
Sample size required for audit is 202 ballots
------------------------------------------------
Assertion set BEFORE filtering:
(3, 'AG*', 4, 39)
(3, 'AG*', 0, 43)
(3, 'AG*', 1, 46)
(3, 'NL', 0, 43)
(3, 'NL', 4, 39)
(2, 'MT', 0.4968997922980013, 38)
(3, 'NL', 1, 44)
(3, 'NL', 5, 202)
(2, 'QT', None, 8)
------------------------------------------------
Final set of assertions AFTER filtering:
(3, 'AG*', 4, 39)
(3, 'AG*', 0, 43)
(3, 'AG*', 1, 46)
(2, 'MT', 0.4968997922980013, 38)
(3, 'NL', 5, 202)
(2, 'QT', None, 8)
------------------------------------------------
Explanations for AG* inclusion:
   Explanation for (3, 'AG*', 4, 39): []
   Explanation for (3, 'AG*', 0, 43): []
   Explanation for (3, 'AG*', 1, 46): []
------------------------------------------------
