VALID BALLOTS 48730
8 ballot checks required to assert that first winner has a quota's worth of votes
AG(2,0) = 9
AG(2,1) = 10
AG(2,3) = 13
AG(2,4) = 8
AG(2,5) = 12
AG(3,0) = 53
AG(3,1) = 59
AG(3,4) = 54
AG(5,0) = 128
AG(5,1) = 205
AG(5,4) = 153
AUD TV 0.4968997922980013, ss 38
NL(3,0) = 43, AG's used 0
NL(3,1) = 46, AG's used 0
NL(3,4) = 39, AG's used 0
NL(3,5) = 202, AG's used 59
Max in loop 202, 0.4968997922980013
AUD TV 0.5468997922980013, ss 17
NL(3,0) = 44, AG's used 0
NL(3,1) = 47, AG's used 0
NL(3,4) = 40, AG's used 0
NL(3,5) = 221, AG's used 59
Max in loop 221, 0.5468997922980013
Sample size required for audit is 202 ballots
------------------------------------------------
Assertion set BEFORE filtering:
(3, 'NL', 1, 46)
(3, 'NL', 0, 43)
(3, 'AG', 0, 53)
(3, 'AG', 1, 59)
(3, 'NL', 4, 39)
(3, 'NL', 5, 202)
(2, 'MT', 0.4968997922980013, 38)
(3, 'AG', 4, 54)
(2, 'QT', None, 8)
------------------------------------------------
Final set of assertions AFTER filtering:
(3, 'AG', 0, 53)
(3, 'AG', 1, 59)
(3, 'NL', 5, 202)
(2, 'MT', 0.4968997922980013, 38)
(3, 'AG', 4, 54)
(2, 'QT', None, 8)
------------------------------------------------
