VALID BALLOTS 50082
11 ballot checks required to assert that first winner has a quota's worth of votes
AUD TV 0.42730782141658274, ss 49
AG*(4,0) = 38
AG*(4,1) = 300
AG*(4,3) = 33
AG*(4,5) = 34
AG*(1,3) = 85
AG*(1,5) = 120
AG*(2,0) = 10
AG*(2,1) = 12
AG*(2,3) = 9
AG*(2,4) = 15
AG*(2,5) = 9
AG*(4,0) = 38
AG*(4,1) = 300
AG*(4,3) = 33
AG*(4,5) = 34
NL(4,3) = 33, AG*'s used 0
NL(4,5) = 34, AG*'s used 33
NL(4,0) = 37, AG*'s used 34
NL(4,1) = 129, AG*'s used 38
Max in loop 129, 0.42730782141658274
AUD TV 0.47730782141658273, ss 22
AG*(4,0) = 39
AG*(4,1) = 403
AG*(4,3) = 33
AG*(4,5) = 35
AG*(1,3) = 89
AG*(1,5) = 129
AG*(2,0) = 10
AG*(2,1) = 12
AG*(2,3) = 9
AG*(2,4) = 15
AG*(2,5) = 9
AG*(4,0) = 39
AG*(4,1) = 403
AG*(4,3) = 33
AG*(4,5) = 35
NL(4,3) = 33, AG*'s used 0
NL(4,5) = 35, AG*'s used 33
NL(4,0) = 38, AG*'s used 35
NL(4,1) = 145, AG*'s used 39
Max in loop 145, 0.47730782141658273
Sample size required for audit is 129 ballots
------------------------------------------------
Assertion set BEFORE filtering:
(4, 'NL', 1, 129)
(4, 'AG*', 5, 34)
(4, 'AG*', 3, 33)
(2, 'QT', None, 11)
(4, 'AG*', 0, 38)
(2, 'MT', 0.42730782141658274, 49)
(4, 'NL', 0, 37)
(4, 'NL', 5, 34)
(4, 'NL', 3, 33)
------------------------------------------------
Final set of assertions AFTER filtering:
(4, 'NL', 1, 129)
(4, 'AG*', 5, 34)
(4, 'AG*', 3, 33)
(2, 'QT', None, 11)
(4, 'AG*', 0, 38)
(2, 'MT', 0.42730782141658274, 49)
------------------------------------------------
Explanations for AG* inclusion:
   Explanation for (4, 'AG*', 5, 34): []
   Explanation for (4, 'AG*', 3, 33): []
   Explanation for (4, 'AG*', 0, 38): []
------------------------------------------------
