VALID BALLOTS 44615
7 ballot checks required to assert that first winner has a quota's worth of votes
AUD TV 0.5097500726532985, ss 36
AG*(1,0) = 29
AG*(1,3) = 42
AG*(1,4) = 53
AG*(1,5) = 53
AG*(1,0) = 29
AG*(1,3) = 42
AG*(1,4) = 53
AG*(1,5) = 53
AG*(2,0) = 7
AG*(2,1) = 12
AG*(2,3) = 7
AG*(2,4) = 8
AG*(2,5) = 8
NL(1,0) = 29, AG*'s used 0
NL(1,3) = 42, AG*'s used 29
NL(1,4) = 51, AG*'s used 42
NL(1,5) = 51, AG*'s used 42
Max in loop 51, 0.5097500726532985
AUD TV 0.5597500726532986, ss 16
AG*(1,0) = 29
AG*(1,3) = 45
AG*(1,4) = 57
AG*(1,5) = 58
AG*(1,0) = 29
AG*(1,3) = 45
AG*(1,4) = 57
AG*(1,5) = 58
AG*(2,0) = 7
AG*(2,1) = 12
AG*(2,3) = 7
AG*(2,4) = 8
AG*(2,5) = 8
NL(1,0) = 29, AG*'s used 0
NL(1,3) = 45, AG*'s used 29
NL(1,4) = 55, AG*'s used 45
NL(1,5) = 56, AG*'s used 45
Max in loop 56, 0.5597500726532986
Breaking out of inner loop 56 > 51
Sample size to show min tv of 0.22987503632664924 is 12
AUD TV 0.5097500726532985, ss 36
AG*(1,0) = 27
AG*(1,3) = 39
AG*(1,4) = 48
AG*(1,5) = 48
AG*(1,0) = 27
AG*(1,3) = 39
AG*(1,4) = 48
AG*(1,5) = 48
AG*(2,0) = 7
AG*(2,1) = 12
AG*(2,3) = 7
AG*(2,4) = 8
AG*(2,5) = 8
AG*(5,0) = 933
NL(1,0) = 27, AG*'s used 0
NL(1,3) = 38, AG*'s used 27
NL(1,4) = 45, AG*'s used 39
NL(1,5) = 46, AG*'s used 39
Max in loop 46, 0.5097500726532985
AUD TV 0.5597500726532986, ss 16
AG*(1,0) = 28
AG*(1,3) = 42
AG*(1,4) = 51
AG*(1,5) = 53
AG*(1,0) = 28
AG*(1,3) = 42
AG*(1,4) = 51
AG*(1,5) = 53
AG*(2,0) = 7
AG*(2,1) = 12
AG*(2,3) = 7
AG*(2,4) = 8
AG*(2,5) = 8
AG*(5,0) = 1391
NL(1,0) = 28, AG*'s used 0
NL(1,3) = 41, AG*'s used 28
NL(1,4) = 48, AG*'s used 42
NL(1,5) = 49, AG*'s used 42
Max in loop 49, 0.5597500726532986
Breaking out of inner loop 49 > 46
New mintv = 0.27987503632664923
Sample size to show min tv of 0.27987503632664923 is 14
AUD TV 0.5097500726532985, ss 36
AG*(1,0) = 27
AG*(1,3) = 39
AG*(1,4) = 47
AG*(1,5) = 48
AG*(1,0) = 27
AG*(1,3) = 39
AG*(1,4) = 47
AG*(1,5) = 48
AG*(2,0) = 7
AG*(2,1) = 12
AG*(2,3) = 7
AG*(2,4) = 8
AG*(2,5) = 8
AG*(5,0) = 403
NL(1,0) = 27, AG*'s used 0
NL(1,3) = 38, AG*'s used 27
NL(1,4) = 44, AG*'s used 39
NL(1,5) = 45, AG*'s used 39
Max in loop 45, 0.5097500726532985
AUD TV 0.5597500726532986, ss 16
AG*(1,0) = 27
AG*(1,3) = 41
AG*(1,4) = 50
AG*(1,5) = 52
AG*(1,0) = 27
AG*(1,3) = 41
AG*(1,4) = 50
AG*(1,5) = 52
AG*(2,0) = 7
AG*(2,1) = 12
AG*(2,3) = 7
AG*(2,4) = 8
AG*(2,5) = 8
AG*(5,0) = 519
NL(1,0) = 27, AG*'s used 0
NL(1,3) = 40, AG*'s used 27
NL(1,4) = 47, AG*'s used 41
NL(1,5) = 48, AG*'s used 41
Max in loop 48, 0.5597500726532986
Breaking out of inner loop 48 > 45
New mintv = 0.3298750363266492
Sample size to show min tv of 0.3298750363266492 is 19
AUD TV 0.5097500726532985, ss 36
AG*(1,0) = 27
AG*(1,3) = 38
AG*(1,4) = 46
AG*(1,5) = 47
AG*(1,0) = 27
AG*(1,3) = 38
AG*(1,4) = 46
AG*(1,5) = 47
AG*(2,0) = 7
AG*(2,1) = 12
AG*(2,3) = 7
AG*(2,4) = 8
AG*(2,5) = 8
AG*(5,0) = 250
NL(1,0) = 27, AG*'s used 0
NL(1,3) = 37, AG*'s used 27
NL(1,4) = 43, AG*'s used 38
NL(1,5) = 43, AG*'s used 38
Max in loop 43, 0.5097500726532985
AUD TV 0.5597500726532986, ss 16
AG*(1,0) = 27
AG*(1,3) = 40
AG*(1,4) = 49
AG*(1,5) = 51
AG*(1,0) = 27
AG*(1,3) = 40
AG*(1,4) = 49
AG*(1,5) = 51
AG*(2,0) = 7
AG*(2,1) = 12
AG*(2,3) = 7
AG*(2,4) = 8
AG*(2,5) = 8
AG*(5,0) = 274
NL(1,0) = 27, AG*'s used 0
NL(1,3) = 40, AG*'s used 27
NL(1,4) = 46, AG*'s used 40
NL(1,5) = 47, AG*'s used 40
Max in loop 47, 0.5597500726532986
Breaking out of inner loop 47 > 43
New mintv = 0.3798750363266492
Sample size to show min tv of 0.3798750363266492 is 28
AUD TV 0.5097500726532985, ss 36
AG*(1,0) = 26
AG*(1,3) = 37
AG*(1,4) = 46
AG*(1,5) = 46
AG*(1,0) = 26
AG*(1,3) = 37
AG*(1,4) = 46
AG*(1,5) = 46
AG*(2,0) = 7
AG*(2,1) = 12
AG*(2,3) = 7
AG*(2,4) = 8
AG*(2,5) = 8
AG*(5,0) = 194
NL(1,0) = 26, AG*'s used 0
NL(1,3) = 37, AG*'s used 26
NL(1,4) = 42, AG*'s used 37
NL(1,5) = 43, AG*'s used 37
Max in loop 43, 0.5097500726532985
AUD TV 0.5597500726532986, ss 16
AG*(1,0) = 27
AG*(1,3) = 40
AG*(1,4) = 48
AG*(1,5) = 50
AG*(1,0) = 27
AG*(1,3) = 40
AG*(1,4) = 48
AG*(1,5) = 50
AG*(2,0) = 7
AG*(2,1) = 12
AG*(2,3) = 7
AG*(2,4) = 8
AG*(2,5) = 8
AG*(5,0) = 208
NL(1,0) = 27, AG*'s used 0
NL(1,3) = 39, AG*'s used 27
NL(1,4) = 45, AG*'s used 40
NL(1,5) = 46, AG*'s used 40
Max in loop 46, 0.5597500726532986
Breaking out of inner loop 46 > 43
New mintv = 0.4298750363266492
Sample size to show min tv of 0.4298750363266492 is 71
Sample size required for audit is 43 ballots
------------------------------------------------
Assertion set BEFORE filtering:
(1, 'NL', 4, 42)
(1, 'AG*', 3, 37)
(2, 'QT', None, 7)
(1, 'AG*', 0, 26)
(1, 'NL', 5, 43)
(1, 'NL', 3, 37)
(1, 'NL', 0, 26)
(2, 'LT', None, (0.3798750363266492, 28))
(2, 'MT', None, (0.5097500726532985, 36))
------------------------------------------------
Final set of assertions AFTER filtering:
(1, 'NL', 4, 42)
(1, 'AG*', 3, 37)
(2, 'QT', None, 7)
(1, 'AG*', 0, 26)
(1, 'NL', 5, 43)
(2, 'LT', None, (0.3798750363266492, 28))
(2, 'MT', None, (0.5097500726532985, 36))
------------------------------------------------
Explanations for AG* inclusion:
   Explanation for (1, 'AG*', 3, 37): []
   Explanation for (1, 'AG*', 0, 26): []
------------------------------------------------
