VALID BALLOTS 44615
7 ballot checks required to assert that first winner has a quota's worth of votes
AUD TV 0.5097500726532985, ss 36
AG*(1,0) = 29
AG*(1,3) = 42
AG*(1,4) = 53
AG*(1,5) = 53
AG*(1,0) = 29
AG*(1,3) = 42
AG*(1,4) = 53
AG*(1,5) = 53
AG*(2,0) = 7
AG*(2,1) = 12
AG*(2,3) = 7
AG*(2,4) = 8
AG*(2,5) = 8
NL(1,0) = 29, AG*'s used 0
NL(1,3) = 42, AG*'s used 29
NL(1,4) = 51, AG*'s used 42
NL(1,5) = 51, AG*'s used 42
Max in loop 51, 0.5097500726532985
AUD TV 0.5597500726532986, ss 16
AG*(1,0) = 29
AG*(1,3) = 45
AG*(1,4) = 57
AG*(1,5) = 58
AG*(1,0) = 29
AG*(1,3) = 45
AG*(1,4) = 57
AG*(1,5) = 58
AG*(2,0) = 7
AG*(2,1) = 12
AG*(2,3) = 7
AG*(2,4) = 8
AG*(2,5) = 8
NL(1,0) = 29, AG*'s used 0
NL(1,3) = 45, AG*'s used 29
NL(1,4) = 55, AG*'s used 45
NL(1,5) = 56, AG*'s used 45
Max in loop 56, 0.5597500726532986
Sample size required for audit is 51 ballots
------------------------------------------------
Assertion set BEFORE filtering:
(1, 'NL', 0, 29)
(1, 'NL', 3, 42)
(1, 'NL', 4, 51)
(1, 'NL', 5, 51)
(1, 'AG*', 3, 42)
(2, 'QT', None, 7)
(1, 'AG*', 0, 29)
(2, 'MT', 0.5097500726532985, 36)
------------------------------------------------
Final set of assertions AFTER filtering:
(1, 'NL', 4, 51)
(1, 'NL', 5, 51)
(1, 'AG*', 3, 42)
(2, 'QT', None, 7)
(1, 'AG*', 0, 29)
(2, 'MT', 0.5097500726532985, 36)
------------------------------------------------
Explanations for AG* inclusion:
   Explanation for (1, 'AG*', 3, 42): []
   Explanation for (1, 'AG*', 0, 29): []
------------------------------------------------
