VALID BALLOTS 44615
7 ballot checks required to assert that first winner has a quota's worth of votes
AG(1,0) = 35
AG(1,3) = 126
AG(1,4) = 144
AG(1,5) = 537
AG(2,0) = 7
AG(2,1) = 12
AG(2,3) = 7
AG(2,4) = 8
AG(2,5) = 8
AUD TV 0.5097500726532985, ss 36
NL(1,0) = 29, AG's used 0
NL(1,3) = 42, AG's used 35
NL(1,4) = 52, AG's used 35
NL(1,5) = 52, AG's used 35
Max in loop 52, 0.5097500726532985
AUD TV 0.5597500726532986, ss 16
NL(1,0) = 29, AG's used 0
NL(1,3) = 45, AG's used 35
NL(1,4) = 55, AG's used 35
NL(1,5) = 57, AG's used 35
Max in loop 57, 0.5597500726532986
Sample size required for audit is 52 ballots
------------------------------------------------
Assertion set BEFORE filtering:
(1, 'NL', 5, 52)
(2, 'QT', None, 7)
(1, 'NL', 3, 42)
(1, 'AG', 0, 35)
(1, 'NL', 0, 29)
(2, 'MT', 0.5097500726532985, 36)
(1, 'NL', 4, 52)
------------------------------------------------
Final set of assertions AFTER filtering:
(1, 'NL', 5, 52)
(2, 'QT', None, 7)
(1, 'NL', 3, 42)
(1, 'AG', 0, 35)
(2, 'MT', 0.5097500726532985, 36)
(1, 'NL', 4, 52)
------------------------------------------------
