VALID BALLOTS 47035
10 ballot checks required to assert that first winner has a quota's worth of votes
AUD TV 0.45021422286829116, ss 45
AG*(5,0) = 30
AG*(5,1) = 23
AG*(5,3) = 22
AG*(5,4) = 27
AG*(2,0) = 10
AG*(2,1) = 9
AG*(2,3) = 9
AG*(2,4) = 9
AG*(2,5) = 17
AG*(5,0) = 30
AG*(5,1) = 23
AG*(5,3) = 22
AG*(5,4) = 27
NL(5,3) = 22, AG*'s used 0
NL(5,1) = 22, AG*'s used 22
NL(5,4) = 27, AG*'s used 23
NL(5,0) = 28, AG*'s used 27
Max in loop 45, 0.45021422286829116
AUD TV 0.5002142228682912, ss 20
AG*(5,0) = 30
AG*(5,1) = 23
AG*(5,3) = 22
AG*(5,4) = 28
AG*(2,0) = 10
AG*(2,1) = 9
AG*(2,3) = 9
AG*(2,4) = 9
AG*(2,5) = 17
AG*(5,0) = 30
AG*(5,1) = 23
AG*(5,3) = 22
AG*(5,4) = 28
NL(5,3) = 22, AG*'s used 0
NL(5,1) = 23, AG*'s used 22
NL(5,4) = 27, AG*'s used 23
NL(5,0) = 29, AG*'s used 28
Max in loop 29, 0.5002142228682912
AUD TV 0.5502142228682912, ss 12
AG*(5,0) = 31
AG*(5,1) = 23
AG*(5,3) = 23
AG*(5,4) = 29
AG*(2,0) = 10
AG*(2,1) = 9
AG*(2,3) = 9
AG*(2,4) = 9
AG*(2,5) = 17
AG*(5,0) = 31
AG*(5,1) = 23
AG*(5,3) = 23
AG*(5,4) = 29
NL(5,3) = 22, AG*'s used 23
NL(5,1) = 23, AG*'s used 23
NL(5,4) = 28, AG*'s used 23
NL(5,0) = 29, AG*'s used 29
Max in loop 29, 0.5502142228682912
AUD TV 0.6002142228682913, ss 8
AG*(5,0) = 32
AG*(5,1) = 24
AG*(5,3) = 23
AG*(5,4) = 30
AG*(2,0) = 10
AG*(2,1) = 9
AG*(2,3) = 9
AG*(2,4) = 9
AG*(2,5) = 17
AG*(5,0) = 32
AG*(5,1) = 24
AG*(5,3) = 23
AG*(5,4) = 30
NL(5,3) = 23, AG*'s used 0
NL(5,1) = 23, AG*'s used 23
NL(5,4) = 29, AG*'s used 24
NL(5,0) = 30, AG*'s used 30
Max in loop 30, 0.6002142228682913
Sample size to show min tv of 0.20010711143414558 is 16
AUD TV 0.45021422286829116, ss 45
AG*(5,0) = 28
AG*(5,1) = 22
AG*(5,3) = 21
AG*(5,4) = 26
AG*(0,3) = 22211
AG*(2,0) = 10
AG*(2,1) = 9
AG*(2,3) = 9
AG*(2,4) = 9
AG*(2,5) = 17
AG*(5,0) = 28
AG*(5,1) = 22
AG*(5,3) = 21
AG*(5,4) = 26
NL(5,3) = 21, AG*'s used 0
NL(5,1) = 22, AG*'s used 21
NL(5,4) = 25, AG*'s used 22
NL(5,0) = 26, AG*'s used 26
Max in loop 45, 0.45021422286829116
AUD TV 0.5002142228682912, ss 20
AG*(5,0) = 29
AG*(5,1) = 22
AG*(5,3) = 22
AG*(5,4) = 27
AG*(0,3) = 47035
AG*(2,0) = 10
AG*(2,1) = 9
AG*(2,3) = 9
AG*(2,4) = 9
AG*(2,5) = 17
AG*(5,0) = 29
AG*(5,1) = 22
AG*(5,3) = 22
AG*(5,4) = 27
NL(5,3) = 21, AG*'s used 22
NL(5,1) = 22, AG*'s used 22
NL(5,4) = 26, AG*'s used 22
NL(5,0) = 26, AG*'s used 27
Max in loop 27, 0.5002142228682912
AUD TV 0.5502142228682912, ss 12
AG*(5,0) = 30
AG*(5,1) = 23
AG*(5,3) = 22
AG*(5,4) = 28
AG*(2,0) = 10
AG*(2,1) = 9
AG*(2,3) = 9
AG*(2,4) = 9
AG*(2,5) = 17
AG*(5,0) = 30
AG*(5,1) = 23
AG*(5,3) = 22
AG*(5,4) = 28
NL(5,3) = 22, AG*'s used 0
NL(5,1) = 22, AG*'s used 22
NL(5,4) = 27, AG*'s used 23
NL(5,0) = 27, AG*'s used 28
Max in loop 28, 0.5502142228682912
Sample size to show min tv of 0.2501071114341456 is 20
AUD TV 0.45021422286829116, ss 45
AG*(5,0) = 28
AG*(5,1) = 22
AG*(5,3) = 21
AG*(5,4) = 26
AG*(0,1) = 3706
AG*(0,3) = 3894
AG*(2,0) = 10
AG*(2,1) = 9
AG*(2,3) = 9
AG*(2,4) = 9
AG*(2,5) = 17
AG*(5,0) = 28
AG*(5,1) = 22
AG*(5,3) = 21
AG*(5,4) = 26
NL(5,3) = 21, AG*'s used 0
NL(5,1) = 21, AG*'s used 21
NL(5,4) = 25, AG*'s used 22
NL(5,0) = 25, AG*'s used 26
Max in loop 45, 0.45021422286829116
AUD TV 0.5002142228682912, ss 20
AG*(5,0) = 29
AG*(5,1) = 22
AG*(5,3) = 21
AG*(5,4) = 27
AG*(0,3) = 47035
AG*(2,0) = 10
AG*(2,1) = 9
AG*(2,3) = 9
AG*(2,4) = 9
AG*(2,5) = 17
AG*(5,0) = 29
AG*(5,1) = 22
AG*(5,3) = 21
AG*(5,4) = 27
NL(5,3) = 21, AG*'s used 0
NL(5,1) = 22, AG*'s used 21
NL(5,4) = 26, AG*'s used 22
NL(5,0) = 26, AG*'s used 27
Max in loop 27, 0.5002142228682912
AUD TV 0.5502142228682912, ss 12
AG*(5,0) = 29
AG*(5,1) = 22
AG*(5,3) = 22
AG*(5,4) = 27
AG*(2,0) = 10
AG*(2,1) = 9
AG*(2,3) = 9
AG*(2,4) = 9
AG*(2,5) = 17
AG*(5,0) = 29
AG*(5,1) = 22
AG*(5,3) = 22
AG*(5,4) = 27
NL(5,3) = 21, AG*'s used 22
NL(5,1) = 22, AG*'s used 22
NL(5,4) = 26, AG*'s used 22
NL(5,0) = 26, AG*'s used 27
Max in loop 27, 0.5502142228682912
AUD TV 0.6002142228682913, ss 8
AG*(5,0) = 30
AG*(5,1) = 23
AG*(5,3) = 22
AG*(5,4) = 28
AG*(2,0) = 10
AG*(2,1) = 9
AG*(2,3) = 9
AG*(2,4) = 9
AG*(2,5) = 17
AG*(5,0) = 30
AG*(5,1) = 23
AG*(5,3) = 22
AG*(5,4) = 28
NL(5,3) = 22, AG*'s used 0
NL(5,1) = 22, AG*'s used 22
NL(5,4) = 27, AG*'s used 23
NL(5,0) = 27, AG*'s used 28
Max in loop 28, 0.6002142228682913
Sample size to show min tv of 0.3001071114341456 is 28
Sample size required for audit is 27 ballots
------------------------------------------------
Assertion set BEFORE filtering:
(2, 'LT', 0.2501071114341456, 20)
(5, 'NL', 4, 26)
(5, 'NL', 1, 22)
(5, 'AG*', 1, 22)
(5, 'NL', 0, 26)
(2, 'MT', 0.5502142228682912, 12)
(5, 'AG*', 3, 22)
(2, 'QT', None, 10)
(5, 'AG*', 4, 27)
(5, 'NL', 3, 21)
------------------------------------------------
Final set of assertions AFTER filtering:
(2, 'LT', 0.2501071114341456, 20)
(5, 'AG*', 1, 22)
(5, 'NL', 0, 26)
(2, 'MT', 0.5502142228682912, 12)
(5, 'AG*', 3, 22)
(2, 'QT', None, 10)
(5, 'AG*', 4, 27)
------------------------------------------------
Explanations for AG* inclusion:
   Explanation for (5, 'AG*', 1, 22): []
   Explanation for (5, 'AG*', 3, 22): []
   Explanation for (5, 'AG*', 4, 27): []
------------------------------------------------
