VALID BALLOTS 52686
14 ballot checks required to assert that first winner has a quota's worth of votes
AUD TV 0.3695009492812585, ss 59
AG*(2,0) = 15
AG*(2,3) = 14
AG*(2,4) = 15
AG*(1,0) = 11
AG*(1,2) = 52
AG*(1,3) = 10
AG*(1,4) = 11
AG*(2,0) = 15
AG*(2,3) = 14
AG*(2,4) = 15
NL(2,0) = 14, AG*'s used 14
NL(2,3) = 14, AG*'s used 0
NL(2,4) = 14, AG*'s used 15
Max in loop 59, 0.3695009492812585
AUD TV 0.4195009492812585, ss 27
AG*(2,0) = 15
AG*(2,3) = 14
AG*(2,4) = 15
AG*(1,0) = 11
AG*(1,2) = 52
AG*(1,3) = 10
AG*(1,4) = 11
AG*(2,0) = 15
AG*(2,3) = 14
AG*(2,4) = 15
NL(2,0) = 14, AG*'s used 15
NL(2,3) = 14, AG*'s used 0
NL(2,4) = 14, AG*'s used 15
Max in loop 27, 0.4195009492812585
AUD TV 0.46950094928125846, ss 16
AG*(2,0) = 15
AG*(2,3) = 14
AG*(2,4) = 15
AG*(1,0) = 11
AG*(1,2) = 52
AG*(1,3) = 10
AG*(1,4) = 11
AG*(2,0) = 15
AG*(2,3) = 14
AG*(2,4) = 15
NL(2,0) = 15, AG*'s used 15
NL(2,3) = 14, AG*'s used 0
NL(2,4) = 15, AG*'s used 15
Max in loop 16, 0.46950094928125846
AUD TV 0.5195009492812585, ss 11
AG*(2,0) = 15
AG*(2,3) = 14
AG*(2,4) = 16
AG*(1,0) = 11
AG*(1,2) = 52
AG*(1,3) = 10
AG*(1,4) = 11
AG*(2,0) = 15
AG*(2,3) = 14
AG*(2,4) = 16
NL(2,0) = 15, AG*'s used 14
NL(2,3) = 14, AG*'s used 0
NL(2,4) = 15, AG*'s used 15
Max in loop 15, 0.5195009492812585
AUD TV 0.5695009492812585, ss 7
AG*(2,0) = 16
AG*(2,3) = 14
AG*(2,4) = 16
AG*(1,0) = 11
AG*(1,2) = 52
AG*(1,3) = 10
AG*(1,4) = 11
AG*(2,0) = 16
AG*(2,3) = 14
AG*(2,4) = 16
NL(2,0) = 15, AG*'s used 14
NL(2,3) = 14, AG*'s used 0
NL(2,4) = 15, AG*'s used 14
Max in loop 15, 0.5695009492812585
AUD TV 0.6195009492812585, ss 5
AG*(2,0) = 16
AG*(2,3) = 14
AG*(2,4) = 16
AG*(1,0) = 11
AG*(1,2) = 52
AG*(1,3) = 10
AG*(1,4) = 11
AG*(2,0) = 16
AG*(2,3) = 14
AG*(2,4) = 16
NL(2,0) = 15, AG*'s used 14
NL(2,3) = 14, AG*'s used 0
NL(2,4) = 15, AG*'s used 16
Max in loop 16, 0.6195009492812585
Breaking out of inner loop 16 > 15
Sample size to show min tv of 0.15975047464062925 is 24
Sample size required for audit is 15 ballots
------------------------------------------------
Assertion set BEFORE filtering:
(2, 'NL', 3, 14)
(2, 'NL', 0, 15)
(1, 'QT', None, 14)
(1, 'MT', 0.5695009492812585, 7)
(2, 'AG*', 3, 14)
(2, 'NL', 4, 15)
------------------------------------------------
Final set of assertions AFTER filtering:
(2, 'NL', 0, 15)
(1, 'QT', None, 14)
(1, 'MT', 0.5695009492812585, 7)
(2, 'AG*', 3, 14)
(2, 'NL', 4, 15)
------------------------------------------------
Explanations for AG* inclusion:
   Explanation for (2, 'AG*', 3, 14): []
------------------------------------------------
