VALID BALLOTS 52789
11 ballot checks required to assert that first winner has a quota's worth of votes
AG(2,0) = 9
AG(2,1) = 10
AG(2,3) = 9
AG(2,4) = 20
AG(2,5) = 10
AG(4,0) = 27
AG(4,1) = 33
AG(4,3) = 30
AG(4,5) = 28
AUD TV 0.42023119318588503, ss 50
NL(4,0) = 22, AG's used 0
NL(4,5) = 23, AG's used 0
NL(4,3) = 23, AG's used 0
NL(4,1) = 26, AG's used 0
Max in loop 50, 0.42023119318588503
AUD TV 0.470231193185885, ss 22
NL(4,0) = 23, AG's used 0
NL(4,5) = 23, AG's used 0
NL(4,3) = 24, AG's used 0
NL(4,1) = 26, AG's used 0
Max in loop 26, 0.470231193185885
AUD TV 0.5202311931858851, ss 13
NL(4,0) = 23, AG's used 0
NL(4,5) = 24, AG's used 0
NL(4,3) = 24, AG's used 0
NL(4,1) = 26, AG's used 27
Max in loop 27, 0.5202311931858851
Sample size required for audit is 26 ballots
------------------------------------------------
Assertion set BEFORE filtering:
(4, 'NL', 3, 24)
(2, 'QT', None, 11)
(2, 'MT', 0.470231193185885, 22)
(4, 'NL', 5, 23)
(4, 'NL', 0, 23)
(4, 'NL', 1, 26)
------------------------------------------------
Final set of assertions AFTER filtering:
(4, 'NL', 3, 24)
(2, 'QT', None, 11)
(2, 'MT', 0.470231193185885, 22)
(4, 'NL', 5, 23)
(4, 'NL', 0, 23)
(4, 'NL', 1, 26)
------------------------------------------------
