VALID BALLOTS 48316
11 ballot checks required to assert that first winner has a quota's worth of votes
AUD TV 0.41635455189235976, ss 51
AG*(0,2) = 45
AG*(0,3) = 37
AG*(0,4) = 34
AG*(0,2) = 45
AG*(0,3) = 37
AG*(0,4) = 34
AG*(1,0) = 22
AG*(1,2) = 15
AG*(1,3) = 14
AG*(1,4) = 14
AG*(1,5) = 20
AG*(5,2) = 66
AG*(5,3) = 52
AG*(5,4) = 45
NL(0,4) = 34, AG*'s used 0
NL(0,3) = 36, AG*'s used 34
NL(0,2) = 40, AG*'s used 37
NL(0,5) = 363, AG*'s used 45
Max in loop 363, 0.41635455189235976
AUD TV 0.46635455189235975, ss 23
AG*(0,2) = 46
AG*(0,3) = 38
AG*(0,4) = 34
AG*(0,2) = 46
AG*(0,3) = 38
AG*(0,4) = 34
AG*(1,0) = 22
AG*(1,2) = 15
AG*(1,3) = 14
AG*(1,4) = 14
AG*(1,5) = 20
AG*(5,2) = 68
AG*(5,3) = 53
AG*(5,4) = 46
NL(0,4) = 34, AG*'s used 0
NL(0,3) = 36, AG*'s used 34
NL(0,2) = 41, AG*'s used 38
NL(0,5) = 450, AG*'s used 46
Max in loop 450, 0.46635455189235975
Sample size required for audit is 363 ballots
------------------------------------------------
Assertion set BEFORE filtering:
(1, 'MT', 0.41635455189235976, 51)
(0, 'AG*', 4, 34)
(1, 'QT', None, 11)
(0, 'NL', 5, 363)
(0, 'NL', 4, 34)
(0, 'NL', 3, 36)
(0, 'NL', 2, 40)
(0, 'AG*', 2, 45)
(0, 'AG*', 3, 37)
------------------------------------------------
Final set of assertions AFTER filtering:
(1, 'MT', 0.41635455189235976, 51)
(0, 'AG*', 4, 34)
(1, 'QT', None, 11)
(0, 'NL', 5, 363)
(0, 'AG*', 2, 45)
(0, 'AG*', 3, 37)
------------------------------------------------
Explanations for AG* inclusion:
   Explanation for (0, 'AG*', 4, 34): []
   Explanation for (0, 'AG*', 2, 45): []
   Explanation for (0, 'AG*', 3, 37): []
------------------------------------------------
