VALID BALLOTS 48278
26 ballot checks required to assert that first winner has a quota's worth of votes
AG(1,6) = 2092
AG(2,0) = 86
AG(2,5) = 124
AG(2,6) = 48
AG(3,0) = 12
AG(3,1) = 15
AG(3,2) = 35
AG(3,4) = 70
AG(3,5) = 13
AG(3,6) = 12
AG(4,0) = 21
AG(4,1) = 56
AG(4,2) = 72
AG(4,5) = 23
AG(4,6) = 17
AUD TV 0.25500913896161637, ss 81
NL(4,6) = 16, AG's used 0
NL(4,0) = 18, AG's used 17
NL(4,5) = 18, AG's used 17
NL(4,1) = 24, AG's used 23
NL(4,2) = 34, AG's used 23
Max in loop 81, 0.25500913896161637
AUD TV 0.30500913896161636, ss 38
NL(4,6) = 16, AG's used 0
NL(4,0) = 18, AG's used 17
NL(4,5) = 19, AG's used 17
NL(4,1) = 25, AG's used 23
NL(4,2) = 35, AG's used 23
Max in loop 38, 0.30500913896161636
AUD TV 0.35500913896161634, ss 23
NL(4,6) = 16, AG's used 0
NL(4,0) = 18, AG's used 17
NL(4,5) = 19, AG's used 17
NL(4,1) = 26, AG's used 23
NL(4,2) = 36, AG's used 23
Max in loop 36, 0.35500913896161634
AUD TV 0.40500913896161633, ss 16
NL(4,6) = 16, AG's used 0
NL(4,0) = 18, AG's used 17
NL(4,5) = 19, AG's used 17
NL(4,1) = 27, AG's used 23
NL(4,2) = 37, AG's used 23
Max in loop 37, 0.40500913896161633
Sample size required for audit is 36 ballots
------------------------------------------------
Assertion set BEFORE filtering:
(4, 'AG', 6, 17)
(3, 'QT', None, 26)
(4, 'NL', 1, 26)
(4, 'AG', 0, 21)
(4, 'NL', 6, 16)
(4, 'NL', 5, 19)
(3, 'MT', 0.35500913896161634, 23)
(4, 'NL', 2, 36)
(4, 'NL', 0, 18)
(4, 'AG', 5, 23)
------------------------------------------------
Final set of assertions AFTER filtering:
(4, 'AG', 6, 17)
(3, 'QT', None, 26)
(4, 'NL', 1, 26)
(4, 'AG', 0, 21)
(3, 'MT', 0.35500913896161634, 23)
(4, 'NL', 2, 36)
(4, 'AG', 5, 23)
------------------------------------------------
