VALID BALLOTS 48278
26 ballot checks required to assert that first winner has a quota's worth of votes
AUD TV 0.25500913896161637, ss 81
AG*(4,6) = 16
AG*(4,0) = 18
AG*(4,5) = 19
AG*(4,1) = 25
AG*(4,2) = 36
NL(4,6) = 16, AG*'s used 0
NL(4,0) = 18, AG*'s used 16
NL(4,5) = 18, AG*'s used 18
NL(4,1) = 24, AG*'s used 19
NL(4,2) = 33, AG*'s used 25
Max in loop 81, 0.25500913896161637
AUD TV 0.30500913896161636, ss 38
AG*(4,6) = 16
AG*(4,0) = 18
AG*(4,5) = 19
AG*(4,1) = 26
AG*(4,2) = 37
NL(4,6) = 16, AG*'s used 0
NL(4,0) = 18, AG*'s used 16
NL(4,5) = 18, AG*'s used 18
NL(4,1) = 25, AG*'s used 19
NL(4,2) = 34, AG*'s used 26
Max in loop 38, 0.30500913896161636
AUD TV 0.35500913896161634, ss 23
AG*(4,6) = 16
AG*(4,0) = 18
AG*(4,5) = 19
AG*(4,1) = 27
AG*(4,2) = 38
NL(4,6) = 16, AG*'s used 0
NL(4,0) = 18, AG*'s used 16
NL(4,5) = 19, AG*'s used 18
NL(4,1) = 26, AG*'s used 19
NL(4,2) = 35, AG*'s used 27
Max in loop 35, 0.35500913896161634
AUD TV 0.40500913896161633, ss 16
AG*(4,6) = 16
AG*(4,0) = 19
AG*(4,5) = 19
AG*(4,1) = 28
AG*(4,2) = 40
NL(4,6) = 16, AG*'s used 0
NL(4,0) = 18, AG*'s used 16
NL(4,5) = 19, AG*'s used 19
NL(4,1) = 27, AG*'s used 19
NL(4,2) = 37, AG*'s used 28
Max in loop 37, 0.40500913896161633
Sample size to show min tv of 0.10250456948080817 is 47
Sample size required for audit is 35 ballots
------------------------------------------------
Assertion set BEFORE filtering:
(4, 'NL', 0, 18)
(4, 'AG*', 5, 19)
(3, 'MT', 0.35500913896161634, 23)
(4, 'NL', 6, 16)
(4, 'AG*', 0, 18)
(4, 'NL', 2, 35)
(4, 'AG*', 6, 16)
(4, 'NL', 1, 26)
(4, 'NL', 5, 19)
(4, 'AG*', 1, 27)
(3, 'QT', None, 26)
------------------------------------------------
Final set of assertions AFTER filtering:
(4, 'AG*', 5, 19)
(3, 'MT', 0.35500913896161634, 23)
(4, 'AG*', 0, 18)
(4, 'NL', 2, 35)
(4, 'AG*', 6, 16)
(4, 'AG*', 1, 27)
(3, 'QT', None, 26)
------------------------------------------------
Explanations for AG* inclusion:
   Explanation for (4, 'AG*', 5, 19): []
   Explanation for (4, 'AG*', 0, 18): []
   Explanation for (4, 'AG*', 6, 16): []
   Explanation for (4, 'AG*', 1, 27): []
------------------------------------------------
