VALID BALLOTS 49448
11 ballot checks required to assert that first winner has a quota's worth of votes
AUD TV 0.4128034637389825, ss 51
AG*(3,2) = 22
AG*(3,5) = 22
AG*(3,4) = 28
AG*(3,1) = 29
NL(3,2) = 21, AG*'s used 22
NL(3,5) = 22, AG*'s used 22
NL(3,4) = 27, AG*'s used 22
NL(3,1) = 27, AG*'s used 22
Max in loop 51, 0.4128034637389825
AUD TV 0.4628034637389825, ss 23
AG*(3,2) = 22
AG*(3,5) = 23
AG*(3,4) = 28
AG*(3,1) = 29
NL(3,2) = 22, AG*'s used 0
NL(3,5) = 22, AG*'s used 22
NL(3,4) = 27, AG*'s used 23
NL(3,1) = 21, AG*'s used 28
Max in loop 28, 0.4628034637389825
AUD TV 0.5128034637389826, ss 14
AG*(3,2) = 22
AG*(3,5) = 23
AG*(3,4) = 29
AG*(3,1) = 30
NL(3,2) = 22, AG*'s used 0
NL(3,5) = 23, AG*'s used 22
NL(3,4) = 27, AG*'s used 23
NL(3,1) = 28, AG*'s used 23
Max in loop 28, 0.5128034637389826
AUD TV 0.5628034637389826, ss 9
AG*(3,2) = 22
AG*(3,5) = 23
AG*(3,4) = 29
AG*(3,1) = 30
NL(3,2) = 22, AG*'s used 0
NL(3,5) = 23, AG*'s used 22
NL(3,4) = 28, AG*'s used 23
NL(3,1) = 22, AG*'s used 29
Max in loop 29, 0.5628034637389826
Sample size to show min tv of 0.18140173186949127 is 19
AUD TV 0.4128034637389825, ss 51
AG*(3,2) = 21
AG*(3,5) = 22
AG*(3,4) = 27
AG*(3,1) = 27
NL(3,2) = 21, AG*'s used 0
NL(3,5) = 21, AG*'s used 21
NL(3,4) = 25, AG*'s used 22
NL(3,1) = 26, AG*'s used 22
Max in loop 51, 0.4128034637389825
AUD TV 0.4628034637389825, ss 23
AG*(3,2) = 21
AG*(3,5) = 22
AG*(3,4) = 27
AG*(3,1) = 28
NL(3,2) = 21, AG*'s used 0
NL(3,5) = 21, AG*'s used 21
NL(3,4) = 25, AG*'s used 22
NL(3,1) = 26, AG*'s used 22
Max in loop 26, 0.4628034637389825
AUD TV 0.5128034637389826, ss 14
AG*(3,2) = 21
AG*(3,5) = 22
AG*(3,4) = 27
AG*(3,1) = 28
NL(3,2) = 21, AG*'s used 0
NL(3,5) = 22, AG*'s used 21
NL(3,4) = 26, AG*'s used 22
NL(3,1) = 20, AG*'s used 27
Max in loop 27, 0.5128034637389826
Sample size to show min tv of 0.23140173186949126 is 25
AUD TV 0.4128034637389825, ss 51
AG*(3,2) = 21
AG*(3,5) = 21
AG*(3,4) = 26
AG*(3,1) = 27
NL(3,2) = 20, AG*'s used 21
NL(3,5) = 21, AG*'s used 21
NL(3,4) = 25, AG*'s used 21
NL(3,1) = 25, AG*'s used 21
Max in loop 51, 0.4128034637389825
AUD TV 0.4628034637389825, ss 23
AG*(3,2) = 21
AG*(3,5) = 22
AG*(3,4) = 27
AG*(3,1) = 27
NL(3,2) = 21, AG*'s used 0
NL(3,5) = 21, AG*'s used 21
NL(3,4) = 25, AG*'s used 22
NL(3,1) = 26, AG*'s used 22
Max in loop 26, 0.4628034637389825
AUD TV 0.5128034637389826, ss 14
AG*(3,2) = 21
AG*(3,5) = 22
AG*(3,4) = 27
AG*(3,1) = 28
NL(3,2) = 21, AG*'s used 0
NL(3,5) = 21, AG*'s used 21
NL(3,4) = 25, AG*'s used 22
NL(3,1) = 26, AG*'s used 22
Max in loop 26, 0.5128034637389826
AUD TV 0.5628034637389826, ss 9
AG*(3,2) = 21
AG*(3,5) = 22
AG*(3,4) = 27
AG*(3,1) = 28
NL(3,2) = 21, AG*'s used 0
NL(3,5) = 22, AG*'s used 21
NL(3,4) = 26, AG*'s used 22
NL(3,1) = 20, AG*'s used 27
Max in loop 27, 0.5628034637389826
Sample size to show min tv of 0.28140173186949125 is 38
Sample size required for audit is 26 ballots
------------------------------------------------
Assertion set BEFORE filtering:
(3, 'NL', 4, 25)
(0, 'MT', 0.5128034637389826, 14)
(3, 'NL', 1, 26)
(0, 'QT', None, 11)
(3, 'NL', 2, 21)
(3, 'NL', 5, 21)
(3, 'AG*', 5, 22)
(3, 'AG*', 2, 21)
(0, 'LT', 0.23140173186949126, 25)
------------------------------------------------
Final set of assertions AFTER filtering:
(3, 'NL', 4, 25)
(0, 'MT', 0.5128034637389826, 14)
(3, 'NL', 1, 26)
(0, 'QT', None, 11)
(3, 'AG*', 5, 22)
(3, 'AG*', 2, 21)
(0, 'LT', 0.23140173186949126, 25)
------------------------------------------------
Explanations for AG* inclusion:
   Explanation for (3, 'AG*', 5, 22): []
   Explanation for (3, 'AG*', 2, 21): []
------------------------------------------------
