VALID BALLOTS 47031
9 ballot checks required to assert that first winner has a quota's worth of votes
AUD TV 0.46650228888309947, ss 42
AG*(4,1) = 23
AG*(4,2) = 22
AG*(4,3) = 28
AG*(0,1) = 9
AG*(0,2) = 9
AG*(0,3) = 9
AG*(0,4) = 17
AG*(4,1) = 23
AG*(4,2) = 22
AG*(4,3) = 28
NL(4,2) = 22, AG*'s used 0
NL(4,1) = 23, AG*'s used 22
NL(4,3) = 26, AG*'s used 23
Max in loop 42, 0.46650228888309947
AUD TV 0.5165022888830995, ss 19
AG*(4,1) = 24
AG*(4,2) = 22
AG*(4,3) = 29
AG*(0,1) = 9
AG*(0,2) = 9
AG*(0,3) = 9
AG*(0,4) = 17
AG*(4,1) = 24
AG*(4,2) = 22
AG*(4,3) = 29
NL(4,2) = 22, AG*'s used 0
NL(4,1) = 23, AG*'s used 22
NL(4,3) = 26, AG*'s used 24
Max in loop 26, 0.5165022888830995
AUD TV 0.5665022888830995, ss 11
AG*(4,1) = 24
AG*(4,2) = 23
AG*(4,3) = 30
AG*(0,1) = 9
AG*(0,2) = 9
AG*(0,3) = 9
AG*(0,4) = 17
AG*(4,1) = 24
AG*(4,2) = 23
AG*(4,3) = 30
NL(4,2) = 23, AG*'s used 0
NL(4,1) = 24, AG*'s used 23
NL(4,3) = 27, AG*'s used 24
Max in loop 27, 0.5665022888830995
Sample size required for audit is 26 ballots
------------------------------------------------
Assertion set BEFORE filtering:
(4, 'AG*', 1, 24)
(4, 'NL', 3, 26)
(0, 'MT', 0.5165022888830995, 19)
(4, 'NL', 1, 23)
(4, 'NL', 2, 22)
(0, 'QT', None, 9)
(4, 'AG*', 2, 22)
------------------------------------------------
Final set of assertions AFTER filtering:
(4, 'AG*', 1, 24)
(4, 'NL', 3, 26)
(0, 'MT', 0.5165022888830995, 19)
(0, 'QT', None, 9)
(4, 'AG*', 2, 22)
------------------------------------------------
Explanations for AG* inclusion:
   Explanation for (4, 'AG*', 1, 24): []
   Explanation for (4, 'AG*', 2, 22): []
------------------------------------------------
