VALID BALLOTS 51375
9 ballot checks required to assert that first winner has a quota's worth of votes
AG(1,0) = 18
AG(1,3) = 18
AG(2,0) = 9
AG(2,1) = 22
AG(2,3) = 10
AUD TV 0.4670666122059975, ss 42
NL(1,0) = 16, AG's used 0
NL(1,3) = 17, AG's used 0
Max in loop 42, 0.4670666122059975
AUD TV 0.5170666122059975, ss 19
NL(1,0) = 17, AG's used 0
NL(1,3) = 17, AG's used 0
Max in loop 19, 0.5170666122059975
AUD TV 0.5670666122059975, ss 11
NL(1,0) = 17, AG's used 0
NL(1,3) = 17, AG's used 0
Max in loop 17, 0.5670666122059975
AUD TV 0.6170666122059976, ss 7
NL(1,0) = 17, AG's used 0
NL(1,3) = 17, AG's used 18
Max in loop 18, 0.6170666122059976
Sample size required for audit is 17 ballots
------------------------------------------------
Assertion set BEFORE filtering:
(1, 'NL', 0, 17)
(1, 'NL', 3, 17)
(2, 'QT', None, 9)
(2, 'MT', 0.5670666122059975, 11)
------------------------------------------------
Final set of assertions AFTER filtering:
(1, 'NL', 0, 17)
(1, 'NL', 3, 17)
(2, 'QT', None, 9)
(2, 'MT', 0.5670666122059975, 11)
------------------------------------------------
