VALID BALLOTS 47233
42 ballot checks required to assert that first winner has a quota's worth of votes
AG(0,9) = 12
AG(0,1) = 13
AG(0,2) = 1359
AG(0,3) = 13
AG(0,4) = 13
AG(0,5) = 13
AG(0,6) = 13
AG(0,7) = 17
AG(0,8) = 16
AG(2,9) = 15
AG(2,1) = 16
AG(2,3) = 15
AG(2,4) = 16
AG(2,5) = 15
AG(2,6) = 16
AG(2,7) = 21
AG(2,8) = 21
AG(7,9) = 106
AG(7,1) = 245
AG(7,3) = 517
AG(7,5) = 240
AG(8,9) = 147
AG(8,3) = 328
AG(8,5) = 228
AG(8,6) = 47233
AUD TV 0.18985249931712644, ss 96
NL(2,9) = 14, AG's used 0
NL(2,1) = 15, AG's used 15
NL(2,3) = 14, AG's used 0
NL(2,4) = 15, AG's used 15
NL(2,5) = 14, AG's used 0
NL(2,6) = 14, AG's used 15
NL(2,7) = 18, AG's used 16
NL(2,8) = 18, AG's used 16
Max in loop 96, 0.18985249931712644
AUD TV 0.23985249931712643, ss 45
NL(2,9) = 14, AG's used 0
NL(2,1) = 15, AG's used 15
NL(2,3) = 14, AG's used 0
NL(2,4) = 15, AG's used 15
NL(2,5) = 14, AG's used 0
NL(2,6) = 15, AG's used 15
NL(2,7) = 19, AG's used 16
NL(2,8) = 18, AG's used 16
Max in loop 45, 0.23985249931712643
AUD TV 0.2898524993171264, ss 27
NL(2,9) = 14, AG's used 0
NL(2,1) = 15, AG's used 15
NL(2,3) = 14, AG's used 0
NL(2,4) = 15, AG's used 15
NL(2,5) = 14, AG's used 0
NL(2,6) = 15, AG's used 15
NL(2,7) = 19, AG's used 16
NL(2,8) = 18, AG's used 16
Max in loop 42, 0.2898524993171264
AUD TV 0.3398524993171264, ss 19
NL(2,9) = 14, AG's used 0
NL(2,1) = 15, AG's used 15
NL(2,3) = 14, AG's used 0
NL(2,4) = 15, AG's used 15
NL(2,5) = 14, AG's used 0
NL(2,6) = 15, AG's used 15
NL(2,7) = 19, AG's used 16
NL(2,8) = 18, AG's used 16
Max in loop 42, 0.3398524993171264
AUD TV 0.3898524993171264, ss 14
NL(2,9) = 14, AG's used 0
NL(2,1) = 15, AG's used 15
NL(2,3) = 14, AG's used 0
NL(2,4) = 15, AG's used 15
NL(2,5) = 14, AG's used 0
NL(2,6) = 15, AG's used 15
NL(2,7) = 19, AG's used 16
NL(2,8) = 18, AG's used 16
Max in loop 42, 0.3898524993171264
AUD TV 0.4398524993171264, ss 10
NL(2,9) = 14, AG's used 0
NL(2,1) = 15, AG's used 15
NL(2,3) = 14, AG's used 15
NL(2,4) = 15, AG's used 15
NL(2,5) = 14, AG's used 0
NL(2,6) = 15, AG's used 15
NL(2,7) = 19, AG's used 16
NL(2,8) = 18, AG's used 16
Max in loop 42, 0.4398524993171264
AUD TV 0.4898524993171264, ss 8
NL(2,9) = 14, AG's used 0
NL(2,1) = 15, AG's used 15
NL(2,3) = 15, AG's used 15
NL(2,4) = 15, AG's used 15
NL(2,5) = 14, AG's used 0
NL(2,6) = 15, AG's used 15
NL(2,7) = 19, AG's used 16
NL(2,8) = 19, AG's used 16
Max in loop 42, 0.4898524993171264
AUD TV 0.5398524993171264, ss 6
NL(2,9) = 14, AG's used 0
NL(2,1) = 15, AG's used 15
NL(2,3) = 15, AG's used 15
NL(2,4) = 15, AG's used 15
NL(2,5) = 14, AG's used 0
NL(2,6) = 15, AG's used 15
NL(2,7) = 19, AG's used 16
NL(2,8) = 19, AG's used 16
Max in loop 42, 0.5398524993171264
AUD TV 0.5898524993171265, ss 5
NL(2,9) = 14, AG's used 0
NL(2,1) = 15, AG's used 15
NL(2,3) = 15, AG's used 15
NL(2,4) = 15, AG's used 15
NL(2,5) = 14, AG's used 0
NL(2,6) = 15, AG's used 15
NL(2,7) = 19, AG's used 16
NL(2,8) = 19, AG's used 16
Max in loop 42, 0.5898524993171265
AUD TV 0.6398524993171265, ss 3
NL(2,9) = 14, AG's used 0
NL(2,1) = 15, AG's used 16
NL(2,3) = 15, AG's used 15
NL(2,4) = 15, AG's used 15
NL(2,5) = 14, AG's used 0
NL(2,6) = 15, AG's used 15
NL(2,7) = 20, AG's used 16
NL(2,8) = 19, AG's used 16
Max in loop 42, 0.6398524993171265
Sample size required for audit is 42 ballots
------------------------------------------------
Assertion set BEFORE filtering:
(2, 'AG', 9, 15)
(2, 'NL', 3, 15)
(2, 'NL', 4, 15)
(2, 'NL', 6, 15)
(2, 'NL', 7, 20)
(2, 'AG', 3, 15)
(2, 'AG', 5, 15)
(2, 'NL', 1, 15)
(0, 'MT', 0.6398524993171265, 3)
(2, 'NL', 5, 14)
(2, 'AG', 1, 16)
(0, 'QT', None, 42)
(2, 'AG', 4, 16)
(2, 'NL', 8, 19)
(2, 'NL', 9, 14)
(2, 'AG', 6, 16)
------------------------------------------------
Final set of assertions AFTER filtering:
(2, 'AG', 9, 15)
(2, 'NL', 7, 20)
(2, 'AG', 3, 15)
(2, 'AG', 5, 15)
(0, 'MT', 0.6398524993171265, 3)
(2, 'AG', 1, 16)
(0, 'QT', None, 42)
(2, 'AG', 4, 16)
(2, 'NL', 8, 19)
(2, 'AG', 6, 16)
------------------------------------------------
