VALID BALLOTS 50319
17 ballot checks required to assert that first winner has a quota's worth of votes
AUD TV 0.32794757005725106, ss 67
AG*(4,0) = 38
AG*(4,2) = 35
AG*(4,3) = 38
AG*(4,5) = 34
AG*(4,6) = 383
AG*(4,7) = 32
AG*(1,0) = 12
AG*(1,2) = 11
AG*(1,3) = 11
AG*(1,4) = 25
AG*(1,5) = 11
AG*(1,6) = 18
AG*(1,7) = 11
AG*(4,0) = 38
AG*(4,2) = 35
AG*(4,3) = 38
AG*(4,5) = 34
AG*(4,6) = 383
AG*(4,7) = 32
AG*(6,0) = 46
AG*(6,2) = 45
AG*(6,3) = 45
AG*(6,5) = 40
AG*(6,7) = 37
NL(4,7) = 32, AG*'s used 0
NL(4,5) = 34, AG*'s used 32
NL(4,2) = 34, AG*'s used 34
NL(4,3) = 36, AG*'s used 35
NL(4,0) = 37, AG*'s used 35
NL(4,6) = 214, AG*'s used 38
Max in loop 214, 0.32794757005725106
AUD TV 0.37794757005725105, ss 30
AG*(4,0) = 39
AG*(4,2) = 36
AG*(4,3) = 39
AG*(4,5) = 35
AG*(4,6) = 1841
AG*(4,7) = 33
AG*(1,0) = 12
AG*(1,2) = 11
AG*(1,3) = 11
AG*(1,4) = 25
AG*(1,5) = 11
AG*(1,6) = 18
AG*(1,7) = 11
AG*(4,0) = 39
AG*(4,2) = 36
AG*(4,3) = 39
AG*(4,5) = 35
AG*(4,6) = 1841
AG*(4,7) = 33
AG*(6,0) = 47
AG*(6,2) = 46
AG*(6,3) = 45
AG*(6,5) = 40
AG*(6,7) = 37
NL(4,7) = 33, AG*'s used 0
NL(4,5) = 34, AG*'s used 33
NL(4,2) = 35, AG*'s used 35
NL(4,3) = 38, AG*'s used 36
NL(4,0) = 38, AG*'s used 36
NL(4,6) = 327, AG*'s used 39
Max in loop 327, 0.37794757005725105
Sample size required for audit is 214 ballots
------------------------------------------------
Assertion set BEFORE filtering:
(4, 'NL', 5, 34)
(4, 'AG*', 7, 32)
(4, 'NL', 6, 214)
(4, 'NL', 0, 37)
(4, 'NL', 3, 36)
(4, 'AG*', 2, 35)
(4, 'AG*', 0, 38)
(4, 'NL', 7, 32)
(4, 'AG*', 3, 38)
(1, 'QT', None, 17)
(1, 'MT', 0.32794757005725106, 67)
(4, 'AG*', 5, 34)
(4, 'NL', 2, 34)
------------------------------------------------
Final set of assertions AFTER filtering:
(4, 'AG*', 7, 32)
(4, 'NL', 6, 214)
(4, 'AG*', 2, 35)
(4, 'AG*', 0, 38)
(4, 'AG*', 3, 38)
(1, 'QT', None, 17)
(1, 'MT', 0.32794757005725106, 67)
(4, 'AG*', 5, 34)
------------------------------------------------
Explanations for AG* inclusion:
   Explanation for (4, 'AG*', 7, 32): []
   Explanation for (4, 'AG*', 2, 35): []
   Explanation for (4, 'AG*', 0, 38): []
   Explanation for (4, 'AG*', 3, 38): []
   Explanation for (4, 'AG*', 5, 34): []
------------------------------------------------
