VALID BALLOTS 47774
17 ballot checks required to assert that first winner has a quota's worth of votes
AUD TV 0.3346233322851624, ss 65
AG*(2,0) = 33
AG*(2,1) = 39
AG*(2,3) = 52
AG*(2,4) = 27
AG*(2,5) = 29
AG*(2,6) = 1084
AG*(2,7) = 47774
AG*(2,0) = 33
AG*(2,1) = 39
AG*(2,3) = 52
AG*(2,4) = 27
AG*(2,5) = 29
AG*(2,6) = 1084
AG*(2,7) = 47774
AG*(3,4) = 47774
AG*(6,0) = 82
AG*(6,1) = 112
AG*(6,3) = 461
AG*(6,4) = 54
AG*(6,5) = 66
AG*(7,0) = 80
AG*(7,1) = 77
AG*(7,3) = 163
AG*(7,4) = 60
AG*(7,5) = 71
AG*(8,0) = 13
AG*(8,1) = 14
AG*(8,2) = 31
AG*(8,3) = 15
AG*(8,4) = 10
AG*(8,5) = 11
AG*(8,6) = 21
AG*(8,7) = 20
NL(2,0) = 33, AG*'s used 29
NL(2,4) = 27, AG*'s used 0
NL(2,1) = 37, AG*'s used 33
NL(2,5) = 29, AG*'s used 27
NL(2,3) = 48, AG*'s used 39
NL(2,6) = 256, AG*'s used 52
NL(2,7) = 470, AG*'s used 52
Max in loop 470, 0.3346233322851624
AUD TV 0.3846233322851624, ss 30
AG*(2,0) = 33
AG*(2,1) = 39
AG*(2,3) = 52
AG*(2,4) = 27
AG*(2,5) = 29
AG*(2,6) = 1309
AG*(2,7) = 47774
AG*(2,0) = 33
AG*(2,1) = 39
AG*(2,3) = 52
AG*(2,4) = 27
AG*(2,5) = 29
AG*(2,6) = 1309
AG*(2,7) = 47774
AG*(6,0) = 84
AG*(6,1) = 115
AG*(6,3) = 516
AG*(6,4) = 54
AG*(6,5) = 68
AG*(7,0) = 81
AG*(7,1) = 78
AG*(7,3) = 171
AG*(7,4) = 61
AG*(7,5) = 73
AG*(8,0) = 13
AG*(8,1) = 14
AG*(8,2) = 31
AG*(8,3) = 15
AG*(8,4) = 10
AG*(8,5) = 11
AG*(8,6) = 21
AG*(8,7) = 20
NL(2,0) = 33, AG*'s used 29
NL(2,4) = 27, AG*'s used 0
NL(2,1) = 38, AG*'s used 33
NL(2,5) = 29, AG*'s used 27
NL(2,3) = 48, AG*'s used 39
NL(2,6) = 265, AG*'s used 52
NL(2,7) = 507, AG*'s used 52
Max in loop 507, 0.3846233322851624
Sample size to show min tv of 0.1423116661425812 is 29
AUD TV 0.3346233322851624, ss 65
AG*(2,0) = 32
AG*(2,1) = 37
AG*(2,3) = 49
AG*(2,4) = 26
AG*(2,5) = 28
AG*(2,6) = 530
AG*(2,7) = 1342
AG*(2,0) = 32
AG*(2,1) = 37
AG*(2,3) = 49
AG*(2,4) = 26
AG*(2,5) = 28
AG*(2,6) = 530
AG*(2,7) = 1342
AG*(3,4) = 47774
AG*(6,0) = 80
AG*(6,1) = 109
AG*(6,3) = 423
AG*(6,4) = 53
AG*(6,5) = 65
AG*(7,0) = 78
AG*(7,1) = 75
AG*(7,3) = 156
AG*(7,4) = 59
AG*(7,5) = 70
AG*(8,0) = 13
AG*(8,1) = 14
AG*(8,2) = 31
AG*(8,3) = 15
AG*(8,4) = 10
AG*(8,5) = 11
AG*(8,6) = 21
AG*(8,7) = 20
NL(2,0) = 31, AG*'s used 28
NL(2,4) = 26, AG*'s used 0
NL(2,1) = 36, AG*'s used 32
NL(2,5) = 28, AG*'s used 26
NL(2,3) = 45, AG*'s used 37
NL(2,6) = 182, AG*'s used 49
NL(2,7) = 231, AG*'s used 49
Max in loop 231, 0.3346233322851624
AUD TV 0.3846233322851624, ss 30
AG*(2,0) = 32
AG*(2,1) = 38
AG*(2,3) = 49
AG*(2,4) = 26
AG*(2,5) = 28
AG*(2,6) = 563
AG*(2,7) = 1713
AG*(2,0) = 32
AG*(2,1) = 38
AG*(2,3) = 49
AG*(2,4) = 26
AG*(2,5) = 28
AG*(2,6) = 563
AG*(2,7) = 1713
AG*(3,4) = 47774
AG*(6,0) = 82
AG*(6,1) = 112
AG*(6,3) = 470
AG*(6,4) = 54
AG*(6,5) = 67
AG*(7,0) = 79
AG*(7,1) = 76
AG*(7,3) = 163
AG*(7,4) = 60
AG*(7,5) = 71
AG*(8,0) = 13
AG*(8,1) = 14
AG*(8,2) = 31
AG*(8,3) = 15
AG*(8,4) = 10
AG*(8,5) = 11
AG*(8,6) = 21
AG*(8,7) = 20
NL(2,0) = 31, AG*'s used 28
NL(2,4) = 26, AG*'s used 0
NL(2,1) = 36, AG*'s used 32
NL(2,5) = 28, AG*'s used 26
NL(2,3) = 45, AG*'s used 38
NL(2,6) = 187, AG*'s used 49
NL(2,7) = 242, AG*'s used 49
Max in loop 242, 0.3846233322851624
Sample size to show min tv of 0.19231166614258122 is 43
AUD TV 0.3346233322851624, ss 65
AG*(2,0) = 32
AG*(2,1) = 37
AG*(2,3) = 48
AG*(2,4) = 26
AG*(2,5) = 28
AG*(2,6) = 464
AG*(2,7) = 971
AG*(2,0) = 32
AG*(2,1) = 37
AG*(2,3) = 48
AG*(2,4) = 26
AG*(2,5) = 28
AG*(2,6) = 464
AG*(2,7) = 971
AG*(3,4) = 47361
AG*(6,0) = 80
AG*(6,1) = 108
AG*(6,3) = 365
AG*(6,4) = 53
AG*(6,5) = 65
AG*(7,0) = 77
AG*(7,1) = 74
AG*(7,3) = 153
AG*(7,4) = 58
AG*(7,5) = 69
AG*(8,0) = 13
AG*(8,1) = 14
AG*(8,2) = 31
AG*(8,3) = 15
AG*(8,4) = 10
AG*(8,5) = 11
AG*(8,6) = 21
AG*(8,7) = 20
NL(2,0) = 31, AG*'s used 28
NL(2,4) = 26, AG*'s used 0
NL(2,1) = 35, AG*'s used 32
NL(2,5) = 28, AG*'s used 26
NL(2,3) = 44, AG*'s used 37
NL(2,6) = 165, AG*'s used 48
NL(2,7) = 205, AG*'s used 48
Max in loop 205, 0.3346233322851624
AUD TV 0.3846233322851624, ss 30
AG*(2,0) = 32
AG*(2,1) = 37
AG*(2,3) = 49
AG*(2,4) = 26
AG*(2,5) = 28
AG*(2,6) = 490
AG*(2,7) = 1105
AG*(2,0) = 32
AG*(2,1) = 37
AG*(2,3) = 49
AG*(2,4) = 26
AG*(2,5) = 28
AG*(2,6) = 490
AG*(2,7) = 1105
AG*(3,4) = 47774
AG*(6,0) = 81
AG*(6,1) = 111
AG*(6,3) = 455
AG*(6,4) = 53
AG*(6,5) = 66
AG*(7,0) = 79
AG*(7,1) = 75
AG*(7,3) = 160
AG*(7,4) = 59
AG*(7,5) = 71
AG*(8,0) = 13
AG*(8,1) = 14
AG*(8,2) = 31
AG*(8,3) = 15
AG*(8,4) = 10
AG*(8,5) = 11
AG*(8,6) = 21
AG*(8,7) = 20
NL(2,0) = 31, AG*'s used 28
NL(2,4) = 26, AG*'s used 0
NL(2,1) = 35, AG*'s used 32
NL(2,5) = 28, AG*'s used 26
NL(2,3) = 44, AG*'s used 37
NL(2,6) = 169, AG*'s used 49
NL(2,7) = 213, AG*'s used 49
Max in loop 213, 0.3846233322851624
Sample size required for audit is 205 ballots
------------------------------------------------
Assertion set BEFORE filtering:
(2, 'NL', 1, 35)
(2, 'AG*', 1, 37)
(2, 'NL', 5, 28)
(2, 'NL', 3, 44)
(2, 'AG*', 0, 32)
(2, 'AG*', 5, 28)
(2, 'NL', 0, 31)
(2, 'NL', 7, 205)
(2, 'AG*', 3, 48)
(2, 'NL', 6, 165)
(8, 'LT', 0.19231166614258122, 43)
(2, 'NL', 4, 26)
(8, 'QT', None, 17)
(8, 'MT', 0.3346233322851624, 65)
(2, 'AG*', 4, 26)
------------------------------------------------
Final set of assertions AFTER filtering:
(2, 'AG*', 1, 37)
(2, 'AG*', 0, 32)
(2, 'AG*', 5, 28)
(2, 'NL', 7, 205)
(2, 'AG*', 3, 48)
(2, 'NL', 6, 165)
(8, 'LT', 0.19231166614258122, 43)
(8, 'QT', None, 17)
(8, 'MT', 0.3346233322851624, 65)
(2, 'AG*', 4, 26)
------------------------------------------------
Explanations for AG* inclusion:
   Explanation for (2, 'AG*', 1, 37): []
   Explanation for (2, 'AG*', 0, 32): []
   Explanation for (2, 'AG*', 5, 28): []
   Explanation for (2, 'AG*', 3, 48): []
   Explanation for (2, 'AG*', 4, 26): []
------------------------------------------------
