VALID BALLOTS 48120
10 ballot checks required to assert that first winner has a quota's worth of votes
AUD TV 0.44033104024932535, ss 47
AG*(3,0) = 15
AG*(3,2) = 18
AG*(3,4) = 17
AG*(1,0) = 10
AG*(1,2) = 13
AG*(1,3) = 25
AG*(1,4) = 9
AG*(2,0) = 570
AG*(3,0) = 15
AG*(3,2) = 18
AG*(3,4) = 17
NL(3,0) = 15, AG*'s used 0
NL(3,2) = 18, AG*'s used 17
NL(3,4) = 17, AG*'s used 15
Max in loop 47, 0.44033104024932535
AUD TV 0.49033104024932533, ss 21
AG*(3,0) = 15
AG*(3,2) = 18
AG*(3,4) = 17
AG*(1,0) = 10
AG*(1,2) = 13
AG*(1,3) = 25
AG*(1,4) = 9
AG*(2,0) = 744
AG*(3,0) = 15
AG*(3,2) = 18
AG*(3,4) = 17
NL(3,0) = 15, AG*'s used 0
NL(3,2) = 18, AG*'s used 17
NL(3,4) = 17, AG*'s used 15
Max in loop 21, 0.49033104024932533
AUD TV 0.5403310402493253, ss 12
AG*(3,0) = 16
AG*(3,2) = 18
AG*(3,4) = 17
AG*(1,0) = 10
AG*(1,2) = 13
AG*(1,3) = 25
AG*(1,4) = 9
AG*(2,0) = 990
AG*(3,0) = 16
AG*(3,2) = 18
AG*(3,4) = 17
NL(3,0) = 16, AG*'s used 0
NL(3,2) = 18, AG*'s used 17
NL(3,4) = 17, AG*'s used 16
Max in loop 18, 0.5403310402493253
AUD TV 0.5903310402493254, ss 8
AG*(3,0) = 16
AG*(3,2) = 19
AG*(3,4) = 17
AG*(1,0) = 10
AG*(1,2) = 13
AG*(1,3) = 25
AG*(1,4) = 9
AG*(2,0) = 1477
AG*(3,0) = 16
AG*(3,2) = 19
AG*(3,4) = 17
NL(3,0) = 16, AG*'s used 0
NL(3,2) = 18, AG*'s used 17
NL(3,4) = 17, AG*'s used 16
Max in loop 18, 0.5903310402493254
AUD TV 0.6403310402493254, ss 5
AG*(3,0) = 16
AG*(3,2) = 19
AG*(3,4) = 18
AG*(1,0) = 10
AG*(1,2) = 13
AG*(1,3) = 25
AG*(1,4) = 9
AG*(2,0) = 2311
AG*(3,0) = 16
AG*(3,2) = 19
AG*(3,4) = 18
NL(3,0) = 16, AG*'s used 0
NL(3,2) = 18, AG*'s used 18
NL(3,4) = 18, AG*'s used 16
Max in loop 18, 0.6403310402493254
Sample size to show min tv of 0.19516552012466268 is 17
AUD TV 0.44033104024932535, ss 47
AG*(3,0) = 15
AG*(3,2) = 18
AG*(3,4) = 17
AG*(1,0) = 10
AG*(1,2) = 13
AG*(1,3) = 25
AG*(1,4) = 9
AG*(2,0) = 377
AG*(3,0) = 15
AG*(3,2) = 18
AG*(3,4) = 17
NL(3,0) = 15, AG*'s used 0
NL(3,2) = 17, AG*'s used 17
NL(3,4) = 16, AG*'s used 15
Max in loop 47, 0.44033104024932535
AUD TV 0.49033104024932533, ss 21
AG*(3,0) = 15
AG*(3,2) = 18
AG*(3,4) = 17
AG*(1,0) = 10
AG*(1,2) = 13
AG*(1,3) = 25
AG*(1,4) = 9
AG*(2,0) = 479
AG*(3,0) = 15
AG*(3,2) = 18
AG*(3,4) = 17
NL(3,0) = 15, AG*'s used 0
NL(3,2) = 17, AG*'s used 17
NL(3,4) = 16, AG*'s used 15
Max in loop 21, 0.49033104024932533
AUD TV 0.5403310402493253, ss 12
AG*(3,0) = 15
AG*(3,2) = 18
AG*(3,4) = 17
AG*(1,0) = 10
AG*(1,2) = 13
AG*(1,3) = 25
AG*(1,4) = 9
AG*(2,0) = 547
AG*(3,0) = 15
AG*(3,2) = 18
AG*(3,4) = 17
NL(3,0) = 15, AG*'s used 0
NL(3,2) = 17, AG*'s used 17
NL(3,4) = 17, AG*'s used 15
Max in loop 17, 0.5403310402493253
AUD TV 0.5903310402493254, ss 8
AG*(3,0) = 15
AG*(3,2) = 18
AG*(3,4) = 17
AG*(1,0) = 10
AG*(1,2) = 13
AG*(1,3) = 25
AG*(1,4) = 9
AG*(2,0) = 637
AG*(3,0) = 15
AG*(3,2) = 18
AG*(3,4) = 17
NL(3,0) = 15, AG*'s used 0
NL(3,2) = 17, AG*'s used 17
NL(3,4) = 17, AG*'s used 15
Max in loop 17, 0.5903310402493254
AUD TV 0.6403310402493254, ss 5
AG*(3,0) = 15
AG*(3,2) = 18
AG*(3,4) = 17
AG*(1,0) = 10
AG*(1,2) = 13
AG*(1,3) = 25
AG*(1,4) = 9
AG*(2,0) = 934
AG*(3,0) = 15
AG*(3,2) = 18
AG*(3,4) = 17
NL(3,0) = 15, AG*'s used 0
NL(3,2) = 17, AG*'s used 17
NL(3,4) = 17, AG*'s used 15
Max in loop 17, 0.6403310402493254
New mintv = 0.2451655201246627
Sample size to show min tv of 0.2451655201246627 is 21
Sample size required for audit is 17 ballots
------------------------------------------------
Assertion set BEFORE filtering:
(3, 'NL', 2, 17)
(3, 'NL', 4, 17)
(1, 'LT', None, (0.19516552012466268, 17))
(3, 'AG*', 4, 17)
(1, 'MT', None, (0.6403310402493254, 5))
(3, 'NL', 0, 15)
(1, 'QT', None, 10)
(3, 'AG*', 0, 15)
------------------------------------------------
Final set of assertions AFTER filtering:
(3, 'NL', 2, 17)
(1, 'LT', None, (0.19516552012466268, 17))
(3, 'AG*', 4, 17)
(1, 'MT', None, (0.6403310402493254, 5))
(1, 'QT', None, 10)
(3, 'AG*', 0, 15)
------------------------------------------------
Explanations for AG* inclusion:
   Explanation for (3, 'AG*', 4, 17): []
   Explanation for (3, 'AG*', 0, 15): []
------------------------------------------------
