VALID BALLOTS 50295
14 ballot checks required to assert that first winner has a quota's worth of votes
AG(3,0) = 10
AG(3,1) = 11
AG(3,2) = 10
AG(3,4) = 23
AG(3,5) = 11
AG(3,6) = 11
AG(3,8) = 10
AG(3,7) = 13
AG(4,0) = 29
AG(4,1) = 25
AG(4,2) = 26
AG(4,5) = 25
AG(4,6) = 35
AG(4,8) = 23
AG(4,7) = 64
AG(7,8) = 188
AUD TV 0.3717088761226636, ss 58
NL(4,8) = 21, AG's used 0
NL(4,5) = 22, AG's used 0
NL(4,0) = 24, AG's used 25
NL(4,1) = 22, AG's used 0
NL(4,2) = 23, AG's used 23
NL(4,6) = 26, AG's used 26
NL(4,7) = 36, AG's used 35
Max in loop 58, 0.3717088761226636
AUD TV 0.4217088761226636, ss 26
NL(4,8) = 21, AG's used 0
NL(4,5) = 22, AG's used 0
NL(4,0) = 24, AG's used 25
NL(4,1) = 22, AG's used 0
NL(4,2) = 23, AG's used 23
NL(4,6) = 27, AG's used 26
NL(4,7) = 36, AG's used 35
Max in loop 36, 0.4217088761226636
AUD TV 0.4717088761226636, ss 16
NL(4,8) = 22, AG's used 0
NL(4,5) = 22, AG's used 0
NL(4,0) = 24, AG's used 25
NL(4,1) = 23, AG's used 23
NL(4,2) = 24, AG's used 23
NL(4,6) = 27, AG's used 26
NL(4,7) = 37, AG's used 35
Max in loop 37, 0.4717088761226636
Sample size required for audit is 36 ballots
------------------------------------------------
Assertion set BEFORE filtering:
(4, 'NL', 0, 24)
(4, 'AG', 5, 25)
(3, 'QT', None, 14)
(4, 'AG', 1, 25)
(4, 'NL', 6, 27)
(4, 'AG', 2, 26)
(3, 'MT', 0.4217088761226636, 26)
(4, 'NL', 7, 36)
(4, 'NL', 1, 22)
(4, 'NL', 5, 22)
(4, 'NL', 2, 23)
(4, 'AG', 6, 35)
(4, 'AG', 8, 23)
(4, 'AG', 0, 29)
(4, 'NL', 8, 21)
------------------------------------------------
Final set of assertions AFTER filtering:
(4, 'AG', 5, 25)
(3, 'QT', None, 14)
(4, 'AG', 1, 25)
(4, 'AG', 2, 26)
(3, 'MT', 0.4217088761226636, 26)
(4, 'NL', 7, 36)
(4, 'AG', 6, 35)
(4, 'AG', 8, 23)
(4, 'AG', 0, 29)
------------------------------------------------
