VALID BALLOTS 50295
14 ballot checks required to assert that first winner has a quota's worth of votes
AUD TV 0.3717088761226636, ss 58
AG*(4,0) = 25
AG*(4,1) = 22
AG*(4,2) = 23
AG*(4,5) = 22
AG*(4,6) = 29
AG*(4,8) = 21
AG*(4,7) = 43
AG*(3,0) = 10
AG*(3,1) = 11
AG*(3,2) = 10
AG*(3,4) = 23
AG*(3,5) = 11
AG*(3,6) = 11
AG*(3,8) = 10
AG*(3,7) = 13
AG*(4,0) = 25
AG*(4,1) = 22
AG*(4,2) = 23
AG*(4,5) = 22
AG*(4,6) = 29
AG*(4,8) = 21
AG*(4,7) = 43
AG*(7,0) = 285
AG*(7,2) = 327
AG*(7,6) = 319
AG*(7,8) = 107
NL(4,8) = 21, AG*'s used 0
NL(4,5) = 22, AG*'s used 22
NL(4,0) = 23, AG*'s used 23
NL(4,1) = 22, AG*'s used 22
NL(4,2) = 23, AG*'s used 22
NL(4,6) = 26, AG*'s used 25
NL(4,7) = 36, AG*'s used 29
Max in loop 58, 0.3717088761226636
AUD TV 0.4217088761226636, ss 26
AG*(4,0) = 25
AG*(4,1) = 22
AG*(4,2) = 24
AG*(4,5) = 22
AG*(4,6) = 29
AG*(4,8) = 21
AG*(4,7) = 44
AG*(3,0) = 10
AG*(3,1) = 11
AG*(3,2) = 10
AG*(3,4) = 23
AG*(3,5) = 11
AG*(3,6) = 11
AG*(3,8) = 10
AG*(3,7) = 13
AG*(4,0) = 25
AG*(4,1) = 22
AG*(4,2) = 24
AG*(4,5) = 22
AG*(4,6) = 29
AG*(4,8) = 21
AG*(4,7) = 44
AG*(7,0) = 328
AG*(7,2) = 371
AG*(7,6) = 354
AG*(7,8) = 111
NL(4,8) = 21, AG*'s used 0
NL(4,5) = 22, AG*'s used 22
NL(4,0) = 23, AG*'s used 24
NL(4,1) = 22, AG*'s used 22
NL(4,2) = 23, AG*'s used 22
NL(4,6) = 26, AG*'s used 25
NL(4,7) = 36, AG*'s used 29
Max in loop 36, 0.4217088761226636
AUD TV 0.4717088761226636, ss 16
AG*(4,0) = 25
AG*(4,1) = 23
AG*(4,2) = 24
AG*(4,5) = 22
AG*(4,6) = 30
AG*(4,8) = 22
AG*(4,7) = 45
AG*(3,0) = 10
AG*(3,1) = 11
AG*(3,2) = 10
AG*(3,4) = 23
AG*(3,5) = 11
AG*(3,6) = 11
AG*(3,8) = 10
AG*(3,7) = 13
AG*(4,0) = 25
AG*(4,1) = 23
AG*(4,2) = 24
AG*(4,5) = 22
AG*(4,6) = 30
AG*(4,8) = 22
AG*(4,7) = 45
AG*(7,0) = 387
AG*(7,2) = 428
AG*(7,6) = 398
AG*(7,8) = 115
NL(4,8) = 21, AG*'s used 22
NL(4,5) = 22, AG*'s used 22
NL(4,0) = 23, AG*'s used 24
NL(4,1) = 22, AG*'s used 22
NL(4,2) = 23, AG*'s used 23
NL(4,6) = 27, AG*'s used 25
NL(4,7) = 37, AG*'s used 30
Max in loop 37, 0.4717088761226636
Sample size required for audit is 36 ballots
------------------------------------------------
Assertion set BEFORE filtering:
(4, 'NL', 5, 22)
(4, 'AG*', 5, 22)
(4, 'AG*', 2, 24)
(4, 'NL', 1, 22)
(4, 'AG*', 0, 25)
(3, 'MT', 0.4217088761226636, 26)
(4, 'NL', 7, 36)
(4, 'AG*', 6, 29)
(4, 'NL', 8, 21)
(3, 'QT', None, 14)
(4, 'NL', 2, 23)
(4, 'AG*', 8, 21)
(4, 'AG*', 1, 22)
(4, 'NL', 6, 26)
(4, 'NL', 0, 23)
------------------------------------------------
Final set of assertions AFTER filtering:
(4, 'AG*', 5, 22)
(4, 'AG*', 2, 24)
(4, 'AG*', 0, 25)
(3, 'MT', 0.4217088761226636, 26)
(4, 'NL', 7, 36)
(4, 'AG*', 6, 29)
(3, 'QT', None, 14)
(4, 'AG*', 8, 21)
(4, 'AG*', 1, 22)
------------------------------------------------
Explanations for AG* inclusion:
   Explanation for (4, 'AG*', 5, 22): []
   Explanation for (4, 'AG*', 2, 24): []
   Explanation for (4, 'AG*', 0, 25): []
   Explanation for (4, 'AG*', 6, 29): []
   Explanation for (4, 'AG*', 8, 21): []
   Explanation for (4, 'AG*', 1, 22): []
------------------------------------------------
