VALID BALLOTS 48540
12 ballot checks required to assert that first winner has a quota's worth of votes
AUD TV 0.4057236711128807, ss 52
AG*(1,0) = 106
AG*(1,3) = 91
AG*(1,4) = 41
AG*(0,4) = 264
AG*(1,0) = 106
AG*(1,3) = 91
AG*(1,4) = 41
AG*(2,0) = 16
AG*(2,1) = 21
AG*(2,3) = 14
AG*(2,4) = 13
NL(1,4) = 41, AG*'s used 0
NL(1,3) = 85, AG*'s used 41
NL(1,0) = 74, AG*'s used 91
Max in loop 91, 0.4057236711128807
AUD TV 0.4557236711128807, ss 24
AG*(1,0) = 110
AG*(1,3) = 97
AG*(1,4) = 42
AG*(0,4) = 419
AG*(1,0) = 110
AG*(1,3) = 97
AG*(1,4) = 42
AG*(2,0) = 16
AG*(2,1) = 21
AG*(2,3) = 14
AG*(2,4) = 13
NL(1,4) = 42, AG*'s used 0
NL(1,3) = 90, AG*'s used 42
NL(1,0) = 76, AG*'s used 97
Max in loop 97, 0.4557236711128807
Sample size required for audit is 91 ballots
------------------------------------------------
Assertion set BEFORE filtering:
(1, 'AG*', 4, 41)
(2, 'MT', 0.4057236711128807, 52)
(1, 'NL', 0, 74)
(1, 'NL', 3, 85)
(1, 'AG*', 3, 91)
(1, 'NL', 4, 41)
(2, 'QT', None, 12)
------------------------------------------------
Final set of assertions AFTER filtering:
(1, 'AG*', 4, 41)
(2, 'MT', 0.4057236711128807, 52)
(1, 'NL', 0, 74)
(1, 'AG*', 3, 91)
(2, 'QT', None, 12)
------------------------------------------------
Explanations for AG* inclusion:
   Explanation for (1, 'AG*', 4, 41): []
   Explanation for (1, 'AG*', 3, 91): []
------------------------------------------------
