VALID BALLOTS 48728
10 ballot checks required to assert that first winner has a quota's worth of votes
AUD TV 0.4329116328546463, ss 48
AG*(6,5) = 17
AG*(6,4) = 17
AG*(6,0) = 18
AG*(6,2) = 20
AG*(6,1) = 23
NL(6,5) = 16, AG*'s used 17
NL(6,4) = 17, AG*'s used 17
NL(6,0) = 17, AG*'s used 17
NL(6,2) = 19, AG*'s used 18
NL(6,1) = 22, AG*'s used 20
Max in loop 48, 0.4329116328546463
AUD TV 0.4829116328546463, ss 21
AG*(6,5) = 17
AG*(6,4) = 17
AG*(6,0) = 18
AG*(6,2) = 20
AG*(6,1) = 23
NL(6,5) = 17, AG*'s used 17
NL(6,4) = 17, AG*'s used 17
NL(6,0) = 18, AG*'s used 17
NL(6,2) = 19, AG*'s used 18
NL(6,1) = 22, AG*'s used 20
Max in loop 22, 0.4829116328546463
AUD TV 0.5329116328546463, ss 13
AG*(6,5) = 17
AG*(6,4) = 17
AG*(6,0) = 18
AG*(6,2) = 20
AG*(6,1) = 24
NL(6,5) = 17, AG*'s used 17
NL(6,4) = 17, AG*'s used 17
NL(6,0) = 18, AG*'s used 17
NL(6,2) = 19, AG*'s used 18
NL(6,1) = 22, AG*'s used 20
Max in loop 22, 0.5329116328546463
AUD TV 0.5829116328546463, ss 8
AG*(6,5) = 17
AG*(6,4) = 17
AG*(6,0) = 18
AG*(6,2) = 20
AG*(6,1) = 24
NL(6,5) = 17, AG*'s used 17
NL(6,4) = 17, AG*'s used 17
NL(6,0) = 18, AG*'s used 17
NL(6,2) = 20, AG*'s used 18
NL(6,1) = 22, AG*'s used 20
Max in loop 22, 0.5829116328546463
AUD TV 0.6329116328546464, ss 6
AG*(6,5) = 17
AG*(6,4) = 18
AG*(6,0) = 18
AG*(6,2) = 20
AG*(6,1) = 24
NL(6,5) = 17, AG*'s used 0
NL(6,4) = 17, AG*'s used 18
NL(6,0) = 18, AG*'s used 18
NL(6,2) = 20, AG*'s used 18
NL(6,1) = 22, AG*'s used 20
Max in loop 22, 0.6329116328546464
Sample size to show min tv of 0.19145581642732315 is 17
AUD TV 0.4329116328546463, ss 48
AG*(6,5) = 16
AG*(6,4) = 17
AG*(6,0) = 17
AG*(6,2) = 19
AG*(6,1) = 22
NL(6,5) = 16, AG*'s used 0
NL(6,4) = 16, AG*'s used 17
NL(6,0) = 17, AG*'s used 17
NL(6,2) = 18, AG*'s used 17
NL(6,1) = 20, AG*'s used 19
Max in loop 48, 0.4329116328546463
AUD TV 0.4829116328546463, ss 21
AG*(6,5) = 16
AG*(6,4) = 17
AG*(6,0) = 17
AG*(6,2) = 19
AG*(6,1) = 22
NL(6,5) = 16, AG*'s used 0
NL(6,4) = 16, AG*'s used 17
NL(6,0) = 17, AG*'s used 17
NL(6,2) = 18, AG*'s used 17
NL(6,1) = 20, AG*'s used 19
Max in loop 21, 0.4829116328546463
AUD TV 0.5329116328546463, ss 13
AG*(6,5) = 16
AG*(6,4) = 17
AG*(6,0) = 17
AG*(6,2) = 19
AG*(6,1) = 23
NL(6,5) = 16, AG*'s used 0
NL(6,4) = 17, AG*'s used 17
NL(6,0) = 17, AG*'s used 17
NL(6,2) = 19, AG*'s used 17
NL(6,1) = 21, AG*'s used 19
Max in loop 21, 0.5329116328546463
AUD TV 0.5829116328546463, ss 8
AG*(6,5) = 16
AG*(6,4) = 17
AG*(6,0) = 17
AG*(6,2) = 19
AG*(6,1) = 23
NL(6,5) = 16, AG*'s used 0
NL(6,4) = 17, AG*'s used 17
NL(6,0) = 17, AG*'s used 17
NL(6,2) = 19, AG*'s used 17
NL(6,1) = 21, AG*'s used 19
Max in loop 21, 0.5829116328546463
AUD TV 0.6329116328546464, ss 6
AG*(6,5) = 16
AG*(6,4) = 17
AG*(6,0) = 17
AG*(6,2) = 20
AG*(6,1) = 23
NL(6,5) = 16, AG*'s used 0
NL(6,4) = 17, AG*'s used 17
NL(6,0) = 17, AG*'s used 17
NL(6,2) = 19, AG*'s used 17
NL(6,1) = 21, AG*'s used 20
Max in loop 21, 0.6329116328546464
Sample size to show min tv of 0.24145581642732317 is 22
Sample size required for audit is 21 ballots
------------------------------------------------
Assertion set BEFORE filtering:
(6, 'AG*', 0, 17)
(6, 'NL', 2, 19)
(6, 'AG*', 5, 16)
(3, 'QT', None, 10)
(6, 'NL', 1, 21)
(3, 'LT', 0.19145581642732315, 17)
(3, 'MT', 0.6329116328546464, 6)
(6, 'NL', 4, 17)
(6, 'AG*', 2, 20)
(6, 'NL', 0, 17)
(6, 'NL', 5, 16)
(6, 'AG*', 4, 17)
------------------------------------------------
Final set of assertions AFTER filtering:
(6, 'AG*', 0, 17)
(6, 'AG*', 5, 16)
(3, 'QT', None, 10)
(6, 'NL', 1, 21)
(3, 'LT', 0.19145581642732315, 17)
(3, 'MT', 0.6329116328546464, 6)
(6, 'AG*', 2, 20)
(6, 'AG*', 4, 17)
------------------------------------------------
Explanations for AG* inclusion:
   Explanation for (6, 'AG*', 0, 17): []
   Explanation for (6, 'AG*', 5, 16): []
   Explanation for (6, 'AG*', 2, 20): []
   Explanation for (6, 'AG*', 4, 17): []
------------------------------------------------
