VALID BALLOTS 48728
10 ballot checks required to assert that first winner has a quota's worth of votes
AUD TV 0.4329116328546463, ss 48
AG*(6,0) = 18
AG*(6,1) = 23
AG*(6,2) = 20
AG*(6,4) = 17
AG*(6,5) = 17
AG*(1,0) = 279
AG*(1,4) = 217
AG*(1,5) = 120
AG*(3,0) = 10
AG*(3,1) = 13
AG*(3,2) = 11
AG*(3,4) = 10
AG*(3,5) = 9
AG*(3,6) = 25
AG*(6,0) = 18
AG*(6,1) = 23
AG*(6,2) = 20
AG*(6,4) = 17
AG*(6,5) = 17
NL(6,5) = 16, AG*'s used 17
NL(6,4) = 17, AG*'s used 17
NL(6,0) = 17, AG*'s used 17
NL(6,2) = 19, AG*'s used 18
NL(6,1) = 22, AG*'s used 20
Max in loop 48, 0.4329116328546463
AUD TV 0.4829116328546463, ss 21
AG*(6,0) = 18
AG*(6,1) = 23
AG*(6,2) = 20
AG*(6,4) = 17
AG*(6,5) = 17
AG*(1,0) = 303
AG*(1,4) = 232
AG*(1,5) = 123
AG*(3,0) = 10
AG*(3,1) = 13
AG*(3,2) = 11
AG*(3,4) = 10
AG*(3,5) = 9
AG*(3,6) = 25
AG*(6,0) = 18
AG*(6,1) = 23
AG*(6,2) = 20
AG*(6,4) = 17
AG*(6,5) = 17
NL(6,5) = 17, AG*'s used 17
NL(6,4) = 17, AG*'s used 17
NL(6,0) = 18, AG*'s used 17
NL(6,2) = 19, AG*'s used 18
NL(6,1) = 22, AG*'s used 20
Max in loop 22, 0.4829116328546463
AUD TV 0.5329116328546463, ss 13
AG*(6,0) = 18
AG*(6,1) = 24
AG*(6,2) = 20
AG*(6,4) = 17
AG*(6,5) = 17
AG*(1,0) = 380
AG*(1,4) = 249
AG*(1,5) = 126
AG*(3,0) = 10
AG*(3,1) = 13
AG*(3,2) = 11
AG*(3,4) = 10
AG*(3,5) = 9
AG*(3,6) = 25
AG*(6,0) = 18
AG*(6,1) = 24
AG*(6,2) = 20
AG*(6,4) = 17
AG*(6,5) = 17
NL(6,5) = 17, AG*'s used 17
NL(6,4) = 17, AG*'s used 17
NL(6,0) = 18, AG*'s used 17
NL(6,2) = 19, AG*'s used 18
NL(6,1) = 22, AG*'s used 20
Max in loop 22, 0.5329116328546463
AUD TV 0.5829116328546463, ss 8
AG*(6,0) = 18
AG*(6,1) = 24
AG*(6,2) = 20
AG*(6,4) = 17
AG*(6,5) = 17
AG*(1,0) = 474
AG*(1,4) = 270
AG*(1,5) = 130
AG*(3,0) = 10
AG*(3,1) = 13
AG*(3,2) = 11
AG*(3,4) = 10
AG*(3,5) = 9
AG*(3,6) = 25
AG*(6,0) = 18
AG*(6,1) = 24
AG*(6,2) = 20
AG*(6,4) = 17
AG*(6,5) = 17
NL(6,5) = 17, AG*'s used 17
NL(6,4) = 17, AG*'s used 17
NL(6,0) = 18, AG*'s used 17
NL(6,2) = 20, AG*'s used 18
NL(6,1) = 22, AG*'s used 20
Max in loop 22, 0.5829116328546463
AUD TV 0.6329116328546464, ss 6
AG*(6,0) = 18
AG*(6,1) = 24
AG*(6,2) = 20
AG*(6,4) = 18
AG*(6,5) = 17
AG*(1,0) = 529
AG*(1,4) = 294
AG*(1,5) = 134
AG*(3,0) = 10
AG*(3,1) = 13
AG*(3,2) = 11
AG*(3,4) = 10
AG*(3,5) = 9
AG*(3,6) = 25
AG*(6,0) = 18
AG*(6,1) = 24
AG*(6,2) = 20
AG*(6,4) = 18
AG*(6,5) = 17
NL(6,5) = 17, AG*'s used 0
NL(6,4) = 17, AG*'s used 18
NL(6,0) = 18, AG*'s used 18
NL(6,2) = 20, AG*'s used 18
NL(6,1) = 22, AG*'s used 20
Max in loop 22, 0.6329116328546464
Sample size required for audit is 22 ballots
------------------------------------------------
Assertion set BEFORE filtering:
(3, 'MT', 0.6329116328546464, 6)
(6, 'NL', 5, 17)
(6, 'AG*', 2, 20)
(6, 'NL', 0, 18)
(6, 'AG*', 5, 17)
(6, 'NL', 4, 17)
(6, 'NL', 2, 20)
(6, 'AG*', 4, 18)
(6, 'NL', 1, 22)
(3, 'QT', None, 10)
(6, 'AG*', 0, 18)
------------------------------------------------
Final set of assertions AFTER filtering:
(3, 'MT', 0.6329116328546464, 6)
(6, 'AG*', 2, 20)
(6, 'AG*', 5, 17)
(6, 'AG*', 4, 18)
(6, 'NL', 1, 22)
(3, 'QT', None, 10)
(6, 'AG*', 0, 18)
------------------------------------------------
Explanations for AG* inclusion:
   Explanation for (6, 'AG*', 2, 20): []
   Explanation for (6, 'AG*', 5, 17): []
   Explanation for (6, 'AG*', 4, 18): []
   Explanation for (6, 'AG*', 0, 18): []
------------------------------------------------
