VALID BALLOTS 48853
34 ballot checks required to assert that first winner has a quota's worth of votes
AG(0,1) = 20
AG(0,2) = 14
AG(0,3) = 13
AG(0,9) = 14
AG(0,4) = 14
AG(0,5) = 16
AG(0,6) = 15
AG(0,8) = 19
AG(7,1) = 16
AG(7,2) = 15
AG(7,3) = 15
AG(7,9) = 15
AG(7,4) = 15
AG(7,5) = 19
AG(7,6) = 15
AG(7,8) = 16
AUD TV 0.21747610040386484, ss 90
NL(7,1) = 15, AG's used 15
NL(7,2) = 14, AG's used 0
NL(7,3) = 14, AG's used 0
NL(7,9) = 14, AG's used 0
NL(7,4) = 14, AG's used 15
NL(7,5) = 15, AG's used 16
NL(7,6) = 14, AG's used 0
NL(7,8) = 15, AG's used 15
Max in loop 90, 0.21747610040386484
AUD TV 0.2674761004038648, ss 42
NL(7,1) = 15, AG's used 15
NL(7,2) = 14, AG's used 0
NL(7,3) = 14, AG's used 0
NL(7,9) = 14, AG's used 0
NL(7,4) = 14, AG's used 15
NL(7,5) = 15, AG's used 16
NL(7,6) = 14, AG's used 0
NL(7,8) = 15, AG's used 15
Max in loop 42, 0.2674761004038648
AUD TV 0.3174761004038648, ss 26
NL(7,1) = 15, AG's used 15
NL(7,2) = 14, AG's used 0
NL(7,3) = 14, AG's used 0
NL(7,9) = 14, AG's used 0
NL(7,4) = 15, AG's used 15
NL(7,5) = 15, AG's used 16
NL(7,6) = 14, AG's used 0
NL(7,8) = 15, AG's used 15
Max in loop 34, 0.3174761004038648
AUD TV 0.3674761004038648, ss 18
NL(7,1) = 15, AG's used 15
NL(7,2) = 14, AG's used 0
NL(7,3) = 14, AG's used 0
NL(7,9) = 14, AG's used 0
NL(7,4) = 15, AG's used 15
NL(7,5) = 15, AG's used 16
NL(7,6) = 14, AG's used 0
NL(7,8) = 15, AG's used 15
Max in loop 34, 0.3674761004038648
AUD TV 0.4174761004038648, ss 13
NL(7,1) = 15, AG's used 15
NL(7,2) = 14, AG's used 0
NL(7,3) = 14, AG's used 0
NL(7,9) = 14, AG's used 0
NL(7,4) = 15, AG's used 15
NL(7,5) = 15, AG's used 16
NL(7,6) = 14, AG's used 0
NL(7,8) = 15, AG's used 15
Max in loop 34, 0.4174761004038648
AUD TV 0.4674761004038648, ss 10
NL(7,1) = 15, AG's used 15
NL(7,2) = 14, AG's used 0
NL(7,3) = 14, AG's used 0
NL(7,9) = 14, AG's used 0
NL(7,4) = 15, AG's used 15
NL(7,5) = 15, AG's used 16
NL(7,6) = 14, AG's used 0
NL(7,8) = 15, AG's used 15
Max in loop 34, 0.4674761004038648
AUD TV 0.5174761004038648, ss 7
NL(7,1) = 15, AG's used 15
NL(7,2) = 14, AG's used 0
NL(7,3) = 14, AG's used 0
NL(7,9) = 14, AG's used 0
NL(7,4) = 15, AG's used 15
NL(7,5) = 15, AG's used 16
NL(7,6) = 14, AG's used 0
NL(7,8) = 15, AG's used 15
Max in loop 34, 0.5174761004038648
AUD TV 0.5674761004038649, ss 5
NL(7,1) = 15, AG's used 15
NL(7,2) = 14, AG's used 0
NL(7,3) = 14, AG's used 0
NL(7,9) = 14, AG's used 0
NL(7,4) = 15, AG's used 15
NL(7,5) = 15, AG's used 16
NL(7,6) = 14, AG's used 0
NL(7,8) = 15, AG's used 15
Max in loop 34, 0.5674761004038649
AUD TV 0.6174761004038649, ss 4
NL(7,1) = 15, AG's used 15
NL(7,2) = 14, AG's used 0
NL(7,3) = 14, AG's used 0
NL(7,9) = 14, AG's used 0
NL(7,4) = 15, AG's used 15
NL(7,5) = 15, AG's used 16
NL(7,6) = 14, AG's used 0
NL(7,8) = 15, AG's used 15
Max in loop 34, 0.6174761004038649
Sample size required for audit is 34 ballots
------------------------------------------------
Assertion set BEFORE filtering:
(7, 'NL', 9, 14)
(7, 'AG', 3, 15)
(0, 'QT', None, 34)
(7, 'AG', 1, 16)
(7, 'AG', 4, 15)
(7, 'NL', 1, 15)
(7, 'AG', 6, 15)
(7, 'NL', 2, 14)
(7, 'NL', 3, 14)
(7, 'AG', 9, 15)
(0, 'MT', 0.6174761004038649, 4)
(7, 'NL', 6, 14)
(7, 'NL', 5, 15)
(7, 'AG', 8, 16)
(7, 'NL', 4, 15)
(7, 'AG', 2, 15)
(7, 'NL', 8, 15)
------------------------------------------------
Final set of assertions AFTER filtering:
(7, 'AG', 3, 15)
(0, 'QT', None, 34)
(7, 'AG', 1, 16)
(7, 'AG', 4, 15)
(7, 'AG', 6, 15)
(7, 'AG', 9, 15)
(0, 'MT', 0.6174761004038649, 4)
(7, 'NL', 5, 15)
(7, 'AG', 8, 16)
(7, 'AG', 2, 15)
------------------------------------------------
