VALID BALLOTS 49119
9 ballot checks required to assert that first winner has a quota's worth of votes
AG(1,0) = 68
AG(1,2) = 57
AG(1,3) = 58
AG(1,4) = 51
AG(1,5) = 64
AG(6,0) = 11
AG(6,1) = 14
AG(6,2) = 10
AG(6,3) = 10
AG(6,4) = 9
AG(6,5) = 11
AG(6,7) = 13
AG(7,0) = 233
AG(7,2) = 125
AG(7,3) = 115
AG(7,4) = 81
AG(7,5) = 150
AUD TV 0.4687433439829606, ss 42
NL(1,3) = 49, AG's used 0
NL(1,2) = 50, AG's used 0
NL(1,4) = 45, AG's used 0
NL(1,5) = 54, AG's used 51
NL(1,0) = 56, AG's used 51
NL(1,7) = 163, AG's used 68
Max in loop 163, 0.4687433439829606
AUD TV 0.5187433439829606, ss 19
NL(1,3) = 50, AG's used 0
NL(1,2) = 50, AG's used 0
NL(1,4) = 45, AG's used 0
NL(1,5) = 55, AG's used 51
NL(1,0) = 54, AG's used 57
NL(1,7) = 168, AG's used 68
Max in loop 168, 0.5187433439829606
Sample size required for audit is 163 ballots
------------------------------------------------
Assertion set BEFORE filtering:
(1, 'AG', 3, 58)
(1, 'AG', 2, 57)
(1, 'NL', 4, 45)
(1, 'AG', 5, 64)
(1, 'NL', 7, 163)
(1, 'AG', 4, 51)
(1, 'NL', 0, 56)
(6, 'QT', None, 9)
(1, 'NL', 5, 54)
(1, 'NL', 2, 50)
(6, 'MT', 0.4687433439829606, 42)
(1, 'AG', 0, 68)
(1, 'NL', 3, 49)
------------------------------------------------
Final set of assertions AFTER filtering:
(1, 'AG', 3, 58)
(1, 'AG', 2, 57)
(1, 'AG', 5, 64)
(1, 'NL', 7, 163)
(1, 'AG', 4, 51)
(6, 'QT', None, 9)
(6, 'MT', 0.4687433439829606, 42)
(1, 'AG', 0, 68)
------------------------------------------------
