VALID BALLOTS 49642
15 ballot checks required to assert that first winner has a quota's worth of votes
AUD TV 0.3574991630398393, ss 61
AG*(0,1) = 14
AG*(0,2) = 13
AG*(0,3) = 14
AG*(0,4) = 13
NL(0,1) = 14, AG*'s used 14
NL(0,2) = 13, AG*'s used 13
NL(0,3) = 13, AG*'s used 14
NL(0,4) = 13, AG*'s used 13
Max in loop 61, 0.3574991630398393
AUD TV 0.4074991630398393, ss 28
AG*(0,1) = 14
AG*(0,2) = 13
AG*(0,3) = 14
AG*(0,4) = 14
NL(0,1) = 14, AG*'s used 14
NL(0,2) = 13, AG*'s used 0
NL(0,3) = 13, AG*'s used 14
NL(0,4) = 13, AG*'s used 13
Max in loop 28, 0.4074991630398393
AUD TV 0.4574991630398393, ss 17
AG*(0,1) = 14
AG*(0,2) = 14
AG*(0,3) = 14
AG*(0,4) = 14
NL(0,1) = 14, AG*'s used 14
NL(0,2) = 13, AG*'s used 14
NL(0,3) = 14, AG*'s used 14
NL(0,4) = 13, AG*'s used 14
Max in loop 17, 0.4574991630398393
AUD TV 0.5074991630398393, ss 11
AG*(0,1) = 14
AG*(0,2) = 14
AG*(0,3) = 14
AG*(0,4) = 14
NL(0,1) = 14, AG*'s used 14
NL(0,2) = 13, AG*'s used 14
NL(0,3) = 14, AG*'s used 14
NL(0,4) = 13, AG*'s used 14
Max in loop 15, 0.5074991630398393
AUD TV 0.5574991630398394, ss 8
AG*(0,1) = 14
AG*(0,2) = 14
AG*(0,3) = 14
AG*(0,4) = 14
NL(0,1) = 14, AG*'s used 14
NL(0,2) = 13, AG*'s used 14
NL(0,3) = 14, AG*'s used 14
NL(0,4) = 14, AG*'s used 14
Max in loop 15, 0.5574991630398394
AUD TV 0.6074991630398394, ss 6
AG*(0,1) = 15
AG*(0,2) = 14
AG*(0,3) = 14
AG*(0,4) = 14
NL(0,1) = 14, AG*'s used 14
NL(0,2) = 14, AG*'s used 14
NL(0,3) = 14, AG*'s used 14
NL(0,4) = 14, AG*'s used 14
Max in loop 15, 0.6074991630398394
AUD TV 0.6574991630398395, ss 4
AG*(0,1) = 15
AG*(0,2) = 14
AG*(0,3) = 15
AG*(0,4) = 14
NL(0,1) = 15, AG*'s used 15
NL(0,2) = 14, AG*'s used 14
NL(0,3) = 14, AG*'s used 14
NL(0,4) = 14, AG*'s used 14
Max in loop 15, 0.6574991630398395
Sample size to show min tv of 0.15374958151991966 is 26
Sample size required for audit is 15 ballots
------------------------------------------------
Assertion set BEFORE filtering:
(0, 'NL', 1, 15)
(0, 'AG*', 2, 14)
(0, 'AG*', 3, 15)
(0, 'AG*', 4, 14)
(0, 'NL', 2, 14)
(0, 'NL', 3, 14)
(5, 'MT', 0.6574991630398395, 4)
(0, 'NL', 4, 14)
(5, 'QT', None, 15)
------------------------------------------------
Final set of assertions AFTER filtering:
(0, 'NL', 1, 15)
(0, 'AG*', 2, 14)
(0, 'AG*', 3, 15)
(0, 'AG*', 4, 14)
(5, 'MT', 0.6574991630398395, 4)
(5, 'QT', None, 15)
------------------------------------------------
Explanations for AG* inclusion:
   Explanation for (0, 'AG*', 2, 14): []
   Explanation for (0, 'AG*', 3, 15): []
   Explanation for (0, 'AG*', 4, 14): []
------------------------------------------------
