VALID BALLOTS 46845
12 ballot checks required to assert that first winner has a quota's worth of votes
AG(0,1) = 36
AG(0,3) = 42
AG(0,4) = 33
AG(2,0) = 29
AG(2,1) = 11
AG(2,3) = 10
AG(2,4) = 10
AUD TV 0.40564266556632966, ss 52
NL(0,1) = 22, AG's used 0
NL(0,3) = 22, AG's used 0
NL(0,4) = 20, AG's used 0
Max in loop 52, 0.40564266556632966
AUD TV 0.45564266556632965, ss 24
NL(0,1) = 23, AG's used 0
NL(0,3) = 23, AG's used 0
NL(0,4) = 21, AG's used 0
Max in loop 24, 0.45564266556632965
AUD TV 0.5056426655663296, ss 14
NL(0,1) = 23, AG's used 0
NL(0,3) = 24, AG's used 0
NL(0,4) = 21, AG's used 0
Max in loop 24, 0.5056426655663296
AUD TV 0.5556426655663297, ss 9
NL(0,1) = 24, AG's used 0
NL(0,3) = 25, AG's used 0
NL(0,4) = 22, AG's used 0
Max in loop 25, 0.5556426655663297
Sample size required for audit is 24 ballots
------------------------------------------------
Assertion set BEFORE filtering:
(0, 'NL', 3, 24)
(0, 'NL', 1, 23)
(2, 'MT', 0.5056426655663296, 14)
(2, 'QT', None, 12)
(0, 'NL', 4, 21)
------------------------------------------------
Final set of assertions AFTER filtering:
(0, 'NL', 3, 24)
(0, 'NL', 1, 23)
(2, 'MT', 0.5056426655663296, 14)
(2, 'QT', None, 12)
(0, 'NL', 4, 21)
------------------------------------------------
