VALID BALLOTS 53510
10 ballot checks required to assert that first winner has a quota's worth of votes
AG(0,2) = 15
AG(1,0) = 39
AG(1,2) = 12
AUD TV 0.43399640834369385, ss 48
NL(0,2) = 14, AG's used 0
Max in loop 48, 0.43399640834369385
AUD TV 0.48399640834369384, ss 21
NL(0,2) = 14, AG's used 0
Max in loop 21, 0.48399640834369384
AUD TV 0.5339964083436939, ss 13
NL(0,2) = 14, AG's used 0
Max in loop 14, 0.5339964083436939
AUD TV 0.5839964083436939, ss 8
NL(0,2) = 14, AG's used 0
Max in loop 14, 0.5839964083436939
AUD TV 0.633996408343694, ss 5
NL(0,2) = 14, AG's used 0
Max in loop 14, 0.633996408343694
Sample size required for audit is 14 ballots
------------------------------------------------
Assertion set BEFORE filtering:
(1, 'QT', None, 10)
(1, 'MT', 0.633996408343694, 5)
(0, 'NL', 2, 14)
------------------------------------------------
Final set of assertions AFTER filtering:
(1, 'QT', None, 10)
(1, 'MT', 0.633996408343694, 5)
(0, 'NL', 2, 14)
------------------------------------------------
