VALID BALLOTS 47892
18 ballot checks required to assert that first winner has a quota's worth of votes
AUD TV 0.32249943039416723, ss 68
AG*(2,0) = 19
AG*(2,1) = 18
AG*(2,4) = 21
AG*(2,5) = 20
NL(2,0) = 19, AG*'s used 18
NL(2,1) = 18, AG*'s used 0
NL(2,4) = 20, AG*'s used 20
NL(2,5) = 20, AG*'s used 19
Max in loop 68, 0.32249943039416723
AUD TV 0.3724994303941672, ss 31
AG*(2,0) = 19
AG*(2,1) = 18
AG*(2,4) = 22
AG*(2,5) = 21
NL(2,0) = 19, AG*'s used 18
NL(2,1) = 18, AG*'s used 0
NL(2,4) = 21, AG*'s used 21
NL(2,5) = 20, AG*'s used 19
Max in loop 31, 0.3724994303941672
AUD TV 0.4224994303941672, ss 19
AG*(2,0) = 19
AG*(2,1) = 18
AG*(2,4) = 22
AG*(2,5) = 21
NL(2,0) = 19, AG*'s used 18
NL(2,1) = 18, AG*'s used 0
NL(2,4) = 21, AG*'s used 21
NL(2,5) = 20, AG*'s used 19
Max in loop 21, 0.4224994303941672
AUD TV 0.4724994303941672, ss 13
AG*(2,0) = 20
AG*(2,1) = 18
AG*(2,4) = 23
AG*(2,5) = 21
NL(2,0) = 19, AG*'s used 18
NL(2,1) = 18, AG*'s used 0
NL(2,4) = 21, AG*'s used 21
NL(2,5) = 20, AG*'s used 20
Max in loop 21, 0.4724994303941672
AUD TV 0.5224994303941672, ss 9
AG*(2,0) = 20
AG*(2,1) = 19
AG*(2,4) = 23
AG*(2,5) = 21
NL(2,0) = 19, AG*'s used 19
NL(2,1) = 19, AG*'s used 0
NL(2,4) = 22, AG*'s used 21
NL(2,5) = 21, AG*'s used 20
Max in loop 22, 0.5224994303941672
Sample size to show min tv of 0.13624971519708362 is 31
Sample size required for audit is 21 ballots
------------------------------------------------
Assertion set BEFORE filtering:
(3, 'QT', None, 18)
(2, 'AG*', 0, 20)
(2, 'NL', 4, 21)
(2, 'NL', 5, 20)
(3, 'MT', 0.4724994303941672, 13)
(2, 'NL', 1, 18)
(2, 'AG*', 5, 21)
(2, 'NL', 0, 19)
(2, 'AG*', 1, 18)
------------------------------------------------
Final set of assertions AFTER filtering:
(3, 'QT', None, 18)
(2, 'AG*', 0, 20)
(2, 'NL', 4, 21)
(3, 'MT', 0.4724994303941672, 13)
(2, 'AG*', 5, 21)
(2, 'AG*', 1, 18)
------------------------------------------------
Explanations for AG* inclusion:
   Explanation for (2, 'AG*', 0, 20): []
   Explanation for (2, 'AG*', 5, 21): []
   Explanation for (2, 'AG*', 1, 18): []
------------------------------------------------
