VALID BALLOTS 46977
13 ballot checks required to assert that first winner has a quota's worth of votes
AG(3,0) = 18
AG(3,1) = 15
AG(3,2) = 15
AG(3,4) = 17
AG(5,0) = 12
AG(5,1) = 11
AG(5,2) = 10
AG(5,3) = 47
AG(5,4) = 11
AUD TV 0.38497536945812805, ss 56
NL(3,0) = 16, AG's used 15
NL(3,1) = 14, AG's used 0
NL(3,2) = 14, AG's used 0
NL(3,4) = 15, AG's used 15
Max in loop 56, 0.38497536945812805
AUD TV 0.43497536945812804, ss 25
NL(3,0) = 16, AG's used 15
NL(3,1) = 14, AG's used 0
NL(3,2) = 14, AG's used 0
NL(3,4) = 15, AG's used 15
Max in loop 25, 0.43497536945812804
AUD TV 0.484975369458128, ss 15
NL(3,0) = 16, AG's used 15
NL(3,1) = 14, AG's used 0
NL(3,2) = 14, AG's used 0
NL(3,4) = 15, AG's used 15
Max in loop 16, 0.484975369458128
AUD TV 0.5349753694581281, ss 10
NL(3,0) = 16, AG's used 15
NL(3,1) = 14, AG's used 0
NL(3,2) = 14, AG's used 0
NL(3,4) = 16, AG's used 15
Max in loop 16, 0.5349753694581281
AUD TV 0.5849753694581281, ss 7
NL(3,0) = 16, AG's used 15
NL(3,1) = 14, AG's used 0
NL(3,2) = 14, AG's used 0
NL(3,4) = 16, AG's used 15
Max in loop 16, 0.5849753694581281
AUD TV 0.6349753694581282, ss 5
NL(3,0) = 16, AG's used 17
NL(3,1) = 14, AG's used 0
NL(3,2) = 14, AG's used 0
NL(3,4) = 16, AG's used 15
Max in loop 17, 0.6349753694581282
Sample size required for audit is 16 ballots
------------------------------------------------
Assertion set BEFORE filtering:
(3, 'NL', 1, 14)
(3, 'NL', 2, 14)
(5, 'QT', None, 13)
(5, 'MT', 0.5849753694581281, 7)
(3, 'AG', 1, 15)
(3, 'AG', 2, 15)
(3, 'NL', 4, 16)
(3, 'NL', 0, 16)
------------------------------------------------
Final set of assertions AFTER filtering:
(5, 'QT', None, 13)
(5, 'MT', 0.5849753694581281, 7)
(3, 'AG', 1, 15)
(3, 'AG', 2, 15)
(3, 'NL', 4, 16)
(3, 'NL', 0, 16)
------------------------------------------------
