VALID BALLOTS 46977
13 ballot checks required to assert that first winner has a quota's worth of votes
AUD TV 0.38497536945812805, ss 56
AG*(3,0) = 16
AG*(3,1) = 14
AG*(3,2) = 14
AG*(3,4) = 15
NL(3,0) = 16, AG*'s used 15
NL(3,1) = 14, AG*'s used 14
NL(3,2) = 14, AG*'s used 14
NL(3,4) = 15, AG*'s used 14
Max in loop 56, 0.38497536945812805
AUD TV 0.43497536945812804, ss 25
AG*(3,0) = 16
AG*(3,1) = 14
AG*(3,2) = 14
AG*(3,4) = 15
NL(3,0) = 16, AG*'s used 15
NL(3,1) = 14, AG*'s used 14
NL(3,2) = 14, AG*'s used 14
NL(3,4) = 15, AG*'s used 14
Max in loop 25, 0.43497536945812804
AUD TV 0.484975369458128, ss 15
AG*(3,0) = 16
AG*(3,1) = 14
AG*(3,2) = 14
AG*(3,4) = 16
NL(3,0) = 16, AG*'s used 16
NL(3,1) = 14, AG*'s used 14
NL(3,2) = 14, AG*'s used 14
NL(3,4) = 15, AG*'s used 14
Max in loop 16, 0.484975369458128
AUD TV 0.5349753694581281, ss 10
AG*(3,0) = 17
AG*(3,1) = 14
AG*(3,2) = 14
AG*(3,4) = 16
NL(3,0) = 16, AG*'s used 16
NL(3,1) = 14, AG*'s used 14
NL(3,2) = 14, AG*'s used 14
NL(3,4) = 16, AG*'s used 14
Max in loop 16, 0.5349753694581281
AUD TV 0.5849753694581281, ss 7
AG*(3,0) = 17
AG*(3,1) = 14
AG*(3,2) = 14
AG*(3,4) = 16
NL(3,0) = 16, AG*'s used 16
NL(3,1) = 14, AG*'s used 14
NL(3,2) = 14, AG*'s used 14
NL(3,4) = 16, AG*'s used 14
Max in loop 16, 0.5849753694581281
AUD TV 0.6349753694581282, ss 5
AG*(3,0) = 17
AG*(3,1) = 14
AG*(3,2) = 14
AG*(3,4) = 16
NL(3,0) = 16, AG*'s used 16
NL(3,1) = 14, AG*'s used 14
NL(3,2) = 14, AG*'s used 14
NL(3,4) = 16, AG*'s used 14
Max in loop 16, 0.6349753694581282
Sample size to show min tv of 0.16748768472906403 is 22
Sample size required for audit is 16 ballots
------------------------------------------------
Assertion set BEFORE filtering:
(3, 'NL', 0, 16)
(5, 'QT', None, 13)
(3, 'AG*', 2, 14)
(3, 'NL', 2, 14)
(3, 'AG*', 1, 14)
(3, 'AG*', 4, 16)
(5, 'MT', 0.6349753694581282, 5)
(3, 'NL', 1, 14)
(3, 'NL', 4, 16)
------------------------------------------------
Final set of assertions AFTER filtering:
(3, 'NL', 0, 16)
(5, 'QT', None, 13)
(3, 'AG*', 2, 14)
(3, 'AG*', 1, 14)
(3, 'AG*', 4, 16)
(5, 'MT', 0.6349753694581282, 5)
------------------------------------------------
Explanations for AG* inclusion:
   Explanation for (3, 'AG*', 2, 14): []
   Explanation for (3, 'AG*', 1, 14): []
   Explanation for (3, 'AG*', 4, 16): []
------------------------------------------------
