VALID BALLOTS 54840
9 ballot checks required to assert that first winner has a quota's worth of votes
AUD TV 0.47023975643790433, ss 42
AG*(0,1) = 33
AG*(0,2) = 40
NL(0,1) = 33, AG*'s used 0
NL(0,2) = 38, AG*'s used 33
Max in loop 42, 0.47023975643790433
AUD TV 0.5202397564379043, ss 19
AG*(0,1) = 35
AG*(0,2) = 42
NL(0,1) = 35, AG*'s used 0
NL(0,2) = 40, AG*'s used 35
Max in loop 40, 0.5202397564379043
AUD TV 0.5702397564379044, ss 11
AG*(0,1) = 36
AG*(0,2) = 44
NL(0,1) = 36, AG*'s used 0
NL(0,2) = 42, AG*'s used 36
Max in loop 42, 0.5702397564379044
Sample size to show min tv of 0.21011987821895217 is 14
AUD TV 0.47023975643790433, ss 42
AG*(0,1) = 31
AG*(0,2) = 37
NL(0,1) = 31, AG*'s used 0
NL(0,2) = 34, AG*'s used 31
Max in loop 42, 0.47023975643790433
AUD TV 0.5202397564379043, ss 19
AG*(0,1) = 32
AG*(0,2) = 39
NL(0,1) = 32, AG*'s used 0
NL(0,2) = 36, AG*'s used 32
Max in loop 36, 0.5202397564379043
AUD TV 0.5702397564379044, ss 11
AG*(0,1) = 33
AG*(0,2) = 41
NL(0,1) = 33, AG*'s used 0
NL(0,2) = 37, AG*'s used 33
Max in loop 37, 0.5702397564379044
Sample size to show min tv of 0.26011987821895216 is 18
AUD TV 0.47023975643790433, ss 42
AG*(0,1) = 31
AG*(0,2) = 36
NL(0,1) = 31, AG*'s used 0
NL(0,2) = 33, AG*'s used 31
Max in loop 42, 0.47023975643790433
AUD TV 0.5202397564379043, ss 19
AG*(0,1) = 32
AG*(0,2) = 38
NL(0,1) = 32, AG*'s used 0
NL(0,2) = 35, AG*'s used 32
Max in loop 35, 0.5202397564379043
AUD TV 0.5702397564379044, ss 11
AG*(0,1) = 33
AG*(0,2) = 40
NL(0,1) = 33, AG*'s used 0
NL(0,2) = 37, AG*'s used 33
Max in loop 37, 0.5702397564379044
Sample size to show min tv of 0.31011987821895215 is 24
AUD TV 0.47023975643790433, ss 42
AG*(0,1) = 30
AG*(0,2) = 36
NL(0,1) = 30, AG*'s used 0
NL(0,2) = 33, AG*'s used 30
Max in loop 42, 0.47023975643790433
AUD TV 0.5202397564379043, ss 19
AG*(0,1) = 31
AG*(0,2) = 37
NL(0,1) = 31, AG*'s used 0
NL(0,2) = 34, AG*'s used 31
Max in loop 34, 0.5202397564379043
AUD TV 0.5702397564379044, ss 11
AG*(0,1) = 32
AG*(0,2) = 39
NL(0,1) = 32, AG*'s used 0
NL(0,2) = 36, AG*'s used 32
Max in loop 36, 0.5702397564379044
Sample size to show min tv of 0.36011987821895214 is 42
Sample size required for audit is 34 ballots
------------------------------------------------
Assertion set BEFORE filtering:
(0, 'NL', 1, 31)
(3, 'LT', 0.31011987821895215, 24)
(0, 'AG*', 1, 31)
(0, 'NL', 2, 34)
(3, 'MT', 0.5202397564379043, 19)
(3, 'QT', None, 9)
------------------------------------------------
Final set of assertions AFTER filtering:
(3, 'LT', 0.31011987821895215, 24)
(0, 'AG*', 1, 31)
(0, 'NL', 2, 34)
(3, 'MT', 0.5202397564379043, 19)
(3, 'QT', None, 9)
------------------------------------------------
Explanations for AG* inclusion:
   Explanation for (0, 'AG*', 1, 31): []
------------------------------------------------
