VALID BALLOTS 54840
9 ballot checks required to assert that first winner has a quota's worth of votes
AUD TV 0.47023975643790433, ss 42
AG*(0,1) = 33
AG*(0,2) = 40
AG*(0,1) = 33
AG*(0,2) = 40
AG*(3,0) = 16
AG*(3,1) = 9
AG*(3,2) = 10
NL(0,1) = 33, AG*'s used 0
NL(0,2) = 38, AG*'s used 33
Max in loop 42, 0.47023975643790433
AUD TV 0.5202397564379043, ss 19
AG*(0,1) = 35
AG*(0,2) = 42
AG*(0,1) = 35
AG*(0,2) = 42
AG*(3,0) = 16
AG*(3,1) = 9
AG*(3,2) = 10
NL(0,1) = 35, AG*'s used 0
NL(0,2) = 40, AG*'s used 35
Max in loop 40, 0.5202397564379043
AUD TV 0.5702397564379044, ss 11
AG*(0,1) = 36
AG*(0,2) = 44
AG*(0,1) = 36
AG*(0,2) = 44
AG*(3,0) = 16
AG*(3,1) = 9
AG*(3,2) = 10
NL(0,1) = 36, AG*'s used 0
NL(0,2) = 42, AG*'s used 36
Max in loop 42, 0.5702397564379044
Sample size required for audit is 40 ballots
------------------------------------------------
Assertion set BEFORE filtering:
(3, 'QT', None, 9)
(0, 'NL', 2, 40)
(0, 'NL', 1, 35)
(0, 'AG*', 1, 35)
(3, 'MT', 0.5202397564379043, 19)
------------------------------------------------
Final set of assertions AFTER filtering:
(3, 'QT', None, 9)
(0, 'NL', 2, 40)
(0, 'AG*', 1, 35)
(3, 'MT', 0.5202397564379043, 19)
------------------------------------------------
Explanations for AG* inclusion:
   Explanation for (0, 'AG*', 1, 35): []
------------------------------------------------
