VALID BALLOTS 54840
9 ballot checks required to assert that first winner has a quota's worth of votes
AG(0,1) = 52
AG(0,2) = 83
AG(3,0) = 16
AG(3,1) = 9
AG(3,2) = 10
AUD TV 0.47023975643790433, ss 42
NL(0,1) = 33, AG's used 0
NL(0,2) = 40, AG's used 0
Max in loop 42, 0.47023975643790433
AUD TV 0.5202397564379043, ss 19
NL(0,1) = 35, AG's used 0
NL(0,2) = 42, AG's used 0
Max in loop 42, 0.5202397564379043
AUD TV 0.5702397564379044, ss 11
NL(0,1) = 36, AG's used 0
NL(0,2) = 44, AG's used 0
Max in loop 44, 0.5702397564379044
Sample size required for audit is 42 ballots
------------------------------------------------
Assertion set BEFORE filtering:
(3, 'MT', 0.5202397564379043, 19)
(3, 'QT', None, 9)
(0, 'NL', 1, 35)
(0, 'NL', 2, 42)
------------------------------------------------
Final set of assertions AFTER filtering:
(3, 'MT', 0.5202397564379043, 19)
(3, 'QT', None, 9)
(0, 'NL', 1, 35)
(0, 'NL', 2, 42)
------------------------------------------------
