VALID BALLOTS 48785
17 ballot checks required to assert that first winner has a quota's worth of votes
AG(0,1) = 13
AG(0,2) = 22
AG(0,3) = 12
AG(0,4) = 11
AG(0,5) = 21
AG(2,3) = 145
AG(2,4) = 39
AUD TV 0.33168205309421794, ss 66
NL(2,4) = 33, AG's used 0
NL(2,3) = 43, AG's used 39
NL(2,1) = 66, AG's used 39
NL(2,5) NOT POSSIBLE
Max in loop inf, 0.33168205309421794
AUD TV 0.38168205309421793, ss 30
NL(2,4) = 33, AG's used 0
NL(2,3) = 45, AG's used 39
NL(2,1) = 72, AG's used 39
NL(2,5) NOT POSSIBLE
Max in loop inf, 0.38168205309421793
AUD TV 0.4316820530942179, ss 18
NL(2,4) = 34, AG's used 0
NL(2,3) = 48, AG's used 39
NL(2,1) = 80, AG's used 39
NL(2,5) NOT POSSIBLE
Max in loop inf, 0.4316820530942179
AUD TV 0.4816820530942179, ss 12
NL(2,4) = 34, AG's used 0
NL(2,3) = 50, AG's used 39
NL(2,1) = 89, AG's used 39
NL(2,5) NOT POSSIBLE
Max in loop inf, 0.4816820530942179
AUD TV 0.5316820530942179, ss 9
NL(2,4) = 35, AG's used 0
NL(2,3) = 54, AG's used 39
NL(2,1) = 101, AG's used 39
NL(2,5) NOT POSSIBLE
Max in loop inf, 0.5316820530942179
AUD TV 0.5816820530942179, ss 6
NL(2,4) = 35, AG's used 0
NL(2,3) = 58, AG's used 39
NL(2,1) = 117, AG's used 39
NL(2,5) NOT POSSIBLE
Max in loop inf, 0.5816820530942179
AUD TV 0.631682053094218, ss 4
NL(2,4) = 36, AG's used 0
NL(2,3) = 62, AG's used 39
NL(2,1) = 138, AG's used 39
NL(2,5) NOT POSSIBLE
Max in loop inf, 0.631682053094218
Sample size required for audit is inf ballots
------------------------------------------------
Assertion set BEFORE filtering:
(2, 'AG', 3, 145)
(2, 'NL', 3, 62)
(0, 'QT', None, 17)
(0, 'MT', 0.631682053094218, 4)
(2, 'NL', 4, 36)
(2, 'NL', 1, 138)
(2, 'AG', 4, 39)
------------------------------------------------
Final set of assertions AFTER filtering:
(2, 'AG', 3, 145)
(0, 'QT', None, 17)
(0, 'MT', 0.631682053094218, 4)
(2, 'NL', 1, 138)
(2, 'AG', 4, 39)
------------------------------------------------
