VALID BALLOTS 48785
17 ballot checks required to assert that first winner has a quota's worth of votes
AUD TV 0.33168205309421794, ss 66
AG*(2,1) = 67
AG*(2,3) = 43
AG*(2,4) = 33
AG*(0,1) = 13
AG*(0,2) = 22
AG*(0,3) = 12
AG*(0,4) = 11
AG*(0,5) = 21
AG*(2,1) = 67
AG*(2,3) = 43
AG*(2,4) = 33
AG*(5,4) = 1124
NL(2,4) = 33, AG*'s used 0
NL(2,3) = 43, AG*'s used 33
NL(2,1) = 60, AG*'s used 43
NL(2,5) NOT POSSIBLE
Max in loop inf, 0.33168205309421794
AUD TV 0.38168205309421793, ss 30
AG*(2,1) = 74
AG*(2,3) = 46
AG*(2,4) = 33
AG*(0,1) = 13
AG*(0,2) = 22
AG*(0,3) = 12
AG*(0,4) = 11
AG*(0,5) = 21
AG*(2,1) = 74
AG*(2,3) = 46
AG*(2,4) = 33
NL(2,4) = 33, AG*'s used 0
NL(2,3) = 45, AG*'s used 33
NL(2,1) = 65, AG*'s used 46
NL(2,5) NOT POSSIBLE
Max in loop inf, 0.38168205309421793
AUD TV 0.4316820530942179, ss 18
AG*(2,1) = 82
AG*(2,3) = 48
AG*(2,4) = 34
AG*(0,1) = 13
AG*(0,2) = 22
AG*(0,3) = 12
AG*(0,4) = 11
AG*(0,5) = 21
AG*(2,1) = 82
AG*(2,3) = 48
AG*(2,4) = 34
NL(2,4) = 34, AG*'s used 0
NL(2,3) = 48, AG*'s used 34
NL(2,1) = 72, AG*'s used 48
NL(2,5) NOT POSSIBLE
Max in loop inf, 0.4316820530942179
AUD TV 0.4816820530942179, ss 12
AG*(2,1) = 92
AG*(2,3) = 52
AG*(2,4) = 34
AG*(0,1) = 13
AG*(0,2) = 22
AG*(0,3) = 12
AG*(0,4) = 11
AG*(0,5) = 21
AG*(2,1) = 92
AG*(2,3) = 52
AG*(2,4) = 34
NL(2,4) = 34, AG*'s used 0
NL(2,3) = 50, AG*'s used 34
NL(2,1) = 79, AG*'s used 52
NL(2,5) NOT POSSIBLE
Max in loop inf, 0.4816820530942179
AUD TV 0.5316820530942179, ss 9
AG*(2,1) = 105
AG*(2,3) = 55
AG*(2,4) = 35
AG*(0,1) = 13
AG*(0,2) = 22
AG*(0,3) = 12
AG*(0,4) = 11
AG*(0,5) = 21
AG*(2,1) = 105
AG*(2,3) = 55
AG*(2,4) = 35
NL(2,4) = 35, AG*'s used 0
NL(2,3) = 54, AG*'s used 35
NL(2,1) = 88, AG*'s used 55
NL(2,5) NOT POSSIBLE
Max in loop inf, 0.5316820530942179
AUD TV 0.5816820530942179, ss 6
AG*(2,1) = 123
AG*(2,3) = 59
AG*(2,4) = 35
AG*(0,1) = 13
AG*(0,2) = 22
AG*(0,3) = 12
AG*(0,4) = 11
AG*(0,5) = 21
AG*(2,1) = 123
AG*(2,3) = 59
AG*(2,4) = 35
NL(2,4) = 35, AG*'s used 0
NL(2,3) = 58, AG*'s used 35
NL(2,1) = 100, AG*'s used 59
NL(2,5) NOT POSSIBLE
Max in loop inf, 0.5816820530942179
AUD TV 0.631682053094218, ss 4
AG*(2,1) = 146
AG*(2,3) = 63
AG*(2,4) = 36
AG*(0,1) = 13
AG*(0,2) = 22
AG*(0,3) = 12
AG*(0,4) = 11
AG*(0,5) = 21
AG*(2,1) = 146
AG*(2,3) = 63
AG*(2,4) = 36
NL(2,4) = 36, AG*'s used 0
NL(2,3) = 62, AG*'s used 36
NL(2,1) = 116, AG*'s used 63
NL(2,5) NOT POSSIBLE
Max in loop inf, 0.631682053094218
Sample size required for audit is inf ballots
------------------------------------------------
Assertion set BEFORE filtering:
(2, 'NL', 1, 116)
(2, 'AG*', 3, 63)
(2, 'AG*', 1, 146)
(0, 'QT', None, 17)
(0, 'MT', 0.631682053094218, 4)
(2, 'NL', 3, 62)
(2, 'NL', 4, 36)
(2, 'AG*', 4, 36)
------------------------------------------------
Final set of assertions AFTER filtering:
(2, 'AG*', 3, 63)
(2, 'AG*', 1, 146)
(0, 'QT', None, 17)
(0, 'MT', 0.631682053094218, 4)
(2, 'AG*', 4, 36)
------------------------------------------------
Explanations for AG* inclusion:
   Explanation for (2, 'AG*', 3, 63): []
   Explanation for (2, 'AG*', 1, 146): []
   Explanation for (2, 'AG*', 4, 36): []
------------------------------------------------
