VALID BALLOTS 49192
14 ballot checks required to assert that first winner has a quota's worth of votes
AUD TV 0.3771511222354438, ss 57
AG*(0,2) = 21
AG*(0,3) = 19
AG*(0,4) = 21
NL(0,2) = 20, AG*'s used 19
NL(0,3) = 19, AG*'s used 0
NL(0,4) = 20, AG*'s used 19
Max in loop 57, 0.3771511222354438
AUD TV 0.42715112223544377, ss 26
AG*(0,2) = 21
AG*(0,3) = 19
AG*(0,4) = 22
NL(0,2) = 20, AG*'s used 19
NL(0,3) = 19, AG*'s used 0
NL(0,4) = 20, AG*'s used 21
Max in loop 26, 0.42715112223544377
AUD TV 0.47715112223544376, ss 16
AG*(0,2) = 22
AG*(0,3) = 19
AG*(0,4) = 22
NL(0,2) = 21, AG*'s used 19
NL(0,3) = 19, AG*'s used 0
NL(0,4) = 21, AG*'s used 19
Max in loop 21, 0.47715112223544376
AUD TV 0.5271511222354438, ss 10
AG*(0,2) = 22
AG*(0,3) = 20
AG*(0,4) = 23
NL(0,2) = 21, AG*'s used 20
NL(0,3) = 20, AG*'s used 0
NL(0,4) = 21, AG*'s used 22
Max in loop 22, 0.5271511222354438
Sample size to show min tv of 0.1635755611177219 is 23
Sample size required for audit is 21 ballots
------------------------------------------------
Assertion set BEFORE filtering:
(0, 'AG*', 3, 19)
(1, 'MT', 0.47715112223544376, 16)
(0, 'NL', 3, 19)
(0, 'NL', 2, 21)
(0, 'NL', 4, 21)
(1, 'QT', None, 14)
------------------------------------------------
Final set of assertions AFTER filtering:
(0, 'AG*', 3, 19)
(1, 'MT', 0.47715112223544376, 16)
(0, 'NL', 2, 21)
(0, 'NL', 4, 21)
(1, 'QT', None, 14)
------------------------------------------------
Explanations for AG* inclusion:
   Explanation for (0, 'AG*', 3, 19): []
------------------------------------------------
