VALID BALLOTS 43201
28 ballot checks required to assert that first winner has a quota's worth of votes
AG(1,0) = 38
AG(1,3) = 2972
AG(1,5) = 42
AG(2,0) = 13
AG(2,1) = 52
AG(2,3) = 17
AG(2,4) = 20
AG(2,5) = 12
AG(4,0) = 243
AG(4,5) = 193
AUD TV 0.2456995252722703, ss 83
NL(1,5) = 25, AG's used 0
NL(1,0) = 24, AG's used 0
NL(1,3) = 40, AG's used 38
NL(1,4) = 61, AG's used 42
Max in loop 83, 0.2456995252722703
AUD TV 0.2956995252722703, ss 39
NL(1,5) = 26, AG's used 0
NL(1,0) = 25, AG's used 0
NL(1,3) = 42, AG's used 42
NL(1,4) = 67, AG's used 42
Max in loop 67, 0.2956995252722703
AUD TV 0.34569952527227027, ss 24
NL(1,5) = 27, AG's used 0
NL(1,0) = 26, AG's used 0
NL(1,3) = 44, AG's used 42
NL(1,4) = 75, AG's used 42
Max in loop 75, 0.34569952527227027
Sample size required for audit is 67 ballots
------------------------------------------------
Assertion set BEFORE filtering:
(1, 'NL', 5, 26)
(1, 'AG', 5, 42)
(1, 'NL', 3, 42)
(1, 'AG', 0, 38)
(1, 'NL', 4, 67)
(2, 'MT', 0.2956995252722703, 39)
(1, 'NL', 0, 25)
(2, 'QT', None, 28)
------------------------------------------------
Final set of assertions AFTER filtering:
(1, 'AG', 5, 42)
(1, 'NL', 3, 42)
(1, 'AG', 0, 38)
(1, 'NL', 4, 67)
(2, 'MT', 0.2956995252722703, 39)
(2, 'QT', None, 28)
------------------------------------------------
