VALID BALLOTS 43201
28 ballot checks required to assert that first winner has a quota's worth of votes
AUD TV 0.2456995252722703, ss 83
AG*(1,5) = 25
AG*(1,0) = 24
AG*(1,3) = 41
AG*(1,4) = 67
NL(1,5) = 25, AG*'s used 24
NL(1,0) = 24, AG*'s used 0
NL(1,3) = 39, AG*'s used 25
NL(1,4) = 58, AG*'s used 41
Max in loop 83, 0.2456995252722703
AUD TV 0.2956995252722703, ss 39
AG*(1,5) = 26
AG*(1,0) = 25
AG*(1,3) = 44
AG*(1,4) = 74
NL(1,5) = 25, AG*'s used 25
NL(1,0) = 25, AG*'s used 0
NL(1,3) = 42, AG*'s used 26
NL(1,4) = 63, AG*'s used 44
Max in loop 63, 0.2956995252722703
AUD TV 0.34569952527227027, ss 24
AG*(1,5) = 27
AG*(1,0) = 26
AG*(1,3) = 47
AG*(1,4) = 83
NL(1,5) = 26, AG*'s used 26
NL(1,0) = 26, AG*'s used 0
NL(1,3) = 44, AG*'s used 27
NL(1,4) = 70, AG*'s used 47
Max in loop 70, 0.34569952527227027
Sample size to show min tv of 0.09784976263613515 is 51
AUD TV 0.2456995252722703, ss 83
AG*(1,5) = 25
AG*(1,0) = 24
AG*(1,3) = 40
AG*(1,4) = 63
NL(1,5) = 24, AG*'s used 24
NL(1,0) = 24, AG*'s used 0
NL(1,3) = 38, AG*'s used 25
NL(1,4) = 54, AG*'s used 40
Max in loop 83, 0.2456995252722703
AUD TV 0.2956995252722703, ss 39
AG*(1,5) = 25
AG*(1,0) = 25
AG*(1,3) = 43
AG*(1,4) = 70
NL(1,5) = 25, AG*'s used 25
NL(1,0) = 24, AG*'s used 25
NL(1,3) = 40, AG*'s used 25
NL(1,4) = 58, AG*'s used 43
Max in loop 58, 0.2956995252722703
AUD TV 0.34569952527227027, ss 24
AG*(1,5) = 26
AG*(1,0) = 25
AG*(1,3) = 46
AG*(1,4) = 78
NL(1,5) = 25, AG*'s used 25
NL(1,0) = 25, AG*'s used 0
NL(1,3) = 43, AG*'s used 26
NL(1,4) = 64, AG*'s used 46
Max in loop 64, 0.34569952527227027
Sample size required for audit is 58 ballots
------------------------------------------------
Assertion set BEFORE filtering:
(1, 'NL', 3, 40)
(2, 'QT', None, 28)
(2, 'LT', 0.09784976263613515, 51)
(1, 'NL', 5, 25)
(1, 'AG*', 5, 25)
(1, 'AG*', 0, 25)
(1, 'NL', 4, 58)
(2, 'MT', 0.2956995252722703, 39)
(1, 'NL', 0, 24)
(1, 'AG*', 3, 43)
------------------------------------------------
Final set of assertions AFTER filtering:
(2, 'QT', None, 28)
(2, 'LT', 0.09784976263613515, 51)
(1, 'AG*', 5, 25)
(1, 'AG*', 0, 25)
(1, 'NL', 4, 58)
(2, 'MT', 0.2956995252722703, 39)
(1, 'AG*', 3, 43)
------------------------------------------------
Explanations for AG* inclusion:
   Explanation for (1, 'AG*', 5, 25): []
   Explanation for (1, 'AG*', 0, 25): []
   Explanation for (1, 'AG*', 3, 43): []
------------------------------------------------
