VALID BALLOTS 50578
10 ballot checks required to assert that first winner has a quota's worth of votes
AUD TV 0.44472267097469037, ss 46
AG*(5,3) = 43
AG*(5,2) = 46
AG*(5,4) = 143
NL(5,3) = 43, AG*'s used 0
NL(5,2) = 46, AG*'s used 43
NL(5,4) = 114, AG*'s used 46
NL(5,1) NOT POSSIBLE
Max in loop inf, 0.44472267097469037
AUD TV 0.49472267097469036, ss 20
AG*(5,3) = 43
AG*(5,2) = 47
AG*(5,4) = 152
NL(5,3) = 43, AG*'s used 0
NL(5,2) = 46, AG*'s used 43
NL(5,4) = 120, AG*'s used 47
NL(5,1) NOT POSSIBLE
Max in loop inf, 0.49472267097469036
AUD TV 0.5447226709746904, ss 12
AG*(5,3) = 44
AG*(5,2) = 48
AG*(5,4) = 162
NL(5,3) = 44, AG*'s used 0
NL(5,2) = 47, AG*'s used 44
NL(5,4) = 126, AG*'s used 48
NL(5,1) NOT POSSIBLE
Max in loop inf, 0.5447226709746904
AUD TV 0.5947226709746904, ss 8
AG*(5,3) = 44
AG*(5,2) = 48
AG*(5,4) = 173
NL(5,3) = 44, AG*'s used 0
NL(5,2) = 48, AG*'s used 44
NL(5,4) = 132, AG*'s used 48
NL(5,1) NOT POSSIBLE
Max in loop inf, 0.5947226709746904
AUD TV 0.6447226709746905, ss 5
AG*(5,3) = 45
AG*(5,2) = 49
AG*(5,4) = 185
NL(5,3) = 45, AG*'s used 0
NL(5,2) = 48, AG*'s used 45
NL(5,4) = 140, AG*'s used 49
NL(5,1) NOT POSSIBLE
Max in loop inf, 0.6447226709746905
Sample size to show min tv of 0.1973613354873452 is 16
AUD TV 0.44472267097469037, ss 46
AG*(5,3) = 36
AG*(5,2) = 39
AG*(5,4) = 91
NL(5,3) = 36, AG*'s used 0
NL(5,2) = 38, AG*'s used 36
NL(5,4) = 76, AG*'s used 39
NL(5,1) = 264, AG*'s used 91
Max in loop 264, 0.44472267097469037
AUD TV 0.49472267097469036, ss 20
AG*(5,3) = 37
AG*(5,2) = 39
AG*(5,4) = 95
NL(5,3) = 37, AG*'s used 0
NL(5,2) = 39, AG*'s used 37
NL(5,4) = 79, AG*'s used 39
NL(5,1) = 319, AG*'s used 95
Max in loop 319, 0.49472267097469036
Sample size to show min tv of 0.24736133548734518 is 21
AUD TV 0.44472267097469037, ss 46
AG*(5,3) = 35
AG*(5,2) = 38
AG*(5,4) = 84
NL(5,3) = 35, AG*'s used 0
NL(5,2) = 37, AG*'s used 35
NL(5,4) = 70, AG*'s used 38
NL(5,1) = 196, AG*'s used 84
Max in loop 196, 0.44472267097469037
AUD TV 0.49472267097469036, ss 20
AG*(5,3) = 35
AG*(5,2) = 38
AG*(5,4) = 86
NL(5,3) = 35, AG*'s used 0
NL(5,2) = 37, AG*'s used 35
NL(5,4) = 72, AG*'s used 38
NL(5,1) = 224, AG*'s used 86
Max in loop 224, 0.49472267097469036
Sample size to show min tv of 0.29736133548734517 is 30
AUD TV 0.44472267097469037, ss 46
AG*(5,3) = 34
AG*(5,2) = 36
AG*(5,4) = 77
NL(5,3) = 34, AG*'s used 0
NL(5,2) = 36, AG*'s used 34
NL(5,4) = 65, AG*'s used 36
NL(5,1) = 155, AG*'s used 77
Max in loop 155, 0.44472267097469037
AUD TV 0.49472267097469036, ss 20
AG*(5,3) = 34
AG*(5,2) = 37
AG*(5,4) = 79
NL(5,3) = 34, AG*'s used 0
NL(5,2) = 36, AG*'s used 34
NL(5,4) = 67, AG*'s used 37
NL(5,1) = 173, AG*'s used 79
Max in loop 173, 0.49472267097469036
Sample size required for audit is 155 ballots
------------------------------------------------
Assertion set BEFORE filtering:
(5, 'NL', 3, 34)
(0, 'LT', 0.29736133548734517, 30)
(5, 'AG*', 2, 36)
(5, 'NL', 1, 155)
(5, 'NL', 4, 65)
(5, 'NL', 2, 36)
(5, 'AG*', 4, 77)
(0, 'MT', 0.44472267097469037, 46)
(0, 'QT', None, 10)
(5, 'AG*', 3, 34)
------------------------------------------------
Final set of assertions AFTER filtering:
(0, 'LT', 0.29736133548734517, 30)
(5, 'AG*', 2, 36)
(5, 'NL', 1, 155)
(5, 'AG*', 4, 77)
(0, 'MT', 0.44472267097469037, 46)
(0, 'QT', None, 10)
(5, 'AG*', 3, 34)
------------------------------------------------
Explanations for AG* inclusion:
   Explanation for (5, 'AG*', 2, 36): []
   Explanation for (5, 'AG*', 4, 77): []
   Explanation for (5, 'AG*', 3, 34): []
------------------------------------------------
