VALID BALLOTS 50284
11 ballot checks required to assert that first winner has a quota's worth of votes
AUD TV 0.4193754702784048, ss 50
AG*(6,0) = 21
AG*(6,1) = 24
AG*(6,2) = 23
AG*(6,4) = 36
AG*(6,5) = 23
AG*(3,0) = 11
AG*(3,1) = 13
AG*(3,2) = 13
AG*(3,4) = 15
AG*(3,5) = 12
AG*(3,6) = 23
AG*(4,0) = 97
AG*(4,2) = 152
AG*(4,5) = 120
AG*(6,0) = 21
AG*(6,1) = 24
AG*(6,2) = 23
AG*(6,4) = 36
AG*(6,5) = 23
NL(6,5) = 22, AG*'s used 23
NL(6,0) = 21, AG*'s used 0
NL(6,2) = 23, AG*'s used 23
NL(6,1) = 23, AG*'s used 23
NL(6,4) = 33, AG*'s used 24
Max in loop 50, 0.4193754702784048
AUD TV 0.4693754702784048, ss 22
AG*(6,0) = 21
AG*(6,1) = 24
AG*(6,2) = 24
AG*(6,4) = 36
AG*(6,5) = 23
AG*(3,0) = 11
AG*(3,1) = 13
AG*(3,2) = 13
AG*(3,4) = 15
AG*(3,5) = 12
AG*(3,6) = 23
AG*(4,0) = 100
AG*(4,2) = 159
AG*(4,5) = 124
AG*(6,0) = 21
AG*(6,1) = 24
AG*(6,2) = 24
AG*(6,4) = 36
AG*(6,5) = 23
NL(6,5) = 23, AG*'s used 21
NL(6,0) = 21, AG*'s used 0
NL(6,2) = 23, AG*'s used 23
NL(6,1) = 24, AG*'s used 24
NL(6,4) = 33, AG*'s used 24
Max in loop 33, 0.4693754702784048
AUD TV 0.5193754702784048, ss 13
AG*(6,0) = 21
AG*(6,1) = 25
AG*(6,2) = 24
AG*(6,4) = 37
AG*(6,5) = 23
AG*(3,0) = 11
AG*(3,1) = 13
AG*(3,2) = 13
AG*(3,4) = 15
AG*(3,5) = 12
AG*(3,6) = 23
AG*(4,0) = 103
AG*(4,2) = 166
AG*(4,5) = 129
AG*(6,0) = 21
AG*(6,1) = 25
AG*(6,2) = 24
AG*(6,4) = 37
AG*(6,5) = 23
NL(6,5) = 23, AG*'s used 21
NL(6,0) = 21, AG*'s used 0
NL(6,2) = 23, AG*'s used 23
NL(6,1) = 24, AG*'s used 24
NL(6,4) = 33, AG*'s used 25
Max in loop 33, 0.5193754702784048
AUD TV 0.5693754702784048, ss 9
AG*(6,0) = 22
AG*(6,1) = 25
AG*(6,2) = 24
AG*(6,4) = 37
AG*(6,5) = 23
AG*(3,0) = 11
AG*(3,1) = 13
AG*(3,2) = 13
AG*(3,4) = 15
AG*(3,5) = 12
AG*(3,6) = 23
AG*(4,0) = 107
AG*(4,2) = 174
AG*(4,5) = 134
AG*(6,0) = 22
AG*(6,1) = 25
AG*(6,2) = 24
AG*(6,4) = 37
AG*(6,5) = 23
NL(6,5) = 23, AG*'s used 22
NL(6,0) = 22, AG*'s used 0
NL(6,2) = 24, AG*'s used 23
NL(6,1) = 24, AG*'s used 24
NL(6,4) = 34, AG*'s used 25
Max in loop 34, 0.5693754702784048
Sample size required for audit is 33 ballots
------------------------------------------------
Assertion set BEFORE filtering:
(6, 'AG*', 1, 25)
(6, 'AG*', 2, 24)
(6, 'NL', 5, 23)
(6, 'AG*', 0, 21)
(6, 'NL', 2, 23)
(3, 'QT', None, 11)
(6, 'NL', 4, 33)
(6, 'AG*', 5, 23)
(3, 'MT', 0.5193754702784048, 13)
(6, 'NL', 1, 24)
(6, 'NL', 0, 21)
------------------------------------------------
Final set of assertions AFTER filtering:
(6, 'AG*', 1, 25)
(6, 'AG*', 2, 24)
(6, 'AG*', 0, 21)
(3, 'QT', None, 11)
(6, 'NL', 4, 33)
(6, 'AG*', 5, 23)
(3, 'MT', 0.5193754702784048, 13)
------------------------------------------------
Explanations for AG* inclusion:
   Explanation for (6, 'AG*', 1, 25): []
   Explanation for (6, 'AG*', 2, 24): []
   Explanation for (6, 'AG*', 0, 21): []
   Explanation for (6, 'AG*', 5, 23): []
------------------------------------------------
