VALID BALLOTS 50284
11 ballot checks required to assert that first winner has a quota's worth of votes
AG(3,0) = 11
AG(3,1) = 13
AG(3,2) = 13
AG(3,4) = 15
AG(3,5) = 12
AG(3,6) = 23
AG(4,0) = 150
AG(4,2) = 300
AG(4,5) = 206
AG(6,0) = 23
AG(6,1) = 27
AG(6,2) = 25
AG(6,4) = 41
AG(6,5) = 25
AUD TV 0.4193754702784048, ss 50
NL(6,5) = 23, AG's used 23
NL(6,0) = 21, AG's used 0
NL(6,2) = 23, AG's used 23
NL(6,1) = 24, AG's used 23
NL(6,4) = 33, AG's used 27
Max in loop 50, 0.4193754702784048
AUD TV 0.4693754702784048, ss 22
NL(6,5) = 23, AG's used 23
NL(6,0) = 21, AG's used 0
NL(6,2) = 24, AG's used 23
NL(6,1) = 24, AG's used 23
NL(6,4) = 33, AG's used 27
Max in loop 33, 0.4693754702784048
AUD TV 0.5193754702784048, ss 13
NL(6,5) = 23, AG's used 23
NL(6,0) = 21, AG's used 0
NL(6,2) = 24, AG's used 23
NL(6,1) = 24, AG's used 25
NL(6,4) = 33, AG's used 27
Max in loop 33, 0.5193754702784048
AUD TV 0.5693754702784048, ss 9
NL(6,5) = 23, AG's used 23
NL(6,0) = 22, AG's used 0
NL(6,2) = 24, AG's used 23
NL(6,1) = 24, AG's used 25
NL(6,4) = 34, AG's used 27
Max in loop 34, 0.5693754702784048
Sample size required for audit is 33 ballots
------------------------------------------------
Assertion set BEFORE filtering:
(6, 'NL', 5, 23)
(3, 'QT', None, 11)
(6, 'AG', 5, 25)
(6, 'NL', 0, 21)
(6, 'AG', 0, 23)
(3, 'MT', 0.5193754702784048, 13)
(6, 'AG', 2, 25)
(6, 'NL', 4, 33)
(6, 'NL', 1, 24)
(6, 'NL', 2, 24)
(6, 'AG', 1, 27)
------------------------------------------------
Final set of assertions AFTER filtering:
(3, 'QT', None, 11)
(6, 'AG', 5, 25)
(6, 'AG', 0, 23)
(3, 'MT', 0.5193754702784048, 13)
(6, 'AG', 2, 25)
(6, 'NL', 4, 33)
(6, 'AG', 1, 27)
------------------------------------------------
