VALID BALLOTS 48086
23 ballot checks required to assert that first winner has a quota's worth of votes
AG(3,0) = 12
AG(3,1) = 12
AG(3,2) = 12
AG(3,4) = 14
AG(3,5) = 142
AG(3,6) = 13
AG(5,0) = 16
AG(5,1) = 27
AG(5,2) = 28
AG(5,4) = 40
AG(5,6) = 29
AUD TV 0.2772946394138064, ss 77
NL(5,0) = 14, AG's used 0
NL(5,1) = 16, AG's used 16
NL(5,2) = 16, AG's used 16
NL(5,4) = 19, AG's used 16
NL(5,6) = 17, AG's used 16
Max in loop 77, 0.2772946394138064
AUD TV 0.3272946394138064, ss 35
NL(5,0) = 14, AG's used 0
NL(5,1) = 16, AG's used 16
NL(5,2) = 17, AG's used 16
NL(5,4) = 20, AG's used 16
NL(5,6) = 18, AG's used 16
Max in loop 35, 0.3272946394138064
AUD TV 0.37729463941380637, ss 22
NL(5,0) = 14, AG's used 0
NL(5,1) = 17, AG's used 16
NL(5,2) = 17, AG's used 16
NL(5,4) = 20, AG's used 16
NL(5,6) = 18, AG's used 16
Max in loop 23, 0.37729463941380637
AUD TV 0.42729463941380635, ss 15
NL(5,0) = 14, AG's used 0
NL(5,1) = 17, AG's used 16
NL(5,2) = 18, AG's used 16
NL(5,4) = 21, AG's used 16
NL(5,6) = 19, AG's used 16
Max in loop 23, 0.42729463941380635
AUD TV 0.47729463941380634, ss 10
NL(5,0) = 15, AG's used 0
NL(5,1) = 18, AG's used 16
NL(5,2) = 18, AG's used 16
NL(5,4) = 22, AG's used 16
NL(5,6) = 19, AG's used 16
Max in loop 23, 0.47729463941380634
AUD TV 0.5272946394138064, ss 8
NL(5,0) = 15, AG's used 0
NL(5,1) = 19, AG's used 16
NL(5,2) = 19, AG's used 16
NL(5,4) = 23, AG's used 16
NL(5,6) = 20, AG's used 16
Max in loop 23, 0.5272946394138064
AUD TV 0.5772946394138064, ss 6
NL(5,0) = 15, AG's used 0
NL(5,1) = 19, AG's used 16
NL(5,2) = 20, AG's used 16
NL(5,4) = 24, AG's used 16
NL(5,6) = 20, AG's used 16
Max in loop 24, 0.5772946394138064
Sample size required for audit is 23 ballots
------------------------------------------------
Assertion set BEFORE filtering:
(5, 'NL', 6, 20)
(3, 'MT', 0.5272946394138064, 8)
(5, 'NL', 4, 23)
(5, 'AG', 0, 16)
(5, 'NL', 1, 19)
(5, 'NL', 2, 19)
(5, 'NL', 0, 15)
(3, 'QT', None, 23)
------------------------------------------------
Final set of assertions AFTER filtering:
(5, 'NL', 6, 20)
(3, 'MT', 0.5272946394138064, 8)
(5, 'NL', 4, 23)
(5, 'AG', 0, 16)
(5, 'NL', 1, 19)
(5, 'NL', 2, 19)
(3, 'QT', None, 23)
------------------------------------------------
