VALID BALLOTS 46661
16 ballot checks required to assert that first winner has a quota's worth of votes
AG(0,1) = 39
AG(0,2) = 23
AG(0,3) = 23
AG(1,2) = 440
AG(1,3) = 701
AG(4,0) = 68
AG(4,1) = 26
AG(4,2) = 20
AG(4,3) = 16
AUD TV 0.3488956502141086, ss 63
NL(0,2) = 20, AG's used 0
NL(0,3) = 20, AG's used 0
NL(0,1) = 31, AG's used 23
Max in loop 63, 0.3488956502141086
AUD TV 0.3988956502141086, ss 28
NL(0,2) = 20, AG's used 0
NL(0,3) = 20, AG's used 0
NL(0,1) = 31, AG's used 23
Max in loop 31, 0.3988956502141086
AUD TV 0.4488956502141086, ss 17
NL(0,2) = 20, AG's used 0
NL(0,3) = 20, AG's used 0
NL(0,1) = 32, AG's used 23
Max in loop 32, 0.4488956502141086
Sample size required for audit is 31 ballots
------------------------------------------------
Assertion set BEFORE filtering:
(0, 'AG', 2, 23)
(0, 'NL', 2, 20)
(0, 'NL', 3, 20)
(0, 'AG', 3, 23)
(0, 'NL', 1, 31)
(4, 'QT', None, 16)
(4, 'MT', 0.3988956502141086, 28)
------------------------------------------------
Final set of assertions AFTER filtering:
(0, 'AG', 2, 23)
(0, 'AG', 3, 23)
(0, 'NL', 1, 31)
(4, 'QT', None, 16)
(4, 'MT', 0.3988956502141086, 28)
------------------------------------------------
