VALID BALLOTS 48525
460 ballot checks required to assert that first winner has a quota's worth of votes
AG(1,0) = 23
AG(1,2) = 29
AG(1,4) = 24
AG(1,5) = 22
AG(1,6) = 22
AG(3,0) = 25
AG(3,2) = 24
AG(3,4) = 26
AG(3,5) = 23
AG(3,6) = 20
AG(7,0) = 36
AG(7,2) = 44
AG(7,4) = 43
AG(7,5) = 33
AG(7,6) = 30
AUD TV 0.06916080523890372, ss 126
NL(1,6) = 19, AG's used 0
NL(1,5) = 19, AG's used 0
NL(1,0) = 20, AG's used 0
NL(1,2) = 22, AG's used 22
NL(1,4) = 21, AG's used 0
NL(1,7) = 67, AG's used 29
Max in loop 460, 0.06916080523890372
AUD TV 0.11916080523890372, ss 59
NL(1,6) = 19, AG's used 0
NL(1,5) = 20, AG's used 0
NL(1,0) = 20, AG's used 0
NL(1,2) = 22, AG's used 22
NL(1,4) = 21, AG's used 22
NL(1,7) = 70, AG's used 29
Max in loop 460, 0.11916080523890372
AUD TV 0.16916080523890373, ss 37
NL(1,6) = 19, AG's used 0
NL(1,5) = 20, AG's used 0
NL(1,0) = 20, AG's used 0
NL(1,2) = 22, AG's used 22
NL(1,4) = 21, AG's used 22
NL(1,7) = 72, AG's used 29
Max in loop 460, 0.16916080523890373
AUD TV 0.21916080523890374, ss 26
NL(1,6) = 19, AG's used 0
NL(1,5) = 20, AG's used 0
NL(1,0) = 21, AG's used 0
NL(1,2) = 22, AG's used 22
NL(1,4) = 22, AG's used 22
NL(1,7) = 76, AG's used 29
Max in loop 460, 0.21916080523890374
AUD TV 0.26916080523890373, ss 19
NL(1,6) = 19, AG's used 0
NL(1,5) = 20, AG's used 0
NL(1,0) = 21, AG's used 0
NL(1,2) = 22, AG's used 23
NL(1,4) = 22, AG's used 22
NL(1,7) = 79, AG's used 29
Max in loop 460, 0.26916080523890373
AUD TV 0.3191608052389037, ss 15
NL(1,6) = 20, AG's used 0
NL(1,5) = 20, AG's used 0
NL(1,0) = 21, AG's used 0
NL(1,2) = 23, AG's used 23
NL(1,4) = 22, AG's used 22
NL(1,7) = 82, AG's used 29
Max in loop 460, 0.3191608052389037
AUD TV 0.3691608052389037, ss 12
NL(1,6) = 20, AG's used 0
NL(1,5) = 20, AG's used 0
NL(1,0) = 21, AG's used 0
NL(1,2) = 23, AG's used 23
NL(1,4) = 22, AG's used 22
NL(1,7) = 86, AG's used 29
Max in loop 460, 0.3691608052389037
AUD TV 0.4191608052389037, ss 9
NL(1,6) = 20, AG's used 0
NL(1,5) = 20, AG's used 0
NL(1,0) = 21, AG's used 0
NL(1,2) = 23, AG's used 23
NL(1,4) = 22, AG's used 22
NL(1,7) = 91, AG's used 29
Max in loop 460, 0.4191608052389037
AUD TV 0.4691608052389037, ss 7
NL(1,6) = 20, AG's used 0
NL(1,5) = 21, AG's used 0
NL(1,0) = 21, AG's used 0
NL(1,2) = 21, AG's used 24
NL(1,4) = 22, AG's used 22
NL(1,7) = 96, AG's used 29
Max in loop 460, 0.4691608052389037
AUD TV 0.5191608052389037, ss 6
NL(1,6) = 20, AG's used 0
NL(1,5) = 21, AG's used 0
NL(1,0) = 21, AG's used 22
NL(1,2) = 21, AG's used 24
NL(1,4) = 22, AG's used 22
NL(1,7) = 101, AG's used 29
Max in loop 460, 0.5191608052389037
AUD TV 0.5691608052389038, ss 5
NL(1,6) = 20, AG's used 0
NL(1,5) = 21, AG's used 0
NL(1,0) = 21, AG's used 22
NL(1,2) = 22, AG's used 24
NL(1,4) = 22, AG's used 23
NL(1,7) = 107, AG's used 29
Max in loop 460, 0.5691608052389038
AUD TV 0.6191608052389038, ss 4
NL(1,6) = 21, AG's used 0
NL(1,5) = 21, AG's used 0
NL(1,0) = 22, AG's used 22
NL(1,2) = 22, AG's used 24
NL(1,4) = 23, AG's used 23
NL(1,7) = 114, AG's used 29
Max in loop 460, 0.6191608052389038
Sample size required for audit is 460 ballots
------------------------------------------------
Assertion set BEFORE filtering:
(3, 'MT', 0.6191608052389038, 4)
(1, 'NL', 0, 22)
(1, 'AG', 6, 22)
(3, 'QT', None, 460)
(1, 'NL', 2, 22)
(1, 'NL', 5, 21)
(1, 'AG', 4, 24)
(1, 'NL', 6, 21)
(1, 'AG', 0, 23)
(1, 'NL', 7, 114)
(1, 'AG', 5, 22)
(1, 'AG', 2, 29)
(1, 'NL', 4, 23)
------------------------------------------------
Final set of assertions AFTER filtering:
(3, 'MT', 0.6191608052389038, 4)
(1, 'AG', 6, 22)
(3, 'QT', None, 460)
(1, 'AG', 4, 24)
(1, 'AG', 0, 23)
(1, 'NL', 7, 114)
(1, 'AG', 5, 22)
(1, 'AG', 2, 29)
------------------------------------------------
