VALID BALLOTS 46023
9 ballot checks required to assert that first winner has a quota's worth of votes
AUD TV 0.46879759063529947, ss 42
AG*(5,0) = 54
AG*(5,1) = 63
AG*(5,2) = 140
AG*(5,4) = 911
AG*(3,0) = 204
AG*(3,1) = 113
AG*(3,2) = 2085
AG*(5,0) = 54
AG*(5,1) = 63
AG*(5,2) = 140
AG*(5,4) = 911
AG*(6,0) = 11
AG*(6,1) = 11
AG*(6,2) = 12
AG*(6,3) = 14
AG*(6,4) = 13
AG*(6,5) = 15
NL(5,1) = 60, AG*'s used 54
NL(5,0) = 54, AG*'s used 0
NL(5,2) = 118, AG*'s used 63
NL(5,4) = 242, AG*'s used 140
NL(5,3) = 340, AG*'s used 911
Max in loop 911, 0.46879759063529947
AUD TV 0.5187975906352995, ss 19
AG*(5,0) = 55
AG*(5,1) = 64
AG*(5,2) = 154
AG*(5,4) = 2023
AG*(3,0) = 224
AG*(3,1) = 119
AG*(3,2) = 46023
AG*(5,0) = 55
AG*(5,1) = 64
AG*(5,2) = 154
AG*(5,4) = 2023
AG*(6,0) = 11
AG*(6,1) = 11
AG*(6,2) = 12
AG*(6,3) = 14
AG*(6,4) = 13
AG*(6,5) = 15
NL(5,1) = 62, AG*'s used 55
NL(5,0) = 55, AG*'s used 0
NL(5,2) = 127, AG*'s used 64
NL(5,4) = 277, AG*'s used 154
NL(5,3) = 385, AG*'s used 2023
Max in loop 2023, 0.5187975906352995
Sample size required for audit is 911 ballots
------------------------------------------------
Assertion set BEFORE filtering:
(5, 'AG*', 0, 54)
(6, 'QT', None, 9)
(5, 'AG*', 1, 63)
(5, 'NL', 1, 60)
(5, 'AG*', 2, 140)
(5, 'NL', 3, 340)
(5, 'NL', 0, 54)
(6, 'MT', 0.46879759063529947, 42)
(5, 'NL', 2, 118)
(5, 'AG*', 4, 911)
(5, 'NL', 4, 242)
------------------------------------------------
Final set of assertions AFTER filtering:
(5, 'AG*', 0, 54)
(6, 'QT', None, 9)
(5, 'AG*', 1, 63)
(5, 'AG*', 2, 140)
(5, 'NL', 3, 340)
(6, 'MT', 0.46879759063529947, 42)
(5, 'AG*', 4, 911)
------------------------------------------------
Explanations for AG* inclusion:
   Explanation for (5, 'AG*', 0, 54): []
   Explanation for (5, 'AG*', 1, 63): []
   Explanation for (5, 'AG*', 2, 140): []
   Explanation for (5, 'AG*', 4, 911): []
------------------------------------------------
