VALID BALLOTS 46023
9 ballot checks required to assert that first winner has a quota's worth of votes
AUD TV 0.46879759063529947, ss 42
AG*(5,1) = 63
AG*(5,0) = 54
AG*(5,2) = 140
AG*(5,4) = 911
NL(5,1) = 60, AG*'s used 54
NL(5,0) = 54, AG*'s used 0
NL(5,2) = 118, AG*'s used 63
NL(5,4) = 242, AG*'s used 140
NL(5,3) = 340, AG*'s used 911
Max in loop 911, 0.46879759063529947
AUD TV 0.5187975906352995, ss 19
AG*(5,1) = 64
AG*(5,0) = 55
AG*(5,2) = 154
AG*(5,4) = 2023
NL(5,1) = 62, AG*'s used 55
NL(5,0) = 55, AG*'s used 0
NL(5,2) = 127, AG*'s used 64
NL(5,4) = 277, AG*'s used 154
NL(5,3) = 385, AG*'s used 2023
Max in loop 2023, 0.5187975906352995
Sample size to show min tv of 0.20939879531764974 is 14
AUD TV 0.46879759063529947, ss 42
AG*(5,1) = 60
AG*(5,0) = 52
AG*(5,2) = 127
AG*(5,4) = 552
NL(5,1) = 57, AG*'s used 52
NL(5,0) = 52, AG*'s used 0
NL(5,2) = 107, AG*'s used 60
NL(5,4) = 185, AG*'s used 127
NL(5,3) = 185, AG*'s used 552
Max in loop 552, 0.46879759063529947
AUD TV 0.5187975906352995, ss 19
AG*(5,1) = 61
AG*(5,0) = 53
AG*(5,2) = 137
AG*(5,4) = 788
NL(5,1) = 59, AG*'s used 53
NL(5,0) = 53, AG*'s used 0
NL(5,2) = 114, AG*'s used 61
NL(5,4) = 205, AG*'s used 137
NL(5,3) = 197, AG*'s used 788
Max in loop 788, 0.5187975906352995
Sample size to show min tv of 0.25939879531764976 is 18
AUD TV 0.46879759063529947, ss 42
AG*(5,1) = 59
AG*(5,0) = 52
AG*(5,2) = 124
AG*(5,4) = 454
NL(5,1) = 56, AG*'s used 52
NL(5,0) = 52, AG*'s used 0
NL(5,2) = 104, AG*'s used 59
NL(5,4) = 175, AG*'s used 124
NL(5,3) = 167, AG*'s used 454
Max in loop 454, 0.46879759063529947
AUD TV 0.5187975906352995, ss 19
AG*(5,1) = 61
AG*(5,0) = 53
AG*(5,2) = 134
AG*(5,4) = 644
NL(5,1) = 58, AG*'s used 53
NL(5,0) = 53, AG*'s used 0
NL(5,2) = 111, AG*'s used 61
NL(5,4) = 193, AG*'s used 134
NL(5,3) = 177, AG*'s used 644
Max in loop 644, 0.5187975906352995
Sample size to show min tv of 0.30939879531764974 is 25
AUD TV 0.46879759063529947, ss 42
AG*(5,1) = 58
AG*(5,0) = 51
AG*(5,2) = 121
AG*(5,4) = 369
NL(5,1) = 56, AG*'s used 51
NL(5,0) = 51, AG*'s used 0
NL(5,2) = 102, AG*'s used 58
NL(5,4) = 166, AG*'s used 121
NL(5,3) = 152, AG*'s used 369
Max in loop 369, 0.46879759063529947
AUD TV 0.5187975906352995, ss 19
AG*(5,1) = 60
AG*(5,0) = 52
AG*(5,2) = 131
AG*(5,4) = 591
NL(5,1) = 57, AG*'s used 52
NL(5,0) = 52, AG*'s used 0
NL(5,2) = 109, AG*'s used 60
NL(5,4) = 182, AG*'s used 131
NL(5,3) = 160, AG*'s used 591
Max in loop 591, 0.5187975906352995
Sample size to show min tv of 0.35939879531764973 is 43
AUD TV 0.46879759063529947, ss 42
AG*(5,1) = 58
AG*(5,0) = 51
AG*(5,2) = 118
AG*(5,4) = 346
NL(5,1) = 55, AG*'s used 51
NL(5,0) = 51, AG*'s used 0
NL(5,2) = 100, AG*'s used 58
NL(5,4) = 158, AG*'s used 118
NL(5,3) = 139, AG*'s used 346
Max in loop 346, 0.46879759063529947
AUD TV 0.5187975906352995, ss 19
AG*(5,1) = 59
AG*(5,0) = 52
AG*(5,2) = 128
AG*(5,4) = 545
NL(5,1) = 57, AG*'s used 52
NL(5,0) = 52, AG*'s used 0
NL(5,2) = 106, AG*'s used 59
NL(5,4) = 172, AG*'s used 128
NL(5,3) = 146, AG*'s used 545
Max in loop 545, 0.5187975906352995
Sample size required for audit is 346 ballots
------------------------------------------------
Assertion set BEFORE filtering:
(5, 'NL', 3, 139)
(6, 'MT', 0.46879759063529947, 42)
(5, 'AG*', 2, 118)
(5, 'AG*', 0, 51)
(5, 'NL', 4, 158)
(6, 'LT', 0.35939879531764973, 43)
(6, 'QT', None, 9)
(5, 'NL', 2, 100)
(5, 'AG*', 4, 346)
(5, 'NL', 0, 51)
(5, 'AG*', 1, 58)
(5, 'NL', 1, 55)
------------------------------------------------
Final set of assertions AFTER filtering:
(5, 'NL', 3, 139)
(6, 'MT', 0.46879759063529947, 42)
(5, 'AG*', 2, 118)
(5, 'AG*', 0, 51)
(6, 'LT', 0.35939879531764973, 43)
(6, 'QT', None, 9)
(5, 'AG*', 4, 346)
(5, 'AG*', 1, 58)
------------------------------------------------
Explanations for AG* inclusion:
   Explanation for (5, 'AG*', 2, 118): []
   Explanation for (5, 'AG*', 0, 51): []
   Explanation for (5, 'AG*', 4, 346): []
   Explanation for (5, 'AG*', 1, 58): []
------------------------------------------------
