VALID BALLOTS 48578
20 ballot checks required to assert that first winner has a quota's worth of votes
AUD TV 0.30315930264735724, ss 71
AG*(4,5) = 27
AG*(4,6) = 30
AG*(4,0) = 30
AG*(4,2) = 47
AG*(4,1) = 92
NL(4,5) = 27, AG*'s used 0
NL(4,6) = 29, AG*'s used 30
NL(4,0) = 29, AG*'s used 27
NL(4,2) = 44, AG*'s used 30
NL(4,1) = 70, AG*'s used 47
Max in loop 71, 0.30315930264735724
AUD TV 0.35315930264735723, ss 33
AG*(4,5) = 27
AG*(4,6) = 31
AG*(4,0) = 31
AG*(4,2) = 49
AG*(4,1) = 101
NL(4,5) = 27, AG*'s used 0
NL(4,6) = 30, AG*'s used 27
NL(4,0) = 30, AG*'s used 27
NL(4,2) = 46, AG*'s used 31
NL(4,1) = 75, AG*'s used 49
Max in loop 75, 0.35315930264735723
Sample size to show min tv of 0.12657965132367863 is 35
AUD TV 0.30315930264735724, ss 71
AG*(4,5) = 25
AG*(4,6) = 29
AG*(4,0) = 29
AG*(4,2) = 44
AG*(4,1) = 79
NL(4,5) = 25, AG*'s used 0
NL(4,6) = 28, AG*'s used 25
NL(4,0) = 28, AG*'s used 25
NL(4,2) = 41, AG*'s used 29
NL(4,1) = 59, AG*'s used 44
Max in loop 71, 0.30315930264735724
AUD TV 0.35315930264735723, ss 33
AG*(4,5) = 26
AG*(4,6) = 29
AG*(4,0) = 29
AG*(4,2) = 45
AG*(4,1) = 86
NL(4,5) = 26, AG*'s used 0
NL(4,6) = 28, AG*'s used 29
NL(4,0) = 28, AG*'s used 26
NL(4,2) = 42, AG*'s used 29
NL(4,1) = 62, AG*'s used 45
Max in loop 62, 0.35315930264735723
AUD TV 0.4031593026473572, ss 20
AG*(4,5) = 26
AG*(4,6) = 30
AG*(4,0) = 30
AG*(4,2) = 46
AG*(4,1) = 95
NL(4,5) = 26, AG*'s used 0
NL(4,6) = 29, AG*'s used 26
NL(4,0) = 29, AG*'s used 26
NL(4,2) = 43, AG*'s used 30
NL(4,1) = 67, AG*'s used 46
Max in loop 67, 0.4031593026473572
Sample size to show min tv of 0.17657965132367864 is 55
AUD TV 0.30315930264735724, ss 71
AG*(4,5) = 25
AG*(4,6) = 28
AG*(4,0) = 28
AG*(4,2) = 42
AG*(4,1) = 75
NL(4,5) = 25, AG*'s used 0
NL(4,6) = 27, AG*'s used 25
NL(4,0) = 27, AG*'s used 25
NL(4,2) = 39, AG*'s used 28
NL(4,1) = 55, AG*'s used 42
Max in loop 71, 0.30315930264735724
AUD TV 0.35315930264735723, ss 33
AG*(4,5) = 25
AG*(4,6) = 29
AG*(4,0) = 29
AG*(4,2) = 43
AG*(4,1) = 81
NL(4,5) = 25, AG*'s used 0
NL(4,6) = 28, AG*'s used 25
NL(4,0) = 28, AG*'s used 25
NL(4,2) = 40, AG*'s used 29
NL(4,1) = 59, AG*'s used 43
Max in loop 59, 0.35315930264735723
AUD TV 0.4031593026473572, ss 20
AG*(4,5) = 26
AG*(4,6) = 29
AG*(4,0) = 29
AG*(4,2) = 45
AG*(4,1) = 89
NL(4,5) = 26, AG*'s used 0
NL(4,6) = 28, AG*'s used 29
NL(4,0) = 28, AG*'s used 26
NL(4,2) = 41, AG*'s used 29
NL(4,1) = 62, AG*'s used 45
Max in loop 62, 0.4031593026473572
Sample size required for audit is 59 ballots
------------------------------------------------
Assertion set BEFORE filtering:
(4, 'NL', 6, 28)
(3, 'MT', 0.35315930264735723, 33)
(4, 'AG*', 0, 29)
(4, 'NL', 0, 28)
(4, 'AG*', 5, 25)
(4, 'NL', 5, 25)
(4, 'NL', 2, 40)
(4, 'AG*', 2, 43)
(4, 'NL', 1, 59)
(3, 'QT', None, 20)
(4, 'AG*', 6, 29)
(3, 'LT', 0.17657965132367864, 55)
------------------------------------------------
Final set of assertions AFTER filtering:
(3, 'MT', 0.35315930264735723, 33)
(4, 'AG*', 0, 29)
(4, 'AG*', 5, 25)
(4, 'AG*', 2, 43)
(4, 'NL', 1, 59)
(3, 'QT', None, 20)
(4, 'AG*', 6, 29)
(3, 'LT', 0.17657965132367864, 55)
------------------------------------------------
Explanations for AG* inclusion:
   Explanation for (4, 'AG*', 0, 29): []
   Explanation for (4, 'AG*', 5, 25): []
   Explanation for (4, 'AG*', 2, 43): []
   Explanation for (4, 'AG*', 6, 29): []
------------------------------------------------
