VALID BALLOTS 48712
8 ballot checks required to assert that first winner has a quota's worth of votes
AUD TV 0.4842948717948718, ss 40
AG*(4,1) = 53
AG*(4,2) = 51
AG*(4,3) = 55
AG*(4,5) = 54
AG*(4,6) = 218
AG*(0,1) = 10
AG*(0,2) = 10
AG*(0,3) = 10
AG*(0,4) = 13
AG*(0,5) = 10
AG*(0,6) = 12
AG*(4,1) = 53
AG*(4,2) = 51
AG*(4,3) = 55
AG*(4,5) = 54
AG*(4,6) = 218
AG*(6,2) = 209
AG*(6,3) = 384
NL(4,2) = 51, AG*'s used 0
NL(4,5) = 50, AG*'s used 53
NL(4,1) = 52, AG*'s used 51
NL(4,3) = 51, AG*'s used 53
NL(4,6) = 126, AG*'s used 55
Max in loop 126, 0.4842948717948718
AUD TV 0.5342948717948718, ss 18
AG*(4,1) = 54
AG*(4,2) = 52
AG*(4,3) = 56
AG*(4,5) = 55
AG*(4,6) = 240
AG*(0,1) = 10
AG*(0,2) = 10
AG*(0,3) = 10
AG*(0,4) = 13
AG*(0,5) = 10
AG*(0,6) = 12
AG*(4,1) = 54
AG*(4,2) = 52
AG*(4,3) = 56
AG*(4,5) = 55
AG*(4,6) = 240
AG*(6,2) = 231
AG*(6,3) = 501
NL(4,2) = 52, AG*'s used 0
NL(4,5) = 51, AG*'s used 54
NL(4,1) = 53, AG*'s used 52
NL(4,3) = 52, AG*'s used 54
NL(4,6) = 133, AG*'s used 56
Max in loop 133, 0.5342948717948718
Sample size required for audit is 126 ballots
------------------------------------------------
Assertion set BEFORE filtering:
(4, 'AG*', 2, 51)
(4, 'NL', 1, 52)
(4, 'NL', 6, 126)
(4, 'NL', 2, 51)
(0, 'MT', 0.4842948717948718, 40)
(4, 'AG*', 5, 54)
(4, 'AG*', 1, 53)
(0, 'QT', None, 8)
(4, 'AG*', 3, 55)
(4, 'NL', 5, 50)
(4, 'NL', 3, 51)
------------------------------------------------
Final set of assertions AFTER filtering:
(4, 'AG*', 2, 51)
(4, 'NL', 6, 126)
(0, 'MT', 0.4842948717948718, 40)
(4, 'AG*', 5, 54)
(4, 'AG*', 1, 53)
(0, 'QT', None, 8)
(4, 'AG*', 3, 55)
------------------------------------------------
Explanations for AG* inclusion:
   Explanation for (4, 'AG*', 2, 51): []
   Explanation for (4, 'AG*', 5, 54): []
   Explanation for (4, 'AG*', 1, 53): []
   Explanation for (4, 'AG*', 3, 55): []
------------------------------------------------
