VALID BALLOTS 47857
9 ballot checks required to assert that first winner has a quota's worth of votes
AG(1,0) = 10
AG(1,2) = 10
AG(1,3) = 10
AG(1,4) = 13
AG(1,5) = 9
AG(1,6) = 12
AG(1,7) = 14
AG(4,0) = 100
AG(4,2) = 391
AG(4,3) = 213
AG(4,5) = 61
AG(6,0) = 527
AG(6,5) = 73
AG(7,0) = 83
AG(7,2) = 99
AG(7,3) = 87
AG(7,5) = 47
AUD TV 0.4654697347207973, ss 43
NL(7,5) = 43, AG's used 0
NL(7,3) = 66, AG's used 47
NL(7,0) = 67, AG's used 47
NL(7,2) = 73, AG's used 47
NL(7,6) NOT POSSIBLE
NL(7,4) NOT POSSIBLE
Max in loop inf, 0.4654697347207973
AUD TV 0.5154697347207973, ss 19
NL(7,5) = 43, AG's used 0
NL(7,3) = 67, AG's used 47
NL(7,0) = 68, AG's used 47
NL(7,2) = 75, AG's used 47
NL(7,6) NOT POSSIBLE
NL(7,4) NOT POSSIBLE
Max in loop inf, 0.5154697347207973
AUD TV 0.5654697347207973, ss 11
NL(7,5) = 43, AG's used 0
NL(7,3) = 69, AG's used 47
NL(7,0) = 69, AG's used 47
NL(7,2) = 77, AG's used 47
NL(7,6) NOT POSSIBLE
NL(7,4) NOT POSSIBLE
Max in loop inf, 0.5654697347207973
AUD TV 0.6154697347207974, ss 7
NL(7,5) = 44, AG's used 0
NL(7,3) = 70, AG's used 47
NL(7,0) = 71, AG's used 47
NL(7,2) = 79, AG's used 47
NL(7,6) NOT POSSIBLE
NL(7,4) NOT POSSIBLE
Max in loop inf, 0.6154697347207974
AUD TV 0.6654697347207974, ss 5
NL(7,5) = 44, AG's used 0
NL(7,3) = 72, AG's used 47
NL(7,0) = 72, AG's used 47
NL(7,2) = 81, AG's used 47
NL(7,6) NOT POSSIBLE
NL(7,4) NOT POSSIBLE
Max in loop inf, 0.6654697347207974
Sample size required for audit is inf ballots
------------------------------------------------
Assertion set BEFORE filtering:
(7, 'AG', 3, 87)
(7, 'NL', 2, 81)
(7, 'AG', 0, 83)
(1, 'MT', 0.6654697347207974, 5)
(7, 'NL', 3, 72)
(1, 'QT', None, 9)
(7, 'NL', 0, 72)
(7, 'AG', 5, 47)
(7, 'NL', 5, 44)
(7, 'AG', 2, 99)
------------------------------------------------
Final set of assertions AFTER filtering:
(7, 'AG', 3, 87)
(7, 'AG', 0, 83)
(1, 'MT', 0.6654697347207974, 5)
(1, 'QT', None, 9)
(7, 'AG', 5, 47)
(7, 'AG', 2, 99)
------------------------------------------------
