VALID BALLOTS 47857
9 ballot checks required to assert that first winner has a quota's worth of votes
AUD TV 0.4654697347207973, ss 43
AG*(7,5) = 43
AG*(7,3) = 66
AG*(7,0) = 67
AG*(7,2) = 74
NL(7,5) = 43, AG*'s used 0
NL(7,3) = 66, AG*'s used 43
NL(7,0) = 66, AG*'s used 66
NL(7,2) = 70, AG*'s used 67
NL(7,6) NOT POSSIBLE
NL(7,4) NOT POSSIBLE
Max in loop inf, 0.4654697347207973
AUD TV 0.5154697347207973, ss 19
AG*(7,5) = 43
AG*(7,3) = 67
AG*(7,0) = 68
AG*(7,2) = 75
NL(7,5) = 43, AG*'s used 0
NL(7,3) = 67, AG*'s used 43
NL(7,0) = 67, AG*'s used 67
NL(7,2) = 72, AG*'s used 68
NL(7,6) NOT POSSIBLE
NL(7,4) NOT POSSIBLE
Max in loop inf, 0.5154697347207973
AUD TV 0.5654697347207973, ss 11
AG*(7,5) = 43
AG*(7,3) = 69
AG*(7,0) = 70
AG*(7,2) = 77
NL(7,5) = 43, AG*'s used 0
NL(7,3) = 69, AG*'s used 43
NL(7,0) = 68, AG*'s used 69
NL(7,2) = 74, AG*'s used 70
NL(7,6) NOT POSSIBLE
NL(7,4) NOT POSSIBLE
Max in loop inf, 0.5654697347207973
AUD TV 0.6154697347207974, ss 7
AG*(7,5) = 44
AG*(7,3) = 71
AG*(7,0) = 71
AG*(7,2) = 79
NL(7,5) = 44, AG*'s used 0
NL(7,3) = 70, AG*'s used 44
NL(7,0) = 69, AG*'s used 71
NL(7,2) = 75, AG*'s used 71
NL(7,6) NOT POSSIBLE
NL(7,4) NOT POSSIBLE
Max in loop inf, 0.6154697347207974
AUD TV 0.6654697347207974, ss 5
AG*(7,5) = 44
AG*(7,3) = 72
AG*(7,0) = 72
AG*(7,2) = 81
NL(7,5) = 44, AG*'s used 0
NL(7,3) = 71, AG*'s used 72
NL(7,0) = 71, AG*'s used 72
NL(7,2) = 77, AG*'s used 72
NL(7,6) NOT POSSIBLE
NL(7,4) NOT POSSIBLE
Max in loop inf, 0.6654697347207974
Sample size to show min tv of 0.20773486736039865 is 15
AUD TV 0.4654697347207973, ss 43
AG*(7,5) = 41
AG*(7,3) = 63
AG*(7,0) = 64
AG*(7,2) = 70
NL(7,5) = 41, AG*'s used 0
NL(7,3) = 63, AG*'s used 41
NL(7,0) = 63, AG*'s used 63
NL(7,2) = 67, AG*'s used 64
NL(7,6) NOT POSSIBLE
NL(7,4) NOT POSSIBLE
Max in loop inf, 0.4654697347207973
AUD TV 0.5154697347207973, ss 19
AG*(7,5) = 42
AG*(7,3) = 65
AG*(7,0) = 66
AG*(7,2) = 72
NL(7,5) = 42, AG*'s used 0
NL(7,3) = 64, AG*'s used 42
NL(7,0) = 64, AG*'s used 65
NL(7,2) = 68, AG*'s used 66
NL(7,6) NOT POSSIBLE
NL(7,4) NOT POSSIBLE
Max in loop inf, 0.5154697347207973
AUD TV 0.5654697347207973, ss 11
AG*(7,5) = 42
AG*(7,3) = 66
AG*(7,0) = 67
AG*(7,2) = 74
NL(7,5) = 42, AG*'s used 0
NL(7,3) = 66, AG*'s used 42
NL(7,0) = 65, AG*'s used 66
NL(7,2) = 70, AG*'s used 67
NL(7,6) NOT POSSIBLE
NL(7,4) NOT POSSIBLE
Max in loop inf, 0.5654697347207973
AUD TV 0.6154697347207974, ss 7
AG*(7,5) = 42
AG*(7,3) = 68
AG*(7,0) = 68
AG*(7,2) = 75
NL(7,5) = 42, AG*'s used 0
NL(7,3) = 67, AG*'s used 42
NL(7,0) = 67, AG*'s used 42
NL(7,2) = 72, AG*'s used 68
NL(7,6) NOT POSSIBLE
NL(7,4) NOT POSSIBLE
Max in loop inf, 0.6154697347207974
AUD TV 0.6654697347207974, ss 5
AG*(7,5) = 43
AG*(7,3) = 69
AG*(7,0) = 69
AG*(7,2) = 77
NL(7,5) = 43, AG*'s used 0
NL(7,3) = 67, AG*'s used 69
NL(7,0) = 67, AG*'s used 69
NL(7,2) = 73, AG*'s used 69
NL(7,6) NOT POSSIBLE
NL(7,4) NOT POSSIBLE
Max in loop inf, 0.6654697347207974
Sample size to show min tv of 0.25773486736039863 is 18
AUD TV 0.4654697347207973, ss 43
AG*(7,5) = 41
AG*(7,3) = 63
AG*(7,0) = 64
AG*(7,2) = 69
NL(7,5) = 41, AG*'s used 0
NL(7,3) = 62, AG*'s used 41
NL(7,0) = 62, AG*'s used 63
NL(7,2) = 66, AG*'s used 64
NL(7,6) NOT POSSIBLE
NL(7,4) NOT POSSIBLE
Max in loop inf, 0.4654697347207973
AUD TV 0.5154697347207973, ss 19
AG*(7,5) = 41
AG*(7,3) = 64
AG*(7,0) = 65
AG*(7,2) = 71
NL(7,5) = 41, AG*'s used 0
NL(7,3) = 64, AG*'s used 41
NL(7,0) = 63, AG*'s used 64
NL(7,2) = 68, AG*'s used 65
NL(7,6) NOT POSSIBLE
NL(7,4) NOT POSSIBLE
Max in loop inf, 0.5154697347207973
AUD TV 0.5654697347207973, ss 11
AG*(7,5) = 42
AG*(7,3) = 65
AG*(7,0) = 66
AG*(7,2) = 73
NL(7,5) = 42, AG*'s used 0
NL(7,3) = 65, AG*'s used 42
NL(7,0) = 64, AG*'s used 65
NL(7,2) = 69, AG*'s used 66
NL(7,6) NOT POSSIBLE
NL(7,4) NOT POSSIBLE
Max in loop inf, 0.5654697347207973
AUD TV 0.6154697347207974, ss 7
AG*(7,5) = 42
AG*(7,3) = 67
AG*(7,0) = 67
AG*(7,2) = 75
NL(7,5) = 42, AG*'s used 0
NL(7,3) = 66, AG*'s used 42
NL(7,0) = 65, AG*'s used 67
NL(7,2) = 71, AG*'s used 67
NL(7,6) NOT POSSIBLE
NL(7,4) NOT POSSIBLE
Max in loop inf, 0.6154697347207974
AUD TV 0.6654697347207974, ss 5
AG*(7,5) = 43
AG*(7,3) = 68
AG*(7,0) = 68
AG*(7,2) = 76
NL(7,5) = 43, AG*'s used 0
NL(7,3) = 67, AG*'s used 68
NL(7,0) = 67, AG*'s used 68
NL(7,2) = 72, AG*'s used 68
NL(7,6) NOT POSSIBLE
NL(7,4) NOT POSSIBLE
Max in loop inf, 0.6654697347207974
Sample size to show min tv of 0.3077348673603986 is 25
AUD TV 0.4654697347207973, ss 43
AG*(7,5) = 41
AG*(7,3) = 62
AG*(7,0) = 63
AG*(7,2) = 69
NL(7,5) = 41, AG*'s used 0
NL(7,3) = 62, AG*'s used 41
NL(7,0) = 62, AG*'s used 62
NL(7,2) = 65, AG*'s used 63
NL(7,6) NOT POSSIBLE
NL(7,4) NOT POSSIBLE
Max in loop inf, 0.4654697347207973
AUD TV 0.5154697347207973, ss 19
AG*(7,5) = 41
AG*(7,3) = 63
AG*(7,0) = 64
AG*(7,2) = 70
NL(7,5) = 41, AG*'s used 0
NL(7,3) = 63, AG*'s used 41
NL(7,0) = 63, AG*'s used 63
NL(7,2) = 67, AG*'s used 64
NL(7,6) NOT POSSIBLE
NL(7,4) NOT POSSIBLE
Max in loop inf, 0.5154697347207973
AUD TV 0.5654697347207973, ss 11
AG*(7,5) = 42
AG*(7,3) = 65
AG*(7,0) = 65
AG*(7,2) = 72
NL(7,5) = 42, AG*'s used 0
NL(7,3) = 64, AG*'s used 42
NL(7,0) = 64, AG*'s used 65
NL(7,2) = 68, AG*'s used 65
NL(7,6) NOT POSSIBLE
NL(7,4) NOT POSSIBLE
Max in loop inf, 0.5654697347207973
AUD TV 0.6154697347207974, ss 7
AG*(7,5) = 42
AG*(7,3) = 66
AG*(7,0) = 66
AG*(7,2) = 74
NL(7,5) = 42, AG*'s used 0
NL(7,3) = 65, AG*'s used 66
NL(7,0) = 65, AG*'s used 66
NL(7,2) = 70, AG*'s used 66
NL(7,6) NOT POSSIBLE
NL(7,4) NOT POSSIBLE
Max in loop inf, 0.6154697347207974
AUD TV 0.6654697347207974, ss 5
AG*(7,5) = 42
AG*(7,3) = 68
AG*(7,0) = 68
AG*(7,2) = 76
NL(7,5) = 42, AG*'s used 0
NL(7,3) = 67, AG*'s used 42
NL(7,0) = 67, AG*'s used 42
NL(7,2) = 71, AG*'s used 68
NL(7,6) NOT POSSIBLE
NL(7,4) NOT POSSIBLE
Max in loop inf, 0.6654697347207974
Sample size to show min tv of 0.3577348673603986 is 44
AUD TV 0.4654697347207973, ss 43
AG*(7,5) = 41
AG*(7,3) = 61
AG*(7,0) = 63
AG*(7,2) = 68
NL(7,5) = 41, AG*'s used 0
NL(7,3) = 61, AG*'s used 41
NL(7,0) = 61, AG*'s used 61
NL(7,2) = 65, AG*'s used 63
NL(7,6) NOT POSSIBLE
NL(7,4) NOT POSSIBLE
Max in loop inf, 0.4654697347207973
AUD TV 0.5154697347207973, ss 19
AG*(7,5) = 41
AG*(7,3) = 63
AG*(7,0) = 64
AG*(7,2) = 70
NL(7,5) = 41, AG*'s used 0
NL(7,3) = 62, AG*'s used 41
NL(7,0) = 62, AG*'s used 63
NL(7,2) = 66, AG*'s used 64
NL(7,6) NOT POSSIBLE
NL(7,4) NOT POSSIBLE
Max in loop inf, 0.5154697347207973
AUD TV 0.5654697347207973, ss 11
AG*(7,5) = 41
AG*(7,3) = 64
AG*(7,0) = 65
AG*(7,2) = 71
NL(7,5) = 41, AG*'s used 0
NL(7,3) = 64, AG*'s used 41
NL(7,0) = 63, AG*'s used 64
NL(7,2) = 67, AG*'s used 65
NL(7,6) NOT POSSIBLE
NL(7,4) NOT POSSIBLE
Max in loop inf, 0.5654697347207973
AUD TV 0.6154697347207974, ss 7
AG*(7,5) = 42
AG*(7,3) = 66
AG*(7,0) = 66
AG*(7,2) = 73
NL(7,5) = 42, AG*'s used 0
NL(7,3) = 65, AG*'s used 42
NL(7,0) = 65, AG*'s used 42
NL(7,2) = 69, AG*'s used 66
NL(7,6) NOT POSSIBLE
NL(7,4) NOT POSSIBLE
Max in loop inf, 0.6154697347207974
AUD TV 0.6654697347207974, ss 5
AG*(7,5) = 42
AG*(7,3) = 67
AG*(7,0) = 67
AG*(7,2) = 75
NL(7,5) = 42, AG*'s used 0
NL(7,3) = 65, AG*'s used 67
NL(7,0) = 65, AG*'s used 67
NL(7,2) = 70, AG*'s used 67
NL(7,6) NOT POSSIBLE
NL(7,4) NOT POSSIBLE
Max in loop inf, 0.6654697347207974
Sample size required for audit is inf ballots
------------------------------------------------
Assertion set BEFORE filtering:
(7, 'AG*', 2, 75)
(1, 'LT', 0.3577348673603986, 44)
(7, 'NL', 0, 65)
(7, 'NL', 2, 70)
(7, 'AG*', 5, 42)
(1, 'MT', 0.6654697347207974, 5)
(1, 'QT', None, 9)
(7, 'AG*', 3, 67)
(7, 'NL', 5, 42)
(7, 'AG*', 0, 67)
(7, 'NL', 3, 65)
------------------------------------------------
Final set of assertions AFTER filtering:
(7, 'AG*', 2, 75)
(1, 'LT', 0.3577348673603986, 44)
(7, 'AG*', 5, 42)
(1, 'MT', 0.6654697347207974, 5)
(1, 'QT', None, 9)
(7, 'AG*', 3, 67)
(7, 'AG*', 0, 67)
------------------------------------------------
Explanations for AG* inclusion:
   Explanation for (7, 'AG*', 2, 75): []
   Explanation for (7, 'AG*', 5, 42): []
   Explanation for (7, 'AG*', 3, 67): []
   Explanation for (7, 'AG*', 0, 67): []
------------------------------------------------
