VALID BALLOTS 47857
9 ballot checks required to assert that first winner has a quota's worth of votes
AUD TV 0.4654697347207973, ss 43
AG*(7,0) = 67
AG*(7,2) = 74
AG*(7,3) = 66
AG*(7,5) = 43
AG*(1,0) = 10
AG*(1,2) = 10
AG*(1,3) = 10
AG*(1,4) = 13
AG*(1,5) = 9
AG*(1,6) = 12
AG*(1,7) = 14
AG*(4,0) = 80
AG*(4,2) = 172
AG*(4,3) = 132
AG*(4,5) = 55
AG*(6,0) = 242
AG*(6,3) = 673
AG*(6,5) = 68
AG*(7,0) = 67
AG*(7,2) = 74
AG*(7,3) = 66
AG*(7,5) = 43
NL(7,5) = 43, AG*'s used 0
NL(7,3) = 66, AG*'s used 43
NL(7,0) = 66, AG*'s used 66
NL(7,2) = 70, AG*'s used 67
NL(7,6) NOT POSSIBLE
NL(7,4) NOT POSSIBLE
Max in loop inf, 0.4654697347207973
AUD TV 0.5154697347207973, ss 19
AG*(7,0) = 68
AG*(7,2) = 75
AG*(7,3) = 67
AG*(7,5) = 43
AG*(1,0) = 10
AG*(1,2) = 10
AG*(1,3) = 10
AG*(1,4) = 13
AG*(1,5) = 9
AG*(1,6) = 12
AG*(1,7) = 14
AG*(4,0) = 82
AG*(4,2) = 180
AG*(4,3) = 137
AG*(4,5) = 56
AG*(6,0) = 252
AG*(6,3) = 831
AG*(6,5) = 69
AG*(7,0) = 68
AG*(7,2) = 75
AG*(7,3) = 67
AG*(7,5) = 43
NL(7,5) = 43, AG*'s used 0
NL(7,3) = 67, AG*'s used 43
NL(7,0) = 67, AG*'s used 67
NL(7,2) = 72, AG*'s used 68
NL(7,6) NOT POSSIBLE
NL(7,4) NOT POSSIBLE
Max in loop inf, 0.5154697347207973
AUD TV 0.5654697347207973, ss 11
AG*(7,0) = 70
AG*(7,2) = 77
AG*(7,3) = 69
AG*(7,5) = 43
AG*(1,0) = 10
AG*(1,2) = 10
AG*(1,3) = 10
AG*(1,4) = 13
AG*(1,5) = 9
AG*(1,6) = 12
AG*(1,7) = 14
AG*(4,0) = 83
AG*(4,2) = 190
AG*(4,3) = 142
AG*(4,5) = 56
AG*(6,0) = 262
AG*(6,3) = 1029
AG*(6,5) = 69
AG*(7,0) = 70
AG*(7,2) = 77
AG*(7,3) = 69
AG*(7,5) = 43
NL(7,5) = 43, AG*'s used 0
NL(7,3) = 69, AG*'s used 43
NL(7,0) = 68, AG*'s used 69
NL(7,2) = 74, AG*'s used 70
NL(7,6) NOT POSSIBLE
NL(7,4) NOT POSSIBLE
Max in loop inf, 0.5654697347207973
AUD TV 0.6154697347207974, ss 7
AG*(7,0) = 71
AG*(7,2) = 79
AG*(7,3) = 71
AG*(7,5) = 44
AG*(1,0) = 10
AG*(1,2) = 10
AG*(1,3) = 10
AG*(1,4) = 13
AG*(1,5) = 9
AG*(1,6) = 12
AG*(1,7) = 14
AG*(4,0) = 85
AG*(4,2) = 200
AG*(4,3) = 148
AG*(4,5) = 57
AG*(6,0) = 274
AG*(6,3) = 1174
AG*(6,5) = 70
AG*(7,0) = 71
AG*(7,2) = 79
AG*(7,3) = 71
AG*(7,5) = 44
NL(7,5) = 44, AG*'s used 0
NL(7,3) = 70, AG*'s used 44
NL(7,0) = 69, AG*'s used 71
NL(7,2) = 75, AG*'s used 71
NL(7,6) NOT POSSIBLE
NL(7,4) NOT POSSIBLE
Max in loop inf, 0.6154697347207974
AUD TV 0.6654697347207974, ss 5
AG*(7,0) = 72
AG*(7,2) = 81
AG*(7,3) = 72
AG*(7,5) = 44
AG*(1,0) = 10
AG*(1,2) = 10
AG*(1,3) = 10
AG*(1,4) = 13
AG*(1,5) = 9
AG*(1,6) = 12
AG*(1,7) = 14
AG*(4,0) = 87
AG*(4,2) = 211
AG*(4,3) = 154
AG*(4,5) = 57
AG*(6,0) = 286
AG*(6,3) = 1615
AG*(6,5) = 70
AG*(7,0) = 72
AG*(7,2) = 81
AG*(7,3) = 72
AG*(7,5) = 44
NL(7,5) = 44, AG*'s used 0
NL(7,3) = 71, AG*'s used 72
NL(7,0) = 71, AG*'s used 72
NL(7,2) = 77, AG*'s used 72
NL(7,6) NOT POSSIBLE
NL(7,4) NOT POSSIBLE
Max in loop inf, 0.6654697347207974
Sample size required for audit is inf ballots
------------------------------------------------
Assertion set BEFORE filtering:
(1, 'MT', 0.6654697347207974, 5)
(7, 'AG*', 3, 72)
(7, 'AG*', 2, 81)
(7, 'NL', 0, 71)
(7, 'NL', 2, 77)
(7, 'NL', 3, 71)
(7, 'NL', 5, 44)
(7, 'AG*', 5, 44)
(1, 'QT', None, 9)
(7, 'AG*', 0, 72)
------------------------------------------------
Final set of assertions AFTER filtering:
(1, 'MT', 0.6654697347207974, 5)
(7, 'AG*', 3, 72)
(7, 'AG*', 2, 81)
(7, 'AG*', 5, 44)
(1, 'QT', None, 9)
(7, 'AG*', 0, 72)
------------------------------------------------
Explanations for AG* inclusion:
   Explanation for (7, 'AG*', 3, 72): []
   Explanation for (7, 'AG*', 2, 81): []
   Explanation for (7, 'AG*', 5, 44): []
   Explanation for (7, 'AG*', 0, 72): []
------------------------------------------------
