VALID BALLOTS 51435
13 ballot checks required to assert that first winner has a quota's worth of votes
AUD TV 0.38480757293606455, ss 56
AG*(3,4) = 41
AG*(3,2) = 55
AG*(3,0) = 65
AG*(3,5) = 79
AG*(3,1) = 271
NL(3,4) = 41, AG*'s used 0
NL(3,2) = 54, AG*'s used 41
NL(3,0) = 63, AG*'s used 55
NL(3,5) = 72, AG*'s used 65
NL(3,1) = 162, AG*'s used 79
Max in loop 162, 0.38480757293606455
AUD TV 0.43480757293606453, ss 25
AG*(3,4) = 42
AG*(3,2) = 57
AG*(3,0) = 69
AG*(3,5) = 85
AG*(3,1) = 390
NL(3,4) = 42, AG*'s used 0
NL(3,2) = 56, AG*'s used 42
NL(3,0) = 66, AG*'s used 57
NL(3,5) = 77, AG*'s used 69
NL(3,1) = 198, AG*'s used 85
Max in loop 198, 0.43480757293606453
Sample size to show min tv of 0.16740378646803228 is 22
AUD TV 0.38480757293606455, ss 56
AG*(3,4) = 40
AG*(3,2) = 53
AG*(3,0) = 63
AG*(3,5) = 75
AG*(3,1) = 233
NL(3,4) = 40, AG*'s used 0
NL(3,2) = 52, AG*'s used 40
NL(3,0) = 60, AG*'s used 53
NL(3,5) = 68, AG*'s used 63
NL(3,1) = 135, AG*'s used 75
Max in loop 135, 0.38480757293606455
AUD TV 0.43480757293606453, ss 25
AG*(3,4) = 41
AG*(3,2) = 55
AG*(3,0) = 66
AG*(3,5) = 81
AG*(3,1) = 315
NL(3,4) = 41, AG*'s used 0
NL(3,2) = 54, AG*'s used 41
NL(3,0) = 63, AG*'s used 55
NL(3,5) = 72, AG*'s used 66
NL(3,1) = 160, AG*'s used 81
Max in loop 160, 0.43480757293606453
Sample size to show min tv of 0.21740378646803227 is 30
AUD TV 0.38480757293606455, ss 56
AG*(3,4) = 40
AG*(3,2) = 52
AG*(3,0) = 62
AG*(3,5) = 74
AG*(3,1) = 223
NL(3,4) = 40, AG*'s used 0
NL(3,2) = 51, AG*'s used 40
NL(3,0) = 59, AG*'s used 52
NL(3,5) = 67, AG*'s used 62
NL(3,1) = 129, AG*'s used 74
Max in loop 129, 0.38480757293606455
AUD TV 0.43480757293606453, ss 25
AG*(3,4) = 41
AG*(3,2) = 55
AG*(3,0) = 65
AG*(3,5) = 79
AG*(3,1) = 298
NL(3,4) = 41, AG*'s used 0
NL(3,2) = 53, AG*'s used 41
NL(3,0) = 62, AG*'s used 55
NL(3,5) = 71, AG*'s used 65
NL(3,1) = 151, AG*'s used 79
Max in loop 151, 0.43480757293606453
Sample size to show min tv of 0.26740378646803226 is 49
AUD TV 0.38480757293606455, ss 56
AG*(3,4) = 39
AG*(3,2) = 52
AG*(3,0) = 61
AG*(3,5) = 73
AG*(3,1) = 215
NL(3,4) = 39, AG*'s used 0
NL(3,2) = 51, AG*'s used 39
NL(3,0) = 59, AG*'s used 52
NL(3,5) = 66, AG*'s used 61
NL(3,1) = 123, AG*'s used 73
Max in loop 123, 0.38480757293606455
AUD TV 0.43480757293606453, ss 25
AG*(3,4) = 41
AG*(3,2) = 54
AG*(3,0) = 65
AG*(3,5) = 78
AG*(3,1) = 283
NL(3,4) = 41, AG*'s used 0
NL(3,2) = 53, AG*'s used 41
NL(3,0) = 62, AG*'s used 54
NL(3,5) = 70, AG*'s used 65
NL(3,1) = 143, AG*'s used 78
Max in loop 143, 0.43480757293606453
Sample size required for audit is 123 ballots
------------------------------------------------
Assertion set BEFORE filtering:
(3, 'NL', 5, 66)
(6, 'QT', None, 13)
(3, 'NL', 2, 51)
(3, 'AG*', 0, 61)
(3, 'AG*', 2, 52)
(3, 'AG*', 4, 39)
(6, 'MT', 0.38480757293606455, 56)
(3, 'NL', 0, 59)
(3, 'AG*', 5, 73)
(6, 'LT', 0.26740378646803226, 49)
(3, 'NL', 1, 123)
(3, 'NL', 4, 39)
------------------------------------------------
Final set of assertions AFTER filtering:
(6, 'QT', None, 13)
(3, 'AG*', 0, 61)
(3, 'AG*', 2, 52)
(3, 'AG*', 4, 39)
(6, 'MT', 0.38480757293606455, 56)
(3, 'AG*', 5, 73)
(6, 'LT', 0.26740378646803226, 49)
(3, 'NL', 1, 123)
------------------------------------------------
Explanations for AG* inclusion:
   Explanation for (3, 'AG*', 0, 61): []
   Explanation for (3, 'AG*', 2, 52): []
   Explanation for (3, 'AG*', 4, 39): []
   Explanation for (3, 'AG*', 5, 73): []
------------------------------------------------
