VALID BALLOTS 48121
12 ballot checks required to assert that first winner has a quota's worth of votes
AUD TV 0.41033018303624835, ss 52
AG*(1,2) = 22
AG*(1,3) = 31
AG*(0,1) = 25
AG*(0,2) = 11
AG*(0,3) = 11
AG*(1,2) = 22
AG*(1,3) = 31
NL(1,2) = 22, AG*'s used 0
NL(1,3) = 28, AG*'s used 22
Max in loop 52, 0.41033018303624835
AUD TV 0.46033018303624834, ss 23
AG*(1,2) = 22
AG*(1,3) = 32
AG*(0,1) = 25
AG*(0,2) = 11
AG*(0,3) = 11
AG*(1,2) = 22
AG*(1,3) = 32
NL(1,2) = 22, AG*'s used 0
NL(1,3) = 30, AG*'s used 22
Max in loop 30, 0.46033018303624834
AUD TV 0.5103301830362483, ss 14
AG*(1,2) = 23
AG*(1,3) = 35
AG*(0,1) = 25
AG*(0,2) = 11
AG*(0,3) = 11
AG*(1,2) = 23
AG*(1,3) = 35
NL(1,2) = 23, AG*'s used 0
NL(1,3) = 31, AG*'s used 23
Max in loop 31, 0.5103301830362483
Breaking out of inner loop 31 > 30
Sample size to show min tv of 0.18016509151812418 is 19
AUD TV 0.41033018303624835, ss 52
AG*(1,2) = 21
AG*(1,3) = 30
AG*(0,1) = 25
AG*(0,2) = 11
AG*(0,3) = 11
AG*(1,2) = 21
AG*(1,3) = 30
NL(1,2) = 21, AG*'s used 0
NL(1,3) = 27, AG*'s used 21
Max in loop 52, 0.41033018303624835
AUD TV 0.46033018303624834, ss 23
AG*(1,2) = 22
AG*(1,3) = 31
AG*(0,1) = 25
AG*(0,2) = 11
AG*(0,3) = 11
AG*(1,2) = 22
AG*(1,3) = 31
NL(1,2) = 22, AG*'s used 0
NL(1,3) = 28, AG*'s used 22
Max in loop 28, 0.46033018303624834
AUD TV 0.5103301830362483, ss 14
AG*(1,2) = 22
AG*(1,3) = 33
AG*(0,1) = 25
AG*(0,2) = 11
AG*(0,3) = 11
AG*(1,2) = 22
AG*(1,3) = 33
NL(1,2) = 22, AG*'s used 0
NL(1,3) = 30, AG*'s used 22
Max in loop 30, 0.5103301830362483
Breaking out of inner loop 30 > 28
New mintv = 0.2301650915181242
Sample size to show min tv of 0.2301650915181242 is 25
AUD TV 0.41033018303624835, ss 52
AG*(1,2) = 21
AG*(1,3) = 29
AG*(0,1) = 25
AG*(0,2) = 11
AG*(0,3) = 11
AG*(1,2) = 21
AG*(1,3) = 29
NL(1,2) = 21, AG*'s used 0
NL(1,3) = 26, AG*'s used 21
Max in loop 52, 0.41033018303624835
AUD TV 0.46033018303624834, ss 23
AG*(1,2) = 21
AG*(1,3) = 31
AG*(0,1) = 25
AG*(0,2) = 11
AG*(0,3) = 11
AG*(1,2) = 21
AG*(1,3) = 31
NL(1,2) = 21, AG*'s used 0
NL(1,3) = 28, AG*'s used 21
Max in loop 28, 0.46033018303624834
AUD TV 0.5103301830362483, ss 14
AG*(1,2) = 22
AG*(1,3) = 33
AG*(0,1) = 25
AG*(0,2) = 11
AG*(0,3) = 11
AG*(1,2) = 22
AG*(1,3) = 33
NL(1,2) = 22, AG*'s used 0
NL(1,3) = 29, AG*'s used 22
Max in loop 29, 0.5103301830362483
Breaking out of inner loop 29 > 28
New mintv = 0.2801650915181242
Sample size to show min tv of 0.2801650915181242 is 39
Sample size required for audit is 28 ballots
------------------------------------------------
Assertion set BEFORE filtering:
(1, 'NL', 2, 21)
(0, 'MT', 0.46033018303624834, 23)
(1, 'NL', 3, 28)
(1, 'AG*', 2, 21)
(0, 'LT', 0.2301650915181242, 25)
(0, 'QT', None, 12)
------------------------------------------------
Final set of assertions AFTER filtering:
(0, 'MT', 0.46033018303624834, 23)
(1, 'NL', 3, 28)
(1, 'AG*', 2, 21)
(0, 'LT', 0.2301650915181242, 25)
(0, 'QT', None, 12)
------------------------------------------------
Explanations for AG* inclusion:
   Explanation for (1, 'AG*', 2, 21): []
------------------------------------------------
